0 0.000000 49963 0.832717
1 0.001485 2195 0.036583
2 0.002970 1403 0.023383
3 0.004456 1267 0.021117
4 0.005941 1060 0.017667
5 0.007426 727 0.012117
6 0.008911 428 0.007133
7 0.010397 345 0.005750
8 0.011882 447 0.007450
9 0.013367 364 0.006067
10 0.014852 269 0.004483
11 0.016338 253 0.004217
12 0.017823 211 0.003517
13 0.019308 171 0.002850
14 0.020793 153 0.002550
15 0.022279 133 0.002217
16 0.023764 97 0.001617
17 0.025249 67 0.001117
18 0.026734 65 0.001083
19 0.028219 60 0.001000
20 0.029705 54 0.000900
21 0.031190 52 0.000867
22 0.032675 32 0.000533
23 0.034160 29 0.000483
24 0.035646 23 0.000383
25 0.037131 19 0.000317
26 0.038616 16 0.000267
27 0.040101 8 0.000133
28 0.041587 12 0.000200
29 0.043072 5 0.000083
30 0.044557 5 0.000083
31 0.046042 7 0.000117
32 0.047527 5 0.000083
33 0.049013 3 0.000050
34 0.050498 4 0.000067
35 0.051983 2 0.000033
36 0.053468 2 0.000033
37 0.054954 0 0.000000
38 0.056439 2 0.000033
39 0.057924 1 0.000017
40 0.059409 2 0.000033
41 0.060895 1 0.000017
42 0.062380 0 0.000000
43 0.063865 1 0.000017
44 0.065350 2 0.000033
45 0.066836 1 0.000017
46 0.068321 2 0.000033
47 0.069806 5 0.000083
48 0.071291 1 0.000017
49 0.072776 0 0.000000
50 0.074262 2 0.000033
51 0.075747 1 0.000017
52 0.077232 1 0.000017
53 0.078717 0 0.000000
54 0.080203 0 0.000000
55 0.081688 4 0.000067
56 0.083173 3 0.000050
57 0.084658 0 0.000000
58 0.086144 2 0.000033
59 0.087629 0 0.000000
60 0.089114 0 0.000000
61 0.090599 0 0.000000
62 0.092084 2 0.000033
63 0.093570 1 0.000017
64 0.095055 0 0.000000
65 0.096540 0 0.000000
66 0.098025 1 0.000017
67 0.099511 1 0.000017
68 0.100996 0 0.000000
69 0.102481 0 0.000000
70 0.103966 0 0.000000
71 0.105452 0 0.000000
72 0.106937 0 0.000000
73 0.108422 1 0.000017
74 0.109907 0 0.000000
75 0.111393 1 0.000017
76 0.112878 0 0.000000
77 0.114363 0 0.000000
78 0.115848 1 0.000017
79 0.117333 0 0.000000
80 0.118819 0 0.000000
81 0.120304 0 0.000000
82 0.121789 0 0.000000
83 0.123274 0 0.000000
84 0.124760 2 0.000033
85 0.126245 0 0.000000
86 0.127730 0 0.000000
87 0.129215 0 0.000000
88 0.130701 0 0.000000
89 0.132186 0 0.000000
90 0.133671 1 0.000017
91 0.135156 1 0.000017
92 0.136642 0 0.000000
93 0.138127 0 0.000000
94 0.139612 0 0.000000
95 0.141097 0 0.000000
96 0.142582 0 0.000000
97 0.144068 0 0.000000
98 0.145553 0 0.000000
99 0.147038 1 0.000017
