0 -0.368645 2 0.000033
1 -0.361048 2 0.000033
2 -0.353451 0 0.000000
3 -0.345854 1 0.000017
4 -0.338257 0 0.000000
5 -0.330660 0 0.000000
6 -0.323063 0 0.000000
7 -0.315467 0 0.000000
8 -0.307870 0 0.000000
9 -0.300273 0 0.000000
10 -0.292676 4 0.000067
11 -0.285079 0 0.000000
12 -0.277482 1 0.000017
13 -0.269885 6 0.000100
14 -0.262288 3 0.000050
15 -0.254691 1 0.000017
16 -0.247094 1 0.000017
17 -0.239497 0 0.000000
18 -0.231900 3 0.000050
19 -0.224303 0 0.000000
20 -0.216706 3 0.000050
21 -0.209109 12 0.000200
22 -0.201512 18 0.000300
23 -0.193915 46 0.000767
24 -0.186318 50 0.000833
25 -0.178721 65 0.001083
26 -0.171124 51 0.000850
27 -0.163527 67 0.001117
28 -0.155930 122 0.002033
29 -0.148333 152 0.002533
30 -0.140736 215 0.003583
31 -0.133139 217 0.003617
32 -0.125542 163 0.002717
33 -0.117945 182 0.003033
34 -0.110348 145 0.002417
35 -0.102751 245 0.004083
36 -0.095154 464 0.007733
37 -0.087557 704 0.011733
38 -0.079960 626 0.010433
39 -0.072363 440 0.007333
40 -0.064766 355 0.005917
41 -0.057169 486 0.008100
42 -0.049572 617 0.010283
43 -0.041975 887 0.014783
44 -0.034378 1020 0.017000
45 -0.026781 1889 0.031483
46 -0.019184 5970 0.099500
47 -0.011587 18653 0.310883
48 -0.003990 14249 0.237483
49 0.003607 3767 0.062783
50 0.011204 1796 0.029933
51 0.018801 1130 0.018833
52 0.026397 707 0.011783
53 0.033994 436 0.007267
54 0.041591 416 0.006933
55 0.049188 414 0.006900
56 0.056785 518 0.008633
57 0.064382 470 0.007833
58 0.071979 262 0.004367
59 0.079576 219 0.003650
60 0.087173 167 0.002783
61 0.094770 172 0.002867
62 0.102367 230 0.003833
63 0.109964 338 0.005633
64 0.117561 219 0.003650
65 0.125158 125 0.002083
66 0.132755 75 0.001250
67 0.140352 85 0.001417
68 0.147949 78 0.001300
69 0.155546 57 0.000950
70 0.163143 64 0.001067
71 0.170740 28 0.000467
72 0.178337 14 0.000233
73 0.185934 12 0.000200
74 0.193531 6 0.000100
75 0.201128 9 0.000150
76 0.208725 8 0.000133
77 0.216322 12 0.000200
78 0.223919 4 0.000067
79 0.231516 3 0.000050
80 0.239113 3 0.000050
81 0.246710 1 0.000017
82 0.254307 0 0.000000
83 0.261904 2 0.000033
84 0.269501 2 0.000033
85 0.277098 1 0.000017
86 0.284695 3 0.000050
87 0.292292 2 0.000033
88 0.299889 3 0.000050
89 0.307486 1 0.000017
90 0.315083 1 0.000017
91 0.322680 0 0.000000
92 0.330277 2 0.000033
93 0.337874 0 0.000000
94 0.345471 0 0.000000
95 0.353068 0 0.000000
96 0.360665 0 0.000000
97 0.368262 0 0.000000
98 0.375859 0 0.000000
99 0.383456 1 0.000017
