0 -0.113788 1 0.000050
1 -0.111762 1 0.000050
2 -0.109736 0 0.000000
3 -0.107710 0 0.000000
4 -0.105684 0 0.000000
5 -0.103658 0 0.000000
6 -0.101632 1 0.000050
7 -0.099606 1 0.000050
8 -0.097580 0 0.000000
9 -0.095554 1 0.000050
10 -0.093528 0 0.000000
11 -0.091502 0 0.000000
12 -0.089476 0 0.000000
13 -0.087450 0 0.000000
14 -0.085424 1 0.000050
15 -0.083398 1 0.000050
16 -0.081372 0 0.000000
17 -0.079346 3 0.000150
18 -0.077320 1 0.000050
19 -0.075294 1 0.000050
20 -0.073268 1 0.000050
21 -0.071242 0 0.000000
22 -0.069216 3 0.000150
23 -0.067190 1 0.000050
24 -0.065164 3 0.000150
25 -0.063138 1 0.000050
26 -0.061112 4 0.000200
27 -0.059086 0 0.000000
28 -0.057060 6 0.000300
29 -0.055034 2 0.000100
30 -0.053008 6 0.000300
31 -0.050982 8 0.000400
32 -0.048956 15 0.000750
33 -0.046930 4 0.000200
34 -0.044904 13 0.000650
35 -0.042878 19 0.000950
36 -0.040852 12 0.000600
37 -0.038826 22 0.001100
38 -0.036801 15 0.000750
39 -0.034775 36 0.001800
40 -0.032749 34 0.001700
41 -0.030723 35 0.001750
42 -0.028697 60 0.003000
43 -0.026671 58 0.002900
44 -0.024645 121 0.006050
45 -0.022619 106 0.005300
46 -0.020593 155 0.007750
47 -0.018567 273 0.013650
48 -0.016541 470 0.023500
49 -0.014515 648 0.032400
50 -0.012489 808 0.040400
51 -0.010463 1247 0.062350
52 -0.008437 1984 0.099200
53 -0.006411 2438 0.121900
54 -0.004385 2886 0.144300
55 -0.002359 2561 0.128050
56 -0.000333 1983 0.099150
57 0.001693 1285 0.064250
58 0.003719 800 0.040000
59 0.005745 496 0.024800
60 0.007771 314 0.015700
61 0.009797 204 0.010200
62 0.011823 203 0.010150
63 0.013849 140 0.007000
64 0.015875 86 0.004300
65 0.017901 51 0.002550
66 0.019927 77 0.003850
67 0.021953 33 0.001650
68 0.023979 31 0.001550
69 0.026005 42 0.002100
70 0.028031 31 0.001550
71 0.030057 27 0.001350
72 0.032083 14 0.000700
73 0.034109 13 0.000650
74 0.036135 16 0.000800
75 0.038161 18 0.000900
76 0.040187 18 0.000900
77 0.042213 6 0.000300
78 0.044238 17 0.000850
79 0.046264 9 0.000450
80 0.048290 3 0.000150
81 0.050316 3 0.000150
82 0.052342 2 0.000100
83 0.054368 3 0.000150
84 0.056394 1 0.000050
85 0.058420 1 0.000050
86 0.060446 2 0.000100
87 0.062472 0 0.000000
88 0.064498 0 0.000000
89 0.066524 0 0.000000
90 0.068550 0 0.000000
91 0.070576 0 0.000000
92 0.072602 1 0.000050
93 0.074628 0 0.000000
94 0.076654 0 0.000000
95 0.078680 1 0.000050
96 0.080706 0 0.000000
97 0.082732 1 0.000050
98 0.084758 0 0.000000
99 0.086784 1 0.000050
