0 -0.368645 2 0.000100
1 -0.361048 2 0.000100
2 -0.353451 0 0.000000
3 -0.345854 1 0.000050
4 -0.338257 0 0.000000
5 -0.330660 0 0.000000
6 -0.323063 0 0.000000
7 -0.315467 0 0.000000
8 -0.307870 0 0.000000
9 -0.300273 0 0.000000
10 -0.292676 4 0.000200
11 -0.285079 0 0.000000
12 -0.277482 1 0.000050
13 -0.269885 6 0.000300
14 -0.262288 3 0.000150
15 -0.254691 1 0.000050
16 -0.247094 1 0.000050
17 -0.239497 0 0.000000
18 -0.231900 3 0.000150
19 -0.224303 0 0.000000
20 -0.216706 3 0.000150
21 -0.209109 12 0.000600
22 -0.201512 18 0.000900
23 -0.193915 46 0.002300
24 -0.186318 50 0.002500
25 -0.178721 65 0.003250
26 -0.171124 51 0.002550
27 -0.163527 67 0.003350
28 -0.155930 122 0.006100
29 -0.148333 152 0.007600
30 -0.140736 215 0.010750
31 -0.133139 217 0.010850
32 -0.125542 163 0.008150
33 -0.117945 181 0.009050
34 -0.110348 144 0.007200
35 -0.102751 243 0.012150
36 -0.095154 463 0.023150
37 -0.087557 702 0.035100
38 -0.079960 617 0.030850
39 -0.072363 424 0.021200
40 -0.064766 332 0.016600
41 -0.057169 434 0.021700
42 -0.049572 510 0.025500
43 -0.041975 682 0.034100
44 -0.034378 547 0.027350
45 -0.026781 623 0.031150
46 -0.019184 981 0.049050
47 -0.011587 2994 0.149700
48 -0.003990 1284 0.064200
49 0.003607 936 0.046800
50 0.011204 986 0.049300
51 0.018801 816 0.040800
52 0.026397 571 0.028550
53 0.033994 366 0.018300
54 0.041591 371 0.018550
55 0.049188 403 0.020150
56 0.056785 513 0.025650
57 0.064382 467 0.023350
58 0.071979 261 0.013050
59 0.079576 216 0.010800
60 0.087173 167 0.008350
61 0.094770 172 0.008600
62 0.102367 230 0.011500
63 0.109964 338 0.016900
64 0.117561 219 0.010950
65 0.125158 125 0.006250
66 0.132755 75 0.003750
67 0.140352 85 0.004250
68 0.147949 78 0.003900
69 0.155546 57 0.002850
70 0.163143 64 0.003200
71 0.170740 28 0.001400
72 0.178337 14 0.000700
73 0.185934 12 0.000600
74 0.193531 6 0.000300
75 0.201128 9 0.000450
76 0.208725 8 0.000400
77 0.216322 12 0.000600
78 0.223919 4 0.000200
79 0.231516 3 0.000150
80 0.239113 3 0.000150
81 0.246710 1 0.000050
82 0.254307 0 0.000000
83 0.261904 2 0.000100
84 0.269501 2 0.000100
85 0.277098 1 0.000050
86 0.284695 3 0.000150
87 0.292292 2 0.000100
88 0.299889 3 0.000150
89 0.307486 1 0.000050
90 0.315083 1 0.000050
91 0.322680 0 0.000000
92 0.330277 2 0.000100
93 0.337874 0 0.000000
94 0.345471 0 0.000000
95 0.353068 0 0.000000
96 0.360665 0 0.000000
97 0.368262 0 0.000000
98 0.375859 0 0.000000
99 0.383456 1 0.000050
