0 -0.078177 2 0.000100
1 -0.076704 0 0.000000
2 -0.075232 0 0.000000
3 -0.073759 2 0.000100
4 -0.072286 3 0.000150
5 -0.070814 0 0.000000
6 -0.069341 4 0.000200
7 -0.067868 2 0.000100
8 -0.066396 2 0.000100
9 -0.064923 5 0.000250
10 -0.063450 1 0.000050
11 -0.061978 2 0.000100
12 -0.060505 5 0.000250
13 -0.059033 2 0.000100
14 -0.057560 3 0.000150
15 -0.056087 5 0.000250
16 -0.054615 7 0.000350
17 -0.053142 6 0.000300
18 -0.051669 10 0.000500
19 -0.050197 9 0.000450
20 -0.048724 13 0.000650
21 -0.047251 7 0.000350
22 -0.045779 10 0.000500
23 -0.044306 13 0.000650
24 -0.042834 19 0.000950
25 -0.041361 23 0.001150
26 -0.039888 15 0.000750
27 -0.038416 36 0.001800
28 -0.036943 28 0.001400
29 -0.035470 42 0.002100
30 -0.033998 54 0.002700
31 -0.032525 55 0.002750
32 -0.031052 57 0.002850
33 -0.029580 63 0.003150
34 -0.028107 88 0.004400
35 -0.026635 102 0.005100
36 -0.025162 124 0.006200
37 -0.023689 169 0.008450
38 -0.022217 168 0.008400
39 -0.020744 282 0.014100
40 -0.019271 320 0.016000
41 -0.017799 472 0.023600
42 -0.016326 582 0.029100
43 -0.014853 718 0.035900
44 -0.013381 923 0.046150
45 -0.011908 1359 0.067950
46 -0.010436 1709 0.085450
47 -0.008963 2003 0.100150
48 -0.007490 1896 0.094800
49 -0.006018 1640 0.082000
50 -0.004545 1502 0.075100
51 -0.003072 1264 0.063200
52 -0.001600 961 0.048050
53 -0.000127 851 0.042550
54 0.001346 635 0.031750
55 0.002818 398 0.019900
56 0.004291 275 0.013750
57 0.005763 221 0.011050
58 0.007236 124 0.006200
59 0.008709 152 0.007600
60 0.010181 102 0.005100
61 0.011654 78 0.003900
62 0.013127 59 0.002950
63 0.014599 47 0.002350
64 0.016072 53 0.002650
65 0.017545 36 0.001800
66 0.019017 27 0.001350
67 0.020490 22 0.001100
68 0.021962 22 0.001100
69 0.023435 33 0.001650
70 0.024908 26 0.001300
71 0.026380 10 0.000500
72 0.027853 5 0.000250
73 0.029326 4 0.000200
74 0.030798 4 0.000200
75 0.032271 6 0.000300
76 0.033744 5 0.000250
77 0.035216 5 0.000250
78 0.036689 1 0.000050
79 0.038161 1 0.000050
80 0.039634 1 0.000050
81 0.041107 0 0.000000
82 0.042579 2 0.000100
83 0.044052 3 0.000150
84 0.045525 0 0.000000
85 0.046997 0 0.000000
86 0.048470 0 0.000000
87 0.049943 0 0.000000
88 0.051415 0 0.000000
89 0.052888 0 0.000000
90 0.054360 1 0.000050
91 0.055833 0 0.000000
92 0.057306 1 0.000050
93 0.058778 0 0.000000
94 0.060251 0 0.000000
95 0.061724 0 0.000000
96 0.063196 0 0.000000
97 0.064669 2 0.000100
98 0.066142 0 0.000000
99 0.067614 1 0.000050
