0 0.021031 7 0.000117
1 0.030968 3 0.000050
2 0.040905 3 0.000050
3 0.050841 6 0.000100
4 0.060778 4 0.000067
5 0.070714 6 0.000100
6 0.080651 18 0.000300
7 0.090588 19 0.000317
8 0.100524 24 0.000400
9 0.110461 18 0.000300
10 0.120398 26 0.000433
11 0.130334 11 0.000183
12 0.140271 27 0.000450
13 0.150208 27 0.000450
14 0.160144 17 0.000283
15 0.170081 23 0.000383
16 0.180017 25 0.000417
17 0.189954 21 0.000350
18 0.199891 20 0.000333
19 0.209827 32 0.000533
20 0.219764 37 0.000617
21 0.229701 33 0.000550
22 0.239637 35 0.000583
23 0.249574 62 0.001033
24 0.259511 46 0.000767
25 0.269447 78 0.001300
26 0.279384 74 0.001233
27 0.289320 89 0.001483
28 0.299257 94 0.001567
29 0.309194 107 0.001783
30 0.319130 138 0.002300
31 0.329067 172 0.002867
32 0.339004 281 0.004683
33 0.348940 207 0.003450
34 0.358877 161 0.002683
35 0.368814 114 0.001900
36 0.378750 158 0.002633
37 0.388687 178 0.002967
38 0.398623 209 0.003483
39 0.408560 257 0.004283
40 0.418497 291 0.004850
41 0.428433 354 0.005900
42 0.438370 354 0.005900
43 0.448307 427 0.007117
44 0.458243 678 0.011300
45 0.468180 1085 0.018083
46 0.478117 1680 0.028000
47 0.488053 3607 0.060117
48 0.497990 8877 0.147950
49 0.507926 12664 0.211067
50 0.517863 2904 0.048400
51 0.527800 1453 0.024217
52 0.537736 1117 0.018617
53 0.547673 769 0.012817
54 0.557610 927 0.015450
55 0.567546 959 0.015983
56 0.577483 1466 0.024433
57 0.587420 2714 0.045233
58 0.597356 2808 0.046800
59 0.607293 1669 0.027817
60 0.617230 1085 0.018083
61 0.627166 709 0.011817
62 0.637103 611 0.010183
63 0.647039 490 0.008167
64 0.656976 358 0.005967
65 0.666913 324 0.005400
66 0.676849 260 0.004333
67 0.686786 266 0.004433
68 0.696723 223 0.003717
69 0.706659 220 0.003667
70 0.716596 194 0.003233
71 0.726533 195 0.003250
72 0.736469 157 0.002617
73 0.746406 156 0.002600
74 0.756342 167 0.002783
75 0.766279 189 0.003150
76 0.776216 169 0.002817
77 0.786152 186 0.003100
78 0.796089 225 0.003750
79 0.806026 189 0.003150
80 0.815962 176 0.002933
81 0.825899 220 0.003667
82 0.835836 259 0.004317
83 0.845772 298 0.004967
84 0.855709 283 0.004717
85 0.865645 326 0.005433
86 0.875582 429 0.007150
87 0.885519 367 0.006117
88 0.895455 254 0.004233
89 0.905392 223 0.003717
90 0.915329 250 0.004167
91 0.925265 249 0.004150
92 0.935202 220 0.003667
93 0.945139 143 0.002383
94 0.955075 119 0.001983
95 0.965012 47 0.000783
96 0.974948 44 0.000733
97 0.984885 45 0.000750
98 0.994822 4 0.000067
99 1.004758 1 0.000017
