0 0.015610 2 0.000100
1 0.025275 4 0.000200
2 0.034940 4 0.000200
3 0.044605 12 0.000600
4 0.054270 16 0.000800
5 0.063935 9 0.000450
6 0.073600 5 0.000250
7 0.083265 3 0.000150
8 0.092930 10 0.000500
9 0.102595 4 0.000200
10 0.112260 5 0.000250
11 0.121925 10 0.000500
12 0.131590 14 0.000700
13 0.141255 9 0.000450
14 0.150920 11 0.000550
15 0.160585 22 0.001100
16 0.170250 16 0.000800
17 0.179915 17 0.000850
18 0.189580 16 0.000800
19 0.199245 22 0.001100
20 0.208910 29 0.001450
21 0.218575 36 0.001800
22 0.228240 22 0.001100
23 0.237905 26 0.001300
24 0.247570 32 0.001600
25 0.257235 36 0.001800
26 0.266900 37 0.001850
27 0.276565 45 0.002250
28 0.286230 61 0.003050
29 0.295895 63 0.003150
30 0.305560 50 0.002500
31 0.315225 77 0.003850
32 0.324890 71 0.003550
33 0.334556 80 0.004000
34 0.344221 76 0.003800
35 0.353886 93 0.004650
36 0.363551 133 0.006650
37 0.373216 106 0.005300
38 0.382881 150 0.007500
39 0.392546 167 0.008350
40 0.402211 253 0.012650
41 0.411876 237 0.011850
42 0.421541 250 0.012500
43 0.431206 331 0.016550
44 0.440871 354 0.017700
45 0.450536 519 0.025950
46 0.460201 740 0.037000
47 0.469866 993 0.049650
48 0.479531 1645 0.082250
49 0.489196 2881 0.144050
50 0.498861 3003 0.150150
51 0.508526 1755 0.087750
52 0.518191 1045 0.052250
53 0.527856 685 0.034250
54 0.537521 548 0.027400
55 0.547186 365 0.018250
56 0.556851 396 0.019800
57 0.566516 316 0.015800
58 0.576181 270 0.013500
59 0.585846 220 0.011000
60 0.595511 160 0.008000
61 0.605176 148 0.007400
62 0.614841 148 0.007400
63 0.624506 125 0.006250
64 0.634171 99 0.004950
65 0.643836 89 0.004450
66 0.653501 94 0.004700
67 0.663166 61 0.003050
68 0.672831 78 0.003900
69 0.682496 62 0.003100
70 0.692161 37 0.001850
71 0.701826 43 0.002150
72 0.711491 37 0.001850
73 0.721156 32 0.001600
74 0.730821 27 0.001350
75 0.740486 22 0.001100
76 0.750151 34 0.001700
77 0.759816 25 0.001250
78 0.769481 31 0.001550
79 0.779146 23 0.001150
80 0.788811 21 0.001050
81 0.798476 14 0.000700
82 0.808141 15 0.000750
83 0.817806 14 0.000700
84 0.827471 18 0.000900
85 0.837136 20 0.001000
86 0.846801 18 0.000900
87 0.856466 3 0.000150
88 0.866131 6 0.000300
89 0.875796 5 0.000250
90 0.885461 7 0.000350
91 0.895126 11 0.000550
92 0.904791 12 0.000600
93 0.914456 11 0.000550
94 0.924121 15 0.000750
95 0.933786 8 0.000400
96 0.943451 8 0.000400
97 0.953116 6 0.000300
98 0.962781 5 0.000250
99 0.972446 1 0.000050
