0 0.081812 14 0.000700
1 0.091134 7 0.000350
2 0.100457 6 0.000300
3 0.109780 8 0.000400
4 0.119102 8 0.000400
5 0.128425 4 0.000200
6 0.137748 8 0.000400
7 0.147071 4 0.000200
8 0.156393 3 0.000150
9 0.165716 3 0.000150
10 0.175039 2 0.000100
11 0.184361 5 0.000250
12 0.193684 2 0.000100
13 0.203007 4 0.000200
14 0.212329 7 0.000350
15 0.221652 17 0.000850
16 0.230975 9 0.000450
17 0.240297 6 0.000300
18 0.249620 26 0.001300
19 0.258943 14 0.000700
20 0.268266 18 0.000900
21 0.277588 41 0.002050
22 0.286911 28 0.001400
23 0.296234 34 0.001700
24 0.305556 36 0.001800
25 0.314879 43 0.002150
26 0.324202 75 0.003750
27 0.333524 118 0.005900
28 0.342847 189 0.009450
29 0.352170 68 0.003400
30 0.361493 27 0.001350
31 0.370815 16 0.000800
32 0.380138 13 0.000650
33 0.389461 15 0.000750
34 0.398783 24 0.001200
35 0.408106 27 0.001350
36 0.417429 21 0.001050
37 0.426751 30 0.001500
38 0.436074 22 0.001100
39 0.445397 25 0.001250
40 0.454719 36 0.001800
41 0.464042 56 0.002800
42 0.473365 66 0.003300
43 0.482688 60 0.003000
44 0.492010 99 0.004950
45 0.501333 96 0.004800
46 0.510656 94 0.004700
47 0.519978 90 0.004500
48 0.529301 133 0.006650
49 0.538624 207 0.010350
50 0.547946 250 0.012500
51 0.557269 393 0.019650
52 0.566592 498 0.024900
53 0.575914 871 0.043550
54 0.585237 2056 0.102800
55 0.594560 2695 0.134750
56 0.603883 1718 0.085900
57 0.613205 1067 0.053350
58 0.622528 701 0.035050
59 0.631851 520 0.026000
60 0.641173 423 0.021150
61 0.650496 333 0.016650
62 0.659819 242 0.012100
63 0.669141 216 0.010800
64 0.678464 187 0.009350
65 0.687787 191 0.009550
66 0.697109 159 0.007950
67 0.706432 173 0.008650
68 0.715755 152 0.007600
69 0.725078 138 0.006900
70 0.734400 133 0.006650
71 0.743723 116 0.005800
72 0.753046 138 0.006900
73 0.762368 130 0.006500
74 0.771691 142 0.007100
75 0.781014 129 0.006450
76 0.790336 164 0.008200
77 0.799659 202 0.010100
78 0.808982 139 0.006950
79 0.818305 152 0.007600
80 0.827627 218 0.010900
81 0.836950 230 0.011500
82 0.846273 258 0.012900
83 0.855595 259 0.012950
84 0.864918 292 0.014600
85 0.874241 358 0.017900
86 0.883563 363 0.018150
87 0.892886 264 0.013200
88 0.902209 217 0.010850
89 0.911531 184 0.009200
90 0.920854 238 0.011900
91 0.930177 258 0.012900
92 0.939499 139 0.006950
93 0.948822 133 0.006650
94 0.958145 72 0.003600
95 0.967468 36 0.001800
96 0.976790 49 0.002450
97 0.986113 35 0.001750
98 0.995436 4 0.000200
99 1.004758 1 0.000050
