0 0.459582 4 0.000200
1 0.460891 0 0.000000
2 0.462200 1 0.000050
3 0.463509 0 0.000000
4 0.464818 0 0.000000
5 0.466126 0 0.000000
6 0.467435 6 0.000300
7 0.468744 9 0.000450
8 0.470053 18 0.000900
9 0.471362 14 0.000700
10 0.472671 26 0.001300
11 0.473980 18 0.000900
12 0.475289 23 0.001150
13 0.476598 29 0.001450
14 0.477907 28 0.001400
15 0.479216 29 0.001450
16 0.480524 62 0.003100
17 0.481833 39 0.001950
18 0.483142 110 0.005500
19 0.484451 52 0.002600
20 0.485760 70 0.003500
21 0.487069 53 0.002650
22 0.488378 63 0.003150
23 0.489687 114 0.005700
24 0.490996 140 0.007000
25 0.492305 131 0.006550
26 0.493614 197 0.009850
27 0.494922 255 0.012750
28 0.496231 247 0.012350
29 0.497540 252 0.012600
30 0.498849 392 0.019600
31 0.500158 464 0.023200
32 0.501467 491 0.024550
33 0.502776 808 0.040400
34 0.504085 884 0.044200
35 0.505394 956 0.047800
36 0.506703 1339 0.066950
37 0.508012 1687 0.084350
38 0.509320 1775 0.088750
39 0.510629 1784 0.089200
40 0.511938 1729 0.086450
41 0.513247 1313 0.065650
42 0.514556 949 0.047450
43 0.515865 764 0.038200
44 0.517174 457 0.022850
45 0.518483 391 0.019550
46 0.519792 219 0.010950
47 0.521101 187 0.009350
48 0.522410 116 0.005800
49 0.523718 88 0.004400
50 0.525027 96 0.004800
51 0.526336 98 0.004900
52 0.527645 83 0.004150
53 0.528954 74 0.003700
54 0.530263 81 0.004050
55 0.531572 84 0.004200
56 0.532881 71 0.003550
57 0.534190 36 0.001800
58 0.535499 47 0.002350
59 0.536808 28 0.001400
60 0.538117 32 0.001600
61 0.539425 37 0.001850
62 0.540734 35 0.001750
63 0.542043 39 0.001950
64 0.543352 30 0.001500
65 0.544661 21 0.001050
66 0.545970 21 0.001050
67 0.547279 21 0.001050
68 0.548588 17 0.000850
69 0.549897 10 0.000500
70 0.551206 6 0.000300
71 0.552515 20 0.001000
72 0.553823 20 0.001000
73 0.555132 13 0.000650
74 0.556441 11 0.000550
75 0.557750 14 0.000700
76 0.559059 11 0.000550
77 0.560368 9 0.000450
78 0.561677 18 0.000900
79 0.562986 19 0.000950
80 0.564295 9 0.000450
81 0.565604 13 0.000650
82 0.566913 12 0.000600
83 0.568221 5 0.000250
84 0.569530 15 0.000750
85 0.570839 8 0.000400
86 0.572148 4 0.000200
87 0.573457 10 0.000500
88 0.574766 9 0.000450
89 0.576075 7 0.000350
90 0.577384 5 0.000250
91 0.578693 3 0.000150
92 0.580002 0 0.000000
93 0.581311 3 0.000150
94 0.582619 6 0.000300
95 0.583928 3 0.000150
96 0.585237 0 0.000000
97 0.586546 1 0.000050
98 0.587855 1 0.000050
99 0.589164 1 0.000050
