0 0.010879 7 0.000350
1 0.020864 4 0.000200
2 0.030848 1 0.000050
3 0.040833 6 0.000300
4 0.050818 3 0.000150
5 0.060802 2 0.000100
6 0.070787 7 0.000350
7 0.080771 6 0.000300
8 0.090756 4 0.000200
9 0.100741 5 0.000250
10 0.110725 5 0.000250
11 0.120710 4 0.000200
12 0.130695 2 0.000100
13 0.140679 5 0.000250
14 0.150664 3 0.000150
15 0.160649 1 0.000050
16 0.170633 5 0.000250
17 0.180618 2 0.000100
18 0.190603 6 0.000300
19 0.200587 8 0.000400
20 0.210572 9 0.000450
21 0.220557 3 0.000150
22 0.230541 11 0.000550
23 0.240526 12 0.000600
24 0.250511 36 0.001800
25 0.260495 34 0.001700
26 0.270480 18 0.000900
27 0.280465 35 0.001750
28 0.290449 29 0.001450
29 0.300434 19 0.000950
30 0.310419 106 0.005300
31 0.320403 91 0.004550
32 0.330388 200 0.010000
33 0.340373 95 0.004750
34 0.350357 47 0.002350
35 0.360342 10 0.000500
36 0.370327 29 0.001450
37 0.380311 13 0.000650
38 0.390296 16 0.000800
39 0.400281 24 0.001200
40 0.410265 35 0.001750
41 0.420250 25 0.001250
42 0.430235 23 0.001150
43 0.440219 37 0.001850
44 0.450204 48 0.002400
45 0.460189 55 0.002750
46 0.470173 79 0.003950
47 0.480158 76 0.003800
48 0.490142 111 0.005550
49 0.500127 95 0.004750
50 0.510112 117 0.005850
51 0.520096 150 0.007500
52 0.530081 205 0.010250
53 0.540066 255 0.012750
54 0.550050 380 0.019000
55 0.560035 557 0.027850
56 0.570020 953 0.047650
57 0.580004 2140 0.107000
58 0.589989 2960 0.148000
59 0.599974 1652 0.082600
60 0.609958 907 0.045350
61 0.619943 784 0.039200
62 0.629928 480 0.024000
63 0.639912 344 0.017200
64 0.649897 315 0.015750
65 0.659882 217 0.010850
66 0.669866 214 0.010700
67 0.679851 186 0.009300
68 0.689836 181 0.009050
69 0.699820 172 0.008600
70 0.709805 161 0.008050
71 0.719790 141 0.007050
72 0.729774 144 0.007200
73 0.739759 164 0.008200
74 0.749744 150 0.007500
75 0.759728 153 0.007650
76 0.769713 176 0.008800
77 0.779698 160 0.008000
78 0.789682 172 0.008600
79 0.799667 135 0.006750
80 0.809652 187 0.009350
81 0.819636 233 0.011650
82 0.829621 221 0.011050
83 0.839606 210 0.010500
84 0.849590 286 0.014300
85 0.859575 441 0.022050
86 0.869560 359 0.017950
87 0.879544 390 0.019500
88 0.889529 226 0.011300
89 0.899514 210 0.010500
90 0.909498 251 0.012550
91 0.919483 251 0.012550
92 0.929467 209 0.010450
93 0.939452 126 0.006300
94 0.949437 60 0.003000
95 0.959421 31 0.001550
96 0.969406 45 0.002250
97 0.979391 23 0.001150
98 0.989375 8 0.000400
99 0.999360 1 0.000050
