0 0.010879 8 0.000133
1 0.020864 7 0.000117
2 0.030848 5 0.000083
3 0.040833 13 0.000217
4 0.050818 20 0.000333
5 0.060802 12 0.000200
6 0.070787 17 0.000283
7 0.080771 9 0.000150
8 0.090756 9 0.000150
9 0.100741 14 0.000233
10 0.110725 10 0.000167
11 0.120710 17 0.000283
12 0.130695 17 0.000283
13 0.140679 15 0.000250
14 0.150664 15 0.000250
15 0.160649 22 0.000367
16 0.170633 23 0.000383
17 0.180618 20 0.000333
18 0.190603 22 0.000367
19 0.200587 35 0.000583
20 0.210572 45 0.000750
21 0.220557 42 0.000700
22 0.230541 35 0.000583
23 0.240526 41 0.000683
24 0.250511 71 0.001183
25 0.260495 74 0.001233
26 0.270480 62 0.001033
27 0.280465 90 0.001500
28 0.290449 95 0.001583
29 0.300434 106 0.001767
30 0.310419 210 0.003500
31 0.320403 246 0.004100
32 0.330388 369 0.006150
33 0.340373 235 0.003917
34 0.350357 252 0.004200
35 0.360342 332 0.005533
36 0.370327 512 0.008533
37 0.380311 374 0.006233
38 0.390296 399 0.006650
39 0.400281 560 0.009333
40 0.410265 683 0.011383
41 0.420250 1137 0.018950
42 0.430235 1180 0.019667
43 0.440219 810 0.013500
44 0.450204 1101 0.018350
45 0.460189 1573 0.026217
46 0.470173 2089 0.034817
47 0.480158 2508 0.041800
48 0.490142 4089 0.068150
49 0.500127 7167 0.119450
50 0.510112 2660 0.044333
51 0.520096 2251 0.037517
52 0.530081 1954 0.032567
53 0.540066 1291 0.021517
54 0.550050 1264 0.021067
55 0.560035 1510 0.025167
56 0.570020 2108 0.035133
57 0.580004 2791 0.046517
58 0.589989 3414 0.056900
59 0.599974 2084 0.034733
60 0.609958 1289 0.021483
61 0.619943 1357 0.022617
62 0.629928 826 0.013767
63 0.639912 530 0.008833
64 0.649897 512 0.008533
65 0.659882 348 0.005800
66 0.669866 407 0.006783
67 0.679851 296 0.004933
68 0.689836 249 0.004150
69 0.699820 243 0.004050
70 0.709805 213 0.003550
71 0.719790 178 0.002967
72 0.729774 173 0.002883
73 0.739759 186 0.003100
74 0.749744 187 0.003117
75 0.759728 180 0.003000
76 0.769713 206 0.003433
77 0.779698 190 0.003167
78 0.789682 197 0.003283
79 0.799667 155 0.002583
80 0.809652 205 0.003417
81 0.819636 249 0.004150
82 0.829621 240 0.004000
83 0.839606 231 0.003850
84 0.849590 299 0.004983
85 0.859575 443 0.007383
86 0.869560 369 0.006150
87 0.879544 393 0.006550
88 0.889529 235 0.003917
89 0.899514 226 0.003767
90 0.909498 264 0.004400
91 0.919483 264 0.004400
92 0.929467 222 0.003700
93 0.939452 133 0.002217
94 0.949437 65 0.001083
95 0.959421 35 0.000583
96 0.969406 49 0.000817
97 0.979391 23 0.000383
98 0.989375 8 0.000133
99 0.999360 1 0.000017
