0 0.021031 7 0.000350
1 0.030496 3 0.000150
2 0.039960 2 0.000100
3 0.049424 6 0.000300
4 0.058889 5 0.000250
5 0.068353 5 0.000250
6 0.077817 3 0.000150
7 0.087282 10 0.000500
8 0.096746 14 0.000700
9 0.106211 14 0.000700
10 0.115675 15 0.000750
11 0.125139 10 0.000500
12 0.134604 9 0.000450
13 0.144068 21 0.001050
14 0.153532 17 0.000850
15 0.162997 18 0.000900
16 0.172461 19 0.000950
17 0.181926 18 0.000900
18 0.191390 16 0.000800
19 0.200854 18 0.000900
20 0.210319 25 0.001250
21 0.219783 18 0.000900
22 0.229247 19 0.000950
23 0.238712 26 0.001300
24 0.248176 34 0.001700
25 0.257641 34 0.001700
26 0.267105 46 0.002300
27 0.276569 37 0.001850
28 0.286034 52 0.002600
29 0.295498 47 0.002350
30 0.304962 50 0.002500
31 0.314427 68 0.003400
32 0.323891 73 0.003650
33 0.333356 92 0.004600
34 0.342820 80 0.004000
35 0.352284 99 0.004950
36 0.361749 115 0.005750
37 0.371213 98 0.004900
38 0.380677 140 0.007000
39 0.390142 154 0.007700
40 0.399606 180 0.009000
41 0.409070 223 0.011150
42 0.418535 255 0.012750
43 0.427999 298 0.014900
44 0.437464 312 0.015600
45 0.446928 375 0.018750
46 0.456392 534 0.026700
47 0.465857 757 0.037850
48 0.475321 1029 0.051450
49 0.484785 1661 0.083050
50 0.494250 3123 0.156150
51 0.503714 2603 0.130150
52 0.513179 1697 0.084850
53 0.522643 989 0.049450
54 0.532107 734 0.036700
55 0.541572 517 0.025850
56 0.551036 401 0.020050
57 0.560500 344 0.017200
58 0.569965 327 0.016350
59 0.579429 291 0.014550
60 0.588894 236 0.011800
61 0.598358 148 0.007400
62 0.607822 177 0.008850
63 0.617287 114 0.005700
64 0.626751 112 0.005600
65 0.636215 83 0.004150
66 0.645680 93 0.004650
67 0.655144 69 0.003450
68 0.664608 94 0.004700
69 0.674073 57 0.002850
70 0.683537 69 0.003450
71 0.693002 53 0.002650
72 0.702466 37 0.001850
73 0.711930 35 0.001750
74 0.721395 32 0.001600
75 0.730859 35 0.001750
76 0.740323 24 0.001200
77 0.749788 26 0.001300
78 0.759252 26 0.001300
79 0.768717 33 0.001650
80 0.778181 33 0.001650
81 0.787645 28 0.001400
82 0.797110 17 0.000850
83 0.806574 22 0.001100
84 0.816038 17 0.000850
85 0.825503 7 0.000350
86 0.834967 8 0.000400
87 0.844432 21 0.001050
88 0.853896 7 0.000350
89 0.863360 7 0.000350
90 0.872825 20 0.001000
91 0.882289 4 0.000200
92 0.891753 11 0.000550
93 0.901218 19 0.000950
94 0.910682 9 0.000450
95 0.920147 9 0.000450
96 0.929611 7 0.000350
97 0.939075 3 0.000150
98 0.948540 10 0.000500
99 0.958004 1 0.000050
