0 0.116262 2 0.000100
1 0.124322 2 0.000100
2 0.132381 1 0.000050
3 0.140441 0 0.000000
4 0.148501 0 0.000000
5 0.156560 0 0.000000
6 0.164620 0 0.000000
7 0.172679 0 0.000000
8 0.180739 0 0.000000
9 0.188799 0 0.000000
10 0.196858 0 0.000000
11 0.204918 4 0.000200
12 0.212978 2 0.000100
13 0.221037 6 0.000300
14 0.229097 1 0.000050
15 0.237157 2 0.000100
16 0.245216 0 0.000000
17 0.253276 1 0.000050
18 0.261336 0 0.000000
19 0.269395 0 0.000000
20 0.277455 3 0.000150
21 0.285515 3 0.000150
22 0.293574 5 0.000250
23 0.301634 16 0.000800
24 0.309694 34 0.001700
25 0.317753 53 0.002650
26 0.325813 84 0.004200
27 0.333873 55 0.002750
28 0.341932 46 0.002300
29 0.349992 74 0.003700
30 0.358052 162 0.008100
31 0.366111 187 0.009350
32 0.374171 298 0.014900
33 0.382231 176 0.008800
34 0.390290 179 0.008950
35 0.398350 223 0.011150
36 0.406410 264 0.013200
37 0.414469 349 0.017450
38 0.422529 801 0.040050
39 0.430589 695 0.034750
40 0.438648 320 0.016000
41 0.446708 372 0.018600
42 0.454768 490 0.024500
43 0.462827 649 0.032450
44 0.470887 819 0.040950
45 0.478947 478 0.023900
46 0.487006 592 0.029600
47 0.495066 3706 0.185300
48 0.503126 1075 0.053750
49 0.511185 722 0.036100
50 0.519245 727 0.036350
51 0.527305 1125 0.056250
52 0.535364 599 0.029950
53 0.543424 436 0.021800
54 0.551484 385 0.019250
55 0.559543 437 0.021850
56 0.567603 748 0.037400
57 0.575663 418 0.020900
58 0.583722 288 0.014400
59 0.591782 202 0.010100
60 0.599842 241 0.012050
61 0.607901 205 0.010250
62 0.615961 182 0.009100
63 0.624021 424 0.021200
64 0.632080 142 0.007100
65 0.640140 61 0.003050
66 0.648200 64 0.003200
67 0.656259 96 0.004800
68 0.664319 50 0.002500
69 0.672379 91 0.004550
70 0.680438 32 0.001600
71 0.688498 15 0.000750
72 0.696558 22 0.001100
73 0.704617 27 0.001350
74 0.712677 7 0.000350
75 0.720737 1 0.000050
76 0.728796 0 0.000000
77 0.736856 1 0.000050
78 0.744916 2 0.000100
79 0.752975 0 0.000000
80 0.761035 0 0.000000
81 0.769095 1 0.000050
82 0.777154 2 0.000100
83 0.785214 3 0.000150
84 0.793274 7 0.000350
85 0.801333 4 0.000200
86 0.809393 1 0.000050
87 0.817453 0 0.000000
88 0.825512 0 0.000000
89 0.833572 0 0.000000
90 0.841632 0 0.000000
91 0.849691 0 0.000000
92 0.857751 0 0.000000
93 0.865811 1 0.000050
94 0.873870 1 0.000050
95 0.881930 0 0.000000
96 0.889990 0 0.000000
97 0.898049 0 0.000000
98 0.906109 0 0.000000
99 0.914169 1 0.000050
