0 -0.471654 1 0.000050
1 -0.463604 0 0.000000
2 -0.455555 0 0.000000
3 -0.447505 0 0.000000
4 -0.439456 0 0.000000
5 -0.431406 0 0.000000
6 -0.423357 0 0.000000
7 -0.415307 0 0.000000
8 -0.407258 0 0.000000
9 -0.399209 0 0.000000
10 -0.391159 0 0.000000
11 -0.383110 0 0.000000
12 -0.375060 0 0.000000
13 -0.367011 0 0.000000
14 -0.358961 0 0.000000
15 -0.350912 0 0.000000
16 -0.342862 0 0.000000
17 -0.334813 0 0.000000
18 -0.326763 0 0.000000
19 -0.318714 0 0.000000
20 -0.310664 0 0.000000
21 -0.302615 0 0.000000
22 -0.294565 2 0.000100
23 -0.286516 5 0.000250
24 -0.278467 3 0.000150
25 -0.270417 4 0.000200
26 -0.262368 2 0.000100
27 -0.254318 3 0.000150
28 -0.246269 2 0.000100
29 -0.238219 0 0.000000
30 -0.230170 7 0.000350
31 -0.222120 4 0.000200
32 -0.214071 4 0.000200
33 -0.206021 6 0.000300
34 -0.197972 12 0.000600
35 -0.189923 30 0.001500
36 -0.181873 57 0.002850
37 -0.173824 66 0.003300
38 -0.165774 72 0.003600
39 -0.157725 100 0.005000
40 -0.149675 120 0.006000
41 -0.141626 155 0.007750
42 -0.133576 238 0.011900
43 -0.125527 219 0.010950
44 -0.117477 189 0.009450
45 -0.109428 162 0.008100
46 -0.101378 177 0.008850
47 -0.093329 271 0.013550
48 -0.085279 708 0.035400
49 -0.077230 811 0.040550
50 -0.069181 468 0.023400
51 -0.061131 389 0.019450
52 -0.053082 435 0.021750
53 -0.045032 584 0.029200
54 -0.036983 630 0.031500
55 -0.028933 551 0.027550
56 -0.020884 724 0.036200
57 -0.012834 1054 0.052700
58 -0.004785 3217 0.160850
59 0.003265 1218 0.060900
60 0.011314 920 0.046000
61 0.019364 1194 0.059700
62 0.027413 707 0.035350
63 0.035462 428 0.021400
64 0.043512 409 0.020450
65 0.051561 448 0.022400
66 0.059611 450 0.022500
67 0.067660 514 0.025700
68 0.075710 354 0.017700
69 0.083759 230 0.011500
70 0.091809 153 0.007650
71 0.099858 155 0.007750
72 0.107908 180 0.009000
73 0.115957 342 0.017100
74 0.124007 238 0.011900
75 0.132056 127 0.006350
76 0.140105 61 0.003050
77 0.148155 100 0.005000
78 0.156204 79 0.003950
79 0.164254 74 0.003700
80 0.172303 64 0.003200
81 0.180353 32 0.001600
82 0.188402 4 0.000200
83 0.196452 6 0.000300
84 0.204501 4 0.000200
85 0.212551 7 0.000350
86 0.220600 3 0.000150
87 0.228650 7 0.000350
88 0.236699 3 0.000150
89 0.244748 1 0.000050
90 0.252798 1 0.000050
91 0.260847 1 0.000050
92 0.268897 0 0.000000
93 0.276946 1 0.000050
94 0.284996 0 0.000000
95 0.293045 0 0.000000
96 0.301095 0 0.000000
97 0.309144 0 0.000000
98 0.317194 3 0.000150
99 0.325243 0 0.000000
