0 -0.332402 1 0.000050
1 -0.325373 0 0.000000
2 -0.318344 1 0.000050
3 -0.311316 1 0.000050
4 -0.304287 2 0.000100
5 -0.297258 0 0.000000
6 -0.290229 4 0.000200
7 -0.283200 6 0.000300
8 -0.276172 2 0.000100
9 -0.269143 1 0.000050
10 -0.262114 5 0.000250
11 -0.255085 9 0.000450
12 -0.248056 1 0.000050
13 -0.241027 6 0.000300
14 -0.233999 3 0.000150
15 -0.226970 3 0.000150
16 -0.219941 4 0.000200
17 -0.212912 5 0.000250
18 -0.205883 11 0.000550
19 -0.198855 8 0.000400
20 -0.191826 3 0.000150
21 -0.184797 10 0.000500
22 -0.177768 8 0.000400
23 -0.170739 13 0.000650
24 -0.163710 18 0.000900
25 -0.156682 22 0.001100
26 -0.149653 19 0.000950
27 -0.142624 23 0.001150
28 -0.135595 29 0.001450
29 -0.128566 20 0.001000
30 -0.121537 21 0.001050
31 -0.114509 44 0.002200
32 -0.107480 70 0.003500
33 -0.100451 92 0.004600
34 -0.093422 89 0.004450
35 -0.086393 90 0.004500
36 -0.079365 116 0.005800
37 -0.072336 133 0.006650
38 -0.065307 97 0.004850
39 -0.058278 155 0.007750
40 -0.051249 212 0.010600
41 -0.044220 276 0.013800
42 -0.037192 367 0.018350
43 -0.030163 510 0.025500
44 -0.023134 930 0.046500
45 -0.016105 2412 0.120600
46 -0.009076 4762 0.238100
47 -0.002048 4612 0.230600
48 0.004981 1783 0.089150
49 0.012010 683 0.034150
50 0.019039 401 0.020050
51 0.026068 332 0.016600
52 0.033097 302 0.015100
53 0.040125 209 0.010450
54 0.047154 179 0.008950
55 0.054183 167 0.008350
56 0.061212 112 0.005600
57 0.068241 94 0.004700
58 0.075269 69 0.003450
59 0.082298 50 0.002500
60 0.089327 38 0.001900
61 0.096356 40 0.002000
62 0.103385 49 0.002450
63 0.110414 28 0.001400
64 0.117442 37 0.001850
65 0.124471 23 0.001150
66 0.131500 23 0.001150
67 0.138529 19 0.000950
68 0.145558 16 0.000800
69 0.152587 5 0.000250
70 0.159615 8 0.000400
71 0.166644 7 0.000350
72 0.173673 9 0.000450
73 0.180702 9 0.000450
74 0.187731 8 0.000400
75 0.194759 7 0.000350
76 0.201788 6 0.000300
77 0.208817 11 0.000550
78 0.215846 4 0.000200
79 0.222875 2 0.000100
80 0.229904 2 0.000100
81 0.236932 3 0.000150
82 0.243961 3 0.000150
83 0.250990 2 0.000100
84 0.258019 1 0.000050
85 0.265048 4 0.000200
86 0.272076 2 0.000100
87 0.279105 1 0.000050
88 0.286134 5 0.000250
89 0.293163 5 0.000250
90 0.300192 5 0.000250
91 0.307221 4 0.000200
92 0.314249 2 0.000100
93 0.321278 0 0.000000
94 0.328307 0 0.000000
95 0.335336 1 0.000050
96 0.342365 0 0.000000
97 0.349394 2 0.000100
98 0.356422 1 0.000050
99 0.363451 1 0.000050
