0 -0.392689 1 0.000050
1 -0.385825 0 0.000000
2 -0.378962 0 0.000000
3 -0.372099 2 0.000100
4 -0.365236 0 0.000000
5 -0.358373 2 0.000100
6 -0.351510 0 0.000000
7 -0.344647 0 0.000000
8 -0.337783 0 0.000000
9 -0.330920 0 0.000000
10 -0.324057 4 0.000200
11 -0.317194 6 0.000300
12 -0.310331 3 0.000150
13 -0.303468 1 0.000050
14 -0.296605 2 0.000100
15 -0.289741 3 0.000150
16 -0.282878 1 0.000050
17 -0.276015 1 0.000050
18 -0.269152 2 0.000100
19 -0.262289 0 0.000000
20 -0.255426 2 0.000100
21 -0.248563 3 0.000150
22 -0.241699 14 0.000700
23 -0.234836 7 0.000350
24 -0.227973 8 0.000400
25 -0.221110 7 0.000350
26 -0.214247 6 0.000300
27 -0.207384 8 0.000400
28 -0.200521 9 0.000450
29 -0.193657 9 0.000450
30 -0.186794 10 0.000500
31 -0.179931 6 0.000300
32 -0.173068 15 0.000750
33 -0.166205 12 0.000600
34 -0.159342 26 0.001300
35 -0.152479 21 0.001050
36 -0.145615 26 0.001300
37 -0.138752 17 0.000850
38 -0.131889 19 0.000950
39 -0.125026 38 0.001900
40 -0.118163 54 0.002700
41 -0.111300 59 0.002950
42 -0.104437 82 0.004100
43 -0.097573 138 0.006900
44 -0.090710 143 0.007150
45 -0.083847 162 0.008100
46 -0.076984 209 0.010450
47 -0.070121 229 0.011450
48 -0.063258 263 0.013150
49 -0.056395 216 0.010800
50 -0.049531 240 0.012000
51 -0.042668 348 0.017400
52 -0.035805 367 0.018350
53 -0.028942 634 0.031700
54 -0.022079 1313 0.065650
55 -0.015216 3408 0.170400
56 -0.008353 4622 0.231100
57 -0.001489 2885 0.144250
58 0.005374 1313 0.065650
59 0.012237 572 0.028600
60 0.019100 409 0.020450
61 0.025963 289 0.014450
62 0.032826 201 0.010050
63 0.039689 190 0.009500
64 0.046553 140 0.007000
65 0.053416 123 0.006150
66 0.060279 122 0.006100
67 0.067142 112 0.005600
68 0.074005 125 0.006250
69 0.080868 100 0.005000
70 0.087731 79 0.003950
71 0.094595 72 0.003600
72 0.101458 87 0.004350
73 0.108321 48 0.002400
74 0.115184 47 0.002350
75 0.122047 49 0.002450
76 0.128910 33 0.001650
77 0.135773 29 0.001450
78 0.142637 29 0.001450
79 0.149500 14 0.000700
80 0.156363 21 0.001050
81 0.163226 20 0.001000
82 0.170089 12 0.000600
83 0.176952 10 0.000500
84 0.183815 16 0.000800
85 0.190679 13 0.000650
86 0.197542 9 0.000450
87 0.204405 7 0.000350
88 0.211268 3 0.000150
89 0.218131 9 0.000450
90 0.224994 10 0.000500
91 0.231857 6 0.000300
92 0.238721 4 0.000200
93 0.245584 5 0.000250
94 0.252447 2 0.000100
95 0.259310 2 0.000100
96 0.266173 0 0.000000
97 0.273036 2 0.000100
98 0.279899 2 0.000100
99 0.286763 1 0.000050
