0 -0.471654 1 0.000017
1 -0.463218 0 0.000000
2 -0.454783 0 0.000000
3 -0.446347 0 0.000000
4 -0.437912 0 0.000000
5 -0.429477 0 0.000000
6 -0.421041 0 0.000000
7 -0.412606 0 0.000000
8 -0.404170 0 0.000000
9 -0.395735 1 0.000017
10 -0.387300 0 0.000000
11 -0.378864 1 0.000017
12 -0.370429 1 0.000017
13 -0.361993 2 0.000033
14 -0.353558 0 0.000000
15 -0.345123 0 0.000000
16 -0.336687 1 0.000017
17 -0.328252 3 0.000050
18 -0.319816 7 0.000117
19 -0.311381 5 0.000083
20 -0.302946 4 0.000067
21 -0.294510 8 0.000133
22 -0.286075 12 0.000200
23 -0.277639 10 0.000167
24 -0.269204 6 0.000100
25 -0.260769 10 0.000167
26 -0.252333 13 0.000217
27 -0.243898 21 0.000350
28 -0.235462 15 0.000250
29 -0.227027 20 0.000333
30 -0.218592 17 0.000283
31 -0.210156 24 0.000400
32 -0.201721 33 0.000550
33 -0.193285 30 0.000500
34 -0.184850 84 0.001400
35 -0.176415 94 0.001567
36 -0.167979 111 0.001850
37 -0.159544 132 0.002200
38 -0.151108 183 0.003050
39 -0.142673 211 0.003517
40 -0.134238 298 0.004967
41 -0.125802 310 0.005167
42 -0.117367 298 0.004967
43 -0.108931 335 0.005583
44 -0.100496 453 0.007550
45 -0.092061 623 0.010383
46 -0.083625 1170 0.019500
47 -0.075190 1141 0.019017
48 -0.066754 905 0.015083
49 -0.058319 848 0.014133
50 -0.049884 1098 0.018300
51 -0.041448 1462 0.024367
52 -0.033013 1786 0.029767
53 -0.024577 3004 0.050067
54 -0.016142 8158 0.135967
55 -0.007707 14698 0.244967
56 0.000729 7834 0.130567
57 0.009164 2976 0.049600
58 0.017600 2202 0.036700
59 0.026035 1611 0.026850
60 0.034470 1005 0.016750
61 0.042906 840 0.014000
62 0.051341 841 0.014017
63 0.059777 753 0.012550
64 0.068212 782 0.013033
65 0.076647 579 0.009650
66 0.085083 370 0.006167
67 0.093518 307 0.005117
68 0.101954 315 0.005250
69 0.110389 314 0.005233
70 0.118824 450 0.007500
71 0.127260 265 0.004417
72 0.135695 151 0.002517
73 0.144131 143 0.002383
74 0.152566 125 0.002083
75 0.161001 110 0.001833
76 0.169437 100 0.001667
77 0.177872 67 0.001117
78 0.186308 36 0.000600
79 0.194743 25 0.000417
80 0.203178 22 0.000367
81 0.211614 20 0.000333
82 0.220049 23 0.000383
83 0.228485 16 0.000267
84 0.236920 12 0.000200
85 0.245356 9 0.000150
86 0.253791 5 0.000083
87 0.262226 7 0.000117
88 0.270662 3 0.000050
89 0.279097 6 0.000100
90 0.287533 7 0.000117
91 0.295968 6 0.000100
92 0.304403 6 0.000100
93 0.312839 3 0.000050
94 0.321274 2 0.000033
95 0.329710 0 0.000000
96 0.338145 1 0.000017
97 0.346580 1 0.000017
98 0.355016 2 0.000033
99 0.363451 1 0.000017
