0 0.000000 46026 0.767100
1 0.002247 3952 0.065867
2 0.004494 3388 0.056467
3 0.006741 1525 0.025417
4 0.008988 956 0.015933
5 0.011235 701 0.011683
6 0.013482 829 0.013817
7 0.015729 606 0.010100
8 0.017976 370 0.006167
9 0.020223 289 0.004817
10 0.022470 245 0.004083
11 0.024717 203 0.003383
12 0.026965 161 0.002683
13 0.029212 144 0.002400
14 0.031459 117 0.001950
15 0.033706 63 0.001050
16 0.035953 47 0.000783
17 0.038200 34 0.000567
18 0.040447 29 0.000483
19 0.042694 32 0.000533
20 0.044941 22 0.000367
21 0.047188 24 0.000400
22 0.049435 29 0.000483
23 0.051682 17 0.000283
24 0.053929 16 0.000267
25 0.056176 23 0.000383
26 0.058423 11 0.000183
27 0.060670 13 0.000217
28 0.062917 12 0.000200
29 0.065164 7 0.000117
30 0.067411 5 0.000083
31 0.069658 8 0.000133
32 0.071905 7 0.000117
33 0.074152 4 0.000067
34 0.076399 10 0.000167
35 0.078646 9 0.000150
36 0.080894 3 0.000050
37 0.083141 12 0.000200
38 0.085388 4 0.000067
39 0.087635 5 0.000083
40 0.089882 4 0.000067
41 0.092129 4 0.000067
42 0.094376 6 0.000100
43 0.096623 5 0.000083
44 0.098870 3 0.000050
45 0.101117 6 0.000100
46 0.103364 1 0.000017
47 0.105611 1 0.000017
48 0.107858 0 0.000000
49 0.110105 1 0.000017
50 0.112352 0 0.000000
51 0.114599 1 0.000017
52 0.116846 0 0.000000
53 0.119093 0 0.000000
54 0.121340 0 0.000000
55 0.123587 1 0.000017
56 0.125834 3 0.000050
57 0.128081 0 0.000000
58 0.130328 2 0.000033
59 0.132575 0 0.000000
60 0.134823 1 0.000017
61 0.137070 1 0.000017
62 0.139317 0 0.000000
63 0.141564 0 0.000000
64 0.143811 0 0.000000
65 0.146058 0 0.000000
66 0.148305 0 0.000000
67 0.150552 0 0.000000
68 0.152799 1 0.000017
69 0.155046 0 0.000000
70 0.157293 0 0.000000
71 0.159540 0 0.000000
72 0.161787 0 0.000000
73 0.164034 0 0.000000
74 0.166281 0 0.000000
75 0.168528 0 0.000000
76 0.170775 0 0.000000
77 0.173022 0 0.000000
78 0.175269 0 0.000000
79 0.177516 0 0.000000
80 0.179763 0 0.000000
81 0.182010 0 0.000000
82 0.184257 0 0.000000
83 0.186505 0 0.000000
84 0.188752 0 0.000000
85 0.190999 0 0.000000
86 0.193246 0 0.000000
87 0.195493 0 0.000000
88 0.197740 0 0.000000
89 0.199987 0 0.000000
90 0.202234 0 0.000000
91 0.204481 0 0.000000
92 0.206728 0 0.000000
93 0.208975 0 0.000000
94 0.211222 0 0.000000
95 0.213469 0 0.000000
96 0.215716 0 0.000000
97 0.217963 0 0.000000
98 0.220210 0 0.000000
99 0.222457 1 0.000017
