0 0.005290 1 0.000050
1 0.013409 0 0.000000
2 0.021527 0 0.000000
3 0.029646 0 0.000000
4 0.037765 0 0.000000
5 0.045884 0 0.000000
6 0.054003 0 0.000000
7 0.062122 0 0.000000
8 0.070241 0 0.000000
9 0.078359 0 0.000000
10 0.086478 0 0.000000
11 0.094597 0 0.000000
12 0.102716 0 0.000000
13 0.110835 0 0.000000
14 0.118954 0 0.000000
15 0.127072 0 0.000000
16 0.135191 0 0.000000
17 0.143310 0 0.000000
18 0.151429 0 0.000000
19 0.159548 0 0.000000
20 0.167667 0 0.000000
21 0.175785 0 0.000000
22 0.183904 0 0.000000
23 0.192023 0 0.000000
24 0.200142 2 0.000100
25 0.208261 5 0.000250
26 0.216380 2 0.000100
27 0.224499 6 0.000300
28 0.232617 2 0.000100
29 0.240736 1 0.000050
30 0.248855 1 0.000050
31 0.256974 1 0.000050
32 0.265093 1 0.000050
33 0.273212 1 0.000050
34 0.281330 0 0.000000
35 0.289449 5 0.000250
36 0.297568 12 0.000600
37 0.305687 20 0.001000
38 0.313806 39 0.001950
39 0.321925 65 0.003250
40 0.330043 86 0.004300
41 0.338162 45 0.002250
42 0.346281 50 0.002500
43 0.354400 137 0.006850
44 0.362519 123 0.006150
45 0.370638 324 0.016200
46 0.378757 180 0.009000
47 0.386875 201 0.010050
48 0.394994 139 0.006950
49 0.403113 259 0.012950
50 0.411232 337 0.016850
51 0.419351 556 0.027800
52 0.427470 948 0.047400
53 0.435588 431 0.021550
54 0.443707 389 0.019450
55 0.451826 412 0.020600
56 0.459945 502 0.025100
57 0.468064 849 0.042450
58 0.476183 532 0.026600
59 0.484301 574 0.028700
60 0.492420 734 0.036700
61 0.500539 4026 0.201300
62 0.508658 746 0.037300
63 0.516777 644 0.032200
64 0.524896 1094 0.054700
65 0.533015 824 0.041200
66 0.541133 419 0.020950
67 0.549252 400 0.020000
68 0.557371 488 0.024400
69 0.565490 589 0.029450
70 0.573609 575 0.028750
71 0.581728 286 0.014300
72 0.589846 244 0.012200
73 0.597965 218 0.010900
74 0.606084 206 0.010300
75 0.614203 174 0.008700
76 0.622322 389 0.019450
77 0.630441 165 0.008250
78 0.638559 70 0.003500
79 0.646678 76 0.003800
80 0.654797 98 0.004900
81 0.662916 68 0.003400
82 0.671035 111 0.005550
83 0.679154 37 0.001850
84 0.687273 26 0.001300
85 0.695391 19 0.000950
86 0.703510 13 0.000650
87 0.711629 9 0.000450
88 0.719748 0 0.000000
89 0.727867 0 0.000000
90 0.735986 3 0.000150
91 0.744105 0 0.000000
92 0.752223 0 0.000000
93 0.760342 1 0.000050
94 0.768461 1 0.000050
95 0.776580 0 0.000000
96 0.784699 2 0.000100
97 0.792817 4 0.000200
98 0.800936 2 0.000100
99 0.809055 1 0.000050
