0 0.459439 5 0.000250
1 0.460739 11 0.000550
2 0.462040 28 0.001400
3 0.463340 0 0.000000
4 0.464641 23 0.001150
5 0.465941 11 0.000550
6 0.467242 9 0.000450
7 0.468543 4 0.000200
8 0.469843 51 0.002550
9 0.471144 25 0.001250
10 0.472444 7 0.000350
11 0.473745 28 0.001400
12 0.475045 64 0.003200
13 0.476346 24 0.001200
14 0.477647 57 0.002850
15 0.478947 18 0.000900
16 0.480248 47 0.002350
17 0.481548 46 0.002300
18 0.482849 219 0.010950
19 0.484149 137 0.006850
20 0.485450 127 0.006350
21 0.486751 248 0.012400
22 0.488051 220 0.011000
23 0.489352 259 0.012950
24 0.490652 114 0.005700
25 0.491953 273 0.013650
26 0.493253 367 0.018350
27 0.494554 410 0.020500
28 0.495854 301 0.015050
29 0.497155 571 0.028550
30 0.498456 630 0.031500
31 0.499756 614 0.030700
32 0.501057 1406 0.070300
33 0.502357 2463 0.123150
34 0.503658 1679 0.083950
35 0.504959 1951 0.097550
36 0.506259 1821 0.091050
37 0.507560 881 0.044050
38 0.508860 1066 0.053300
39 0.510161 773 0.038650
40 0.511461 414 0.020700
41 0.512762 309 0.015450
42 0.514062 330 0.016500
43 0.515363 267 0.013350
44 0.516664 137 0.006850
45 0.517964 119 0.005950
46 0.519265 92 0.004600
47 0.520565 99 0.004950
48 0.521866 97 0.004850
49 0.523166 64 0.003200
50 0.524467 84 0.004200
51 0.525768 72 0.003600
52 0.527068 44 0.002200
53 0.528369 54 0.002700
54 0.529669 60 0.003000
55 0.530970 41 0.002050
56 0.532270 82 0.004100
57 0.533571 35 0.001750
58 0.534872 43 0.002150
59 0.536172 47 0.002350
60 0.537473 36 0.001800
61 0.538773 19 0.000950
62 0.540074 28 0.001400
63 0.541374 88 0.004400
64 0.542675 31 0.001550
65 0.543976 3 0.000150
66 0.545276 30 0.001500
67 0.546577 14 0.000700
68 0.547877 26 0.001300
69 0.549178 40 0.002000
70 0.550478 14 0.000700
71 0.551779 7 0.000350
72 0.553080 4 0.000200
73 0.554380 26 0.001300
74 0.555681 9 0.000450
75 0.556981 22 0.001100
76 0.558282 18 0.000900
77 0.559582 25 0.001250
78 0.560883 14 0.000700
79 0.562184 6 0.000300
80 0.563484 5 0.000250
81 0.564785 0 0.000000
82 0.566085 20 0.001000
83 0.567386 0 0.000000
84 0.568686 7 0.000350
85 0.569987 4 0.000200
86 0.571288 2 0.000100
87 0.572588 4 0.000200
88 0.573889 3 0.000150
89 0.575189 2 0.000100
90 0.576490 5 0.000250
91 0.577790 5 0.000250
92 0.579091 2 0.000100
93 0.580392 2 0.000100
94 0.581692 0 0.000000
95 0.582993 0 0.000000
96 0.584293 0 0.000000
97 0.585594 0 0.000000
98 0.586894 0 0.000000
99 0.588195 1 0.000050
