0 0.016638 8 0.000400
1 0.026563 6 0.000300
2 0.036487 6 0.000300
3 0.046411 3 0.000150
4 0.056336 2 0.000100
5 0.066260 1 0.000050
6 0.076184 5 0.000250
7 0.086109 1 0.000050
8 0.096033 2 0.000100
9 0.105957 5 0.000250
10 0.115882 4 0.000200
11 0.125806 2 0.000100
12 0.135730 2 0.000100
13 0.145655 1 0.000050
14 0.155579 7 0.000350
15 0.165503 5 0.000250
16 0.175427 1 0.000050
17 0.185352 5 0.000250
18 0.195276 9 0.000450
19 0.205200 9 0.000450
20 0.215125 10 0.000500
21 0.225049 2 0.000100
22 0.234973 6 0.000300
23 0.244898 24 0.001200
24 0.254822 29 0.001450
25 0.264746 33 0.001650
26 0.274671 28 0.001400
27 0.284595 40 0.002000
28 0.294519 35 0.001750
29 0.304444 57 0.002850
30 0.314368 90 0.004500
31 0.324292 130 0.006500
32 0.334217 179 0.008950
33 0.344141 90 0.004500
34 0.354065 20 0.001000
35 0.363990 11 0.000550
36 0.373914 14 0.000700
37 0.383838 14 0.000700
38 0.393763 22 0.001100
39 0.403687 20 0.001000
40 0.413611 29 0.001450
41 0.423536 33 0.001650
42 0.433460 26 0.001300
43 0.443384 37 0.001850
44 0.453309 56 0.002800
45 0.463233 57 0.002850
46 0.473157 77 0.003850
47 0.483082 88 0.004400
48 0.493006 116 0.005800
49 0.502930 113 0.005650
50 0.512855 139 0.006950
51 0.522779 166 0.008300
52 0.532703 221 0.011050
53 0.542628 284 0.014200
54 0.552552 389 0.019450
55 0.562476 566 0.028300
56 0.572401 1258 0.062900
57 0.582325 2442 0.122100
58 0.592249 2707 0.135350
59 0.602174 1428 0.071400
60 0.612098 870 0.043500
61 0.622022 697 0.034850
62 0.631947 425 0.021250
63 0.641871 316 0.015800
64 0.651795 288 0.014400
65 0.661720 215 0.010750
66 0.671644 203 0.010150
67 0.681568 187 0.009350
68 0.691493 179 0.008950
69 0.701417 146 0.007300
70 0.711341 127 0.006350
71 0.721266 133 0.006650
72 0.731190 132 0.006600
73 0.741114 175 0.008750
74 0.751039 149 0.007450
75 0.760963 153 0.007650
76 0.770887 196 0.009800
77 0.780812 155 0.007750
78 0.790736 169 0.008450
79 0.800660 141 0.007050
80 0.810585 168 0.008400
81 0.820509 191 0.009550
82 0.830433 213 0.010650
83 0.840357 220 0.011000
84 0.850282 280 0.014000
85 0.860206 434 0.021700
86 0.870130 334 0.016700
87 0.880055 380 0.019000
88 0.889979 238 0.011900
89 0.899903 254 0.012700
90 0.909828 256 0.012800
91 0.919752 311 0.015550
92 0.929676 205 0.010250
93 0.939601 134 0.006700
94 0.949525 50 0.002500
95 0.959449 34 0.001700
96 0.969374 40 0.002000
97 0.979298 23 0.001150
98 0.989222 8 0.000400
99 0.999147 1 0.000050
