0 0.121624 4 0.000200
1 0.128928 12 0.000600
2 0.136232 0 0.000000
3 0.143536 2 0.000100
4 0.150840 0 0.000000
5 0.158143 0 0.000000
6 0.165447 10 0.000500
7 0.172751 0 0.000000
8 0.180055 6 0.000300
9 0.187359 0 0.000000
10 0.194663 5 0.000250
11 0.201967 11 0.000550
12 0.209271 0 0.000000
13 0.216575 15 0.000750
14 0.223879 25 0.001250
15 0.231183 0 0.000000
16 0.238486 0 0.000000
17 0.245790 0 0.000000
18 0.253094 17 0.000850
19 0.260398 146 0.007300
20 0.267702 22 0.001100
21 0.275006 23 0.001150
22 0.282310 14 0.000700
23 0.289614 149 0.007450
24 0.296918 7 0.000350
25 0.304222 7 0.000350
26 0.311526 35 0.001750
27 0.318830 5 0.000250
28 0.326133 65 0.003250
29 0.333437 84 0.004200
30 0.340741 33 0.001650
31 0.348045 12 0.000600
32 0.355349 286 0.014300
33 0.362653 325 0.016250
34 0.369957 55 0.002750
35 0.377261 134 0.006700
36 0.384565 18 0.000900
37 0.391869 214 0.010700
38 0.399173 101 0.005050
39 0.406477 201 0.010050
40 0.413780 96 0.004800
41 0.421084 85 0.004250
42 0.428388 612 0.030600
43 0.435692 522 0.026100
44 0.442996 307 0.015350
45 0.450300 224 0.011200
46 0.457604 271 0.013550
47 0.464908 366 0.018300
48 0.472212 656 0.032800
49 0.479516 934 0.046700
50 0.486820 1056 0.052800
51 0.494124 2685 0.134250
52 0.501427 2613 0.130650
53 0.508731 1357 0.067850
54 0.516035 778 0.038900
55 0.523339 700 0.035000
56 0.530643 637 0.031850
57 0.537947 338 0.016900
58 0.545251 359 0.017950
59 0.552555 379 0.018950
60 0.559859 346 0.017300
61 0.567163 163 0.008150
62 0.574467 81 0.004050
63 0.581771 308 0.015400
64 0.589074 114 0.005700
65 0.596378 129 0.006450
66 0.603682 74 0.003700
67 0.610986 373 0.018650
68 0.618290 60 0.003000
69 0.625594 39 0.001950
70 0.632898 471 0.023550
71 0.640202 56 0.002800
72 0.647506 80 0.004000
73 0.654810 48 0.002400
74 0.662114 52 0.002600
75 0.669418 36 0.001800
76 0.676721 127 0.006350
77 0.684025 23 0.001150
78 0.691329 23 0.001150
79 0.698633 11 0.000550
80 0.705937 137 0.006850
81 0.713241 28 0.001400
82 0.720545 14 0.000700
83 0.727849 10 0.000500
84 0.735153 30 0.001500
85 0.742457 30 0.001500
86 0.749761 13 0.000650
87 0.757065 28 0.001400
88 0.764368 44 0.002200
89 0.771672 7 0.000350
90 0.778976 0 0.000000
91 0.786280 0 0.000000
92 0.793584 0 0.000000
93 0.800888 0 0.000000
94 0.808192 0 0.000000
95 0.815496 22 0.001100
96 0.822800 0 0.000000
97 0.830104 0 0.000000
98 0.837408 5 0.000250
99 0.844712 0 0.000000
