0 0.055241 3 0.000150
1 0.064792 0 0.000000
2 0.074343 6 0.000300
3 0.083894 1 0.000050
4 0.093445 17 0.000850
5 0.102996 0 0.000000
6 0.112547 0 0.000000
7 0.122098 0 0.000000
8 0.131649 8 0.000400
9 0.141200 0 0.000000
10 0.150751 11 0.000550
11 0.160302 2 0.000100
12 0.169853 0 0.000000
13 0.179404 10 0.000500
14 0.188955 2 0.000100
15 0.198506 0 0.000000
16 0.208057 3 0.000150
17 0.217607 8 0.000400
18 0.227158 2 0.000100
19 0.236709 6 0.000300
20 0.246260 10 0.000500
21 0.255811 36 0.001800
22 0.265362 25 0.001250
23 0.274913 72 0.003600
24 0.284464 1 0.000050
25 0.294015 5 0.000250
26 0.303566 31 0.001550
27 0.313117 112 0.005600
28 0.322668 213 0.010650
29 0.332219 131 0.006550
30 0.341770 18 0.000900
31 0.351321 18 0.000900
32 0.360872 10 0.000500
33 0.370423 2 0.000100
34 0.379974 5 0.000250
35 0.389525 10 0.000500
36 0.399075 3 0.000150
37 0.408626 10 0.000500
38 0.418177 7 0.000350
39 0.427728 162 0.008100
40 0.437279 7 0.000350
41 0.446830 15 0.000750
42 0.456381 12 0.000600
43 0.465932 31 0.001550
44 0.475483 37 0.001850
45 0.485034 229 0.011450
46 0.494585 51 0.002550
47 0.504136 145 0.007250
48 0.513687 267 0.013350
49 0.523238 115 0.005750
50 0.532789 94 0.004700
51 0.542340 127 0.006350
52 0.551891 246 0.012300
53 0.561441 426 0.021300
54 0.570992 921 0.046050
55 0.580543 1235 0.061750
56 0.590094 2869 0.143450
57 0.599645 2127 0.106350
58 0.609196 984 0.049200
59 0.618747 745 0.037250
60 0.628298 528 0.026400
61 0.637849 293 0.014650
62 0.647400 311 0.015550
63 0.656951 109 0.005450
64 0.666502 617 0.030850
65 0.676053 75 0.003750
66 0.685604 86 0.004300
67 0.695155 175 0.008750
68 0.704706 846 0.042300
69 0.714257 379 0.018950
70 0.723808 590 0.029500
71 0.733359 65 0.003250
72 0.742909 96 0.004800
73 0.752460 57 0.002850
74 0.762011 66 0.003300
75 0.771562 198 0.009900
76 0.781113 34 0.001700
77 0.790664 102 0.005100
78 0.800215 165 0.008250
79 0.809766 76 0.003800
80 0.819317 169 0.008450
81 0.828868 234 0.011700
82 0.838419 343 0.017150
83 0.847970 278 0.013900
84 0.857521 295 0.014750
85 0.867072 343 0.017150
86 0.876623 112 0.005600
87 0.886174 292 0.014600
88 0.895725 160 0.008000
89 0.905276 332 0.016600
90 0.914826 217 0.010850
91 0.924377 144 0.007200
92 0.933928 169 0.008450
93 0.943479 152 0.007600
94 0.953030 74 0.003700
95 0.962581 138 0.006900
96 0.972132 24 0.001200
97 0.981683 10 0.000500
98 0.991234 1 0.000050
99 1.000785 2 0.000100
