0 0.011944 4 0.000200
1 0.021715 3 0.000150
2 0.031487 1 0.000050
3 0.041259 6 0.000300
4 0.051030 9 0.000450
5 0.060802 10 0.000500
6 0.070574 9 0.000450
7 0.080345 13 0.000650
8 0.090117 9 0.000450
9 0.099888 10 0.000500
10 0.109660 4 0.000200
11 0.119432 5 0.000250
12 0.129203 5 0.000250
13 0.138975 4 0.000200
14 0.148747 14 0.000700
15 0.158518 19 0.000950
16 0.168290 10 0.000500
17 0.178061 12 0.000600
18 0.187833 19 0.000950
19 0.197605 13 0.000650
20 0.207376 20 0.001000
21 0.217148 31 0.001550
22 0.226920 30 0.001500
23 0.236691 15 0.000750
24 0.246463 32 0.001600
25 0.256234 41 0.002050
26 0.266006 46 0.002300
27 0.275778 52 0.002600
28 0.285549 67 0.003350
29 0.295321 76 0.003800
30 0.305093 82 0.004100
31 0.314864 72 0.003600
32 0.324636 85 0.004250
33 0.334407 75 0.003750
34 0.344179 86 0.004300
35 0.353951 94 0.004700
36 0.363722 116 0.005800
37 0.373494 117 0.005850
38 0.383265 164 0.008200
39 0.393037 183 0.009150
40 0.402809 220 0.011000
41 0.412580 249 0.012450
42 0.422352 287 0.014350
43 0.432124 359 0.017950
44 0.441895 399 0.019950
45 0.451667 563 0.028150
46 0.461438 775 0.038750
47 0.471210 982 0.049100
48 0.480982 1827 0.091350
49 0.490753 3223 0.161150
50 0.500525 2863 0.143150
51 0.510297 1590 0.079500
52 0.520068 910 0.045500
53 0.529840 676 0.033800
54 0.539611 424 0.021200
55 0.549383 359 0.017950
56 0.559155 348 0.017400
57 0.568926 324 0.016200
58 0.578698 265 0.013250
59 0.588470 146 0.007300
60 0.598241 200 0.010000
61 0.608013 128 0.006400
62 0.617784 142 0.007100
63 0.627556 114 0.005700
64 0.637328 110 0.005500
65 0.647099 94 0.004700
66 0.656871 75 0.003750
67 0.666643 76 0.003800
68 0.676414 63 0.003150
69 0.686186 59 0.002950
70 0.695957 48 0.002400
71 0.705729 33 0.001650
72 0.715501 44 0.002200
73 0.725272 21 0.001050
74 0.735044 47 0.002350
75 0.744816 30 0.001500
76 0.754587 19 0.000950
77 0.764359 28 0.001400
78 0.774130 17 0.000850
79 0.783902 16 0.000800
80 0.793674 20 0.001000
81 0.803445 9 0.000450
82 0.813217 15 0.000750
83 0.822989 8 0.000400
84 0.832760 16 0.000800
85 0.842532 9 0.000450
86 0.852303 17 0.000850
87 0.862075 4 0.000200
88 0.871847 5 0.000250
89 0.881618 7 0.000350
90 0.891390 11 0.000550
91 0.901161 8 0.000400
92 0.910933 12 0.000600
93 0.920705 14 0.000700
94 0.930476 12 0.000600
95 0.940248 6 0.000300
96 0.950020 2 0.000100
97 0.959791 2 0.000100
98 0.969563 6 0.000300
99 0.979334 1 0.000050
