0 0.005290 4 0.000067
1 0.015329 9 0.000150
2 0.025368 9 0.000150
3 0.035407 7 0.000117
4 0.045446 12 0.000200
5 0.055485 13 0.000217
6 0.065524 9 0.000150
7 0.075562 18 0.000300
8 0.085601 14 0.000233
9 0.095640 12 0.000200
10 0.105679 8 0.000133
11 0.115718 9 0.000150
12 0.125757 9 0.000150
13 0.135796 5 0.000083
14 0.145835 14 0.000233
15 0.155874 28 0.000467
16 0.165913 15 0.000250
17 0.175952 11 0.000183
18 0.185991 22 0.000367
19 0.196030 29 0.000483
20 0.206069 34 0.000567
21 0.216108 44 0.000733
22 0.226147 39 0.000650
23 0.236186 21 0.000350
24 0.246225 62 0.001033
25 0.256264 69 0.001150
26 0.266303 83 0.001383
27 0.276342 91 0.001517
28 0.286381 115 0.001917
29 0.296420 121 0.002017
30 0.306459 190 0.003167
31 0.316498 216 0.003600
32 0.326536 363 0.006050
33 0.336575 286 0.004767
34 0.346614 239 0.003983
35 0.356653 296 0.004933
36 0.366692 420 0.007000
37 0.376731 426 0.007100
38 0.386770 419 0.006983
39 0.396809 434 0.007233
40 0.406848 662 0.011033
41 0.416887 873 0.014550
42 0.426926 1487 0.024783
43 0.436965 886 0.014767
44 0.447004 1002 0.016700
45 0.457043 1385 0.023083
46 0.467082 1983 0.033050
47 0.477121 2158 0.035967
48 0.487160 3667 0.061117
49 0.497199 7702 0.128367
50 0.507238 3052 0.050867
51 0.517277 2107 0.035117
52 0.527316 2269 0.037817
53 0.537355 1313 0.021883
54 0.547394 1222 0.020367
55 0.557433 1428 0.023800
56 0.567472 1981 0.033017
57 0.577510 2658 0.044300
58 0.587549 3231 0.053850
59 0.597588 2597 0.043283
60 0.607627 1388 0.023133
61 0.617666 1224 0.020400
62 0.627705 997 0.016617
63 0.637744 568 0.009467
64 0.647783 459 0.007650
65 0.657822 436 0.007267
66 0.667861 427 0.007117
67 0.677900 317 0.005283
68 0.687939 258 0.004300
69 0.697978 230 0.003833
70 0.708017 178 0.002967
71 0.718056 170 0.002833
72 0.728095 176 0.002933
73 0.738134 193 0.003217
74 0.748173 201 0.003350
75 0.758212 167 0.002783
76 0.768251 226 0.003767
77 0.778290 170 0.002833
78 0.788329 197 0.003283
79 0.798368 162 0.002700
80 0.808407 172 0.002867
81 0.818446 178 0.002967
82 0.828484 254 0.004233
83 0.838523 241 0.004017
84 0.848562 280 0.004667
85 0.858601 415 0.006917
86 0.868640 365 0.006083
87 0.878679 409 0.006817
88 0.888718 244 0.004067
89 0.898757 262 0.004367
90 0.908796 283 0.004717
91 0.918835 306 0.005100
92 0.928874 237 0.003950
93 0.938913 149 0.002483
94 0.948952 57 0.000950
95 0.958991 36 0.000600
96 0.969030 46 0.000767
97 0.979069 25 0.000417
98 0.989108 9 0.000150
99 0.999147 0 0.000000
