0 0.055241 3 0.000050
1 0.064792 0 0.000000
2 0.074343 6 0.000100
3 0.083894 1 0.000017
4 0.093445 17 0.000283
5 0.102996 0 0.000000
6 0.112547 4 0.000067
7 0.122098 12 0.000200
8 0.131649 8 0.000133
9 0.141200 2 0.000033
10 0.150751 11 0.000183
11 0.160302 2 0.000033
12 0.169853 10 0.000167
13 0.179404 16 0.000267
14 0.188955 7 0.000117
15 0.198506 8 0.000133
16 0.208057 6 0.000100
17 0.217607 27 0.000450
18 0.227158 23 0.000383
19 0.236709 6 0.000100
20 0.246260 25 0.000417
21 0.255811 115 0.001917
22 0.265362 116 0.001933
23 0.274913 95 0.001583
24 0.284464 150 0.002500
25 0.294015 26 0.000433
26 0.303566 42 0.000700
27 0.313117 148 0.002467
28 0.322668 278 0.004633
29 0.332219 218 0.003633
30 0.341770 48 0.000800
31 0.351321 204 0.003400
32 0.360872 447 0.007450
33 0.370423 159 0.002650
34 0.379974 51 0.000850
35 0.389525 228 0.003800
36 0.399075 114 0.001900
37 0.408626 235 0.003917
38 0.418177 153 0.002550
39 0.427728 811 0.013517
40 0.437279 734 0.012233
41 0.446830 251 0.004183
42 0.456381 462 0.007700
43 0.465932 798 0.013300
44 0.475483 1592 0.026533
45 0.485034 3287 0.054783
46 0.494585 11312 0.188533
47 0.504136 10242 0.170700
48 0.513687 2704 0.045067
49 0.523238 1443 0.024050
50 0.532789 1065 0.017750
51 0.542340 800 0.013333
52 0.551891 775 0.012917
53 0.561441 880 0.014667
54 0.570992 1094 0.018233
55 0.580543 1573 0.026217
56 0.590094 3045 0.050750
57 0.599645 2219 0.036983
58 0.609196 1400 0.023333
59 0.618747 834 0.013900
60 0.628298 752 0.012533
61 0.637849 602 0.010033
62 0.647400 409 0.006817
63 0.656951 181 0.003017
64 0.666502 663 0.011050
65 0.676053 215 0.003583
66 0.685604 119 0.001983
67 0.695155 186 0.003100
68 0.704706 983 0.016383
69 0.714257 420 0.007000
70 0.723808 600 0.010000
71 0.733359 96 0.001600
72 0.742909 137 0.002283
73 0.752460 87 0.001450
74 0.762011 110 0.001833
75 0.771562 205 0.003417
76 0.781113 34 0.000567
77 0.790664 102 0.001700
78 0.800215 165 0.002750
79 0.809766 95 0.001583
80 0.819317 172 0.002867
81 0.828868 234 0.003900
82 0.838419 348 0.005800
83 0.847970 278 0.004633
84 0.857521 295 0.004917
85 0.867072 343 0.005717
86 0.876623 112 0.001867
87 0.886174 292 0.004867
88 0.895725 160 0.002667
89 0.905276 332 0.005533
90 0.914826 217 0.003617
91 0.924377 144 0.002400
92 0.933928 169 0.002817
93 0.943479 152 0.002533
94 0.953030 74 0.001233
95 0.962581 138 0.002300
96 0.972132 24 0.000400
97 0.981683 10 0.000167
98 0.991234 1 0.000017
99 1.000785 2 0.000033
