0 -0.393411 1 0.000050
1 -0.385469 1 0.000050
2 -0.377528 0 0.000000
3 -0.369586 1 0.000050
4 -0.361645 0 0.000000
5 -0.353703 0 0.000000
6 -0.345761 0 0.000000
7 -0.337820 0 0.000000
8 -0.329878 1 0.000050
9 -0.321937 3 0.000150
10 -0.313995 2 0.000100
11 -0.306053 0 0.000000
12 -0.298112 3 0.000150
13 -0.290170 2 0.000100
14 -0.282229 4 0.000200
15 -0.274287 3 0.000150
16 -0.266345 1 0.000050
17 -0.258404 0 0.000000
18 -0.250462 1 0.000050
19 -0.242521 5 0.000250
20 -0.234579 3 0.000150
21 -0.226638 4 0.000200
22 -0.218696 4 0.000200
23 -0.210754 5 0.000250
24 -0.202813 12 0.000600
25 -0.194871 36 0.001800
26 -0.186930 87 0.004350
27 -0.178988 70 0.003500
28 -0.171046 50 0.002500
29 -0.163105 77 0.003850
30 -0.155163 141 0.007050
31 -0.147222 245 0.012250
32 -0.139280 208 0.010400
33 -0.131338 145 0.007250
34 -0.123397 127 0.006350
35 -0.115455 186 0.009300
36 -0.107514 187 0.009350
37 -0.099572 271 0.013550
38 -0.091631 593 0.029650
39 -0.083689 809 0.040450
40 -0.075747 444 0.022200
41 -0.067806 371 0.018550
42 -0.059864 424 0.021200
43 -0.051923 574 0.028700
44 -0.043981 642 0.032100
45 -0.036039 523 0.026150
46 -0.028098 561 0.028050
47 -0.020156 1381 0.069050
48 -0.012215 3874 0.193700
49 -0.004273 1045 0.052250
50 0.003669 821 0.041050
51 0.011610 880 0.044000
52 0.019552 776 0.038800
53 0.027493 403 0.020150
54 0.035435 305 0.015250
55 0.043376 438 0.021900
56 0.051318 600 0.030000
57 0.059260 435 0.021750
58 0.067201 272 0.013600
59 0.075143 201 0.010050
60 0.083084 214 0.010700
61 0.091026 161 0.008050
62 0.098968 177 0.008850
63 0.106909 260 0.013000
64 0.114851 314 0.015700
65 0.122792 137 0.006850
66 0.130734 75 0.003750
67 0.138676 90 0.004500
68 0.146617 105 0.005250
69 0.154559 75 0.003750
70 0.162500 50 0.002500
71 0.170442 19 0.000950
72 0.178383 14 0.000700
73 0.186325 9 0.000450
74 0.194267 15 0.000750
75 0.202208 6 0.000300
76 0.210150 7 0.000350
77 0.218091 0 0.000000
78 0.226033 3 0.000150
79 0.233975 0 0.000000
80 0.241916 1 0.000050
81 0.249858 1 0.000050
82 0.257799 0 0.000000
83 0.265741 0 0.000000
84 0.273683 0 0.000000
85 0.281624 2 0.000100
86 0.289566 1 0.000050
87 0.297507 0 0.000000
88 0.305449 0 0.000000
89 0.313391 1 0.000050
90 0.321332 0 0.000000
91 0.329274 0 0.000000
92 0.337215 1 0.000050
93 0.345157 0 0.000000
94 0.353098 0 0.000000
95 0.361040 0 0.000000
96 0.368982 1 0.000050
97 0.376923 0 0.000000
98 0.384865 2 0.000100
99 0.392806 1 0.000050
