0 -0.393411 1 0.000017
1 -0.385469 1 0.000017
2 -0.377528 0 0.000000
3 -0.369586 1 0.000017
4 -0.361645 0 0.000000
5 -0.353703 0 0.000000
6 -0.345761 0 0.000000
7 -0.337820 0 0.000000
8 -0.329878 1 0.000017
9 -0.321937 3 0.000050
10 -0.313995 2 0.000033
11 -0.306053 0 0.000000
12 -0.298112 3 0.000050
13 -0.290170 2 0.000033
14 -0.282229 4 0.000067
15 -0.274287 3 0.000050
16 -0.266345 1 0.000017
17 -0.258404 0 0.000000
18 -0.250462 1 0.000017
19 -0.242521 5 0.000083
20 -0.234579 3 0.000050
21 -0.226638 4 0.000067
22 -0.218696 4 0.000067
23 -0.210754 5 0.000083
24 -0.202813 12 0.000200
25 -0.194871 36 0.000600
26 -0.186930 87 0.001450
27 -0.178988 70 0.001167
28 -0.171046 50 0.000833
29 -0.163105 77 0.001283
30 -0.155163 141 0.002350
31 -0.147222 245 0.004083
32 -0.139280 208 0.003467
33 -0.131338 145 0.002417
34 -0.123397 127 0.002117
35 -0.115455 186 0.003100
36 -0.107514 187 0.003117
37 -0.099572 271 0.004517
38 -0.091631 594 0.009900
39 -0.083689 809 0.013483
40 -0.075747 446 0.007433
41 -0.067806 373 0.006217
42 -0.059864 428 0.007133
43 -0.051923 583 0.009717
44 -0.043981 695 0.011583
45 -0.036039 776 0.012933
46 -0.028098 1768 0.029467
47 -0.020156 6407 0.106783
48 -0.012215 28249 0.470817
49 -0.004273 8647 0.144117
50 0.003669 1940 0.032333
51 0.011610 1124 0.018733
52 0.019552 839 0.013983
53 0.027493 422 0.007033
54 0.035435 315 0.005250
55 0.043376 447 0.007450
56 0.051318 602 0.010033
57 0.059260 435 0.007250
58 0.067201 272 0.004533
59 0.075143 201 0.003350
60 0.083084 214 0.003567
61 0.091026 161 0.002683
62 0.098968 177 0.002950
63 0.106909 260 0.004333
64 0.114851 314 0.005233
65 0.122792 137 0.002283
66 0.130734 75 0.001250
67 0.138676 90 0.001500
68 0.146617 105 0.001750
69 0.154559 75 0.001250
70 0.162500 50 0.000833
71 0.170442 19 0.000317
72 0.178383 14 0.000233
73 0.186325 9 0.000150
74 0.194267 15 0.000250
75 0.202208 6 0.000100
76 0.210150 7 0.000117
77 0.218091 0 0.000000
78 0.226033 3 0.000050
79 0.233975 0 0.000000
80 0.241916 1 0.000017
81 0.249858 1 0.000017
82 0.257799 0 0.000000
83 0.265741 0 0.000000
84 0.273683 0 0.000000
85 0.281624 2 0.000033
86 0.289566 1 0.000017
87 0.297507 0 0.000000
88 0.305449 0 0.000000
89 0.313391 1 0.000017
90 0.321332 0 0.000000
91 0.329274 0 0.000000
92 0.337215 1 0.000017
93 0.345157 0 0.000000
94 0.353098 0 0.000000
95 0.361040 0 0.000000
96 0.368982 1 0.000017
97 0.376923 0 0.000000
98 0.384865 2 0.000033
99 0.392806 1 0.000017
