0 -0.083842 1 0.000050
1 -0.082473 0 0.000000
2 -0.081104 0 0.000000
3 -0.079735 0 0.000000
4 -0.078366 0 0.000000
5 -0.076997 0 0.000000
6 -0.075628 0 0.000000
7 -0.074259 0 0.000000
8 -0.072890 1 0.000050
9 -0.071521 1 0.000050
10 -0.070152 0 0.000000
11 -0.068783 0 0.000000
12 -0.067414 1 0.000050
13 -0.066045 0 0.000000
14 -0.064676 0 0.000000
15 -0.063307 1 0.000050
16 -0.061938 0 0.000000
17 -0.060569 1 0.000050
18 -0.059201 0 0.000000
19 -0.057832 0 0.000000
20 -0.056463 0 0.000000
21 -0.055094 0 0.000000
22 -0.053725 2 0.000100
23 -0.052356 0 0.000000
24 -0.050987 1 0.000050
25 -0.049618 0 0.000000
26 -0.048249 2 0.000100
27 -0.046880 1 0.000050
28 -0.045511 2 0.000100
29 -0.044142 1 0.000050
30 -0.042773 2 0.000100
31 -0.041404 2 0.000100
32 -0.040035 3 0.000150
33 -0.038666 8 0.000400
34 -0.037297 6 0.000300
35 -0.035928 9 0.000450
36 -0.034559 15 0.000750
37 -0.033190 11 0.000550
38 -0.031821 19 0.000950
39 -0.030452 10 0.000500
40 -0.029083 14 0.000700
41 -0.027714 17 0.000850
42 -0.026345 24 0.001200
43 -0.024976 66 0.003300
44 -0.023607 65 0.003250
45 -0.022238 57 0.002850
46 -0.020869 98 0.004900
47 -0.019500 148 0.007400
48 -0.018131 137 0.006850
49 -0.016762 207 0.010350
50 -0.015393 264 0.013200
51 -0.014024 340 0.017000
52 -0.012655 569 0.028450
53 -0.011286 820 0.041000
54 -0.009917 1486 0.074300
55 -0.008549 2577 0.128850
56 -0.007180 3451 0.172550
57 -0.005811 3440 0.172000
58 -0.004442 2396 0.119800
59 -0.003073 1255 0.062750
60 -0.001704 680 0.034000
61 -0.000335 437 0.021850
62 0.001034 321 0.016050
63 0.002403 215 0.010750
64 0.003772 162 0.008100
65 0.005141 150 0.007500
66 0.006510 87 0.004350
67 0.007879 83 0.004150
68 0.009248 59 0.002950
69 0.010617 52 0.002600
70 0.011986 41 0.002050
71 0.013355 33 0.001650
72 0.014724 26 0.001300
73 0.016093 26 0.001300
74 0.017462 11 0.000550
75 0.018831 18 0.000900
76 0.020200 12 0.000600
77 0.021569 7 0.000350
78 0.022938 3 0.000150
79 0.024307 3 0.000150
80 0.025676 6 0.000300
81 0.027045 5 0.000250
82 0.028414 3 0.000150
83 0.029783 3 0.000150
84 0.031152 4 0.000200
85 0.032521 1 0.000050
86 0.033890 1 0.000050
87 0.035259 0 0.000000
88 0.036628 1 0.000050
89 0.037997 1 0.000050
90 0.039366 3 0.000150
91 0.040735 4 0.000200
92 0.042103 0 0.000000
93 0.043472 0 0.000000
94 0.044841 2 0.000100
95 0.046210 2 0.000100
96 0.047579 2 0.000100
97 0.048948 3 0.000150
98 0.050317 0 0.000000
99 0.051686 2 0.000100
