0 0.000000 50654 0.844233
1 0.001563 2164 0.036067
2 0.003127 1310 0.021833
3 0.004690 1045 0.017417
4 0.006253 1148 0.019133
5 0.007817 587 0.009783
6 0.009380 334 0.005567
7 0.010943 383 0.006383
8 0.012507 422 0.007033
9 0.014070 299 0.004983
10 0.015634 205 0.003417
11 0.017197 188 0.003133
12 0.018760 256 0.004267
13 0.020324 204 0.003400
14 0.021887 169 0.002817
15 0.023450 118 0.001967
16 0.025014 89 0.001483
17 0.026577 58 0.000967
18 0.028140 54 0.000900
19 0.029704 50 0.000833
20 0.031267 54 0.000900
21 0.032830 51 0.000850
22 0.034394 38 0.000633
23 0.035957 18 0.000300
24 0.037521 10 0.000167
25 0.039084 17 0.000283
26 0.040647 11 0.000183
27 0.042211 4 0.000067
28 0.043774 4 0.000067
29 0.045337 5 0.000083
30 0.046901 2 0.000033
31 0.048464 3 0.000050
32 0.050027 1 0.000017
33 0.051591 3 0.000050
34 0.053154 2 0.000033
35 0.054717 4 0.000067
36 0.056281 2 0.000033
37 0.057844 0 0.000000
38 0.059407 1 0.000017
39 0.060971 1 0.000017
40 0.062534 1 0.000017
41 0.064098 0 0.000000
42 0.065661 0 0.000000
43 0.067224 1 0.000017
44 0.068788 0 0.000000
45 0.070351 0 0.000000
46 0.071914 2 0.000033
47 0.073478 1 0.000017
48 0.075041 3 0.000050
49 0.076604 1 0.000017
50 0.078168 1 0.000017
51 0.079731 1 0.000017
52 0.081294 1 0.000017
53 0.082858 1 0.000017
54 0.084421 1 0.000017
55 0.085985 2 0.000033
56 0.087548 1 0.000017
57 0.089111 0 0.000000
58 0.090675 0 0.000000
59 0.092238 0 0.000000
60 0.093801 2 0.000033
61 0.095365 0 0.000000
62 0.096928 0 0.000000
63 0.098491 1 0.000017
64 0.100055 2 0.000033
65 0.101618 1 0.000017
66 0.103181 1 0.000017
67 0.104745 0 0.000000
68 0.106308 0 0.000000
69 0.107871 0 0.000000
70 0.109435 0 0.000000
71 0.110998 0 0.000000
72 0.112562 0 0.000000
73 0.114125 1 0.000017
74 0.115688 0 0.000000
75 0.117252 0 0.000000
76 0.118815 0 0.000000
77 0.120378 0 0.000000
78 0.121942 0 0.000000
79 0.123505 0 0.000000
80 0.125068 0 0.000000
81 0.126632 0 0.000000
82 0.128195 0 0.000000
83 0.129758 0 0.000000
84 0.131322 1 0.000017
85 0.132885 0 0.000000
86 0.134449 0 0.000000
87 0.136012 0 0.000000
88 0.137575 0 0.000000
89 0.139139 1 0.000017
90 0.140702 0 0.000000
91 0.142265 0 0.000000
92 0.143829 0 0.000000
93 0.145392 1 0.000017
94 0.146955 0 0.000000
95 0.148519 0 0.000000
96 0.150082 1 0.000017
97 0.151645 0 0.000000
98 0.153209 2 0.000033
99 0.154772 1 0.000017
