0 -0.052475 1 0.000050
1 -0.051527 0 0.000000
2 -0.050580 0 0.000000
3 -0.049633 0 0.000000
4 -0.048685 0 0.000000
5 -0.047738 2 0.000100
6 -0.046791 1 0.000050
7 -0.045844 0 0.000000
8 -0.044896 0 0.000000
9 -0.043949 4 0.000200
10 -0.043002 1 0.000050
11 -0.042054 3 0.000150
12 -0.041107 3 0.000150
13 -0.040160 4 0.000200
14 -0.039212 9 0.000450
15 -0.038265 4 0.000200
16 -0.037318 4 0.000200
17 -0.036371 4 0.000200
18 -0.035423 5 0.000250
19 -0.034476 5 0.000250
20 -0.033529 6 0.000300
21 -0.032581 15 0.000750
22 -0.031634 31 0.001550
23 -0.030687 30 0.001500
24 -0.029739 43 0.002150
25 -0.028792 56 0.002800
26 -0.027845 39 0.001950
27 -0.026898 55 0.002750
28 -0.025950 77 0.003850
29 -0.025003 89 0.004450
30 -0.024056 98 0.004900
31 -0.023108 147 0.007350
32 -0.022161 167 0.008350
33 -0.021214 229 0.011450
34 -0.020267 182 0.009100
35 -0.019319 226 0.011300
36 -0.018372 300 0.015000
37 -0.017425 354 0.017700
38 -0.016477 404 0.020200
39 -0.015530 501 0.025050
40 -0.014583 594 0.029700
41 -0.013635 707 0.035350
42 -0.012688 878 0.043900
43 -0.011741 1044 0.052200
44 -0.010794 1315 0.065750
45 -0.009846 1673 0.083650
46 -0.008899 1917 0.095850
47 -0.007952 2007 0.100350
48 -0.007004 1619 0.080950
49 -0.006057 1088 0.054400
50 -0.005110 840 0.042000
51 -0.004162 675 0.033750
52 -0.003215 512 0.025600
53 -0.002268 368 0.018400
54 -0.001321 310 0.015500
55 -0.000373 276 0.013800
56 0.000574 178 0.008900
57 0.001521 124 0.006200
58 0.002469 116 0.005800
59 0.003416 91 0.004550
60 0.004363 73 0.003650
61 0.005310 82 0.004100
62 0.006258 75 0.003750
63 0.007205 54 0.002700
64 0.008152 63 0.003150
65 0.009100 45 0.002250
66 0.010047 37 0.001850
67 0.010994 35 0.001750
68 0.011942 17 0.000850
69 0.012889 21 0.001050
70 0.013836 12 0.000600
71 0.014783 8 0.000400
72 0.015731 8 0.000400
73 0.016678 2 0.000100
74 0.017625 3 0.000150
75 0.018573 6 0.000300
76 0.019520 3 0.000150
77 0.020467 4 0.000200
78 0.021415 2 0.000100
79 0.022362 1 0.000050
80 0.023309 5 0.000250
81 0.024256 1 0.000050
82 0.025204 2 0.000100
83 0.026151 2 0.000100
84 0.027098 2 0.000100
85 0.028046 1 0.000050
86 0.028993 3 0.000150
87 0.029940 1 0.000050
88 0.030888 0 0.000000
89 0.031835 0 0.000000
90 0.032782 0 0.000000
91 0.033729 0 0.000000
92 0.034677 0 0.000000
93 0.035624 0 0.000000
94 0.036571 0 0.000000
95 0.037519 0 0.000000
96 0.038466 0 0.000000
97 0.039413 0 0.000000
98 0.040360 0 0.000000
99 0.041308 1 0.000050
