0 0.008426 9 0.000150
1 0.018442 6 0.000100
2 0.028458 11 0.000183
3 0.038473 13 0.000217
4 0.048489 13 0.000217
5 0.058505 7 0.000117
6 0.068521 14 0.000233
7 0.078537 17 0.000283
8 0.088553 12 0.000200
9 0.098569 25 0.000417
10 0.108585 7 0.000117
11 0.118601 15 0.000250
12 0.128617 14 0.000233
13 0.138633 13 0.000217
14 0.148648 9 0.000150
15 0.158664 26 0.000433
16 0.168680 20 0.000333
17 0.178696 21 0.000350
18 0.188712 29 0.000483
19 0.198728 32 0.000533
20 0.208744 44 0.000733
21 0.218760 47 0.000783
22 0.228776 25 0.000417
23 0.238792 31 0.000517
24 0.248807 68 0.001133
25 0.258823 58 0.000967
26 0.268839 64 0.001067
27 0.278855 95 0.001583
28 0.288871 98 0.001633
29 0.298887 113 0.001883
30 0.308903 219 0.003650
31 0.318919 212 0.003533
32 0.328935 404 0.006733
33 0.338951 247 0.004117
34 0.348966 246 0.004100
35 0.358982 291 0.004850
36 0.368998 487 0.008117
37 0.379014 389 0.006483
38 0.389030 384 0.006400
39 0.399046 480 0.008000
40 0.409062 659 0.010983
41 0.419078 1047 0.017450
42 0.429094 1368 0.022800
43 0.439110 885 0.014750
44 0.449125 1125 0.018750
45 0.459141 1455 0.024250
46 0.469157 1943 0.032383
47 0.479173 2402 0.040033
48 0.489189 3967 0.066117
49 0.499205 7881 0.131350
50 0.509221 2622 0.043700
51 0.519237 2097 0.034950
52 0.529253 1989 0.033150
53 0.539269 1241 0.020683
54 0.549284 1288 0.021467
55 0.559300 1395 0.023250
56 0.569316 1893 0.031550
57 0.579332 2663 0.044383
58 0.589348 3116 0.051933
59 0.599364 2089 0.034817
60 0.609380 1367 0.022783
61 0.619396 1365 0.022750
62 0.629412 886 0.014767
63 0.639428 581 0.009683
64 0.649443 513 0.008550
65 0.659459 435 0.007250
66 0.669475 388 0.006467
67 0.679491 316 0.005267
68 0.689507 242 0.004033
69 0.699523 260 0.004333
70 0.709539 202 0.003367
71 0.719555 181 0.003017
72 0.729571 173 0.002883
73 0.739587 186 0.003100
74 0.749602 177 0.002950
75 0.759618 202 0.003367
76 0.769634 235 0.003917
77 0.779650 172 0.002867
78 0.789666 213 0.003550
79 0.799682 163 0.002717
80 0.809698 201 0.003350
81 0.819714 234 0.003900
82 0.829730 264 0.004400
83 0.839746 251 0.004183
84 0.849761 358 0.005967
85 0.859777 465 0.007750
86 0.869793 402 0.006700
87 0.879809 403 0.006717
88 0.889825 260 0.004333
89 0.899841 277 0.004617
90 0.909857 250 0.004167
91 0.919873 358 0.005967
92 0.929889 235 0.003917
93 0.939905 155 0.002583
94 0.949920 70 0.001167
95 0.959936 43 0.000717
96 0.969952 46 0.000767
97 0.979968 23 0.000383
98 0.989984 7 0.000117
99 1.000000 1 0.000017
