0 0.011722 3 0.000150
1 0.021494 2 0.000100
2 0.031267 6 0.000300
3 0.041040 6 0.000300
4 0.050813 11 0.000550
5 0.060585 1 0.000050
6 0.070358 10 0.000500
7 0.080131 10 0.000500
8 0.089904 7 0.000350
9 0.099676 18 0.000900
10 0.109449 5 0.000250
11 0.119222 6 0.000300
12 0.128995 12 0.000600
13 0.138767 7 0.000350
14 0.148540 4 0.000200
15 0.158313 22 0.001100
16 0.168086 14 0.000700
17 0.177858 17 0.000850
18 0.187631 24 0.001200
19 0.197404 19 0.000950
20 0.207176 32 0.001600
21 0.216949 41 0.002050
22 0.226722 18 0.000900
23 0.236495 23 0.001150
24 0.246267 33 0.001650
25 0.256040 33 0.001650
26 0.265813 27 0.001350
27 0.275586 49 0.002450
28 0.285358 53 0.002650
29 0.295131 63 0.003150
30 0.304904 76 0.003800
31 0.314677 64 0.003200
32 0.324449 83 0.004150
33 0.334222 94 0.004700
34 0.343995 83 0.004150
35 0.353768 91 0.004550
36 0.363540 117 0.005850
37 0.373313 125 0.006250
38 0.383086 172 0.008600
39 0.392859 173 0.008650
40 0.402631 223 0.011150
41 0.412404 244 0.012200
42 0.422177 306 0.015300
43 0.431950 376 0.018800
44 0.441722 437 0.021850
45 0.451495 593 0.029650
46 0.461268 745 0.037250
47 0.471041 1003 0.050150
48 0.480813 1750 0.087500
49 0.490586 3077 0.153850
50 0.500359 2855 0.142750
51 0.510132 1521 0.076050
52 0.519904 997 0.049850
53 0.529677 671 0.033550
54 0.539450 418 0.020900
55 0.549223 406 0.020300
56 0.558995 361 0.018050
57 0.568768 336 0.016800
58 0.578541 267 0.013350
59 0.588314 183 0.009150
60 0.598086 170 0.008500
61 0.607859 141 0.007050
62 0.617632 127 0.006350
63 0.627405 103 0.005150
64 0.637177 92 0.004600
65 0.646950 102 0.005100
66 0.656723 78 0.003900
67 0.666495 72 0.003600
68 0.676268 80 0.004000
69 0.686041 60 0.003000
70 0.695814 47 0.002350
71 0.705586 36 0.001800
72 0.715359 42 0.002100
73 0.725132 36 0.001800
74 0.734905 33 0.001650
75 0.744677 40 0.002000
76 0.754450 24 0.001200
77 0.764223 31 0.001550
78 0.773996 29 0.001450
79 0.783768 20 0.001000
80 0.793541 15 0.000750
81 0.803314 13 0.000650
82 0.813087 14 0.000700
83 0.822859 18 0.000900
84 0.832632 13 0.000650
85 0.842405 27 0.001350
86 0.852178 12 0.000600
87 0.861950 7 0.000350
88 0.871723 7 0.000350
89 0.881496 9 0.000450
90 0.891269 10 0.000500
91 0.901041 15 0.000750
92 0.910814 11 0.000550
93 0.920587 5 0.000250
94 0.930360 17 0.000850
95 0.940132 6 0.000300
96 0.949905 2 0.000100
97 0.959678 3 0.000150
98 0.969451 9 0.000450
99 0.979223 1 0.000050
