0 0.122462 2 0.000100
1 0.130459 1 0.000050
2 0.138456 0 0.000000
3 0.146453 0 0.000000
4 0.154450 0 0.000000
5 0.162447 0 0.000000
6 0.170444 1 0.000050
7 0.178441 0 0.000000
8 0.186438 0 0.000000
9 0.194435 0 0.000000
10 0.202432 3 0.000150
11 0.210429 4 0.000200
12 0.218426 7 0.000350
13 0.226423 1 0.000050
14 0.234420 2 0.000100
15 0.242417 1 0.000050
16 0.250414 1 0.000050
17 0.258411 2 0.000100
18 0.266408 1 0.000050
19 0.274406 2 0.000100
20 0.282403 0 0.000000
21 0.290400 8 0.000400
22 0.298397 16 0.000800
23 0.306394 21 0.001050
24 0.314391 41 0.002050
25 0.322388 59 0.002950
26 0.330385 74 0.003700
27 0.338382 45 0.002250
28 0.346379 69 0.003450
29 0.354376 123 0.006150
30 0.362373 124 0.006200
31 0.370370 320 0.016000
32 0.378367 140 0.007000
33 0.386364 182 0.009100
34 0.394361 162 0.008100
35 0.402358 220 0.011000
36 0.410355 304 0.015200
37 0.418352 446 0.022300
38 0.426349 952 0.047600
39 0.434346 468 0.023400
40 0.442343 339 0.016950
41 0.450340 404 0.020200
42 0.458337 507 0.025350
43 0.466334 781 0.039050
44 0.474332 533 0.026650
45 0.482329 601 0.030050
46 0.490326 673 0.033650
47 0.498323 4486 0.224300
48 0.506320 719 0.035950
49 0.514317 637 0.031850
50 0.522314 831 0.041550
51 0.530311 869 0.043450
52 0.538308 444 0.022200
53 0.546305 404 0.020200
54 0.554302 444 0.022200
55 0.562299 440 0.022000
56 0.570296 668 0.033400
57 0.578293 319 0.015950
58 0.586290 278 0.013900
59 0.594287 166 0.008300
60 0.602284 243 0.012150
61 0.610281 192 0.009600
62 0.618278 234 0.011700
63 0.626275 383 0.019150
64 0.634272 105 0.005250
65 0.642269 65 0.003250
66 0.650266 85 0.004250
67 0.658263 93 0.004650
68 0.666260 65 0.003250
69 0.674258 85 0.004250
70 0.682255 24 0.001200
71 0.690252 23 0.001150
72 0.698249 19 0.000950
73 0.706246 18 0.000900
74 0.714243 5 0.000250
75 0.722240 0 0.000000
76 0.730237 2 0.000100
77 0.738234 0 0.000000
78 0.746231 0 0.000000
79 0.754228 0 0.000000
80 0.762225 0 0.000000
81 0.770222 2 0.000100
82 0.778219 3 0.000150
83 0.786216 0 0.000000
84 0.794213 1 0.000050
85 0.802210 3 0.000150
86 0.810207 0 0.000000
87 0.818204 0 0.000000
88 0.826201 0 0.000000
89 0.834198 0 0.000000
90 0.842195 0 0.000000
91 0.850192 0 0.000000
92 0.858189 0 0.000000
93 0.866186 0 0.000000
94 0.874184 0 0.000000
95 0.882181 1 0.000050
96 0.890178 0 0.000000
97 0.898175 3 0.000150
98 0.906172 1 0.000050
99 0.914169 0 0.000000
