0 0.424130 3 0.000150
1 0.425920 3 0.000150
2 0.427710 0 0.000000
3 0.429500 1 0.000050
4 0.431290 1 0.000050
5 0.433080 2 0.000100
6 0.434869 0 0.000000
7 0.436659 1 0.000050
8 0.438449 0 0.000000
9 0.440239 0 0.000000
10 0.442029 0 0.000000
11 0.443819 0 0.000000
12 0.445608 4 0.000200
13 0.447398 8 0.000400
14 0.449188 8 0.000400
15 0.450978 10 0.000500
16 0.452768 6 0.000300
17 0.454558 7 0.000350
18 0.456347 9 0.000450
19 0.458137 17 0.000850
20 0.459927 13 0.000650
21 0.461717 9 0.000450
22 0.463507 18 0.000900
23 0.465296 29 0.001450
24 0.467086 29 0.001450
25 0.468876 25 0.001250
26 0.470666 34 0.001700
27 0.472456 28 0.001400
28 0.474246 53 0.002650
29 0.476035 44 0.002200
30 0.477825 51 0.002550
31 0.479615 72 0.003600
32 0.481405 61 0.003050
33 0.483195 83 0.004150
34 0.484985 86 0.004300
35 0.486774 102 0.005100
36 0.488564 124 0.006200
37 0.490354 134 0.006700
38 0.492144 136 0.006800
39 0.493934 183 0.009150
40 0.495724 248 0.012400
41 0.497513 259 0.012950
42 0.499303 354 0.017700
43 0.501093 465 0.023250
44 0.502883 816 0.040800
45 0.504673 979 0.048950
46 0.506463 1181 0.059050
47 0.508252 1577 0.078850
48 0.510042 2395 0.119750
49 0.511832 2692 0.134600
50 0.513622 1845 0.092250
51 0.515412 1279 0.063950
52 0.517202 945 0.047250
53 0.518991 790 0.039500
54 0.520781 469 0.023450
55 0.522571 337 0.016850
56 0.524361 295 0.014750
57 0.526151 175 0.008750
58 0.527941 167 0.008350
59 0.529730 96 0.004800
60 0.531520 113 0.005650
61 0.533310 104 0.005200
62 0.535100 95 0.004750
63 0.536890 79 0.003950
64 0.538679 63 0.003150
65 0.540469 72 0.003600
66 0.542259 53 0.002650
67 0.544049 44 0.002200
68 0.545839 38 0.001900
69 0.547629 55 0.002750
70 0.549418 37 0.001850
71 0.551208 34 0.001700
72 0.552998 56 0.002800
73 0.554788 39 0.001950
74 0.556578 41 0.002050
75 0.558368 44 0.002200
76 0.560157 28 0.001400
77 0.561947 37 0.001850
78 0.563737 19 0.000950
79 0.565527 22 0.001100
80 0.567317 20 0.001000
81 0.569107 14 0.000700
82 0.570896 13 0.000650
83 0.572686 14 0.000700
84 0.574476 12 0.000600
85 0.576266 5 0.000250
86 0.578056 24 0.001200
87 0.579846 1 0.000050
88 0.581635 6 0.000300
89 0.583425 4 0.000200
90 0.585215 3 0.000150
91 0.587005 7 0.000350
92 0.588795 6 0.000300
93 0.590585 8 0.000400
94 0.592374 9 0.000450
95 0.594164 12 0.000600
96 0.595954 4 0.000200
97 0.597744 4 0.000200
98 0.599534 2 0.000100
99 0.601323 1 0.000050
