0 0.028307 4 0.000200
1 0.038123 12 0.000600
2 0.047938 5 0.000250
3 0.057754 5 0.000250
4 0.067569 3 0.000150
5 0.077385 13 0.000650
6 0.087200 11 0.000550
7 0.097016 11 0.000550
8 0.106831 9 0.000450
9 0.116646 6 0.000300
10 0.126462 10 0.000500
11 0.136277 10 0.000500
12 0.146093 12 0.000600
13 0.155908 15 0.000750
14 0.165724 21 0.001050
15 0.175539 21 0.001050
16 0.185355 15 0.000750
17 0.195170 31 0.001550
18 0.204985 27 0.001350
19 0.214801 24 0.001200
20 0.224616 23 0.001150
21 0.234432 22 0.001100
22 0.244247 34 0.001700
23 0.254063 29 0.001450
24 0.263878 35 0.001750
25 0.273694 26 0.001300
26 0.283509 52 0.002600
27 0.293324 69 0.003450
28 0.303140 62 0.003100
29 0.312955 69 0.003450
30 0.322771 75 0.003750
31 0.332586 80 0.004000
32 0.342402 98 0.004900
33 0.352217 94 0.004700
34 0.362033 104 0.005200
35 0.371848 115 0.005750
36 0.381663 171 0.008550
37 0.391479 170 0.008500
38 0.401294 171 0.008550
39 0.411110 228 0.011400
40 0.420925 230 0.011500
41 0.430741 366 0.018300
42 0.440556 417 0.020850
43 0.450372 447 0.022350
44 0.460187 586 0.029300
45 0.470002 819 0.040950
46 0.479818 1164 0.058200
47 0.489633 1982 0.099100
48 0.499449 3416 0.170800
49 0.509264 2301 0.115050
50 0.519080 1397 0.069850
51 0.528895 849 0.042450
52 0.538710 579 0.028950
53 0.548526 422 0.021100
54 0.558341 391 0.019550
55 0.568157 326 0.016300
56 0.577972 357 0.017850
57 0.587788 239 0.011950
58 0.597603 182 0.009100
59 0.607419 143 0.007150
60 0.617234 136 0.006800
61 0.627050 147 0.007350
62 0.636865 91 0.004550
63 0.646680 80 0.004000
64 0.656496 90 0.004500
65 0.666311 71 0.003550
66 0.676127 86 0.004300
67 0.685942 91 0.004550
68 0.695758 44 0.002200
69 0.705573 45 0.002250
70 0.715388 51 0.002550
71 0.725204 37 0.001850
72 0.735019 25 0.001250
73 0.744835 36 0.001800
74 0.754650 36 0.001800
75 0.764466 20 0.001000
76 0.774281 34 0.001700
77 0.784097 36 0.001800
78 0.793912 15 0.000750
79 0.803727 15 0.000750
80 0.813543 15 0.000750
81 0.823358 24 0.001200
82 0.833174 12 0.000600
83 0.842989 9 0.000450
84 0.852805 19 0.000950
85 0.862620 13 0.000650
86 0.872436 17 0.000850
87 0.882251 8 0.000400
88 0.892066 9 0.000450
89 0.901882 11 0.000550
90 0.911697 14 0.000700
91 0.921513 13 0.000650
92 0.931328 13 0.000650
93 0.941144 7 0.000350
94 0.950959 5 0.000250
95 0.960775 7 0.000350
96 0.970590 4 0.000200
97 0.980405 4 0.000200
98 0.990221 4 0.000200
99 1.000036 1 0.000050
