0 0.008426 6 0.000300
1 0.018442 5 0.000250
2 0.028458 4 0.000200
3 0.038473 8 0.000400
4 0.048489 4 0.000200
5 0.058505 3 0.000150
6 0.068521 6 0.000300
7 0.078537 6 0.000300
8 0.088553 5 0.000250
9 0.098569 7 0.000350
10 0.108585 3 0.000150
11 0.118601 5 0.000250
12 0.128617 1 0.000050
13 0.138633 6 0.000300
14 0.148648 5 0.000250
15 0.158664 3 0.000150
16 0.168680 5 0.000250
17 0.178696 4 0.000200
18 0.188712 5 0.000250
19 0.198728 6 0.000300
20 0.208744 3 0.000150
21 0.218760 3 0.000150
22 0.228776 4 0.000200
23 0.238792 5 0.000250
24 0.248807 29 0.001450
25 0.258823 26 0.001300
26 0.268839 32 0.001600
27 0.278855 39 0.001950
28 0.288871 31 0.001550
29 0.298887 21 0.001050
30 0.308903 111 0.005550
31 0.318919 83 0.004150
32 0.328935 209 0.010450
33 0.338951 96 0.004800
34 0.348966 45 0.002250
35 0.358982 19 0.000950
36 0.368998 20 0.001000
37 0.379014 19 0.000950
38 0.389030 18 0.000900
39 0.399046 31 0.001550
40 0.409062 27 0.001350
41 0.419078 24 0.001200
42 0.429094 24 0.001200
43 0.439110 37 0.001850
44 0.449125 60 0.003000
45 0.459141 45 0.002250
46 0.469157 71 0.003550
47 0.479173 79 0.003950
48 0.489189 117 0.005850
49 0.499205 124 0.006200
50 0.509221 134 0.006700
51 0.519237 181 0.009050
52 0.529253 189 0.009450
53 0.539269 271 0.013550
54 0.549284 378 0.018900
55 0.559300 472 0.023600
56 0.569316 765 0.038250
57 0.579332 2012 0.100600
58 0.589348 2654 0.132700
59 0.599364 1661 0.083050
60 0.609380 968 0.048400
61 0.619396 850 0.042500
62 0.629412 522 0.026100
63 0.639428 388 0.019400
64 0.649443 313 0.015650
65 0.659459 252 0.012600
66 0.669475 205 0.010250
67 0.679491 195 0.009750
68 0.689507 164 0.008200
69 0.699523 187 0.009350
70 0.709539 155 0.007750
71 0.719555 138 0.006900
72 0.729571 139 0.006950
73 0.739587 147 0.007350
74 0.749602 140 0.007000
75 0.759618 171 0.008550
76 0.769634 206 0.010300
77 0.779650 144 0.007200
78 0.789666 195 0.009750
79 0.799682 150 0.007500
80 0.809698 184 0.009200
81 0.819714 222 0.011100
82 0.829730 244 0.012200
83 0.839746 229 0.011450
84 0.849761 339 0.016950
85 0.859777 459 0.022950
86 0.869793 397 0.019850
87 0.879809 390 0.019500
88 0.889825 248 0.012400
89 0.899841 262 0.013100
90 0.909857 236 0.011800
91 0.919873 353 0.017650
92 0.929889 218 0.010900
93 0.939905 149 0.007450
94 0.949920 68 0.003400
95 0.959936 39 0.001950
96 0.969952 37 0.001850
97 0.979968 23 0.001150
98 0.989984 7 0.000350
99 1.000000 1 0.000050
