0 0.023411 12 0.000200
1 0.033364 13 0.000217
2 0.043318 14 0.000233
3 0.053271 9 0.000150
4 0.063225 20 0.000333
5 0.073179 15 0.000250
6 0.083132 15 0.000250
7 0.093086 13 0.000217
8 0.103039 19 0.000317
9 0.112993 7 0.000117
10 0.122946 15 0.000250
11 0.132900 14 0.000233
12 0.142853 9 0.000150
13 0.152807 24 0.000400
14 0.162761 26 0.000433
15 0.172714 19 0.000317
16 0.182668 25 0.000417
17 0.192621 31 0.000517
18 0.202575 31 0.000517
19 0.212528 35 0.000583
20 0.222482 26 0.000433
21 0.232435 26 0.000433
22 0.242389 40 0.000667
23 0.252342 48 0.000800
24 0.262296 73 0.001217
25 0.272250 65 0.001083
26 0.282203 84 0.001400
27 0.292157 98 0.001633
28 0.302110 87 0.001450
29 0.312064 170 0.002833
30 0.322017 248 0.004133
31 0.331971 247 0.004117
32 0.341924 156 0.002600
33 0.351878 133 0.002217
34 0.361832 125 0.002083
35 0.371785 139 0.002317
36 0.381739 185 0.003083
37 0.391692 202 0.003367
38 0.401646 190 0.003167
39 0.411599 258 0.004300
40 0.421553 278 0.004633
41 0.431506 412 0.006867
42 0.441460 464 0.007733
43 0.451414 577 0.009617
44 0.461367 804 0.013400
45 0.471321 1194 0.019900
46 0.481274 1821 0.030350
47 0.491228 3594 0.059900
48 0.501181 9942 0.165700
49 0.511135 10929 0.182150
50 0.521088 2838 0.047300
51 0.531042 1495 0.024917
52 0.540996 1066 0.017767
53 0.550949 956 0.015933
54 0.560903 845 0.014083
55 0.570856 908 0.015133
56 0.580810 1498 0.024967
57 0.590763 2619 0.043650
58 0.600717 2573 0.042883
59 0.610670 1598 0.026633
60 0.620624 947 0.015783
61 0.630578 831 0.013850
62 0.640531 547 0.009117
63 0.650485 418 0.006967
64 0.660438 397 0.006617
65 0.670392 326 0.005433
66 0.680345 291 0.004850
67 0.690299 245 0.004083
68 0.700252 220 0.003667
69 0.710206 206 0.003433
70 0.720160 177 0.002950
71 0.730113 180 0.003000
72 0.740067 158 0.002633
73 0.750020 190 0.003167
74 0.759974 175 0.002917
75 0.769927 210 0.003500
76 0.779881 185 0.003083
77 0.789834 232 0.003867
78 0.799788 205 0.003417
79 0.809741 150 0.002500
80 0.819695 184 0.003067
81 0.829649 223 0.003717
82 0.839602 260 0.004333
83 0.849556 254 0.004233
84 0.859509 301 0.005017
85 0.869463 409 0.006817
86 0.879416 441 0.007350
87 0.889370 396 0.006600
88 0.899323 286 0.004767
89 0.909277 236 0.003933
90 0.919231 256 0.004267
91 0.929184 338 0.005633
92 0.939138 280 0.004667
93 0.949091 231 0.003850
94 0.959045 90 0.001500
95 0.968998 52 0.000867
96 0.978952 48 0.000800
97 0.988905 21 0.000350
98 0.998859 26 0.000433
99 1.008813 1 0.000017
