0 0.023411 9 0.000450
1 0.033364 6 0.000300
2 0.043318 5 0.000250
3 0.053271 6 0.000300
4 0.063225 14 0.000700
5 0.073179 5 0.000250
6 0.083132 4 0.000200
7 0.093086 5 0.000250
8 0.103039 5 0.000250
9 0.112993 2 0.000100
10 0.122946 4 0.000200
11 0.132900 5 0.000250
12 0.142853 2 0.000100
13 0.152807 7 0.000350
14 0.162761 4 0.000200
15 0.172714 1 0.000050
16 0.182668 7 0.000350
17 0.192621 4 0.000200
18 0.202575 2 0.000100
19 0.212528 4 0.000200
20 0.222482 5 0.000250
21 0.232435 5 0.000250
22 0.242389 8 0.000400
23 0.252342 20 0.001000
24 0.262296 37 0.001850
25 0.272250 37 0.001850
26 0.282203 36 0.001800
27 0.292157 27 0.001350
28 0.302110 29 0.001450
29 0.312064 98 0.004900
30 0.322017 169 0.008450
31 0.331971 166 0.008300
32 0.341924 58 0.002900
33 0.351878 40 0.002000
34 0.361832 19 0.000950
35 0.371785 22 0.001100
36 0.381739 15 0.000750
37 0.391692 23 0.001150
38 0.401646 22 0.001100
39 0.411599 21 0.001050
40 0.421553 30 0.001500
41 0.431506 25 0.001250
42 0.441460 27 0.001350
43 0.451414 53 0.002650
44 0.461367 54 0.002700
45 0.471321 45 0.002250
46 0.481274 81 0.004050
47 0.491228 103 0.005150
48 0.501181 119 0.005950
49 0.511135 139 0.006950
50 0.521088 135 0.006750
51 0.531042 207 0.010350
52 0.540996 245 0.012250
53 0.550949 290 0.014500
54 0.560903 371 0.018550
55 0.570856 474 0.023700
56 0.580810 1148 0.057400
57 0.590763 2359 0.117950
58 0.600717 2397 0.119850
59 0.610670 1464 0.073200
60 0.620624 815 0.040750
61 0.630578 696 0.034800
62 0.640531 463 0.023150
63 0.650485 317 0.015850
64 0.660438 321 0.016050
65 0.670392 248 0.012400
66 0.680345 198 0.009900
67 0.690299 183 0.009150
68 0.700252 165 0.008250
69 0.710206 172 0.008600
70 0.720160 122 0.006100
71 0.730113 155 0.007750
72 0.740067 127 0.006350
73 0.750020 148 0.007400
74 0.759974 150 0.007500
75 0.769927 178 0.008900
76 0.779881 152 0.007600
77 0.789834 205 0.010250
78 0.799788 193 0.009650
79 0.809741 135 0.006750
80 0.819695 159 0.007950
81 0.829649 210 0.010500
82 0.839602 249 0.012450
83 0.849556 241 0.012050
84 0.859509 285 0.014250
85 0.869463 389 0.019450
86 0.879416 432 0.021600
87 0.889370 387 0.019350
88 0.899323 276 0.013800
89 0.909277 223 0.011150
90 0.919231 241 0.012050
91 0.929184 329 0.016450
92 0.939138 268 0.013400
93 0.949091 226 0.011300
94 0.959045 85 0.004250
95 0.968998 47 0.002350
96 0.978952 44 0.002200
97 0.988905 17 0.000850
98 0.998859 24 0.001200
99 1.008813 1 0.000050
