initializing
training size    : 359556
testing size     : 20000
epoch count      : 10
sub epoch size   : 5

epoch_learning_rate_decay   : 8
learning_rate_decay         : 0.250000

training



epoch [0 0] from [10 5]
training time per iterations 7.209398[ms]
testing on 20000 items
testing done
average error 0.002133
min error     0.000000
max error     0.213690
saving best net
best net saved to networks/disc40x20x3/net_7/trained/, with error 0.002133



epoch [0 1] from [10 5]
training time per iterations 7.224430[ms]
testing on 20000 items
testing done
average error 0.001938
min error     0.000000
max error     0.201305
saving best net
best net saved to networks/disc40x20x3/net_7/trained/, with error 0.001938



epoch [0 2] from [10 5]
training time per iterations 7.219007[ms]
testing on 20000 items
testing done
average error 0.001718
min error     0.000000
max error     0.167573
saving best net
best net saved to networks/disc40x20x3/net_7/trained/, with error 0.001718



epoch [0 3] from [10 5]
training time per iterations 7.219368[ms]
testing on 20000 items
testing done
average error 0.001869
min error     0.000000
max error     0.181114



epoch [0 4] from [10 5]
training time per iterations 7.263520[ms]
testing on 20000 items
testing done
average error 0.001703
min error     0.000000
max error     0.202562
saving best net
best net saved to networks/disc40x20x3/net_7/trained/, with error 0.001703



epoch [1 0] from [10 5]
training time per iterations 7.253049[ms]
testing on 20000 items
testing done
average error 0.001629
min error     0.000000
max error     0.179004
saving best net
best net saved to networks/disc40x20x3/net_7/trained/, with error 0.001629



epoch [1 1] from [10 5]
training time per iterations 7.251130[ms]
testing on 20000 items
testing done
average error 0.001732
min error     0.000000
max error     0.166318



epoch [1 2] from [10 5]
training time per iterations 7.236779[ms]
testing on 20000 items
testing done
average error 0.001895
min error     0.000000
max error     0.193264



epoch [1 3] from [10 5]
training time per iterations 7.243593[ms]
testing on 20000 items
testing done
average error 0.001593
min error     0.000000
max error     0.175225
saving best net
best net saved to networks/disc40x20x3/net_7/trained/, with error 0.001593



epoch [1 4] from [10 5]
training time per iterations 7.219424[ms]
testing on 20000 items
testing done
average error 0.001711
min error     0.000000
max error     0.188034



epoch [2 0] from [10 5]
training time per iterations 7.227100[ms]
testing on 20000 items
testing done
average error 0.001642
min error     0.000000
max error     0.193523



epoch [2 1] from [10 5]
training time per iterations 7.231411[ms]
testing on 20000 items
testing done
average error 0.001703
min error     0.000000
max error     0.185043



epoch [2 2] from [10 5]
training time per iterations 7.231133[ms]
testing on 20000 items
testing done
average error 0.001628
min error     0.000000
max error     0.188514



epoch [2 3] from [10 5]
training time per iterations 7.237029[ms]
testing on 20000 items
testing done
average error 0.001636
min error     0.000000
max error     0.188806



epoch [2 4] from [10 5]
training time per iterations 7.233525[ms]
testing on 20000 items
testing done
average error 0.001906
min error     0.000000
max error     0.176714



epoch [3 0] from [10 5]
training time per iterations 7.225598[ms]
testing on 20000 items
testing done
average error 0.001650
min error     0.000000
max error     0.205682



epoch [3 1] from [10 5]
training time per iterations 7.228449[ms]
testing on 20000 items
testing done
average error 0.001573
min error     0.000000
max error     0.187932
saving best net
best net saved to networks/disc40x20x3/net_7/trained/, with error 0.001573



epoch [3 2] from [10 5]
training time per iterations 7.223582[ms]
testing on 20000 items
testing done
average error 0.001719
min error     0.000000
max error     0.186408



epoch [3 3] from [10 5]
training time per iterations 7.225640[ms]
testing on 20000 items
testing done
average error 0.001647
min error     0.000000
max error     0.187536



epoch [3 4] from [10 5]
training time per iterations 7.214807[ms]
testing on 20000 items
testing done
average error 0.001615
min error     0.000000
max error     0.177898



epoch [4 0] from [10 5]
training time per iterations 7.219688[ms]
testing on 20000 items
testing done
average error 0.001560
min error     0.000000
max error     0.172114
saving best net
best net saved to networks/disc40x20x3/net_7/trained/, with error 0.001560



epoch [4 1] from [10 5]
training time per iterations 7.226196[ms]
testing on 20000 items
testing done
average error 0.001662
min error     0.000000
max error     0.167945



epoch [4 2] from [10 5]
training time per iterations 7.217241[ms]
testing on 20000 items
testing done
average error 0.001561
min error     0.000000
max error     0.181534



epoch [4 3] from [10 5]
training time per iterations 7.233372[ms]
testing on 20000 items
testing done
average error 0.001582
min error     0.000000
max error     0.188184



epoch [4 4] from [10 5]
training time per iterations 7.228755[ms]
testing on 20000 items
testing done
average error 0.001505
min error     0.000000
max error     0.175007
saving best net
best net saved to networks/disc40x20x3/net_7/trained/, with error 0.001505



epoch [5 0] from [10 5]
training time per iterations 7.216281[ms]
testing on 20000 items
testing done
average error 0.001563
min error     0.000000
max error     0.176311



epoch [5 1] from [10 5]
training time per iterations 7.233302[ms]
testing on 20000 items
testing done
average error 0.001545
min error     0.000000
max error     0.186116



epoch [5 2] from [10 5]
training time per iterations 7.224486[ms]
testing on 20000 items
testing done
average error 0.001596
min error     0.000000
max error     0.191490



epoch [5 3] from [10 5]
training time per iterations 7.222344[ms]
testing on 20000 items
testing done
average error 0.001681
min error     0.000000
max error     0.172078



epoch [5 4] from [10 5]
training time per iterations 7.228477[ms]
testing on 20000 items
testing done
average error 0.001609
min error     0.000000
max error     0.174442



epoch [6 0] from [10 5]
training time per iterations 7.222344[ms]
testing on 20000 items
testing done
average error 0.001794
min error     0.000000
max error     0.207020



epoch [6 1] from [10 5]
training time per iterations 7.232037[ms]
testing on 20000 items
testing done
average error 0.001654
min error     0.000000
max error     0.168555



epoch [6 2] from [10 5]
training time per iterations 7.226447[ms]
testing on 20000 items
testing done
average error 0.001735
min error     0.000000
max error     0.179694



epoch [6 3] from [10 5]
training time per iterations 7.224583[ms]
testing on 20000 items
testing done
average error 0.001512
min error     0.000000
max error     0.177871



epoch [6 4] from [10 5]
training time per iterations 7.218993[ms]
testing on 20000 items
testing done
average error 0.001539
min error     0.000000
max error     0.179804



epoch [7 0] from [10 5]
training time per iterations 7.230535[ms]
testing on 20000 items
testing done
average error 0.001589
min error     0.000000
max error     0.172799



epoch [7 1] from [10 5]
training time per iterations 7.220676[ms]
testing on 20000 items
testing done
average error 0.001603
min error     0.000000
max error     0.196008



epoch [7 2] from [10 5]
training time per iterations 7.226808[ms]
testing on 20000 items
testing done
average error 0.001525
min error     0.000000
max error     0.189997



epoch [7 3] from [10 5]
training time per iterations 7.217644[ms]
testing on 20000 items
testing done
average error 0.001574
min error     0.000000
max error     0.178379



epoch [7 4] from [10 5]
training time per iterations 7.226975[ms]
testing on 20000 items
testing done
average error 0.001528
min error     0.000000
max error     0.167378
setting learning rate to 0.000050



epoch [8 0] from [10 5]
training time per iterations 7.228713[ms]
testing on 20000 items
testing done
average error 0.001547
min error     0.000000
max error     0.175291



epoch [8 1] from [10 5]
training time per iterations 7.229965[ms]
testing on 20000 items
testing done
average error 0.001555
min error     0.000000
max error     0.173350



epoch [8 2] from [10 5]
training time per iterations 7.231939[ms]
testing on 20000 items
testing done
average error 0.001593
min error     0.000000
max error     0.172069



epoch [8 3] from [10 5]
training time per iterations 7.221593[ms]
testing on 20000 items
testing done
average error 0.001520
min error     0.000000
max error     0.175457



epoch [8 4] from [10 5]
training time per iterations 7.225793[ms]
testing on 20000 items
testing done
average error 0.001551
min error     0.000000
max error     0.175132



epoch [9 0] from [10 5]
training time per iterations 7.221204[ms]
testing on 20000 items
testing done
average error 0.001576
min error     0.000000
max error     0.167613



epoch [9 1] from [10 5]
training time per iterations 7.220203[ms]
testing on 20000 items
testing done
average error 0.001570
min error     0.000000
max error     0.171646



epoch [9 2] from [10 5]
training time per iterations 7.226641[ms]
testing on 20000 items
testing done
average error 0.001575
min error     0.000000
max error     0.174053



epoch [9 3] from [10 5]
training time per iterations 7.227170[ms]
testing on 20000 items
testing done
average error 0.001588
min error     0.000000
max error     0.175028



epoch [9 4] from [10 5]
training time per iterations 7.222984[ms]
testing on 20000 items
testing done
average error 0.001606
min error     0.000000
max error     0.172736
training done
