0.000000 0 0 0.002133 0.000000 0.213690 0.002153 0.000000 0.272835
0.200000 0 1 0.001938 0.000000 0.201305 0.001917 0.000000 0.103189
0.400000 0 2 0.001718 0.000000 0.167573 0.001725 0.000000 0.212325
0.600000 0 3 0.001869 0.000000 0.181114 0.001859 0.000000 0.160111
0.800000 0 4 0.001703 0.000000 0.202562 0.001690 0.000000 0.157991
1.000000 1 0 0.001629 0.000000 0.179004 0.001670 0.000000 0.230254
1.200000 1 1 0.001732 0.000000 0.166318 0.001739 0.000000 0.161893
1.400000 1 2 0.001895 0.000000 0.193264 0.001907 0.000000 0.152683
1.600000 1 3 0.001593 0.000000 0.175225 0.001605 0.000000 0.189345
1.800000 1 4 0.001711 0.000000 0.188034 0.001723 0.000000 0.239868
2.000000 2 0 0.001642 0.000000 0.193523 0.001649 0.000000 0.251989
2.200000 2 1 0.001703 0.000000 0.185043 0.001683 0.000000 0.185043
2.400000 2 2 0.001628 0.000000 0.188514 0.001612 0.000000 0.174635
2.600000 2 3 0.001636 0.000000 0.188806 0.001649 0.000000 0.205172
2.800000 2 4 0.001906 0.000000 0.176714 0.001897 0.000000 0.156456
3.000000 3 0 0.001650 0.000000 0.205682 0.001647 0.000000 0.158353
3.200000 3 1 0.001573 0.000000 0.187932 0.001608 0.000000 0.158716
3.400000 3 2 0.001719 0.000000 0.186408 0.001705 0.000000 0.157736
3.600000 3 3 0.001647 0.000000 0.187536 0.001635 0.000000 0.248360
3.800000 3 4 0.001615 0.000000 0.177898 0.001628 0.000000 0.174894
4.000000 4 0 0.001560 0.000000 0.172114 0.001597 0.000000 0.222850
4.200000 4 1 0.001662 0.000000 0.167945 0.001664 0.000000 0.232528
4.400000 4 2 0.001561 0.000000 0.181534 0.001566 0.000000 0.181844
4.600000 4 3 0.001582 0.000000 0.188184 0.001581 0.000000 0.236381
4.800000 4 4 0.001505 0.000000 0.175007 0.001515 0.000000 0.163970
5.000000 5 0 0.001563 0.000000 0.176311 0.001543 0.000000 0.145490
5.200000 5 1 0.001545 0.000000 0.186116 0.001535 0.000000 0.150972
5.400000 5 2 0.001596 0.000000 0.191490 0.001620 0.000000 0.178535
5.600000 5 3 0.001681 0.000000 0.172078 0.001720 0.000000 0.243099
5.800000 5 4 0.001609 0.000000 0.174442 0.001597 0.000000 0.197920
6.000000 6 0 0.001794 0.000000 0.207020 0.001828 0.000000 0.262860
6.200000 6 1 0.001654 0.000000 0.168555 0.001647 0.000000 0.143812
6.400000 6 2 0.001735 0.000000 0.179694 0.001756 0.000000 0.233339
6.600000 6 3 0.001512 0.000000 0.177871 0.001536 0.000000 0.257209
6.800000 6 4 0.001539 0.000000 0.179804 0.001550 0.000000 0.196783
7.000000 7 0 0.001589 0.000000 0.172799 0.001635 0.000000 0.238322
7.200000 7 1 0.001603 0.000000 0.196008 0.001590 0.000000 0.161134
7.400000 7 2 0.001525 0.000000 0.189997 0.001502 0.000000 0.240870
7.600000 7 3 0.001574 0.000000 0.178379 0.001569 0.000000 0.150036
7.800000 7 4 0.001528 0.000000 0.167378 0.001505 0.000000 0.172494
8.000000 8 0 0.001547 0.000000 0.175291 0.001540 0.000000 0.160988
8.200000 8 1 0.001555 0.000000 0.173350 0.001586 0.000000 0.155220
8.400000 8 2 0.001593 0.000000 0.172069 0.001619 0.000000 0.222952
8.600000 8 3 0.001520 0.000000 0.175457 0.001576 0.000000 0.175519
8.800000 8 4 0.001551 0.000000 0.175132 0.001554 0.000000 0.229196
9.000000 9 0 0.001576 0.000000 0.167613 0.001577 0.000000 0.221396
9.200000 9 1 0.001570 0.000000 0.171646 0.001586 0.000000 0.240571
9.400000 9 2 0.001575 0.000000 0.174053 0.001618 0.000000 0.227463
9.600000 9 3 0.001588 0.000000 0.175028 0.001580 0.000000 0.137813
9.800000 9 4 0.001606 0.000000 0.172736 0.001611 0.000000 0.202903
