0 -0.045326 1 0.000050
1 -0.044527 3 0.000150
2 -0.043727 0 0.000000
3 -0.042927 1 0.000050
4 -0.042128 1 0.000050
5 -0.041328 0 0.000000
6 -0.040528 0 0.000000
7 -0.039728 1 0.000050
8 -0.038929 0 0.000000
9 -0.038129 0 0.000000
10 -0.037329 0 0.000000
11 -0.036529 1 0.000050
12 -0.035730 1 0.000050
13 -0.034930 1 0.000050
14 -0.034130 0 0.000000
15 -0.033331 1 0.000050
16 -0.032531 0 0.000000
17 -0.031731 0 0.000000
18 -0.030931 0 0.000000
19 -0.030132 4 0.000200
20 -0.029332 1 0.000050
21 -0.028532 7 0.000350
22 -0.027732 4 0.000200
23 -0.026933 6 0.000300
24 -0.026133 9 0.000450
25 -0.025333 6 0.000300
26 -0.024533 20 0.001000
27 -0.023734 20 0.001000
28 -0.022934 23 0.001150
29 -0.022134 32 0.001600
30 -0.021335 46 0.002300
31 -0.020535 34 0.001700
32 -0.019735 63 0.003150
33 -0.018935 82 0.004100
34 -0.018136 138 0.006900
35 -0.017336 168 0.008400
36 -0.016536 198 0.009900
37 -0.015736 231 0.011550
38 -0.014937 291 0.014550
39 -0.014137 416 0.020800
40 -0.013337 459 0.022950
41 -0.012538 616 0.030800
42 -0.011738 778 0.038900
43 -0.010938 1029 0.051450
44 -0.010138 1268 0.063400
45 -0.009339 1717 0.085850
46 -0.008539 1992 0.099600
47 -0.007739 2079 0.103950
48 -0.006939 2047 0.102350
49 -0.006140 1742 0.087100
50 -0.005340 1319 0.065950
51 -0.004540 903 0.045150
52 -0.003741 656 0.032800
53 -0.002941 457 0.022850
54 -0.002141 275 0.013750
55 -0.001341 201 0.010050
56 -0.000542 146 0.007300
57 0.000258 96 0.004800
58 0.001058 60 0.003000
59 0.001858 58 0.002900
60 0.002657 60 0.003000
61 0.003457 31 0.001550
62 0.004257 24 0.001200
63 0.005056 21 0.001050
64 0.005856 27 0.001350
65 0.006656 21 0.001050
66 0.007456 30 0.001500
67 0.008255 11 0.000550
68 0.009055 6 0.000300
69 0.009855 4 0.000200
70 0.010655 4 0.000200
71 0.011454 8 0.000400
72 0.012254 2 0.000100
73 0.013054 6 0.000300
74 0.013853 3 0.000150
75 0.014653 5 0.000250
76 0.015453 2 0.000100
77 0.016253 5 0.000250
78 0.017052 6 0.000300
79 0.017852 4 0.000200
80 0.018652 0 0.000000
81 0.019452 2 0.000100
82 0.020251 1 0.000050
83 0.021051 1 0.000050
84 0.021851 0 0.000000
85 0.022650 1 0.000050
86 0.023450 0 0.000000
87 0.024250 1 0.000050
88 0.025050 0 0.000000
89 0.025849 1 0.000050
90 0.026649 0 0.000000
91 0.027449 1 0.000050
92 0.028249 1 0.000050
93 0.029048 1 0.000050
94 0.029848 0 0.000000
95 0.030648 0 0.000000
96 0.031447 1 0.000050
97 0.032247 0 0.000000
98 0.033047 0 0.000000
99 0.033847 1 0.000050
