0 -0.085072 1 0.000050
1 -0.083885 0 0.000000
2 -0.082698 0 0.000000
3 -0.081511 0 0.000000
4 -0.080324 0 0.000000
5 -0.079137 0 0.000000
6 -0.077950 0 0.000000
7 -0.076763 0 0.000000
8 -0.075576 0 0.000000
9 -0.074389 0 0.000000
10 -0.073202 0 0.000000
11 -0.072015 0 0.000000
12 -0.070828 0 0.000000
13 -0.069641 0 0.000000
14 -0.068454 0 0.000000
15 -0.067267 0 0.000000
16 -0.066080 0 0.000000
17 -0.064893 0 0.000000
18 -0.063706 0 0.000000
19 -0.062519 0 0.000000
20 -0.061332 0 0.000000
21 -0.060145 0 0.000000
22 -0.058958 0 0.000000
23 -0.057771 0 0.000000
24 -0.056584 0 0.000000
25 -0.055397 0 0.000000
26 -0.054210 0 0.000000
27 -0.053023 0 0.000000
28 -0.051836 0 0.000000
29 -0.050649 0 0.000000
30 -0.049462 0 0.000000
31 -0.048275 0 0.000000
32 -0.047088 0 0.000000
33 -0.045901 0 0.000000
34 -0.044714 0 0.000000
35 -0.043527 0 0.000000
36 -0.042340 0 0.000000
37 -0.041153 0 0.000000
38 -0.039966 0 0.000000
39 -0.038779 0 0.000000
40 -0.037592 1 0.000050
41 -0.036405 2 0.000100
42 -0.035218 0 0.000000
43 -0.034031 1 0.000050
44 -0.032844 5 0.000250
45 -0.031657 4 0.000200
46 -0.030470 4 0.000200
47 -0.029283 11 0.000550
48 -0.028096 11 0.000550
49 -0.026909 11 0.000550
50 -0.025722 14 0.000700
51 -0.024535 13 0.000650
52 -0.023348 33 0.001650
53 -0.022161 35 0.001750
54 -0.020974 33 0.001650
55 -0.019787 50 0.002500
56 -0.018600 57 0.002850
57 -0.017413 64 0.003200
58 -0.016226 91 0.004550
59 -0.015039 133 0.006650
60 -0.013852 151 0.007550
61 -0.012665 317 0.015850
62 -0.011478 492 0.024600
63 -0.010291 778 0.038900
64 -0.009104 1557 0.077850
65 -0.007917 2671 0.133550
66 -0.006730 3774 0.188700
67 -0.005543 3515 0.175750
68 -0.004356 2608 0.130400
69 -0.003169 1450 0.072500
70 -0.001982 763 0.038150
71 -0.000795 373 0.018650
72 0.000392 289 0.014450
73 0.001579 178 0.008900
74 0.002766 114 0.005700
75 0.003953 99 0.004950
76 0.005140 57 0.002850
77 0.006327 44 0.002200
78 0.007514 36 0.001800
79 0.008701 37 0.001850
80 0.009888 20 0.001000
81 0.011075 16 0.000800
82 0.012262 15 0.000750
83 0.013449 17 0.000850
84 0.014636 13 0.000650
85 0.015823 13 0.000650
86 0.017010 6 0.000300
87 0.018197 7 0.000350
88 0.019384 6 0.000300
89 0.020571 5 0.000250
90 0.021758 1 0.000050
91 0.022945 0 0.000000
92 0.024132 0 0.000000
93 0.025319 0 0.000000
94 0.026506 3 0.000150
95 0.027693 0 0.000000
96 0.028880 0 0.000000
97 0.030067 0 0.000000
98 0.031254 0 0.000000
99 0.032441 1 0.000050
