0 0.000000 52051 0.867517
1 0.002177 1873 0.031217
2 0.004353 1875 0.031250
3 0.006530 931 0.015517
4 0.008707 582 0.009700
5 0.010883 436 0.007267
6 0.013060 456 0.007600
7 0.015237 510 0.008500
8 0.017413 294 0.004900
9 0.019590 221 0.003683
10 0.021767 168 0.002800
11 0.023943 133 0.002217
12 0.026120 108 0.001800
13 0.028297 116 0.001933
14 0.030473 86 0.001433
15 0.032650 39 0.000650
16 0.034827 18 0.000300
17 0.037004 18 0.000300
18 0.039180 9 0.000150
19 0.041357 13 0.000217
20 0.043534 5 0.000083
21 0.045710 6 0.000100
22 0.047887 5 0.000083
23 0.050064 4 0.000067
24 0.052240 2 0.000033
25 0.054417 2 0.000033
26 0.056594 2 0.000033
27 0.058770 2 0.000033
28 0.060947 2 0.000033
29 0.063124 1 0.000017
30 0.065300 3 0.000050
31 0.067477 2 0.000033
32 0.069654 0 0.000000
33 0.071830 0 0.000000
34 0.074007 3 0.000050
35 0.076184 2 0.000033
36 0.078360 3 0.000050
37 0.080537 2 0.000033
38 0.082714 0 0.000000
39 0.084890 2 0.000033
40 0.087067 2 0.000033
41 0.089244 1 0.000017
42 0.091420 0 0.000000
43 0.093597 2 0.000033
44 0.095774 2 0.000033
45 0.097950 2 0.000033
46 0.100127 0 0.000000
47 0.102304 0 0.000000
48 0.104480 0 0.000000
49 0.106657 0 0.000000
50 0.108834 0 0.000000
51 0.111011 0 0.000000
52 0.113187 0 0.000000
53 0.115364 0 0.000000
54 0.117541 1 0.000017
55 0.119717 0 0.000000
56 0.121894 1 0.000017
57 0.124071 0 0.000000
58 0.126247 0 0.000000
59 0.128424 0 0.000000
60 0.130601 0 0.000000
61 0.132777 0 0.000000
62 0.134954 1 0.000017
63 0.137131 0 0.000000
64 0.139307 1 0.000017
65 0.141484 0 0.000000
66 0.143661 1 0.000017
67 0.145837 0 0.000000
68 0.148014 0 0.000000
69 0.150191 0 0.000000
70 0.152367 0 0.000000
71 0.154544 0 0.000000
72 0.156721 0 0.000000
73 0.158897 0 0.000000
74 0.161074 0 0.000000
75 0.163251 0 0.000000
76 0.165427 0 0.000000
77 0.167604 0 0.000000
78 0.169781 0 0.000000
79 0.171957 0 0.000000
80 0.174134 0 0.000000
81 0.176311 0 0.000000
82 0.178487 0 0.000000
83 0.180664 0 0.000000
84 0.182841 0 0.000000
85 0.185018 0 0.000000
86 0.187194 0 0.000000
87 0.189371 0 0.000000
88 0.191548 0 0.000000
89 0.193724 0 0.000000
90 0.195901 0 0.000000
91 0.198078 0 0.000000
92 0.200254 0 0.000000
93 0.202431 0 0.000000
94 0.204608 0 0.000000
95 0.206784 0 0.000000
96 0.208961 0 0.000000
97 0.211138 0 0.000000
98 0.213314 0 0.000000
99 0.215491 1 0.000017
