0 -0.464210 1 0.000050
1 -0.455678 0 0.000000
2 -0.447146 0 0.000000
3 -0.438614 0 0.000000
4 -0.430082 0 0.000000
5 -0.421550 0 0.000000
6 -0.413018 0 0.000000
7 -0.404485 0 0.000000
8 -0.395953 0 0.000000
9 -0.387421 0 0.000000
10 -0.378889 1 0.000050
11 -0.370357 1 0.000050
12 -0.361825 0 0.000000
13 -0.353293 0 0.000000
14 -0.344761 1 0.000050
15 -0.336229 0 0.000000
16 -0.327697 0 0.000000
17 -0.319164 2 0.000100
18 -0.310632 1 0.000050
19 -0.302100 1 0.000050
20 -0.293568 2 0.000100
21 -0.285036 4 0.000200
22 -0.276504 2 0.000100
23 -0.267972 1 0.000050
24 -0.259440 1 0.000050
25 -0.250908 1 0.000050
26 -0.242376 3 0.000150
27 -0.233844 0 0.000000
28 -0.225311 1 0.000050
29 -0.216779 7 0.000350
30 -0.208247 7 0.000350
31 -0.199715 15 0.000750
32 -0.191183 36 0.001800
33 -0.182651 60 0.003000
34 -0.174119 80 0.004000
35 -0.165587 66 0.003300
36 -0.157055 108 0.005400
37 -0.148523 136 0.006800
38 -0.139991 178 0.008900
39 -0.131458 229 0.011450
40 -0.122926 178 0.008900
41 -0.114394 166 0.008300
42 -0.105862 199 0.009950
43 -0.097330 279 0.013950
44 -0.088798 463 0.023150
45 -0.080266 726 0.036300
46 -0.071734 511 0.025550
47 -0.063202 352 0.017600
48 -0.054670 391 0.019550
49 -0.046137 517 0.025850
50 -0.037605 653 0.032650
51 -0.029073 649 0.032450
52 -0.020541 695 0.034750
53 -0.012009 3994 0.199700
54 -0.003477 2315 0.115750
55 0.005055 715 0.035750
56 0.013587 727 0.036350
57 0.022119 889 0.044450
58 0.030651 525 0.026250
59 0.039183 387 0.019350
60 0.047716 415 0.020750
61 0.056248 493 0.024650
62 0.064780 477 0.023850
63 0.073312 357 0.017850
64 0.081844 257 0.012850
65 0.090376 201 0.010050
66 0.098908 235 0.011750
67 0.107440 198 0.009900
68 0.115972 270 0.013500
69 0.124504 260 0.013000
70 0.133037 133 0.006650
71 0.141569 100 0.005000
72 0.150101 89 0.004450
73 0.158633 64 0.003200
74 0.167165 79 0.003950
75 0.175697 37 0.001850
76 0.184229 8 0.000400
77 0.192761 9 0.000450
78 0.201293 9 0.000450
79 0.209825 4 0.000200
80 0.218357 6 0.000300
81 0.226890 4 0.000200
82 0.235422 2 0.000100
83 0.243954 3 0.000150
84 0.252486 2 0.000100
85 0.261018 1 0.000050
86 0.269550 1 0.000050
87 0.278082 2 0.000100
88 0.286614 1 0.000050
89 0.295146 2 0.000100
90 0.303678 1 0.000050
91 0.312210 2 0.000100
92 0.320743 0 0.000000
93 0.329275 0 0.000000
94 0.337807 0 0.000000
95 0.346339 1 0.000050
96 0.354871 0 0.000000
97 0.363403 0 0.000000
98 0.371935 0 0.000000
99 0.380467 1 0.000050
