0 -0.464210 1 0.000017
1 -0.455678 0 0.000000
2 -0.447146 0 0.000000
3 -0.438614 0 0.000000
4 -0.430082 0 0.000000
5 -0.421550 0 0.000000
6 -0.413018 0 0.000000
7 -0.404485 0 0.000000
8 -0.395953 0 0.000000
9 -0.387421 0 0.000000
10 -0.378889 1 0.000017
11 -0.370357 1 0.000017
12 -0.361825 0 0.000000
13 -0.353293 0 0.000000
14 -0.344761 1 0.000017
15 -0.336229 0 0.000000
16 -0.327697 0 0.000000
17 -0.319164 2 0.000033
18 -0.310632 1 0.000017
19 -0.302100 1 0.000017
20 -0.293568 2 0.000033
21 -0.285036 4 0.000067
22 -0.276504 2 0.000033
23 -0.267972 1 0.000017
24 -0.259440 1 0.000017
25 -0.250908 1 0.000017
26 -0.242376 3 0.000050
27 -0.233844 0 0.000000
28 -0.225311 1 0.000017
29 -0.216779 7 0.000117
30 -0.208247 7 0.000117
31 -0.199715 15 0.000250
32 -0.191183 36 0.000600
33 -0.182651 60 0.001000
34 -0.174119 80 0.001333
35 -0.165587 66 0.001100
36 -0.157055 108 0.001800
37 -0.148523 136 0.002267
38 -0.139991 178 0.002967
39 -0.131458 229 0.003817
40 -0.122926 178 0.002967
41 -0.114394 166 0.002767
42 -0.105862 199 0.003317
43 -0.097330 279 0.004650
44 -0.088798 464 0.007733
45 -0.080266 726 0.012100
46 -0.071734 511 0.008517
47 -0.063202 352 0.005867
48 -0.054670 391 0.006517
49 -0.046137 524 0.008733
50 -0.037605 678 0.011300
51 -0.029073 958 0.015967
52 -0.020541 3874 0.064567
53 -0.012009 34335 0.572250
54 -0.003477 7977 0.132950
55 0.005055 1082 0.018033
56 0.013587 824 0.013733
57 0.022119 898 0.014967
58 0.030651 528 0.008800
59 0.039183 387 0.006450
60 0.047716 415 0.006917
61 0.056248 493 0.008217
62 0.064780 477 0.007950
63 0.073312 357 0.005950
64 0.081844 257 0.004283
65 0.090376 201 0.003350
66 0.098908 235 0.003917
67 0.107440 198 0.003300
68 0.115972 270 0.004500
69 0.124504 260 0.004333
70 0.133037 133 0.002217
71 0.141569 100 0.001667
72 0.150101 89 0.001483
73 0.158633 64 0.001067
74 0.167165 79 0.001317
75 0.175697 37 0.000617
76 0.184229 8 0.000133
77 0.192761 9 0.000150
78 0.201293 9 0.000150
79 0.209825 4 0.000067
80 0.218357 6 0.000100
81 0.226890 4 0.000067
82 0.235422 2 0.000033
83 0.243954 3 0.000050
84 0.252486 2 0.000033
85 0.261018 1 0.000017
86 0.269550 1 0.000017
87 0.278082 2 0.000033
88 0.286614 1 0.000017
89 0.295146 2 0.000033
90 0.303678 1 0.000017
91 0.312210 2 0.000033
92 0.320743 0 0.000000
93 0.329275 0 0.000000
94 0.337807 0 0.000000
95 0.346339 1 0.000017
96 0.354871 0 0.000000
97 0.363403 0 0.000000
98 0.371935 0 0.000000
99 0.380467 1 0.000017
