0 0.417314 6 0.000300
1 0.419261 3 0.000150
2 0.421208 3 0.000150
3 0.423155 4 0.000200
4 0.425102 2 0.000100
5 0.427049 5 0.000250
6 0.428995 3 0.000150
7 0.430942 8 0.000400
8 0.432889 11 0.000550
9 0.434836 12 0.000600
10 0.436783 13 0.000650
11 0.438730 27 0.001350
12 0.440677 17 0.000850
13 0.442624 24 0.001200
14 0.444571 24 0.001200
15 0.446518 21 0.001050
16 0.448465 25 0.001250
17 0.450412 14 0.000700
18 0.452359 21 0.001050
19 0.454306 26 0.001300
20 0.456253 35 0.001750
21 0.458200 35 0.001750
22 0.460147 44 0.002200
23 0.462094 48 0.002400
24 0.464040 57 0.002850
25 0.465987 61 0.003050
26 0.467934 48 0.002400
27 0.469881 45 0.002250
28 0.471828 39 0.001950
29 0.473775 62 0.003100
30 0.475722 82 0.004100
31 0.477669 92 0.004600
32 0.479616 107 0.005350
33 0.481563 94 0.004700
34 0.483510 90 0.004500
35 0.485457 194 0.009700
36 0.487404 189 0.009450
37 0.489351 202 0.010100
38 0.491298 276 0.013800
39 0.493245 351 0.017550
40 0.495192 478 0.023900
41 0.497139 853 0.042650
42 0.499085 1121 0.056050
43 0.501032 1423 0.071150
44 0.502979 1760 0.088000
45 0.504926 2464 0.123200
46 0.506873 2801 0.140050
47 0.508820 1684 0.084200
48 0.510767 1038 0.051900
49 0.512714 740 0.037000
50 0.514661 552 0.027600
51 0.516608 374 0.018700
52 0.518555 304 0.015200
53 0.520502 192 0.009600
54 0.522449 184 0.009200
55 0.524396 154 0.007700
56 0.526343 182 0.009100
57 0.528290 124 0.006200
58 0.530237 105 0.005250
59 0.532184 113 0.005650
60 0.534130 106 0.005300
61 0.536077 81 0.004050
62 0.538024 86 0.004300
63 0.539971 47 0.002350
64 0.541918 43 0.002150
65 0.543865 41 0.002050
66 0.545812 52 0.002600
67 0.547759 34 0.001700
68 0.549706 39 0.001950
69 0.551653 33 0.001650
70 0.553600 29 0.001450
71 0.555547 29 0.001450
72 0.557494 30 0.001500
73 0.559441 18 0.000900
74 0.561388 17 0.000850
75 0.563335 22 0.001100
76 0.565282 17 0.000850
77 0.567228 18 0.000900
78 0.569175 12 0.000600
79 0.571122 23 0.001150
80 0.573069 19 0.000950
81 0.575016 12 0.000600
82 0.576963 21 0.001050
83 0.578910 19 0.000950
84 0.580857 10 0.000500
85 0.582804 6 0.000300
86 0.584751 6 0.000300
87 0.586698 7 0.000350
88 0.588645 12 0.000600
89 0.590592 13 0.000650
90 0.592539 3 0.000150
91 0.594486 5 0.000250
92 0.596433 4 0.000200
93 0.598380 4 0.000200
94 0.600327 4 0.000200
95 0.602273 4 0.000200
96 0.604220 2 0.000100
97 0.606167 3 0.000150
98 0.608114 2 0.000100
99 0.610061 1 0.000050
