0 0.012944 5 0.000250
1 0.022647 2 0.000100
2 0.032350 12 0.000600
3 0.042053 6 0.000300
4 0.051756 12 0.000600
5 0.061460 9 0.000450
6 0.071163 5 0.000250
7 0.080866 14 0.000700
8 0.090569 3 0.000150
9 0.100272 15 0.000750
10 0.109975 9 0.000450
11 0.119679 8 0.000400
12 0.129382 14 0.000700
13 0.139085 12 0.000600
14 0.148788 10 0.000500
15 0.158491 19 0.000950
16 0.168194 13 0.000650
17 0.177898 18 0.000900
18 0.187601 24 0.001200
19 0.197304 11 0.000550
20 0.207007 31 0.001550
21 0.216710 38 0.001900
22 0.226413 38 0.001900
23 0.236117 31 0.001550
24 0.245820 26 0.001300
25 0.255523 34 0.001700
26 0.265226 44 0.002200
27 0.274929 67 0.003350
28 0.284632 52 0.002600
29 0.294336 66 0.003300
30 0.304039 69 0.003450
31 0.313742 71 0.003550
32 0.323445 90 0.004500
33 0.333148 86 0.004300
34 0.342851 77 0.003850
35 0.352554 88 0.004400
36 0.362258 115 0.005750
37 0.371961 110 0.005500
38 0.381664 164 0.008200
39 0.391367 158 0.007900
40 0.401070 226 0.011300
41 0.410773 233 0.011650
42 0.420477 257 0.012850
43 0.430180 335 0.016750
44 0.439883 376 0.018800
45 0.449586 548 0.027400
46 0.459289 635 0.031750
47 0.468992 943 0.047150
48 0.478696 1533 0.076650
49 0.488399 2672 0.133600
50 0.498102 3113 0.155650
51 0.507805 1811 0.090550
52 0.517508 1064 0.053200
53 0.527211 688 0.034400
54 0.536915 568 0.028400
55 0.546618 372 0.018600
56 0.556321 357 0.017850
57 0.566024 343 0.017150
58 0.575727 306 0.015300
59 0.585430 186 0.009300
60 0.595134 144 0.007200
61 0.604837 159 0.007950
62 0.614540 159 0.007950
63 0.624243 138 0.006900
64 0.633946 98 0.004900
65 0.643649 109 0.005450
66 0.653353 80 0.004000
67 0.663056 92 0.004600
68 0.672759 92 0.004600
69 0.682462 76 0.003800
70 0.692165 56 0.002800
71 0.701868 46 0.002300
72 0.711572 40 0.002000
73 0.721275 40 0.002000
74 0.730978 31 0.001550
75 0.740681 29 0.001450
76 0.750384 44 0.002200
77 0.760087 25 0.001250
78 0.769791 36 0.001800
79 0.779494 24 0.001200
80 0.789197 22 0.001100
81 0.798900 22 0.001100
82 0.808603 23 0.001150
83 0.818306 15 0.000750
84 0.828010 15 0.000750
85 0.837713 15 0.000750
86 0.847416 17 0.000850
87 0.857119 13 0.000650
88 0.866822 8 0.000400
89 0.876525 8 0.000400
90 0.886229 11 0.000550
91 0.895932 6 0.000300
92 0.905635 7 0.000350
93 0.915338 15 0.000750
94 0.925041 11 0.000550
95 0.934744 8 0.000400
96 0.944448 9 0.000450
97 0.954151 5 0.000250
98 0.963854 9 0.000450
99 0.973557 1 0.000050
