0 0.020627 14 0.000700
1 0.030628 7 0.000350
2 0.040629 2 0.000100
3 0.050630 4 0.000200
4 0.060631 3 0.000150
5 0.070632 1 0.000050
6 0.080633 4 0.000200
7 0.090634 4 0.000200
8 0.100634 5 0.000250
9 0.110635 2 0.000100
10 0.120636 8 0.000400
11 0.130637 3 0.000150
12 0.140638 1 0.000050
13 0.150639 1 0.000050
14 0.160640 3 0.000150
15 0.170641 2 0.000100
16 0.180642 0 0.000000
17 0.190643 2 0.000100
18 0.200644 3 0.000150
19 0.210644 5 0.000250
20 0.220645 5 0.000250
21 0.230646 9 0.000450
22 0.240647 9 0.000450
23 0.250648 15 0.000750
24 0.260649 15 0.000750
25 0.270650 28 0.001400
26 0.280651 41 0.002050
27 0.290652 37 0.001850
28 0.300653 34 0.001700
29 0.310654 55 0.002750
30 0.320655 140 0.007000
31 0.330655 189 0.009450
32 0.340656 99 0.004950
33 0.350657 72 0.003600
34 0.360658 6 0.000300
35 0.370659 16 0.000800
36 0.380660 16 0.000800
37 0.390661 16 0.000800
38 0.400662 16 0.000800
39 0.410663 16 0.000800
40 0.420664 38 0.001900
41 0.430665 29 0.001450
42 0.440665 31 0.001550
43 0.450666 43 0.002150
44 0.460667 54 0.002700
45 0.470668 62 0.003100
46 0.480669 75 0.003750
47 0.490670 123 0.006150
48 0.500671 117 0.005850
49 0.510672 135 0.006750
50 0.520673 127 0.006350
51 0.530674 178 0.008900
52 0.540675 258 0.012900
53 0.550676 321 0.016050
54 0.560676 428 0.021400
55 0.570677 567 0.028350
56 0.580678 1323 0.066150
57 0.590679 2152 0.107600
58 0.600680 2259 0.112950
59 0.610681 1240 0.062000
60 0.620682 871 0.043550
61 0.630683 661 0.033050
62 0.640684 444 0.022200
63 0.650685 348 0.017400
64 0.660686 274 0.013700
65 0.670686 249 0.012450
66 0.680687 244 0.012200
67 0.690688 175 0.008750
68 0.700689 188 0.009400
69 0.710690 188 0.009400
70 0.720691 172 0.008600
71 0.730692 159 0.007950
72 0.740693 153 0.007650
73 0.750694 166 0.008300
74 0.760695 158 0.007900
75 0.770696 178 0.008900
76 0.780697 198 0.009900
77 0.790697 160 0.008000
78 0.800698 157 0.007850
79 0.810699 186 0.009300
80 0.820700 200 0.010000
81 0.830701 211 0.010550
82 0.840702 259 0.012950
83 0.850703 256 0.012800
84 0.860704 341 0.017050
85 0.870705 396 0.019800
86 0.880706 497 0.024850
87 0.890707 397 0.019850
88 0.900707 241 0.012050
89 0.910708 259 0.012950
90 0.920709 277 0.013850
91 0.930710 302 0.015100
92 0.940711 237 0.011850
93 0.950712 181 0.009050
94 0.960713 51 0.002550
95 0.970714 46 0.002300
96 0.980715 26 0.001300
97 0.990716 18 0.000900
98 1.000717 7 0.000350
99 1.010717 1 0.000050
