0 0.016874 4 0.000200
1 0.026696 3 0.000150
2 0.036519 9 0.000450
3 0.046341 5 0.000250
4 0.056164 12 0.000600
5 0.065987 7 0.000350
6 0.075809 10 0.000500
7 0.085632 11 0.000550
8 0.095454 7 0.000350
9 0.105277 17 0.000850
10 0.115099 11 0.000550
11 0.124922 10 0.000500
12 0.134745 9 0.000450
13 0.144567 11 0.000550
14 0.154390 19 0.000950
15 0.164212 17 0.000850
16 0.174035 13 0.000650
17 0.183857 18 0.000900
18 0.193680 22 0.001100
19 0.203503 23 0.001150
20 0.213325 34 0.001700
21 0.223148 37 0.001850
22 0.232970 40 0.002000
23 0.242793 25 0.001250
24 0.252615 25 0.001250
25 0.262438 35 0.001750
26 0.272261 55 0.002750
27 0.282083 61 0.003050
28 0.291906 62 0.003100
29 0.301728 72 0.003600
30 0.311551 59 0.002950
31 0.321373 100 0.005000
32 0.331196 79 0.003950
33 0.341019 85 0.004250
34 0.350841 80 0.004000
35 0.360664 100 0.005000
36 0.370486 113 0.005650
37 0.380309 147 0.007350
38 0.390131 156 0.007800
39 0.399954 210 0.010500
40 0.409777 237 0.011850
41 0.419599 220 0.011000
42 0.429422 285 0.014250
43 0.439244 384 0.019200
44 0.449067 411 0.020550
45 0.458889 582 0.029100
46 0.468712 808 0.040400
47 0.478535 1070 0.053500
48 0.488357 1828 0.091400
49 0.498180 3117 0.155850
50 0.508002 2724 0.136200
51 0.517825 1375 0.068750
52 0.527647 865 0.043250
53 0.537470 650 0.032500
54 0.547293 442 0.022100
55 0.557115 362 0.018100
56 0.566938 376 0.018800
57 0.576760 333 0.016650
58 0.586583 240 0.012000
59 0.596405 183 0.009150
60 0.606228 169 0.008450
61 0.616051 155 0.007750
62 0.625873 155 0.007750
63 0.635696 96 0.004800
64 0.645518 105 0.005250
65 0.655341 93 0.004650
66 0.665163 74 0.003700
67 0.674986 98 0.004900
68 0.684809 112 0.005600
69 0.694631 63 0.003150
70 0.704454 38 0.001900
71 0.714276 54 0.002700
72 0.724099 40 0.002000
73 0.733921 32 0.001600
74 0.743744 30 0.001500
75 0.753567 35 0.001750
76 0.763389 29 0.001450
77 0.773212 30 0.001500
78 0.783034 29 0.001450
79 0.792857 25 0.001250
80 0.802679 25 0.001250
81 0.812502 34 0.001700
82 0.822325 19 0.000950
83 0.832147 10 0.000500
84 0.841970 12 0.000600
85 0.851792 19 0.000950
86 0.861615 14 0.000700
87 0.871437 9 0.000450
88 0.881260 6 0.000300
89 0.891083 11 0.000550
90 0.900905 11 0.000550
91 0.910728 7 0.000350
92 0.920550 14 0.000700
93 0.930373 11 0.000550
94 0.940195 10 0.000500
95 0.950018 10 0.000500
96 0.959841 3 0.000150
97 0.969663 5 0.000250
98 0.979486 3 0.000150
99 0.989308 0 0.000000
