0 0.000000 1 0.000050
1 0.010092 5 0.000250
2 0.020185 5 0.000250
3 0.030277 5 0.000250
4 0.040370 6 0.000300
5 0.050462 4 0.000200
6 0.060554 3 0.000150
7 0.070647 2 0.000100
8 0.080739 3 0.000150
9 0.090832 2 0.000100
10 0.100924 4 0.000200
11 0.111016 2 0.000100
12 0.121109 6 0.000300
13 0.131201 4 0.000200
14 0.141294 2 0.000100
15 0.151386 3 0.000150
16 0.161478 3 0.000150
17 0.171571 2 0.000100
18 0.181663 0 0.000000
19 0.191755 2 0.000100
20 0.201848 3 0.000150
21 0.211940 3 0.000150
22 0.222033 6 0.000300
23 0.232125 6 0.000300
24 0.242217 11 0.000550
25 0.252310 21 0.001050
26 0.262402 27 0.001350
27 0.272495 33 0.001650
28 0.282587 40 0.002000
29 0.292679 31 0.001550
30 0.302772 29 0.001450
31 0.312864 151 0.007550
32 0.322957 122 0.006100
33 0.333049 159 0.007950
34 0.343141 105 0.005250
35 0.353234 16 0.000800
36 0.363326 5 0.000250
37 0.373419 19 0.000950
38 0.383511 23 0.001150
39 0.393603 14 0.000700
40 0.403696 15 0.000750
41 0.413788 32 0.001600
42 0.423880 41 0.002050
43 0.433973 32 0.001600
44 0.444065 49 0.002450
45 0.454158 49 0.002450
46 0.464250 55 0.002750
47 0.474342 82 0.004100
48 0.484435 112 0.005600
49 0.494527 129 0.006450
50 0.504620 133 0.006650
51 0.514712 150 0.007500
52 0.524804 186 0.009300
53 0.534897 232 0.011600
54 0.544989 347 0.017350
55 0.555082 411 0.020550
56 0.565174 619 0.030950
57 0.575266 1484 0.074200
58 0.585359 2329 0.116450
59 0.595451 2149 0.107450
60 0.605543 1123 0.056150
61 0.615636 907 0.045350
62 0.625728 657 0.032850
63 0.635821 402 0.020100
64 0.645913 304 0.015200
65 0.656005 249 0.012450
66 0.666098 258 0.012900
67 0.676190 219 0.010950
68 0.686283 174 0.008700
69 0.696375 196 0.009800
70 0.706467 186 0.009300
71 0.716560 156 0.007800
72 0.726652 153 0.007650
73 0.736745 185 0.009250
74 0.746837 158 0.007900
75 0.756929 165 0.008250
76 0.767022 192 0.009600
77 0.777114 179 0.008950
78 0.787207 163 0.008150
79 0.797299 175 0.008750
80 0.807391 187 0.009350
81 0.817484 239 0.011950
82 0.827576 260 0.013000
83 0.837668 261 0.013050
84 0.847761 303 0.015150
85 0.857853 422 0.021100
86 0.867946 477 0.023850
87 0.878038 430 0.021500
88 0.888130 264 0.013200
89 0.898223 271 0.013550
90 0.908315 258 0.012900
91 0.918408 324 0.016200
92 0.928500 256 0.012800
93 0.938592 151 0.007550
94 0.948685 65 0.003250
95 0.958777 41 0.002050
96 0.968870 43 0.002150
97 0.978962 16 0.000800
98 0.989054 6 0.000300
99 0.999147 1 0.000050
