0 0.016874 16 0.000267
1 0.026913 12 0.000200
2 0.036951 10 0.000167
3 0.046990 9 0.000150
4 0.057029 16 0.000267
5 0.067068 9 0.000150
6 0.077107 12 0.000200
7 0.087146 15 0.000250
8 0.097184 13 0.000217
9 0.107223 20 0.000333
10 0.117262 17 0.000283
11 0.127301 18 0.000300
12 0.137340 9 0.000150
13 0.147378 12 0.000200
14 0.157417 25 0.000417
15 0.167456 16 0.000267
16 0.177495 14 0.000233
17 0.187534 25 0.000417
18 0.197573 28 0.000467
19 0.207611 23 0.000383
20 0.217650 50 0.000833
21 0.227689 41 0.000683
22 0.237728 44 0.000733
23 0.247767 43 0.000717
24 0.257806 35 0.000583
25 0.267844 77 0.001283
26 0.277883 105 0.001750
27 0.287922 85 0.001417
28 0.297961 113 0.001883
29 0.308000 99 0.001650
30 0.318039 236 0.003933
31 0.328077 279 0.004650
32 0.338116 198 0.003300
33 0.348155 155 0.002583
34 0.358194 113 0.001883
35 0.368233 121 0.002017
36 0.378271 157 0.002617
37 0.388310 182 0.003033
38 0.398349 212 0.003533
39 0.408388 271 0.004517
40 0.418427 278 0.004633
41 0.428466 370 0.006167
42 0.438504 522 0.008700
43 0.448543 574 0.009567
44 0.458582 912 0.015200
45 0.468621 1176 0.019600
46 0.478660 1856 0.030933
47 0.488699 4140 0.069000
48 0.498737 13001 0.216683
49 0.508776 7209 0.120150
50 0.518815 2505 0.041750
51 0.528854 1512 0.025200
52 0.538893 1118 0.018633
53 0.548932 912 0.015200
54 0.558970 872 0.014533
55 0.569009 1010 0.016833
56 0.579048 1583 0.026383
57 0.589087 2232 0.037200
58 0.599126 2600 0.043333
59 0.609164 1502 0.025033
60 0.619203 1083 0.018050
61 0.629242 814 0.013567
62 0.639281 601 0.010017
63 0.649320 464 0.007733
64 0.659359 365 0.006083
65 0.669397 341 0.005683
66 0.679436 350 0.005833
67 0.689475 275 0.004583
68 0.699514 222 0.003700
69 0.709553 256 0.004267
70 0.719592 209 0.003483
71 0.729630 196 0.003267
72 0.739669 196 0.003267
73 0.749708 197 0.003283
74 0.759747 184 0.003067
75 0.769786 218 0.003633
76 0.779825 227 0.003783
77 0.789863 185 0.003083
78 0.799902 189 0.003150
79 0.809941 208 0.003467
80 0.819980 227 0.003783
81 0.830019 214 0.003567
82 0.840057 280 0.004667
83 0.850096 267 0.004450
84 0.860135 355 0.005917
85 0.870174 399 0.006650
86 0.880213 509 0.008483
87 0.890252 416 0.006933
88 0.900290 258 0.004300
89 0.910329 265 0.004417
90 0.920368 293 0.004883
91 0.930407 313 0.005217
92 0.940446 247 0.004117
93 0.950485 197 0.003283
94 0.960523 55 0.000917
95 0.970562 49 0.000817
96 0.980601 30 0.000500
97 0.990640 19 0.000317
98 1.000679 7 0.000117
99 1.010718 1 0.000017
