0 0.000000 1 0.000050
1 0.009103 0 0.000000
2 0.018206 0 0.000000
3 0.027309 0 0.000000
4 0.036412 0 0.000000
5 0.045515 0 0.000000
6 0.054618 0 0.000000
7 0.063721 0 0.000000
8 0.072824 0 0.000000
9 0.081927 0 0.000000
10 0.091030 0 0.000000
11 0.100133 0 0.000000
12 0.109236 1 0.000050
13 0.118339 0 0.000000
14 0.127442 2 0.000100
15 0.136545 0 0.000000
16 0.145649 0 0.000000
17 0.154752 0 0.000000
18 0.163855 0 0.000000
19 0.172958 0 0.000000
20 0.182061 0 0.000000
21 0.191164 0 0.000000
22 0.200267 1 0.000050
23 0.209370 3 0.000150
24 0.218473 11 0.000550
25 0.227576 0 0.000000
26 0.236679 0 0.000000
27 0.245782 1 0.000050
28 0.254885 0 0.000000
29 0.263988 1 0.000050
30 0.273091 0 0.000000
31 0.282194 3 0.000150
32 0.291297 9 0.000450
33 0.300400 21 0.001050
34 0.309503 41 0.002050
35 0.318606 62 0.003100
36 0.327709 86 0.004300
37 0.336812 46 0.002300
38 0.345915 52 0.002600
39 0.355018 147 0.007350
40 0.364121 182 0.009100
41 0.373224 305 0.015250
42 0.382327 178 0.008900
43 0.391430 189 0.009450
44 0.400533 241 0.012050
45 0.409636 341 0.017050
46 0.418739 565 0.028250
47 0.427842 902 0.045100
48 0.436946 376 0.018800
49 0.446049 381 0.019050
50 0.455152 536 0.026800
51 0.464255 783 0.039150
52 0.473358 772 0.038600
53 0.482461 632 0.031600
54 0.491564 907 0.045350
55 0.500667 4668 0.233400
56 0.509770 825 0.041250
57 0.518873 753 0.037650
58 0.527976 1072 0.053600
59 0.537079 527 0.026350
60 0.546182 433 0.021650
61 0.555285 520 0.026000
62 0.564388 593 0.029650
63 0.573491 563 0.028150
64 0.582594 338 0.016900
65 0.591697 219 0.010950
66 0.600800 255 0.012750
67 0.609903 225 0.011250
68 0.619006 332 0.016600
69 0.628109 354 0.017700
70 0.637212 94 0.004700
71 0.646315 51 0.002550
72 0.655418 124 0.006200
73 0.664521 63 0.003150
74 0.673624 103 0.005150
75 0.682727 24 0.001200
76 0.691830 21 0.001050
77 0.700933 29 0.001450
78 0.710036 11 0.000550
79 0.719140 0 0.000000
80 0.728243 0 0.000000
81 0.737346 2 0.000100
82 0.746449 1 0.000050
83 0.755552 1 0.000050
84 0.764655 1 0.000050
85 0.773758 3 0.000150
86 0.782861 3 0.000150
87 0.791964 4 0.000200
88 0.801067 6 0.000300
89 0.810170 1 0.000050
90 0.819273 0 0.000000
91 0.828376 0 0.000000
92 0.837479 0 0.000000
93 0.846582 0 0.000000
94 0.855685 0 0.000000
95 0.864788 1 0.000050
96 0.873891 0 0.000000
97 0.882994 0 0.000000
98 0.892097 1 0.000050
99 0.901200 1 0.000050
