0 0.000000 2 0.000033
1 0.010092 10 0.000167
2 0.020185 7 0.000117
3 0.030277 16 0.000267
4 0.040370 12 0.000200
5 0.050462 16 0.000267
6 0.060554 13 0.000217
7 0.070647 7 0.000117
8 0.080739 17 0.000283
9 0.090832 7 0.000117
10 0.100924 19 0.000317
11 0.111016 10 0.000167
12 0.121109 18 0.000300
13 0.131201 17 0.000283
14 0.141293 15 0.000250
15 0.151386 20 0.000333
16 0.161478 17 0.000283
17 0.171571 17 0.000283
18 0.181663 25 0.000417
19 0.191755 20 0.000333
20 0.201848 26 0.000433
21 0.211940 43 0.000717
22 0.222033 60 0.001000
23 0.232125 36 0.000600
24 0.242217 41 0.000683
25 0.252310 51 0.000850
26 0.262402 69 0.001150
27 0.272495 97 0.001617
28 0.282587 100 0.001667
29 0.292679 117 0.001950
30 0.302772 127 0.002117
31 0.312864 280 0.004667
32 0.322957 298 0.004967
33 0.333049 311 0.005183
34 0.343141 247 0.004117
35 0.353234 247 0.004117
36 0.363326 336 0.005600
37 0.373418 466 0.007767
38 0.383511 404 0.006733
39 0.393603 391 0.006517
40 0.403696 558 0.009300
41 0.413788 723 0.012050
42 0.423880 1372 0.022867
43 0.433973 906 0.015100
44 0.444065 938 0.015633
45 0.454158 1210 0.020167
46 0.464250 1787 0.029783
47 0.474342 2099 0.034983
48 0.484435 3189 0.053150
49 0.494527 8161 0.136017
50 0.504620 3492 0.058200
51 0.514712 2210 0.036833
52 0.524804 2176 0.036267
53 0.534897 1495 0.024917
54 0.544989 1229 0.020483
55 0.555082 1360 0.022667
56 0.565174 1709 0.028483
57 0.575266 2286 0.038100
58 0.585359 2862 0.047700
59 0.595451 2558 0.042633
60 0.605543 1567 0.026117
61 0.615636 1333 0.022217
62 0.625728 1263 0.021050
63 0.635821 605 0.010083
64 0.645913 471 0.007850
65 0.656005 464 0.007733
66 0.666098 450 0.007500
67 0.676190 387 0.006450
68 0.686283 280 0.004667
69 0.696375 256 0.004267
70 0.706467 257 0.004283
71 0.716560 200 0.003333
72 0.726652 188 0.003133
73 0.736745 222 0.003700
74 0.746837 193 0.003217
75 0.756929 200 0.003333
76 0.767022 230 0.003833
77 0.777114 208 0.003467
78 0.787207 192 0.003200
79 0.797299 200 0.003333
80 0.807391 217 0.003617
81 0.817484 254 0.004233
82 0.827576 276 0.004600
83 0.837668 277 0.004617
84 0.847761 321 0.005350
85 0.857853 433 0.007217
86 0.867946 486 0.008100
87 0.878038 440 0.007333
88 0.888130 275 0.004583
89 0.898223 279 0.004650
90 0.908315 267 0.004450
91 0.918408 339 0.005650
92 0.928500 268 0.004467
93 0.938592 161 0.002683
94 0.948685 70 0.001167
95 0.958777 45 0.000750
96 0.968870 51 0.000850
97 0.978962 16 0.000267
98 0.989054 6 0.000100
99 0.999147 1 0.000017
