0 0.000000 51129 0.852150
1 0.002121 2239 0.037317
2 0.004242 2003 0.033383
3 0.006363 1139 0.018983
4 0.008484 579 0.009650
5 0.010605 384 0.006400
6 0.012726 606 0.010100
7 0.014847 426 0.007100
8 0.016968 415 0.006917
9 0.019089 251 0.004183
10 0.021210 190 0.003167
11 0.023331 143 0.002383
12 0.025452 110 0.001833
13 0.027573 98 0.001633
14 0.029694 83 0.001383
15 0.031815 59 0.000983
16 0.033936 31 0.000517
17 0.036057 17 0.000283
18 0.038178 14 0.000233
19 0.040299 11 0.000183
20 0.042420 14 0.000233
21 0.044541 9 0.000150
22 0.046662 7 0.000117
23 0.048783 9 0.000150
24 0.050904 3 0.000050
25 0.053025 0 0.000000
26 0.055146 0 0.000000
27 0.057267 0 0.000000
28 0.059388 3 0.000050
29 0.061509 1 0.000017
30 0.063630 1 0.000017
31 0.065751 1 0.000017
32 0.067872 1 0.000017
33 0.069993 4 0.000067
34 0.072114 1 0.000017
35 0.074235 1 0.000017
36 0.076356 1 0.000017
37 0.078477 0 0.000000
38 0.080598 1 0.000017
39 0.082719 1 0.000017
40 0.084840 1 0.000017
41 0.086961 1 0.000017
42 0.089082 0 0.000000
43 0.091203 1 0.000017
44 0.093324 1 0.000017
45 0.095445 1 0.000017
46 0.097566 0 0.000000
47 0.099687 1 0.000017
48 0.101808 0 0.000000
49 0.103929 1 0.000017
50 0.106050 2 0.000033
51 0.108171 0 0.000000
52 0.110292 0 0.000000
53 0.112413 0 0.000000
54 0.114534 0 0.000000
55 0.116655 0 0.000000
56 0.118776 0 0.000000
57 0.120897 0 0.000000
58 0.123018 0 0.000000
59 0.125139 0 0.000000
60 0.127260 1 0.000017
61 0.129381 1 0.000017
62 0.131502 0 0.000000
63 0.133623 0 0.000000
64 0.135744 0 0.000000
65 0.137865 1 0.000017
66 0.139986 0 0.000000
67 0.142107 0 0.000000
68 0.144228 1 0.000017
69 0.146349 0 0.000000
70 0.148470 0 0.000000
71 0.150591 0 0.000000
72 0.152712 0 0.000000
73 0.154833 0 0.000000
74 0.156954 0 0.000000
75 0.159075 0 0.000000
76 0.161196 0 0.000000
77 0.163317 0 0.000000
78 0.165438 0 0.000000
79 0.167559 0 0.000000
80 0.169680 0 0.000000
81 0.171801 0 0.000000
82 0.173922 1 0.000017
83 0.176043 0 0.000000
84 0.178164 0 0.000000
85 0.180285 0 0.000000
86 0.182406 0 0.000000
87 0.184527 0 0.000000
88 0.186648 0 0.000000
89 0.188769 0 0.000000
90 0.190890 0 0.000000
91 0.193011 0 0.000000
92 0.195132 0 0.000000
93 0.197253 0 0.000000
94 0.199374 0 0.000000
95 0.201495 0 0.000000
96 0.203616 0 0.000000
97 0.205737 0 0.000000
98 0.207858 0 0.000000
99 0.209979 1 0.000017
