0 -0.419190 1 0.000050
1 -0.410327 0 0.000000
2 -0.401464 0 0.000000
3 -0.392601 0 0.000000
4 -0.383738 0 0.000000
5 -0.374876 1 0.000050
6 -0.366013 2 0.000100
7 -0.357150 0 0.000000
8 -0.348287 0 0.000000
9 -0.339424 0 0.000000
10 -0.330561 3 0.000150
11 -0.321698 0 0.000000
12 -0.312835 0 0.000000
13 -0.303973 0 0.000000
14 -0.295110 2 0.000100
15 -0.286247 0 0.000000
16 -0.277384 2 0.000100
17 -0.268521 4 0.000200
18 -0.259658 1 0.000050
19 -0.250795 1 0.000050
20 -0.241932 0 0.000000
21 -0.233070 3 0.000150
22 -0.224207 9 0.000450
23 -0.215344 8 0.000400
24 -0.206481 17 0.000850
25 -0.197618 19 0.000950
26 -0.188755 53 0.002650
27 -0.179892 88 0.004400
28 -0.171029 57 0.002850
29 -0.162167 88 0.004400
30 -0.153304 149 0.007450
31 -0.144441 222 0.011100
32 -0.135578 341 0.017050
33 -0.126715 203 0.010150
34 -0.117852 158 0.007900
35 -0.108989 222 0.011100
36 -0.100126 273 0.013650
37 -0.091264 470 0.023500
38 -0.082401 1064 0.053200
39 -0.073538 528 0.026400
40 -0.064675 377 0.018850
41 -0.055812 509 0.025450
42 -0.046949 734 0.036700
43 -0.038086 763 0.038150
44 -0.029223 678 0.033900
45 -0.020360 1030 0.051500
46 -0.011498 3448 0.172400
47 -0.002635 1221 0.061050
48 0.006228 869 0.043450
49 0.015091 1096 0.054800
50 0.023954 886 0.044300
51 0.032817 487 0.024350
52 0.041680 459 0.022950
53 0.050543 434 0.021700
54 0.059405 642 0.032100
55 0.068268 418 0.020900
56 0.077131 278 0.013900
57 0.085994 169 0.008450
58 0.094857 195 0.009750
59 0.103720 164 0.008200
60 0.112583 389 0.019450
61 0.121446 233 0.011650
62 0.130308 117 0.005850
63 0.139171 93 0.004650
64 0.148034 89 0.004450
65 0.156897 96 0.004800
66 0.165760 65 0.003250
67 0.174623 18 0.000900
68 0.183486 5 0.000250
69 0.192349 11 0.000550
70 0.201211 10 0.000500
71 0.210074 10 0.000500
72 0.218937 3 0.000150
73 0.227800 1 0.000050
74 0.236663 1 0.000050
75 0.245526 3 0.000150
76 0.254389 0 0.000000
77 0.263252 2 0.000100
78 0.272114 0 0.000000
79 0.280977 1 0.000050
80 0.289840 1 0.000050
81 0.298703 2 0.000100
82 0.307566 2 0.000100
83 0.316429 0 0.000000
84 0.325292 0 0.000000
85 0.334155 0 0.000000
86 0.343017 0 0.000000
87 0.351880 0 0.000000
88 0.360743 0 0.000000
89 0.369606 0 0.000000
90 0.378469 1 0.000050
91 0.387332 0 0.000000
92 0.396195 0 0.000000
93 0.405058 0 0.000000
94 0.413920 0 0.000000
95 0.422783 0 0.000000
96 0.431646 0 0.000000
97 0.440509 0 0.000000
98 0.449372 1 0.000050
99 0.458235 0 0.000000
