0 -0.419190 1 0.000017
1 -0.410327 0 0.000000
2 -0.401464 0 0.000000
3 -0.392601 0 0.000000
4 -0.383738 0 0.000000
5 -0.374876 1 0.000017
6 -0.366013 2 0.000033
7 -0.357150 0 0.000000
8 -0.348287 0 0.000000
9 -0.339424 0 0.000000
10 -0.330561 3 0.000050
11 -0.321698 0 0.000000
12 -0.312835 0 0.000000
13 -0.303973 0 0.000000
14 -0.295110 2 0.000033
15 -0.286247 0 0.000000
16 -0.277384 2 0.000033
17 -0.268521 4 0.000067
18 -0.259658 1 0.000017
19 -0.250795 1 0.000017
20 -0.241932 0 0.000000
21 -0.233070 3 0.000050
22 -0.224207 9 0.000150
23 -0.215344 8 0.000133
24 -0.206481 17 0.000283
25 -0.197618 19 0.000317
26 -0.188755 53 0.000883
27 -0.179892 88 0.001467
28 -0.171029 57 0.000950
29 -0.162167 88 0.001467
30 -0.153304 150 0.002500
31 -0.144441 222 0.003700
32 -0.135578 342 0.005700
33 -0.126715 207 0.003450
34 -0.117852 159 0.002650
35 -0.108989 223 0.003717
36 -0.100126 274 0.004567
37 -0.091264 476 0.007933
38 -0.082401 1071 0.017850
39 -0.073538 545 0.009083
40 -0.064675 410 0.006833
41 -0.055812 619 0.010317
42 -0.046949 933 0.015550
43 -0.038086 1435 0.023917
44 -0.029223 2832 0.047200
45 -0.020360 11205 0.186750
46 -0.011498 23325 0.388750
47 -0.002635 6243 0.104050
48 0.006228 1944 0.032400
49 0.015091 1503 0.025050
50 0.023954 988 0.016467
51 0.032817 550 0.009167
52 0.041680 501 0.008350
53 0.050543 448 0.007467
54 0.059405 651 0.010850
55 0.068268 421 0.007017
56 0.077131 278 0.004633
57 0.085994 173 0.002883
58 0.094857 195 0.003250
59 0.103720 164 0.002733
60 0.112583 389 0.006483
61 0.121446 233 0.003883
62 0.130308 117 0.001950
63 0.139171 93 0.001550
64 0.148034 89 0.001483
65 0.156897 96 0.001600
66 0.165760 65 0.001083
67 0.174623 18 0.000300
68 0.183486 5 0.000083
69 0.192349 11 0.000183
70 0.201211 10 0.000167
71 0.210074 10 0.000167
72 0.218937 3 0.000050
73 0.227800 1 0.000017
74 0.236663 1 0.000017
75 0.245526 3 0.000050
76 0.254389 0 0.000000
77 0.263252 2 0.000033
78 0.272114 0 0.000000
79 0.280977 1 0.000017
80 0.289840 1 0.000017
81 0.298703 2 0.000033
82 0.307566 2 0.000033
83 0.316429 0 0.000000
84 0.325292 0 0.000000
85 0.334155 0 0.000000
86 0.343017 0 0.000000
87 0.351880 0 0.000000
88 0.360743 0 0.000000
89 0.369606 0 0.000000
90 0.378469 1 0.000017
91 0.387332 0 0.000000
92 0.396195 0 0.000000
93 0.405058 0 0.000000
94 0.413920 0 0.000000
95 0.422783 0 0.000000
96 0.431646 0 0.000000
97 0.440509 0 0.000000
98 0.449372 1 0.000017
99 0.458235 0 0.000000
