0 -0.147078 1 0.000050
1 -0.144683 0 0.000000
2 -0.142288 0 0.000000
3 -0.139892 0 0.000000
4 -0.137497 0 0.000000
5 -0.135102 0 0.000000
6 -0.132707 0 0.000000
7 -0.130312 1 0.000050
8 -0.127917 1 0.000050
9 -0.125521 3 0.000150
10 -0.123126 0 0.000000
11 -0.120731 0 0.000000
12 -0.118336 0 0.000000
13 -0.115941 1 0.000050
14 -0.113546 0 0.000000
15 -0.111150 1 0.000050
16 -0.108755 0 0.000000
17 -0.106360 0 0.000000
18 -0.103965 0 0.000000
19 -0.101570 0 0.000000
20 -0.099175 0 0.000000
21 -0.096779 0 0.000000
22 -0.094384 0 0.000000
23 -0.091989 2 0.000100
24 -0.089594 3 0.000150
25 -0.087199 0 0.000000
26 -0.084804 2 0.000100
27 -0.082408 1 0.000050
28 -0.080013 2 0.000100
29 -0.077618 0 0.000000
30 -0.075223 0 0.000000
31 -0.072828 3 0.000150
32 -0.070432 0 0.000000
33 -0.068037 2 0.000100
34 -0.065642 1 0.000050
35 -0.063247 8 0.000400
36 -0.060852 9 0.000450
37 -0.058457 7 0.000350
38 -0.056061 12 0.000600
39 -0.053666 16 0.000800
40 -0.051271 7 0.000350
41 -0.048876 22 0.001100
42 -0.046481 19 0.000950
43 -0.044086 16 0.000800
44 -0.041690 23 0.001150
45 -0.039295 28 0.001400
46 -0.036900 56 0.002800
47 -0.034505 75 0.003750
48 -0.032110 78 0.003900
49 -0.029715 102 0.005100
50 -0.027319 153 0.007650
51 -0.024924 276 0.013800
52 -0.022529 386 0.019300
53 -0.020134 552 0.027600
54 -0.017739 914 0.045700
55 -0.015344 1602 0.080100
56 -0.012948 2496 0.124800
57 -0.010553 3222 0.161100
58 -0.008158 3218 0.160900
59 -0.005763 2523 0.126150
60 -0.003368 1444 0.072200
61 -0.000973 911 0.045550
62 0.001423 564 0.028200
63 0.003818 333 0.016650
64 0.006213 235 0.011750
65 0.008608 180 0.009000
66 0.011003 100 0.005000
67 0.013398 71 0.003550
68 0.015794 64 0.003200
69 0.018189 48 0.002400
70 0.020584 29 0.001450
71 0.022979 37 0.001850
72 0.025374 14 0.000700
73 0.027770 15 0.000750
74 0.030165 15 0.000750
75 0.032560 8 0.000400
76 0.034955 13 0.000650
77 0.037350 15 0.000750
78 0.039745 9 0.000450
79 0.042141 11 0.000550
80 0.044536 8 0.000400
81 0.046931 12 0.000600
82 0.049326 4 0.000200
83 0.051721 1 0.000050
84 0.054116 0 0.000000
85 0.056512 3 0.000150
86 0.058907 3 0.000150
87 0.061302 1 0.000050
88 0.063697 4 0.000200
89 0.066092 0 0.000000
90 0.068487 0 0.000000
91 0.070883 0 0.000000
92 0.073278 0 0.000000
93 0.075673 0 0.000000
94 0.078068 0 0.000000
95 0.080463 0 0.000000
96 0.082858 0 0.000000
97 0.085254 0 0.000000
98 0.087649 4 0.000200
99 0.090044 0 0.000000
