0 -0.081897 1 0.000050
1 -0.080322 0 0.000000
2 -0.078747 1 0.000050
3 -0.077172 1 0.000050
4 -0.075597 0 0.000000
5 -0.074022 3 0.000150
6 -0.072447 0 0.000000
7 -0.070872 3 0.000150
8 -0.069297 2 0.000100
9 -0.067722 2 0.000100
10 -0.066147 3 0.000150
11 -0.064572 1 0.000050
12 -0.062997 1 0.000050
13 -0.061422 0 0.000000
14 -0.059847 1 0.000050
15 -0.058272 1 0.000050
16 -0.056697 4 0.000200
17 -0.055122 8 0.000400
18 -0.053547 14 0.000700
19 -0.051972 10 0.000500
20 -0.050397 9 0.000450
21 -0.048822 13 0.000650
22 -0.047247 12 0.000600
23 -0.045672 14 0.000700
24 -0.044097 27 0.001350
25 -0.042522 34 0.001700
26 -0.040947 16 0.000800
27 -0.039372 28 0.001400
28 -0.037797 43 0.002150
29 -0.036222 55 0.002750
30 -0.034647 69 0.003450
31 -0.033072 95 0.004750
32 -0.031497 111 0.005550
33 -0.029922 120 0.006000
34 -0.028347 146 0.007300
35 -0.026772 189 0.009450
36 -0.025197 223 0.011150
37 -0.023622 250 0.012500
38 -0.022047 379 0.018950
39 -0.020472 477 0.023850
40 -0.018897 664 0.033200
41 -0.017322 890 0.044500
42 -0.015747 1091 0.054550
43 -0.014172 1410 0.070500
44 -0.012597 1851 0.092550
45 -0.011022 1968 0.098400
46 -0.009447 1886 0.094300
47 -0.007872 1802 0.090100
48 -0.006297 1492 0.074600
49 -0.004722 1168 0.058400
50 -0.003147 765 0.038250
51 -0.001572 648 0.032400
52 0.000003 440 0.022000
53 0.001578 334 0.016700
54 0.003153 243 0.012150
55 0.004728 177 0.008850
56 0.006303 133 0.006650
57 0.007878 111 0.005550
58 0.009453 72 0.003600
59 0.011028 82 0.004100
60 0.012603 58 0.002900
61 0.014178 69 0.003450
62 0.015753 77 0.003850
63 0.017328 56 0.002800
64 0.018903 25 0.001250
65 0.020478 22 0.001100
66 0.022054 20 0.001000
67 0.023629 21 0.001050
68 0.025204 4 0.000200
69 0.026779 2 0.000100
70 0.028354 3 0.000150
71 0.029929 3 0.000150
72 0.031504 8 0.000400
73 0.033079 1 0.000050
74 0.034654 3 0.000150
75 0.036229 3 0.000150
76 0.037804 6 0.000300
77 0.039379 3 0.000150
78 0.040954 3 0.000150
79 0.042529 2 0.000100
80 0.044104 1 0.000050
81 0.045679 1 0.000050
82 0.047254 1 0.000050
83 0.048829 2 0.000100
84 0.050404 0 0.000000
85 0.051979 6 0.000300
86 0.053554 1 0.000050
87 0.055129 1 0.000050
88 0.056704 0 0.000000
89 0.058279 0 0.000000
90 0.059854 0 0.000000
91 0.061429 1 0.000050
92 0.063004 0 0.000000
93 0.064579 0 0.000000
94 0.066154 1 0.000050
95 0.067729 0 0.000000
96 0.069304 1 0.000050
97 0.070879 0 0.000000
98 0.072454 1 0.000050
99 0.074029 1 0.000050
