0 0.011833 5 0.000250
1 0.021604 5 0.000250
2 0.031376 3 0.000150
3 0.041148 3 0.000150
4 0.050919 10 0.000500
5 0.060691 6 0.000300
6 0.070462 10 0.000500
7 0.080234 9 0.000450
8 0.090006 5 0.000250
9 0.099777 9 0.000450
10 0.109549 13 0.000650
11 0.119321 5 0.000250
12 0.129092 11 0.000550
13 0.138864 10 0.000500
14 0.148635 10 0.000500
15 0.158407 15 0.000750
16 0.168179 9 0.000450
17 0.177950 17 0.000850
18 0.187722 14 0.000700
19 0.197494 19 0.000950
20 0.207265 40 0.002000
21 0.217037 24 0.001200
22 0.226808 36 0.001800
23 0.236580 29 0.001450
24 0.246352 19 0.000950
25 0.256123 37 0.001850
26 0.265895 42 0.002100
27 0.275667 43 0.002150
28 0.285438 78 0.003900
29 0.295210 57 0.002850
30 0.304981 55 0.002750
31 0.314753 65 0.003250
32 0.324525 81 0.004050
33 0.334296 84 0.004200
34 0.344068 92 0.004600
35 0.353840 92 0.004600
36 0.363611 122 0.006100
37 0.373383 121 0.006050
38 0.383154 143 0.007150
39 0.392926 178 0.008900
40 0.402698 211 0.010550
41 0.412469 243 0.012150
42 0.422241 279 0.013950
43 0.432012 358 0.017900
44 0.441784 347 0.017350
45 0.451556 552 0.027600
46 0.461327 754 0.037700
47 0.471099 951 0.047550
48 0.480871 1828 0.091400
49 0.490642 3191 0.159550
50 0.500414 2822 0.141100
51 0.510185 1599 0.079950
52 0.519957 984 0.049200
53 0.529729 678 0.033900
54 0.539500 495 0.024750
55 0.549272 384 0.019200
56 0.559044 367 0.018350
57 0.568815 351 0.017550
58 0.578587 288 0.014400
59 0.588358 166 0.008300
60 0.598130 153 0.007650
61 0.607902 136 0.006800
62 0.617673 112 0.005600
63 0.627445 105 0.005250
64 0.637217 83 0.004150
65 0.646988 83 0.004150
66 0.656760 80 0.004000
67 0.666531 86 0.004300
68 0.676303 102 0.005100
69 0.686075 51 0.002550
70 0.695846 50 0.002500
71 0.705618 37 0.001850
72 0.715390 29 0.001450
73 0.725161 33 0.001650
74 0.734933 26 0.001300
75 0.744704 33 0.001650
76 0.754476 27 0.001350
77 0.764248 37 0.001850
78 0.774019 26 0.001300
79 0.783791 30 0.001500
80 0.793563 16 0.000800
81 0.803334 23 0.001150
82 0.813106 17 0.000850
83 0.822877 20 0.001000
84 0.832649 22 0.001100
85 0.842421 8 0.000400
86 0.852192 6 0.000300
87 0.861964 7 0.000350
88 0.871736 10 0.000500
89 0.881507 8 0.000400
90 0.891279 8 0.000400
91 0.901050 16 0.000800
92 0.910822 8 0.000400
93 0.920594 6 0.000300
94 0.930365 14 0.000700
95 0.940137 4 0.000200
96 0.949908 2 0.000100
97 0.959680 3 0.000150
98 0.969452 8 0.000400
99 0.979223 1 0.000050
