0 0.051639 10 0.000500
1 0.061276 3 0.000150
2 0.070913 3 0.000150
3 0.080549 7 0.000350
4 0.090186 5 0.000250
5 0.099822 7 0.000350
6 0.109459 3 0.000150
7 0.119096 3 0.000150
8 0.128732 3 0.000150
9 0.138369 0 0.000000
10 0.148006 2 0.000100
11 0.157642 3 0.000150
12 0.167279 3 0.000150
13 0.176915 2 0.000100
14 0.186552 4 0.000200
15 0.196189 0 0.000000
16 0.205825 9 0.000450
17 0.215462 10 0.000500
18 0.225099 10 0.000500
19 0.234735 5 0.000250
20 0.244372 20 0.001000
21 0.254008 24 0.001200
22 0.263645 36 0.001800
23 0.273282 31 0.001550
24 0.282918 36 0.001800
25 0.292555 33 0.001650
26 0.302192 38 0.001900
27 0.311828 94 0.004700
28 0.321465 132 0.006600
29 0.331101 149 0.007450
30 0.340738 108 0.005400
31 0.350375 26 0.001300
32 0.360011 19 0.000950
33 0.369648 8 0.000400
34 0.379285 23 0.001150
35 0.388921 19 0.000950
36 0.398558 12 0.000600
37 0.408194 16 0.000800
38 0.417831 30 0.001500
39 0.427468 12 0.000600
40 0.437104 27 0.001350
41 0.446741 34 0.001700
42 0.456377 53 0.002650
43 0.466014 51 0.002550
44 0.475651 54 0.002700
45 0.485287 89 0.004450
46 0.494924 86 0.004300
47 0.504561 82 0.004100
48 0.514197 134 0.006700
49 0.523834 142 0.007100
50 0.533470 196 0.009800
51 0.543107 243 0.012150
52 0.552744 270 0.013500
53 0.562380 403 0.020150
54 0.572017 534 0.026700
55 0.581654 1078 0.053900
56 0.591290 2454 0.122700
57 0.600927 2682 0.134100
58 0.610563 1410 0.070500
59 0.620200 874 0.043700
60 0.629837 720 0.036000
61 0.639473 454 0.022700
62 0.649110 367 0.018350
63 0.658747 269 0.013450
64 0.668383 267 0.013350
65 0.678020 198 0.009900
66 0.687656 183 0.009150
67 0.697293 164 0.008200
68 0.706930 155 0.007750
69 0.716566 159 0.007950
70 0.726203 144 0.007200
71 0.735840 120 0.006000
72 0.745476 154 0.007700
73 0.755113 160 0.008000
74 0.764749 129 0.006450
75 0.774386 137 0.006850
76 0.784023 155 0.007750
77 0.793659 126 0.006300
78 0.803296 173 0.008650
79 0.812933 195 0.009750
80 0.822569 198 0.009900
81 0.832206 204 0.010200
82 0.841842 185 0.009250
83 0.851479 229 0.011450
84 0.861116 264 0.013200
85 0.870752 328 0.016400
86 0.880389 377 0.018850
87 0.890025 336 0.016800
88 0.899662 212 0.010600
89 0.909299 186 0.009300
90 0.918935 224 0.011200
91 0.928572 299 0.014950
92 0.938209 290 0.014500
93 0.947845 154 0.007700
94 0.957482 108 0.005400
95 0.967119 63 0.003150
96 0.976755 28 0.001400
97 0.986392 21 0.001050
98 0.996028 11 0.000550
99 1.005665 0 0.000000
