0 0.009172 7 0.000117
1 0.019178 7 0.000117
2 0.029183 11 0.000183
3 0.039188 7 0.000117
4 0.049193 11 0.000183
5 0.059198 10 0.000167
6 0.069203 11 0.000183
7 0.079208 13 0.000217
8 0.089213 9 0.000150
9 0.099219 14 0.000233
10 0.109224 17 0.000283
11 0.119229 7 0.000117
12 0.129234 20 0.000333
13 0.139239 11 0.000183
14 0.149244 13 0.000217
15 0.159249 19 0.000317
16 0.169254 11 0.000183
17 0.179260 18 0.000300
18 0.189265 22 0.000367
19 0.199270 28 0.000467
20 0.209275 43 0.000717
21 0.219280 40 0.000667
22 0.229285 41 0.000683
23 0.239290 35 0.000583
24 0.249295 66 0.001100
25 0.259301 72 0.001200
26 0.269306 79 0.001317
27 0.279311 93 0.001550
28 0.289316 122 0.002033
29 0.299321 99 0.001650
30 0.309326 210 0.003500
31 0.319331 221 0.003683
32 0.329336 365 0.006083
33 0.339342 268 0.004467
34 0.349347 239 0.003983
35 0.359352 311 0.005183
36 0.369357 544 0.009067
37 0.379362 366 0.006100
38 0.389367 398 0.006633
39 0.399372 490 0.008167
40 0.409377 693 0.011550
41 0.419383 1115 0.018583
42 0.429388 1280 0.021333
43 0.439393 805 0.013417
44 0.449398 1051 0.017517
45 0.459403 1495 0.024917
46 0.469408 1999 0.033317
47 0.479413 2395 0.039917
48 0.489419 4029 0.067150
49 0.499424 7332 0.122200
50 0.509429 2743 0.045717
51 0.519434 2213 0.036883
52 0.529439 2103 0.035050
53 0.539444 1295 0.021583
54 0.549449 1306 0.021767
55 0.559454 1387 0.023117
56 0.569459 2121 0.035350
57 0.579465 2770 0.046167
58 0.589470 3395 0.056583
59 0.599475 2207 0.036783
60 0.609480 1349 0.022483
61 0.619485 1344 0.022400
62 0.629490 760 0.012667
63 0.639495 507 0.008450
64 0.649501 464 0.007733
65 0.659506 456 0.007600
66 0.669511 435 0.007250
67 0.679516 309 0.005150
68 0.689521 235 0.003917
69 0.699526 234 0.003900
70 0.709531 205 0.003417
71 0.719536 172 0.002867
72 0.729542 175 0.002917
73 0.739547 211 0.003517
74 0.749552 193 0.003217
75 0.759557 172 0.002867
76 0.769562 201 0.003350
77 0.779567 199 0.003317
78 0.789572 193 0.003217
79 0.799577 164 0.002733
80 0.809583 177 0.002950
81 0.819588 245 0.004083
82 0.829593 245 0.004083
83 0.839598 222 0.003700
84 0.849603 305 0.005083
85 0.859608 454 0.007567
86 0.869613 339 0.005650
87 0.879618 402 0.006700
88 0.889624 229 0.003817
89 0.899629 253 0.004217
90 0.909634 244 0.004067
91 0.919639 314 0.005233
92 0.929644 208 0.003467
93 0.939649 120 0.002000
94 0.949654 65 0.001083
95 0.959660 32 0.000533
96 0.969665 35 0.000583
97 0.979670 22 0.000367
98 0.989675 8 0.000133
99 0.999680 1 0.000017
