0 0.039573 5 0.000250
1 0.049051 0 0.000000
2 0.058528 5 0.000250
3 0.068006 6 0.000300
4 0.077483 0 0.000000
5 0.086960 4 0.000200
6 0.096438 11 0.000550
7 0.105915 5 0.000250
8 0.115393 7 0.000350
9 0.124870 16 0.000800
10 0.134348 18 0.000900
11 0.143825 24 0.001200
12 0.153303 12 0.000600
13 0.162780 11 0.000550
14 0.172257 27 0.001350
15 0.181735 17 0.000850
16 0.191212 29 0.001450
17 0.200690 28 0.001400
18 0.210167 23 0.001150
19 0.219645 19 0.000950
20 0.229122 16 0.000800
21 0.238600 21 0.001050
22 0.248077 27 0.001350
23 0.257554 41 0.002050
24 0.267032 38 0.001900
25 0.276509 43 0.002150
26 0.285987 58 0.002900
27 0.295464 53 0.002650
28 0.304942 61 0.003050
29 0.314419 57 0.002850
30 0.323896 69 0.003450
31 0.333374 64 0.003200
32 0.342851 89 0.004450
33 0.352329 104 0.005200
34 0.361806 89 0.004450
35 0.371284 100 0.005000
36 0.380761 127 0.006350
37 0.390239 168 0.008400
38 0.399716 185 0.009250
39 0.409193 186 0.009300
40 0.418671 233 0.011650
41 0.428148 253 0.012650
42 0.437626 331 0.016550
43 0.447103 318 0.015900
44 0.456581 427 0.021350
45 0.466058 627 0.031350
46 0.475535 992 0.049600
47 0.485013 1269 0.063450
48 0.494490 2317 0.115850
49 0.503968 3113 0.155650
50 0.513445 2125 0.106250
51 0.522923 1201 0.060050
52 0.532400 909 0.045450
53 0.541878 605 0.030250
54 0.551355 426 0.021300
55 0.560832 386 0.019300
56 0.570310 355 0.017750
57 0.579787 274 0.013700
58 0.589265 220 0.011000
59 0.598742 198 0.009900
60 0.608220 158 0.007900
61 0.617697 132 0.006600
62 0.627174 121 0.006050
63 0.636652 106 0.005300
64 0.646129 85 0.004250
65 0.655607 77 0.003850
66 0.665084 71 0.003550
67 0.674562 83 0.004150
68 0.684039 78 0.003900
69 0.693517 77 0.003850
70 0.702994 42 0.002100
71 0.712471 33 0.001650
72 0.721949 49 0.002450
73 0.731426 30 0.001500
74 0.740904 40 0.002000
75 0.750381 30 0.001500
76 0.759859 30 0.001500
77 0.769336 37 0.001850
78 0.778813 32 0.001600
79 0.788291 26 0.001300
80 0.797768 22 0.001100
81 0.807246 27 0.001350
82 0.816723 16 0.000800
83 0.826201 24 0.001200
84 0.835678 18 0.000900
85 0.845156 8 0.000400
86 0.854633 10 0.000500
87 0.864110 12 0.000600
88 0.873588 8 0.000400
89 0.883065 8 0.000400
90 0.892543 11 0.000550
91 0.902020 16 0.000800
92 0.911498 8 0.000400
93 0.920975 4 0.000200
94 0.930453 8 0.000400
95 0.939930 8 0.000400
96 0.949407 2 0.000100
97 0.958885 2 0.000100
98 0.968362 8 0.000400
99 0.977840 1 0.000050
