0 0.039573 5 0.000083
1 0.049332 8 0.000133
2 0.059090 11 0.000183
3 0.068849 7 0.000117
4 0.078607 9 0.000150
5 0.088366 8 0.000133
6 0.098124 18 0.000300
7 0.107883 10 0.000167
8 0.117641 10 0.000167
9 0.127400 26 0.000433
10 0.137158 21 0.000350
11 0.146917 22 0.000367
12 0.156675 14 0.000233
13 0.166434 18 0.000300
14 0.176192 26 0.000433
15 0.185951 30 0.000500
16 0.195709 21 0.000350
17 0.205468 39 0.000650
18 0.215226 33 0.000550
19 0.224985 27 0.000450
20 0.234743 26 0.000433
21 0.244502 46 0.000767
22 0.254260 53 0.000883
23 0.264019 86 0.001433
24 0.273777 75 0.001250
25 0.283536 90 0.001500
26 0.293294 92 0.001533
27 0.303053 108 0.001800
28 0.312811 137 0.002283
29 0.322570 228 0.003800
30 0.332328 206 0.003433
31 0.342087 192 0.003200
32 0.351845 127 0.002117
33 0.361604 109 0.001817
34 0.371362 116 0.001933
35 0.381121 151 0.002517
36 0.390879 193 0.003217
37 0.400638 199 0.003317
38 0.410396 216 0.003600
39 0.420155 276 0.004600
40 0.429913 299 0.004983
41 0.439672 381 0.006350
42 0.449430 391 0.006517
43 0.459189 583 0.009717
44 0.468947 917 0.015283
45 0.478706 1440 0.024000
46 0.488464 2914 0.048567
47 0.498223 9812 0.163533
48 0.507981 12450 0.207500
49 0.517740 2834 0.047233
50 0.527498 1625 0.027083
51 0.537257 1186 0.019767
52 0.547015 904 0.015067
53 0.556774 863 0.014383
54 0.566532 915 0.015250
55 0.576291 1014 0.016900
56 0.586049 2049 0.034150
57 0.595808 2988 0.049800
58 0.605566 2271 0.037850
59 0.615325 1198 0.019967
60 0.625083 985 0.016417
61 0.634842 656 0.010933
62 0.644600 495 0.008250
63 0.654359 406 0.006767
64 0.664117 341 0.005683
65 0.673876 311 0.005183
66 0.683634 285 0.004750
67 0.693393 246 0.004100
68 0.703151 196 0.003267
69 0.712910 212 0.003533
70 0.722668 174 0.002900
71 0.732427 180 0.003000
72 0.742185 183 0.003050
73 0.751944 191 0.003183
74 0.761702 167 0.002783
75 0.771461 167 0.002783
76 0.781219 189 0.003150
77 0.790978 160 0.002667
78 0.800736 188 0.003133
79 0.810495 223 0.003717
80 0.820253 201 0.003350
81 0.830012 229 0.003817
82 0.839770 219 0.003650
83 0.849529 234 0.003900
84 0.859287 247 0.004117
85 0.869046 353 0.005883
86 0.878804 388 0.006467
87 0.888563 336 0.005600
88 0.898321 264 0.004400
89 0.908080 200 0.003333
90 0.917838 221 0.003683
91 0.927597 308 0.005133
92 0.937355 307 0.005117
93 0.947114 157 0.002617
94 0.956872 123 0.002050
95 0.966631 71 0.001183
96 0.976389 32 0.000533
97 0.986148 21 0.000350
98 0.995906 10 0.000167
99 1.005665 1 0.000017
