0 0.106308 2 0.000100
1 0.115154 0 0.000000
2 0.123999 2 0.000100
3 0.132845 0 0.000000
4 0.141690 0 0.000000
5 0.150536 0 0.000000
6 0.159382 0 0.000000
7 0.168227 0 0.000000
8 0.177073 0 0.000000
9 0.185919 0 0.000000
10 0.194764 1 0.000050
11 0.203610 1 0.000050
12 0.212456 1 0.000050
13 0.221301 6 0.000300
14 0.230147 2 0.000100
15 0.238992 1 0.000050
16 0.247838 1 0.000050
17 0.256684 1 0.000050
18 0.265529 0 0.000000
19 0.274375 1 0.000050
20 0.283221 3 0.000150
21 0.292066 6 0.000300
22 0.300912 21 0.001050
23 0.309758 44 0.002200
24 0.318603 44 0.002200
25 0.327449 87 0.004350
26 0.336295 55 0.002750
27 0.345140 64 0.003200
28 0.353986 141 0.007050
29 0.362831 169 0.008450
30 0.371677 402 0.020100
31 0.380523 158 0.007900
32 0.389368 192 0.009600
33 0.398214 224 0.011200
34 0.407060 309 0.015450
35 0.415905 470 0.023500
36 0.424751 1011 0.050550
37 0.433597 540 0.027000
38 0.442442 386 0.019300
39 0.451288 451 0.022550
40 0.460133 619 0.030950
41 0.468979 946 0.047300
42 0.477825 573 0.028650
43 0.486670 649 0.032450
44 0.495516 3878 0.193900
45 0.504362 980 0.049000
46 0.513207 753 0.037650
47 0.522053 993 0.049650
48 0.530899 1024 0.051200
49 0.539744 470 0.023500
50 0.548590 485 0.024250
51 0.557435 449 0.022450
52 0.566281 741 0.037050
53 0.575127 486 0.024300
54 0.583972 314 0.015700
55 0.592818 211 0.010550
56 0.601664 244 0.012200
57 0.610509 235 0.011750
58 0.619355 311 0.015550
59 0.628201 293 0.014650
60 0.637046 103 0.005150
61 0.645892 66 0.003300
62 0.654737 105 0.005250
63 0.663583 73 0.003650
64 0.672429 105 0.005250
65 0.681274 31 0.001550
66 0.690120 19 0.000950
67 0.698966 20 0.001000
68 0.707811 10 0.000500
69 0.716657 1 0.000050
70 0.725503 0 0.000000
71 0.734348 2 0.000100
72 0.743194 0 0.000000
73 0.752039 0 0.000000
74 0.760885 0 0.000000
75 0.769731 1 0.000050
76 0.778576 2 0.000100
77 0.787422 1 0.000050
78 0.796268 5 0.000250
79 0.805113 4 0.000200
80 0.813959 0 0.000000
81 0.822805 0 0.000000
82 0.831650 0 0.000000
83 0.840496 0 0.000000
84 0.849341 0 0.000000
85 0.858187 0 0.000000
86 0.867033 0 0.000000
87 0.875878 0 0.000000
88 0.884724 0 0.000000
89 0.893570 1 0.000050
90 0.902415 0 0.000000
91 0.911261 0 0.000000
92 0.920107 0 0.000000
93 0.928952 0 0.000000
94 0.937798 0 0.000000
95 0.946643 0 0.000000
96 0.955489 0 0.000000
97 0.964335 0 0.000000
98 0.973180 0 0.000000
99 0.982026 1 0.000050
