0 0.441038 5 0.000250
1 0.442543 4 0.000200
2 0.444047 1 0.000050
3 0.445552 0 0.000000
4 0.447056 0 0.000000
5 0.448561 0 0.000000
6 0.450065 0 0.000000
7 0.451569 0 0.000000
8 0.453074 0 0.000000
9 0.454578 0 0.000000
10 0.456083 0 0.000000
11 0.457587 0 0.000000
12 0.459092 1 0.000050
13 0.460596 0 0.000000
14 0.462101 10 0.000500
15 0.463605 2 0.000100
16 0.465109 5 0.000250
17 0.466614 13 0.000650
18 0.468118 26 0.001300
19 0.469623 18 0.000900
20 0.471127 26 0.001300
21 0.472632 24 0.001200
22 0.474136 15 0.000750
23 0.475640 16 0.000800
24 0.477145 10 0.000500
25 0.478649 34 0.001700
26 0.480154 26 0.001300
27 0.481658 35 0.001750
28 0.483163 47 0.002350
29 0.484667 51 0.002550
30 0.486172 56 0.002800
31 0.487676 133 0.006650
32 0.489180 155 0.007750
33 0.490685 161 0.008050
34 0.492189 168 0.008400
35 0.493694 153 0.007650
36 0.495198 193 0.009650
37 0.496703 283 0.014150
38 0.498207 372 0.018600
39 0.499711 327 0.016350
40 0.501216 530 0.026500
41 0.502720 845 0.042250
42 0.504225 1423 0.071150
43 0.505729 1875 0.093750
44 0.507234 2866 0.143300
45 0.508738 2554 0.127700
46 0.510243 2090 0.104500
47 0.511747 1400 0.070000
48 0.513251 948 0.047400
49 0.514756 579 0.028950
50 0.516260 413 0.020650
51 0.517765 329 0.016450
52 0.519269 194 0.009700
53 0.520774 149 0.007450
54 0.522278 153 0.007650
55 0.523782 114 0.005700
56 0.525287 85 0.004250
57 0.526791 91 0.004550
58 0.528296 66 0.003300
59 0.529800 59 0.002950
60 0.531305 96 0.004800
61 0.532809 42 0.002100
62 0.534313 44 0.002200
63 0.535818 48 0.002400
64 0.537322 47 0.002350
65 0.538827 20 0.001000
66 0.540331 32 0.001600
67 0.541836 28 0.001400
68 0.543340 26 0.001300
69 0.544845 44 0.002200
70 0.546349 35 0.001750
71 0.547853 29 0.001450
72 0.549358 36 0.001800
73 0.550862 24 0.001200
74 0.552367 14 0.000700
75 0.553871 16 0.000800
76 0.555376 18 0.000900
77 0.556880 24 0.001200
78 0.558384 18 0.000900
79 0.559889 28 0.001400
80 0.561393 18 0.000900
81 0.562898 11 0.000550
82 0.564402 13 0.000650
83 0.565907 8 0.000400
84 0.567411 4 0.000200
85 0.568916 13 0.000650
86 0.570420 17 0.000850
87 0.571924 7 0.000350
88 0.573429 12 0.000600
89 0.574933 21 0.001050
90 0.576438 13 0.000650
91 0.577942 14 0.000700
92 0.579447 1 0.000050
93 0.580951 11 0.000550
94 0.582456 9 0.000450
95 0.583960 6 0.000300
96 0.585464 8 0.000400
97 0.586969 4 0.000200
98 0.588473 7 0.000350
99 0.589978 1 0.000050
