0 0.009172 2 0.000100
1 0.019178 5 0.000250
2 0.029183 5 0.000250
3 0.039188 5 0.000250
4 0.049193 2 0.000100
5 0.059198 2 0.000100
6 0.069203 3 0.000150
7 0.079208 2 0.000100
8 0.089213 4 0.000200
9 0.099219 3 0.000150
10 0.109224 4 0.000200
11 0.119229 1 0.000050
12 0.129234 7 0.000350
13 0.139239 1 0.000050
14 0.149244 2 0.000100
15 0.159249 5 0.000250
16 0.169254 2 0.000100
17 0.179260 0 0.000000
18 0.189265 5 0.000250
19 0.199270 6 0.000300
20 0.209275 1 0.000050
21 0.219280 8 0.000400
22 0.229285 7 0.000350
23 0.239290 6 0.000300
24 0.249295 36 0.001800
25 0.259301 33 0.001650
26 0.269306 33 0.001650
27 0.279311 38 0.001900
28 0.289316 40 0.002000
29 0.299321 24 0.001200
30 0.309326 101 0.005050
31 0.319331 78 0.003900
32 0.329336 202 0.010100
33 0.339342 111 0.005550
34 0.349347 47 0.002350
35 0.359352 10 0.000500
36 0.369357 13 0.000650
37 0.379362 19 0.000950
38 0.389367 23 0.001150
39 0.399372 14 0.000700
40 0.409377 26 0.001300
41 0.419383 27 0.001350
42 0.429388 21 0.001050
43 0.439393 30 0.001500
44 0.449398 51 0.002550
45 0.459403 51 0.002550
46 0.469408 58 0.002900
47 0.479413 82 0.004100
48 0.489419 109 0.005450
49 0.499424 121 0.006050
50 0.509429 118 0.005900
51 0.519434 183 0.009150
52 0.529439 226 0.011300
53 0.539444 243 0.012150
54 0.549449 379 0.018950
55 0.559454 478 0.023900
56 0.569459 925 0.046250
57 0.579465 2095 0.104750
58 0.589470 2958 0.147900
59 0.599475 1774 0.088700
60 0.609480 947 0.047350
61 0.619485 822 0.041100
62 0.629490 434 0.021700
63 0.639495 335 0.016750
64 0.649501 284 0.014200
65 0.659506 278 0.013900
66 0.669511 218 0.010900
67 0.679516 179 0.008950
68 0.689521 165 0.008250
69 0.699526 164 0.008200
70 0.709531 161 0.008050
71 0.719536 143 0.007150
72 0.729542 146 0.007300
73 0.739547 180 0.009000
74 0.749552 155 0.007750
75 0.759557 140 0.007000
76 0.769562 171 0.008550
77 0.779567 172 0.008600
78 0.789572 162 0.008100
79 0.799577 144 0.007200
80 0.809583 147 0.007350
81 0.819588 229 0.011450
82 0.829593 224 0.011200
83 0.839598 209 0.010450
84 0.849603 299 0.014950
85 0.859608 446 0.022300
86 0.869613 329 0.016450
87 0.879618 393 0.019650
88 0.889624 222 0.011100
89 0.899629 237 0.011850
90 0.909634 234 0.011700
91 0.919639 308 0.015400
92 0.929644 194 0.009700
93 0.939649 116 0.005800
94 0.949654 63 0.003150
95 0.959660 29 0.001450
96 0.969665 26 0.001300
97 0.979670 21 0.001050
98 0.989675 8 0.000400
99 0.999680 1 0.000050
