0 -0.120660 1 0.000050
1 -0.118405 0 0.000000
2 -0.116151 0 0.000000
3 -0.113896 0 0.000000
4 -0.111641 0 0.000000
5 -0.109386 0 0.000000
6 -0.107132 0 0.000000
7 -0.104877 0 0.000000
8 -0.102622 0 0.000000
9 -0.100367 0 0.000000
10 -0.098113 2 0.000100
11 -0.095858 1 0.000050
12 -0.093603 1 0.000050
13 -0.091348 0 0.000000
14 -0.089093 0 0.000000
15 -0.086839 1 0.000050
16 -0.084584 0 0.000000
17 -0.082329 4 0.000200
18 -0.080074 4 0.000200
19 -0.077820 2 0.000100
20 -0.075565 0 0.000000
21 -0.073310 1 0.000050
22 -0.071055 3 0.000150
23 -0.068801 6 0.000300
24 -0.066546 6 0.000300
25 -0.064291 6 0.000300
26 -0.062036 2 0.000100
27 -0.059782 5 0.000250
28 -0.057527 7 0.000350
29 -0.055272 6 0.000300
30 -0.053017 9 0.000450
31 -0.050763 6 0.000300
32 -0.048508 14 0.000700
33 -0.046253 17 0.000850
34 -0.043998 14 0.000700
35 -0.041744 9 0.000450
36 -0.039489 23 0.001150
37 -0.037234 28 0.001400
38 -0.034979 44 0.002200
39 -0.032724 34 0.001700
40 -0.030470 55 0.002750
41 -0.028215 104 0.005200
42 -0.025960 103 0.005150
43 -0.023705 176 0.008800
44 -0.021451 223 0.011150
45 -0.019196 419 0.020950
46 -0.016941 819 0.040950
47 -0.014686 1452 0.072600
48 -0.012432 1907 0.095350
49 -0.010177 2504 0.125200
50 -0.007922 3025 0.151250
51 -0.005667 2718 0.135900
52 -0.003413 2363 0.118150
53 -0.001158 1343 0.067150
54 0.001097 825 0.041250
55 0.003352 507 0.025350
56 0.005606 311 0.015550
57 0.007861 193 0.009650
58 0.010116 164 0.008200
59 0.012371 101 0.005050
60 0.014625 62 0.003100
61 0.016880 73 0.003650
62 0.019135 55 0.002750
63 0.021390 44 0.002200
64 0.023645 36 0.001800
65 0.025899 25 0.001250
66 0.028154 23 0.001150
67 0.030409 18 0.000900
68 0.032664 15 0.000750
69 0.034918 13 0.000650
70 0.037173 7 0.000350
71 0.039428 10 0.000500
72 0.041683 10 0.000500
73 0.043937 8 0.000400
74 0.046192 11 0.000550
75 0.048447 8 0.000400
76 0.050702 3 0.000150
77 0.052956 2 0.000100
78 0.055211 1 0.000050
79 0.057466 1 0.000050
80 0.059721 1 0.000050
81 0.061975 0 0.000000
82 0.064230 0 0.000000
83 0.066485 0 0.000000
84 0.068740 0 0.000000
85 0.070994 0 0.000000
86 0.073249 0 0.000000
87 0.075504 1 0.000050
88 0.077759 0 0.000000
89 0.080014 0 0.000000
90 0.082268 1 0.000050
91 0.084523 0 0.000000
92 0.086778 0 0.000000
93 0.089033 0 0.000000
94 0.091287 0 0.000000
95 0.093542 0 0.000000
96 0.095797 1 0.000050
97 0.098052 1 0.000050
98 0.100306 1 0.000050
99 0.102561 1 0.000050
