0 -0.070480 1 0.000050
1 -0.069008 0 0.000000
2 -0.067536 0 0.000000
3 -0.066065 0 0.000000
4 -0.064593 1 0.000050
5 -0.063121 1 0.000050
6 -0.061649 0 0.000000
7 -0.060178 0 0.000000
8 -0.058706 2 0.000100
9 -0.057234 1 0.000050
10 -0.055762 2 0.000100
11 -0.054290 2 0.000100
12 -0.052819 4 0.000200
13 -0.051347 3 0.000150
14 -0.049875 7 0.000350
15 -0.048403 6 0.000300
16 -0.046932 9 0.000450
17 -0.045460 14 0.000700
18 -0.043988 27 0.001350
19 -0.042516 21 0.001050
20 -0.041044 26 0.001300
21 -0.039573 39 0.001950
22 -0.038101 39 0.001950
23 -0.036629 44 0.002200
24 -0.035157 76 0.003800
25 -0.033686 61 0.003050
26 -0.032214 56 0.002800
27 -0.030742 69 0.003450
28 -0.029270 95 0.004750
29 -0.027799 89 0.004450
30 -0.026327 109 0.005450
31 -0.024855 165 0.008250
32 -0.023383 226 0.011300
33 -0.021911 261 0.013050
34 -0.020440 411 0.020550
35 -0.018968 413 0.020650
36 -0.017496 502 0.025100
37 -0.016024 788 0.039400
38 -0.014553 1007 0.050350
39 -0.013081 1148 0.057400
40 -0.011609 1433 0.071650
41 -0.010137 1689 0.084450
42 -0.008665 1954 0.097700
43 -0.007194 1667 0.083350
44 -0.005722 1635 0.081750
45 -0.004250 1407 0.070350
46 -0.002778 1094 0.054700
47 -0.001307 807 0.040350
48 0.000165 600 0.030000
49 0.001637 468 0.023400
50 0.003109 313 0.015650
51 0.004581 221 0.011050
52 0.006052 212 0.010600
53 0.007524 169 0.008450
54 0.008996 111 0.005550
55 0.010468 84 0.004200
56 0.011939 67 0.003350
57 0.013411 52 0.002600
58 0.014883 46 0.002300
59 0.016355 34 0.001700
60 0.017827 28 0.001400
61 0.019298 24 0.001200
62 0.020770 25 0.001250
63 0.022242 25 0.001250
64 0.023714 23 0.001150
65 0.025185 17 0.000850
66 0.026657 7 0.000350
67 0.028129 11 0.000550
68 0.029601 2 0.000100
69 0.031073 8 0.000400
70 0.032544 3 0.000150
71 0.034016 4 0.000200
72 0.035488 4 0.000200
73 0.036960 1 0.000050
74 0.038431 1 0.000050
75 0.039903 1 0.000050
76 0.041375 2 0.000100
77 0.042847 0 0.000000
78 0.044318 3 0.000150
79 0.045790 2 0.000100
80 0.047262 1 0.000050
81 0.048734 3 0.000150
82 0.050206 3 0.000150
83 0.051677 1 0.000050
84 0.053149 1 0.000050
85 0.054621 0 0.000000
86 0.056093 2 0.000100
87 0.057564 0 0.000000
88 0.059036 1 0.000050
89 0.060508 1 0.000050
90 0.061980 0 0.000000
91 0.063452 2 0.000100
92 0.064923 1 0.000050
93 0.066395 1 0.000050
94 0.067867 1 0.000050
95 0.069339 0 0.000000
96 0.070810 0 0.000000
97 0.072282 1 0.000050
98 0.073754 1 0.000050
99 0.075226 1 0.000050
