0 -0.411176 1 0.000050
1 -0.403360 0 0.000000
2 -0.395543 0 0.000000
3 -0.387727 0 0.000000
4 -0.379910 1 0.000050
5 -0.372094 1 0.000050
6 -0.364277 0 0.000000
7 -0.356461 0 0.000000
8 -0.348644 0 0.000000
9 -0.340828 0 0.000000
10 -0.333011 0 0.000000
11 -0.325195 0 0.000000
12 -0.317379 3 0.000150
13 -0.309562 2 0.000100
14 -0.301746 0 0.000000
15 -0.293929 0 0.000000
16 -0.286113 3 0.000150
17 -0.278296 6 0.000300
18 -0.270480 1 0.000050
19 -0.262663 2 0.000100
20 -0.254847 0 0.000000
21 -0.247030 0 0.000000
22 -0.239214 1 0.000050
23 -0.231397 0 0.000000
24 -0.223581 6 0.000300
25 -0.215764 5 0.000250
26 -0.207948 14 0.000700
27 -0.200131 7 0.000350
28 -0.192315 29 0.001450
29 -0.184498 46 0.002300
30 -0.176682 83 0.004150
31 -0.168865 71 0.003550
32 -0.161049 58 0.002900
33 -0.153232 63 0.003150
34 -0.145416 132 0.006600
35 -0.137599 266 0.013300
36 -0.129783 268 0.013400
37 -0.121966 189 0.009450
38 -0.114150 165 0.008250
39 -0.106333 160 0.008000
40 -0.098517 229 0.011450
41 -0.090700 329 0.016450
42 -0.082884 658 0.032900
43 -0.075067 702 0.035100
44 -0.067251 473 0.023650
45 -0.059435 323 0.016150
46 -0.051618 415 0.020750
47 -0.043802 617 0.030850
48 -0.035985 731 0.036550
49 -0.028169 572 0.028600
50 -0.020352 691 0.034550
51 -0.012536 1502 0.075100
52 -0.004719 2919 0.145950
53 0.003097 1060 0.053000
54 0.010914 847 0.042350
55 0.018730 849 0.042450
56 0.026547 967 0.048350
57 0.034363 416 0.020800
58 0.042180 355 0.017750
59 0.049996 331 0.016550
60 0.057813 538 0.026900
61 0.065629 546 0.027300
62 0.073446 370 0.018500
63 0.081262 246 0.012300
64 0.089079 183 0.009150
65 0.096895 195 0.009750
66 0.104712 155 0.007750
67 0.112528 259 0.012950
68 0.120345 287 0.014350
69 0.128161 183 0.009150
70 0.135978 53 0.002650
71 0.143794 53 0.002650
72 0.151611 88 0.004400
73 0.159427 96 0.004800
74 0.167243 84 0.004200
75 0.175060 39 0.001950
76 0.182876 14 0.000700
77 0.190693 7 0.000350
78 0.198509 5 0.000250
79 0.206326 2 0.000100
80 0.214142 6 0.000300
81 0.221959 2 0.000100
82 0.229775 0 0.000000
83 0.237592 3 0.000150
84 0.245408 1 0.000050
85 0.253225 2 0.000100
86 0.261041 1 0.000050
87 0.268858 3 0.000150
88 0.276674 2 0.000100
89 0.284491 1 0.000050
90 0.292307 1 0.000050
91 0.300124 0 0.000000
92 0.307940 3 0.000150
93 0.315757 2 0.000100
94 0.323573 0 0.000000
95 0.331390 0 0.000000
96 0.339206 0 0.000000
97 0.347023 0 0.000000
98 0.354839 1 0.000050
99 0.362656 0 0.000000
