0 0.000000 50665 0.844417
1 0.001708 1860 0.031000
2 0.003415 1888 0.031467
3 0.005123 1498 0.024967
4 0.006831 689 0.011483
5 0.008539 429 0.007150
6 0.010246 340 0.005667
7 0.011954 390 0.006500
8 0.013662 428 0.007133
9 0.015370 464 0.007733
10 0.017077 353 0.005883
11 0.018785 144 0.002400
12 0.020493 113 0.001883
13 0.022201 81 0.001350
14 0.023908 103 0.001717
15 0.025616 94 0.001567
16 0.027324 136 0.002267
17 0.029032 92 0.001533
18 0.030739 67 0.001117
19 0.032447 34 0.000567
20 0.034155 21 0.000350
21 0.035862 22 0.000367
22 0.037570 5 0.000083
23 0.039278 11 0.000183
24 0.040986 7 0.000117
25 0.042693 8 0.000133
26 0.044401 3 0.000050
27 0.046109 7 0.000117
28 0.047817 3 0.000050
29 0.049524 4 0.000067
30 0.051232 0 0.000000
31 0.052940 0 0.000000
32 0.054648 1 0.000017
33 0.056355 2 0.000033
34 0.058063 1 0.000017
35 0.059771 0 0.000000
36 0.061479 1 0.000017
37 0.063186 0 0.000000
38 0.064894 2 0.000033
39 0.066602 1 0.000017
40 0.068309 1 0.000017
41 0.070017 2 0.000033
42 0.071725 2 0.000033
43 0.073433 3 0.000050
44 0.075140 2 0.000033
45 0.076848 2 0.000033
46 0.078556 1 0.000017
47 0.080264 4 0.000067
48 0.081971 0 0.000000
49 0.083679 1 0.000017
50 0.085387 0 0.000000
51 0.087095 0 0.000000
52 0.088802 1 0.000017
53 0.090510 0 0.000000
54 0.092218 2 0.000033
55 0.093926 0 0.000000
56 0.095633 2 0.000033
57 0.097341 4 0.000067
58 0.099049 1 0.000017
59 0.100756 1 0.000017
60 0.102464 0 0.000000
61 0.104172 0 0.000000
62 0.105880 0 0.000000
63 0.107587 0 0.000000
64 0.109295 0 0.000000
65 0.111003 0 0.000000
66 0.112711 0 0.000000
67 0.114418 0 0.000000
68 0.116126 0 0.000000
69 0.117834 0 0.000000
70 0.119542 0 0.000000
71 0.121249 0 0.000000
72 0.122957 0 0.000000
73 0.124665 0 0.000000
74 0.126373 0 0.000000
75 0.128080 0 0.000000
76 0.129788 0 0.000000
77 0.131496 2 0.000033
78 0.133203 0 0.000000
79 0.134911 0 0.000000
80 0.136619 0 0.000000
81 0.138327 0 0.000000
82 0.140034 1 0.000017
83 0.141742 0 0.000000
84 0.143450 0 0.000000
85 0.145158 0 0.000000
86 0.146865 0 0.000000
87 0.148573 0 0.000000
88 0.150281 0 0.000000
89 0.151989 0 0.000000
90 0.153696 0 0.000000
91 0.155404 0 0.000000
92 0.157112 0 0.000000
93 0.158820 0 0.000000
94 0.160527 0 0.000000
95 0.162235 0 0.000000
96 0.163943 0 0.000000
97 0.165650 0 0.000000
98 0.167358 0 0.000000
99 0.169066 1 0.000017
