0 -0.411176 1 0.000017
1 -0.403360 0 0.000000
2 -0.395543 0 0.000000
3 -0.387727 0 0.000000
4 -0.379910 1 0.000017
5 -0.372094 1 0.000017
6 -0.364277 0 0.000000
7 -0.356461 0 0.000000
8 -0.348644 0 0.000000
9 -0.340828 0 0.000000
10 -0.333011 0 0.000000
11 -0.325195 0 0.000000
12 -0.317379 3 0.000050
13 -0.309562 2 0.000033
14 -0.301746 0 0.000000
15 -0.293929 0 0.000000
16 -0.286113 3 0.000050
17 -0.278296 6 0.000100
18 -0.270480 1 0.000017
19 -0.262663 2 0.000033
20 -0.254847 0 0.000000
21 -0.247030 0 0.000000
22 -0.239214 1 0.000017
23 -0.231397 0 0.000000
24 -0.223581 6 0.000100
25 -0.215764 5 0.000083
26 -0.207948 14 0.000233
27 -0.200131 7 0.000117
28 -0.192315 29 0.000483
29 -0.184498 46 0.000767
30 -0.176682 83 0.001383
31 -0.168865 71 0.001183
32 -0.161049 58 0.000967
33 -0.153232 63 0.001050
34 -0.145416 132 0.002200
35 -0.137599 266 0.004433
36 -0.129783 268 0.004467
37 -0.121966 190 0.003167
38 -0.114150 165 0.002750
39 -0.106333 160 0.002667
40 -0.098517 233 0.003883
41 -0.090700 330 0.005500
42 -0.082884 668 0.011133
43 -0.075067 712 0.011867
44 -0.067251 491 0.008183
45 -0.059435 356 0.005933
46 -0.051618 498 0.008300
47 -0.043802 847 0.014117
48 -0.035985 1229 0.020483
49 -0.028169 1949 0.032483
50 -0.020352 6890 0.114833
51 -0.012536 18949 0.315817
52 -0.004719 13703 0.228383
53 0.003097 3264 0.054400
54 0.010914 1445 0.024083
55 0.018730 1124 0.018733
56 0.026547 1073 0.017883
57 0.034363 461 0.007683
58 0.042180 398 0.006633
59 0.049996 347 0.005783
60 0.057813 545 0.009083
61 0.065629 549 0.009150
62 0.073446 373 0.006217
63 0.081262 247 0.004117
64 0.089079 183 0.003050
65 0.096895 199 0.003317
66 0.104712 155 0.002583
67 0.112528 259 0.004317
68 0.120345 287 0.004783
69 0.128161 183 0.003050
70 0.135978 53 0.000883
71 0.143794 53 0.000883
72 0.151611 88 0.001467
73 0.159427 96 0.001600
74 0.167243 84 0.001400
75 0.175060 39 0.000650
76 0.182876 14 0.000233
77 0.190693 7 0.000117
78 0.198509 5 0.000083
79 0.206326 2 0.000033
80 0.214142 6 0.000100
81 0.221959 2 0.000033
82 0.229775 0 0.000000
83 0.237592 3 0.000050
84 0.245408 1 0.000017
85 0.253225 2 0.000033
86 0.261041 1 0.000017
87 0.268858 3 0.000050
88 0.276674 2 0.000033
89 0.284491 1 0.000017
90 0.292307 1 0.000017
91 0.300124 0 0.000000
92 0.307940 3 0.000050
93 0.315757 2 0.000033
94 0.323573 0 0.000000
95 0.331390 0 0.000000
96 0.339206 0 0.000000
97 0.347023 0 0.000000
98 0.354839 1 0.000017
99 0.362656 0 0.000000
