0 0.029322 1 0.000017
1 0.039169 0 0.000000
2 0.049016 5 0.000083
3 0.058863 7 0.000117
4 0.068710 7 0.000117
5 0.078557 10 0.000167
6 0.088404 20 0.000333
7 0.098251 12 0.000200
8 0.108098 13 0.000217
9 0.117946 17 0.000283
10 0.127793 25 0.000417
11 0.137640 16 0.000267
12 0.147487 27 0.000450
13 0.157334 24 0.000400
14 0.167181 24 0.000400
15 0.177028 39 0.000650
16 0.186875 23 0.000383
17 0.196722 38 0.000633
18 0.206569 30 0.000500
19 0.216417 30 0.000500
20 0.226264 33 0.000550
21 0.236111 34 0.000567
22 0.245958 49 0.000817
23 0.255805 59 0.000983
24 0.265652 62 0.001033
25 0.275499 78 0.001300
26 0.285346 94 0.001567
27 0.295193 92 0.001533
28 0.305040 119 0.001983
29 0.314888 171 0.002850
30 0.324735 239 0.003983
31 0.334582 198 0.003300
32 0.344429 144 0.002400
33 0.354276 109 0.001817
34 0.364123 109 0.001817
35 0.373970 101 0.001683
36 0.383817 164 0.002733
37 0.393664 184 0.003067
38 0.403511 211 0.003517
39 0.413358 264 0.004400
40 0.423206 268 0.004467
41 0.433053 390 0.006500
42 0.442900 402 0.006700
43 0.452747 593 0.009883
44 0.462594 835 0.013917
45 0.472441 1173 0.019550
46 0.482288 2591 0.043183
47 0.492135 7409 0.123483
48 0.501982 14158 0.235967
49 0.511829 4044 0.067400
50 0.521677 1779 0.029650
51 0.531524 1193 0.019883
52 0.541371 987 0.016450
53 0.551218 818 0.013633
54 0.561065 805 0.013417
55 0.570912 1038 0.017300
56 0.580759 1639 0.027317
57 0.590606 2696 0.044933
58 0.600453 2663 0.044383
59 0.610300 1597 0.026617
60 0.620147 999 0.016650
61 0.629995 669 0.011150
62 0.639842 466 0.007767
63 0.649689 442 0.007367
64 0.659536 361 0.006017
65 0.669383 271 0.004517
66 0.679230 290 0.004833
67 0.689077 238 0.003967
68 0.698924 211 0.003517
69 0.708771 193 0.003217
70 0.718618 177 0.002950
71 0.728466 194 0.003233
72 0.738313 163 0.002717
73 0.748160 183 0.003050
74 0.758007 154 0.002567
75 0.767854 174 0.002900
76 0.777701 188 0.003133
77 0.787548 165 0.002750
78 0.797395 208 0.003467
79 0.807242 213 0.003550
80 0.817089 184 0.003067
81 0.826937 200 0.003333
82 0.836784 238 0.003967
83 0.846631 247 0.004117
84 0.856478 250 0.004167
85 0.866325 358 0.005967
86 0.876172 421 0.007017
87 0.886019 402 0.006700
88 0.895866 270 0.004500
89 0.905713 229 0.003817
90 0.915560 267 0.004450
91 0.925408 350 0.005833
92 0.935255 271 0.004517
93 0.945102 165 0.002750
94 0.954949 74 0.001233
95 0.964796 53 0.000883
96 0.974643 43 0.000717
97 0.984490 39 0.000650
98 0.994337 20 0.000333
99 1.004184 0 0.000000
