0 0.052529 5 0.000250
1 0.062142 5 0.000250
2 0.071755 3 0.000150
3 0.081367 10 0.000500
4 0.090980 8 0.000400
5 0.100593 3 0.000150
6 0.110205 3 0.000150
7 0.119818 3 0.000150
8 0.129431 6 0.000300
9 0.139043 6 0.000300
10 0.148656 2 0.000100
11 0.158269 3 0.000150
12 0.167881 1 0.000050
13 0.177494 4 0.000200
14 0.187107 3 0.000150
15 0.196719 7 0.000350
16 0.206332 5 0.000250
17 0.215945 8 0.000400
18 0.225557 8 0.000400
19 0.235170 7 0.000350
20 0.244783 13 0.000650
21 0.254395 26 0.001300
22 0.264008 25 0.001250
23 0.273621 21 0.001050
24 0.283233 41 0.002050
25 0.292846 46 0.002300
26 0.302459 46 0.002300
27 0.312071 66 0.003300
28 0.321684 149 0.007450
29 0.331297 150 0.007500
30 0.340909 81 0.004050
31 0.350522 34 0.001700
32 0.360135 12 0.000600
33 0.369748 8 0.000400
34 0.379360 15 0.000750
35 0.388973 24 0.001200
36 0.398586 19 0.000950
37 0.408198 24 0.001200
38 0.417811 15 0.000750
39 0.427424 33 0.001650
40 0.437036 34 0.001700
41 0.446649 44 0.002200
42 0.456262 39 0.001950
43 0.465874 55 0.002750
44 0.475487 48 0.002400
45 0.485100 73 0.003650
46 0.494712 96 0.004800
47 0.504325 128 0.006400
48 0.513938 125 0.006250
49 0.523550 144 0.007200
50 0.533163 171 0.008550
51 0.542776 225 0.011250
52 0.552388 294 0.014700
53 0.562001 395 0.019750
54 0.571614 626 0.031300
55 0.581226 1309 0.065450
56 0.590839 2468 0.123400
57 0.600452 2471 0.123550
58 0.610064 1438 0.071900
59 0.619677 866 0.043300
60 0.629290 577 0.028850
61 0.638902 371 0.018550
62 0.648515 356 0.017800
63 0.658128 277 0.013850
64 0.667741 215 0.010750
65 0.677353 200 0.010000
66 0.686966 183 0.009150
67 0.696579 159 0.007950
68 0.706191 175 0.008750
69 0.715804 127 0.006350
70 0.725417 149 0.007450
71 0.735029 138 0.006900
72 0.744642 134 0.006700
73 0.754255 137 0.006850
74 0.763867 140 0.007000
75 0.773480 150 0.007500
76 0.783093 143 0.007150
77 0.792705 163 0.008150
78 0.802318 173 0.008650
79 0.811931 198 0.009900
80 0.821543 148 0.007400
81 0.831156 193 0.009650
82 0.840769 226 0.011300
83 0.850381 231 0.011550
84 0.859994 235 0.011750
85 0.869607 352 0.017600
86 0.879219 456 0.022800
87 0.888832 349 0.017450
88 0.898445 231 0.011550
89 0.908057 216 0.010800
90 0.917670 262 0.013100
91 0.927283 350 0.017500
92 0.936895 233 0.011650
93 0.946508 144 0.007200
94 0.956121 63 0.003150
95 0.965734 55 0.002750
96 0.975346 37 0.001850
97 0.984959 38 0.001900
98 0.994572 18 0.000900
99 1.004184 1 0.000050
