0 0.010452 1 0.000050
1 0.020444 6 0.000300
2 0.030437 3 0.000150
3 0.040429 2 0.000100
4 0.050421 9 0.000450
5 0.060413 1 0.000050
6 0.070405 2 0.000100
7 0.080398 7 0.000350
8 0.090390 2 0.000100
9 0.100382 5 0.000250
10 0.110374 1 0.000050
11 0.120366 2 0.000100
12 0.130359 7 0.000350
13 0.140351 4 0.000200
14 0.150343 3 0.000150
15 0.160335 3 0.000150
16 0.170327 1 0.000050
17 0.180320 1 0.000050
18 0.190312 6 0.000300
19 0.200304 7 0.000350
20 0.210296 4 0.000200
21 0.220288 4 0.000200
22 0.230281 5 0.000250
23 0.240273 14 0.000700
24 0.250265 33 0.001650
25 0.260257 29 0.001450
26 0.270249 40 0.002000
27 0.280242 41 0.002050
28 0.290234 44 0.002200
29 0.300226 29 0.001450
30 0.310218 110 0.005500
31 0.320210 69 0.003450
32 0.330203 196 0.009800
33 0.340195 77 0.003850
34 0.350187 46 0.002300
35 0.360179 6 0.000300
36 0.370171 19 0.000950
37 0.380164 25 0.001250
38 0.390156 13 0.000650
39 0.400148 20 0.001000
40 0.410140 26 0.001300
41 0.420132 25 0.001250
42 0.430125 26 0.001300
43 0.440117 36 0.001800
44 0.450109 62 0.003100
45 0.460101 47 0.002350
46 0.470093 57 0.002850
47 0.480086 87 0.004350
48 0.490078 128 0.006400
49 0.500070 108 0.005400
50 0.510062 144 0.007200
51 0.520054 167 0.008350
52 0.530047 177 0.008850
53 0.540039 254 0.012700
54 0.550031 341 0.017050
55 0.560023 521 0.026050
56 0.570015 919 0.045950
57 0.580008 2177 0.108850
58 0.590000 2899 0.144950
59 0.599992 1695 0.084750
60 0.609984 917 0.045850
61 0.619976 771 0.038550
62 0.629969 493 0.024650
63 0.639961 327 0.016350
64 0.649953 288 0.014400
65 0.659945 241 0.012050
66 0.669937 222 0.011100
67 0.679930 175 0.008750
68 0.689922 163 0.008150
69 0.699914 161 0.008050
70 0.709906 146 0.007300
71 0.719898 133 0.006650
72 0.729891 154 0.007700
73 0.739883 170 0.008500
74 0.749875 160 0.008000
75 0.759867 165 0.008250
76 0.769859 154 0.007700
77 0.779852 161 0.008050
78 0.789844 176 0.008800
79 0.799836 146 0.007300
80 0.809828 156 0.007800
81 0.819820 227 0.011350
82 0.829813 216 0.010800
83 0.839805 213 0.010650
84 0.849797 266 0.013300
85 0.859789 447 0.022350
86 0.869781 372 0.018600
87 0.879774 428 0.021400
88 0.889766 252 0.012600
89 0.899758 230 0.011500
90 0.909750 297 0.014850
91 0.919742 327 0.016350
92 0.929735 178 0.008900
93 0.939727 130 0.006500
94 0.949719 44 0.002200
95 0.959711 48 0.002400
96 0.969703 30 0.001500
97 0.979696 16 0.000800
98 0.989688 6 0.000300
99 0.999680 1 0.000050
