0 0.029322 1 0.000050
1 0.038828 0 0.000000
2 0.048335 1 0.000050
3 0.057841 1 0.000050
4 0.067348 3 0.000150
5 0.076854 2 0.000100
6 0.086360 10 0.000500
7 0.095867 4 0.000200
8 0.105373 11 0.000550
9 0.114880 17 0.000850
10 0.124386 15 0.000750
11 0.133893 13 0.000650
12 0.143399 19 0.000950
13 0.152906 16 0.000800
14 0.162412 22 0.001100
15 0.171919 34 0.001700
16 0.181425 31 0.001550
17 0.190932 13 0.000650
18 0.200438 28 0.001400
19 0.209945 24 0.001200
20 0.219451 27 0.001350
21 0.228958 18 0.000900
22 0.238464 31 0.001550
23 0.247970 31 0.001550
24 0.257477 36 0.001800
25 0.266983 36 0.001800
26 0.276490 49 0.002450
27 0.285996 45 0.002250
28 0.295503 49 0.002450
29 0.305009 59 0.002950
30 0.314516 69 0.003450
31 0.324022 75 0.003750
32 0.333529 78 0.003900
33 0.343035 75 0.003750
34 0.352542 85 0.004250
35 0.362048 89 0.004450
36 0.371555 92 0.004600
37 0.381061 118 0.005900
38 0.390567 160 0.008000
39 0.400074 165 0.008250
40 0.409580 226 0.011300
41 0.419087 225 0.011250
42 0.428593 296 0.014800
43 0.438100 333 0.016650
44 0.447606 367 0.018350
45 0.457113 598 0.029900
46 0.466619 729 0.036450
47 0.476126 984 0.049200
48 0.485632 1604 0.080200
49 0.495139 2721 0.136050
50 0.504645 2827 0.141350
51 0.514152 1868 0.093400
52 0.523658 1151 0.057550
53 0.533165 704 0.035200
54 0.542671 571 0.028550
55 0.552177 413 0.020650
56 0.561684 342 0.017100
57 0.571190 357 0.017850
58 0.580697 302 0.015100
59 0.590203 199 0.009950
60 0.599710 143 0.007150
61 0.609216 158 0.007900
62 0.618723 111 0.005550
63 0.628229 116 0.005800
64 0.637736 74 0.003700
65 0.647242 93 0.004650
66 0.656749 88 0.004400
67 0.666255 61 0.003050
68 0.675762 85 0.004250
69 0.685268 63 0.003150
70 0.694774 46 0.002300
71 0.704281 36 0.001800
72 0.713787 35 0.001750
73 0.723294 37 0.001850
74 0.732800 33 0.001650
75 0.742307 33 0.001650
76 0.751813 21 0.001050
77 0.761320 24 0.001200
78 0.770826 28 0.001400
79 0.780333 30 0.001500
80 0.789839 17 0.000850
81 0.799346 20 0.001000
82 0.808852 18 0.000900
83 0.818359 27 0.001350
84 0.827865 15 0.000750
85 0.837372 13 0.000650
86 0.846878 13 0.000650
87 0.856384 13 0.000650
88 0.865891 8 0.000400
89 0.875397 6 0.000300
90 0.884904 7 0.000350
91 0.894410 16 0.000800
92 0.903917 8 0.000400
93 0.913423 12 0.000600
94 0.922930 5 0.000250
95 0.932436 2 0.000100
96 0.941943 4 0.000200
97 0.951449 5 0.000250
98 0.960956 7 0.000350
99 0.970462 0 0.000000
