0 0.010452 2 0.000033
1 0.020444 10 0.000167
2 0.030437 7 0.000117
3 0.040429 5 0.000083
4 0.050421 23 0.000383
5 0.060413 13 0.000217
6 0.070405 13 0.000217
7 0.080398 17 0.000283
8 0.090390 8 0.000133
9 0.100382 20 0.000333
10 0.110374 7 0.000117
11 0.120366 16 0.000267
12 0.130359 17 0.000283
13 0.140351 23 0.000383
14 0.150343 21 0.000350
15 0.160335 14 0.000233
16 0.170327 18 0.000300
17 0.180320 12 0.000200
18 0.190312 29 0.000483
19 0.200304 35 0.000583
20 0.210296 35 0.000583
21 0.220288 44 0.000733
22 0.230281 30 0.000500
23 0.240273 36 0.000600
24 0.250265 78 0.001300
25 0.260257 61 0.001017
26 0.270249 82 0.001367
27 0.280242 105 0.001750
28 0.290234 110 0.001833
29 0.300226 132 0.002200
30 0.310218 229 0.003817
31 0.320210 211 0.003517
32 0.330203 377 0.006283
33 0.340195 238 0.003967
34 0.350187 216 0.003600
35 0.360179 294 0.004900
36 0.370171 537 0.008950
37 0.380164 393 0.006550
38 0.390156 377 0.006283
39 0.400148 494 0.008233
40 0.410140 708 0.011800
41 0.420132 1153 0.019217
42 0.430125 1207 0.020117
43 0.440117 862 0.014367
44 0.450109 1159 0.019317
45 0.460101 1545 0.025750
46 0.470093 2065 0.034417
47 0.480086 2511 0.041850
48 0.490078 4259 0.070983
49 0.500070 7246 0.120767
50 0.510062 2563 0.042717
51 0.520054 2271 0.037850
52 0.530047 1938 0.032300
53 0.540039 1236 0.020600
54 0.550031 1224 0.020400
55 0.560023 1472 0.024533
56 0.570015 2062 0.034367
57 0.580008 2816 0.046933
58 0.590000 3330 0.055500
59 0.599992 2121 0.035350
60 0.609984 1292 0.021533
61 0.619976 1328 0.022133
62 0.629969 793 0.013217
63 0.639961 495 0.008250
64 0.649953 499 0.008317
65 0.659945 401 0.006683
66 0.669937 431 0.007183
67 0.679930 278 0.004633
68 0.689922 223 0.003717
69 0.699914 225 0.003750
70 0.709906 187 0.003117
71 0.719898 175 0.002917
72 0.729891 170 0.002833
73 0.739883 193 0.003217
74 0.749875 189 0.003150
75 0.759867 184 0.003067
76 0.769859 175 0.002917
77 0.779852 189 0.003150
78 0.789844 207 0.003450
79 0.799836 169 0.002817
80 0.809828 180 0.003000
81 0.819820 243 0.004050
82 0.829813 232 0.003867
83 0.839805 227 0.003783
84 0.849797 278 0.004633
85 0.859789 455 0.007583
86 0.869781 380 0.006333
87 0.879774 436 0.007267
88 0.889766 262 0.004367
89 0.899758 237 0.003950
90 0.909750 311 0.005183
91 0.919742 337 0.005617
92 0.929735 186 0.003100
93 0.939727 140 0.002333
94 0.949719 47 0.000783
95 0.959711 49 0.000817
96 0.969703 37 0.000617
97 0.979696 16 0.000267
98 0.989688 6 0.000100
99 0.999680 1 0.000017
