0 0.442680 4 0.000200
1 0.444130 2 0.000100
2 0.445581 3 0.000150
3 0.447031 1 0.000050
4 0.448481 0 0.000000
5 0.449932 1 0.000050
6 0.451382 1 0.000050
7 0.452832 3 0.000150
8 0.454283 3 0.000150
9 0.455733 3 0.000150
10 0.457183 6 0.000300
11 0.458634 14 0.000700
12 0.460084 5 0.000250
13 0.461534 7 0.000350
14 0.462985 18 0.000900
15 0.464435 2 0.000100
16 0.465885 12 0.000600
17 0.467336 7 0.000350
18 0.468786 8 0.000400
19 0.470236 26 0.001300
20 0.471687 25 0.001250
21 0.473137 29 0.001450
22 0.474587 14 0.000700
23 0.476038 24 0.001200
24 0.477488 25 0.001250
25 0.478938 43 0.002150
26 0.480389 76 0.003800
27 0.481839 61 0.003050
28 0.483289 126 0.006300
29 0.484740 136 0.006800
30 0.486190 141 0.007050
31 0.487640 130 0.006500
32 0.489091 232 0.011600
33 0.490541 228 0.011400
34 0.491991 204 0.010200
35 0.493442 339 0.016950
36 0.494892 474 0.023700
37 0.496342 673 0.033650
38 0.497793 716 0.035800
39 0.499243 1276 0.063800
40 0.500693 1477 0.073850
41 0.502144 2036 0.101800
42 0.503594 2164 0.108200
43 0.505044 2170 0.108500
44 0.506495 1747 0.087350
45 0.507945 1132 0.056600
46 0.509395 1038 0.051900
47 0.510846 653 0.032650
48 0.512296 491 0.024550
49 0.513746 354 0.017700
50 0.515197 226 0.011300
51 0.516647 155 0.007750
52 0.518097 134 0.006700
53 0.519548 103 0.005150
54 0.520998 94 0.004700
55 0.522448 60 0.003000
56 0.523899 50 0.002500
57 0.525349 46 0.002300
58 0.526799 73 0.003650
59 0.528250 47 0.002350
60 0.529700 42 0.002100
61 0.531150 32 0.001600
62 0.532601 63 0.003150
63 0.534051 60 0.003000
64 0.535501 28 0.001400
65 0.536952 24 0.001200
66 0.538402 32 0.001600
67 0.539852 23 0.001150
68 0.541303 16 0.000800
69 0.542753 11 0.000550
70 0.544203 10 0.000500
71 0.545654 16 0.000800
72 0.547104 29 0.001450
73 0.548554 41 0.002050
74 0.550005 15 0.000750
75 0.551455 27 0.001350
76 0.552905 20 0.001000
77 0.554356 17 0.000850
78 0.555806 9 0.000450
79 0.557256 4 0.000200
80 0.558707 11 0.000550
81 0.560157 9 0.000450
82 0.561607 5 0.000250
83 0.563058 18 0.000900
84 0.564508 4 0.000200
85 0.565958 5 0.000250
86 0.567409 11 0.000550
87 0.568859 8 0.000400
88 0.570309 8 0.000400
89 0.571760 8 0.000400
90 0.573210 1 0.000050
91 0.574660 0 0.000000
92 0.576111 10 0.000500
93 0.577561 11 0.000550
94 0.579011 11 0.000550
95 0.580462 0 0.000000
96 0.581912 6 0.000300
97 0.583362 3 0.000150
98 0.584813 3 0.000150
99 0.586263 1 0.000050
