0 0.116262 1 0.000050
1 0.124207 2 0.000100
2 0.132151 0 0.000000
3 0.140096 0 0.000000
4 0.148041 0 0.000000
5 0.155986 0 0.000000
6 0.163930 0 0.000000
7 0.171875 0 0.000000
8 0.179820 0 0.000000
9 0.187765 1 0.000050
10 0.195709 2 0.000100
11 0.203654 3 0.000150
12 0.211599 3 0.000150
13 0.219544 4 0.000200
14 0.227488 3 0.000150
15 0.235433 1 0.000050
16 0.243378 0 0.000000
17 0.251323 0 0.000000
18 0.259267 0 0.000000
19 0.267212 0 0.000000
20 0.275157 0 0.000000
21 0.283102 2 0.000100
22 0.291047 2 0.000100
23 0.298991 25 0.001250
24 0.306936 33 0.001650
25 0.314881 40 0.002000
26 0.322826 66 0.003300
27 0.330770 76 0.003800
28 0.338715 61 0.003050
29 0.346660 44 0.002200
30 0.354605 127 0.006350
31 0.362549 129 0.006450
32 0.370494 346 0.017300
33 0.378439 191 0.009550
34 0.386384 182 0.009100
35 0.394328 136 0.006800
36 0.402273 235 0.011750
37 0.410218 350 0.017500
38 0.418163 418 0.020900
39 0.426107 929 0.046450
40 0.434052 480 0.024000
41 0.441997 362 0.018100
42 0.449942 407 0.020350
43 0.457886 506 0.025300
44 0.465831 791 0.039550
45 0.473776 648 0.032400
46 0.481721 519 0.025950
47 0.489665 610 0.030500
48 0.497610 4016 0.200800
49 0.505555 783 0.039150
50 0.513500 651 0.032550
51 0.521444 906 0.045300
52 0.529389 981 0.049050
53 0.537334 476 0.023800
54 0.545279 419 0.020950
55 0.553223 422 0.021100
56 0.561168 430 0.021500
57 0.569113 724 0.036200
58 0.577058 338 0.016900
59 0.585003 284 0.014200
60 0.592947 192 0.009600
61 0.600892 217 0.010850
62 0.608837 232 0.011600
63 0.616782 176 0.008800
64 0.624726 404 0.020200
65 0.632671 117 0.005850
66 0.640616 62 0.003100
67 0.648561 84 0.004200
68 0.656505 92 0.004600
69 0.664450 53 0.002650
70 0.672395 102 0.005100
71 0.680340 33 0.001650
72 0.688284 17 0.000850
73 0.696229 21 0.001050
74 0.704174 12 0.000600
75 0.712119 2 0.000100
76 0.720063 0 0.000000
77 0.728008 0 0.000000
78 0.735953 1 0.000050
79 0.743898 0 0.000000
80 0.751842 0 0.000000
81 0.759787 0 0.000000
82 0.767732 2 0.000100
83 0.775677 1 0.000050
84 0.783621 3 0.000150
85 0.791566 2 0.000100
86 0.799511 6 0.000300
87 0.807456 3 0.000150
88 0.815400 0 0.000000
89 0.823345 0 0.000000
90 0.831290 0 0.000000
91 0.839235 0 0.000000
92 0.847179 0 0.000000
93 0.855124 0 0.000000
94 0.863069 0 0.000000
95 0.871014 0 0.000000
96 0.878959 0 0.000000
97 0.886903 0 0.000000
98 0.894848 0 0.000000
99 0.902793 1 0.000050
