0 0.013721 1 0.000050
1 0.023472 6 0.000300
2 0.033222 2 0.000100
3 0.042972 5 0.000250
4 0.052723 18 0.000900
5 0.062473 8 0.000400
6 0.072223 10 0.000500
7 0.081974 10 0.000500
8 0.091724 5 0.000250
9 0.101474 16 0.000800
10 0.111224 4 0.000200
11 0.120975 13 0.000650
12 0.130725 10 0.000500
13 0.140475 18 0.000900
14 0.150226 17 0.000850
15 0.159976 12 0.000600
16 0.169726 15 0.000750
17 0.179477 11 0.000550
18 0.189227 21 0.001050
19 0.198977 21 0.001050
20 0.208727 26 0.001300
21 0.218478 35 0.001750
22 0.228228 23 0.001150
23 0.237978 23 0.001150
24 0.247729 37 0.001850
25 0.257479 34 0.001700
26 0.267229 40 0.002000
27 0.276980 51 0.002550
28 0.286730 64 0.003200
29 0.296480 59 0.002950
30 0.306230 71 0.003550
31 0.315981 65 0.003250
32 0.325731 84 0.004200
33 0.335481 79 0.003950
34 0.345232 83 0.004150
35 0.354982 84 0.004200
36 0.364732 110 0.005500
37 0.374483 129 0.006450
38 0.384233 146 0.007300
39 0.393983 178 0.008900
40 0.403733 222 0.011100
41 0.413484 240 0.012000
42 0.423234 298 0.014900
43 0.432984 363 0.018150
44 0.442735 409 0.020450
45 0.452485 586 0.029300
46 0.462235 790 0.039500
47 0.471986 1088 0.054400
48 0.481736 1912 0.095600
49 0.491486 3278 0.163900
50 0.501236 2718 0.135900
51 0.510987 1513 0.075650
52 0.520737 906 0.045300
53 0.530487 639 0.031950
54 0.540238 462 0.023100
55 0.549988 359 0.017950
56 0.559738 381 0.019050
57 0.569489 301 0.015050
58 0.579239 282 0.014100
59 0.588989 176 0.008800
60 0.598740 137 0.006850
61 0.608490 134 0.006700
62 0.618240 133 0.006650
63 0.627990 92 0.004600
64 0.637741 88 0.004400
65 0.647491 90 0.004500
66 0.657241 81 0.004050
67 0.666992 71 0.003550
68 0.676742 77 0.003850
69 0.686492 51 0.002550
70 0.696242 47 0.002350
71 0.705993 28 0.001400
72 0.715743 44 0.002200
73 0.725493 21 0.001050
74 0.735244 14 0.000700
75 0.744994 32 0.001600
76 0.754744 21 0.001050
77 0.764495 21 0.001050
78 0.774245 18 0.000900
79 0.783995 26 0.001300
80 0.793746 24 0.001200
81 0.803496 15 0.000750
82 0.813246 20 0.001000
83 0.822996 18 0.000900
84 0.832747 16 0.000800
85 0.842497 10 0.000500
86 0.852247 13 0.000650
87 0.861998 8 0.000400
88 0.871748 7 0.000350
89 0.881498 8 0.000400
90 0.891248 9 0.000450
91 0.900999 9 0.000450
92 0.910749 11 0.000550
93 0.920499 10 0.000500
94 0.930250 8 0.000400
95 0.940000 10 0.000500
96 0.949750 3 0.000150
97 0.959501 1 0.000050
98 0.969251 5 0.000250
99 0.979001 2 0.000100
