0.000000 0 0 0.002176 0.000000 0.169882 0.002150 0.000000 0.285659
0.200000 0 1 0.001892 0.000000 0.168014 0.001907 0.000000 0.228206
0.400000 0 2 0.001919 0.000000 0.168327 0.001902 0.000000 0.228353
0.600000 0 3 0.001817 0.000000 0.169958 0.001760 0.000000 0.186071
0.800000 0 4 0.001869 0.000000 0.177909 0.001883 0.000000 0.176427
1.000000 1 0 0.001834 0.000000 0.161428 0.001833 0.000000 0.171875
1.200000 1 1 0.001616 0.000000 0.163304 0.001573 0.000000 0.174296
1.400000 1 2 0.001619 0.000000 0.173164 0.001582 0.000000 0.175541
1.600000 1 3 0.001674 0.000000 0.164897 0.001629 0.000000 0.160948
1.800000 1 4 0.001717 0.000000 0.169096 0.001706 0.000000 0.242911
2.000000 2 0 0.001597 0.000000 0.189378 0.001569 0.000000 0.198024
2.200000 2 1 0.001573 0.000000 0.151452 0.001512 0.000000 0.169941
2.400000 2 2 0.001666 0.000000 0.157759 0.001665 0.000000 0.209981
2.600000 2 3 0.001597 0.000000 0.164449 0.001586 0.000000 0.189967
2.800000 2 4 0.001611 0.000000 0.163104 0.001607 0.000000 0.218531
3.000000 3 0 0.001637 0.000000 0.175857 0.001615 0.000000 0.194879
3.200000 3 1 0.001607 0.000000 0.160190 0.001596 0.000000 0.184775
3.400000 3 2 0.001809 0.000000 0.163410 0.001781 0.000000 0.225457
3.600000 3 3 0.001649 0.000000 0.161758 0.001593 0.000000 0.227208
3.800000 3 4 0.001568 0.000000 0.162207 0.001518 0.000000 0.170911
4.000000 4 0 0.001647 0.000000 0.171946 0.001604 0.000000 0.219590
4.200000 4 1 0.001575 0.000000 0.171031 0.001576 0.000000 0.182274
4.400000 4 2 0.001609 0.000000 0.176835 0.001590 0.000000 0.272605
4.600000 4 3 0.001627 0.000000 0.156787 0.001621 0.000000 0.221313
4.800000 4 4 0.001702 0.000000 0.158778 0.001700 0.000000 0.224970
5.000000 5 0 0.001702 0.000000 0.171015 0.001690 0.000000 0.147012
5.200000 5 1 0.001540 0.000000 0.172282 0.001529 0.000000 0.216498
5.400000 5 2 0.001644 0.000000 0.166064 0.001614 0.000000 0.210637
5.600000 5 3 0.001712 0.000000 0.171961 0.001700 0.000000 0.241307
5.800000 5 4 0.001683 0.000000 0.164730 0.001669 0.000000 0.234831
6.000000 6 0 0.001654 0.000000 0.158669 0.001675 0.000000 0.183655
6.200000 6 1 0.001614 0.000000 0.164428 0.001612 0.000000 0.175868
6.400000 6 2 0.001591 0.000000 0.172685 0.001582 0.000000 0.214706
6.600000 6 3 0.001712 0.000000 0.162082 0.001695 0.000000 0.220839
6.800000 6 4 0.001700 0.000000 0.159724 0.001693 0.000000 0.243345
7.000000 7 0 0.001639 0.000000 0.167526 0.001624 0.000000 0.225872
7.200000 7 1 0.001631 0.000000 0.169869 0.001613 0.000000 0.180454
7.400000 7 2 0.001517 0.000000 0.177720 0.001480 0.000000 0.238141
7.600000 7 3 0.001574 0.000000 0.164586 0.001537 0.000000 0.219889
7.800000 7 4 0.001730 0.000000 0.156873 0.001701 0.000000 0.228376
8.000000 8 0 0.001654 0.000000 0.164052 0.001615 0.000000 0.160001
8.200000 8 1 0.001533 0.000000 0.166982 0.001525 0.000000 0.229990
8.400000 8 2 0.001595 0.000000 0.163396 0.001570 0.000000 0.157554
8.600000 8 3 0.001599 0.000000 0.159442 0.001562 0.000000 0.116920
8.800000 8 4 0.001633 0.000000 0.157481 0.001599 0.000000 0.215955
9.000000 9 0 0.001651 0.000000 0.159439 0.001637 0.000000 0.227266
9.200000 9 1 0.001651 0.000000 0.159992 0.001670 0.000000 0.143052
9.400000 9 2 0.001685 0.000000 0.155954 0.001667 0.000000 0.231849
9.600000 9 3 0.001602 0.000000 0.165632 0.001590 0.000000 0.164337
9.800000 9 4 0.001625 0.000000 0.163497 0.001629 0.000000 0.210585
