initializing
training size    : 359556
testing size     : 20000
epoch count      : 10
sub epoch size   : 5

epoch_learning_rate_decay   : 8
learning_rate_decay         : 0.250000

training



epoch [0 0] from [10 5]
training time per iterations 1.328948[ms]
testing on 20000 items
testing done
average error 0.004054
min error     0.000000
max error     0.225712
saving best net
best net saved to networks/disc8x8x3/net_4_depth/trained/, with error 0.004054



epoch [0 1] from [10 5]
training time per iterations 1.329922[ms]
testing on 20000 items
testing done
average error 0.003173
min error     0.000000
max error     0.231171
saving best net
best net saved to networks/disc8x8x3/net_4_depth/trained/, with error 0.003173



epoch [0 2] from [10 5]
training time per iterations 1.326904[ms]
testing on 20000 items
testing done
average error 0.002649
min error     0.000000
max error     0.236821
saving best net
best net saved to networks/disc8x8x3/net_4_depth/trained/, with error 0.002649



epoch [0 3] from [10 5]
training time per iterations 1.329087[ms]
testing on 20000 items
testing done
average error 0.002364
min error     0.000000
max error     0.235055
saving best net
best net saved to networks/disc8x8x3/net_4_depth/trained/, with error 0.002364



epoch [0 4] from [10 5]
training time per iterations 1.331145[ms]
testing on 20000 items
testing done
average error 0.002232
min error     0.000000
max error     0.236091
saving best net
best net saved to networks/disc8x8x3/net_4_depth/trained/, with error 0.002232



epoch [1 0] from [10 5]
training time per iterations 1.332411[ms]
testing on 20000 items
testing done
average error 0.002167
min error     0.000000
max error     0.235392
saving best net
best net saved to networks/disc8x8x3/net_4_depth/trained/, with error 0.002167



epoch [1 1] from [10 5]
training time per iterations 1.328281[ms]
testing on 20000 items
testing done
average error 0.002099
min error     0.000000
max error     0.235230
saving best net
best net saved to networks/disc8x8x3/net_4_depth/trained/, with error 0.002099



epoch [1 2] from [10 5]
training time per iterations 1.332703[ms]
testing on 20000 items
testing done
average error 0.002112
min error     0.000000
max error     0.234857



epoch [1 3] from [10 5]
training time per iterations 1.330130[ms]
testing on 20000 items
testing done
average error 0.002008
min error     0.000000
max error     0.238570
saving best net
best net saved to networks/disc8x8x3/net_4_depth/trained/, with error 0.002008



epoch [1 4] from [10 5]
training time per iterations 1.330464[ms]
testing on 20000 items
testing done
average error 0.002051
min error     0.000000
max error     0.244676



epoch [2 0] from [10 5]
training time per iterations 1.330464[ms]
testing on 20000 items
testing done
average error 0.001929
min error     0.000000
max error     0.232189
saving best net
best net saved to networks/disc8x8x3/net_4_depth/trained/, with error 0.001929



epoch [2 1] from [10 5]
training time per iterations 1.333885[ms]
testing on 20000 items
testing done
average error 0.001898
min error     0.000000
max error     0.224774
saving best net
best net saved to networks/disc8x8x3/net_4_depth/trained/, with error 0.001898



epoch [2 2] from [10 5]
training time per iterations 1.335568[ms]
testing on 20000 items
testing done
average error 0.001867
min error     0.000000
max error     0.226907
saving best net
best net saved to networks/disc8x8x3/net_4_depth/trained/, with error 0.001867



epoch [2 3] from [10 5]
training time per iterations 1.329977[ms]
testing on 20000 items
testing done
average error 0.001920
min error     0.000000
max error     0.237914



epoch [2 4] from [10 5]
training time per iterations 1.328128[ms]
testing on 20000 items
testing done
average error 0.001816
min error     0.000000
max error     0.218777
saving best net
best net saved to networks/disc8x8x3/net_4_depth/trained/, with error 0.001816



epoch [3 0] from [10 5]
training time per iterations 1.327766[ms]
testing on 20000 items
testing done
average error 0.001809
min error     0.000000
max error     0.226171
saving best net
best net saved to networks/disc8x8x3/net_4_depth/trained/, with error 0.001809



epoch [3 1] from [10 5]
training time per iterations 1.331771[ms]
testing on 20000 items
testing done
average error 0.001871
min error     0.000000
max error     0.249604



epoch [3 2] from [10 5]
training time per iterations 1.327433[ms]
testing on 20000 items
testing done
average error 0.001798
min error     0.000000
max error     0.230151
saving best net
best net saved to networks/disc8x8x3/net_4_depth/trained/, with error 0.001798



epoch [3 3] from [10 5]
training time per iterations 1.328934[ms]
testing on 20000 items
testing done
average error 0.001791
min error     0.000000
max error     0.227187
saving best net
best net saved to networks/disc8x8x3/net_4_depth/trained/, with error 0.001791



epoch [3 4] from [10 5]
training time per iterations 1.328865[ms]
testing on 20000 items
testing done
average error 0.001825
min error     0.000000
max error     0.220201



epoch [4 0] from [10 5]
training time per iterations 1.327488[ms]
testing on 20000 items
testing done
average error 0.001805
min error     0.000000
max error     0.221169



epoch [4 1] from [10 5]
training time per iterations 1.324776[ms]
testing on 20000 items
testing done
average error 0.001777
min error     0.000000
max error     0.236435
saving best net
best net saved to networks/disc8x8x3/net_4_depth/trained/, with error 0.001777



epoch [4 2] from [10 5]
training time per iterations 1.333927[ms]
testing on 20000 items
testing done
average error 0.001781
min error     0.000000
max error     0.226035



epoch [4 3] from [10 5]
training time per iterations 1.324387[ms]
testing on 20000 items
testing done
average error 0.001743
min error     0.000000
max error     0.232752
saving best net
best net saved to networks/disc8x8x3/net_4_depth/trained/, with error 0.001743



epoch [4 4] from [10 5]
training time per iterations 1.326028[ms]
testing on 20000 items
testing done
average error 0.001744
min error     0.000000
max error     0.230939



epoch [5 0] from [10 5]
training time per iterations 1.327947[ms]
testing on 20000 items
testing done
average error 0.001731
min error     0.000000
max error     0.221378
saving best net
best net saved to networks/disc8x8x3/net_4_depth/trained/, with error 0.001731



epoch [5 1] from [10 5]
training time per iterations 1.329004[ms]
testing on 20000 items
testing done
average error 0.001760
min error     0.000000
max error     0.233750



epoch [5 2] from [10 5]
training time per iterations 1.330687[ms]
testing on 20000 items
testing done
average error 0.001728
min error     0.000000
max error     0.219739
saving best net
best net saved to networks/disc8x8x3/net_4_depth/trained/, with error 0.001728



epoch [5 3] from [10 5]
training time per iterations 1.325639[ms]
testing on 20000 items
testing done
average error 0.001697
min error     0.000000
max error     0.224473
saving best net
best net saved to networks/disc8x8x3/net_4_depth/trained/, with error 0.001697



epoch [5 4] from [10 5]
training time per iterations 1.324943[ms]
testing on 20000 items
testing done
average error 0.001693
min error     0.000000
max error     0.217619
saving best net
best net saved to networks/disc8x8x3/net_4_depth/trained/, with error 0.001693



epoch [6 0] from [10 5]
training time per iterations 1.330659[ms]
testing on 20000 items
testing done
average error 0.001684
min error     0.000000
max error     0.227206
saving best net
best net saved to networks/disc8x8x3/net_4_depth/trained/, with error 0.001684



epoch [6 1] from [10 5]
training time per iterations 1.328601[ms]
testing on 20000 items
testing done
average error 0.001679
min error     0.000000
max error     0.222147
saving best net
best net saved to networks/disc8x8x3/net_4_depth/trained/, with error 0.001679



epoch [6 2] from [10 5]
training time per iterations 1.330311[ms]
testing on 20000 items
testing done
average error 0.001709
min error     0.000000
max error     0.226156



epoch [6 3] from [10 5]
training time per iterations 1.333843[ms]
testing on 20000 items
testing done
average error 0.001708
min error     0.000000
max error     0.225116



epoch [6 4] from [10 5]
training time per iterations 1.325208[ms]
testing on 20000 items
testing done
average error 0.001687
min error     0.000000
max error     0.216320



epoch [7 0] from [10 5]
training time per iterations 1.334497[ms]
testing on 20000 items
testing done
average error 0.001696
min error     0.000000
max error     0.200802



epoch [7 1] from [10 5]
training time per iterations 1.338571[ms]
testing on 20000 items
testing done
average error 0.001703
min error     0.000000
max error     0.218631



epoch [7 2] from [10 5]
training time per iterations 1.331660[ms]
testing on 20000 items
testing done
average error 0.001695
min error     0.000000
max error     0.223305



epoch [7 3] from [10 5]
training time per iterations 1.329783[ms]
testing on 20000 items
testing done
average error 0.001766
min error     0.000000
max error     0.232492



epoch [7 4] from [10 5]
training time per iterations 1.331785[ms]
testing on 20000 items
testing done
average error 0.001675
min error     0.000000
max error     0.229439
saving best net
best net saved to networks/disc8x8x3/net_4_depth/trained/, with error 0.001675
setting learning rate to 0.000050



epoch [8 0] from [10 5]
training time per iterations 1.334066[ms]
testing on 20000 items
testing done
average error 0.001682
min error     0.000000
max error     0.228133



epoch [8 1] from [10 5]
training time per iterations 1.332814[ms]
testing on 20000 items
testing done
average error 0.001702
min error     0.000000
max error     0.225768



epoch [8 2] from [10 5]
training time per iterations 1.331410[ms]
testing on 20000 items
testing done
average error 0.001667
min error     0.000000
max error     0.231201
saving best net
best net saved to networks/disc8x8x3/net_4_depth/trained/, with error 0.001667



epoch [8 3] from [10 5]
training time per iterations 1.329922[ms]
testing on 20000 items
testing done
average error 0.001711
min error     0.000000
max error     0.225154



epoch [8 4] from [10 5]
training time per iterations 1.327391[ms]
testing on 20000 items
testing done
average error 0.001690
min error     0.000000
max error     0.224003



epoch [9 0] from [10 5]
training time per iterations 1.330353[ms]
testing on 20000 items
testing done
average error 0.001705
min error     0.000000
max error     0.225631



epoch [9 1] from [10 5]
training time per iterations 1.333412[ms]
testing on 20000 items
testing done
average error 0.001703
min error     0.000000
max error     0.223668



epoch [9 2] from [10 5]
training time per iterations 1.330172[ms]
testing on 20000 items
testing done
average error 0.001731
min error     0.000000
max error     0.232218



epoch [9 3] from [10 5]
training time per iterations 1.329810[ms]
testing on 20000 items
testing done
average error 0.001702
min error     0.000000
max error     0.225035



epoch [9 4] from [10 5]
training time per iterations 1.329185[ms]
testing on 20000 items
testing done
average error 0.001706
min error     0.000000
max error     0.227460
training done
