network init start

hyperparameters
init_weight_range 0.000000 ,xavier
learning_rate 0.000050
lambda1 0.000000
lambda2 0.000000
dropout 0.020000
minibatch size 32

   DENSE CONVOLUTION  [    8     8    48] [    3     3     8] [    8     8    56] [      3456          8][    221696]
                RELU  [    8     8    56] [    1     1     1] [    8     8    56] [         0          0][      7168]
   DENSE CONVOLUTION  [    8     8    56] [    3     3     8] [    8     8    64] [      4032          8][    258560]
                RELU  [    8     8    64] [    1     1     1] [    8     8    64] [         0          0][      8192]
   DENSE CONVOLUTION  [    8     8    64] [    3     3     8] [    8     8    72] [      4608          8][    295424]
                RELU  [    8     8    72] [    1     1     1] [    8     8    72] [         0          0][      9216]
   DENSE CONVOLUTION  [    8     8    72] [    3     3     8] [    8     8    80] [      5184          8][    332288]
                RELU  [    8     8    80] [    1     1     1] [    8     8    80] [         0          0][     10240]
         CONVOLUTION  [    8     8    80] [    1     1    32] [    8     8    32] [      2560         32][    165888]
                RELU  [    8     8    32] [    1     1     1] [    8     8    32] [         0          0][      4096]
             DROPOUT  [    8     8    32] [    1     1     1] [    8     8    32] [         0          0][      4096]
                  FC  [    8     8    32] [    1     1     3] [    1     1     3] [      6144          3][     12294]

input_geometry  [8 8 48]
output_geometry [1 1 3]
network flops operations 1329158 FLOPS, 0.001329 GFLOPS
init DONE

network destructor done
