0.000000 0 0 0.004054 0.000000 0.225712 0.004120 0.000000 0.225712
0.200000 0 1 0.003173 0.000000 0.231171 0.003265 0.000000 0.233697
0.400000 0 2 0.002649 0.000000 0.236821 0.002723 0.000000 0.256831
0.600000 0 3 0.002364 0.000000 0.235055 0.002399 0.000000 0.264118
0.800000 0 4 0.002232 0.000000 0.236091 0.002261 0.000000 0.250899
1.000000 1 0 0.002167 0.000000 0.235392 0.002209 0.000000 0.248006
1.200000 1 1 0.002099 0.000000 0.235230 0.002087 0.000000 0.247972
1.400000 1 2 0.002112 0.000000 0.234857 0.002137 0.000000 0.178309
1.600000 1 3 0.002008 0.000000 0.238570 0.001990 0.000000 0.181492
1.800000 1 4 0.002051 0.000000 0.244676 0.002076 0.000000 0.247616
2.000000 2 0 0.001929 0.000000 0.232189 0.001950 0.000000 0.241977
2.200000 2 1 0.001898 0.000000 0.224774 0.001882 0.000000 0.225860
2.400000 2 2 0.001867 0.000000 0.226907 0.001881 0.000000 0.252784
2.600000 2 3 0.001920 0.000000 0.237914 0.001904 0.000000 0.160991
2.800000 2 4 0.001816 0.000000 0.218777 0.001838 0.000000 0.244775
3.000000 3 0 0.001809 0.000000 0.226171 0.001809 0.000000 0.155522
3.200000 3 1 0.001871 0.000000 0.249604 0.001875 0.000000 0.249447
3.400000 3 2 0.001798 0.000000 0.230151 0.001778 0.000000 0.148031
3.600000 3 3 0.001791 0.000000 0.227187 0.001808 0.000000 0.166922
3.800000 3 4 0.001825 0.000000 0.220201 0.001807 0.000000 0.179432
4.000000 4 0 0.001805 0.000000 0.221169 0.001814 0.000000 0.217485
4.200000 4 1 0.001777 0.000000 0.236435 0.001771 0.000000 0.165889
4.400000 4 2 0.001781 0.000000 0.226035 0.001776 0.000000 0.168624
4.600000 4 3 0.001743 0.000000 0.232752 0.001713 0.000000 0.221868
4.800000 4 4 0.001744 0.000000 0.230939 0.001746 0.000000 0.233534
5.000000 5 0 0.001731 0.000000 0.221378 0.001744 0.000000 0.219488
5.200000 5 1 0.001760 0.000000 0.233750 0.001783 0.000000 0.233275
5.400000 5 2 0.001728 0.000000 0.219739 0.001709 0.000000 0.225331
5.600000 5 3 0.001697 0.000000 0.224473 0.001703 0.000000 0.224473
5.800000 5 4 0.001693 0.000000 0.217619 0.001713 0.000000 0.238717
6.000000 6 0 0.001684 0.000000 0.227206 0.001703 0.000000 0.173436
6.200000 6 1 0.001679 0.000000 0.222147 0.001634 0.000000 0.165019
6.400000 6 2 0.001709 0.000000 0.226156 0.001679 0.000000 0.178947
6.600000 6 3 0.001708 0.000000 0.225116 0.001702 0.000000 0.233180
6.800000 6 4 0.001687 0.000000 0.216320 0.001672 0.000000 0.216320
7.000000 7 0 0.001696 0.000000 0.200802 0.001712 0.000000 0.169065
7.200000 7 1 0.001703 0.000000 0.218631 0.001693 0.000000 0.153921
7.400000 7 2 0.001695 0.000000 0.223305 0.001713 0.000000 0.240361
7.600000 7 3 0.001766 0.000000 0.232492 0.001755 0.000000 0.159858
7.800000 7 4 0.001675 0.000000 0.229439 0.001670 0.000000 0.164807
8.000000 8 0 0.001682 0.000000 0.228133 0.001679 0.000000 0.173423
8.200000 8 1 0.001702 0.000000 0.225768 0.001672 0.000000 0.176824
8.400000 8 2 0.001667 0.000000 0.231201 0.001673 0.000000 0.209979
8.600000 8 3 0.001711 0.000000 0.225154 0.001720 0.000000 0.175205
8.800000 8 4 0.001690 0.000000 0.224003 0.001704 0.000000 0.153638
9.000000 9 0 0.001705 0.000000 0.225631 0.001724 0.000000 0.172929
9.200000 9 1 0.001703 0.000000 0.223668 0.001704 0.000000 0.172286
9.400000 9 2 0.001731 0.000000 0.232218 0.001747 0.000000 0.160708
9.600000 9 3 0.001702 0.000000 0.225035 0.001712 0.000000 0.173058
9.800000 9 4 0.001706 0.000000 0.227460 0.001702 0.000000 0.216651
