0.000000 0 0 0.002567 0.000000 0.246881 0.002580 0.000000 0.252750
0.200000 0 1 0.002228 0.000000 0.253068 0.002253 0.000000 0.146692
0.400000 0 2 0.001975 0.000000 0.248118 0.002029 0.000000 0.231840
0.600000 0 3 0.001849 0.000000 0.260376 0.001872 0.000000 0.260376
0.800000 0 4 0.001805 0.000000 0.232337 0.001854 0.000000 0.170768
1.000000 1 0 0.001873 0.000000 0.238468 0.001908 0.000000 0.159240
1.200000 1 1 0.001820 0.000000 0.254479 0.001849 0.000000 0.197959
1.400000 1 2 0.001733 0.000000 0.247284 0.001788 0.000000 0.246114
1.600000 1 3 0.001790 0.000000 0.238982 0.001804 0.000000 0.245661
1.800000 1 4 0.001682 0.000000 0.234920 0.001705 0.000000 0.222946
2.000000 2 0 0.001732 0.000000 0.246892 0.001718 0.000000 0.163530
2.200000 2 1 0.001705 0.000000 0.246936 0.001736 0.000000 0.253286
2.400000 2 2 0.001740 0.000000 0.245490 0.001799 0.000000 0.249573
2.600000 2 3 0.001671 0.000000 0.226067 0.001699 0.000000 0.202375
2.800000 2 4 0.001707 0.000000 0.250107 0.001755 0.000000 0.161816
3.000000 3 0 0.001739 0.000000 0.244608 0.001808 0.000000 0.244608
3.200000 3 1 0.001677 0.000000 0.249402 0.001691 0.000000 0.161638
3.400000 3 2 0.001738 0.000000 0.241223 0.001758 0.000000 0.143855
3.600000 3 3 0.001607 0.000000 0.239028 0.001619 0.000000 0.150799
3.800000 3 4 0.001682 0.000000 0.238416 0.001699 0.000000 0.217826
4.000000 4 0 0.001655 0.000000 0.236607 0.001714 0.000000 0.241684
4.200000 4 1 0.001677 0.000000 0.236382 0.001699 0.000000 0.234894
4.400000 4 2 0.001660 0.000000 0.226160 0.001658 0.000000 0.175013
4.600000 4 3 0.001752 0.000000 0.239768 0.001780 0.000000 0.243429
4.800000 4 4 0.001703 0.000000 0.228950 0.001740 0.000000 0.166929
5.000000 5 0 0.001675 0.000000 0.234987 0.001726 0.000000 0.234987
5.200000 5 1 0.001580 0.000000 0.202290 0.001568 0.000000 0.202290
5.400000 5 2 0.001683 0.000000 0.242862 0.001690 0.000000 0.245720
5.600000 5 3 0.001651 0.000000 0.221928 0.001697 0.000000 0.178453
5.800000 5 4 0.001598 0.000000 0.219335 0.001588 0.000000 0.224843
6.000000 6 0 0.001639 0.000000 0.222609 0.001674 0.000000 0.244747
6.200000 6 1 0.001616 0.000000 0.215264 0.001646 0.000000 0.264273
6.400000 6 2 0.001647 0.000000 0.231837 0.001653 0.000000 0.191074
6.600000 6 3 0.001622 0.000000 0.225224 0.001641 0.000000 0.175950
6.800000 6 4 0.001674 0.000000 0.231752 0.001696 0.000000 0.163088
7.000000 7 0 0.001585 0.000000 0.225230 0.001609 0.000000 0.171006
7.200000 7 1 0.001630 0.000000 0.220416 0.001631 0.000000 0.223881
7.400000 7 2 0.001540 0.000000 0.223029 0.001550 0.000000 0.252640
7.600000 7 3 0.001550 0.000000 0.210698 0.001560 0.000000 0.215045
7.800000 7 4 0.001639 0.000000 0.222678 0.001666 0.000000 0.166593
8.000000 8 0 0.001621 0.000000 0.229145 0.001656 0.000000 0.166424
8.200000 8 1 0.001609 0.000000 0.221818 0.001629 0.000000 0.180025
8.400000 8 2 0.001628 0.000000 0.213420 0.001631 0.000000 0.221087
8.600000 8 3 0.001640 0.000000 0.216484 0.001645 0.000000 0.177630
8.800000 8 4 0.001654 0.000000 0.231652 0.001678 0.000000 0.158226
9.000000 9 0 0.001569 0.000000 0.221039 0.001599 0.000000 0.193604
9.200000 9 1 0.001577 0.000000 0.221981 0.001592 0.000000 0.229195
9.400000 9 2 0.001608 0.000000 0.219660 0.001619 0.000000 0.164096
9.600000 9 3 0.001664 0.000000 0.223820 0.001675 0.000000 0.229461
9.800000 9 4 0.001587 0.000000 0.218860 0.001648 0.000000 0.178848
