network init start

hyperparameters
init_weight_range 0.000000 ,xavier
learning_rate 0.000200
lambda1 0.000001
lambda2 0.000001
dropout 0.020000
minibatch size 32

   DENSE CONVOLUTION  [   16    16    48] [    3     3     8] [   16    16    56] [      3456          8][    886784]
                RELU  [   16    16    56] [    1     1     1] [   16    16    56] [         0          0][     28672]
   DENSE CONVOLUTION  [   16    16    56] [    3     3     8] [   16    16    64] [      4032          8][   1034240]
                RELU  [   16    16    64] [    1     1     1] [   16    16    64] [         0          0][     32768]
   DENSE CONVOLUTION  [   16    16    64] [    3     3     8] [   16    16    72] [      4608          8][   1181696]
                RELU  [   16    16    72] [    1     1     1] [   16    16    72] [         0          0][     36864]
   DENSE CONVOLUTION  [   16    16    72] [    3     3     8] [   16    16    80] [      5184          8][   1329152]
                RELU  [   16    16    80] [    1     1     1] [   16    16    80] [         0          0][     40960]
         CONVOLUTION  [   16    16    80] [    1     1    32] [   16    16    32] [      2560         32][    663552]
                RELU  [   16    16    32] [    1     1     1] [   16    16    32] [         0          0][     16384]
             DROPOUT  [   16    16    32] [    1     1     1] [   16    16    32] [         0          0][     16384]
                  FC  [   16    16    32] [    1     1     3] [    1     1     3] [     24576          3][     49158]

input_geometry  [16 16 48]
output_geometry [1 1 3]
network flops operations 5316614 FLOPS, 0.005317 GFLOPS
init DONE

network destructor done
