0.000000 0 0 0.002532 0.000000 0.169100 0.002501 0.000000 0.257648
0.200000 0 1 0.002176 0.000000 0.171724 0.002144 0.000000 0.223559
0.400000 0 2 0.002057 0.000000 0.170321 0.002036 0.000000 0.169370
0.600000 0 3 0.001941 0.000000 0.169413 0.001970 0.000000 0.172921
0.800000 0 4 0.001814 0.000000 0.181265 0.001793 0.000000 0.181265
1.000000 1 0 0.001815 0.000000 0.179387 0.001788 0.000000 0.236457
1.200000 1 1 0.001971 0.000000 0.171203 0.001943 0.000000 0.236440
1.400000 1 2 0.001831 0.000000 0.169408 0.001842 0.000000 0.232120
1.600000 1 3 0.001817 0.000000 0.170121 0.001799 0.000000 0.247614
1.800000 1 4 0.001936 0.000000 0.165258 0.001930 0.000000 0.196503
2.000000 2 0 0.001800 0.000000 0.168250 0.001787 0.000000 0.168250
2.200000 2 1 0.001868 0.000000 0.174263 0.001875 0.000000 0.270053
2.400000 2 2 0.001739 0.000000 0.176589 0.001690 0.000000 0.152940
2.600000 2 3 0.001881 0.000000 0.159409 0.001904 0.000000 0.214833
2.800000 2 4 0.001721 0.000000 0.161411 0.001700 0.000000 0.172016
3.000000 3 0 0.001881 0.000000 0.161708 0.001860 0.000000 0.230756
3.200000 3 1 0.001944 0.000000 0.170427 0.001960 0.000000 0.178755
3.400000 3 2 0.001778 0.000000 0.164005 0.001748 0.000000 0.177187
3.600000 3 3 0.001735 0.000000 0.166824 0.001724 0.000000 0.159654
3.800000 3 4 0.001797 0.000000 0.166906 0.001791 0.000000 0.141640
4.000000 4 0 0.001700 0.000000 0.158279 0.001695 0.000000 0.238693
4.200000 4 1 0.001845 0.000000 0.160505 0.001800 0.000000 0.196987
4.400000 4 2 0.001746 0.000000 0.166792 0.001710 0.000000 0.205164
4.600000 4 3 0.001726 0.000000 0.167612 0.001694 0.000000 0.141688
4.800000 4 4 0.001809 0.000000 0.173837 0.001805 0.000000 0.261815
5.000000 5 0 0.001723 0.000000 0.176928 0.001675 0.000000 0.206928
5.200000 5 1 0.001694 0.000000 0.169166 0.001653 0.000000 0.233039
5.400000 5 2 0.001875 0.000000 0.156662 0.001878 0.000000 0.228979
5.600000 5 3 0.001802 0.000000 0.158801 0.001771 0.000000 0.244771
5.800000 5 4 0.001785 0.000000 0.162851 0.001785 0.000000 0.202886
6.000000 6 0 0.001771 0.000000 0.170167 0.001749 0.000000 0.246931
6.200000 6 1 0.001753 0.000000 0.155708 0.001742 0.000000 0.195587
6.400000 6 2 0.001824 0.000000 0.168919 0.001808 0.000000 0.229868
6.600000 6 3 0.001698 0.000000 0.184504 0.001685 0.000000 0.210913
6.800000 6 4 0.001791 0.000000 0.166495 0.001756 0.000000 0.141020
7.000000 7 0 0.001756 0.000000 0.177582 0.001750 0.000000 0.237593
7.200000 7 1 0.001789 0.000000 0.156030 0.001773 0.000000 0.248363
7.400000 7 2 0.001815 0.000000 0.168040 0.001822 0.000000 0.249310
7.600000 7 3 0.001795 0.000000 0.174092 0.001760 0.000000 0.202882
7.800000 7 4 0.001748 0.000000 0.168036 0.001759 0.000000 0.218027
8.000000 8 0 0.001796 0.000000 0.166012 0.001817 0.000000 0.244260
8.200000 8 1 0.001732 0.000000 0.170264 0.001702 0.000000 0.229713
8.400000 8 2 0.001709 0.000000 0.170242 0.001668 0.000000 0.200814
8.600000 8 3 0.001748 0.000000 0.174085 0.001732 0.000000 0.245564
8.800000 8 4 0.001733 0.000000 0.166445 0.001705 0.000000 0.143104
9.000000 9 0 0.001788 0.000000 0.162445 0.001792 0.000000 0.242619
9.200000 9 1 0.001744 0.000000 0.162569 0.001736 0.000000 0.150446
9.400000 9 2 0.001718 0.000000 0.167389 0.001718 0.000000 0.199191
9.600000 9 3 0.001780 0.000000 0.161380 0.001793 0.000000 0.235617
9.800000 9 4 0.001703 0.000000 0.165051 0.001708 0.000000 0.229652
