0 -0.480125 1 0.000017
1 -0.471520 0 0.000000
2 -0.462916 0 0.000000
3 -0.454311 0 0.000000
4 -0.445706 0 0.000000
5 -0.437101 0 0.000000
6 -0.428496 0 0.000000
7 -0.419892 0 0.000000
8 -0.411287 0 0.000000
9 -0.402682 0 0.000000
10 -0.394077 0 0.000000
11 -0.385472 0 0.000000
12 -0.376867 0 0.000000
13 -0.368263 1 0.000017
14 -0.359658 0 0.000000
15 -0.351053 1 0.000017
16 -0.342448 1 0.000017
17 -0.333843 0 0.000000
18 -0.325238 1 0.000017
19 -0.316634 1 0.000017
20 -0.308029 3 0.000050
21 -0.299424 1 0.000017
22 -0.290819 0 0.000000
23 -0.282214 3 0.000050
24 -0.273610 3 0.000050
25 -0.265005 2 0.000033
26 -0.256400 4 0.000067
27 -0.247795 3 0.000050
28 -0.239190 3 0.000050
29 -0.230585 2 0.000033
30 -0.221981 6 0.000100
31 -0.213376 2 0.000033
32 -0.204771 13 0.000217
33 -0.196166 17 0.000283
34 -0.187561 50 0.000833
35 -0.178956 92 0.001533
36 -0.170352 68 0.001133
37 -0.161747 89 0.001483
38 -0.153142 125 0.002083
39 -0.144537 247 0.004117
40 -0.135932 267 0.004450
41 -0.127328 146 0.002433
42 -0.118723 122 0.002033
43 -0.110118 203 0.003383
44 -0.101513 269 0.004483
45 -0.092908 427 0.007117
46 -0.084303 789 0.013150
47 -0.075699 785 0.013083
48 -0.067094 521 0.008683
49 -0.058489 512 0.008533
50 -0.049884 808 0.013467
51 -0.041279 1098 0.018300
52 -0.032674 1560 0.026000
53 -0.024070 3955 0.065917
54 -0.015465 16499 0.274983
55 -0.006860 17299 0.288317
56 0.001745 4722 0.078700
57 0.010350 1893 0.031550
58 0.018954 1349 0.022483
59 0.027559 1124 0.018733
60 0.036164 643 0.010717
61 0.044769 537 0.008950
62 0.053374 620 0.010333
63 0.061979 605 0.010083
64 0.070583 339 0.005650
65 0.079188 261 0.004350
66 0.087793 264 0.004400
67 0.096398 228 0.003800
68 0.105003 218 0.003633
69 0.113608 353 0.005883
70 0.122212 275 0.004583
71 0.130817 127 0.002117
72 0.139422 102 0.001700
73 0.148027 112 0.001867
74 0.156632 84 0.001400
75 0.165237 56 0.000933
76 0.173841 20 0.000333
77 0.182446 16 0.000267
78 0.191051 10 0.000167
79 0.199656 5 0.000083
80 0.208261 5 0.000083
81 0.216865 2 0.000033
82 0.225470 5 0.000083
83 0.234075 13 0.000217
84 0.242680 2 0.000033
85 0.251285 1 0.000017
86 0.259890 0 0.000000
87 0.268494 4 0.000067
88 0.277099 0 0.000000
89 0.285704 0 0.000000
90 0.294309 0 0.000000
91 0.302914 2 0.000033
92 0.311519 0 0.000000
93 0.320123 1 0.000017
94 0.328728 0 0.000000
95 0.337333 2 0.000033
96 0.345938 0 0.000000
97 0.354543 0 0.000000
98 0.363147 0 0.000000
99 0.371752 1 0.000017
