0 -0.144653 1 0.000050
1 -0.141297 1 0.000050
2 -0.137940 0 0.000000
3 -0.134584 0 0.000000
4 -0.131228 1 0.000050
5 -0.127872 1 0.000050
6 -0.124516 3 0.000150
7 -0.121160 2 0.000100
8 -0.117804 1 0.000050
9 -0.114448 0 0.000000
10 -0.111092 2 0.000100
11 -0.107736 2 0.000100
12 -0.104379 1 0.000050
13 -0.101023 0 0.000000
14 -0.097667 8 0.000400
15 -0.094311 5 0.000250
16 -0.090955 6 0.000300
17 -0.087599 7 0.000350
18 -0.084243 4 0.000200
19 -0.080887 8 0.000400
20 -0.077531 6 0.000300
21 -0.074175 12 0.000600
22 -0.070818 16 0.000800
23 -0.067462 17 0.000850
24 -0.064106 12 0.000600
25 -0.060750 15 0.000750
26 -0.057394 25 0.001250
27 -0.054038 31 0.001550
28 -0.050682 39 0.001950
29 -0.047326 44 0.002200
30 -0.043970 52 0.002600
31 -0.040614 79 0.003950
32 -0.037257 94 0.004700
33 -0.033901 107 0.005350
34 -0.030545 143 0.007150
35 -0.027189 218 0.010900
36 -0.023833 354 0.017700
37 -0.020477 516 0.025800
38 -0.017121 803 0.040150
39 -0.013765 1669 0.083450
40 -0.010409 3327 0.166350
41 -0.007053 4926 0.246300
42 -0.003696 3208 0.160400
43 -0.000340 1565 0.078250
44 0.003016 875 0.043750
45 0.006372 555 0.027750
46 0.009728 294 0.014700
47 0.013084 235 0.011750
48 0.016440 145 0.007250
49 0.019796 107 0.005350
50 0.023152 72 0.003600
51 0.026508 52 0.002600
52 0.029865 45 0.002250
53 0.033221 37 0.001850
54 0.036577 25 0.001250
55 0.039933 33 0.001650
56 0.043289 29 0.001450
57 0.046645 13 0.000650
58 0.050001 22 0.001100
59 0.053357 28 0.001400
60 0.056713 18 0.000900
61 0.060070 15 0.000750
62 0.063426 13 0.000650
63 0.066782 7 0.000350
64 0.070138 5 0.000250
65 0.073494 9 0.000450
66 0.076850 6 0.000300
67 0.080206 5 0.000250
68 0.083562 1 0.000050
69 0.086918 1 0.000050
70 0.090274 3 0.000150
71 0.093631 2 0.000100
72 0.096987 1 0.000050
73 0.100343 5 0.000250
74 0.103699 1 0.000050
75 0.107055 1 0.000050
76 0.110411 1 0.000050
77 0.113767 4 0.000200
78 0.117123 0 0.000000
79 0.120479 0 0.000000
80 0.123835 0 0.000000
81 0.127192 0 0.000000
82 0.130548 0 0.000000
83 0.133904 0 0.000000
84 0.137260 0 0.000000
85 0.140616 0 0.000000
86 0.143972 0 0.000000
87 0.147328 0 0.000000
88 0.150684 0 0.000000
89 0.154040 0 0.000000
90 0.157396 1 0.000050
91 0.160753 0 0.000000
92 0.164109 1 0.000050
93 0.167465 0 0.000000
94 0.170821 0 0.000000
95 0.174177 0 0.000000
96 0.177533 0 0.000000
97 0.180889 0 0.000000
98 0.184245 2 0.000100
99 0.187601 0 0.000000
