0 -0.185812 1 0.000050
1 -0.182195 0 0.000000
2 -0.178579 0 0.000000
3 -0.174963 0 0.000000
4 -0.171346 0 0.000000
5 -0.167730 0 0.000000
6 -0.164113 3 0.000150
7 -0.160497 3 0.000150
8 -0.156881 4 0.000200
9 -0.153264 4 0.000200
10 -0.149648 5 0.000250
11 -0.146032 2 0.000100
12 -0.142415 4 0.000200
13 -0.138799 2 0.000100
14 -0.135183 4 0.000200
15 -0.131566 0 0.000000
16 -0.127950 6 0.000300
17 -0.124334 2 0.000100
18 -0.120717 1 0.000050
19 -0.117101 2 0.000100
20 -0.113485 3 0.000150
21 -0.109868 2 0.000100
22 -0.106252 1 0.000050
23 -0.102636 6 0.000300
24 -0.099019 6 0.000300
25 -0.095403 3 0.000150
26 -0.091786 6 0.000300
27 -0.088170 5 0.000250
28 -0.084554 10 0.000500
29 -0.080937 4 0.000200
30 -0.077321 12 0.000600
31 -0.073705 12 0.000600
32 -0.070088 21 0.001050
33 -0.066472 15 0.000750
34 -0.062856 25 0.001250
35 -0.059239 23 0.001150
36 -0.055623 26 0.001300
37 -0.052007 44 0.002200
38 -0.048390 51 0.002550
39 -0.044774 68 0.003400
40 -0.041158 63 0.003150
41 -0.037541 108 0.005400
42 -0.033925 130 0.006500
43 -0.030309 197 0.009850
44 -0.026692 356 0.017800
45 -0.023076 634 0.031700
46 -0.019459 1118 0.055900
47 -0.015843 2036 0.101800
48 -0.012227 3840 0.192000
49 -0.008610 4231 0.211550
50 -0.004994 2711 0.135550
51 -0.001378 1476 0.073800
52 0.002239 880 0.044000
53 0.005855 557 0.027850
54 0.009471 407 0.020350
55 0.013088 173 0.008650
56 0.016704 156 0.007800
57 0.020320 113 0.005650
58 0.023937 61 0.003050
59 0.027553 52 0.002600
60 0.031169 41 0.002050
61 0.034786 31 0.001550
62 0.038402 47 0.002350
63 0.042018 27 0.001350
64 0.045635 19 0.000950
65 0.049251 28 0.001400
66 0.052868 6 0.000300
67 0.056484 12 0.000600
68 0.060100 23 0.001150
69 0.063717 10 0.000500
70 0.067333 6 0.000300
71 0.070949 7 0.000350
72 0.074566 6 0.000300
73 0.078182 5 0.000250
74 0.081798 0 0.000000
75 0.085415 0 0.000000
76 0.089031 0 0.000000
77 0.092647 4 0.000200
78 0.096264 0 0.000000
79 0.099880 2 0.000100
80 0.103496 3 0.000150
81 0.107113 1 0.000050
82 0.110729 2 0.000100
83 0.114346 3 0.000150
84 0.117962 2 0.000100
85 0.121578 2 0.000100
86 0.125195 1 0.000050
87 0.128811 6 0.000300
88 0.132427 4 0.000200
89 0.136044 1 0.000050
90 0.139660 2 0.000100
91 0.143276 1 0.000050
92 0.146893 3 0.000150
93 0.150509 1 0.000050
94 0.154125 0 0.000000
95 0.157742 0 0.000000
96 0.161358 0 0.000000
97 0.164974 0 0.000000
98 0.168591 7 0.000350
99 0.172207 2 0.000100
