0 -0.480125 1 0.000050
1 -0.471520 0 0.000000
2 -0.462916 0 0.000000
3 -0.454311 0 0.000000
4 -0.445706 0 0.000000
5 -0.437101 0 0.000000
6 -0.428496 0 0.000000
7 -0.419892 0 0.000000
8 -0.411287 0 0.000000
9 -0.402682 0 0.000000
10 -0.394077 0 0.000000
11 -0.385472 0 0.000000
12 -0.376867 0 0.000000
13 -0.368263 1 0.000050
14 -0.359658 0 0.000000
15 -0.351053 1 0.000050
16 -0.342448 1 0.000050
17 -0.333843 0 0.000000
18 -0.325238 1 0.000050
19 -0.316634 1 0.000050
20 -0.308029 3 0.000150
21 -0.299424 1 0.000050
22 -0.290819 0 0.000000
23 -0.282214 3 0.000150
24 -0.273610 3 0.000150
25 -0.265005 2 0.000100
26 -0.256400 4 0.000200
27 -0.247795 3 0.000150
28 -0.239190 3 0.000150
29 -0.230585 2 0.000100
30 -0.221981 6 0.000300
31 -0.213376 2 0.000100
32 -0.204771 13 0.000650
33 -0.196166 17 0.000850
34 -0.187561 49 0.002450
35 -0.178956 92 0.004600
36 -0.170352 65 0.003250
37 -0.161747 82 0.004100
38 -0.153142 115 0.005750
39 -0.144537 238 0.011900
40 -0.135932 262 0.013100
41 -0.127328 134 0.006700
42 -0.118723 113 0.005650
43 -0.110118 193 0.009650
44 -0.101513 248 0.012400
45 -0.092908 398 0.019900
46 -0.084303 755 0.037750
47 -0.075699 714 0.035700
48 -0.067094 437 0.021850
49 -0.058489 373 0.018650
50 -0.049884 554 0.027700
51 -0.041279 666 0.033300
52 -0.032674 613 0.030650
53 -0.024070 714 0.035700
54 -0.015465 2916 0.145800
55 -0.006860 2240 0.112000
56 0.001745 1006 0.050300
57 0.010350 759 0.037950
58 0.018954 891 0.044550
59 0.027559 909 0.045450
60 0.036164 481 0.024050
61 0.044769 430 0.021500
62 0.053374 538 0.026900
63 0.061979 554 0.027700
64 0.070583 306 0.015300
65 0.079188 249 0.012450
66 0.087793 254 0.012700
67 0.096398 217 0.010850
68 0.105003 212 0.010600
69 0.113608 343 0.017150
70 0.122212 268 0.013400
71 0.130817 121 0.006050
72 0.139422 99 0.004950
73 0.148027 108 0.005400
74 0.156632 83 0.004150
75 0.165237 46 0.002300
76 0.173841 20 0.001000
77 0.182446 14 0.000700
78 0.191051 10 0.000500
79 0.199656 5 0.000250
80 0.208261 5 0.000250
81 0.216865 2 0.000100
82 0.225470 5 0.000250
83 0.234075 13 0.000650
84 0.242680 2 0.000100
85 0.251285 1 0.000050
86 0.259890 0 0.000000
87 0.268494 4 0.000200
88 0.277099 0 0.000000
89 0.285704 0 0.000000
90 0.294309 0 0.000000
91 0.302914 2 0.000100
92 0.311519 0 0.000000
93 0.320123 1 0.000050
94 0.328728 0 0.000000
95 0.337333 2 0.000100
96 0.345938 0 0.000000
97 0.354543 0 0.000000
98 0.363147 0 0.000000
99 0.371752 1 0.000050
