0 0.000000 51039 0.850650
1 0.002328 2674 0.044567
2 0.004657 2029 0.033817
3 0.006985 999 0.016650
4 0.009314 593 0.009883
5 0.011642 504 0.008400
6 0.013971 508 0.008467
7 0.016299 446 0.007433
8 0.018628 345 0.005750
9 0.020956 212 0.003533
10 0.023285 153 0.002550
11 0.025613 136 0.002267
12 0.027942 108 0.001800
13 0.030270 79 0.001317
14 0.032599 50 0.000833
15 0.034927 16 0.000267
16 0.037256 20 0.000333
17 0.039584 9 0.000150
18 0.041913 6 0.000100
19 0.044241 9 0.000150
20 0.046570 1 0.000017
21 0.048898 5 0.000083
22 0.051227 4 0.000067
23 0.053555 6 0.000100
24 0.055884 11 0.000183
25 0.058212 2 0.000033
26 0.060541 5 0.000083
27 0.062869 3 0.000050
28 0.065198 0 0.000000
29 0.067526 1 0.000017
30 0.069855 2 0.000033
31 0.072183 2 0.000033
32 0.074512 5 0.000083
33 0.076840 1 0.000017
34 0.079169 1 0.000017
35 0.081497 0 0.000000
36 0.083826 0 0.000000
37 0.086154 0 0.000000
38 0.088483 1 0.000017
39 0.090811 4 0.000067
40 0.093139 2 0.000033
41 0.095468 0 0.000000
42 0.097796 0 0.000000
43 0.100125 0 0.000000
44 0.102453 1 0.000017
45 0.104782 1 0.000017
46 0.107110 0 0.000000
47 0.109439 1 0.000017
48 0.111767 1 0.000017
49 0.114096 1 0.000017
50 0.116424 0 0.000000
51 0.118753 0 0.000000
52 0.121081 1 0.000017
53 0.123410 0 0.000000
54 0.125738 0 0.000000
55 0.128067 0 0.000000
56 0.130395 0 0.000000
57 0.132724 1 0.000017
58 0.135052 0 0.000000
59 0.137381 1 0.000017
60 0.139709 0 0.000000
61 0.142038 0 0.000000
62 0.144366 0 0.000000
63 0.146695 0 0.000000
64 0.149023 0 0.000000
65 0.151352 0 0.000000
66 0.153680 0 0.000000
67 0.156009 0 0.000000
68 0.158337 0 0.000000
69 0.160666 0 0.000000
70 0.162994 0 0.000000
71 0.165323 0 0.000000
72 0.167651 0 0.000000
73 0.169980 0 0.000000
74 0.172308 0 0.000000
75 0.174637 0 0.000000
76 0.176965 0 0.000000
77 0.179294 0 0.000000
78 0.181622 0 0.000000
79 0.183951 0 0.000000
80 0.186279 0 0.000000
81 0.188607 0 0.000000
82 0.190936 0 0.000000
83 0.193264 0 0.000000
84 0.195593 0 0.000000
85 0.197921 0 0.000000
86 0.200250 0 0.000000
87 0.202578 0 0.000000
88 0.204907 0 0.000000
89 0.207235 0 0.000000
90 0.209564 0 0.000000
91 0.211892 0 0.000000
92 0.214221 0 0.000000
93 0.216549 0 0.000000
94 0.218878 0 0.000000
95 0.221206 0 0.000000
96 0.223535 0 0.000000
97 0.225863 0 0.000000
98 0.228192 0 0.000000
99 0.230520 1 0.000017
