0 0.039547 7 0.000117
1 0.049196 2 0.000033
2 0.058845 5 0.000083
3 0.068494 0 0.000000
4 0.078144 12 0.000200
5 0.087793 0 0.000000
6 0.097442 10 0.000167
7 0.107091 7 0.000117
8 0.116741 12 0.000200
9 0.126390 0 0.000000
10 0.136039 25 0.000417
11 0.145688 27 0.000450
12 0.155337 34 0.000567
13 0.164987 34 0.000567
14 0.174636 73 0.001217
15 0.184285 9 0.000150
16 0.193934 26 0.000433
17 0.203583 47 0.000783
18 0.213233 38 0.000633
19 0.222882 25 0.000417
20 0.232531 66 0.001100
21 0.242180 29 0.000483
22 0.251830 50 0.000833
23 0.261479 33 0.000550
24 0.271128 24 0.000400
25 0.280777 85 0.001417
26 0.290426 149 0.002483
27 0.300076 108 0.001800
28 0.309725 74 0.001233
29 0.319374 281 0.004683
30 0.329023 239 0.003983
31 0.338672 135 0.002250
32 0.348322 147 0.002450
33 0.357971 82 0.001367
34 0.367620 96 0.001600
35 0.377269 152 0.002533
36 0.386919 193 0.003217
37 0.396568 206 0.003433
38 0.406217 221 0.003683
39 0.415866 186 0.003100
40 0.425515 446 0.007433
41 0.435165 302 0.005033
42 0.444814 504 0.008400
43 0.454463 746 0.012433
44 0.464112 948 0.015800
45 0.473761 1547 0.025783
46 0.483411 2523 0.042050
47 0.493060 6001 0.100017
48 0.502709 12541 0.209017
49 0.512358 5727 0.095450
50 0.522008 1932 0.032200
51 0.531657 1439 0.023983
52 0.541306 1094 0.018233
53 0.550955 868 0.014467
54 0.560604 820 0.013667
55 0.570254 920 0.015333
56 0.579903 1115 0.018583
57 0.589552 2297 0.038283
58 0.599201 2773 0.046217
59 0.608850 1710 0.028500
60 0.618500 1149 0.019150
61 0.628149 672 0.011200
62 0.637798 630 0.010500
63 0.647447 443 0.007383
64 0.657097 374 0.006233
65 0.666746 419 0.006983
66 0.676395 278 0.004633
67 0.686044 280 0.004667
68 0.695693 225 0.003750
69 0.705343 193 0.003217
70 0.714992 210 0.003500
71 0.724641 178 0.002967
72 0.734290 216 0.003600
73 0.743940 154 0.002567
74 0.753589 157 0.002617
75 0.763238 280 0.004667
76 0.772887 142 0.002367
77 0.782536 159 0.002650
78 0.792186 142 0.002367
79 0.801835 160 0.002667
80 0.811484 178 0.002967
81 0.821133 201 0.003350
82 0.830782 239 0.003983
83 0.840432 251 0.004183
84 0.850081 335 0.005583
85 0.859730 304 0.005067
86 0.869379 508 0.008467
87 0.879028 461 0.007683
88 0.888678 360 0.006000
89 0.898327 228 0.003800
90 0.907976 219 0.003650
91 0.917625 341 0.005683
92 0.927275 285 0.004750
93 0.936924 186 0.003100
94 0.946573 99 0.001650
95 0.956222 85 0.001417
96 0.965871 41 0.000683
97 0.975521 5 0.000083
98 0.985170 10 0.000167
99 0.994819 1 0.000017
