0 0.001706 1 0.000050
1 0.010792 0 0.000000
2 0.019878 0 0.000000
3 0.028964 0 0.000000
4 0.038050 0 0.000000
5 0.047135 0 0.000000
6 0.056221 0 0.000000
7 0.065307 0 0.000000
8 0.074393 0 0.000000
9 0.083479 0 0.000000
10 0.092564 0 0.000000
11 0.101650 0 0.000000
12 0.110736 0 0.000000
13 0.119822 2 0.000100
14 0.128908 0 0.000000
15 0.137993 0 0.000000
16 0.147079 0 0.000000
17 0.156165 0 0.000000
18 0.165251 0 0.000000
19 0.174336 1 0.000050
20 0.183422 0 0.000000
21 0.192508 0 0.000000
22 0.201594 5 0.000250
23 0.210680 3 0.000150
24 0.219765 6 0.000300
25 0.228851 4 0.000200
26 0.237937 2 0.000100
27 0.247023 1 0.000050
28 0.256109 1 0.000050
29 0.265194 0 0.000000
30 0.274280 4 0.000200
31 0.283366 1 0.000050
32 0.292452 8 0.000400
33 0.301538 20 0.001000
34 0.310623 37 0.001850
35 0.319709 77 0.003850
36 0.328795 92 0.004600
37 0.337881 52 0.002600
38 0.346967 56 0.002800
39 0.356052 137 0.006850
40 0.365138 199 0.009950
41 0.374224 290 0.014500
42 0.383310 201 0.010050
43 0.392396 197 0.009850
44 0.401481 266 0.013300
45 0.410567 343 0.017150
46 0.419653 671 0.033550
47 0.428739 927 0.046350
48 0.437825 402 0.020100
49 0.446910 341 0.017050
50 0.455996 616 0.030800
51 0.465082 879 0.043950
52 0.474168 633 0.031650
53 0.483254 651 0.032550
54 0.492339 972 0.048600
55 0.501425 4231 0.211550
56 0.510511 747 0.037350
57 0.519597 825 0.041250
58 0.528683 1101 0.055050
59 0.537768 516 0.025800
60 0.546854 465 0.023250
61 0.555940 563 0.028150
62 0.565026 684 0.034200
63 0.574112 485 0.024250
64 0.583197 349 0.017450
65 0.592283 274 0.013700
66 0.601369 266 0.013300
67 0.610455 226 0.011300
68 0.619540 348 0.017400
69 0.628626 309 0.015450
70 0.637712 93 0.004650
71 0.646798 93 0.004650
72 0.655884 93 0.004650
73 0.664969 64 0.003200
74 0.674055 72 0.003600
75 0.683141 28 0.001400
76 0.692227 17 0.000850
77 0.701313 17 0.000850
78 0.710398 15 0.000750
79 0.719484 0 0.000000
80 0.728570 0 0.000000
81 0.737656 3 0.000150
82 0.746742 0 0.000000
83 0.755827 0 0.000000
84 0.764913 1 0.000050
85 0.773999 5 0.000250
86 0.783085 1 0.000050
87 0.792171 5 0.000250
88 0.801256 3 0.000150
89 0.810342 2 0.000100
90 0.819428 0 0.000000
91 0.828514 0 0.000000
92 0.837600 0 0.000000
93 0.846685 0 0.000000
94 0.855771 0 0.000000
95 0.864857 0 0.000000
96 0.873943 0 0.000000
97 0.883029 0 0.000000
98 0.892114 0 0.000000
99 0.901200 1 0.000050
