0 0.170094 60 0.003000
1 0.178424 0 0.000000
2 0.186755 1 0.000050
3 0.195086 17 0.000850
4 0.203416 33 0.001650
5 0.211747 20 0.001000
6 0.220077 1 0.000050
7 0.228408 0 0.000000
8 0.236738 8 0.000400
9 0.245069 4 0.000200
10 0.253399 4 0.000200
11 0.261730 10 0.000500
12 0.270061 13 0.000650
13 0.278391 25 0.001250
14 0.286722 102 0.005100
15 0.295052 29 0.001450
16 0.303383 28 0.001400
17 0.311713 23 0.001150
18 0.320044 102 0.005100
19 0.328375 225 0.011250
20 0.336705 70 0.003500
21 0.345036 40 0.002000
22 0.353366 35 0.001750
23 0.361697 0 0.000000
24 0.370027 2 0.000100
25 0.378358 8 0.000400
26 0.386688 20 0.001000
27 0.395019 10 0.000500
28 0.403350 8 0.000400
29 0.411680 12 0.000600
30 0.420011 76 0.003800
31 0.428341 23 0.001150
32 0.436672 10 0.000500
33 0.445002 5 0.000250
34 0.453333 33 0.001650
35 0.461663 34 0.001700
36 0.469994 36 0.001800
37 0.478325 45 0.002250
38 0.486655 111 0.005550
39 0.494986 91 0.004550
40 0.503316 124 0.006200
41 0.511647 96 0.004800
42 0.519977 137 0.006850
43 0.528308 123 0.006150
44 0.536638 180 0.009000
45 0.544969 244 0.012200
46 0.553300 258 0.012900
47 0.561630 341 0.017050
48 0.569961 502 0.025100
49 0.578291 490 0.024500
50 0.586622 1465 0.073250
51 0.594952 2326 0.116300
52 0.603283 1924 0.096200
53 0.611614 1136 0.056800
54 0.619944 884 0.044200
55 0.628275 464 0.023200
56 0.636605 498 0.024900
57 0.644936 358 0.017900
58 0.653266 261 0.013050
59 0.661597 220 0.011000
60 0.669927 267 0.013350
61 0.678258 189 0.009450
62 0.686589 173 0.008650
63 0.694919 182 0.009100
64 0.703250 102 0.005100
65 0.711580 123 0.006150
66 0.719911 196 0.009800
67 0.728241 126 0.006300
68 0.736572 123 0.006150
69 0.744902 99 0.004950
70 0.753233 112 0.005600
71 0.761564 176 0.008800
72 0.769894 116 0.005800
73 0.778225 148 0.007400
74 0.786555 90 0.004500
75 0.794886 112 0.005600
76 0.803216 142 0.007100
77 0.811547 145 0.007250
78 0.819877 146 0.007300
79 0.828208 161 0.008050
80 0.836539 202 0.010100
81 0.844869 206 0.010300
82 0.853200 253 0.012650
83 0.861530 314 0.015700
84 0.869861 382 0.019100
85 0.878191 447 0.022350
86 0.886522 244 0.012200
87 0.894852 243 0.012150
88 0.903183 218 0.010900
89 0.911514 219 0.010950
90 0.919844 267 0.013350
91 0.928175 246 0.012300
92 0.936505 173 0.008650
93 0.944836 94 0.004700
94 0.953166 58 0.002900
95 0.961497 71 0.003550
96 0.969827 18 0.000900
97 0.978158 1 0.000050
98 0.986489 11 0.000550
99 0.994819 0 0.000000
