0 0.039547 7 0.000350
1 0.048865 2 0.000100
2 0.058184 5 0.000250
3 0.067502 0 0.000000
4 0.076821 4 0.000200
5 0.086139 8 0.000400
6 0.095458 9 0.000450
7 0.104776 8 0.000400
8 0.114095 8 0.000400
9 0.123413 4 0.000200
10 0.132731 24 0.001200
11 0.142050 21 0.001050
12 0.151368 13 0.000650
13 0.160687 32 0.001600
14 0.170005 29 0.001450
15 0.179324 16 0.000800
16 0.188642 8 0.000400
17 0.197961 12 0.000600
18 0.207279 13 0.000650
19 0.216598 29 0.001450
20 0.225916 12 0.000600
21 0.235235 55 0.002750
22 0.244553 40 0.002000
23 0.253872 41 0.002050
24 0.263190 11 0.000550
25 0.272508 18 0.000900
26 0.281827 37 0.001850
27 0.291145 62 0.003100
28 0.300464 64 0.003200
29 0.309782 44 0.002200
30 0.319101 55 0.002750
31 0.328419 110 0.005500
32 0.337738 40 0.002000
33 0.347056 101 0.005050
34 0.356375 78 0.003900
35 0.365693 109 0.005450
36 0.375012 109 0.005450
37 0.384330 161 0.008050
38 0.393649 177 0.008850
39 0.402967 214 0.010700
40 0.412285 133 0.006650
41 0.421604 264 0.013200
42 0.430922 328 0.016400
43 0.440241 323 0.016150
44 0.449559 580 0.029000
45 0.458878 529 0.026450
46 0.468196 663 0.033150
47 0.477515 990 0.049500
48 0.486833 1577 0.078850
49 0.496152 2901 0.145050
50 0.505470 2931 0.146550
51 0.514789 1423 0.071150
52 0.524107 1001 0.050050
53 0.533426 851 0.042550
54 0.542744 529 0.026450
55 0.552063 360 0.018000
56 0.561381 404 0.020200
57 0.570699 297 0.014850
58 0.580018 206 0.010300
59 0.589336 157 0.007850
60 0.598655 200 0.010000
61 0.607973 187 0.009350
62 0.617292 125 0.006250
63 0.626610 86 0.004300
64 0.635929 139 0.006950
65 0.645247 73 0.003650
66 0.654566 68 0.003400
67 0.663884 87 0.004350
68 0.673203 94 0.004700
69 0.682521 40 0.002000
70 0.691840 88 0.004400
71 0.701158 21 0.001050
72 0.710476 38 0.001900
73 0.719795 55 0.002750
74 0.729113 46 0.002300
75 0.738432 30 0.001500
76 0.747750 46 0.002300
77 0.757069 45 0.002250
78 0.766387 20 0.001000
79 0.775706 27 0.001350
80 0.785024 12 0.000600
81 0.794343 15 0.000750
82 0.803661 15 0.000750
83 0.812980 14 0.000700
84 0.822298 33 0.001650
85 0.831617 24 0.001200
86 0.840935 24 0.001200
87 0.850253 10 0.000500
88 0.859572 9 0.000450
89 0.868890 7 0.000350
90 0.878209 26 0.001300
91 0.887527 11 0.000550
92 0.896846 1 0.000050
93 0.906164 3 0.000150
94 0.915483 4 0.000200
95 0.924801 17 0.000850
96 0.934120 11 0.000550
97 0.943438 6 0.000300
98 0.952757 0 0.000000
99 0.962075 6 0.000300
