0 0.011833 6 0.000300
1 0.021590 4 0.000200
2 0.031347 7 0.000350
3 0.041104 2 0.000100
4 0.050861 13 0.000650
5 0.060618 11 0.000550
6 0.070375 5 0.000250
7 0.080132 11 0.000550
8 0.089889 8 0.000400
9 0.099646 6 0.000300
10 0.109403 6 0.000300
11 0.119160 5 0.000250
12 0.128917 16 0.000800
13 0.138674 10 0.000500
14 0.148431 11 0.000550
15 0.158188 18 0.000900
16 0.167945 7 0.000350
17 0.177702 27 0.001350
18 0.187459 15 0.000750
19 0.197216 20 0.001000
20 0.206973 26 0.001300
21 0.216730 41 0.002050
22 0.226487 26 0.001300
23 0.236244 20 0.001000
24 0.246002 28 0.001400
25 0.255759 33 0.001650
26 0.265516 38 0.001900
27 0.275273 52 0.002600
28 0.285030 55 0.002750
29 0.294787 65 0.003250
30 0.304544 67 0.003350
31 0.314301 62 0.003100
32 0.324058 90 0.004500
33 0.333815 77 0.003850
34 0.343572 79 0.003950
35 0.353329 95 0.004750
36 0.363086 140 0.007000
37 0.372843 117 0.005850
38 0.382600 170 0.008500
39 0.392357 174 0.008700
40 0.402114 218 0.010900
41 0.411871 248 0.012400
42 0.421628 277 0.013850
43 0.431385 356 0.017800
44 0.441142 387 0.019350
45 0.450899 530 0.026500
46 0.460656 715 0.035750
47 0.470413 981 0.049050
48 0.480170 1619 0.080950
49 0.489927 3035 0.151750
50 0.499684 2948 0.147400
51 0.509441 1638 0.081900
52 0.519198 1028 0.051400
53 0.528956 741 0.037050
54 0.538713 477 0.023850
55 0.548470 378 0.018900
56 0.558227 366 0.018300
57 0.567984 309 0.015450
58 0.577741 269 0.013450
59 0.587498 176 0.008800
60 0.597255 174 0.008700
61 0.607012 134 0.006700
62 0.616769 143 0.007150
63 0.626526 118 0.005900
64 0.636283 97 0.004850
65 0.646040 107 0.005350
66 0.655797 73 0.003650
67 0.665554 70 0.003500
68 0.675311 86 0.004300
69 0.685068 60 0.003000
70 0.694825 48 0.002400
71 0.704582 41 0.002050
72 0.714339 37 0.001850
73 0.724096 31 0.001550
74 0.733853 37 0.001850
75 0.743610 45 0.002250
76 0.753367 27 0.001350
77 0.763124 35 0.001750
78 0.772881 30 0.001500
79 0.782638 29 0.001450
80 0.792395 18 0.000900
81 0.802152 24 0.001200
82 0.811909 18 0.000900
83 0.821666 15 0.000750
84 0.831424 13 0.000650
85 0.841181 16 0.000800
86 0.850938 19 0.000950
87 0.860695 5 0.000250
88 0.870452 3 0.000150
89 0.880209 9 0.000450
90 0.889966 5 0.000250
91 0.899723 7 0.000350
92 0.909480 17 0.000850
93 0.919237 14 0.000700
94 0.928994 12 0.000600
95 0.938751 7 0.000350
96 0.948508 4 0.000200
97 0.958265 5 0.000250
98 0.968022 6 0.000300
99 0.977779 2 0.000100
