0 0.001706 2 0.000033
1 0.011766 6 0.000100
2 0.021827 8 0.000133
3 0.031887 9 0.000150
4 0.041947 15 0.000250
5 0.052007 19 0.000317
6 0.062067 10 0.000167
7 0.072127 13 0.000217
8 0.082187 11 0.000183
9 0.092247 20 0.000333
10 0.102307 9 0.000150
11 0.112367 9 0.000150
12 0.122427 12 0.000200
13 0.132487 21 0.000350
14 0.142547 11 0.000183
15 0.152607 24 0.000400
16 0.162668 17 0.000283
17 0.172728 28 0.000467
18 0.182788 17 0.000283
19 0.192848 25 0.000417
20 0.202908 39 0.000650
21 0.212968 38 0.000633
22 0.223028 48 0.000800
23 0.233088 27 0.000450
24 0.243148 54 0.000900
25 0.253208 62 0.001033
26 0.263268 62 0.001033
27 0.273328 95 0.001583
28 0.283388 92 0.001533
29 0.293448 105 0.001750
30 0.303509 139 0.002317
31 0.313569 250 0.004167
32 0.323629 334 0.005567
33 0.333689 307 0.005117
34 0.343749 235 0.003917
35 0.353809 256 0.004267
36 0.363869 356 0.005933
37 0.373929 452 0.007533
38 0.383989 418 0.006967
39 0.394049 415 0.006917
40 0.404109 596 0.009933
41 0.414169 721 0.012017
42 0.424229 1464 0.024400
43 0.434289 929 0.015483
44 0.444350 913 0.015217
45 0.454410 1276 0.021267
46 0.464470 1852 0.030867
47 0.474530 1992 0.033200
48 0.484590 3190 0.053167
49 0.494650 7923 0.132050
50 0.504710 3393 0.056550
51 0.514770 2188 0.036467
52 0.524830 2310 0.038500
53 0.534890 1517 0.025283
54 0.544950 1274 0.021233
55 0.555010 1443 0.024050
56 0.565070 1717 0.028617
57 0.575131 2241 0.037350
58 0.585191 3086 0.051433
59 0.595251 2721 0.045350
60 0.605311 1538 0.025633
61 0.615371 1328 0.022133
62 0.625431 1233 0.020550
63 0.635491 629 0.010483
64 0.645551 554 0.009233
65 0.655611 447 0.007450
66 0.665671 404 0.006733
67 0.675731 329 0.005483
68 0.685791 291 0.004850
69 0.695851 230 0.003833
70 0.705911 229 0.003817
71 0.715972 171 0.002850
72 0.726032 194 0.003233
73 0.736092 216 0.003600
74 0.746152 209 0.003483
75 0.756212 173 0.002883
76 0.766272 219 0.003650
77 0.776332 212 0.003533
78 0.786392 183 0.003050
79 0.796452 161 0.002683
80 0.806512 182 0.003033
81 0.816572 192 0.003200
82 0.826632 260 0.004333
83 0.836692 261 0.004350
84 0.846752 341 0.005683
85 0.856813 365 0.006083
86 0.866873 493 0.008217
87 0.876933 417 0.006950
88 0.886993 223 0.003717
89 0.897053 277 0.004617
90 0.907113 296 0.004933
91 0.917173 309 0.005150
92 0.927233 252 0.004200
93 0.937293 166 0.002767
94 0.947353 79 0.001317
95 0.957413 51 0.000850
96 0.967473 43 0.000717
97 0.977533 21 0.000350
98 0.987594 5 0.000083
99 0.997654 1 0.000017
