0 0.429130 9 0.000450
1 0.430821 0 0.000000
2 0.432512 0 0.000000
3 0.434203 0 0.000000
4 0.435895 5 0.000250
5 0.437586 1 0.000050
6 0.439277 0 0.000000
7 0.440968 0 0.000000
8 0.442659 0 0.000000
9 0.444351 3 0.000150
10 0.446042 0 0.000000
11 0.447733 9 0.000450
12 0.449424 0 0.000000
13 0.451116 0 0.000000
14 0.452807 14 0.000700
15 0.454498 16 0.000800
16 0.456189 23 0.001150
17 0.457881 27 0.001350
18 0.459572 21 0.001050
19 0.461263 32 0.001600
20 0.462954 25 0.001250
21 0.464646 66 0.003300
22 0.466337 23 0.001150
23 0.468028 63 0.003150
24 0.469719 55 0.002750
25 0.471410 67 0.003350
26 0.473102 6 0.000300
27 0.474793 67 0.003350
28 0.476484 153 0.007650
29 0.478175 103 0.005150
30 0.479867 99 0.004950
31 0.481558 119 0.005950
32 0.483249 140 0.007000
33 0.484940 151 0.007550
34 0.486632 71 0.003550
35 0.488323 273 0.013650
36 0.490014 267 0.013350
37 0.491705 325 0.016250
38 0.493397 338 0.016900
39 0.495088 477 0.023850
40 0.496779 556 0.027800
41 0.498470 598 0.029900
42 0.500162 845 0.042250
43 0.501853 1029 0.051450
44 0.503544 1278 0.063900
45 0.505235 1452 0.072600
46 0.506926 1469 0.073450
47 0.508618 2119 0.105950
48 0.510309 1777 0.088850
49 0.512000 1370 0.068500
50 0.513691 1065 0.053250
51 0.515383 678 0.033900
52 0.517074 475 0.023750
53 0.518765 363 0.018150
54 0.520456 239 0.011950
55 0.522148 230 0.011500
56 0.523839 141 0.007050
57 0.525530 119 0.005950
58 0.527221 98 0.004900
59 0.528913 95 0.004750
60 0.530604 87 0.004350
61 0.532295 73 0.003650
62 0.533986 76 0.003800
63 0.535677 45 0.002250
64 0.537369 79 0.003950
65 0.539060 46 0.002300
66 0.540751 103 0.005150
67 0.542442 56 0.002800
68 0.544134 32 0.001600
69 0.545825 37 0.001850
70 0.547516 50 0.002500
71 0.549207 42 0.002100
72 0.550899 33 0.001650
73 0.552590 23 0.001150
74 0.554281 12 0.000600
75 0.555972 31 0.001550
76 0.557664 16 0.000800
77 0.559355 10 0.000500
78 0.561046 10 0.000500
79 0.562737 24 0.001200
80 0.564429 3 0.000150
81 0.566120 20 0.001000
82 0.567811 1 0.000050
83 0.569502 9 0.000450
84 0.571193 4 0.000200
85 0.572885 3 0.000150
86 0.574576 5 0.000250
87 0.576267 7 0.000350
88 0.577958 5 0.000250
89 0.579650 1 0.000050
90 0.581341 6 0.000300
91 0.583032 0 0.000000
92 0.584723 0 0.000000
93 0.586415 0 0.000000
94 0.588106 0 0.000000
95 0.589797 5 0.000250
96 0.591488 0 0.000000
97 0.593180 0 0.000000
98 0.594871 0 0.000000
99 0.596562 2 0.000100
