0 0.009706 1 0.000050
1 0.019685 1 0.000050
2 0.029664 5 0.000250
3 0.039643 9 0.000450
4 0.049623 3 0.000150
5 0.059602 6 0.000300
6 0.069581 3 0.000150
7 0.079561 5 0.000250
8 0.089540 5 0.000250
9 0.099519 6 0.000300
10 0.109498 3 0.000150
11 0.119478 3 0.000150
12 0.129457 4 0.000200
13 0.139436 5 0.000250
14 0.149415 6 0.000300
15 0.159395 4 0.000200
16 0.169374 6 0.000300
17 0.179353 4 0.000200
18 0.189333 4 0.000200
19 0.199312 7 0.000350
20 0.209291 4 0.000200
21 0.219270 2 0.000100
22 0.229250 6 0.000300
23 0.239229 13 0.000650
24 0.249208 33 0.001650
25 0.259187 13 0.000650
26 0.269167 38 0.001900
27 0.279146 41 0.002050
28 0.289125 29 0.001450
29 0.299105 27 0.001350
30 0.309084 106 0.005300
31 0.319063 93 0.004650
32 0.329042 196 0.009800
33 0.339022 111 0.005550
34 0.349001 50 0.002500
35 0.358980 16 0.000800
36 0.368959 9 0.000450
37 0.378939 15 0.000750
38 0.388918 15 0.000750
39 0.398897 20 0.001000
40 0.408877 30 0.001500
41 0.418856 24 0.001200
42 0.428835 24 0.001200
43 0.438814 32 0.001600
44 0.448794 44 0.002200
45 0.458773 62 0.003100
46 0.468752 74 0.003700
47 0.478731 98 0.004900
48 0.488711 107 0.005350
49 0.498690 151 0.007550
50 0.508669 119 0.005950
51 0.518649 153 0.007650
52 0.528628 205 0.010250
53 0.538607 244 0.012200
54 0.548586 428 0.021400
55 0.558566 468 0.023400
56 0.568545 797 0.039850
57 0.578524 1792 0.089600
58 0.588503 2665 0.133250
59 0.598483 1826 0.091300
60 0.608462 1007 0.050350
61 0.618441 836 0.041800
62 0.628421 569 0.028450
63 0.638400 369 0.018450
64 0.648379 335 0.016750
65 0.658358 257 0.012850
66 0.668338 226 0.011300
67 0.678317 182 0.009100
68 0.688296 194 0.009700
69 0.698275 160 0.008000
70 0.708255 146 0.007300
71 0.718234 152 0.007600
72 0.728213 164 0.008200
73 0.738193 168 0.008400
74 0.748172 147 0.007350
75 0.758151 144 0.007200
76 0.768130 205 0.010250
77 0.778110 148 0.007400
78 0.788089 169 0.008450
79 0.798068 139 0.006950
80 0.808047 145 0.007250
81 0.818027 199 0.009950
82 0.828006 239 0.011950
83 0.837985 256 0.012800
84 0.847965 318 0.015900
85 0.857944 385 0.019250
86 0.867923 448 0.022400
87 0.877902 396 0.019800
88 0.887882 222 0.011100
89 0.897861 266 0.013300
90 0.907840 284 0.014200
91 0.917819 288 0.014400
92 0.927799 228 0.011400
93 0.937778 160 0.008000
94 0.947757 71 0.003550
95 0.957737 47 0.002350
96 0.967716 36 0.001800
97 0.977695 19 0.000950
98 0.987674 5 0.000250
99 0.997654 1 0.000050
