0 -0.113553 1 0.000050
1 -0.111340 0 0.000000
2 -0.109127 0 0.000000
3 -0.106914 1 0.000050
4 -0.104701 0 0.000000
5 -0.102488 1 0.000050
6 -0.100274 1 0.000050
7 -0.098061 0 0.000000
8 -0.095848 0 0.000000
9 -0.093635 0 0.000000
10 -0.091422 0 0.000000
11 -0.089209 1 0.000050
12 -0.086996 3 0.000150
13 -0.084783 1 0.000050
14 -0.082570 2 0.000100
15 -0.080357 2 0.000100
16 -0.078144 1 0.000050
17 -0.075931 1 0.000050
18 -0.073718 1 0.000050
19 -0.071505 4 0.000200
20 -0.069292 5 0.000250
21 -0.067079 1 0.000050
22 -0.064866 3 0.000150
23 -0.062653 6 0.000300
24 -0.060439 4 0.000200
25 -0.058226 6 0.000300
26 -0.056013 3 0.000150
27 -0.053800 12 0.000600
28 -0.051587 9 0.000450
29 -0.049374 8 0.000400
30 -0.047161 14 0.000700
31 -0.044948 8 0.000400
32 -0.042735 15 0.000750
33 -0.040522 16 0.000800
34 -0.038309 19 0.000950
35 -0.036096 24 0.001200
36 -0.033883 34 0.001700
37 -0.031670 41 0.002050
38 -0.029457 63 0.003150
39 -0.027244 63 0.003150
40 -0.025031 72 0.003600
41 -0.022818 102 0.005100
42 -0.020605 165 0.008250
43 -0.018391 225 0.011250
44 -0.016178 329 0.016450
45 -0.013965 604 0.030200
46 -0.011752 1148 0.057400
47 -0.009539 2205 0.110250
48 -0.007326 4521 0.226050
49 -0.005113 4600 0.230000
50 -0.002900 2488 0.124400
51 -0.000687 1009 0.050450
52 0.001526 603 0.030150
53 0.003739 411 0.020550
54 0.005952 287 0.014350
55 0.008165 158 0.007900
56 0.010378 155 0.007750
57 0.012591 108 0.005400
58 0.014804 78 0.003900
59 0.017017 71 0.003550
60 0.019230 67 0.003350
61 0.021443 34 0.001700
62 0.023657 30 0.001500
63 0.025870 30 0.001500
64 0.028083 17 0.000850
65 0.030296 20 0.001000
66 0.032509 13 0.000650
67 0.034722 8 0.000400
68 0.036935 7 0.000350
69 0.039148 3 0.000150
70 0.041361 6 0.000300
71 0.043574 5 0.000250
72 0.045787 6 0.000300
73 0.048000 8 0.000400
74 0.050213 1 0.000050
75 0.052426 5 0.000250
76 0.054639 10 0.000500
77 0.056852 0 0.000000
78 0.059065 1 0.000050
79 0.061278 2 0.000100
80 0.063491 2 0.000100
81 0.065705 0 0.000000
82 0.067918 0 0.000000
83 0.070131 1 0.000050
84 0.072344 2 0.000100
85 0.074557 0 0.000000
86 0.076770 1 0.000050
87 0.078983 0 0.000000
88 0.081196 1 0.000050
89 0.083409 3 0.000150
90 0.085622 0 0.000000
91 0.087835 1 0.000050
92 0.090048 0 0.000000
93 0.092261 1 0.000050
94 0.094474 0 0.000000
95 0.096687 0 0.000000
96 0.098900 0 0.000000
97 0.101113 1 0.000050
98 0.103326 0 0.000000
99 0.105540 1 0.000050
