0 -0.373297 1 0.000050
1 -0.365483 2 0.000100
2 -0.357670 1 0.000050
3 -0.349856 1 0.000050
4 -0.342042 0 0.000000
5 -0.334229 0 0.000000
6 -0.326415 2 0.000100
7 -0.318601 2 0.000100
8 -0.310788 1 0.000050
9 -0.302974 1 0.000050
10 -0.295160 3 0.000150
11 -0.287347 3 0.000150
12 -0.279533 2 0.000100
13 -0.271719 1 0.000050
14 -0.263905 5 0.000250
15 -0.256092 2 0.000100
16 -0.248278 2 0.000100
17 -0.240464 2 0.000100
18 -0.232651 2 0.000100
19 -0.224837 3 0.000150
20 -0.217023 3 0.000150
21 -0.209210 12 0.000600
22 -0.201396 22 0.001100
23 -0.193582 20 0.001000
24 -0.185768 33 0.001650
25 -0.177955 81 0.004050
26 -0.170141 62 0.003100
27 -0.162327 67 0.003350
28 -0.154514 124 0.006200
29 -0.146700 156 0.007800
30 -0.138886 206 0.010300
31 -0.131073 198 0.009900
32 -0.123259 162 0.008100
33 -0.115445 142 0.007100
34 -0.107632 193 0.009650
35 -0.099818 232 0.011600
36 -0.092004 384 0.019200
37 -0.084190 637 0.031850
38 -0.076377 528 0.026400
39 -0.068563 428 0.021400
40 -0.060749 413 0.020650
41 -0.052936 427 0.021350
42 -0.045122 528 0.026400
43 -0.037308 516 0.025800
44 -0.029495 571 0.028550
45 -0.021681 682 0.034100
46 -0.013867 2030 0.101500
47 -0.006053 3789 0.189450
48 0.001760 881 0.044050
49 0.009574 543 0.027150
50 0.017388 767 0.038350
51 0.025201 666 0.033300
52 0.033015 462 0.023100
53 0.040829 402 0.020100
54 0.048642 400 0.020000
55 0.056456 498 0.024900
56 0.064270 378 0.018900
57 0.072083 390 0.019500
58 0.079897 273 0.013650
59 0.087711 189 0.009450
60 0.095525 170 0.008500
61 0.103338 178 0.008900
62 0.111152 235 0.011750
63 0.118966 233 0.011650
64 0.126779 188 0.009400
65 0.134593 97 0.004850
66 0.142407 68 0.003400
67 0.150220 92 0.004600
68 0.158034 84 0.004200
69 0.165848 47 0.002350
70 0.173662 27 0.001350
71 0.181475 12 0.000600
72 0.189289 8 0.000400
73 0.197103 7 0.000350
74 0.204916 6 0.000300
75 0.212730 3 0.000150
76 0.220544 1 0.000050
77 0.228357 3 0.000150
78 0.236171 1 0.000050
79 0.243985 0 0.000000
80 0.251798 1 0.000050
81 0.259612 0 0.000000
82 0.267426 1 0.000050
83 0.275240 0 0.000000
84 0.283053 0 0.000000
85 0.290867 1 0.000050
86 0.298681 2 0.000100
87 0.306494 1 0.000050
88 0.314308 1 0.000050
89 0.322122 0 0.000000
90 0.329935 0 0.000000
91 0.337749 0 0.000000
92 0.345563 0 0.000000
93 0.353377 0 0.000000
94 0.361190 0 0.000000
95 0.369004 0 0.000000
96 0.376818 0 0.000000
97 0.384631 1 0.000050
98 0.392445 0 0.000000
99 0.400259 1 0.000050
