0 -0.373297 1 0.000017
1 -0.365483 2 0.000033
2 -0.357670 1 0.000017
3 -0.349856 1 0.000017
4 -0.342042 0 0.000000
5 -0.334229 0 0.000000
6 -0.326415 2 0.000033
7 -0.318601 2 0.000033
8 -0.310788 1 0.000017
9 -0.302974 1 0.000017
10 -0.295160 3 0.000050
11 -0.287347 3 0.000050
12 -0.279533 2 0.000033
13 -0.271719 1 0.000017
14 -0.263905 5 0.000083
15 -0.256092 2 0.000033
16 -0.248278 2 0.000033
17 -0.240464 2 0.000033
18 -0.232651 2 0.000033
19 -0.224837 3 0.000050
20 -0.217023 3 0.000050
21 -0.209210 12 0.000200
22 -0.201396 22 0.000367
23 -0.193582 20 0.000333
24 -0.185768 33 0.000550
25 -0.177955 81 0.001350
26 -0.170141 62 0.001033
27 -0.162327 67 0.001117
28 -0.154514 124 0.002067
29 -0.146700 156 0.002600
30 -0.138886 206 0.003433
31 -0.131073 198 0.003300
32 -0.123259 162 0.002700
33 -0.115445 143 0.002383
34 -0.107632 195 0.003250
35 -0.099818 233 0.003883
36 -0.092004 390 0.006500
37 -0.084190 644 0.010733
38 -0.076377 546 0.009100
39 -0.068563 454 0.007567
40 -0.060749 467 0.007783
41 -0.052936 494 0.008233
42 -0.045122 655 0.010917
43 -0.037308 764 0.012733
44 -0.029495 1319 0.021983
45 -0.021681 3229 0.053817
46 -0.013867 15876 0.264600
47 -0.006053 22543 0.375717
48 0.001760 3184 0.053067
49 0.009574 1248 0.020800
50 0.017388 1030 0.017167
51 0.025201 797 0.013283
52 0.033015 517 0.008617
53 0.040829 443 0.007383
54 0.048642 422 0.007033
55 0.056456 509 0.008483
56 0.064270 383 0.006383
57 0.072083 394 0.006567
58 0.079897 277 0.004617
59 0.087711 191 0.003183
60 0.095525 171 0.002850
61 0.103338 179 0.002983
62 0.111152 235 0.003917
63 0.118966 233 0.003883
64 0.126779 188 0.003133
65 0.134593 97 0.001617
66 0.142407 68 0.001133
67 0.150220 92 0.001533
68 0.158034 84 0.001400
69 0.165848 47 0.000783
70 0.173662 27 0.000450
71 0.181475 12 0.000200
72 0.189289 8 0.000133
73 0.197103 7 0.000117
74 0.204916 6 0.000100
75 0.212730 3 0.000050
76 0.220544 1 0.000017
77 0.228357 3 0.000050
78 0.236171 1 0.000017
79 0.243985 0 0.000000
80 0.251798 1 0.000017
81 0.259612 0 0.000000
82 0.267426 1 0.000017
83 0.275240 0 0.000000
84 0.283053 0 0.000000
85 0.290867 1 0.000017
86 0.298681 2 0.000033
87 0.306494 1 0.000017
88 0.314308 1 0.000017
89 0.322122 0 0.000000
90 0.329935 0 0.000000
91 0.337749 0 0.000000
92 0.345563 0 0.000000
93 0.353377 0 0.000000
94 0.361190 0 0.000000
95 0.369004 0 0.000000
96 0.376818 0 0.000000
97 0.384631 1 0.000017
98 0.392445 0 0.000000
99 0.400259 1 0.000017
