0 -0.089565 2 0.000100
1 -0.087911 0 0.000000
2 -0.086258 0 0.000000
3 -0.084605 0 0.000000
4 -0.082951 0 0.000000
5 -0.081298 1 0.000050
6 -0.079644 0 0.000000
7 -0.077991 0 0.000000
8 -0.076337 0 0.000000
9 -0.074684 2 0.000100
10 -0.073030 2 0.000100
11 -0.071377 3 0.000150
12 -0.069724 4 0.000200
13 -0.068070 3 0.000150
14 -0.066417 4 0.000200
15 -0.064763 2 0.000100
16 -0.063110 2 0.000100
17 -0.061456 7 0.000350
18 -0.059803 4 0.000200
19 -0.058149 2 0.000100
20 -0.056496 6 0.000300
21 -0.054843 18 0.000900
22 -0.053189 3 0.000150
23 -0.051536 7 0.000350
24 -0.049882 13 0.000650
25 -0.048229 4 0.000200
26 -0.046575 5 0.000250
27 -0.044922 9 0.000450
28 -0.043268 13 0.000650
29 -0.041615 14 0.000700
30 -0.039962 23 0.001150
31 -0.038308 26 0.001300
32 -0.036655 20 0.001000
33 -0.035001 28 0.001400
34 -0.033348 31 0.001550
35 -0.031694 36 0.001800
36 -0.030041 54 0.002700
37 -0.028387 64 0.003200
38 -0.026734 89 0.004450
39 -0.025081 132 0.006600
40 -0.023427 169 0.008450
41 -0.021774 198 0.009900
42 -0.020120 234 0.011700
43 -0.018467 367 0.018350
44 -0.016813 470 0.023500
45 -0.015160 660 0.033000
46 -0.013506 846 0.042300
47 -0.011853 1130 0.056500
48 -0.010200 1554 0.077700
49 -0.008546 2346 0.117300
50 -0.006893 3109 0.155450
51 -0.005239 2834 0.141700
52 -0.003586 1952 0.097600
53 -0.001932 1202 0.060100
54 -0.000279 703 0.035150
55 0.001375 413 0.020650
56 0.003028 265 0.013250
57 0.004681 190 0.009500
58 0.006335 133 0.006650
59 0.007988 109 0.005450
60 0.009642 126 0.006300
61 0.011295 63 0.003150
62 0.012949 40 0.002000
63 0.014602 34 0.001700
64 0.016256 30 0.001500
65 0.017909 22 0.001100
66 0.019562 19 0.000950
67 0.021216 13 0.000650
68 0.022869 19 0.000950
69 0.024523 13 0.000650
70 0.026176 7 0.000350
71 0.027830 17 0.000850
72 0.029483 9 0.000450
73 0.031137 4 0.000200
74 0.032790 6 0.000300
75 0.034443 13 0.000650
76 0.036097 7 0.000350
77 0.037750 2 0.000100
78 0.039404 8 0.000400
79 0.041057 3 0.000150
80 0.042711 5 0.000250
81 0.044364 2 0.000100
82 0.046018 5 0.000250
83 0.047671 2 0.000100
84 0.049324 3 0.000150
85 0.050978 1 0.000050
86 0.052631 0 0.000000
87 0.054285 1 0.000050
88 0.055938 1 0.000050
89 0.057592 1 0.000050
90 0.059245 2 0.000100
91 0.060899 0 0.000000
92 0.062552 1 0.000050
93 0.064205 1 0.000050
94 0.065859 0 0.000000
95 0.067512 0 0.000000
96 0.069166 2 0.000100
97 0.070819 0 0.000000
98 0.072473 1 0.000050
99 0.074126 0 0.000000
