0 0.000000 50755 0.845917
1 0.001618 2029 0.033817
2 0.003237 1505 0.025083
3 0.004855 1359 0.022650
4 0.006473 913 0.015217
5 0.008091 472 0.007867
6 0.009710 375 0.006250
7 0.011328 313 0.005217
8 0.012946 385 0.006417
9 0.014564 347 0.005783
10 0.016183 304 0.005067
11 0.017801 242 0.004033
12 0.019419 164 0.002733
13 0.021037 144 0.002400
14 0.022656 137 0.002283
15 0.024274 97 0.001617
16 0.025892 96 0.001600
17 0.027510 62 0.001033
18 0.029129 82 0.001367
19 0.030747 47 0.000783
20 0.032365 27 0.000450
21 0.033983 21 0.000350
22 0.035602 17 0.000283
23 0.037220 13 0.000217
24 0.038838 14 0.000233
25 0.040456 12 0.000200
26 0.042075 10 0.000167
27 0.043693 4 0.000067
28 0.045311 3 0.000050
29 0.046929 2 0.000033
30 0.048548 3 0.000050
31 0.050166 2 0.000033
32 0.051784 0 0.000000
33 0.053402 2 0.000033
34 0.055021 3 0.000050
35 0.056639 0 0.000000
36 0.058257 2 0.000033
37 0.059875 1 0.000017
38 0.061494 0 0.000000
39 0.063112 1 0.000017
40 0.064730 1 0.000017
41 0.066348 1 0.000017
42 0.067967 5 0.000083
43 0.069585 0 0.000000
44 0.071203 2 0.000033
45 0.072821 0 0.000000
46 0.074440 1 0.000017
47 0.076058 0 0.000000
48 0.077676 3 0.000050
49 0.079294 0 0.000000
50 0.080913 1 0.000017
51 0.082531 1 0.000017
52 0.084149 1 0.000017
53 0.085767 2 0.000033
54 0.087386 1 0.000017
55 0.089004 0 0.000000
56 0.090622 0 0.000000
57 0.092240 2 0.000033
58 0.093859 1 0.000017
59 0.095477 1 0.000017
60 0.097095 0 0.000000
61 0.098713 2 0.000033
62 0.100332 3 0.000050
63 0.101950 0 0.000000
64 0.103568 0 0.000000
65 0.105186 0 0.000000
66 0.106805 0 0.000000
67 0.108423 0 0.000000
68 0.110041 0 0.000000
69 0.111659 0 0.000000
70 0.113278 0 0.000000
71 0.114896 0 0.000000
72 0.116514 0 0.000000
73 0.118132 1 0.000017
74 0.119751 0 0.000000
75 0.121369 0 0.000000
76 0.122987 0 0.000000
77 0.124605 1 0.000017
78 0.126224 0 0.000000
79 0.127842 1 0.000017
80 0.129460 1 0.000017
81 0.131078 0 0.000000
82 0.132697 0 0.000000
83 0.134315 0 0.000000
84 0.135933 0 0.000000
85 0.137551 0 0.000000
86 0.139170 1 0.000017
87 0.140788 0 0.000000
88 0.142406 0 0.000000
89 0.144024 0 0.000000
90 0.145643 0 0.000000
91 0.147261 1 0.000017
92 0.148879 0 0.000000
93 0.150497 0 0.000000
94 0.152116 0 0.000000
95 0.153734 0 0.000000
96 0.155352 0 0.000000
97 0.156971 0 0.000000
98 0.158589 0 0.000000
99 0.160207 1 0.000017
