0 0.405803 3 0.000150
1 0.407921 0 0.000000
2 0.410039 1 0.000050
3 0.412156 0 0.000000
4 0.414274 4 0.000200
5 0.416391 8 0.000400
6 0.418509 0 0.000000
7 0.420627 3 0.000150
8 0.422744 2 0.000100
9 0.424862 4 0.000200
10 0.426980 5 0.000250
11 0.429097 8 0.000400
12 0.431215 6 0.000300
13 0.433333 15 0.000750
14 0.435450 11 0.000550
15 0.437568 6 0.000300
16 0.439686 13 0.000650
17 0.441803 12 0.000600
18 0.443921 10 0.000500
19 0.446038 29 0.001450
20 0.448156 17 0.000850
21 0.450274 29 0.001450
22 0.452391 24 0.001200
23 0.454509 30 0.001500
24 0.456627 44 0.002200
25 0.458744 48 0.002400
26 0.460862 39 0.001950
27 0.462980 38 0.001900
28 0.465097 47 0.002350
29 0.467215 62 0.003100
30 0.469333 58 0.002900
31 0.471450 57 0.002850
32 0.473568 66 0.003300
33 0.475686 101 0.005050
34 0.477803 81 0.004050
35 0.479921 113 0.005650
36 0.482038 150 0.007500
37 0.484156 191 0.009550
38 0.486274 248 0.012400
39 0.488391 229 0.011450
40 0.490509 299 0.014950
41 0.492627 343 0.017150
42 0.494744 461 0.023050
43 0.496862 594 0.029700
44 0.498980 963 0.048150
45 0.501097 1514 0.075700
46 0.503215 1955 0.097750
47 0.505333 2563 0.128150
48 0.507450 2144 0.107200
49 0.509568 1672 0.083600
50 0.511685 1169 0.058450
51 0.513803 1039 0.051950
52 0.515921 662 0.033100
53 0.518038 473 0.023650
54 0.520156 288 0.014400
55 0.522274 277 0.013850
56 0.524391 215 0.010750
57 0.526509 130 0.006500
58 0.528627 147 0.007350
59 0.530744 110 0.005500
60 0.532862 147 0.007350
61 0.534980 110 0.005500
62 0.537097 117 0.005850
63 0.539215 64 0.003200
64 0.541332 46 0.002300
65 0.543450 80 0.004000
66 0.545568 51 0.002550
67 0.547685 46 0.002300
68 0.549803 35 0.001750
69 0.551921 48 0.002400
70 0.554038 25 0.001250
71 0.556156 49 0.002450
72 0.558274 35 0.001750
73 0.560391 29 0.001450
74 0.562509 28 0.001400
75 0.564627 26 0.001300
76 0.566744 24 0.001200
77 0.568862 13 0.000650
78 0.570980 16 0.000800
79 0.573097 10 0.000500
80 0.575215 23 0.001150
81 0.577332 7 0.000350
82 0.579450 4 0.000200
83 0.581568 13 0.000650
84 0.583685 21 0.001050
85 0.585803 16 0.000800
86 0.587921 9 0.000450
87 0.590038 13 0.000650
88 0.592156 17 0.000850
89 0.594274 13 0.000650
90 0.596391 9 0.000450
91 0.598509 14 0.000700
92 0.600627 5 0.000250
93 0.602744 1 0.000050
94 0.604862 2 0.000100
95 0.606979 1 0.000050
96 0.609097 2 0.000100
97 0.611215 0 0.000000
98 0.613332 0 0.000000
99 0.615450 1 0.000050
