0 0.017065 7 0.000117
1 0.026957 14 0.000233
2 0.036849 14 0.000233
3 0.046741 24 0.000400
4 0.056633 12 0.000200
5 0.066525 12 0.000200
6 0.076417 16 0.000267
7 0.086309 18 0.000300
8 0.096201 12 0.000200
9 0.106093 19 0.000317
10 0.115985 9 0.000150
11 0.125877 17 0.000283
12 0.135769 11 0.000183
13 0.145661 16 0.000267
14 0.155553 28 0.000467
15 0.165445 22 0.000367
16 0.175337 23 0.000383
17 0.185229 23 0.000383
18 0.195121 31 0.000517
19 0.205013 39 0.000650
20 0.214905 29 0.000483
21 0.224797 38 0.000633
22 0.234689 33 0.000550
23 0.244581 43 0.000717
24 0.254473 54 0.000900
25 0.264365 73 0.001217
26 0.274257 85 0.001417
27 0.284149 102 0.001700
28 0.294041 98 0.001633
29 0.303933 152 0.002533
30 0.313825 263 0.004383
31 0.323717 285 0.004750
32 0.333609 302 0.005033
33 0.343501 237 0.003950
34 0.353393 256 0.004267
35 0.363285 317 0.005283
36 0.373177 441 0.007350
37 0.383069 436 0.007267
38 0.392961 391 0.006517
39 0.402853 562 0.009367
40 0.412745 735 0.012250
41 0.422637 1319 0.021983
42 0.432529 987 0.016450
43 0.442421 811 0.013517
44 0.452313 1197 0.019950
45 0.462205 1581 0.026350
46 0.472097 2041 0.034017
47 0.481989 2589 0.043150
48 0.491881 4479 0.074650
49 0.501773 7227 0.120450
50 0.511665 2461 0.041017
51 0.521557 2086 0.034767
52 0.531449 1715 0.028583
53 0.541341 1269 0.021150
54 0.551233 1287 0.021450
55 0.561125 1536 0.025600
56 0.571017 2016 0.033600
57 0.580909 2505 0.041750
58 0.590801 3151 0.052517
59 0.600693 1776 0.029600
60 0.610585 1377 0.022950
61 0.620477 1394 0.023233
62 0.630369 786 0.013100
63 0.640261 565 0.009417
64 0.650153 514 0.008567
65 0.660045 408 0.006800
66 0.669937 435 0.007250
67 0.679829 316 0.005267
68 0.689721 255 0.004250
69 0.699613 275 0.004583
70 0.709505 219 0.003650
71 0.719397 176 0.002933
72 0.729289 180 0.003000
73 0.739181 204 0.003400
74 0.749074 202 0.003367
75 0.758965 186 0.003100
76 0.768857 222 0.003700
77 0.778750 213 0.003550
78 0.788642 193 0.003217
79 0.798533 191 0.003183
80 0.808426 200 0.003333
81 0.818318 241 0.004017
82 0.828210 264 0.004400
83 0.838102 266 0.004433
84 0.847994 318 0.005300
85 0.857886 412 0.006867
86 0.867778 459 0.007650
87 0.877670 438 0.007300
88 0.887562 249 0.004150
89 0.897454 234 0.003900
90 0.907346 272 0.004533
91 0.917238 340 0.005667
92 0.927130 266 0.004433
93 0.937022 177 0.002950
94 0.946914 91 0.001517
95 0.956806 40 0.000667
96 0.966698 53 0.000883
97 0.976590 30 0.000500
98 0.986482 6 0.000100
99 0.996374 1 0.000017
