0 0.034971 2 0.000100
1 0.044564 8 0.000400
2 0.054157 6 0.000300
3 0.063750 3 0.000150
4 0.073343 17 0.000850
5 0.082936 5 0.000250
6 0.092530 10 0.000500
7 0.102123 21 0.001050
8 0.111716 17 0.000850
9 0.121309 13 0.000650
10 0.130902 19 0.000950
11 0.140495 13 0.000650
12 0.150088 11 0.000550
13 0.159681 11 0.000550
14 0.169275 26 0.001300
15 0.178868 46 0.002300
16 0.188461 31 0.001550
17 0.198054 18 0.000900
18 0.207647 17 0.000850
19 0.217240 21 0.001050
20 0.226833 12 0.000600
21 0.236426 17 0.000850
22 0.246020 26 0.001300
23 0.255613 59 0.002950
24 0.265206 39 0.001950
25 0.274799 53 0.002650
26 0.284392 39 0.001950
27 0.293985 75 0.003750
28 0.303578 70 0.003500
29 0.313172 42 0.002100
30 0.322765 84 0.004200
31 0.332358 64 0.003200
32 0.341951 102 0.005100
33 0.351544 87 0.004350
34 0.361137 125 0.006250
35 0.370730 122 0.006100
36 0.380323 99 0.004950
37 0.389917 155 0.007750
38 0.399510 197 0.009850
39 0.409103 250 0.012500
40 0.418696 248 0.012400
41 0.428289 243 0.012150
42 0.437882 348 0.017400
43 0.447475 387 0.019350
44 0.457068 541 0.027050
45 0.466662 740 0.037000
46 0.476255 990 0.049500
47 0.485848 1506 0.075300
48 0.495441 3077 0.153850
49 0.505034 2770 0.138500
50 0.514627 1558 0.077900
51 0.524220 935 0.046750
52 0.533814 726 0.036300
53 0.543407 455 0.022750
54 0.553000 425 0.021250
55 0.562593 342 0.017100
56 0.572186 407 0.020350
57 0.581779 298 0.014900
58 0.591372 244 0.012200
59 0.600965 139 0.006950
60 0.610559 151 0.007550
61 0.620152 159 0.007950
62 0.629745 109 0.005450
63 0.639338 139 0.006950
64 0.648931 73 0.003650
65 0.658524 115 0.005750
66 0.668117 103 0.005150
67 0.677710 104 0.005200
68 0.687304 70 0.003500
69 0.696897 31 0.001550
70 0.706490 38 0.001900
71 0.716083 30 0.001500
72 0.725676 49 0.002450
73 0.735269 36 0.001800
74 0.744862 23 0.001150
75 0.754456 32 0.001600
76 0.764049 23 0.001150
77 0.773642 39 0.001950
78 0.783235 38 0.001900
79 0.792828 12 0.000600
80 0.802421 20 0.001000
81 0.812014 18 0.000900
82 0.821607 18 0.000900
83 0.831201 14 0.000700
84 0.840794 12 0.000600
85 0.850387 14 0.000700
86 0.859980 13 0.000650
87 0.869573 15 0.000750
88 0.879166 8 0.000400
89 0.888759 7 0.000350
90 0.898352 12 0.000600
91 0.907946 2 0.000100
92 0.917539 16 0.000800
93 0.927132 0 0.000000
94 0.936725 32 0.001600
95 0.946318 3 0.000150
96 0.955911 6 0.000300
97 0.965504 0 0.000000
98 0.975098 5 0.000250
99 0.984691 0 0.000000
