0 0.005373 4 0.000067
1 0.015520 3 0.000050
2 0.025666 10 0.000167
3 0.035813 24 0.000400
4 0.045960 4 0.000067
5 0.056106 11 0.000183
6 0.066253 11 0.000183
7 0.076399 15 0.000250
8 0.086546 6 0.000100
9 0.096693 13 0.000217
10 0.106839 17 0.000283
11 0.116986 30 0.000500
12 0.127133 9 0.000150
13 0.137279 31 0.000517
14 0.147426 10 0.000167
15 0.157572 13 0.000217
16 0.167719 33 0.000550
17 0.177866 41 0.000683
18 0.188012 43 0.000717
19 0.198159 27 0.000450
20 0.208306 15 0.000250
21 0.218452 31 0.000517
22 0.228599 22 0.000367
23 0.238746 19 0.000317
24 0.248892 57 0.000950
25 0.259039 86 0.001433
26 0.269185 67 0.001117
27 0.279332 102 0.001700
28 0.289479 93 0.001550
29 0.299625 124 0.002067
30 0.309772 101 0.001683
31 0.319919 222 0.003700
32 0.330065 261 0.004350
33 0.340212 180 0.003000
34 0.350358 164 0.002733
35 0.360505 147 0.002450
36 0.370652 142 0.002367
37 0.380798 133 0.002217
38 0.390945 173 0.002883
39 0.401092 251 0.004183
40 0.411238 321 0.005350
41 0.421385 308 0.005133
42 0.431531 379 0.006317
43 0.441678 468 0.007800
44 0.451825 770 0.012833
45 0.461971 941 0.015683
46 0.472118 1404 0.023400
47 0.482265 2466 0.041100
48 0.492411 6110 0.101833
49 0.502558 12951 0.215850
50 0.512705 5108 0.085133
51 0.522851 2038 0.033967
52 0.532998 1493 0.024883
53 0.543144 977 0.016283
54 0.553291 962 0.016033
55 0.563438 944 0.015733
56 0.573584 1351 0.022517
57 0.583731 2030 0.033833
58 0.593878 2760 0.046000
59 0.604024 1890 0.031500
60 0.614171 1203 0.020050
61 0.624317 924 0.015400
62 0.634464 771 0.012850
63 0.644611 467 0.007783
64 0.654757 422 0.007033
65 0.664904 327 0.005450
66 0.675051 323 0.005383
67 0.685197 317 0.005283
68 0.695344 211 0.003517
69 0.705491 258 0.004300
70 0.715637 175 0.002917
71 0.725784 202 0.003367
72 0.735930 167 0.002783
73 0.746077 215 0.003583
74 0.756224 202 0.003367
75 0.766370 184 0.003067
76 0.776517 267 0.004450
77 0.786664 176 0.002933
78 0.796810 190 0.003167
79 0.806957 176 0.002933
80 0.817104 202 0.003367
81 0.827250 231 0.003850
82 0.837397 296 0.004933
83 0.847543 257 0.004283
84 0.857690 386 0.006433
85 0.867837 395 0.006583
86 0.877983 466 0.007767
87 0.888130 384 0.006400
88 0.898277 285 0.004750
89 0.908423 246 0.004100
90 0.918570 241 0.004017
91 0.928716 317 0.005283
92 0.938863 253 0.004217
93 0.949010 238 0.003967
94 0.959156 89 0.001483
95 0.969303 47 0.000783
96 0.979450 39 0.000650
97 0.989596 32 0.000533
98 0.999743 2 0.000033
99 1.009889 1 0.000017
