0 0.017065 7 0.000350
1 0.026957 7 0.000350
2 0.036849 6 0.000300
3 0.046741 8 0.000400
4 0.056633 3 0.000150
5 0.066525 2 0.000100
6 0.076417 5 0.000250
7 0.086309 7 0.000350
8 0.096201 1 0.000050
9 0.106093 2 0.000100
10 0.115985 1 0.000050
11 0.125877 4 0.000200
12 0.135769 3 0.000150
13 0.145661 0 0.000000
14 0.155553 3 0.000150
15 0.165445 4 0.000200
16 0.175337 4 0.000200
17 0.185229 2 0.000100
18 0.195121 1 0.000050
19 0.205013 4 0.000200
20 0.214905 1 0.000050
21 0.224797 2 0.000100
22 0.234689 8 0.000400
23 0.244581 16 0.000800
24 0.254473 24 0.001200
25 0.264365 32 0.001600
26 0.274257 40 0.002000
27 0.284149 36 0.001800
28 0.294041 28 0.001400
29 0.303933 54 0.002700
30 0.313825 117 0.005850
31 0.323717 125 0.006250
32 0.333609 168 0.008400
33 0.343501 87 0.004350
34 0.353393 19 0.000950
35 0.363285 16 0.000800
36 0.373177 19 0.000950
37 0.383069 16 0.000800
38 0.392961 21 0.001050
39 0.402853 28 0.001400
40 0.412745 29 0.001450
41 0.422637 26 0.001300
42 0.432529 30 0.001500
43 0.442421 44 0.002200
44 0.452313 39 0.001950
45 0.462205 56 0.002800
46 0.472097 73 0.003650
47 0.481989 79 0.003950
48 0.491881 147 0.007350
49 0.501773 129 0.006450
50 0.511665 138 0.006900
51 0.521557 198 0.009900
52 0.531449 221 0.011050
53 0.541341 273 0.013650
54 0.551233 422 0.021100
55 0.561125 501 0.025050
56 0.571017 1005 0.050250
57 0.580909 1807 0.090350
58 0.590801 2691 0.134550
59 0.600693 1353 0.067650
60 0.610585 949 0.047450
61 0.620477 827 0.041350
62 0.630369 477 0.023850
63 0.640261 376 0.018800
64 0.650153 310 0.015500
65 0.660045 220 0.011000
66 0.669937 220 0.011000
67 0.679829 205 0.010250
68 0.689721 184 0.009200
69 0.699613 198 0.009900
70 0.709505 166 0.008300
71 0.719397 143 0.007150
72 0.729289 153 0.007650
73 0.739181 177 0.008850
74 0.749074 171 0.008550
75 0.758965 155 0.007750
76 0.768857 182 0.009100
77 0.778750 187 0.009350
78 0.788642 170 0.008500
79 0.798533 179 0.008950
80 0.808426 174 0.008700
81 0.818318 227 0.011350
82 0.828210 248 0.012400
83 0.838102 248 0.012400
84 0.847994 304 0.015200
85 0.857886 403 0.020150
86 0.867778 450 0.022500
87 0.877670 428 0.021400
88 0.887562 238 0.011900
89 0.897454 223 0.011150
90 0.907346 260 0.013000
91 0.917238 328 0.016400
92 0.927130 253 0.012650
93 0.937022 170 0.008500
94 0.946914 84 0.004200
95 0.956806 38 0.001900
96 0.966698 47 0.002350
97 0.976590 29 0.001450
98 0.986482 6 0.000300
99 0.996374 1 0.000050
