0 0.123827 3 0.000150
1 0.131618 0 0.000000
2 0.139408 0 0.000000
3 0.147199 0 0.000000
4 0.154990 0 0.000000
5 0.162781 0 0.000000
6 0.170572 0 0.000000
7 0.178362 0 0.000000
8 0.186153 1 0.000050
9 0.193944 2 0.000100
10 0.201735 2 0.000100
11 0.209525 4 0.000200
12 0.217316 6 0.000300
13 0.225107 7 0.000350
14 0.232898 1 0.000050
15 0.240689 1 0.000050
16 0.248479 1 0.000050
17 0.256270 0 0.000000
18 0.264061 0 0.000000
19 0.271852 1 0.000050
20 0.279642 0 0.000000
21 0.287433 1 0.000050
22 0.295224 12 0.000600
23 0.303015 21 0.001050
24 0.310806 39 0.001950
25 0.318596 46 0.002300
26 0.326387 75 0.003750
27 0.334178 40 0.002000
28 0.341969 47 0.002350
29 0.349759 69 0.003450
30 0.357550 150 0.007500
31 0.365341 152 0.007600
32 0.373132 255 0.012750
33 0.380923 179 0.008950
34 0.388713 185 0.009250
35 0.396504 155 0.007750
36 0.404295 227 0.011350
37 0.412086 328 0.016400
38 0.419876 531 0.026550
39 0.427667 865 0.043250
40 0.435458 394 0.019700
41 0.443249 307 0.015350
42 0.451040 379 0.018950
43 0.458830 501 0.025050
44 0.466621 813 0.040650
45 0.474412 602 0.030100
46 0.482203 523 0.026150
47 0.489993 598 0.029900
48 0.497784 4467 0.223350
49 0.505575 804 0.040200
50 0.513366 652 0.032600
51 0.521157 749 0.037450
52 0.528947 893 0.044650
53 0.536738 424 0.021200
54 0.544529 421 0.021050
55 0.552320 384 0.019200
56 0.560110 487 0.024350
57 0.567901 637 0.031850
58 0.575692 318 0.015900
59 0.583483 321 0.016050
60 0.591274 238 0.011900
61 0.599064 221 0.011050
62 0.606855 212 0.010600
63 0.614646 167 0.008350
64 0.622437 374 0.018700
65 0.630228 198 0.009900
66 0.638018 74 0.003700
67 0.645809 56 0.002800
68 0.653600 89 0.004450
69 0.661391 63 0.003150
70 0.669181 99 0.004950
71 0.676972 48 0.002400
72 0.684763 21 0.001050
73 0.692554 9 0.000450
74 0.700345 23 0.001150
75 0.708135 11 0.000550
76 0.715926 4 0.000200
77 0.723717 0 0.000000
78 0.731508 1 0.000050
79 0.739298 0 0.000000
80 0.747089 0 0.000000
81 0.754880 0 0.000000
82 0.762671 0 0.000000
83 0.770462 1 0.000050
84 0.778252 1 0.000050
85 0.786043 2 0.000100
86 0.793834 2 0.000100
87 0.801625 1 0.000050
88 0.809415 2 0.000100
89 0.817206 0 0.000000
90 0.824997 0 0.000000
91 0.832788 0 0.000000
92 0.840579 0 0.000000
93 0.848369 0 0.000000
94 0.856160 0 0.000000
95 0.863951 0 0.000000
96 0.871742 1 0.000050
97 0.879532 0 0.000000
98 0.887323 1 0.000050
99 0.895114 1 0.000050
