0 0.005373 4 0.000200
1 0.015520 3 0.000150
2 0.025666 8 0.000400
3 0.035813 20 0.001000
4 0.045960 0 0.000000
5 0.056106 5 0.000250
6 0.066253 2 0.000100
7 0.076399 0 0.000000
8 0.086546 1 0.000050
9 0.096693 0 0.000000
10 0.106839 0 0.000000
11 0.116986 8 0.000400
12 0.127133 0 0.000000
13 0.137279 3 0.000150
14 0.147426 0 0.000000
15 0.157572 4 0.000200
16 0.167719 4 0.000200
17 0.177866 3 0.000150
18 0.188012 4 0.000200
19 0.198159 7 0.000350
20 0.208306 0 0.000000
21 0.218452 10 0.000500
22 0.228599 8 0.000400
23 0.238746 0 0.000000
24 0.248892 16 0.000800
25 0.259039 30 0.001500
26 0.269185 26 0.001300
27 0.279332 45 0.002250
28 0.289479 34 0.001700
29 0.299625 46 0.002300
30 0.309772 50 0.002500
31 0.319919 139 0.006950
32 0.330065 192 0.009600
33 0.340212 82 0.004100
34 0.350358 64 0.003200
35 0.360505 19 0.000950
36 0.370652 15 0.000750
37 0.380798 23 0.001150
38 0.390945 19 0.000950
39 0.401092 18 0.000900
40 0.411238 41 0.002050
41 0.421385 13 0.000650
42 0.431531 30 0.001500
43 0.441678 38 0.001900
44 0.451825 37 0.001850
45 0.461971 45 0.002250
46 0.472118 85 0.004250
47 0.482265 73 0.003650
48 0.492411 120 0.006000
49 0.502558 169 0.008450
50 0.512705 103 0.005150
51 0.522851 185 0.009250
52 0.532998 244 0.012200
53 0.543144 252 0.012600
54 0.553291 366 0.018300
55 0.563438 485 0.024250
56 0.573584 855 0.042750
57 0.583731 1678 0.083900
58 0.593878 2481 0.124050
59 0.604024 1747 0.087350
60 0.614171 1033 0.051650
61 0.624317 782 0.039100
62 0.634464 628 0.031400
63 0.644611 358 0.017900
64 0.654757 314 0.015700
65 0.664904 241 0.012050
66 0.675051 216 0.010800
67 0.685197 207 0.010350
68 0.695344 189 0.009450
69 0.705491 209 0.010450
70 0.715637 145 0.007250
71 0.725784 151 0.007550
72 0.735930 132 0.006600
73 0.746077 187 0.009350
74 0.756224 173 0.008650
75 0.766370 157 0.007850
76 0.776517 223 0.011150
77 0.786664 149 0.007450
78 0.796810 172 0.008600
79 0.806957 157 0.007850
80 0.817104 188 0.009400
81 0.827250 201 0.010050
82 0.837397 284 0.014200
83 0.847543 243 0.012150
84 0.857690 376 0.018800
85 0.867837 379 0.018950
86 0.877983 456 0.022800
87 0.888130 377 0.018850
88 0.898277 273 0.013650
89 0.908423 237 0.011850
90 0.918570 232 0.011600
91 0.928716 312 0.015600
92 0.938863 224 0.011200
93 0.949010 232 0.011600
94 0.959156 88 0.004400
95 0.969303 44 0.002200
96 0.979450 37 0.001850
97 0.989596 32 0.001600
98 0.999743 2 0.000100
99 1.009889 1 0.000050
