0 0.027721 7 0.000350
1 0.037307 9 0.000450
2 0.046894 15 0.000750
3 0.056480 8 0.000400
4 0.066067 11 0.000550
5 0.075653 10 0.000500
6 0.085239 11 0.000550
7 0.094826 9 0.000450
8 0.104412 17 0.000850
9 0.113999 9 0.000450
10 0.123585 11 0.000550
11 0.133172 5 0.000250
12 0.142758 15 0.000750
13 0.152345 22 0.001100
14 0.161931 19 0.000950
15 0.171517 19 0.000950
16 0.181104 16 0.000800
17 0.190690 26 0.001300
18 0.200277 26 0.001300
19 0.209863 30 0.001500
20 0.219450 22 0.001100
21 0.229036 25 0.001250
22 0.238623 24 0.001200
23 0.248209 24 0.001200
24 0.257795 31 0.001550
25 0.267382 40 0.002000
26 0.276968 53 0.002650
27 0.286555 58 0.002900
28 0.296141 63 0.003150
29 0.305728 70 0.003500
30 0.315314 72 0.003600
31 0.324901 78 0.003900
32 0.334487 79 0.003950
33 0.344074 79 0.003950
34 0.353660 73 0.003650
35 0.363246 118 0.005900
36 0.372833 121 0.006050
37 0.382419 169 0.008450
38 0.392006 164 0.008200
39 0.401592 233 0.011650
40 0.411179 254 0.012700
41 0.420765 273 0.013650
42 0.430352 302 0.015100
43 0.439938 355 0.017750
44 0.449524 501 0.025050
45 0.459111 702 0.035100
46 0.468697 885 0.044250
47 0.478284 1434 0.071700
48 0.487870 2624 0.131200
49 0.497457 3018 0.150900
50 0.507043 1902 0.095100
51 0.516630 1088 0.054400
52 0.526216 752 0.037600
53 0.535802 531 0.026550
54 0.545389 390 0.019500
55 0.554975 359 0.017950
56 0.564562 399 0.019950
57 0.574148 361 0.018050
58 0.583735 216 0.010800
59 0.593321 174 0.008700
60 0.602908 139 0.006950
61 0.612494 168 0.008400
62 0.622081 127 0.006350
63 0.631667 94 0.004700
64 0.641253 104 0.005200
65 0.650840 108 0.005400
66 0.660426 97 0.004850
67 0.670013 93 0.004650
68 0.679599 74 0.003700
69 0.689186 54 0.002700
70 0.698772 49 0.002450
71 0.708359 39 0.001950
72 0.717945 38 0.001900
73 0.727531 24 0.001200
74 0.737118 24 0.001200
75 0.746704 26 0.001300
76 0.756291 35 0.001750
77 0.765877 32 0.001600
78 0.775464 32 0.001600
79 0.785050 21 0.001050
80 0.794637 14 0.000700
81 0.804223 22 0.001100
82 0.813810 14 0.000700
83 0.823396 15 0.000750
84 0.832982 16 0.000800
85 0.842569 18 0.000900
86 0.852155 8 0.000400
87 0.861742 9 0.000450
88 0.871328 13 0.000650
89 0.880915 4 0.000200
90 0.890501 8 0.000400
91 0.900088 12 0.000600
92 0.909674 15 0.000750
93 0.919261 8 0.000400
94 0.928847 15 0.000750
95 0.938433 8 0.000400
96 0.948020 3 0.000150
97 0.957606 2 0.000100
98 0.967193 6 0.000300
99 0.976779 1 0.000050
