initializing
training size    : 359556
testing size     : 20000
epoch count      : 10
sub epoch size   : 5

epoch_learning_rate_decay   : 8
learning_rate_decay         : 0.250000

training



epoch [0 0] from [10 5]
training time per iterations 2.774332[ms]
testing on 20000 items
testing done
average error 0.002574
min error     0.000000
max error     0.159993
saving best net
best net saved to networks/disc16x16x3_no_gaussian/net_5_depth/trained/, with error 0.002574



epoch [0 1] from [10 5]
training time per iterations 2.776960[ms]
testing on 20000 items
testing done
average error 0.002119
min error     0.000000
max error     0.157984
saving best net
best net saved to networks/disc16x16x3_no_gaussian/net_5_depth/trained/, with error 0.002119



epoch [0 2] from [10 5]
training time per iterations 2.765196[ms]
testing on 20000 items
testing done
average error 0.002057
min error     0.000000
max error     0.175413
saving best net
best net saved to networks/disc16x16x3_no_gaussian/net_5_depth/trained/, with error 0.002057



epoch [0 3] from [10 5]
training time per iterations 2.782606[ms]
testing on 20000 items
testing done
average error 0.002057
min error     0.000000
max error     0.159392
saving best net
best net saved to networks/disc16x16x3_no_gaussian/net_5_depth/trained/, with error 0.002057



epoch [0 4] from [10 5]
training time per iterations 2.756852[ms]
testing on 20000 items
testing done
average error 0.001946
min error     0.000000
max error     0.152669
saving best net
best net saved to networks/disc16x16x3_no_gaussian/net_5_depth/trained/, with error 0.001946



epoch [1 0] from [10 5]
training time per iterations 2.777850[ms]
testing on 20000 items
testing done
average error 0.001891
min error     0.000000
max error     0.152186
saving best net
best net saved to networks/disc16x16x3_no_gaussian/net_5_depth/trained/, with error 0.001891



epoch [1 1] from [10 5]
training time per iterations 2.777461[ms]
testing on 20000 items
testing done
average error 0.002139
min error     0.000000
max error     0.168031



epoch [1 2] from [10 5]
training time per iterations 2.780576[ms]
testing on 20000 items
testing done
average error 0.001899
min error     0.000000
max error     0.156138



epoch [1 3] from [10 5]
training time per iterations 2.773039[ms]
testing on 20000 items
testing done
average error 0.001979
min error     0.000000
max error     0.156613



epoch [1 4] from [10 5]
training time per iterations 2.775764[ms]
testing on 20000 items
testing done
average error 0.001991
min error     0.000000
max error     0.158650



epoch [2 0] from [10 5]
training time per iterations 2.769882[ms]
testing on 20000 items
testing done
average error 0.001852
min error     0.000000
max error     0.159083
saving best net
best net saved to networks/disc16x16x3_no_gaussian/net_5_depth/trained/, with error 0.001852



epoch [2 1] from [10 5]
training time per iterations 2.778073[ms]
testing on 20000 items
testing done
average error 0.001821
min error     0.000000
max error     0.165092
saving best net
best net saved to networks/disc16x16x3_no_gaussian/net_5_depth/trained/, with error 0.001821



epoch [2 2] from [10 5]
training time per iterations 2.771468[ms]
testing on 20000 items
testing done
average error 0.001839
min error     0.000000
max error     0.152491



epoch [2 3] from [10 5]
training time per iterations 2.766128[ms]
testing on 20000 items
testing done
average error 0.001835
min error     0.000000
max error     0.155075



epoch [2 4] from [10 5]
training time per iterations 2.805913[ms]
testing on 20000 items
testing done
average error 0.001927
min error     0.000000
max error     0.161977



epoch [3 0] from [10 5]
training time per iterations 2.781216[ms]
testing on 20000 items
testing done
average error 0.001755
min error     0.000000
max error     0.160301
saving best net
best net saved to networks/disc16x16x3_no_gaussian/net_5_depth/trained/, with error 0.001755



epoch [3 1] from [10 5]
training time per iterations 2.768533[ms]
testing on 20000 items
testing done
average error 0.001877
min error     0.000000
max error     0.170987



epoch [3 2] from [10 5]
training time per iterations 2.782509[ms]
testing on 20000 items
testing done
average error 0.001743
min error     0.000000
max error     0.158343
saving best net
best net saved to networks/disc16x16x3_no_gaussian/net_5_depth/trained/, with error 0.001743



epoch [3 3] from [10 5]
training time per iterations 2.766086[ms]
testing on 20000 items
testing done
average error 0.001817
min error     0.000000
max error     0.190110



epoch [3 4] from [10 5]
training time per iterations 2.778170[ms]
testing on 20000 items
testing done
average error 0.001850
min error     0.000000
max error     0.157972



epoch [4 0] from [10 5]
training time per iterations 2.760885[ms]
testing on 20000 items
testing done
average error 0.001886
min error     0.000000
max error     0.157362



epoch [4 1] from [10 5]
training time per iterations 2.762484[ms]
testing on 20000 items
testing done
average error 0.001744
min error     0.000000
max error     0.173625



epoch [4 2] from [10 5]
training time per iterations 2.763193[ms]
testing on 20000 items
testing done
average error 0.001854
min error     0.000000
max error     0.160090



epoch [4 3] from [10 5]
training time per iterations 2.762860[ms]
testing on 20000 items
testing done
average error 0.001760
min error     0.000000
max error     0.173974



epoch [4 4] from [10 5]
training time per iterations 2.775041[ms]
testing on 20000 items
testing done
average error 0.001834
min error     0.000000
max error     0.179498



epoch [5 0] from [10 5]
training time per iterations 2.772316[ms]
testing on 20000 items
testing done
average error 0.001730
min error     0.000000
max error     0.164525
saving best net
best net saved to networks/disc16x16x3_no_gaussian/net_5_depth/trained/, with error 0.001730



epoch [5 1] from [10 5]
training time per iterations 2.769173[ms]
testing on 20000 items
testing done
average error 0.001822
min error     0.000000
max error     0.157902



epoch [5 2] from [10 5]
training time per iterations 2.763819[ms]
testing on 20000 items
testing done
average error 0.001696
min error     0.000000
max error     0.162642
saving best net
best net saved to networks/disc16x16x3_no_gaussian/net_5_depth/trained/, with error 0.001696



epoch [5 3] from [10 5]
training time per iterations 2.771662[ms]
testing on 20000 items
testing done
average error 0.001770
min error     0.000000
max error     0.164585



epoch [5 4] from [10 5]
training time per iterations 2.770438[ms]
testing on 20000 items
testing done
average error 0.001698
min error     0.000000
max error     0.165577



epoch [6 0] from [10 5]
training time per iterations 2.771148[ms]
testing on 20000 items
testing done
average error 0.001819
min error     0.000000
max error     0.169398



epoch [6 1] from [10 5]
training time per iterations 2.777739[ms]
testing on 20000 items
testing done
average error 0.001842
min error     0.000000
max error     0.171574



epoch [6 2] from [10 5]
training time per iterations 2.769785[ms]
testing on 20000 items
testing done
average error 0.001822
min error     0.000000
max error     0.159679



epoch [6 3] from [10 5]
training time per iterations 2.763611[ms]
testing on 20000 items
testing done
average error 0.001690
min error     0.000000
max error     0.188490
saving best net
best net saved to networks/disc16x16x3_no_gaussian/net_5_depth/trained/, with error 0.001690



epoch [6 4] from [10 5]
training time per iterations 2.771148[ms]
testing on 20000 items
testing done
average error 0.001752
min error     0.000000
max error     0.159804



epoch [7 0] from [10 5]
training time per iterations 2.762095[ms]
testing on 20000 items
testing done
average error 0.001773
min error     0.000000
max error     0.176186



epoch [7 1] from [10 5]
training time per iterations 2.768311[ms]
testing on 20000 items
testing done
average error 0.001773
min error     0.000000
max error     0.162819



epoch [7 2] from [10 5]
training time per iterations 2.771287[ms]
testing on 20000 items
testing done
average error 0.001766
min error     0.000000
max error     0.174009



epoch [7 3] from [10 5]
training time per iterations 2.763666[ms]
testing on 20000 items
testing done
average error 0.001765
min error     0.000000
max error     0.169455



epoch [7 4] from [10 5]
training time per iterations 2.762039[ms]
testing on 20000 items
testing done
average error 0.001816
min error     0.000000
max error     0.165654
setting learning rate to 0.000050



epoch [8 0] from [10 5]
training time per iterations 2.766086[ms]
testing on 20000 items
testing done
average error 0.001703
min error     0.000000
max error     0.167133



epoch [8 1] from [10 5]
training time per iterations 2.790616[ms]
testing on 20000 items
testing done
average error 0.001751
min error     0.000000
max error     0.162165



epoch [8 2] from [10 5]
training time per iterations 2.764779[ms]
testing on 20000 items
testing done
average error 0.001718
min error     0.000000
max error     0.172898



epoch [8 3] from [10 5]
training time per iterations 2.775194[ms]
testing on 20000 items
testing done
average error 0.001752
min error     0.000000
max error     0.166826



epoch [8 4] from [10 5]
training time per iterations 2.764556[ms]
testing on 20000 items
testing done
average error 0.001747
min error     0.000000
max error     0.168591



epoch [9 0] from [10 5]
training time per iterations 2.766670[ms]
testing on 20000 items
testing done
average error 0.001718
min error     0.000000
max error     0.180726



epoch [9 1] from [10 5]
training time per iterations 2.769827[ms]
testing on 20000 items
testing done
average error 0.001775
min error     0.000000
max error     0.167462



epoch [9 2] from [10 5]
training time per iterations 2.770591[ms]
testing on 20000 items
testing done
average error 0.001759
min error     0.000000
max error     0.177189



epoch [9 3] from [10 5]
training time per iterations 2.761107[ms]
testing on 20000 items
testing done
average error 0.001714
min error     0.000000
max error     0.178696



epoch [9 4] from [10 5]
training time per iterations 2.765544[ms]
testing on 20000 items
testing done
average error 0.001791
min error     0.000000
max error     0.170915
training done
