0.000000 0 0 0.002574 0.000000 0.159993 0.002650 0.000000 0.264348
0.200000 0 1 0.002119 0.000000 0.157984 0.002152 0.000000 0.256275
0.400000 0 2 0.002057 0.000000 0.175413 0.002105 0.000000 0.239252
0.600000 0 3 0.002057 0.000000 0.159392 0.002032 0.000000 0.159631
0.800000 0 4 0.001946 0.000000 0.152669 0.001967 0.000000 0.230385
1.000000 1 0 0.001891 0.000000 0.152186 0.001896 0.000000 0.245940
1.200000 1 1 0.002139 0.000000 0.168031 0.002144 0.000000 0.167401
1.400000 1 2 0.001899 0.000000 0.156138 0.001926 0.000000 0.241105
1.600000 1 3 0.001979 0.000000 0.156613 0.002046 0.000000 0.261036
1.800000 1 4 0.001991 0.000000 0.158650 0.002006 0.000000 0.249568
2.000000 2 0 0.001852 0.000000 0.159083 0.001932 0.000000 0.227369
2.200000 2 1 0.001821 0.000000 0.165092 0.001864 0.000000 0.179391
2.400000 2 2 0.001839 0.000000 0.152491 0.001878 0.000000 0.187007
2.600000 2 3 0.001835 0.000000 0.155075 0.001835 0.000000 0.217820
2.800000 2 4 0.001927 0.000000 0.161977 0.001944 0.000000 0.249348
3.000000 3 0 0.001755 0.000000 0.160301 0.001774 0.000000 0.230030
3.200000 3 1 0.001877 0.000000 0.170987 0.001874 0.000000 0.218960
3.400000 3 2 0.001743 0.000000 0.158343 0.001744 0.000000 0.158343
3.600000 3 3 0.001817 0.000000 0.190110 0.001863 0.000000 0.188961
3.800000 3 4 0.001850 0.000000 0.157972 0.001866 0.000000 0.209227
4.000000 4 0 0.001886 0.000000 0.157362 0.001912 0.000000 0.261875
4.200000 4 1 0.001744 0.000000 0.173625 0.001763 0.000000 0.240294
4.400000 4 2 0.001854 0.000000 0.160090 0.001881 0.000000 0.225839
4.600000 4 3 0.001760 0.000000 0.173974 0.001763 0.000000 0.218697
4.800000 4 4 0.001834 0.000000 0.179498 0.001838 0.000000 0.226425
5.000000 5 0 0.001730 0.000000 0.164525 0.001718 0.000000 0.232906
5.200000 5 1 0.001822 0.000000 0.157902 0.001818 0.000000 0.194258
5.400000 5 2 0.001696 0.000000 0.162642 0.001726 0.000000 0.227737
5.600000 5 3 0.001770 0.000000 0.164585 0.001794 0.000000 0.197726
5.800000 5 4 0.001698 0.000000 0.165577 0.001710 0.000000 0.161903
6.000000 6 0 0.001819 0.000000 0.169398 0.001867 0.000000 0.240334
6.200000 6 1 0.001842 0.000000 0.171574 0.001845 0.000000 0.162767
6.400000 6 2 0.001822 0.000000 0.159679 0.001818 0.000000 0.152675
6.600000 6 3 0.001690 0.000000 0.188490 0.001703 0.000000 0.222024
6.800000 6 4 0.001752 0.000000 0.159804 0.001743 0.000000 0.225737
7.000000 7 0 0.001773 0.000000 0.176186 0.001789 0.000000 0.232998
7.200000 7 1 0.001773 0.000000 0.162819 0.001819 0.000000 0.197811
7.400000 7 2 0.001766 0.000000 0.174009 0.001768 0.000000 0.230422
7.600000 7 3 0.001765 0.000000 0.169455 0.001767 0.000000 0.175806
7.800000 7 4 0.001816 0.000000 0.165654 0.001848 0.000000 0.152627
8.000000 8 0 0.001703 0.000000 0.167133 0.001719 0.000000 0.235167
8.200000 8 1 0.001751 0.000000 0.162165 0.001773 0.000000 0.194215
8.400000 8 2 0.001718 0.000000 0.172898 0.001703 0.000000 0.230945
8.600000 8 3 0.001752 0.000000 0.166826 0.001777 0.000000 0.243351
8.800000 8 4 0.001747 0.000000 0.168591 0.001737 0.000000 0.219108
9.000000 9 0 0.001718 0.000000 0.180726 0.001756 0.000000 0.171588
9.200000 9 1 0.001775 0.000000 0.167462 0.001791 0.000000 0.212975
9.400000 9 2 0.001759 0.000000 0.177189 0.001764 0.000000 0.135479
9.600000 9 3 0.001714 0.000000 0.178696 0.001746 0.000000 0.178696
9.800000 9 4 0.001791 0.000000 0.170915 0.001783 0.000000 0.149636
