0 -0.346766 1 0.000017
1 -0.339246 0 0.000000
2 -0.331726 0 0.000000
3 -0.324207 0 0.000000
4 -0.316687 0 0.000000
5 -0.309168 0 0.000000
6 -0.301648 1 0.000017
7 -0.294128 2 0.000033
8 -0.286609 2 0.000033
9 -0.279089 3 0.000050
10 -0.271570 3 0.000050
11 -0.264050 2 0.000033
12 -0.256530 1 0.000017
13 -0.249011 1 0.000017
14 -0.241491 1 0.000017
15 -0.233972 1 0.000017
16 -0.226452 1 0.000017
17 -0.218932 2 0.000033
18 -0.211413 6 0.000100
19 -0.203893 11 0.000183
20 -0.196374 18 0.000300
21 -0.188854 28 0.000467
22 -0.181334 38 0.000633
23 -0.173815 72 0.001200
24 -0.166295 71 0.001183
25 -0.158775 94 0.001567
26 -0.151256 133 0.002217
27 -0.143736 151 0.002517
28 -0.136217 210 0.003500
29 -0.128697 184 0.003067
30 -0.121177 184 0.003067
31 -0.113658 151 0.002517
32 -0.106138 218 0.003633
33 -0.098619 302 0.005033
34 -0.091099 386 0.006433
35 -0.083579 490 0.008167
36 -0.076060 481 0.008017
37 -0.068540 434 0.007233
38 -0.061021 333 0.005550
39 -0.053501 411 0.006850
40 -0.045981 548 0.009133
41 -0.038462 672 0.011200
42 -0.030942 622 0.010367
43 -0.023423 1236 0.020600
44 -0.015903 5866 0.097767
45 -0.008383 30405 0.506750
46 -0.000864 8237 0.137283
47 0.006656 1726 0.028767
48 0.014175 763 0.012717
49 0.021695 732 0.012200
50 0.029215 562 0.009367
51 0.036734 412 0.006867
52 0.044254 395 0.006583
53 0.051773 430 0.007167
54 0.059293 423 0.007050
55 0.066813 346 0.005767
56 0.074332 322 0.005367
57 0.081852 229 0.003817
58 0.089371 195 0.003250
59 0.096891 149 0.002483
60 0.104411 221 0.003683
61 0.111930 219 0.003650
62 0.119450 185 0.003083
63 0.126970 161 0.002683
64 0.134489 106 0.001767
65 0.142009 95 0.001583
66 0.149528 82 0.001367
67 0.157048 76 0.001267
68 0.164568 63 0.001050
69 0.172087 19 0.000317
70 0.179607 17 0.000283
71 0.187126 11 0.000183
72 0.194646 3 0.000050
73 0.202166 13 0.000217
74 0.209685 3 0.000050
75 0.217205 4 0.000067
76 0.224724 4 0.000067
77 0.232244 5 0.000083
78 0.239764 1 0.000017
79 0.247283 0 0.000000
80 0.254803 2 0.000033
81 0.262322 2 0.000033
82 0.269842 0 0.000000
83 0.277362 0 0.000000
84 0.284881 1 0.000017
85 0.292401 1 0.000017
86 0.299920 0 0.000000
87 0.307440 3 0.000050
88 0.314960 2 0.000033
89 0.322479 0 0.000000
90 0.329999 0 0.000000
91 0.337518 0 0.000000
92 0.345038 1 0.000017
93 0.352558 0 0.000000
94 0.360077 0 0.000000
95 0.367597 0 0.000000
96 0.375116 0 0.000000
97 0.382636 2 0.000033
98 0.390156 0 0.000000
99 0.397675 1 0.000017
