0 0.000000 51137 0.852283
1 0.001597 1867 0.031117
2 0.003195 1361 0.022683
3 0.004792 1168 0.019467
4 0.006390 839 0.013983
5 0.007987 577 0.009617
6 0.009585 409 0.006817
7 0.011182 354 0.005900
8 0.012779 364 0.006067
9 0.014377 310 0.005167
10 0.015974 311 0.005183
11 0.017572 256 0.004267
12 0.019169 179 0.002983
13 0.020767 175 0.002917
14 0.022364 122 0.002033
15 0.023961 112 0.001867
16 0.025559 92 0.001533
17 0.027156 85 0.001417
18 0.028754 79 0.001317
19 0.030351 27 0.000450
20 0.031949 28 0.000467
21 0.033546 26 0.000433
22 0.035143 19 0.000317
23 0.036741 18 0.000300
24 0.038338 8 0.000133
25 0.039936 7 0.000117
26 0.041533 11 0.000183
27 0.043131 6 0.000100
28 0.044728 2 0.000033
29 0.046326 5 0.000083
30 0.047923 1 0.000017
31 0.049520 2 0.000033
32 0.051118 3 0.000050
33 0.052715 2 0.000033
34 0.054313 3 0.000050
35 0.055910 3 0.000050
36 0.057508 1 0.000017
37 0.059105 1 0.000017
38 0.060702 0 0.000000
39 0.062300 0 0.000000
40 0.063897 0 0.000000
41 0.065495 1 0.000017
42 0.067092 4 0.000067
43 0.068690 2 0.000033
44 0.070287 3 0.000050
45 0.071884 0 0.000000
46 0.073482 1 0.000017
47 0.075079 0 0.000000
48 0.076677 2 0.000033
49 0.078274 2 0.000033
50 0.079872 0 0.000000
51 0.081469 1 0.000017
52 0.083066 2 0.000033
53 0.084664 0 0.000000
54 0.086261 1 0.000017
55 0.087859 1 0.000017
56 0.089456 0 0.000000
57 0.091054 0 0.000000
58 0.092651 0 0.000000
59 0.094248 1 0.000017
60 0.095846 1 0.000017
61 0.097443 1 0.000017
62 0.099041 1 0.000017
63 0.100638 0 0.000000
64 0.102236 1 0.000017
65 0.103833 0 0.000000
66 0.105430 0 0.000000
67 0.107028 0 0.000000
68 0.108625 0 0.000000
69 0.110223 0 0.000000
70 0.111820 0 0.000000
71 0.113418 0 0.000000
72 0.115015 0 0.000000
73 0.116612 0 0.000000
74 0.118210 0 0.000000
75 0.119807 1 0.000017
76 0.121405 0 0.000000
77 0.123002 1 0.000017
78 0.124600 0 0.000000
79 0.126197 0 0.000000
80 0.127794 0 0.000000
81 0.129392 0 0.000000
82 0.130989 0 0.000000
83 0.132587 0 0.000000
84 0.134184 0 0.000000
85 0.135782 0 0.000000
86 0.137379 0 0.000000
87 0.138976 0 0.000000
88 0.140574 0 0.000000
89 0.142171 0 0.000000
90 0.143769 0 0.000000
91 0.145366 0 0.000000
92 0.146964 0 0.000000
93 0.148561 1 0.000017
94 0.150159 1 0.000017
95 0.151756 0 0.000000
96 0.153353 0 0.000000
97 0.154951 0 0.000000
98 0.156548 0 0.000000
99 0.158146 1 0.000017
