0 -0.346766 1 0.000050
1 -0.339246 0 0.000000
2 -0.331726 0 0.000000
3 -0.324207 0 0.000000
4 -0.316687 0 0.000000
5 -0.309168 0 0.000000
6 -0.301648 1 0.000050
7 -0.294128 2 0.000100
8 -0.286609 2 0.000100
9 -0.279089 3 0.000150
10 -0.271570 3 0.000150
11 -0.264050 2 0.000100
12 -0.256530 1 0.000050
13 -0.249011 1 0.000050
14 -0.241491 1 0.000050
15 -0.233972 1 0.000050
16 -0.226452 1 0.000050
17 -0.218932 2 0.000100
18 -0.211413 6 0.000300
19 -0.203893 11 0.000550
20 -0.196374 18 0.000900
21 -0.188854 28 0.001400
22 -0.181334 38 0.001900
23 -0.173815 72 0.003600
24 -0.166295 71 0.003550
25 -0.158775 94 0.004700
26 -0.151256 133 0.006650
27 -0.143736 151 0.007550
28 -0.136217 210 0.010500
29 -0.128697 184 0.009200
30 -0.121177 184 0.009200
31 -0.113658 151 0.007550
32 -0.106138 218 0.010900
33 -0.098619 301 0.015050
34 -0.091099 386 0.019300
35 -0.083579 490 0.024500
36 -0.076060 481 0.024050
37 -0.068540 433 0.021650
38 -0.061021 333 0.016650
39 -0.053501 406 0.020300
40 -0.045981 532 0.026600
41 -0.038462 620 0.031000
42 -0.030942 519 0.025950
43 -0.023423 661 0.033050
44 -0.015903 1723 0.086150
45 -0.008383 3587 0.179350
46 -0.000864 1128 0.056400
47 0.006656 731 0.036550
48 0.014175 645 0.032250
49 0.021695 679 0.033950
50 0.029215 555 0.027750
51 0.036734 408 0.020400
52 0.044254 395 0.019750
53 0.051773 430 0.021500
54 0.059293 423 0.021150
55 0.066813 346 0.017300
56 0.074332 322 0.016100
57 0.081852 229 0.011450
58 0.089371 195 0.009750
59 0.096891 149 0.007450
60 0.104411 221 0.011050
61 0.111930 219 0.010950
62 0.119450 185 0.009250
63 0.126970 161 0.008050
64 0.134489 106 0.005300
65 0.142009 95 0.004750
66 0.149528 82 0.004100
67 0.157048 76 0.003800
68 0.164568 63 0.003150
69 0.172087 19 0.000950
70 0.179607 17 0.000850
71 0.187126 11 0.000550
72 0.194646 3 0.000150
73 0.202166 13 0.000650
74 0.209685 3 0.000150
75 0.217205 4 0.000200
76 0.224724 4 0.000200
77 0.232244 5 0.000250
78 0.239764 1 0.000050
79 0.247283 0 0.000000
80 0.254803 2 0.000100
81 0.262322 2 0.000100
82 0.269842 0 0.000000
83 0.277362 0 0.000000
84 0.284881 1 0.000050
85 0.292401 1 0.000050
86 0.299920 0 0.000000
87 0.307440 3 0.000150
88 0.314960 2 0.000100
89 0.322479 0 0.000000
90 0.329999 0 0.000000
91 0.337518 0 0.000000
92 0.345038 1 0.000050
93 0.352558 0 0.000000
94 0.360077 0 0.000000
95 0.367597 0 0.000000
96 0.375116 0 0.000000
97 0.382636 2 0.000100
98 0.390156 0 0.000000
99 0.397675 1 0.000050
