0 -0.048319 1 0.000050
1 -0.047461 0 0.000000
2 -0.046603 0 0.000000
3 -0.045745 0 0.000000
4 -0.044887 0 0.000000
5 -0.044030 0 0.000000
6 -0.043172 0 0.000000
7 -0.042314 0 0.000000
8 -0.041456 0 0.000000
9 -0.040598 0 0.000000
10 -0.039740 0 0.000000
11 -0.038882 0 0.000000
12 -0.038024 0 0.000000
13 -0.037166 1 0.000050
14 -0.036309 1 0.000050
15 -0.035451 0 0.000000
16 -0.034593 5 0.000250
17 -0.033735 2 0.000100
18 -0.032877 5 0.000250
19 -0.032019 3 0.000150
20 -0.031161 2 0.000100
21 -0.030303 5 0.000250
22 -0.029446 0 0.000000
23 -0.028588 2 0.000100
24 -0.027730 1 0.000050
25 -0.026872 1 0.000050
26 -0.026014 10 0.000500
27 -0.025156 5 0.000250
28 -0.024298 5 0.000250
29 -0.023440 11 0.000550
30 -0.022582 9 0.000450
31 -0.021725 17 0.000850
32 -0.020867 15 0.000750
33 -0.020009 21 0.001050
34 -0.019151 21 0.001050
35 -0.018293 33 0.001650
36 -0.017435 53 0.002650
37 -0.016577 42 0.002100
38 -0.015719 67 0.003350
39 -0.014861 97 0.004850
40 -0.014004 111 0.005550
41 -0.013146 110 0.005500
42 -0.012288 170 0.008500
43 -0.011430 235 0.011750
44 -0.010572 292 0.014600
45 -0.009714 384 0.019200
46 -0.008856 501 0.025050
47 -0.007998 711 0.035550
48 -0.007141 1046 0.052300
49 -0.006283 1340 0.067000
50 -0.005425 1637 0.081850
51 -0.004567 1852 0.092600
52 -0.003709 1821 0.091050
53 -0.002851 1895 0.094750
54 -0.001993 1643 0.082150
55 -0.001135 1324 0.066200
56 -0.000277 1093 0.054650
57 0.000580 825 0.041250
58 0.001438 603 0.030150
59 0.002296 381 0.019050
60 0.003154 319 0.015950
61 0.004012 230 0.011500
62 0.004870 230 0.011500
63 0.005728 151 0.007550
64 0.006586 150 0.007500
65 0.007444 118 0.005900
66 0.008301 94 0.004700
67 0.009159 77 0.003850
68 0.010017 58 0.002900
69 0.010875 51 0.002550
70 0.011733 27 0.001350
71 0.012591 16 0.000800
72 0.013449 13 0.000650
73 0.014307 13 0.000650
74 0.015164 4 0.000200
75 0.016022 10 0.000500
76 0.016880 4 0.000200
77 0.017738 3 0.000150
78 0.018596 4 0.000200
79 0.019454 3 0.000150
80 0.020312 6 0.000300
81 0.021170 1 0.000050
82 0.022028 0 0.000000
83 0.022885 2 0.000100
84 0.023743 1 0.000050
85 0.024601 1 0.000050
86 0.025459 0 0.000000
87 0.026317 0 0.000000
88 0.027175 1 0.000050
89 0.028033 2 0.000100
90 0.028891 1 0.000050
91 0.029749 0 0.000000
92 0.030606 0 0.000000
93 0.031464 0 0.000000
94 0.032322 0 0.000000
95 0.033180 0 0.000000
96 0.034038 0 0.000000
97 0.034896 0 0.000000
98 0.035754 0 0.000000
99 0.036612 1 0.000050
