0 -0.095569 1 0.000050
1 -0.094174 0 0.000000
2 -0.092780 0 0.000000
3 -0.091385 0 0.000000
4 -0.089991 0 0.000000
5 -0.088597 0 0.000000
6 -0.087202 0 0.000000
7 -0.085808 0 0.000000
8 -0.084414 0 0.000000
9 -0.083019 0 0.000000
10 -0.081625 0 0.000000
11 -0.080230 0 0.000000
12 -0.078836 0 0.000000
13 -0.077442 0 0.000000
14 -0.076047 0 0.000000
15 -0.074653 0 0.000000
16 -0.073259 0 0.000000
17 -0.071864 0 0.000000
18 -0.070470 0 0.000000
19 -0.069075 1 0.000050
20 -0.067681 0 0.000000
21 -0.066287 0 0.000000
22 -0.064892 0 0.000000
23 -0.063498 0 0.000000
24 -0.062104 0 0.000000
25 -0.060709 0 0.000000
26 -0.059315 0 0.000000
27 -0.057920 0 0.000000
28 -0.056526 0 0.000000
29 -0.055132 0 0.000000
30 -0.053737 1 0.000050
31 -0.052343 0 0.000000
32 -0.050949 0 0.000000
33 -0.049554 3 0.000150
34 -0.048160 0 0.000000
35 -0.046766 0 0.000000
36 -0.045371 1 0.000050
37 -0.043977 3 0.000150
38 -0.042582 4 0.000200
39 -0.041188 2 0.000100
40 -0.039794 6 0.000300
41 -0.038399 4 0.000200
42 -0.037005 7 0.000350
43 -0.035611 8 0.000400
44 -0.034216 7 0.000350
45 -0.032822 5 0.000250
46 -0.031427 9 0.000450
47 -0.030033 8 0.000400
48 -0.028639 10 0.000500
49 -0.027244 20 0.001000
50 -0.025850 11 0.000550
51 -0.024456 26 0.001300
52 -0.023061 37 0.001850
53 -0.021667 60 0.003000
54 -0.020272 70 0.003500
55 -0.018878 75 0.003750
56 -0.017484 102 0.005100
57 -0.016089 136 0.006800
58 -0.014695 207 0.010350
59 -0.013301 282 0.014100
60 -0.011906 485 0.024250
61 -0.010512 738 0.036900
62 -0.009117 1277 0.063850
63 -0.007723 2367 0.118350
64 -0.006329 3575 0.178750
65 -0.004934 3587 0.179350
66 -0.003540 2488 0.124400
67 -0.002146 1554 0.077700
68 -0.000751 862 0.043100
69 0.000643 541 0.027050
70 0.002038 376 0.018800
71 0.003432 246 0.012300
72 0.004826 207 0.010350
73 0.006221 132 0.006600
74 0.007615 143 0.007150
75 0.009009 80 0.004000
76 0.010404 50 0.002500
77 0.011798 38 0.001900
78 0.013193 29 0.001450
79 0.014587 17 0.000850
80 0.015981 17 0.000850
81 0.017376 13 0.000650
82 0.018770 6 0.000300
83 0.020164 9 0.000450
84 0.021559 19 0.000950
85 0.022953 9 0.000450
86 0.024348 11 0.000550
87 0.025742 6 0.000300
88 0.027136 3 0.000150
89 0.028531 1 0.000050
90 0.029925 0 0.000000
91 0.031319 0 0.000000
92 0.032714 2 0.000100
93 0.034108 1 0.000050
94 0.035503 1 0.000050
95 0.036897 1 0.000050
96 0.038291 0 0.000000
97 0.039686 0 0.000000
98 0.041080 2 0.000100
99 0.042474 1 0.000050
