0 0.001954 4 0.000067
1 0.012134 2 0.000033
2 0.022315 1 0.000017
3 0.032495 0 0.000000
4 0.042676 19 0.000317
5 0.052856 19 0.000317
6 0.063037 18 0.000300
7 0.073217 14 0.000233
8 0.083398 12 0.000200
9 0.093578 27 0.000450
10 0.103759 15 0.000250
11 0.113939 16 0.000267
12 0.124120 8 0.000133
13 0.134300 9 0.000150
14 0.144481 20 0.000333
15 0.154661 19 0.000317
16 0.164842 21 0.000350
17 0.175022 18 0.000300
18 0.185203 28 0.000467
19 0.195383 26 0.000433
20 0.205564 34 0.000567
21 0.215744 35 0.000583
22 0.225925 30 0.000500
23 0.236105 26 0.000433
24 0.246286 49 0.000817
25 0.256466 37 0.000617
26 0.266647 73 0.001217
27 0.276827 81 0.001350
28 0.287008 109 0.001817
29 0.297188 93 0.001550
30 0.307369 96 0.001600
31 0.317549 203 0.003383
32 0.327730 264 0.004400
33 0.337910 253 0.004217
34 0.348091 168 0.002800
35 0.358271 119 0.001983
36 0.368452 131 0.002183
37 0.378632 168 0.002800
38 0.388813 177 0.002950
39 0.398993 215 0.003583
40 0.409174 288 0.004800
41 0.419354 265 0.004417
42 0.429535 310 0.005167
43 0.439715 491 0.008183
44 0.449896 658 0.010967
45 0.460076 887 0.014783
46 0.470257 1405 0.023417
47 0.480437 2270 0.037833
48 0.490618 5391 0.089850
49 0.500798 12353 0.205883
50 0.510979 6307 0.105117
51 0.521159 2709 0.045150
52 0.531340 1367 0.022783
53 0.541520 1081 0.018017
54 0.551701 1007 0.016783
55 0.561881 1051 0.017517
56 0.572062 1271 0.021183
57 0.582242 2223 0.037050
58 0.592423 2764 0.046067
59 0.602603 1787 0.029783
60 0.612783 1218 0.020300
61 0.622964 891 0.014850
62 0.633144 672 0.011200
63 0.643325 484 0.008067
64 0.653506 416 0.006933
65 0.663686 324 0.005400
66 0.673867 328 0.005467
67 0.684047 283 0.004717
68 0.694228 249 0.004150
69 0.704408 208 0.003467
70 0.714588 203 0.003383
71 0.724769 192 0.003200
72 0.734949 189 0.003150
73 0.745130 217 0.003617
74 0.755310 182 0.003033
75 0.765491 207 0.003450
76 0.775671 234 0.003900
77 0.785852 187 0.003117
78 0.796032 174 0.002900
79 0.806213 157 0.002617
80 0.816393 227 0.003783
81 0.826574 247 0.004117
82 0.836754 265 0.004417
83 0.846935 321 0.005350
84 0.857115 365 0.006083
85 0.867296 465 0.007750
86 0.877476 519 0.008650
87 0.887657 316 0.005267
88 0.897837 256 0.004267
89 0.908018 363 0.006050
90 0.918198 352 0.005867
91 0.928379 194 0.003233
92 0.938559 256 0.004267
93 0.948740 136 0.002267
94 0.958920 47 0.000783
95 0.969101 49 0.000817
96 0.979281 40 0.000667
97 0.989462 15 0.000250
98 0.999642 9 0.000150
99 1.009823 1 0.000017
