0 0.011833 4 0.000200
1 0.021596 2 0.000100
2 0.031360 4 0.000200
3 0.041124 6 0.000300
4 0.050888 10 0.000500
5 0.060652 10 0.000500
6 0.070415 6 0.000300
7 0.080179 13 0.000650
8 0.089943 10 0.000500
9 0.099707 12 0.000600
10 0.109470 10 0.000500
11 0.119234 8 0.000400
12 0.128998 5 0.000250
13 0.138762 15 0.000750
14 0.148525 14 0.000700
15 0.158289 18 0.000900
16 0.168053 15 0.000750
17 0.177817 20 0.001000
18 0.187581 16 0.000800
19 0.197344 13 0.000650
20 0.207108 48 0.002400
21 0.216872 33 0.001650
22 0.226636 28 0.001400
23 0.236399 20 0.001000
24 0.246163 30 0.001500
25 0.255927 37 0.001850
26 0.265691 43 0.002150
27 0.275454 51 0.002550
28 0.285218 70 0.003500
29 0.294982 72 0.003600
30 0.304746 44 0.002200
31 0.314509 68 0.003400
32 0.324273 105 0.005250
33 0.334037 88 0.004400
34 0.343801 88 0.004400
35 0.353565 91 0.004550
36 0.363328 135 0.006750
37 0.373092 96 0.004800
38 0.382856 163 0.008150
39 0.392620 174 0.008700
40 0.402383 235 0.011750
41 0.412147 253 0.012650
42 0.421911 249 0.012450
43 0.431675 358 0.017900
44 0.441438 408 0.020400
45 0.451202 555 0.027750
46 0.460966 782 0.039100
47 0.470730 985 0.049250
48 0.480494 1691 0.084550
49 0.490257 2999 0.149950
50 0.500021 2885 0.144250
51 0.509785 1537 0.076850
52 0.519549 990 0.049500
53 0.529312 640 0.032000
54 0.539076 496 0.024800
55 0.548840 421 0.021050
56 0.558604 379 0.018950
57 0.568367 317 0.015850
58 0.578131 278 0.013900
59 0.587895 182 0.009100
60 0.597659 165 0.008250
61 0.607423 156 0.007800
62 0.617186 125 0.006250
63 0.626950 143 0.007150
64 0.636714 108 0.005400
65 0.646478 97 0.004850
66 0.656241 79 0.003950
67 0.666005 85 0.004250
68 0.675769 95 0.004750
69 0.685533 52 0.002600
70 0.695296 46 0.002300
71 0.705060 41 0.002050
72 0.714824 53 0.002650
73 0.724588 39 0.001950
74 0.734351 28 0.001400
75 0.744115 34 0.001700
76 0.753879 37 0.001850
77 0.763643 24 0.001200
78 0.773407 23 0.001150
79 0.783170 23 0.001150
80 0.792934 21 0.001050
81 0.802698 18 0.000900
82 0.812462 19 0.000950
83 0.822225 22 0.001100
84 0.831989 12 0.000600
85 0.841753 16 0.000800
86 0.851517 12 0.000600
87 0.861280 6 0.000300
88 0.871044 6 0.000300
89 0.880808 8 0.000400
90 0.890572 7 0.000350
91 0.900335 9 0.000450
92 0.910099 9 0.000450
93 0.919863 11 0.000550
94 0.929627 14 0.000700
95 0.939391 4 0.000200
96 0.949154 2 0.000100
97 0.958918 2 0.000100
98 0.968682 13 0.000650
99 0.978446 1 0.000050
