0 0.001954 4 0.000200
1 0.011890 0 0.000000
2 0.021827 3 0.000150
3 0.031763 0 0.000000
4 0.041699 9 0.000450
5 0.051636 13 0.000650
6 0.061572 8 0.000400
7 0.071508 6 0.000300
8 0.081445 6 0.000300
9 0.091381 20 0.001000
10 0.101318 12 0.000600
11 0.111254 15 0.000750
12 0.121190 7 0.000350
13 0.131127 5 0.000250
14 0.141063 14 0.000700
15 0.151000 19 0.000950
16 0.160936 15 0.000750
17 0.170872 14 0.000700
18 0.180809 23 0.001150
19 0.190745 19 0.000950
20 0.200681 30 0.001500
21 0.210618 35 0.001750
22 0.220554 29 0.001450
23 0.230491 22 0.001100
24 0.240427 30 0.001500
25 0.250363 34 0.001700
26 0.260300 28 0.001400
27 0.270236 53 0.002650
28 0.280173 47 0.002350
29 0.290109 77 0.003850
30 0.300045 57 0.002850
31 0.309982 58 0.002900
32 0.319918 88 0.004400
33 0.329855 88 0.004400
34 0.339791 96 0.004800
35 0.349727 98 0.004900
36 0.359664 102 0.005100
37 0.369600 100 0.005000
38 0.379536 147 0.007350
39 0.389473 154 0.007700
40 0.399409 196 0.009800
41 0.409346 251 0.012550
42 0.419282 226 0.011300
43 0.429218 271 0.013550
44 0.439155 389 0.019450
45 0.449091 453 0.022650
46 0.459028 593 0.029650
47 0.468964 815 0.040750
48 0.478900 1173 0.058650
49 0.488837 2160 0.108000
50 0.498773 3543 0.177150
51 0.508709 2217 0.110850
52 0.518646 1153 0.057650
53 0.528582 821 0.041050
54 0.538519 629 0.031450
55 0.548455 452 0.022600
56 0.558391 400 0.020000
57 0.568328 370 0.018500
58 0.578264 328 0.016400
59 0.588201 248 0.012400
60 0.598137 156 0.007800
61 0.608073 161 0.008050
62 0.618010 145 0.007250
63 0.627946 136 0.006800
64 0.637882 129 0.006450
65 0.647819 89 0.004450
66 0.657755 70 0.003500
67 0.667692 98 0.004900
68 0.677628 107 0.005350
69 0.687564 65 0.003250
70 0.697501 42 0.002100
71 0.707437 45 0.002250
72 0.717374 39 0.001950
73 0.727310 43 0.002150
74 0.737246 27 0.001350
75 0.747183 34 0.001700
76 0.757119 33 0.001650
77 0.767056 30 0.001500
78 0.776992 28 0.001400
79 0.786928 23 0.001150
80 0.796865 19 0.000950
81 0.806801 24 0.001200
82 0.816737 29 0.001450
83 0.826674 18 0.000900
84 0.836610 8 0.000400
85 0.846547 11 0.000550
86 0.856483 12 0.000600
87 0.866419 11 0.000550
88 0.876356 17 0.000850
89 0.886292 4 0.000200
90 0.896229 8 0.000400
91 0.906165 6 0.000300
92 0.916101 14 0.000700
93 0.926038 12 0.000600
94 0.935974 8 0.000400
95 0.945910 8 0.000400
96 0.955847 5 0.000250
97 0.965783 4 0.000200
98 0.975720 9 0.000450
99 0.985656 0 0.000000
