0 0.431451 3 0.000150
1 0.433138 2 0.000100
2 0.434825 1 0.000050
3 0.436512 1 0.000050
4 0.438199 0 0.000000
5 0.439886 1 0.000050
6 0.441573 0 0.000000
7 0.443261 14 0.000700
8 0.444948 4 0.000200
9 0.446635 8 0.000400
10 0.448322 18 0.000900
11 0.450009 23 0.001150
12 0.451696 23 0.001150
13 0.453383 20 0.001000
14 0.455070 19 0.000950
15 0.456757 30 0.001500
16 0.458444 17 0.000850
17 0.460131 28 0.001400
18 0.461819 31 0.001550
19 0.463506 30 0.001500
20 0.465193 39 0.001950
21 0.466880 55 0.002750
22 0.468567 32 0.001600
23 0.470254 70 0.003500
24 0.471941 53 0.002650
25 0.473628 62 0.003100
26 0.475315 82 0.004100
27 0.477002 68 0.003400
28 0.478689 113 0.005650
29 0.480376 91 0.004550
30 0.482064 110 0.005500
31 0.483751 103 0.005150
32 0.485438 123 0.006150
33 0.487125 189 0.009450
34 0.488812 226 0.011300
35 0.490499 284 0.014200
36 0.492186 301 0.015050
37 0.493873 406 0.020300
38 0.495560 479 0.023950
39 0.497247 581 0.029050
40 0.498934 644 0.032200
41 0.500622 836 0.041800
42 0.502309 1029 0.051450
43 0.503996 1314 0.065700
44 0.505683 1574 0.078700
45 0.507370 1915 0.095750
46 0.509057 1880 0.094000
47 0.510744 1449 0.072450
48 0.512431 1008 0.050400
49 0.514118 771 0.038550
50 0.515805 438 0.021900
51 0.517492 369 0.018450
52 0.519180 408 0.020400
53 0.520867 374 0.018700
54 0.522554 276 0.013800
55 0.524241 297 0.014850
56 0.525928 241 0.012050
57 0.527615 206 0.010300
58 0.529302 141 0.007050
59 0.530989 97 0.004850
60 0.532676 97 0.004850
61 0.534363 55 0.002750
62 0.536050 59 0.002950
63 0.537737 41 0.002050
64 0.539425 61 0.003050
65 0.541112 46 0.002300
66 0.542799 45 0.002250
67 0.544486 38 0.001900
68 0.546173 24 0.001200
69 0.547860 28 0.001400
70 0.549547 42 0.002100
71 0.551234 42 0.002100
72 0.552921 32 0.001600
73 0.554608 25 0.001250
74 0.556296 32 0.001600
75 0.557983 26 0.001300
76 0.559670 21 0.001050
77 0.561357 48 0.002400
78 0.563044 25 0.001250
79 0.564731 22 0.001100
80 0.566418 38 0.001900
81 0.568105 24 0.001200
82 0.569792 26 0.001300
83 0.571479 18 0.000900
84 0.573166 17 0.000850
85 0.574853 11 0.000550
86 0.576541 15 0.000750
87 0.578228 8 0.000400
88 0.579915 5 0.000250
89 0.581602 3 0.000150
90 0.583289 9 0.000450
91 0.584976 2 0.000100
92 0.586663 0 0.000000
93 0.588350 0 0.000000
94 0.590037 4 0.000200
95 0.591724 1 0.000050
96 0.593411 0 0.000000
97 0.595099 1 0.000050
98 0.596786 1 0.000050
99 0.598473 1 0.000050
