0 0.011833 12 0.000200
1 0.021814 4 0.000067
2 0.031796 10 0.000167
3 0.041777 17 0.000283
4 0.051759 13 0.000217
5 0.061740 10 0.000167
6 0.071722 12 0.000200
7 0.081703 15 0.000250
8 0.091685 15 0.000250
9 0.101666 15 0.000250
10 0.111648 11 0.000183
11 0.121629 14 0.000233
12 0.131611 8 0.000133
13 0.141592 18 0.000300
14 0.151574 19 0.000317
15 0.161555 17 0.000283
16 0.171537 17 0.000283
17 0.181518 21 0.000350
18 0.191500 25 0.000417
19 0.201481 26 0.000433
20 0.211462 50 0.000833
21 0.221444 47 0.000783
22 0.231425 22 0.000367
23 0.241407 31 0.000517
24 0.251388 57 0.000950
25 0.261370 56 0.000933
26 0.271351 87 0.001450
27 0.281333 90 0.001500
28 0.291314 120 0.002000
29 0.301296 107 0.001783
30 0.311277 236 0.003933
31 0.321259 274 0.004567
32 0.331240 353 0.005883
33 0.341222 236 0.003933
34 0.351203 276 0.004600
35 0.361185 309 0.005150
36 0.371166 459 0.007650
37 0.381148 419 0.006983
38 0.391129 395 0.006583
39 0.401111 523 0.008717
40 0.411092 713 0.011883
41 0.421074 1212 0.020200
42 0.431055 1064 0.017733
43 0.441037 873 0.014550
44 0.451018 1118 0.018633
45 0.461000 1559 0.025983
46 0.470981 1956 0.032600
47 0.480963 2552 0.042533
48 0.490944 4245 0.070750
49 0.500926 7583 0.126383
50 0.510907 2404 0.040067
51 0.520889 2213 0.036883
52 0.530870 1761 0.029350
53 0.540852 1305 0.021750
54 0.550833 1386 0.023100
55 0.560815 1489 0.024817
56 0.570796 1949 0.032483
57 0.580778 2513 0.041883
58 0.590759 3156 0.052600
59 0.600740 1864 0.031067
60 0.610722 1267 0.021117
61 0.620703 1369 0.022817
62 0.630685 848 0.014133
63 0.640666 552 0.009200
64 0.650648 527 0.008783
65 0.660629 396 0.006600
66 0.670611 439 0.007317
67 0.680592 318 0.005300
68 0.690574 239 0.003983
69 0.700555 241 0.004017
70 0.710537 224 0.003733
71 0.720518 199 0.003317
72 0.730500 193 0.003217
73 0.740481 223 0.003717
74 0.750463 174 0.002900
75 0.760444 210 0.003500
76 0.770426 214 0.003567
77 0.780407 196 0.003267
78 0.790389 188 0.003133
79 0.800370 156 0.002600
80 0.810352 190 0.003167
81 0.820333 287 0.004783
82 0.830315 248 0.004133
83 0.840296 256 0.004267
84 0.850278 371 0.006183
85 0.860259 493 0.008217
86 0.870241 409 0.006817
87 0.880222 415 0.006917
88 0.890204 278 0.004633
89 0.900185 250 0.004167
90 0.910167 300 0.005000
91 0.920148 350 0.005833
92 0.930130 226 0.003767
93 0.940111 186 0.003100
94 0.950093 72 0.001200
95 0.960074 53 0.000883
96 0.970056 47 0.000783
97 0.980037 19 0.000317
98 0.990019 15 0.000250
99 1.000000 1 0.000017
