0 0.130823 1 0.000050
1 0.138736 0 0.000000
2 0.146648 0 0.000000
3 0.154561 0 0.000000
4 0.162473 0 0.000000
5 0.170386 1 0.000050
6 0.178299 0 0.000000
7 0.186211 0 0.000000
8 0.194124 0 0.000000
9 0.202036 2 0.000100
10 0.209949 1 0.000050
11 0.217861 3 0.000150
12 0.225774 4 0.000200
13 0.233687 1 0.000050
14 0.241599 1 0.000050
15 0.249512 2 0.000100
16 0.257424 0 0.000000
17 0.265337 0 0.000000
18 0.273250 0 0.000000
19 0.281162 1 0.000050
20 0.289075 8 0.000400
21 0.296987 8 0.000400
22 0.304900 27 0.001350
23 0.312812 29 0.001450
24 0.320725 61 0.003050
25 0.328638 65 0.003250
26 0.336550 46 0.002300
27 0.344463 47 0.002350
28 0.352375 109 0.005450
29 0.360288 137 0.006850
30 0.368200 258 0.012900
31 0.376113 181 0.009050
32 0.384026 205 0.010250
33 0.391938 178 0.008900
34 0.399851 183 0.009150
35 0.407763 290 0.014500
36 0.415676 390 0.019500
37 0.423589 818 0.040900
38 0.431501 570 0.028500
39 0.439414 322 0.016100
40 0.447326 318 0.015900
41 0.455239 487 0.024350
42 0.463151 574 0.028700
43 0.471064 728 0.036400
44 0.478977 500 0.025000
45 0.486889 617 0.030850
46 0.494802 3942 0.197100
47 0.502714 1383 0.069150
48 0.510627 651 0.032550
49 0.518540 656 0.032800
50 0.526452 1013 0.050650
51 0.534365 587 0.029350
52 0.542277 409 0.020450
53 0.550190 425 0.021250
54 0.558102 506 0.025300
55 0.566015 559 0.027950
56 0.573928 429 0.021450
57 0.581840 299 0.014950
58 0.589753 251 0.012550
59 0.597665 194 0.009700
60 0.605578 213 0.010650
61 0.613491 170 0.008500
62 0.621403 337 0.016850
63 0.629316 255 0.012750
64 0.637228 95 0.004750
65 0.645141 50 0.002500
66 0.653053 98 0.004900
67 0.660966 54 0.002700
68 0.668879 93 0.004650
69 0.676791 60 0.003000
70 0.684704 34 0.001700
71 0.692616 6 0.000300
72 0.700529 18 0.000900
73 0.708442 15 0.000750
74 0.716354 2 0.000100
75 0.724267 0 0.000000
76 0.732179 1 0.000050
77 0.740092 0 0.000000
78 0.748004 1 0.000050
79 0.755917 1 0.000050
80 0.763830 0 0.000000
81 0.771742 1 0.000050
82 0.779655 4 0.000200
83 0.787567 3 0.000150
84 0.795480 5 0.000250
85 0.803393 2 0.000100
86 0.811305 0 0.000000
87 0.819218 0 0.000000
88 0.827130 0 0.000000
89 0.835043 0 0.000000
90 0.842955 0 0.000000
91 0.850868 0 0.000000
92 0.858781 0 0.000000
93 0.866693 1 0.000050
94 0.874606 0 0.000000
95 0.882518 0 0.000000
96 0.890431 1 0.000050
97 0.898344 2 0.000100
98 0.906256 0 0.000000
99 0.914169 1 0.000050
