0 0.050412 13 0.000650
1 0.060103 7 0.000350
2 0.069794 12 0.000600
3 0.079485 3 0.000150
4 0.089177 6 0.000300
5 0.098868 5 0.000250
6 0.108559 0 0.000000
7 0.118250 3 0.000150
8 0.127941 3 0.000150
9 0.137632 2 0.000100
10 0.147323 2 0.000100
11 0.157014 3 0.000150
12 0.166705 2 0.000100
13 0.176396 1 0.000050
14 0.186087 3 0.000150
15 0.195778 1 0.000050
16 0.205469 2 0.000100
17 0.215160 3 0.000150
18 0.224851 3 0.000150
19 0.234542 2 0.000100
20 0.244233 6 0.000300
21 0.253924 7 0.000350
22 0.263615 24 0.001200
23 0.273306 42 0.002100
24 0.282997 24 0.001200
25 0.292688 29 0.001450
26 0.302379 28 0.001400
27 0.312070 81 0.004050
28 0.321761 128 0.006400
29 0.331452 155 0.007750
30 0.341143 129 0.006450
31 0.350834 58 0.002900
32 0.360525 16 0.000800
33 0.370216 19 0.000950
34 0.379907 25 0.001250
35 0.389598 15 0.000750
36 0.399289 17 0.000850
37 0.408980 27 0.001350
38 0.418671 28 0.001400
39 0.428362 27 0.001350
40 0.438053 32 0.001600
41 0.447744 55 0.002750
42 0.457435 36 0.001800
43 0.467126 60 0.003000
44 0.476817 80 0.004000
45 0.486508 112 0.005600
46 0.496199 101 0.005050
47 0.505890 106 0.005300
48 0.515581 102 0.005100
49 0.525272 176 0.008800
50 0.534963 208 0.010400
51 0.544654 287 0.014350
52 0.554345 416 0.020800
53 0.564036 476 0.023800
54 0.573727 918 0.045900
55 0.583418 1933 0.096650
56 0.593109 2383 0.119150
57 0.602800 1559 0.077950
58 0.612491 1018 0.050900
59 0.622182 752 0.037600
60 0.631873 526 0.026300
61 0.641564 395 0.019750
62 0.651255 325 0.016250
63 0.660946 241 0.012050
64 0.670637 203 0.010150
65 0.680328 213 0.010650
66 0.690019 186 0.009300
67 0.699710 169 0.008450
68 0.709401 147 0.007350
69 0.719092 160 0.008000
70 0.728783 131 0.006550
71 0.738474 181 0.009050
72 0.748165 158 0.007900
73 0.757856 137 0.006850
74 0.767547 165 0.008250
75 0.777239 199 0.009950
76 0.786930 156 0.007800
77 0.796621 147 0.007350
78 0.806312 125 0.006250
79 0.816003 165 0.008250
80 0.825694 244 0.012200
81 0.835385 228 0.011400
82 0.845076 290 0.014500
83 0.854767 309 0.015450
84 0.864458 409 0.020450
85 0.874149 514 0.025700
86 0.883840 343 0.017150
87 0.893531 240 0.012000
88 0.903222 293 0.014650
89 0.912913 350 0.017500
90 0.922604 249 0.012450
91 0.932295 195 0.009750
92 0.941986 205 0.010250
93 0.951677 99 0.004950
94 0.961368 40 0.002000
95 0.971059 40 0.002000
96 0.980750 27 0.001350
97 0.990441 16 0.000800
98 1.000132 8 0.000400
99 1.009823 1 0.000050
