0 0.014932 8 0.000400
1 0.024882 5 0.000250
2 0.034832 5 0.000250
3 0.044782 7 0.000350
4 0.054733 2 0.000100
5 0.064683 3 0.000150
6 0.074633 2 0.000100
7 0.084583 6 0.000300
8 0.094533 4 0.000200
9 0.104483 2 0.000100
10 0.114434 0 0.000000
11 0.124384 7 0.000350
12 0.134334 1 0.000050
13 0.144284 1 0.000050
14 0.154234 2 0.000100
15 0.164185 1 0.000050
16 0.174135 4 0.000200
17 0.184085 2 0.000100
18 0.194035 2 0.000100
19 0.203985 4 0.000200
20 0.213935 3 0.000150
21 0.223886 3 0.000150
22 0.233836 3 0.000150
23 0.243786 7 0.000350
24 0.253736 17 0.000850
25 0.263686 21 0.001050
26 0.273637 40 0.002000
27 0.283587 22 0.001100
28 0.293537 27 0.001350
29 0.303487 50 0.002500
30 0.313437 130 0.006500
31 0.323387 131 0.006550
32 0.333338 162 0.008100
33 0.343288 88 0.004400
34 0.353238 24 0.001200
35 0.363188 13 0.000650
36 0.373138 25 0.001250
37 0.383089 20 0.001000
38 0.393039 12 0.000600
39 0.402989 23 0.001150
40 0.412939 30 0.001500
41 0.422889 30 0.001500
42 0.432840 34 0.001700
43 0.442790 35 0.001750
44 0.452740 53 0.002650
45 0.462690 47 0.002350
46 0.472640 77 0.003850
47 0.482590 97 0.004850
48 0.492541 109 0.005450
49 0.502491 108 0.005400
50 0.512441 127 0.006350
51 0.522391 180 0.009000
52 0.532341 223 0.011150
53 0.542292 287 0.014350
54 0.552242 412 0.020600
55 0.562192 566 0.028300
56 0.572142 1040 0.052000
57 0.582092 2022 0.101100
58 0.592042 2651 0.132550
59 0.601993 1281 0.064050
60 0.611943 901 0.045050
61 0.621893 749 0.037450
62 0.631843 489 0.024450
63 0.641793 341 0.017050
64 0.651744 324 0.016200
65 0.661694 238 0.011900
66 0.671644 208 0.010400
67 0.681594 201 0.010050
68 0.691544 179 0.008950
69 0.701494 172 0.008600
70 0.711445 163 0.008150
71 0.721395 143 0.007150
72 0.731345 164 0.008200
73 0.741295 185 0.009250
74 0.751245 143 0.007150
75 0.761196 176 0.008800
76 0.771146 192 0.009600
77 0.781096 171 0.008550
78 0.791046 153 0.007650
79 0.800996 141 0.007050
80 0.810946 166 0.008300
81 0.820897 265 0.013250
82 0.830847 233 0.011650
83 0.840797 243 0.012150
84 0.850747 362 0.018100
85 0.860697 483 0.024150
86 0.870648 401 0.020050
87 0.880598 401 0.020050
88 0.890548 268 0.013400
89 0.900498 257 0.012850
90 0.910448 271 0.013550
91 0.920399 337 0.016850
92 0.930349 214 0.010700
93 0.940299 178 0.008900
94 0.950249 70 0.003500
95 0.960199 51 0.002550
96 0.970149 35 0.001750
97 0.980100 18 0.000900
98 0.990050 15 0.000750
99 1.000000 1 0.000050
