initializing
training size    : 359556
testing size     : 20000
epoch count      : 10
sub epoch size   : 5

epoch_learning_rate_decay   : 8
learning_rate_decay         : 0.250000

training



epoch [0 0] from [10 5]
training time per iterations 6.363866[ms]
testing on 20000 items
testing done
average error 0.002087
min error     0.000000
max error     0.195691
saving best net
best net saved to networks/disc40x20x3/net_6_depth/trained/, with error 0.002087



epoch [0 1] from [10 5]
training time per iterations 6.357456[ms]
testing on 20000 items
testing done
average error 0.001837
min error     0.000000
max error     0.184838
saving best net
best net saved to networks/disc40x20x3/net_6_depth/trained/, with error 0.001837



epoch [0 2] from [10 5]
training time per iterations 6.370194[ms]
testing on 20000 items
testing done
average error 0.001823
min error     0.000000
max error     0.171750
saving best net
best net saved to networks/disc40x20x3/net_6_depth/trained/, with error 0.001823



epoch [0 3] from [10 5]
training time per iterations 6.372989[ms]
testing on 20000 items
testing done
average error 0.001776
min error     0.000000
max error     0.174753
saving best net
best net saved to networks/disc40x20x3/net_6_depth/trained/, with error 0.001776



epoch [0 4] from [10 5]
training time per iterations 6.375631[ms]
testing on 20000 items
testing done
average error 0.001754
min error     0.000000
max error     0.166236
saving best net
best net saved to networks/disc40x20x3/net_6_depth/trained/, with error 0.001754



epoch [1 0] from [10 5]
training time per iterations 6.365633[ms]
testing on 20000 items
testing done
average error 0.001682
min error     0.000000
max error     0.177355
saving best net
best net saved to networks/disc40x20x3/net_6_depth/trained/, with error 0.001682



epoch [1 1] from [10 5]
training time per iterations 6.369874[ms]
testing on 20000 items
testing done
average error 0.001700
min error     0.000000
max error     0.178931



epoch [1 2] from [10 5]
training time per iterations 6.371209[ms]
testing on 20000 items
testing done
average error 0.001696
min error     0.000000
max error     0.161226



epoch [1 3] from [10 5]
training time per iterations 6.374685[ms]
testing on 20000 items
testing done
average error 0.001728
min error     0.000000
max error     0.177664



epoch [1 4] from [10 5]
training time per iterations 6.378009[ms]
testing on 20000 items
testing done
average error 0.001715
min error     0.000000
max error     0.172875



epoch [2 0] from [10 5]
training time per iterations 6.370249[ms]
testing on 20000 items
testing done
average error 0.001726
min error     0.000000
max error     0.168629



epoch [2 1] from [10 5]
training time per iterations 6.377814[ms]
testing on 20000 items
testing done
average error 0.001849
min error     0.000000
max error     0.168713



epoch [2 2] from [10 5]
training time per iterations 6.371682[ms]
testing on 20000 items
testing done
average error 0.001775
min error     0.000000
max error     0.171863



epoch [2 3] from [10 5]
training time per iterations 6.374797[ms]
testing on 20000 items
testing done
average error 0.001643
min error     0.000000
max error     0.165317
saving best net
best net saved to networks/disc40x20x3/net_6_depth/trained/, with error 0.001643



epoch [2 4] from [10 5]
training time per iterations 6.375228[ms]
testing on 20000 items
testing done
average error 0.001556
min error     0.000000
max error     0.191347
saving best net
best net saved to networks/disc40x20x3/net_6_depth/trained/, with error 0.001556



epoch [3 0] from [10 5]
training time per iterations 6.373239[ms]
testing on 20000 items
testing done
average error 0.001601
min error     0.000000
max error     0.159116



epoch [3 1] from [10 5]
training time per iterations 6.366105[ms]
testing on 20000 items
testing done
average error 0.001607
min error     0.000000
max error     0.167349



epoch [3 2] from [10 5]
training time per iterations 6.377633[ms]
testing on 20000 items
testing done
average error 0.001654
min error     0.000000
max error     0.170799



epoch [3 3] from [10 5]
training time per iterations 6.374713[ms]
testing on 20000 items
testing done
average error 0.001555
min error     0.000000
max error     0.161815
saving best net
best net saved to networks/disc40x20x3/net_6_depth/trained/, with error 0.001555



epoch [3 4] from [10 5]
training time per iterations 6.374977[ms]
testing on 20000 items
testing done
average error 0.001676
min error     0.000000
max error     0.180059



epoch [4 0] from [10 5]
training time per iterations 6.376785[ms]
testing on 20000 items
testing done
average error 0.001544
min error     0.000000
max error     0.174902
saving best net
best net saved to networks/disc40x20x3/net_6_depth/trained/, with error 0.001544



epoch [4 1] from [10 5]
training time per iterations 6.367176[ms]
testing on 20000 items
testing done
average error 0.001665
min error     0.000000
max error     0.159546



epoch [4 2] from [10 5]
training time per iterations 6.371264[ms]
testing on 20000 items
testing done
average error 0.001595
min error     0.000000
max error     0.188663



epoch [4 3] from [10 5]
training time per iterations 6.373921[ms]
testing on 20000 items
testing done
average error 0.001625
min error     0.000000
max error     0.159425



epoch [4 4] from [10 5]
training time per iterations 6.371473[ms]
testing on 20000 items
testing done
average error 0.001621
min error     0.000000
max error     0.179222



epoch [5 0] from [10 5]
training time per iterations 6.362073[ms]
testing on 20000 items
testing done
average error 0.001677
min error     0.000000
max error     0.181361



epoch [5 1] from [10 5]
training time per iterations 6.376034[ms]
testing on 20000 items
testing done
average error 0.001520
min error     0.000000
max error     0.191914
saving best net
best net saved to networks/disc40x20x3/net_6_depth/trained/, with error 0.001520



epoch [5 2] from [10 5]
training time per iterations 6.368942[ms]
testing on 20000 items
testing done
average error 0.001563
min error     0.000000
max error     0.175548



epoch [5 3] from [10 5]
training time per iterations 6.367204[ms]
testing on 20000 items
testing done
average error 0.001515
min error     0.000000
max error     0.174362
saving best net
best net saved to networks/disc40x20x3/net_6_depth/trained/, with error 0.001515



epoch [5 4] from [10 5]
training time per iterations 6.368747[ms]
testing on 20000 items
testing done
average error 0.001629
min error     0.000000
max error     0.186702



epoch [6 0] from [10 5]
training time per iterations 6.364145[ms]
testing on 20000 items
testing done
average error 0.001588
min error     0.000000
max error     0.176925



epoch [6 1] from [10 5]
training time per iterations 6.371626[ms]
testing on 20000 items
testing done
average error 0.001777
min error     0.000000
max error     0.181861



epoch [6 2] from [10 5]
training time per iterations 6.370138[ms]
testing on 20000 items
testing done
average error 0.001547
min error     0.000000
max error     0.173604



epoch [6 3] from [10 5]
training time per iterations 6.366828[ms]
testing on 20000 items
testing done
average error 0.001719
min error     0.000000
max error     0.181083



epoch [6 4] from [10 5]
training time per iterations 6.370347[ms]
testing on 20000 items
testing done
average error 0.001578
min error     0.000000
max error     0.183748



epoch [7 0] from [10 5]
training time per iterations 6.360960[ms]
testing on 20000 items
testing done
average error 0.001838
min error     0.000000
max error     0.179008



epoch [7 1] from [10 5]
training time per iterations 6.361127[ms]
testing on 20000 items
testing done
average error 0.001641
min error     0.000000
max error     0.168816



epoch [7 2] from [10 5]
training time per iterations 6.370361[ms]
testing on 20000 items
testing done
average error 0.001595
min error     0.000000
max error     0.174751



epoch [7 3] from [10 5]
training time per iterations 6.366815[ms]
testing on 20000 items
testing done
average error 0.001596
min error     0.000000
max error     0.172542



epoch [7 4] from [10 5]
training time per iterations 6.368247[ms]
testing on 20000 items
testing done
average error 0.001520
min error     0.000000
max error     0.186253
setting learning rate to 0.000050



epoch [8 0] from [10 5]
training time per iterations 6.375019[ms]
testing on 20000 items
testing done
average error 0.001539
min error     0.000000
max error     0.174663



epoch [8 1] from [10 5]
training time per iterations 6.363032[ms]
testing on 20000 items
testing done
average error 0.001595
min error     0.000000
max error     0.177945



epoch [8 2] from [10 5]
training time per iterations 6.362378[ms]
testing on 20000 items
testing done
average error 0.001624
min error     0.000000
max error     0.174403



epoch [8 3] from [10 5]
training time per iterations 6.369874[ms]
testing on 20000 items
testing done
average error 0.001603
min error     0.000000
max error     0.180005



epoch [8 4] from [10 5]
training time per iterations 6.364576[ms]
testing on 20000 items
testing done
average error 0.001601
min error     0.000000
max error     0.180331



epoch [9 0] from [10 5]
training time per iterations 6.363630[ms]
testing on 20000 items
testing done
average error 0.001567
min error     0.000000
max error     0.179039



epoch [9 1] from [10 5]
training time per iterations 6.354174[ms]
testing on 20000 items
testing done
average error 0.001586
min error     0.000000
max error     0.174895



epoch [9 2] from [10 5]
training time per iterations 6.359236[ms]
testing on 20000 items
testing done
average error 0.001570
min error     0.000000
max error     0.183030



epoch [9 3] from [10 5]
training time per iterations 6.369373[ms]
testing on 20000 items
testing done
average error 0.001588
min error     0.000000
max error     0.176864



epoch [9 4] from [10 5]
training time per iterations 6.362003[ms]
testing on 20000 items
testing done
average error 0.001582
min error     0.000000
max error     0.175298
training done
