0.000000 0 0 0.002087 0.000000 0.195691 0.002157 0.000000 0.195691
0.200000 0 1 0.001837 0.000000 0.184838 0.001873 0.000000 0.250420
0.400000 0 2 0.001823 0.000000 0.171750 0.001835 0.000000 0.221258
0.600000 0 3 0.001776 0.000000 0.174753 0.001789 0.000000 0.177010
0.800000 0 4 0.001754 0.000000 0.166236 0.001740 0.000000 0.143449
1.000000 1 0 0.001682 0.000000 0.177355 0.001718 0.000000 0.246862
1.200000 1 1 0.001700 0.000000 0.178931 0.001709 0.000000 0.166005
1.400000 1 2 0.001696 0.000000 0.161226 0.001702 0.000000 0.201494
1.600000 1 3 0.001728 0.000000 0.177664 0.001721 0.000000 0.166223
1.800000 1 4 0.001715 0.000000 0.172875 0.001740 0.000000 0.230776
2.000000 2 0 0.001726 0.000000 0.168629 0.001754 0.000000 0.226428
2.200000 2 1 0.001849 0.000000 0.168713 0.001847 0.000000 0.168659
2.400000 2 2 0.001775 0.000000 0.171863 0.001750 0.000000 0.233894
2.600000 2 3 0.001643 0.000000 0.165317 0.001652 0.000000 0.214228
2.800000 2 4 0.001556 0.000000 0.191347 0.001576 0.000000 0.256938
3.000000 3 0 0.001601 0.000000 0.159116 0.001599 0.000000 0.263619
3.200000 3 1 0.001607 0.000000 0.167349 0.001579 0.000000 0.205606
3.400000 3 2 0.001654 0.000000 0.170799 0.001647 0.000000 0.185171
3.600000 3 3 0.001555 0.000000 0.161815 0.001545 0.000000 0.160330
3.800000 3 4 0.001676 0.000000 0.180059 0.001691 0.000000 0.152898
4.000000 4 0 0.001544 0.000000 0.174902 0.001568 0.000000 0.248240
4.200000 4 1 0.001665 0.000000 0.159546 0.001660 0.000000 0.164572
4.400000 4 2 0.001595 0.000000 0.188663 0.001584 0.000000 0.172289
4.600000 4 3 0.001625 0.000000 0.159425 0.001624 0.000000 0.157502
4.800000 4 4 0.001621 0.000000 0.179222 0.001630 0.000000 0.262326
5.000000 5 0 0.001677 0.000000 0.181361 0.001654 0.000000 0.235328
5.200000 5 1 0.001520 0.000000 0.191914 0.001534 0.000000 0.160643
5.400000 5 2 0.001563 0.000000 0.175548 0.001558 0.000000 0.191437
5.600000 5 3 0.001515 0.000000 0.174362 0.001497 0.000000 0.158146
5.800000 5 4 0.001629 0.000000 0.186702 0.001589 0.000000 0.198441
6.000000 6 0 0.001588 0.000000 0.176925 0.001554 0.000000 0.154347
6.200000 6 1 0.001777 0.000000 0.181861 0.001766 0.000000 0.233525
6.400000 6 2 0.001547 0.000000 0.173604 0.001575 0.000000 0.245641
6.600000 6 3 0.001719 0.000000 0.181083 0.001751 0.000000 0.237481
6.800000 6 4 0.001578 0.000000 0.183748 0.001563 0.000000 0.242008
7.000000 7 0 0.001838 0.000000 0.179008 0.001832 0.000000 0.175200
7.200000 7 1 0.001641 0.000000 0.168816 0.001628 0.000000 0.211992
7.400000 7 2 0.001595 0.000000 0.174751 0.001606 0.000000 0.239324
7.600000 7 3 0.001596 0.000000 0.172542 0.001595 0.000000 0.217836
7.800000 7 4 0.001520 0.000000 0.186253 0.001540 0.000000 0.203577
8.000000 8 0 0.001539 0.000000 0.174663 0.001559 0.000000 0.178498
8.200000 8 1 0.001595 0.000000 0.177945 0.001590 0.000000 0.152304
8.400000 8 2 0.001624 0.000000 0.174403 0.001640 0.000000 0.242295
8.600000 8 3 0.001603 0.000000 0.180005 0.001611 0.000000 0.246998
8.800000 8 4 0.001601 0.000000 0.180331 0.001620 0.000000 0.249011
9.000000 9 0 0.001567 0.000000 0.179039 0.001553 0.000000 0.170491
9.200000 9 1 0.001586 0.000000 0.174895 0.001607 0.000000 0.231127
9.400000 9 2 0.001570 0.000000 0.183030 0.001554 0.000000 0.146044
9.600000 9 3 0.001588 0.000000 0.176864 0.001605 0.000000 0.176864
9.800000 9 4 0.001582 0.000000 0.175298 0.001590 0.000000 0.218631
