initializing
training size    : 359556
testing size     : 20000
epoch count      : 10
sub epoch size   : 5

epoch_learning_rate_decay   : 8
learning_rate_decay         : 0.250000

training



epoch [0 0] from [10 5]
training time per iterations 2.225000[ms]
testing on 20000 items
testing done
average error 0.003819
min error     0.000000
max error     0.248112
saving best net
best net saved to networks/disc8x8x3/net_5/trained/, with error 0.003819



epoch [0 1] from [10 5]
training time per iterations 2.218576[ms]
testing on 20000 items
testing done
average error 0.002924
min error     0.000000
max error     0.270205
saving best net
best net saved to networks/disc8x8x3/net_5/trained/, with error 0.002924



epoch [0 2] from [10 5]
training time per iterations 2.221760[ms]
testing on 20000 items
testing done
average error 0.002429
min error     0.000000
max error     0.252496
saving best net
best net saved to networks/disc8x8x3/net_5/trained/, with error 0.002429



epoch [0 3] from [10 5]
training time per iterations 2.216295[ms]
testing on 20000 items
testing done
average error 0.002245
min error     0.000000
max error     0.257878
saving best net
best net saved to networks/disc8x8x3/net_5/trained/, with error 0.002245



epoch [0 4] from [10 5]
training time per iterations 2.218701[ms]
testing on 20000 items
testing done
average error 0.002166
min error     0.000000
max error     0.256240
saving best net
best net saved to networks/disc8x8x3/net_5/trained/, with error 0.002166



epoch [1 0] from [10 5]
training time per iterations 2.239616[ms]
testing on 20000 items
testing done
average error 0.002122
min error     0.000000
max error     0.267166
saving best net
best net saved to networks/disc8x8x3/net_5/trained/, with error 0.002122



epoch [1 1] from [10 5]
training time per iterations 2.233386[ms]
testing on 20000 items
testing done
average error 0.002003
min error     0.000000
max error     0.243701
saving best net
best net saved to networks/disc8x8x3/net_5/trained/, with error 0.002003



epoch [1 2] from [10 5]
training time per iterations 2.240269[ms]
testing on 20000 items
testing done
average error 0.001992
min error     0.000000
max error     0.275005
saving best net
best net saved to networks/disc8x8x3/net_5/trained/, with error 0.001992



epoch [1 3] from [10 5]
training time per iterations 2.237001[ms]
testing on 20000 items
testing done
average error 0.001946
min error     0.000000
max error     0.244265
saving best net
best net saved to networks/disc8x8x3/net_5/trained/, with error 0.001946



epoch [1 4] from [10 5]
training time per iterations 2.228310[ms]
testing on 20000 items
testing done
average error 0.001822
min error     0.000000
max error     0.261385
saving best net
best net saved to networks/disc8x8x3/net_5/trained/, with error 0.001822



epoch [2 0] from [10 5]
training time per iterations 2.245901[ms]
testing on 20000 items
testing done
average error 0.001852
min error     0.000000
max error     0.253684



epoch [2 1] from [10 5]
training time per iterations 2.228713[ms]
testing on 20000 items
testing done
average error 0.001837
min error     0.000000
max error     0.268903



epoch [2 2] from [10 5]
training time per iterations 2.239338[ms]
testing on 20000 items
testing done
average error 0.001864
min error     0.000000
max error     0.260201



epoch [2 3] from [10 5]
training time per iterations 2.233066[ms]
testing on 20000 items
testing done
average error 0.001755
min error     0.000000
max error     0.245939
saving best net
best net saved to networks/disc8x8x3/net_5/trained/, with error 0.001755



epoch [2 4] from [10 5]
training time per iterations 2.234011[ms]
testing on 20000 items
testing done
average error 0.001796
min error     0.000000
max error     0.260611



epoch [3 0] from [10 5]
training time per iterations 2.239282[ms]
testing on 20000 items
testing done
average error 0.001779
min error     0.000000
max error     0.248037



epoch [3 1] from [10 5]
training time per iterations 2.237238[ms]
testing on 20000 items
testing done
average error 0.001844
min error     0.000000
max error     0.260769



epoch [3 2] from [10 5]
training time per iterations 2.241257[ms]
testing on 20000 items
testing done
average error 0.001760
min error     0.000000
max error     0.246033



epoch [3 3] from [10 5]
training time per iterations 2.243857[ms]
testing on 20000 items
testing done
average error 0.001777
min error     0.000000
max error     0.242237



epoch [3 4] from [10 5]
training time per iterations 2.232371[ms]
testing on 20000 items
testing done
average error 0.001806
min error     0.000000
max error     0.243620



epoch [4 0] from [10 5]
training time per iterations 2.233247[ms]
testing on 20000 items
testing done
average error 0.001734
min error     0.000000
max error     0.250404
saving best net
best net saved to networks/disc8x8x3/net_5/trained/, with error 0.001734



epoch [4 1] from [10 5]
training time per iterations 2.240116[ms]
testing on 20000 items
testing done
average error 0.001748
min error     0.000000
max error     0.235677



epoch [4 2] from [10 5]
training time per iterations 2.244274[ms]
testing on 20000 items
testing done
average error 0.001758
min error     0.000000
max error     0.241448



epoch [4 3] from [10 5]
training time per iterations 2.237599[ms]
testing on 20000 items
testing done
average error 0.001692
min error     0.000000
max error     0.243766
saving best net
best net saved to networks/disc8x8x3/net_5/trained/, with error 0.001692



epoch [4 4] from [10 5]
training time per iterations 2.220815[ms]
testing on 20000 items
testing done
average error 0.001783
min error     0.000000
max error     0.238735



epoch [5 0] from [10 5]
training time per iterations 2.221510[ms]
testing on 20000 items
testing done
average error 0.001659
min error     0.000000
max error     0.251493
saving best net
best net saved to networks/disc8x8x3/net_5/trained/, with error 0.001659



epoch [5 1] from [10 5]
training time per iterations 2.222442[ms]
testing on 20000 items
testing done
average error 0.001718
min error     0.000000
max error     0.222643



epoch [5 2] from [10 5]
training time per iterations 2.204030[ms]
testing on 20000 items
testing done
average error 0.001722
min error     0.000000
max error     0.239232



epoch [5 3] from [10 5]
training time per iterations 2.209286[ms]
testing on 20000 items
testing done
average error 0.001657
min error     0.000000
max error     0.222041
saving best net
best net saved to networks/disc8x8x3/net_5/trained/, with error 0.001657



epoch [5 4] from [10 5]
training time per iterations 2.207493[ms]
testing on 20000 items
testing done
average error 0.001696
min error     0.000000
max error     0.226327



epoch [6 0] from [10 5]
training time per iterations 2.216796[ms]
testing on 20000 items
testing done
average error 0.001745
min error     0.000000
max error     0.240087



epoch [6 1] from [10 5]
training time per iterations 2.219341[ms]
testing on 20000 items
testing done
average error 0.001693
min error     0.000000
max error     0.229397



epoch [6 2] from [10 5]
training time per iterations 2.208466[ms]
testing on 20000 items
testing done
average error 0.001652
min error     0.000000
max error     0.245969
saving best net
best net saved to networks/disc8x8x3/net_5/trained/, with error 0.001652



epoch [6 3] from [10 5]
training time per iterations 2.214001[ms]
testing on 20000 items
testing done
average error 0.001701
min error     0.000000
max error     0.229574



epoch [6 4] from [10 5]
training time per iterations 2.206547[ms]
testing on 20000 items
testing done
average error 0.001671
min error     0.000000
max error     0.228176



epoch [7 0] from [10 5]
training time per iterations 2.216559[ms]
testing on 20000 items
testing done
average error 0.001694
min error     0.000000
max error     0.240025



epoch [7 1] from [10 5]
training time per iterations 2.219118[ms]
testing on 20000 items
testing done
average error 0.001698
min error     0.000000
max error     0.244290



epoch [7 2] from [10 5]
training time per iterations 2.225195[ms]
testing on 20000 items
testing done
average error 0.001623
min error     0.000000
max error     0.227228
saving best net
best net saved to networks/disc8x8x3/net_5/trained/, with error 0.001623



epoch [7 3] from [10 5]
training time per iterations 2.226349[ms]
testing on 20000 items
testing done
average error 0.001693
min error     0.000000
max error     0.241791



epoch [7 4] from [10 5]
training time per iterations 2.221997[ms]
testing on 20000 items
testing done
average error 0.001651
min error     0.000000
max error     0.243248
setting learning rate to 0.000050



epoch [8 0] from [10 5]
training time per iterations 2.216518[ms]
testing on 20000 items
testing done
average error 0.001715
min error     0.000000
max error     0.245117



epoch [8 1] from [10 5]
training time per iterations 2.226794[ms]
testing on 20000 items
testing done
average error 0.001628
min error     0.000000
max error     0.230768



epoch [8 2] from [10 5]
training time per iterations 2.218937[ms]
testing on 20000 items
testing done
average error 0.001672
min error     0.000000
max error     0.234932



epoch [8 3] from [10 5]
training time per iterations 2.213639[ms]
testing on 20000 items
testing done
average error 0.001676
min error     0.000000
max error     0.236553



epoch [8 4] from [10 5]
training time per iterations 2.213319[ms]
testing on 20000 items
testing done
average error 0.001632
min error     0.000000
max error     0.237969



epoch [9 0] from [10 5]
training time per iterations 2.208216[ms]
testing on 20000 items
testing done
average error 0.001657
min error     0.000000
max error     0.230439



epoch [9 1] from [10 5]
training time per iterations 2.219188[ms]
testing on 20000 items
testing done
average error 0.001661
min error     0.000000
max error     0.237272



epoch [9 2] from [10 5]
training time per iterations 2.213945[ms]
testing on 20000 items
testing done
average error 0.001660
min error     0.000000
max error     0.227754



epoch [9 3] from [10 5]
training time per iterations 2.217978[ms]
testing on 20000 items
testing done
average error 0.001650
min error     0.000000
max error     0.233825



epoch [9 4] from [10 5]
training time per iterations 2.217004[ms]
testing on 20000 items
testing done
average error 0.001643
min error     0.000000
max error     0.237297
training done
