0.000000 0 0 0.003819 0.000000 0.248112 0.003844 0.000000 0.185983
0.200000 0 1 0.002924 0.000000 0.270205 0.002920 0.000000 0.164688
0.400000 0 2 0.002429 0.000000 0.252496 0.002446 0.000000 0.158304
0.600000 0 3 0.002245 0.000000 0.257878 0.002300 0.000000 0.168033
0.800000 0 4 0.002166 0.000000 0.256240 0.002192 0.000000 0.176229
1.000000 1 0 0.002122 0.000000 0.267166 0.002121 0.000000 0.267166
1.200000 1 1 0.002003 0.000000 0.243701 0.002006 0.000000 0.146054
1.400000 1 2 0.001992 0.000000 0.275005 0.002012 0.000000 0.268720
1.600000 1 3 0.001946 0.000000 0.244265 0.001963 0.000000 0.234519
1.800000 1 4 0.001822 0.000000 0.261385 0.001822 0.000000 0.162154
2.000000 2 0 0.001852 0.000000 0.253684 0.001886 0.000000 0.247186
2.200000 2 1 0.001837 0.000000 0.268903 0.001871 0.000000 0.191666
2.400000 2 2 0.001864 0.000000 0.260201 0.001909 0.000000 0.197794
2.600000 2 3 0.001755 0.000000 0.245939 0.001780 0.000000 0.177679
2.800000 2 4 0.001796 0.000000 0.260611 0.001803 0.000000 0.188422
3.000000 3 0 0.001779 0.000000 0.248037 0.001825 0.000000 0.231868
3.200000 3 1 0.001844 0.000000 0.260769 0.001880 0.000000 0.253243
3.400000 3 2 0.001760 0.000000 0.246033 0.001807 0.000000 0.183368
3.600000 3 3 0.001777 0.000000 0.242237 0.001773 0.000000 0.242237
3.800000 3 4 0.001806 0.000000 0.243620 0.001833 0.000000 0.158610
4.000000 4 0 0.001734 0.000000 0.250404 0.001734 0.000000 0.161537
4.200000 4 1 0.001748 0.000000 0.235677 0.001726 0.000000 0.152064
4.400000 4 2 0.001758 0.000000 0.241448 0.001785 0.000000 0.181034
4.600000 4 3 0.001692 0.000000 0.243766 0.001715 0.000000 0.226114
4.800000 4 4 0.001783 0.000000 0.238735 0.001824 0.000000 0.229616
5.000000 5 0 0.001659 0.000000 0.251493 0.001668 0.000000 0.241363
5.200000 5 1 0.001718 0.000000 0.222643 0.001777 0.000000 0.165325
5.400000 5 2 0.001722 0.000000 0.239232 0.001748 0.000000 0.200251
5.600000 5 3 0.001657 0.000000 0.222041 0.001651 0.000000 0.238743
5.800000 5 4 0.001696 0.000000 0.226327 0.001706 0.000000 0.223753
6.000000 6 0 0.001745 0.000000 0.240087 0.001730 0.000000 0.231053
6.200000 6 1 0.001693 0.000000 0.229397 0.001713 0.000000 0.218987
6.400000 6 2 0.001652 0.000000 0.245969 0.001687 0.000000 0.151070
6.600000 6 3 0.001701 0.000000 0.229574 0.001757 0.000000 0.186986
6.800000 6 4 0.001671 0.000000 0.228176 0.001688 0.000000 0.165413
7.000000 7 0 0.001694 0.000000 0.240025 0.001681 0.000000 0.167343
7.200000 7 1 0.001698 0.000000 0.244290 0.001709 0.000000 0.151637
7.400000 7 2 0.001623 0.000000 0.227228 0.001650 0.000000 0.147038
7.600000 7 3 0.001693 0.000000 0.241791 0.001684 0.000000 0.187516
7.800000 7 4 0.001651 0.000000 0.243248 0.001639 0.000000 0.139584
8.000000 8 0 0.001715 0.000000 0.245117 0.001749 0.000000 0.159688
8.200000 8 1 0.001628 0.000000 0.230768 0.001671 0.000000 0.162831
8.400000 8 2 0.001672 0.000000 0.234932 0.001701 0.000000 0.248368
8.600000 8 3 0.001676 0.000000 0.236553 0.001688 0.000000 0.235751
8.800000 8 4 0.001632 0.000000 0.237969 0.001662 0.000000 0.235014
9.000000 9 0 0.001657 0.000000 0.230439 0.001673 0.000000 0.136313
9.200000 9 1 0.001661 0.000000 0.237272 0.001707 0.000000 0.152178
9.400000 9 2 0.001660 0.000000 0.227754 0.001670 0.000000 0.167372
9.600000 9 3 0.001650 0.000000 0.233825 0.001650 0.000000 0.247029
9.800000 9 4 0.001643 0.000000 0.237297 0.001646 0.000000 0.225379
