0.000000 0 0 0.001902 0.000000 0.151173 0.001961 0.000000 0.273654
0.200000 0 1 0.001732 0.000000 0.168402 0.001771 0.000000 0.180168
0.400000 0 2 0.001856 0.000000 0.153571 0.001912 0.000000 0.164545
0.600000 0 3 0.001796 0.000000 0.151821 0.001835 0.000000 0.172441
0.800000 0 4 0.001781 0.000000 0.162933 0.001822 0.000000 0.184637
1.000000 1 0 0.001737 0.000000 0.145560 0.001776 0.000000 0.190196
1.200000 1 1 0.001773 0.000000 0.190258 0.001814 0.000000 0.187039
1.400000 1 2 0.001789 0.000000 0.170028 0.001812 0.000000 0.163730
1.600000 1 3 0.001602 0.000000 0.178663 0.001645 0.000000 0.236791
1.800000 1 4 0.001652 0.000000 0.169669 0.001723 0.000000 0.143847
2.000000 2 0 0.001554 0.000000 0.152134 0.001622 0.000000 0.244198
2.200000 2 1 0.001782 0.000000 0.179106 0.001792 0.000000 0.271204
2.400000 2 2 0.001808 0.000000 0.153137 0.001838 0.000000 0.246821
2.600000 2 3 0.001532 0.000000 0.172284 0.001549 0.000000 0.245430
2.800000 2 4 0.001701 0.000000 0.158439 0.001728 0.000000 0.233669
3.000000 3 0 0.001606 0.000000 0.169210 0.001650 0.000000 0.224303
3.200000 3 1 0.001972 0.000000 0.151487 0.002017 0.000000 0.231927
3.400000 3 2 0.001712 0.000000 0.155285 0.001788 0.000000 0.157526
3.600000 3 3 0.001667 0.000000 0.155396 0.001705 0.000000 0.195297
3.800000 3 4 0.001495 0.000000 0.182035 0.001560 0.000000 0.178628
4.000000 4 0 0.001612 0.000000 0.156559 0.001648 0.000000 0.247450
4.200000 4 1 0.001649 0.000000 0.184269 0.001678 0.000000 0.177921
4.400000 4 2 0.001542 0.000000 0.157193 0.001544 0.000000 0.236556
4.600000 4 3 0.001523 0.000000 0.183621 0.001577 0.000000 0.166439
4.800000 4 4 0.001548 0.000000 0.161486 0.001600 0.000000 0.163760
5.000000 5 0 0.001500 0.000000 0.161185 0.001552 0.000000 0.163282
5.200000 5 1 0.001601 0.000000 0.185945 0.001620 0.000000 0.171563
5.400000 5 2 0.001570 0.000000 0.161017 0.001643 0.000000 0.157221
5.600000 5 3 0.001545 0.000000 0.175705 0.001590 0.000000 0.230395
5.800000 5 4 0.001536 0.000000 0.165881 0.001576 0.000000 0.155528
6.000000 6 0 0.001551 0.000000 0.162153 0.001608 0.000000 0.184275
6.200000 6 1 0.001798 0.000000 0.166608 0.001842 0.000000 0.183858
6.400000 6 2 0.001610 0.000000 0.162036 0.001679 0.000000 0.166455
6.600000 6 3 0.001564 0.000000 0.158515 0.001621 0.000000 0.173875
6.800000 6 4 0.001729 0.000000 0.178389 0.001782 0.000000 0.263820
7.000000 7 0 0.001722 0.000000 0.176309 0.001775 0.000000 0.172771
7.200000 7 1 0.001722 0.000000 0.166737 0.001780 0.000000 0.163433
7.400000 7 2 0.001522 0.000000 0.180367 0.001553 0.000000 0.160827
7.600000 7 3 0.001576 0.000000 0.178732 0.001611 0.000000 0.175425
7.800000 7 4 0.001555 0.000000 0.187739 0.001611 0.000000 0.210875
8.000000 8 0 0.001587 0.000000 0.180218 0.001608 0.000000 0.168719
8.200000 8 1 0.001582 0.000000 0.177174 0.001643 0.000000 0.182085
8.400000 8 2 0.001505 0.000000 0.177631 0.001550 0.000000 0.241975
8.600000 8 3 0.001586 0.000000 0.178070 0.001626 0.000000 0.219641
8.800000 8 4 0.001500 0.000000 0.180312 0.001548 0.000000 0.184261
9.000000 9 0 0.001505 0.000000 0.170390 0.001565 0.000000 0.141339
9.200000 9 1 0.001528 0.000000 0.168699 0.001553 0.000000 0.210234
9.400000 9 2 0.001555 0.000000 0.177486 0.001621 0.000000 0.168770
9.600000 9 3 0.001570 0.000000 0.165090 0.001631 0.000000 0.242577
9.800000 9 4 0.001549 0.000000 0.161121 0.001593 0.000000 0.176748
