initializing
training size    : 359556
testing size     : 20000
epoch count      : 10
sub epoch size   : 5

epoch_learning_rate_decay   : 8
learning_rate_decay         : 0.250000

training



epoch [0 0] from [10 5]
training time per iterations 7.206338[ms]
testing on 20000 items
testing done
average error 0.002786
min error     0.000000
max error     0.266408
saving best net
best net saved to networks/disc16x16x3/net_5/trained/, with error 0.002786



epoch [0 1] from [10 5]
training time per iterations 7.209189[ms]
testing on 20000 items
testing done
average error 0.002106
min error     0.000000
max error     0.268827
saving best net
best net saved to networks/disc16x16x3/net_5/trained/, with error 0.002106



epoch [0 2] from [10 5]
training time per iterations 7.205768[ms]
testing on 20000 items
testing done
average error 0.002019
min error     0.000000
max error     0.268297
saving best net
best net saved to networks/disc16x16x3/net_5/trained/, with error 0.002019



epoch [0 3] from [10 5]
training time per iterations 7.206575[ms]
testing on 20000 items
testing done
average error 0.001850
min error     0.000000
max error     0.249921
saving best net
best net saved to networks/disc16x16x3/net_5/trained/, with error 0.001850



epoch [0 4] from [10 5]
training time per iterations 7.207048[ms]
testing on 20000 items
testing done
average error 0.001955
min error     0.000000
max error     0.259911



epoch [1 0] from [10 5]
training time per iterations 7.209203[ms]
testing on 20000 items
testing done
average error 0.001879
min error     0.000000
max error     0.246491



epoch [1 1] from [10 5]
training time per iterations 7.206297[ms]
testing on 20000 items
testing done
average error 0.001809
min error     0.000000
max error     0.238168
saving best net
best net saved to networks/disc16x16x3/net_5/trained/, with error 0.001809



epoch [1 2] from [10 5]
training time per iterations 7.206867[ms]
testing on 20000 items
testing done
average error 0.001827
min error     0.000000
max error     0.240673



epoch [1 3] from [10 5]
training time per iterations 7.205337[ms]
testing on 20000 items
testing done
average error 0.001879
min error     0.000000
max error     0.236915



epoch [1 4] from [10 5]
training time per iterations 7.204197[ms]
testing on 20000 items
testing done
average error 0.001849
min error     0.000000
max error     0.236919



epoch [2 0] from [10 5]
training time per iterations 7.204503[ms]
testing on 20000 items
testing done
average error 0.001852
min error     0.000000
max error     0.234794



epoch [2 1] from [10 5]
training time per iterations 7.204447[ms]
testing on 20000 items
testing done
average error 0.001750
min error     0.000000
max error     0.239768
saving best net
best net saved to networks/disc16x16x3/net_5/trained/, with error 0.001750



epoch [2 2] from [10 5]
training time per iterations 7.205254[ms]
testing on 20000 items
testing done
average error 0.001808
min error     0.000000
max error     0.245688



epoch [2 3] from [10 5]
training time per iterations 7.205824[ms]
testing on 20000 items
testing done
average error 0.001760
min error     0.000000
max error     0.256926



epoch [2 4] from [10 5]
training time per iterations 7.204753[ms]
testing on 20000 items
testing done
average error 0.001722
min error     0.000000
max error     0.231755
saving best net
best net saved to networks/disc16x16x3/net_5/trained/, with error 0.001722



epoch [3 0] from [10 5]
training time per iterations 7.204322[ms]
testing on 20000 items
testing done
average error 0.001763
min error     0.000000
max error     0.253989



epoch [3 1] from [10 5]
training time per iterations 7.206366[ms]
testing on 20000 items
testing done
average error 0.001710
min error     0.000000
max error     0.239733
saving best net
best net saved to networks/disc16x16x3/net_5/trained/, with error 0.001710



epoch [3 2] from [10 5]
training time per iterations 7.205963[ms]
testing on 20000 items
testing done
average error 0.001875
min error     0.000000
max error     0.251110



epoch [3 3] from [10 5]
training time per iterations 7.204753[ms]
testing on 20000 items
testing done
average error 0.001758
min error     0.000000
max error     0.234026



epoch [3 4] from [10 5]
training time per iterations 7.205115[ms]
testing on 20000 items
testing done
average error 0.001651
min error     0.000000
max error     0.229248
saving best net
best net saved to networks/disc16x16x3/net_5/trained/, with error 0.001651



epoch [4 0] from [10 5]
training time per iterations 7.205504[ms]
testing on 20000 items
testing done
average error 0.001651
min error     0.000000
max error     0.227064



epoch [4 1] from [10 5]
training time per iterations 7.204461[ms]
testing on 20000 items
testing done
average error 0.001713
min error     0.000000
max error     0.243571



epoch [4 2] from [10 5]
training time per iterations 7.206630[ms]
testing on 20000 items
testing done
average error 0.001746
min error     0.000000
max error     0.235758



epoch [4 3] from [10 5]
training time per iterations 7.205170[ms]
testing on 20000 items
testing done
average error 0.001683
min error     0.000000
max error     0.239669



epoch [4 4] from [10 5]
training time per iterations 7.205546[ms]
testing on 20000 items
testing done
average error 0.001643
min error     0.000000
max error     0.238897
saving best net
best net saved to networks/disc16x16x3/net_5/trained/, with error 0.001643



epoch [5 0] from [10 5]
training time per iterations 7.206477[ms]
testing on 20000 items
testing done
average error 0.001799
min error     0.000000
max error     0.244036



epoch [5 1] from [10 5]
training time per iterations 7.205907[ms]
testing on 20000 items
testing done
average error 0.001771
min error     0.000000
max error     0.231235



epoch [5 2] from [10 5]
training time per iterations 7.205560[ms]
testing on 20000 items
testing done
average error 0.001780
min error     0.000000
max error     0.251938



epoch [5 3] from [10 5]
training time per iterations 7.167930[ms]
testing on 20000 items
testing done
average error 0.001743
min error     0.000000
max error     0.235205



epoch [5 4] from [10 5]
training time per iterations 7.165371[ms]
testing on 20000 items
testing done
average error 0.001707
min error     0.000000
max error     0.250715



epoch [6 0] from [10 5]
training time per iterations 7.203237[ms]
testing on 20000 items
testing done
average error 0.001708
min error     0.000000
max error     0.238298



epoch [6 1] from [10 5]
training time per iterations 7.122679[ms]
testing on 20000 items
testing done
average error 0.001747
min error     0.000000
max error     0.242857



epoch [6 2] from [10 5]
training time per iterations 7.123903[ms]
testing on 20000 items
testing done
average error 0.001632
min error     0.000000
max error     0.229567
saving best net
best net saved to networks/disc16x16x3/net_5/trained/, with error 0.001632



epoch [6 3] from [10 5]
training time per iterations 7.203001[ms]
testing on 20000 items
testing done
average error 0.001758
min error     0.000000
max error     0.228136



epoch [6 4] from [10 5]
training time per iterations 7.123138[ms]
testing on 20000 items
testing done
average error 0.001838
min error     0.000000
max error     0.244325



epoch [7 0] from [10 5]
training time per iterations 7.124320[ms]
testing on 20000 items
testing done
average error 0.001686
min error     0.000000
max error     0.234073



epoch [7 1] from [10 5]
training time per iterations 7.204030[ms]
testing on 20000 items
testing done
average error 0.001730
min error     0.000000
max error     0.249150



epoch [7 2] from [10 5]
training time per iterations 7.144679[ms]
testing on 20000 items
testing done
average error 0.001667
min error     0.000000
max error     0.233291



epoch [7 3] from [10 5]
training time per iterations 7.124390[ms]
testing on 20000 items
testing done
average error 0.001671
min error     0.000000
max error     0.231450



epoch [7 4] from [10 5]
training time per iterations 7.187496[ms]
testing on 20000 items
testing done
average error 0.001631
min error     0.000000
max error     0.249626
saving best net
best net saved to networks/disc16x16x3/net_5/trained/, with error 0.001631
setting learning rate to 0.000050



epoch [8 0] from [10 5]
training time per iterations 7.195756[ms]
testing on 20000 items
testing done
average error 0.001699
min error     0.000000
max error     0.246481



epoch [8 1] from [10 5]
training time per iterations 7.124348[ms]
testing on 20000 items
testing done
average error 0.001730
min error     0.000000
max error     0.237576



epoch [8 2] from [10 5]
training time per iterations 7.137545[ms]
testing on 20000 items
testing done
average error 0.001719
min error     0.000000
max error     0.234231



epoch [8 3] from [10 5]
training time per iterations 7.210371[ms]
testing on 20000 items
testing done
average error 0.001650
min error     0.000000
max error     0.237662



epoch [8 4] from [10 5]
training time per iterations 7.133568[ms]
testing on 20000 items
testing done
average error 0.001663
min error     0.000000
max error     0.229621



epoch [9 0] from [10 5]
training time per iterations 7.132567[ms]
testing on 20000 items
testing done
average error 0.001657
min error     0.000000
max error     0.230453



epoch [9 1] from [10 5]
training time per iterations 7.206603[ms]
testing on 20000 items
testing done
average error 0.001684
min error     0.000000
max error     0.232889



epoch [9 2] from [10 5]
training time per iterations 7.127505[ms]
testing on 20000 items
testing done
average error 0.001693
min error     0.000000
max error     0.234162



epoch [9 3] from [10 5]
training time per iterations 7.125363[ms]
testing on 20000 items
testing done
average error 0.001694
min error     0.000000
max error     0.232867



epoch [9 4] from [10 5]
training time per iterations 7.206936[ms]
testing on 20000 items
testing done
average error 0.001626
min error     0.000000
max error     0.233709
saving best net
best net saved to networks/disc16x16x3/net_5/trained/, with error 0.001626
training done
