0.000000 0 0 0.002786 0.000000 0.266408 0.002755 0.000000 0.182156
0.200000 0 1 0.002106 0.000000 0.268827 0.002063 0.000000 0.209273
0.400000 0 2 0.002019 0.000000 0.268297 0.001953 0.000000 0.155599
0.600000 0 3 0.001850 0.000000 0.249921 0.001833 0.000000 0.155373
0.800000 0 4 0.001955 0.000000 0.259911 0.001894 0.000000 0.168149
1.000000 1 0 0.001879 0.000000 0.246491 0.001847 0.000000 0.175851
1.200000 1 1 0.001809 0.000000 0.238168 0.001768 0.000000 0.232098
1.400000 1 2 0.001827 0.000000 0.240673 0.001773 0.000000 0.250933
1.600000 1 3 0.001879 0.000000 0.236915 0.001819 0.000000 0.159213
1.800000 1 4 0.001849 0.000000 0.236919 0.001785 0.000000 0.231911
2.000000 2 0 0.001852 0.000000 0.234794 0.001828 0.000000 0.244576
2.200000 2 1 0.001750 0.000000 0.239768 0.001724 0.000000 0.180538
2.400000 2 2 0.001808 0.000000 0.245688 0.001756 0.000000 0.143688
2.600000 2 3 0.001760 0.000000 0.256926 0.001739 0.000000 0.150410
2.800000 2 4 0.001722 0.000000 0.231755 0.001682 0.000000 0.174991
3.000000 3 0 0.001763 0.000000 0.253989 0.001718 0.000000 0.243201
3.200000 3 1 0.001710 0.000000 0.239733 0.001661 0.000000 0.168306
3.400000 3 2 0.001875 0.000000 0.251110 0.001811 0.000000 0.251110
3.600000 3 3 0.001758 0.000000 0.234026 0.001714 0.000000 0.195618
3.800000 3 4 0.001651 0.000000 0.229248 0.001613 0.000000 0.206186
4.000000 4 0 0.001651 0.000000 0.227064 0.001594 0.000000 0.162406
4.200000 4 1 0.001713 0.000000 0.243571 0.001695 0.000000 0.217068
4.400000 4 2 0.001746 0.000000 0.235758 0.001708 0.000000 0.199852
4.600000 4 3 0.001683 0.000000 0.239669 0.001597 0.000000 0.211421
4.800000 4 4 0.001643 0.000000 0.238897 0.001586 0.000000 0.164455
5.000000 5 0 0.001799 0.000000 0.244036 0.001763 0.000000 0.210577
5.200000 5 1 0.001771 0.000000 0.231235 0.001748 0.000000 0.173434
5.400000 5 2 0.001780 0.000000 0.251938 0.001695 0.000000 0.243502
5.600000 5 3 0.001743 0.000000 0.235205 0.001698 0.000000 0.206526
5.800000 5 4 0.001707 0.000000 0.250715 0.001651 0.000000 0.250715
6.000000 6 0 0.001708 0.000000 0.238298 0.001654 0.000000 0.161732
6.200000 6 1 0.001747 0.000000 0.242857 0.001707 0.000000 0.131393
6.400000 6 2 0.001632 0.000000 0.229567 0.001594 0.000000 0.157640
6.600000 6 3 0.001758 0.000000 0.228136 0.001722 0.000000 0.152597
6.800000 6 4 0.001838 0.000000 0.244325 0.001802 0.000000 0.184267
7.000000 7 0 0.001686 0.000000 0.234073 0.001637 0.000000 0.172159
7.200000 7 1 0.001730 0.000000 0.249150 0.001712 0.000000 0.222651
7.400000 7 2 0.001667 0.000000 0.233291 0.001633 0.000000 0.167010
7.600000 7 3 0.001671 0.000000 0.231450 0.001644 0.000000 0.223629
7.800000 7 4 0.001631 0.000000 0.249626 0.001619 0.000000 0.242010
8.000000 8 0 0.001699 0.000000 0.246481 0.001644 0.000000 0.147860
8.200000 8 1 0.001730 0.000000 0.237576 0.001693 0.000000 0.171377
8.400000 8 2 0.001719 0.000000 0.234231 0.001685 0.000000 0.245613
8.600000 8 3 0.001650 0.000000 0.237662 0.001623 0.000000 0.237662
8.800000 8 4 0.001663 0.000000 0.229621 0.001653 0.000000 0.150643
9.000000 9 0 0.001657 0.000000 0.230453 0.001631 0.000000 0.149204
9.200000 9 1 0.001684 0.000000 0.232889 0.001651 0.000000 0.225429
9.400000 9 2 0.001693 0.000000 0.234162 0.001649 0.000000 0.168517
9.600000 9 3 0.001694 0.000000 0.232867 0.001661 0.000000 0.172486
9.800000 9 4 0.001626 0.000000 0.233709 0.001586 0.000000 0.154772
