initializing
training size    : 359556
testing size     : 20000
epoch count      : 10
sub epoch size   : 5

epoch_learning_rate_decay   : 8
learning_rate_decay         : 0.250000

training



epoch [0 0] from [10 5]
training time per iterations 4.654392[ms]
testing on 20000 items
testing done
average error 0.002089
min error     0.000000
max error     0.241105
saving best net
best net saved to networks/disc40x20x3/net_5_depth/trained/, with error 0.002089



epoch [0 1] from [10 5]
training time per iterations 4.659941[ms]
testing on 20000 items
testing done
average error 0.001922
min error     0.000000
max error     0.236334
saving best net
best net saved to networks/disc40x20x3/net_5_depth/trained/, with error 0.001922



epoch [0 2] from [10 5]
training time per iterations 4.651792[ms]
testing on 20000 items
testing done
average error 0.001945
min error     0.000000
max error     0.244840



epoch [0 3] from [10 5]
training time per iterations 4.664530[ms]
testing on 20000 items
testing done
average error 0.002133
min error     0.000000
max error     0.249442



epoch [0 4] from [10 5]
training time per iterations 4.652362[ms]
testing on 20000 items
testing done
average error 0.001733
min error     0.000000
max error     0.226781
saving best net
best net saved to networks/disc40x20x3/net_5_depth/trained/, with error 0.001733



epoch [1 0] from [10 5]
training time per iterations 4.656423[ms]
testing on 20000 items
testing done
average error 0.001762
min error     0.000000
max error     0.230714



epoch [1 1] from [10 5]
training time per iterations 4.659496[ms]
testing on 20000 items
testing done
average error 0.001925
min error     0.000000
max error     0.261294



epoch [1 2] from [10 5]
training time per iterations 4.656979[ms]
testing on 20000 items
testing done
average error 0.001654
min error     0.000000
max error     0.242555
saving best net
best net saved to networks/disc40x20x3/net_5_depth/trained/, with error 0.001654



epoch [1 3] from [10 5]
training time per iterations 4.662722[ms]
testing on 20000 items
testing done
average error 0.001697
min error     0.000000
max error     0.259429



epoch [1 4] from [10 5]
training time per iterations 4.656172[ms]
testing on 20000 items
testing done
average error 0.001828
min error     0.000000
max error     0.251183



epoch [2 0] from [10 5]
training time per iterations 4.655769[ms]
testing on 20000 items
testing done
average error 0.001606
min error     0.000000
max error     0.242257
saving best net
best net saved to networks/disc40x20x3/net_5_depth/trained/, with error 0.001606



epoch [2 1] from [10 5]
training time per iterations 4.656144[ms]
testing on 20000 items
testing done
average error 0.001638
min error     0.000000
max error     0.253912



epoch [2 2] from [10 5]
training time per iterations 4.653071[ms]
testing on 20000 items
testing done
average error 0.001648
min error     0.000000
max error     0.248824



epoch [2 3] from [10 5]
training time per iterations 4.648496[ms]
testing on 20000 items
testing done
average error 0.001632
min error     0.000000
max error     0.252947



epoch [2 4] from [10 5]
training time per iterations 4.655143[ms]
testing on 20000 items
testing done
average error 0.001765
min error     0.000000
max error     0.242905



epoch [3 0] from [10 5]
training time per iterations 4.654225[ms]
testing on 20000 items
testing done
average error 0.001626
min error     0.000000
max error     0.246405



epoch [3 1] from [10 5]
training time per iterations 4.646215[ms]
testing on 20000 items
testing done
average error 0.001793
min error     0.000000
max error     0.266592



epoch [3 2] from [10 5]
training time per iterations 4.647995[ms]
testing on 20000 items
testing done
average error 0.001651
min error     0.000000
max error     0.244937



epoch [3 3] from [10 5]
training time per iterations 4.650304[ms]
testing on 20000 items
testing done
average error 0.001587
min error     0.000000
max error     0.241763
saving best net
best net saved to networks/disc40x20x3/net_5_depth/trained/, with error 0.001587



epoch [3 4] from [10 5]
training time per iterations 4.668618[ms]
testing on 20000 items
testing done
average error 0.001564
min error     0.000000
max error     0.251732
saving best net
best net saved to networks/disc40x20x3/net_5_depth/trained/, with error 0.001564



epoch [4 0] from [10 5]
training time per iterations 4.652348[ms]
testing on 20000 items
testing done
average error 0.001738
min error     0.000000
max error     0.252251



epoch [4 1] from [10 5]
training time per iterations 4.655213[ms]
testing on 20000 items
testing done
average error 0.001783
min error     0.000000
max error     0.238117



epoch [4 2] from [10 5]
training time per iterations 4.674779[ms]
testing on 20000 items
testing done
average error 0.001573
min error     0.000000
max error     0.240749



epoch [4 3] from [10 5]
training time per iterations 4.659746[ms]
testing on 20000 items
testing done
average error 0.001711
min error     0.000000
max error     0.232049



epoch [4 4] from [10 5]
training time per iterations 4.657730[ms]
testing on 20000 items
testing done
average error 0.001662
min error     0.000000
max error     0.231270



epoch [5 0] from [10 5]
training time per iterations 4.668729[ms]
testing on 20000 items
testing done
average error 0.001729
min error     0.000000
max error     0.234542



epoch [5 1] from [10 5]
training time per iterations 4.678339[ms]
testing on 20000 items
testing done
average error 0.001633
min error     0.000000
max error     0.239040



epoch [5 2] from [10 5]
training time per iterations 4.660330[ms]
testing on 20000 items
testing done
average error 0.001754
min error     0.000000
max error     0.242122



epoch [5 3] from [10 5]
training time per iterations 4.665893[ms]
testing on 20000 items
testing done
average error 0.001603
min error     0.000000
max error     0.247854



epoch [5 4] from [10 5]
training time per iterations 4.654629[ms]
testing on 20000 items
testing done
average error 0.001574
min error     0.000000
max error     0.256197



epoch [6 0] from [10 5]
training time per iterations 4.652292[ms]
testing on 20000 items
testing done
average error 0.001564
min error     0.000000
max error     0.236039
saving best net
best net saved to networks/disc40x20x3/net_5_depth/trained/, with error 0.001564



epoch [6 1] from [10 5]
training time per iterations 4.657187[ms]
testing on 20000 items
testing done
average error 0.001672
min error     0.000000
max error     0.246304



epoch [6 2] from [10 5]
training time per iterations 4.655658[ms]
testing on 20000 items
testing done
average error 0.001645
min error     0.000000
max error     0.231031



epoch [6 3] from [10 5]
training time per iterations 4.663821[ms]
testing on 20000 items
testing done
average error 0.001535
min error     0.000000
max error     0.247145
saving best net
best net saved to networks/disc40x20x3/net_5_depth/trained/, with error 0.001535



epoch [6 4] from [10 5]
training time per iterations 4.654615[ms]
testing on 20000 items
testing done
average error 0.001570
min error     0.000000
max error     0.236545



epoch [7 0] from [10 5]
training time per iterations 4.664043[ms]
testing on 20000 items
testing done
average error 0.001716
min error     0.000000
max error     0.228561



epoch [7 1] from [10 5]
training time per iterations 4.650346[ms]
testing on 20000 items
testing done
average error 0.001591
min error     0.000000
max error     0.242134



epoch [7 2] from [10 5]
training time per iterations 4.658828[ms]
testing on 20000 items
testing done
average error 0.001532
min error     0.000000
max error     0.218649
saving best net
best net saved to networks/disc40x20x3/net_5_depth/trained/, with error 0.001532



epoch [7 3] from [10 5]
training time per iterations 4.652181[ms]
testing on 20000 items
testing done
average error 0.001592
min error     0.000000
max error     0.219283



epoch [7 4] from [10 5]
training time per iterations 4.648774[ms]
testing on 20000 items
testing done
average error 0.001623
min error     0.000000
max error     0.240826
setting learning rate to 0.000050



epoch [8 0] from [10 5]
training time per iterations 4.648635[ms]
testing on 20000 items
testing done
average error 0.001579
min error     0.000000
max error     0.240404



epoch [8 1] from [10 5]
training time per iterations 4.659927[ms]
testing on 20000 items
testing done
average error 0.001558
min error     0.000000
max error     0.238131



epoch [8 2] from [10 5]
training time per iterations 4.662778[ms]
testing on 20000 items
testing done
average error 0.001562
min error     0.000000
max error     0.238227



epoch [8 3] from [10 5]
training time per iterations 4.650304[ms]
testing on 20000 items
testing done
average error 0.001529
min error     0.000000
max error     0.234338
saving best net
best net saved to networks/disc40x20x3/net_5_depth/trained/, with error 0.001529



epoch [8 4] from [10 5]
training time per iterations 4.655616[ms]
testing on 20000 items
testing done
average error 0.001551
min error     0.000000
max error     0.240445



epoch [9 0] from [10 5]
training time per iterations 4.655727[ms]
testing on 20000 items
testing done
average error 0.001560
min error     0.000000
max error     0.230433



epoch [9 1] from [10 5]
training time per iterations 4.658189[ms]
testing on 20000 items
testing done
average error 0.001623
min error     0.000000
max error     0.235416



epoch [9 2] from [10 5]
training time per iterations 4.657340[ms]
testing on 20000 items
testing done
average error 0.001565
min error     0.000000
max error     0.239343



epoch [9 3] from [10 5]
training time per iterations 4.652598[ms]
testing on 20000 items
testing done
average error 0.001648
min error     0.000000
max error     0.240518



epoch [9 4] from [10 5]
training time per iterations 4.651458[ms]
testing on 20000 items
testing done
average error 0.001537
min error     0.000000
max error     0.238670
training done
