0.000000 0 0 0.002089 0.000000 0.241105 0.002105 0.000000 0.153408
0.200000 0 1 0.001922 0.000000 0.236334 0.001944 0.000000 0.161314
0.400000 0 2 0.001945 0.000000 0.244840 0.001983 0.000000 0.259992
0.600000 0 3 0.002133 0.000000 0.249442 0.002170 0.000000 0.183353
0.800000 0 4 0.001733 0.000000 0.226781 0.001748 0.000000 0.167791
1.000000 1 0 0.001762 0.000000 0.230714 0.001787 0.000000 0.204578
1.200000 1 1 0.001925 0.000000 0.261294 0.001941 0.000000 0.185271
1.400000 1 2 0.001654 0.000000 0.242555 0.001656 0.000000 0.184774
1.600000 1 3 0.001697 0.000000 0.259429 0.001757 0.000000 0.168036
1.800000 1 4 0.001828 0.000000 0.251183 0.001845 0.000000 0.181542
2.000000 2 0 0.001606 0.000000 0.242257 0.001621 0.000000 0.135723
2.200000 2 1 0.001638 0.000000 0.253912 0.001701 0.000000 0.253913
2.400000 2 2 0.001648 0.000000 0.248824 0.001680 0.000000 0.201015
2.600000 2 3 0.001632 0.000000 0.252947 0.001666 0.000000 0.230273
2.800000 2 4 0.001765 0.000000 0.242905 0.001782 0.000000 0.172691
3.000000 3 0 0.001626 0.000000 0.246405 0.001650 0.000000 0.167311
3.200000 3 1 0.001793 0.000000 0.266592 0.001783 0.000000 0.178082
3.400000 3 2 0.001651 0.000000 0.244937 0.001637 0.000000 0.237719
3.600000 3 3 0.001587 0.000000 0.241763 0.001602 0.000000 0.215342
3.800000 3 4 0.001564 0.000000 0.251732 0.001580 0.000000 0.163407
4.000000 4 0 0.001738 0.000000 0.252251 0.001740 0.000000 0.178331
4.200000 4 1 0.001783 0.000000 0.238117 0.001743 0.000000 0.199728
4.400000 4 2 0.001573 0.000000 0.240749 0.001606 0.000000 0.224309
4.600000 4 3 0.001711 0.000000 0.232049 0.001710 0.000000 0.240584
4.800000 4 4 0.001662 0.000000 0.231270 0.001669 0.000000 0.189701
5.000000 5 0 0.001729 0.000000 0.234542 0.001750 0.000000 0.218699
5.200000 5 1 0.001633 0.000000 0.239040 0.001643 0.000000 0.158493
5.400000 5 2 0.001754 0.000000 0.242122 0.001769 0.000000 0.214740
5.600000 5 3 0.001603 0.000000 0.247854 0.001612 0.000000 0.169560
5.800000 5 4 0.001574 0.000000 0.256197 0.001601 0.000000 0.256197
6.000000 6 0 0.001564 0.000000 0.236039 0.001595 0.000000 0.222190
6.200000 6 1 0.001672 0.000000 0.246304 0.001673 0.000000 0.228263
6.400000 6 2 0.001645 0.000000 0.231031 0.001664 0.000000 0.227757
6.600000 6 3 0.001535 0.000000 0.247145 0.001569 0.000000 0.172424
6.800000 6 4 0.001570 0.000000 0.236545 0.001589 0.000000 0.232210
7.000000 7 0 0.001716 0.000000 0.228561 0.001740 0.000000 0.224833
7.200000 7 1 0.001591 0.000000 0.242134 0.001589 0.000000 0.181165
7.400000 7 2 0.001532 0.000000 0.218649 0.001535 0.000000 0.218649
7.600000 7 3 0.001592 0.000000 0.219283 0.001641 0.000000 0.209658
7.800000 7 4 0.001623 0.000000 0.240826 0.001676 0.000000 0.162133
8.000000 8 0 0.001579 0.000000 0.240404 0.001605 0.000000 0.252082
8.200000 8 1 0.001558 0.000000 0.238131 0.001570 0.000000 0.238131
8.400000 8 2 0.001562 0.000000 0.238227 0.001587 0.000000 0.142955
8.600000 8 3 0.001529 0.000000 0.234338 0.001534 0.000000 0.219563
8.800000 8 4 0.001551 0.000000 0.240445 0.001557 0.000000 0.244313
9.000000 9 0 0.001560 0.000000 0.230433 0.001586 0.000000 0.161439
9.200000 9 1 0.001623 0.000000 0.235416 0.001654 0.000000 0.185587
9.400000 9 2 0.001565 0.000000 0.239343 0.001560 0.000000 0.160770
9.600000 9 3 0.001648 0.000000 0.240518 0.001660 0.000000 0.185720
9.800000 9 4 0.001537 0.000000 0.238670 0.001572 0.000000 0.178316
