initializing
training size    : 359556
testing size     : 20000
epoch count      : 10
sub epoch size   : 5

epoch_learning_rate_decay   : 8
learning_rate_decay         : 0.250000

training



epoch [0 0] from [10 5]
training time per iterations 2.152383[ms]
testing on 20000 items
testing done
average error 0.003503
min error     0.000000
max error     0.262819
saving best net
best net saved to networks/disc8x8x3_no_gaussian/net_5/trained/, with error 0.003503



epoch [0 1] from [10 5]
training time per iterations 2.153078[ms]
testing on 20000 items
testing done
average error 0.003289
min error     0.000000
max error     0.268393
saving best net
best net saved to networks/disc8x8x3_no_gaussian/net_5/trained/, with error 0.003289



epoch [0 2] from [10 5]
training time per iterations 2.147015[ms]
testing on 20000 items
testing done
average error 0.003214
min error     0.000000
max error     0.257475
saving best net
best net saved to networks/disc8x8x3_no_gaussian/net_5/trained/, with error 0.003214



epoch [0 3] from [10 5]
training time per iterations 2.146153[ms]
testing on 20000 items
testing done
average error 0.003293
min error     0.000000
max error     0.254454



epoch [0 4] from [10 5]
training time per iterations 2.159141[ms]
testing on 20000 items
testing done
average error 0.003195
min error     0.000000
max error     0.260036
saving best net
best net saved to networks/disc8x8x3_no_gaussian/net_5/trained/, with error 0.003195



epoch [1 0] from [10 5]
training time per iterations 2.150923[ms]
testing on 20000 items
testing done
average error 0.003096
min error     0.000000
max error     0.248283
saving best net
best net saved to networks/disc8x8x3_no_gaussian/net_5/trained/, with error 0.003096



epoch [1 1] from [10 5]
training time per iterations 2.149449[ms]
testing on 20000 items
testing done
average error 0.003062
min error     0.000000
max error     0.254750
saving best net
best net saved to networks/disc8x8x3_no_gaussian/net_5/trained/, with error 0.003062



epoch [1 2] from [10 5]
training time per iterations 2.149602[ms]
testing on 20000 items
testing done
average error 0.002957
min error     0.000000
max error     0.242278
saving best net
best net saved to networks/disc8x8x3_no_gaussian/net_5/trained/, with error 0.002957



epoch [1 3] from [10 5]
training time per iterations 2.153189[ms]
testing on 20000 items
testing done
average error 0.002996
min error     0.000000
max error     0.238148



epoch [1 4] from [10 5]
training time per iterations 2.150144[ms]
testing on 20000 items
testing done
average error 0.002961
min error     0.000000
max error     0.232384



epoch [2 0] from [10 5]
training time per iterations 2.154052[ms]
testing on 20000 items
testing done
average error 0.002986
min error     0.000000
max error     0.238657



epoch [2 1] from [10 5]
training time per iterations 2.150033[ms]
testing on 20000 items
testing done
average error 0.003031
min error     0.000000
max error     0.243339



epoch [2 2] from [10 5]
training time per iterations 2.147557[ms]
testing on 20000 items
testing done
average error 0.002916
min error     0.000000
max error     0.243427
saving best net
best net saved to networks/disc8x8x3_no_gaussian/net_5/trained/, with error 0.002916



epoch [2 3] from [10 5]
training time per iterations 2.155387[ms]
testing on 20000 items
testing done
average error 0.003091
min error     0.000000
max error     0.241011



epoch [2 4] from [10 5]
training time per iterations 2.150297[ms]
testing on 20000 items
testing done
average error 0.003037
min error     0.000000
max error     0.226352



epoch [3 0] from [10 5]
training time per iterations 2.148169[ms]
testing on 20000 items
testing done
average error 0.002949
min error     0.000000
max error     0.247186



epoch [3 1] from [10 5]
training time per iterations 2.147085[ms]
testing on 20000 items
testing done
average error 0.002977
min error     0.000000
max error     0.245461



epoch [3 2] from [10 5]
training time per iterations 2.154886[ms]
testing on 20000 items
testing done
average error 0.002890
min error     0.000000
max error     0.243166
saving best net
best net saved to networks/disc8x8x3_no_gaussian/net_5/trained/, with error 0.002890



epoch [3 3] from [10 5]
training time per iterations 2.148406[ms]
testing on 20000 items
testing done
average error 0.003021
min error     0.000000
max error     0.243739



epoch [3 4] from [10 5]
training time per iterations 2.147418[ms]
testing on 20000 items
testing done
average error 0.003029
min error     0.000000
max error     0.247213



epoch [4 0] from [10 5]
training time per iterations 2.149963[ms]
testing on 20000 items
testing done
average error 0.002832
min error     0.000000
max error     0.232792
saving best net
best net saved to networks/disc8x8x3_no_gaussian/net_5/trained/, with error 0.002832



epoch [4 1] from [10 5]
training time per iterations 2.151701[ms]
testing on 20000 items
testing done
average error 0.002933
min error     0.000000
max error     0.239100



epoch [4 2] from [10 5]
training time per iterations 2.144860[ms]
testing on 20000 items
testing done
average error 0.002882
min error     0.000000
max error     0.233431



epoch [4 3] from [10 5]
training time per iterations 2.148976[ms]
testing on 20000 items
testing done
average error 0.002799
min error     0.000000
max error     0.231560
saving best net
best net saved to networks/disc8x8x3_no_gaussian/net_5/trained/, with error 0.002799



epoch [4 4] from [10 5]
training time per iterations 2.156054[ms]
testing on 20000 items
testing done
average error 0.003027
min error     0.000000
max error     0.240453



epoch [5 0] from [10 5]
training time per iterations 2.147863[ms]
testing on 20000 items
testing done
average error 0.002844
min error     0.000000
max error     0.240282



epoch [5 1] from [10 5]
training time per iterations 2.147975[ms]
testing on 20000 items
testing done
average error 0.002796
min error     0.000000
max error     0.221348
saving best net
best net saved to networks/disc8x8x3_no_gaussian/net_5/trained/, with error 0.002796



epoch [5 2] from [10 5]
training time per iterations 2.161686[ms]
testing on 20000 items
testing done
average error 0.002924
min error     0.000000
max error     0.238948



epoch [5 3] from [10 5]
training time per iterations 2.153787[ms]
testing on 20000 items
testing done
average error 0.002829
min error     0.000000
max error     0.228217



epoch [5 4] from [10 5]
training time per iterations 2.147641[ms]
testing on 20000 items
testing done
average error 0.002887
min error     0.000000
max error     0.227980



epoch [6 0] from [10 5]
training time per iterations 2.144011[ms]
testing on 20000 items
testing done
average error 0.002836
min error     0.000000
max error     0.211567



epoch [6 1] from [10 5]
training time per iterations 2.145875[ms]
testing on 20000 items
testing done
average error 0.002863
min error     0.000000
max error     0.203854



epoch [6 2] from [10 5]
training time per iterations 2.155790[ms]
testing on 20000 items
testing done
average error 0.002941
min error     0.000000
max error     0.228980



epoch [6 3] from [10 5]
training time per iterations 2.150047[ms]
testing on 20000 items
testing done
average error 0.002897
min error     0.000000
max error     0.228318



epoch [6 4] from [10 5]
training time per iterations 2.144957[ms]
testing on 20000 items
testing done
average error 0.002875
min error     0.000000
max error     0.238703



epoch [7 0] from [10 5]
training time per iterations 2.146598[ms]
testing on 20000 items
testing done
average error 0.002852
min error     0.000000
max error     0.227061



epoch [7 1] from [10 5]
training time per iterations 2.152981[ms]
testing on 20000 items
testing done
average error 0.002828
min error     0.000000
max error     0.217881



epoch [7 2] from [10 5]
training time per iterations 2.148517[ms]
testing on 20000 items
testing done
average error 0.002787
min error     0.000000
max error     0.221626
saving best net
best net saved to networks/disc8x8x3_no_gaussian/net_5/trained/, with error 0.002787



epoch [7 3] from [10 5]
training time per iterations 2.147738[ms]
testing on 20000 items
testing done
average error 0.002894
min error     0.000000
max error     0.216946



epoch [7 4] from [10 5]
training time per iterations 2.156096[ms]
testing on 20000 items
testing done
average error 0.002785
min error     0.000000
max error     0.229038
saving best net
best net saved to networks/disc8x8x3_no_gaussian/net_5/trained/, with error 0.002785
setting learning rate to 0.000050



epoch [8 0] from [10 5]
training time per iterations 2.152146[ms]
testing on 20000 items
testing done
average error 0.002801
min error     0.000000
max error     0.225004



epoch [8 1] from [10 5]
training time per iterations 2.157097[ms]
testing on 20000 items
testing done
average error 0.002875
min error     0.000000
max error     0.230183



epoch [8 2] from [10 5]
training time per iterations 2.145402[ms]
testing on 20000 items
testing done
average error 0.002805
min error     0.000000
max error     0.231147



epoch [8 3] from [10 5]
training time per iterations 2.145611[ms]
testing on 20000 items
testing done
average error 0.002753
min error     0.000000
max error     0.224003
saving best net
best net saved to networks/disc8x8x3_no_gaussian/net_5/trained/, with error 0.002753



epoch [8 4] from [10 5]
training time per iterations 2.155748[ms]
testing on 20000 items
testing done
average error 0.002812
min error     0.000000
max error     0.226687



epoch [9 0] from [10 5]
training time per iterations 2.148072[ms]
testing on 20000 items
testing done
average error 0.002789
min error     0.000000
max error     0.225327



epoch [9 1] from [10 5]
training time per iterations 2.153440[ms]
testing on 20000 items
testing done
average error 0.002846
min error     0.000000
max error     0.223980



epoch [9 2] from [10 5]
training time per iterations 2.152675[ms]
testing on 20000 items
testing done
average error 0.002841
min error     0.000000
max error     0.224198



epoch [9 3] from [10 5]
training time per iterations 2.154789[ms]
testing on 20000 items
testing done
average error 0.002795
min error     0.000000
max error     0.224809



epoch [9 4] from [10 5]
training time per iterations 2.148503[ms]
testing on 20000 items
testing done
average error 0.002807
min error     0.000000
max error     0.228375
training done
