0.000000 0 0 0.003503 0.000000 0.262819 0.003511 0.000000 0.163737
0.200000 0 1 0.003289 0.000000 0.268393 0.003235 0.000000 0.263349
0.400000 0 2 0.003214 0.000000 0.257475 0.003169 0.000000 0.163174
0.600000 0 3 0.003293 0.000000 0.254454 0.003233 0.000000 0.158944
0.800000 0 4 0.003195 0.000000 0.260036 0.003172 0.000000 0.260036
1.000000 1 0 0.003096 0.000000 0.248283 0.003084 0.000000 0.248062
1.200000 1 1 0.003062 0.000000 0.254750 0.002979 0.000000 0.249836
1.400000 1 2 0.002957 0.000000 0.242278 0.002893 0.000000 0.167935
1.600000 1 3 0.002996 0.000000 0.238148 0.002964 0.000000 0.233397
1.800000 1 4 0.002961 0.000000 0.232384 0.002928 0.000000 0.226541
2.000000 2 0 0.002986 0.000000 0.238657 0.002943 0.000000 0.240403
2.200000 2 1 0.003031 0.000000 0.243339 0.002996 0.000000 0.157694
2.400000 2 2 0.002916 0.000000 0.243427 0.002904 0.000000 0.184095
2.600000 2 3 0.003091 0.000000 0.241011 0.003037 0.000000 0.244394
2.800000 2 4 0.003037 0.000000 0.226352 0.003087 0.000000 0.234413
3.000000 3 0 0.002949 0.000000 0.247186 0.002917 0.000000 0.205148
3.200000 3 1 0.002977 0.000000 0.245461 0.002926 0.000000 0.245460
3.400000 3 2 0.002890 0.000000 0.243166 0.002849 0.000000 0.161482
3.600000 3 3 0.003021 0.000000 0.243739 0.002934 0.000000 0.238473
3.800000 3 4 0.003029 0.000000 0.247213 0.002948 0.000000 0.160059
4.000000 4 0 0.002832 0.000000 0.232792 0.002770 0.000000 0.178287
4.200000 4 1 0.002933 0.000000 0.239100 0.002883 0.000000 0.175613
4.400000 4 2 0.002882 0.000000 0.233431 0.002823 0.000000 0.240822
4.600000 4 3 0.002799 0.000000 0.231560 0.002783 0.000000 0.169612
4.800000 4 4 0.003027 0.000000 0.240453 0.002994 0.000000 0.233813
5.000000 5 0 0.002844 0.000000 0.240282 0.002867 0.000000 0.240753
5.200000 5 1 0.002796 0.000000 0.221348 0.002736 0.000000 0.245081
5.400000 5 2 0.002924 0.000000 0.238948 0.002884 0.000000 0.217108
5.600000 5 3 0.002829 0.000000 0.228217 0.002790 0.000000 0.235797
5.800000 5 4 0.002887 0.000000 0.227980 0.002840 0.000000 0.180474
6.000000 6 0 0.002836 0.000000 0.211567 0.002778 0.000000 0.200084
6.200000 6 1 0.002863 0.000000 0.203854 0.002828 0.000000 0.210973
6.400000 6 2 0.002941 0.000000 0.228980 0.002886 0.000000 0.158544
6.600000 6 3 0.002897 0.000000 0.228318 0.002894 0.000000 0.145422
6.800000 6 4 0.002875 0.000000 0.238703 0.002815 0.000000 0.151285
7.000000 7 0 0.002852 0.000000 0.227061 0.002871 0.000000 0.175234
7.200000 7 1 0.002828 0.000000 0.217881 0.002780 0.000000 0.189081
7.400000 7 2 0.002787 0.000000 0.221626 0.002676 0.000000 0.198849
7.600000 7 3 0.002894 0.000000 0.216946 0.002906 0.000000 0.247076
7.800000 7 4 0.002785 0.000000 0.229038 0.002717 0.000000 0.149356
8.000000 8 0 0.002801 0.000000 0.225004 0.002769 0.000000 0.162980
8.200000 8 1 0.002875 0.000000 0.230183 0.002850 0.000000 0.203149
8.400000 8 2 0.002805 0.000000 0.231147 0.002748 0.000000 0.247931
8.600000 8 3 0.002753 0.000000 0.224003 0.002729 0.000000 0.150711
8.800000 8 4 0.002812 0.000000 0.226687 0.002769 0.000000 0.242181
9.000000 9 0 0.002789 0.000000 0.225327 0.002743 0.000000 0.225111
9.200000 9 1 0.002846 0.000000 0.223980 0.002817 0.000000 0.176262
9.400000 9 2 0.002841 0.000000 0.224198 0.002812 0.000000 0.192058
9.600000 9 3 0.002795 0.000000 0.224809 0.002731 0.000000 0.250798
9.800000 9 4 0.002807 0.000000 0.228375 0.002694 0.000000 0.180028
