0 -0.399124 1 0.000050
1 -0.392118 1 0.000050
2 -0.385112 0 0.000000
3 -0.378106 2 0.000100
4 -0.371100 1 0.000050
5 -0.364095 0 0.000000
6 -0.357089 0 0.000000
7 -0.350083 0 0.000000
8 -0.343077 0 0.000000
9 -0.336072 2 0.000100
10 -0.329066 1 0.000050
11 -0.322060 6 0.000300
12 -0.315054 5 0.000250
13 -0.308049 2 0.000100
14 -0.301043 3 0.000150
15 -0.294037 8 0.000400
16 -0.287031 4 0.000200
17 -0.280025 1 0.000050
18 -0.273020 2 0.000100
19 -0.266014 0 0.000000
20 -0.259008 0 0.000000
21 -0.252002 0 0.000000
22 -0.244997 0 0.000000
23 -0.237991 0 0.000000
24 -0.230985 14 0.000700
25 -0.223979 8 0.000400
26 -0.216973 8 0.000400
27 -0.209968 4 0.000200
28 -0.202962 10 0.000500
29 -0.195956 4 0.000200
30 -0.188950 6 0.000300
31 -0.181945 6 0.000300
32 -0.174939 13 0.000650
33 -0.167933 13 0.000650
34 -0.160927 13 0.000650
35 -0.153921 17 0.000850
36 -0.146916 19 0.000950
37 -0.139910 34 0.001700
38 -0.132904 33 0.001650
39 -0.125898 28 0.001400
40 -0.118893 69 0.003450
41 -0.111887 87 0.004350
42 -0.104881 114 0.005700
43 -0.097875 140 0.007000
44 -0.090870 190 0.009500
45 -0.083864 192 0.009600
46 -0.076858 240 0.012000
47 -0.069852 226 0.011300
48 -0.062846 235 0.011750
49 -0.055841 225 0.011250
50 -0.048835 300 0.015000
51 -0.041829 358 0.017900
52 -0.034823 507 0.025350
53 -0.027818 945 0.047250
54 -0.020812 2391 0.119550
55 -0.013806 5001 0.250050
56 -0.006800 3515 0.175750
57 0.000206 1804 0.090200
58 0.007211 763 0.038150
59 0.014217 406 0.020300
60 0.021223 277 0.013850
61 0.028229 226 0.011300
62 0.035234 204 0.010200
63 0.042240 174 0.008700
64 0.049246 139 0.006950
65 0.056252 124 0.006200
66 0.063258 117 0.005850
67 0.070263 77 0.003850
68 0.077269 75 0.003750
69 0.084275 88 0.004400
70 0.091281 59 0.002950
71 0.098286 57 0.002850
72 0.105292 55 0.002750
73 0.112298 55 0.002750
74 0.119304 43 0.002150
75 0.126309 32 0.001600
76 0.133315 25 0.001250
77 0.140321 29 0.001450
78 0.147327 26 0.001300
79 0.154333 22 0.001100
80 0.161338 23 0.001150
81 0.168344 14 0.000700
82 0.175350 8 0.000400
83 0.182356 6 0.000300
84 0.189361 13 0.000650
85 0.196367 6 0.000300
86 0.203373 6 0.000300
87 0.210379 5 0.000250
88 0.217385 3 0.000150
89 0.224390 8 0.000400
90 0.231396 6 0.000300
91 0.238402 6 0.000300
92 0.245408 5 0.000250
93 0.252413 3 0.000150
94 0.259419 1 0.000050
95 0.266425 4 0.000200
96 0.273431 1 0.000050
97 0.280437 0 0.000000
98 0.287442 1 0.000050
99 0.294448 0 0.000000
