0 -0.482533 1 0.000050
1 -0.473567 0 0.000000
2 -0.464601 0 0.000000
3 -0.455635 0 0.000000
4 -0.446669 0 0.000000
5 -0.437702 1 0.000050
6 -0.428736 0 0.000000
7 -0.419770 0 0.000000
8 -0.410804 0 0.000000
9 -0.401838 0 0.000000
10 -0.392872 0 0.000000
11 -0.383905 1 0.000050
12 -0.374939 0 0.000000
13 -0.365973 1 0.000050
14 -0.357007 0 0.000000
15 -0.348041 1 0.000050
16 -0.339075 0 0.000000
17 -0.330108 0 0.000000
18 -0.321142 0 0.000000
19 -0.312176 1 0.000050
20 -0.303210 2 0.000100
21 -0.294244 0 0.000000
22 -0.285278 4 0.000200
23 -0.276312 5 0.000250
24 -0.267345 2 0.000100
25 -0.258379 2 0.000100
26 -0.249413 3 0.000150
27 -0.240447 3 0.000150
28 -0.231481 0 0.000000
29 -0.222515 3 0.000150
30 -0.213548 7 0.000350
31 -0.204582 15 0.000750
32 -0.195616 21 0.001050
33 -0.186650 60 0.003000
34 -0.177684 77 0.003850
35 -0.168718 66 0.003300
36 -0.159752 89 0.004450
37 -0.150785 134 0.006700
38 -0.141819 215 0.010750
39 -0.132853 294 0.014700
40 -0.123887 206 0.010300
41 -0.114921 154 0.007700
42 -0.105955 199 0.009950
43 -0.096988 352 0.017600
44 -0.088022 763 0.038150
45 -0.079056 778 0.038900
46 -0.070090 516 0.025800
47 -0.061124 404 0.020200
48 -0.052158 592 0.029600
49 -0.043191 782 0.039100
50 -0.034225 688 0.034400
51 -0.025259 768 0.038400
52 -0.016293 1910 0.095500
53 -0.007327 2749 0.137450
54 0.001639 990 0.049500
55 0.010606 975 0.048750
56 0.019572 1197 0.059850
57 0.028538 641 0.032050
58 0.037504 394 0.019700
59 0.046470 503 0.025150
60 0.055436 556 0.027800
61 0.064402 640 0.032000
62 0.073369 350 0.017500
63 0.082335 249 0.012450
64 0.091301 168 0.008400
65 0.100267 204 0.010200
66 0.109233 310 0.015500
67 0.118199 319 0.015950
68 0.127166 162 0.008100
69 0.136132 88 0.004400
70 0.145098 104 0.005200
71 0.154064 71 0.003550
72 0.163030 98 0.004900
73 0.171996 36 0.001800
74 0.180963 17 0.000850
75 0.189929 10 0.000500
76 0.198895 9 0.000450
77 0.207861 10 0.000500
78 0.216827 7 0.000350
79 0.225793 4 0.000200
80 0.234759 2 0.000100
81 0.243726 0 0.000000
82 0.252692 0 0.000000
83 0.261658 2 0.000100
84 0.270624 1 0.000050
85 0.279590 2 0.000100
86 0.288556 2 0.000100
87 0.297523 1 0.000050
88 0.306489 2 0.000100
89 0.315455 3 0.000150
90 0.324421 0 0.000000
91 0.333387 1 0.000050
92 0.342353 0 0.000000
93 0.351320 0 0.000000
94 0.360286 0 0.000000
95 0.369252 0 0.000000
96 0.378218 1 0.000050
97 0.387184 0 0.000000
98 0.396150 2 0.000100
99 0.405116 0 0.000000
