0 -0.482533 1 0.000017
1 -0.473567 0 0.000000
2 -0.464601 0 0.000000
3 -0.455635 0 0.000000
4 -0.446669 0 0.000000
5 -0.437702 1 0.000017
6 -0.428736 0 0.000000
7 -0.419770 0 0.000000
8 -0.410804 0 0.000000
9 -0.401838 1 0.000017
10 -0.392872 1 0.000017
11 -0.383905 2 0.000033
12 -0.374939 1 0.000017
13 -0.365973 2 0.000033
14 -0.357007 0 0.000000
15 -0.348041 3 0.000050
16 -0.339075 1 0.000017
17 -0.330108 2 0.000033
18 -0.321142 7 0.000117
19 -0.312176 5 0.000083
20 -0.303210 9 0.000150
21 -0.294244 10 0.000167
22 -0.285278 14 0.000233
23 -0.276312 9 0.000150
24 -0.267345 7 0.000117
25 -0.258379 3 0.000050
26 -0.249413 6 0.000100
27 -0.240447 8 0.000133
28 -0.231481 17 0.000283
29 -0.222515 23 0.000383
30 -0.213548 17 0.000283
31 -0.204582 36 0.000600
32 -0.195616 45 0.000750
33 -0.186650 78 0.001300
34 -0.177684 109 0.001817
35 -0.168718 104 0.001733
36 -0.159752 141 0.002350
37 -0.150785 187 0.003117
38 -0.141819 272 0.004533
39 -0.132853 364 0.006067
40 -0.123887 299 0.004983
41 -0.114921 324 0.005400
42 -0.105955 442 0.007367
43 -0.096988 676 0.011267
44 -0.088022 1149 0.019150
45 -0.079056 1202 0.020033
46 -0.070090 950 0.015833
47 -0.061124 886 0.014767
48 -0.052158 1311 0.021850
49 -0.043191 1655 0.027583
50 -0.034225 2089 0.034817
51 -0.025259 4334 0.072233
52 -0.016293 12493 0.208217
53 -0.007327 13176 0.219600
54 0.001639 4887 0.081450
55 0.010606 2337 0.038950
56 0.019572 1982 0.033033
57 0.028538 1294 0.021567
58 0.037504 844 0.014067
59 0.046470 920 0.015333
60 0.055436 872 0.014533
61 0.064402 891 0.014850
62 0.073369 539 0.008983
63 0.082335 425 0.007083
64 0.091301 304 0.005067
65 0.100267 323 0.005383
66 0.109233 421 0.007017
67 0.118199 412 0.006867
68 0.127166 232 0.003867
69 0.136132 139 0.002317
70 0.145098 162 0.002700
71 0.154064 119 0.001983
72 0.163030 129 0.002150
73 0.171996 62 0.001033
74 0.180963 29 0.000483
75 0.189929 39 0.000650
76 0.198895 20 0.000333
77 0.207861 23 0.000383
78 0.216827 23 0.000383
79 0.225793 16 0.000267
80 0.234759 11 0.000183
81 0.243726 11 0.000183
82 0.252692 5 0.000083
83 0.261658 10 0.000167
84 0.270624 9 0.000150
85 0.279590 6 0.000100
86 0.288556 9 0.000150
87 0.297523 4 0.000067
88 0.306489 5 0.000083
89 0.315455 3 0.000050
90 0.324421 1 0.000017
91 0.333387 2 0.000033
92 0.342353 1 0.000017
93 0.351320 3 0.000050
94 0.360286 1 0.000017
95 0.369252 0 0.000000
96 0.378218 1 0.000017
97 0.387184 0 0.000000
98 0.396150 2 0.000033
99 0.405116 0 0.000000
