0 -0.347422 1 0.000050
1 -0.340269 1 0.000050
2 -0.333115 0 0.000000
3 -0.325962 0 0.000000
4 -0.318808 0 0.000000
5 -0.311655 0 0.000000
6 -0.304501 1 0.000050
7 -0.297348 2 0.000100
8 -0.290195 1 0.000050
9 -0.283041 5 0.000250
10 -0.275888 2 0.000100
11 -0.268734 4 0.000200
12 -0.261581 1 0.000050
13 -0.254428 1 0.000050
14 -0.247274 4 0.000200
15 -0.240121 3 0.000150
16 -0.232967 2 0.000100
17 -0.225814 4 0.000200
18 -0.218661 5 0.000250
19 -0.211507 5 0.000250
20 -0.204354 6 0.000300
21 -0.197200 13 0.000650
22 -0.190047 12 0.000600
23 -0.182893 8 0.000400
24 -0.175740 17 0.000850
25 -0.168587 13 0.000650
26 -0.161433 27 0.001350
27 -0.154280 22 0.001100
28 -0.147126 26 0.001300
29 -0.139973 15 0.000750
30 -0.132820 27 0.001350
31 -0.125666 31 0.001550
32 -0.118513 28 0.001400
33 -0.111359 58 0.002900
34 -0.104206 89 0.004450
35 -0.097053 99 0.004950
36 -0.089899 104 0.005200
37 -0.082746 109 0.005450
38 -0.075592 113 0.005650
39 -0.068439 110 0.005500
40 -0.061286 129 0.006450
41 -0.054132 264 0.013200
42 -0.046979 298 0.014900
43 -0.039825 380 0.019000
44 -0.032672 548 0.027400
45 -0.025518 1036 0.051800
46 -0.018365 2858 0.142900
47 -0.011212 5020 0.251000
48 -0.004058 4167 0.208350
49 0.003095 1537 0.076850
50 0.010249 646 0.032300
51 0.017402 361 0.018050
52 0.024555 320 0.016000
53 0.031709 246 0.012300
54 0.038862 180 0.009000
55 0.046016 180 0.009000
56 0.053169 149 0.007450
57 0.060322 104 0.005200
58 0.067476 81 0.004050
59 0.074629 70 0.003500
60 0.081783 62 0.003100
61 0.088936 51 0.002550
62 0.096090 47 0.002350
63 0.103243 30 0.001500
64 0.110396 33 0.001650
65 0.117550 23 0.001150
66 0.124703 35 0.001750
67 0.131857 18 0.000900
68 0.139010 12 0.000600
69 0.146163 20 0.001000
70 0.153317 16 0.000800
71 0.160470 9 0.000450
72 0.167624 9 0.000450
73 0.174777 10 0.000500
74 0.181930 3 0.000150
75 0.189084 11 0.000550
76 0.196237 3 0.000150
77 0.203391 4 0.000200
78 0.210544 6 0.000300
79 0.217698 9 0.000450
80 0.224851 2 0.000100
81 0.232004 2 0.000100
82 0.239158 4 0.000200
83 0.246311 3 0.000150
84 0.253465 2 0.000100
85 0.260618 1 0.000050
86 0.267771 6 0.000300
87 0.274925 4 0.000200
88 0.282078 3 0.000150
89 0.289232 5 0.000250
90 0.296385 4 0.000200
91 0.303538 1 0.000050
92 0.310692 2 0.000100
93 0.317845 0 0.000000
94 0.324999 1 0.000050
95 0.332152 1 0.000050
96 0.339305 1 0.000050
97 0.346459 1 0.000050
98 0.353612 2 0.000100
99 0.360766 1 0.000050
