0 0.000000 46089 0.768150
1 0.002352 4248 0.070800
2 0.004704 3133 0.052217
3 0.007056 1641 0.027350
4 0.009408 935 0.015583
5 0.011760 863 0.014383
6 0.014111 699 0.011650
7 0.016463 585 0.009750
8 0.018815 330 0.005500
9 0.021167 309 0.005150
10 0.023519 207 0.003450
11 0.025871 174 0.002900
12 0.028223 184 0.003067
13 0.030575 100 0.001667
14 0.032927 60 0.001000
15 0.035279 65 0.001083
16 0.037630 50 0.000833
17 0.039982 29 0.000483
18 0.042334 27 0.000450
19 0.044686 27 0.000450
20 0.047038 24 0.000400
21 0.049390 17 0.000283
22 0.051742 23 0.000383
23 0.054094 11 0.000183
24 0.056446 11 0.000183
25 0.058798 15 0.000250
26 0.061149 2 0.000033
27 0.063501 7 0.000117
28 0.065853 4 0.000067
29 0.068205 7 0.000117
30 0.070557 10 0.000167
31 0.072909 11 0.000183
32 0.075261 8 0.000133
33 0.077613 11 0.000183
34 0.079965 6 0.000100
35 0.082317 6 0.000100
36 0.084668 12 0.000200
37 0.087020 7 0.000117
38 0.089372 6 0.000100
39 0.091724 2 0.000033
40 0.094076 6 0.000100
41 0.096428 4 0.000067
42 0.098780 5 0.000083
43 0.101132 4 0.000067
44 0.103484 1 0.000017
45 0.105836 0 0.000000
46 0.108187 2 0.000033
47 0.110539 1 0.000017
48 0.112891 3 0.000050
49 0.115243 0 0.000000
50 0.117595 2 0.000033
51 0.119947 1 0.000017
52 0.122299 0 0.000000
53 0.124651 2 0.000033
54 0.127003 2 0.000033
55 0.129355 1 0.000017
56 0.131706 1 0.000017
57 0.134058 0 0.000000
58 0.136410 0 0.000000
59 0.138762 2 0.000033
60 0.141114 0 0.000000
61 0.143466 1 0.000017
62 0.145818 1 0.000017
63 0.148170 0 0.000000
64 0.150522 0 0.000000
65 0.152874 1 0.000017
66 0.155226 0 0.000000
67 0.157577 1 0.000017
68 0.159929 0 0.000000
69 0.162281 2 0.000033
70 0.164633 0 0.000000
71 0.166985 0 0.000000
72 0.169337 0 0.000000
73 0.171689 0 0.000000
74 0.174041 0 0.000000
75 0.176393 0 0.000000
76 0.178745 0 0.000000
77 0.181096 0 0.000000
78 0.183448 0 0.000000
79 0.185800 0 0.000000
80 0.188152 1 0.000017
81 0.190504 0 0.000000
82 0.192856 0 0.000000
83 0.195208 0 0.000000
84 0.197560 0 0.000000
85 0.199912 0 0.000000
86 0.202264 0 0.000000
87 0.204615 0 0.000000
88 0.206967 0 0.000000
89 0.209319 0 0.000000
90 0.211671 0 0.000000
91 0.214023 0 0.000000
92 0.216375 0 0.000000
93 0.218727 0 0.000000
94 0.221079 0 0.000000
95 0.223431 0 0.000000
96 0.225783 0 0.000000
97 0.228134 0 0.000000
98 0.230486 0 0.000000
99 0.232838 1 0.000017
