0 0.000000 1 0.000017
1 0.010098 7 0.000117
2 0.020196 7 0.000117
3 0.030293 7 0.000117
4 0.040391 4 0.000067
5 0.050489 20 0.000333
6 0.060587 13 0.000217
7 0.070684 15 0.000250
8 0.080782 21 0.000350
9 0.090880 9 0.000150
10 0.100978 18 0.000300
11 0.111076 12 0.000200
12 0.121173 8 0.000133
13 0.131271 13 0.000217
14 0.141369 11 0.000183
15 0.151467 9 0.000150
16 0.161564 19 0.000317
17 0.171662 21 0.000350
18 0.181760 29 0.000483
19 0.191858 29 0.000483
20 0.201956 33 0.000550
21 0.212053 40 0.000667
22 0.222151 42 0.000700
23 0.232249 24 0.000400
24 0.242347 42 0.000700
25 0.252444 57 0.000950
26 0.262542 65 0.001083
27 0.272640 93 0.001550
28 0.282738 93 0.001550
29 0.292836 98 0.001633
30 0.302933 140 0.002333
31 0.313031 235 0.003917
32 0.323129 290 0.004833
33 0.333227 314 0.005233
34 0.343324 258 0.004300
35 0.353422 253 0.004217
36 0.363520 343 0.005717
37 0.373618 499 0.008317
38 0.383716 403 0.006717
39 0.393813 383 0.006383
40 0.403911 592 0.009867
41 0.414009 744 0.012400
42 0.424107 1423 0.023717
43 0.434204 962 0.016033
44 0.444302 900 0.015000
45 0.454400 1220 0.020333
46 0.464498 1894 0.031567
47 0.474596 2125 0.035417
48 0.484693 3293 0.054883
49 0.494791 7642 0.127367
50 0.504889 3483 0.058050
51 0.514987 2279 0.037983
52 0.525084 2319 0.038650
53 0.535182 1445 0.024083
54 0.545280 1289 0.021483
55 0.555378 1414 0.023567
56 0.565476 1884 0.031400
57 0.575573 2496 0.041600
58 0.585671 3385 0.056417
59 0.595769 2780 0.046333
60 0.605867 1556 0.025933
61 0.615964 1241 0.020683
62 0.626062 1102 0.018367
63 0.636160 565 0.009417
64 0.646258 494 0.008233
65 0.656356 477 0.007950
66 0.666453 388 0.006467
67 0.676551 337 0.005617
68 0.686649 249 0.004150
69 0.696747 222 0.003700
70 0.706845 212 0.003533
71 0.716942 209 0.003483
72 0.727040 165 0.002750
73 0.737138 201 0.003350
74 0.747236 175 0.002917
75 0.757333 184 0.003067
76 0.767431 243 0.004050
77 0.777529 186 0.003100
78 0.787627 207 0.003450
79 0.797724 150 0.002500
80 0.807822 155 0.002583
81 0.817920 193 0.003217
82 0.828018 266 0.004433
83 0.838116 226 0.003767
84 0.848213 311 0.005183
85 0.858311 396 0.006600
86 0.868409 398 0.006633
87 0.878507 443 0.007383
88 0.888605 217 0.003617
89 0.898702 218 0.003633
90 0.908800 267 0.004450
91 0.918898 274 0.004567
92 0.928996 213 0.003550
93 0.939093 131 0.002183
94 0.949191 56 0.000933
95 0.959289 46 0.000767
96 0.969387 51 0.000850
97 0.979484 22 0.000367
98 0.989582 6 0.000100
99 0.999680 1 0.000017
