0 0.011944 2 0.000100
1 0.021712 5 0.000250
2 0.031480 3 0.000150
3 0.041249 1 0.000050
4 0.051017 9 0.000450
5 0.060785 11 0.000550
6 0.070553 11 0.000550
7 0.080322 15 0.000750
8 0.090090 5 0.000250
9 0.099858 13 0.000650
10 0.109626 8 0.000400
11 0.119395 5 0.000250
12 0.129163 9 0.000450
13 0.138931 11 0.000550
14 0.148699 3 0.000150
15 0.158468 13 0.000650
16 0.168236 21 0.001050
17 0.178004 19 0.000950
18 0.187772 26 0.001300
19 0.197541 15 0.000750
20 0.207309 24 0.001200
21 0.217077 30 0.001500
22 0.226845 23 0.001150
23 0.236614 19 0.000950
24 0.246382 27 0.001350
25 0.256150 34 0.001700
26 0.265918 39 0.001950
27 0.275687 54 0.002700
28 0.285455 44 0.002200
29 0.295223 70 0.003500
30 0.304991 65 0.003250
31 0.314760 72 0.003600
32 0.324528 73 0.003650
33 0.334296 82 0.004100
34 0.344065 98 0.004900
35 0.353833 87 0.004350
36 0.363601 138 0.006900
37 0.373369 112 0.005600
38 0.383138 176 0.008800
39 0.392906 173 0.008650
40 0.402674 214 0.010700
41 0.412442 225 0.011250
42 0.422211 274 0.013700
43 0.431979 361 0.018050
44 0.441747 396 0.019800
45 0.451515 530 0.026500
46 0.461284 769 0.038450
47 0.471052 1016 0.050800
48 0.480820 1763 0.088150
49 0.490588 3260 0.163000
50 0.500357 2899 0.144950
51 0.510125 1587 0.079350
52 0.519893 941 0.047050
53 0.529661 644 0.032200
54 0.539430 435 0.021750
55 0.549198 374 0.018700
56 0.558966 343 0.017150
57 0.568734 340 0.017000
58 0.578503 280 0.014000
59 0.588271 177 0.008850
60 0.598039 165 0.008250
61 0.607807 161 0.008050
62 0.617576 142 0.007100
63 0.627344 101 0.005050
64 0.637112 96 0.004800
65 0.646880 94 0.004700
66 0.656649 92 0.004600
67 0.666417 89 0.004450
68 0.676185 75 0.003750
69 0.685953 42 0.002100
70 0.695722 28 0.001400
71 0.705490 29 0.001450
72 0.715258 35 0.001750
73 0.725026 27 0.001350
74 0.734795 21 0.001050
75 0.744563 26 0.001300
76 0.754331 21 0.001050
77 0.764100 30 0.001500
78 0.773868 27 0.001350
79 0.783636 19 0.000950
80 0.793404 20 0.001000
81 0.803173 9 0.000450
82 0.812941 19 0.000950
83 0.822709 15 0.000750
84 0.832477 23 0.001150
85 0.842246 17 0.000850
86 0.852014 14 0.000700
87 0.861782 9 0.000450
88 0.871550 8 0.000400
89 0.881319 8 0.000400
90 0.891087 9 0.000450
91 0.900855 7 0.000350
92 0.910623 8 0.000400
93 0.920392 12 0.000600
94 0.930160 6 0.000300
95 0.939928 7 0.000350
96 0.949696 2 0.000100
97 0.959465 5 0.000250
98 0.969233 8 0.000400
99 0.979001 1 0.000050
