0 0.010879 6 0.000300
1 0.020867 1 0.000050
2 0.030855 4 0.000200
3 0.040843 4 0.000200
4 0.050830 10 0.000500
5 0.060818 2 0.000100
6 0.070806 4 0.000200
7 0.080794 6 0.000300
8 0.090782 3 0.000150
9 0.100770 5 0.000250
10 0.110758 2 0.000100
11 0.120746 2 0.000100
12 0.130734 3 0.000150
13 0.140721 1 0.000050
14 0.150709 3 0.000150
15 0.160697 2 0.000100
16 0.170685 4 0.000200
17 0.180673 1 0.000050
18 0.190661 8 0.000400
19 0.200649 5 0.000250
20 0.210637 9 0.000450
21 0.220625 8 0.000400
22 0.230612 4 0.000200
23 0.240600 13 0.000650
24 0.250588 30 0.001500
25 0.260576 19 0.000950
26 0.270564 31 0.001550
27 0.280552 50 0.002500
28 0.290540 26 0.001300
29 0.300528 28 0.001400
30 0.310516 135 0.006750
31 0.320503 87 0.004350
32 0.330491 178 0.008900
33 0.340479 102 0.005100
34 0.350467 47 0.002350
35 0.360455 13 0.000650
36 0.370443 21 0.001050
37 0.380431 22 0.001100
38 0.390419 11 0.000550
39 0.400407 14 0.000700
40 0.410394 24 0.001200
41 0.420382 34 0.001700
42 0.430370 23 0.001150
43 0.440358 36 0.001800
44 0.450346 38 0.001900
45 0.460334 48 0.002400
46 0.470322 86 0.004300
47 0.480310 82 0.004100
48 0.490298 129 0.006450
49 0.500286 130 0.006500
50 0.510273 136 0.006800
51 0.520261 163 0.008150
52 0.530249 215 0.010750
53 0.540237 273 0.013650
54 0.550225 394 0.019700
55 0.560213 559 0.027950
56 0.570201 868 0.043400
57 0.580189 2302 0.115100
58 0.590177 2854 0.142700
59 0.600164 1682 0.084100
60 0.610152 922 0.046100
61 0.620140 765 0.038250
62 0.630128 444 0.022200
63 0.640116 352 0.017600
64 0.650104 289 0.014450
65 0.660092 226 0.011300
66 0.670080 193 0.009650
67 0.680068 189 0.009450
68 0.690055 176 0.008800
69 0.700043 153 0.007650
70 0.710031 180 0.009000
71 0.720019 156 0.007800
72 0.730007 144 0.007200
73 0.739995 144 0.007200
74 0.749983 161 0.008050
75 0.759971 175 0.008750
76 0.769959 191 0.009550
77 0.779946 160 0.008000
78 0.789934 177 0.008850
79 0.799922 121 0.006050
80 0.809910 145 0.007250
81 0.819898 230 0.011500
82 0.829886 202 0.010100
83 0.839874 210 0.010500
84 0.849862 299 0.014950
85 0.859850 390 0.019500
86 0.869837 384 0.019200
87 0.879825 419 0.020950
88 0.889813 197 0.009850
89 0.899801 218 0.010900
90 0.909789 255 0.012750
91 0.919777 262 0.013100
92 0.929765 193 0.009650
93 0.939753 114 0.005700
94 0.949741 54 0.002700
95 0.959728 40 0.002000
96 0.969716 42 0.002100
97 0.979704 21 0.001050
98 0.989692 6 0.000300
99 0.999680 1 0.000050
