0 0.461477 10 0.000500
1 0.462770 0 0.000000
2 0.464062 0 0.000000
3 0.465355 12 0.000600
4 0.466647 0 0.000000
5 0.467939 0 0.000000
6 0.469232 7 0.000350
7 0.470524 16 0.000800
8 0.471817 5 0.000250
9 0.473109 7 0.000350
10 0.474401 0 0.000000
11 0.475694 0 0.000000
12 0.476986 18 0.000900
13 0.478278 6 0.000300
14 0.479571 3 0.000150
15 0.480863 27 0.001350
16 0.482156 25 0.001250
17 0.483448 17 0.000850
18 0.484740 21 0.001050
19 0.486033 42 0.002100
20 0.487325 42 0.002100
21 0.488618 213 0.010650
22 0.489910 112 0.005600
23 0.491202 142 0.007100
24 0.492495 128 0.006400
25 0.493787 89 0.004450
26 0.495079 268 0.013400
27 0.496372 226 0.011300
28 0.497664 286 0.014300
29 0.498957 422 0.021100
30 0.500249 306 0.015300
31 0.501541 917 0.045850
32 0.502834 1123 0.056150
33 0.504126 733 0.036650
34 0.505418 1722 0.086100
35 0.506711 1953 0.097650
36 0.508003 2888 0.144400
37 0.509296 2061 0.103050
38 0.510588 1349 0.067450
39 0.511880 1210 0.060500
40 0.513173 640 0.032000
41 0.514465 613 0.030650
42 0.515758 429 0.021450
43 0.517050 273 0.013650
44 0.518342 150 0.007500
45 0.519635 147 0.007350
46 0.520927 140 0.007000
47 0.522219 46 0.002300
48 0.523512 144 0.007200
49 0.524804 65 0.003250
50 0.526097 48 0.002400
51 0.527389 44 0.002200
52 0.528681 50 0.002500
53 0.529974 60 0.003000
54 0.531266 35 0.001750
55 0.532559 86 0.004300
56 0.533851 33 0.001650
57 0.535143 14 0.000700
58 0.536436 36 0.001800
59 0.537728 43 0.002150
60 0.539020 33 0.001650
61 0.540313 94 0.004700
62 0.541605 53 0.002650
63 0.542898 12 0.000600
64 0.544190 7 0.000350
65 0.545482 6 0.000300
66 0.546775 39 0.001950
67 0.548067 27 0.001350
68 0.549360 10 0.000500
69 0.550652 5 0.000250
70 0.551944 34 0.001700
71 0.553237 2 0.000100
72 0.554529 6 0.000300
73 0.555821 46 0.002300
74 0.557114 10 0.000500
75 0.558406 18 0.000900
76 0.559699 16 0.000800
77 0.560991 1 0.000050
78 0.562283 0 0.000000
79 0.563576 8 0.000400
80 0.564868 12 0.000600
81 0.566160 23 0.001150
82 0.567453 0 0.000000
83 0.568745 0 0.000000
84 0.570038 1 0.000050
85 0.571330 1 0.000050
86 0.572622 0 0.000000
87 0.573915 12 0.000600
88 0.575207 9 0.000450
89 0.576500 2 0.000100
90 0.577792 2 0.000100
91 0.579084 0 0.000000
92 0.580377 0 0.000000
93 0.581669 0 0.000000
94 0.582961 2 0.000100
95 0.584254 0 0.000000
96 0.585546 4 0.000200
97 0.586839 0 0.000000
98 0.588131 0 0.000000
99 0.589423 3 0.000150
