0 0.045750 3 0.000150
1 0.055428 0 0.000000
2 0.065105 5 0.000250
3 0.074782 4 0.000200
4 0.084459 11 0.000550
5 0.094136 3 0.000150
6 0.103813 0 0.000000
7 0.113490 0 0.000000
8 0.123167 8 0.000400
9 0.132844 9 0.000450
10 0.142521 0 0.000000
11 0.152198 0 0.000000
12 0.161876 12 0.000600
13 0.171553 2 0.000100
14 0.181230 0 0.000000
15 0.190907 0 0.000000
16 0.200584 0 0.000000
17 0.210261 0 0.000000
18 0.219938 19 0.000950
19 0.229615 6 0.000300
20 0.239292 8 0.000400
21 0.248969 6 0.000300
22 0.258647 38 0.001900
23 0.268324 11 0.000550
24 0.278001 18 0.000900
25 0.287678 56 0.002800
26 0.297355 20 0.001000
27 0.307032 8 0.000400
28 0.316709 222 0.011100
29 0.326386 86 0.004300
30 0.336063 162 0.008100
31 0.345740 27 0.001350
32 0.355417 9 0.000450
33 0.365095 3 0.000150
34 0.374772 4 0.000200
35 0.384449 10 0.000500
36 0.394126 7 0.000350
37 0.403803 3 0.000150
38 0.413480 2 0.000100
39 0.423157 173 0.008650
40 0.432834 0 0.000000
41 0.442511 6 0.000300
42 0.452188 24 0.001200
43 0.461865 23 0.001150
44 0.471543 11 0.000550
45 0.481220 223 0.011150
46 0.490897 61 0.003050
47 0.500574 75 0.003750
48 0.510251 346 0.017300
49 0.519928 76 0.003800
50 0.529605 85 0.004250
51 0.539282 106 0.005300
52 0.548959 385 0.019250
53 0.558636 274 0.013700
54 0.568313 503 0.025150
55 0.577991 1128 0.056400
56 0.587668 2015 0.100750
57 0.597345 2811 0.140550
58 0.607022 1178 0.058900
59 0.616699 1017 0.050850
60 0.626376 662 0.033100
61 0.636053 353 0.017650
62 0.645730 379 0.018950
63 0.655407 308 0.015400
64 0.665084 428 0.021400
65 0.674762 130 0.006500
66 0.684439 115 0.005750
67 0.694116 190 0.009500
68 0.703793 262 0.013100
69 0.713470 356 0.017800
70 0.723147 815 0.040750
71 0.732824 469 0.023450
72 0.742501 69 0.003450
73 0.752178 32 0.001600
74 0.761855 53 0.002650
75 0.771533 145 0.007250
76 0.781210 88 0.004400
77 0.790887 98 0.004900
78 0.800564 116 0.005800
79 0.810241 96 0.004800
80 0.819918 145 0.007250
81 0.829595 487 0.024350
82 0.839272 84 0.004200
83 0.848949 332 0.016600
84 0.858626 211 0.010550
85 0.868303 311 0.015550
86 0.877980 292 0.014600
87 0.887658 238 0.011900
88 0.897335 205 0.010250
89 0.907012 357 0.017850
90 0.916689 154 0.007700
91 0.926366 202 0.010100
92 0.936043 161 0.008050
93 0.945720 113 0.005650
94 0.955397 161 0.008050
95 0.965074 59 0.002950
96 0.974751 7 0.000350
97 0.984429 3 0.000150
98 0.994106 10 0.000500
99 1.003783 2 0.000100
