0 0.000000 1 0.000050
1 0.009103 0 0.000000
2 0.018206 0 0.000000
3 0.027309 0 0.000000
4 0.036412 0 0.000000
5 0.045515 0 0.000000
6 0.054618 0 0.000000
7 0.063721 0 0.000000
8 0.072824 0 0.000000
9 0.081927 0 0.000000
10 0.091030 0 0.000000
11 0.100133 1 0.000050
12 0.109236 0 0.000000
13 0.118339 0 0.000000
14 0.127442 2 0.000100
15 0.136545 0 0.000000
16 0.145649 0 0.000000
17 0.154752 0 0.000000
18 0.163855 0 0.000000
19 0.172958 0 0.000000
20 0.182061 0 0.000000
21 0.191164 2 0.000100
22 0.200267 4 0.000200
23 0.209370 1 0.000050
24 0.218473 5 0.000250
25 0.227576 4 0.000200
26 0.236679 0 0.000000
27 0.245782 3 0.000150
28 0.254885 0 0.000000
29 0.263988 4 0.000200
30 0.273091 0 0.000000
31 0.282194 0 0.000000
32 0.291297 3 0.000150
33 0.300400 15 0.000750
34 0.309503 27 0.001350
35 0.318606 49 0.002450
36 0.327709 85 0.004250
37 0.336812 55 0.002750
38 0.345915 67 0.003350
39 0.355018 139 0.006950
40 0.364121 166 0.008300
41 0.373224 346 0.017300
42 0.382327 172 0.008600
43 0.391430 179 0.008950
44 0.400533 245 0.012250
45 0.409636 399 0.019950
46 0.418739 571 0.028550
47 0.427842 947 0.047350
48 0.436946 458 0.022900
49 0.446049 355 0.017750
50 0.455152 521 0.026050
51 0.464255 879 0.043950
52 0.473358 730 0.036500
53 0.482461 587 0.029350
54 0.491564 825 0.041250
55 0.500667 4076 0.203800
56 0.509770 783 0.039150
57 0.518873 896 0.044800
58 0.527976 1210 0.060500
59 0.537079 565 0.028250
60 0.546182 474 0.023700
61 0.555285 549 0.027450
62 0.564388 663 0.033150
63 0.573491 649 0.032450
64 0.582594 358 0.017900
65 0.591697 256 0.012800
66 0.600800 250 0.012500
67 0.609903 242 0.012100
68 0.619006 295 0.014750
69 0.628109 323 0.016150
70 0.637212 89 0.004450
71 0.646315 75 0.003750
72 0.655418 119 0.005950
73 0.664521 75 0.003750
74 0.673624 89 0.004450
75 0.682727 29 0.001450
76 0.691830 22 0.001100
77 0.700933 34 0.001700
78 0.710036 8 0.000400
79 0.719140 1 0.000050
80 0.728243 0 0.000000
81 0.737346 1 0.000050
82 0.746449 1 0.000050
83 0.755552 0 0.000000
84 0.764655 3 0.000150
85 0.773758 0 0.000000
86 0.782861 3 0.000150
87 0.791964 4 0.000200
88 0.801067 7 0.000350
89 0.810170 0 0.000000
90 0.819273 0 0.000000
91 0.828376 0 0.000000
92 0.837479 0 0.000000
93 0.846582 0 0.000000
94 0.855685 0 0.000000
95 0.864788 0 0.000000
96 0.873891 1 0.000050
97 0.882994 1 0.000050
98 0.892097 1 0.000050
99 0.901200 1 0.000050
