0 0.119295 25 0.001250
1 0.127375 0 0.000000
2 0.135455 0 0.000000
3 0.143535 0 0.000000
4 0.151616 0 0.000000
5 0.159696 5 0.000250
6 0.167776 11 0.000550
7 0.175857 0 0.000000
8 0.183937 5 0.000250
9 0.192017 0 0.000000
10 0.200098 18 0.000900
11 0.208178 6 0.000300
12 0.216258 22 0.001100
13 0.224338 3 0.000150
14 0.232419 1 0.000050
15 0.240499 16 0.000800
16 0.248579 11 0.000550
17 0.256660 159 0.007950
18 0.264740 9 0.000450
19 0.272820 19 0.000950
20 0.280900 0 0.000000
21 0.288981 161 0.008050
22 0.297061 39 0.001950
23 0.305141 4 0.000200
24 0.313222 28 0.001400
25 0.321302 40 0.002000
26 0.329382 34 0.001700
27 0.337463 15 0.000750
28 0.345543 112 0.005600
29 0.353623 226 0.011300
30 0.361703 150 0.007500
31 0.369784 209 0.010450
32 0.377864 133 0.006650
33 0.385944 214 0.010700
34 0.394025 60 0.003000
35 0.402105 208 0.010400
36 0.410185 86 0.004300
37 0.418265 85 0.004250
38 0.426346 120 0.006000
39 0.434426 652 0.032600
40 0.442506 719 0.035950
41 0.450587 191 0.009550
42 0.458667 302 0.015100
43 0.466747 478 0.023900
44 0.474828 644 0.032200
45 0.482908 962 0.048100
46 0.490988 1155 0.057750
47 0.499068 3416 0.170800
48 0.507149 2385 0.119250
49 0.515229 1034 0.051700
50 0.523309 729 0.036450
51 0.531390 872 0.043600
52 0.539470 499 0.024950
53 0.547550 370 0.018500
54 0.555630 352 0.017600
55 0.563711 378 0.018900
56 0.571791 124 0.006200
57 0.579871 185 0.009250
58 0.587952 300 0.015000
59 0.596032 135 0.006750
60 0.604112 134 0.006700
61 0.612193 376 0.018800
62 0.620273 83 0.004150
63 0.628353 31 0.001550
64 0.636433 216 0.010800
65 0.644514 373 0.018650
66 0.652594 51 0.002550
67 0.660674 79 0.003950
68 0.668755 84 0.004200
69 0.676835 26 0.001300
70 0.684915 20 0.001000
71 0.692995 35 0.001750
72 0.701076 0 0.000000
73 0.709156 29 0.001450
74 0.717236 50 0.002500
75 0.725317 79 0.003950
76 0.733397 1 0.000050
77 0.741477 24 0.001200
78 0.749558 81 0.004050
79 0.757638 53 0.002650
80 0.765718 11 0.000550
81 0.773798 4 0.000200
82 0.781879 21 0.001050
83 0.789959 0 0.000000
84 0.798039 0 0.000000
85 0.806120 0 0.000000
86 0.814200 0 0.000000
87 0.822280 14 0.000700
88 0.830360 0 0.000000
89 0.838441 4 0.000200
90 0.846521 0 0.000000
91 0.854601 0 0.000000
92 0.862682 4 0.000200
93 0.870762 0 0.000000
94 0.878842 0 0.000000
95 0.886923 0 0.000000
96 0.895003 0 0.000000
97 0.903083 0 0.000000
98 0.911163 0 0.000000
99 0.919244 1 0.000050
