0 0.045750 3 0.000050
1 0.055428 0 0.000000
2 0.065105 5 0.000083
3 0.074782 4 0.000067
4 0.084459 11 0.000183
5 0.094136 3 0.000050
6 0.103813 0 0.000000
7 0.113490 22 0.000367
8 0.123167 11 0.000183
9 0.132844 9 0.000150
10 0.142521 0 0.000000
11 0.152198 0 0.000000
12 0.161876 17 0.000283
13 0.171553 13 0.000217
14 0.181230 5 0.000083
15 0.190907 5 0.000083
16 0.200584 19 0.000317
17 0.210261 22 0.000367
18 0.219938 19 0.000317
19 0.229615 10 0.000167
20 0.239292 24 0.000400
21 0.248969 88 0.001467
22 0.258647 126 0.002100
23 0.268324 25 0.000417
24 0.278001 32 0.000533
25 0.287678 225 0.003750
26 0.297355 54 0.000900
27 0.307032 31 0.000517
28 0.316709 241 0.004017
29 0.326386 145 0.002417
30 0.336063 184 0.003067
31 0.345740 151 0.002517
32 0.355417 237 0.003950
33 0.365095 160 0.002667
34 0.374772 309 0.005150
35 0.384449 235 0.003917
36 0.394126 90 0.001500
37 0.403803 226 0.003767
38 0.413480 92 0.001533
39 0.423157 314 0.005233
40 0.432834 674 0.011233
41 0.442511 735 0.012250
42 0.452188 318 0.005300
43 0.461865 474 0.007900
44 0.471543 768 0.012800
45 0.481220 1811 0.030183
46 0.490897 3735 0.062250
47 0.500574 14676 0.244600
48 0.510251 7789 0.129817
49 0.519928 1595 0.026583
50 0.529605 1337 0.022283
51 0.539282 1003 0.016717
52 0.548959 894 0.014900
53 0.558636 956 0.015933
54 0.568313 660 0.011000
55 0.577991 1367 0.022783
56 0.587668 2355 0.039250
57 0.597345 2924 0.048733
58 0.607022 1380 0.023000
59 0.616699 1392 0.023200
60 0.626376 694 0.011567
61 0.636053 571 0.009517
62 0.645730 788 0.013133
63 0.655407 357 0.005950
64 0.665084 487 0.008117
65 0.674762 224 0.003733
66 0.684439 135 0.002250
67 0.694116 225 0.003750
68 0.703793 286 0.004767
69 0.713470 386 0.006433
70 0.723147 919 0.015317
71 0.732824 473 0.007883
72 0.742501 140 0.002333
73 0.752178 81 0.001350
74 0.761855 98 0.001633
75 0.771533 149 0.002483
76 0.781210 110 0.001833
77 0.790887 98 0.001633
78 0.800564 116 0.001933
79 0.810241 96 0.001600
80 0.819918 159 0.002650
81 0.829595 487 0.008117
82 0.839272 88 0.001467
83 0.848949 332 0.005533
84 0.858626 215 0.003583
85 0.868303 311 0.005183
86 0.877980 292 0.004867
87 0.887658 238 0.003967
88 0.897335 205 0.003417
89 0.907012 357 0.005950
90 0.916689 155 0.002583
91 0.926366 202 0.003367
92 0.936043 161 0.002683
93 0.945720 113 0.001883
94 0.955397 161 0.002683
95 0.965074 59 0.000983
96 0.974751 7 0.000117
97 0.984429 3 0.000050
98 0.994106 10 0.000167
99 1.003783 2 0.000033
