initializing
training size    : 359556
testing size     : 20000
epoch count      : 10
sub epoch size   : 5

epoch_learning_rate_decay   : 8
learning_rate_decay         : 0.250000

training



epoch [0 0] from [10 5]
training time per iterations 7.256984[ms]
testing on 20000 items
testing done
average error 0.002817
min error     0.000000
max error     0.265880
saving best net
best net saved to networks/disc16x16x3/net_5_depth/trained/, with error 0.002817



epoch [0 1] from [10 5]
training time per iterations 7.253452[ms]
testing on 20000 items
testing done
average error 0.002235
min error     0.000000
max error     0.258890
saving best net
best net saved to networks/disc16x16x3/net_5_depth/trained/, with error 0.002235



epoch [0 2] from [10 5]
training time per iterations 7.273713[ms]
testing on 20000 items
testing done
average error 0.002086
min error     0.000000
max error     0.270336
saving best net
best net saved to networks/disc16x16x3/net_5_depth/trained/, with error 0.002086



epoch [0 3] from [10 5]
training time per iterations 7.287661[ms]
testing on 20000 items
testing done
average error 0.001979
min error     0.000000
max error     0.252384
saving best net
best net saved to networks/disc16x16x3/net_5_depth/trained/, with error 0.001979



epoch [0 4] from [10 5]
training time per iterations 7.286507[ms]
testing on 20000 items
testing done
average error 0.001837
min error     0.000000
max error     0.261086
saving best net
best net saved to networks/disc16x16x3/net_5_depth/trained/, with error 0.001837



epoch [1 0] from [10 5]
training time per iterations 7.262547[ms]
testing on 20000 items
testing done
average error 0.001841
min error     0.000000
max error     0.240928



epoch [1 1] from [10 5]
training time per iterations 7.258486[ms]
testing on 20000 items
testing done
average error 0.001795
min error     0.000000
max error     0.247211
saving best net
best net saved to networks/disc16x16x3/net_5_depth/trained/, with error 0.001795



epoch [1 2] from [10 5]
training time per iterations 7.279540[ms]
testing on 20000 items
testing done
average error 0.001750
min error     0.000000
max error     0.251320
saving best net
best net saved to networks/disc16x16x3/net_5_depth/trained/, with error 0.001750



epoch [1 3] from [10 5]
training time per iterations 7.280333[ms]
testing on 20000 items
testing done
average error 0.001741
min error     0.000000
max error     0.263325
saving best net
best net saved to networks/disc16x16x3/net_5_depth/trained/, with error 0.001741



epoch [1 4] from [10 5]
training time per iterations 7.247820[ms]
testing on 20000 items
testing done
average error 0.001902
min error     0.000000
max error     0.248408



epoch [2 0] from [10 5]
training time per iterations 7.247320[ms]
testing on 20000 items
testing done
average error 0.001813
min error     0.000000
max error     0.235712



epoch [2 1] from [10 5]
training time per iterations 7.262130[ms]
testing on 20000 items
testing done
average error 0.001816
min error     0.000000
max error     0.264042



epoch [2 2] from [10 5]
training time per iterations 7.277051[ms]
testing on 20000 items
testing done
average error 0.001687
min error     0.000000
max error     0.258760
saving best net
best net saved to networks/disc16x16x3/net_5_depth/trained/, with error 0.001687



epoch [2 3] from [10 5]
training time per iterations 7.268638[ms]
testing on 20000 items
testing done
average error 0.001765
min error     0.000000
max error     0.236540



epoch [2 4] from [10 5]
training time per iterations 7.248418[ms]
testing on 20000 items
testing done
average error 0.001679
min error     0.000000
max error     0.230826
saving best net
best net saved to networks/disc16x16x3/net_5_depth/trained/, with error 0.001679



epoch [3 0] from [10 5]
training time per iterations 7.247194[ms]
testing on 20000 items
testing done
average error 0.001723
min error     0.000000
max error     0.237344



epoch [3 1] from [10 5]
training time per iterations 7.280096[ms]
testing on 20000 items
testing done
average error 0.001710
min error     0.000000
max error     0.236299



epoch [3 2] from [10 5]
training time per iterations 7.281668[ms]
testing on 20000 items
testing done
average error 0.001776
min error     0.000000
max error     0.210745



epoch [3 3] from [10 5]
training time per iterations 7.252312[ms]
testing on 20000 items
testing done
average error 0.001772
min error     0.000000
max error     0.224703



epoch [3 4] from [10 5]
training time per iterations 7.251352[ms]
testing on 20000 items
testing done
average error 0.001679
min error     0.000000
max error     0.222230
saving best net
best net saved to networks/disc16x16x3/net_5_depth/trained/, with error 0.001679



epoch [4 0] from [10 5]
training time per iterations 7.273616[ms]
testing on 20000 items
testing done
average error 0.001709
min error     0.000000
max error     0.247474



epoch [4 1] from [10 5]
training time per iterations 7.251033[ms]
testing on 20000 items
testing done
average error 0.001923
min error     0.000000
max error     0.240166



epoch [4 2] from [10 5]
training time per iterations 7.218367[ms]
testing on 20000 items
testing done
average error 0.001623
min error     0.000000
max error     0.231725
saving best net
best net saved to networks/disc16x16x3/net_5_depth/trained/, with error 0.001623



epoch [4 3] from [10 5]
training time per iterations 7.218298[ms]
testing on 20000 items
testing done
average error 0.001584
min error     0.000000
max error     0.232787
saving best net
best net saved to networks/disc16x16x3/net_5_depth/trained/, with error 0.001584



epoch [4 4] from [10 5]
training time per iterations 7.217602[ms]
testing on 20000 items
testing done
average error 0.001656
min error     0.000000
max error     0.230976



epoch [5 0] from [10 5]
training time per iterations 7.216420[ms]
testing on 20000 items
testing done
average error 0.001648
min error     0.000000
max error     0.232831



epoch [5 1] from [10 5]
training time per iterations 7.220022[ms]
testing on 20000 items
testing done
average error 0.001756
min error     0.000000
max error     0.232110



epoch [5 2] from [10 5]
training time per iterations 7.218979[ms]
testing on 20000 items
testing done
average error 0.001692
min error     0.000000
max error     0.220939



epoch [5 3] from [10 5]
training time per iterations 7.218186[ms]
testing on 20000 items
testing done
average error 0.001714
min error     0.000000
max error     0.239330



epoch [5 4] from [10 5]
training time per iterations 7.217296[ms]
testing on 20000 items
testing done
average error 0.001689
min error     0.000000
max error     0.241299



epoch [6 0] from [10 5]
training time per iterations 7.215808[ms]
testing on 20000 items
testing done
average error 0.001737
min error     0.000000
max error     0.229474



epoch [6 1] from [10 5]
training time per iterations 7.215322[ms]
testing on 20000 items
testing done
average error 0.001656
min error     0.000000
max error     0.202392



epoch [6 2] from [10 5]
training time per iterations 7.215725[ms]
testing on 20000 items
testing done
average error 0.001667
min error     0.000000
max error     0.233507



epoch [6 3] from [10 5]
training time per iterations 7.216365[ms]
testing on 20000 items
testing done
average error 0.001716
min error     0.000000
max error     0.214245



epoch [6 4] from [10 5]
training time per iterations 7.216462[ms]
testing on 20000 items
testing done
average error 0.001751
min error     0.000000
max error     0.235076



epoch [7 0] from [10 5]
training time per iterations 7.216712[ms]
testing on 20000 items
testing done
average error 0.001729
min error     0.000000
max error     0.230772



epoch [7 1] from [10 5]
training time per iterations 7.216114[ms]
testing on 20000 items
testing done
average error 0.001741
min error     0.000000
max error     0.220875



epoch [7 2] from [10 5]
training time per iterations 7.216824[ms]
testing on 20000 items
testing done
average error 0.001616
min error     0.000000
max error     0.217975



epoch [7 3] from [10 5]
training time per iterations 7.215544[ms]
testing on 20000 items
testing done
average error 0.001638
min error     0.000000
max error     0.220815



epoch [7 4] from [10 5]
training time per iterations 7.217213[ms]
testing on 20000 items
testing done
average error 0.001659
min error     0.000000
max error     0.219819
setting learning rate to 0.000050



epoch [8 0] from [10 5]
training time per iterations 7.216865[ms]
testing on 20000 items
testing done
average error 0.001616
min error     0.000000
max error     0.217053



epoch [8 1] from [10 5]
training time per iterations 7.217199[ms]
testing on 20000 items
testing done
average error 0.001635
min error     0.000000
max error     0.222049



epoch [8 2] from [10 5]
training time per iterations 7.215210[ms]
testing on 20000 items
testing done
average error 0.001628
min error     0.000000
max error     0.215701



epoch [8 3] from [10 5]
training time per iterations 7.217797[ms]
testing on 20000 items
testing done
average error 0.001631
min error     0.000000
max error     0.215112



epoch [8 4] from [10 5]
training time per iterations 7.215280[ms]
testing on 20000 items
testing done
average error 0.001634
min error     0.000000
max error     0.220036



epoch [9 0] from [10 5]
training time per iterations 7.217853[ms]
testing on 20000 items
testing done
average error 0.001621
min error     0.000000
max error     0.213504



epoch [9 1] from [10 5]
training time per iterations 7.216573[ms]
testing on 20000 items
testing done
average error 0.001623
min error     0.000000
max error     0.207886



epoch [9 2] from [10 5]
training time per iterations 7.215322[ms]
testing on 20000 items
testing done
average error 0.001645
min error     0.000000
max error     0.225005



epoch [9 3] from [10 5]
training time per iterations 7.218339[ms]
testing on 20000 items
testing done
average error 0.001604
min error     0.000000
max error     0.215012



epoch [9 4] from [10 5]
training time per iterations 7.216100[ms]
testing on 20000 items
testing done
average error 0.001636
min error     0.000000
max error     0.221447
training done
