0.000000 0 0 0.002817 0.000000 0.265880 0.002815 0.000000 0.176892
0.200000 0 1 0.002235 0.000000 0.258890 0.002249 0.000000 0.263884
0.400000 0 2 0.002086 0.000000 0.270336 0.002098 0.000000 0.221545
0.600000 0 3 0.001979 0.000000 0.252384 0.001978 0.000000 0.217376
0.800000 0 4 0.001837 0.000000 0.261086 0.001843 0.000000 0.269173
1.000000 1 0 0.001841 0.000000 0.240928 0.001833 0.000000 0.166006
1.200000 1 1 0.001795 0.000000 0.247211 0.001791 0.000000 0.172685
1.400000 1 2 0.001750 0.000000 0.251320 0.001775 0.000000 0.179342
1.600000 1 3 0.001741 0.000000 0.263325 0.001772 0.000000 0.267072
1.800000 1 4 0.001902 0.000000 0.248408 0.001879 0.000000 0.173372
2.000000 2 0 0.001813 0.000000 0.235712 0.001823 0.000000 0.238963
2.200000 2 1 0.001816 0.000000 0.264042 0.001858 0.000000 0.196756
2.400000 2 2 0.001687 0.000000 0.258760 0.001655 0.000000 0.262341
2.600000 2 3 0.001765 0.000000 0.236540 0.001729 0.000000 0.248105
2.800000 2 4 0.001679 0.000000 0.230826 0.001677 0.000000 0.239635
3.000000 3 0 0.001723 0.000000 0.237344 0.001725 0.000000 0.175888
3.200000 3 1 0.001710 0.000000 0.236299 0.001683 0.000000 0.209410
3.400000 3 2 0.001776 0.000000 0.210745 0.001762 0.000000 0.143292
3.600000 3 3 0.001772 0.000000 0.224703 0.001719 0.000000 0.231386
3.800000 3 4 0.001679 0.000000 0.222230 0.001650 0.000000 0.175266
4.000000 4 0 0.001709 0.000000 0.247474 0.001697 0.000000 0.252253
4.200000 4 1 0.001923 0.000000 0.240166 0.001874 0.000000 0.249818
4.400000 4 2 0.001623 0.000000 0.231725 0.001633 0.000000 0.206148
4.600000 4 3 0.001584 0.000000 0.232787 0.001583 0.000000 0.238908
4.800000 4 4 0.001656 0.000000 0.230976 0.001655 0.000000 0.235180
5.000000 5 0 0.001648 0.000000 0.232831 0.001609 0.000000 0.189494
5.200000 5 1 0.001756 0.000000 0.232110 0.001762 0.000000 0.165473
5.400000 5 2 0.001692 0.000000 0.220939 0.001664 0.000000 0.188811
5.600000 5 3 0.001714 0.000000 0.239330 0.001688 0.000000 0.203939
5.800000 5 4 0.001689 0.000000 0.241299 0.001656 0.000000 0.186174
6.000000 6 0 0.001737 0.000000 0.229474 0.001692 0.000000 0.233857
6.200000 6 1 0.001656 0.000000 0.202392 0.001635 0.000000 0.226467
6.400000 6 2 0.001667 0.000000 0.233507 0.001644 0.000000 0.241495
6.600000 6 3 0.001716 0.000000 0.214245 0.001664 0.000000 0.136796
6.800000 6 4 0.001751 0.000000 0.235076 0.001746 0.000000 0.234353
7.000000 7 0 0.001729 0.000000 0.230772 0.001760 0.000000 0.239418
7.200000 7 1 0.001741 0.000000 0.220875 0.001728 0.000000 0.184434
7.400000 7 2 0.001616 0.000000 0.217975 0.001587 0.000000 0.150143
7.600000 7 3 0.001638 0.000000 0.220815 0.001598 0.000000 0.140218
7.800000 7 4 0.001659 0.000000 0.219819 0.001643 0.000000 0.240338
8.000000 8 0 0.001616 0.000000 0.217053 0.001596 0.000000 0.174745
8.200000 8 1 0.001635 0.000000 0.222049 0.001629 0.000000 0.172586
8.400000 8 2 0.001628 0.000000 0.215701 0.001607 0.000000 0.168532
8.600000 8 3 0.001631 0.000000 0.215112 0.001601 0.000000 0.207001
8.800000 8 4 0.001634 0.000000 0.220036 0.001622 0.000000 0.224942
9.000000 9 0 0.001621 0.000000 0.213504 0.001577 0.000000 0.145644
9.200000 9 1 0.001623 0.000000 0.207886 0.001622 0.000000 0.169471
9.400000 9 2 0.001645 0.000000 0.225005 0.001631 0.000000 0.175796
9.600000 9 3 0.001604 0.000000 0.215012 0.001567 0.000000 0.227861
9.800000 9 4 0.001636 0.000000 0.221447 0.001638 0.000000 0.225783
