0 0.000000 43195 0.719917
1 0.001484 4274 0.071233
2 0.002967 2408 0.040133
3 0.004451 1791 0.029850
4 0.005934 1782 0.029700
5 0.007418 1111 0.018517
6 0.008901 726 0.012100
7 0.010385 649 0.010817
8 0.011868 583 0.009717
9 0.013352 511 0.008517
10 0.014835 395 0.006583
11 0.016319 344 0.005733
12 0.017802 341 0.005683
13 0.019286 244 0.004067
14 0.020769 235 0.003917
15 0.022253 226 0.003767
16 0.023736 174 0.002900
17 0.025220 109 0.001817
18 0.026703 97 0.001617
19 0.028187 103 0.001717
20 0.029670 84 0.001400
21 0.031154 71 0.001183
22 0.032637 52 0.000867
23 0.034121 58 0.000967
24 0.035604 35 0.000583
25 0.037088 41 0.000683
26 0.038571 39 0.000650
27 0.040055 39 0.000650
28 0.041538 21 0.000350
29 0.043022 22 0.000367
30 0.044505 16 0.000267
31 0.045989 11 0.000183
32 0.047472 10 0.000167
33 0.048956 11 0.000183
34 0.050439 16 0.000267
35 0.051923 15 0.000250
36 0.053406 10 0.000167
37 0.054890 7 0.000117
38 0.056373 4 0.000067
39 0.057857 5 0.000083
40 0.059340 3 0.000050
41 0.060824 5 0.000083
42 0.062307 4 0.000067
43 0.063791 5 0.000083
44 0.065274 6 0.000100
45 0.066758 8 0.000133
46 0.068241 6 0.000100
47 0.069725 4 0.000067
48 0.071208 5 0.000083
49 0.072692 7 0.000117
50 0.074175 4 0.000067
51 0.075659 4 0.000067
52 0.077142 4 0.000067
53 0.078626 7 0.000117
54 0.080109 4 0.000067
55 0.081593 4 0.000067
56 0.083076 4 0.000067
57 0.084560 5 0.000083
58 0.086043 7 0.000117
59 0.087527 3 0.000050
60 0.089010 4 0.000067
61 0.090494 1 0.000017
62 0.091977 4 0.000067
63 0.093461 5 0.000083
64 0.094944 4 0.000067
65 0.096428 4 0.000067
66 0.097911 1 0.000017
67 0.099395 0 0.000000
68 0.100878 1 0.000017
69 0.102362 0 0.000000
70 0.103845 0 0.000000
71 0.105329 0 0.000000
72 0.106812 1 0.000017
73 0.108296 1 0.000017
74 0.109779 0 0.000000
75 0.111263 0 0.000000
76 0.112746 0 0.000000
77 0.114230 0 0.000000
78 0.115713 0 0.000000
79 0.117197 2 0.000033
80 0.118680 0 0.000000
81 0.120164 0 0.000000
82 0.121647 3 0.000050
83 0.123131 0 0.000000
84 0.124614 0 0.000000
85 0.126098 1 0.000017
86 0.127581 0 0.000000
87 0.129065 0 0.000000
88 0.130548 0 0.000000
89 0.132032 0 0.000000
90 0.133515 0 0.000000
91 0.134999 0 0.000000
92 0.136482 0 0.000000
93 0.137966 0 0.000000
94 0.139449 0 0.000000
95 0.140933 0 0.000000
96 0.142416 1 0.000017
97 0.143900 1 0.000017
98 0.145383 1 0.000017
99 0.146867 1 0.000017
