0 -0.381826 2 0.000100
1 -0.374757 0 0.000000
2 -0.367688 0 0.000000
3 -0.360619 0 0.000000
4 -0.353550 0 0.000000
5 -0.346481 0 0.000000
6 -0.339412 0 0.000000
7 -0.332343 1 0.000050
8 -0.325274 0 0.000000
9 -0.318205 1 0.000050
10 -0.311136 7 0.000350
11 -0.304067 3 0.000150
12 -0.296998 6 0.000300
13 -0.289928 1 0.000050
14 -0.282860 1 0.000050
15 -0.275790 2 0.000100
16 -0.268721 1 0.000050
17 -0.261652 2 0.000100
18 -0.254583 1 0.000050
19 -0.247514 2 0.000100
20 -0.240445 1 0.000050
21 -0.233376 2 0.000100
22 -0.226307 7 0.000350
23 -0.219238 7 0.000350
24 -0.212169 12 0.000600
25 -0.205100 7 0.000350
26 -0.198031 9 0.000450
27 -0.190962 8 0.000400
28 -0.183893 9 0.000450
29 -0.176824 7 0.000350
30 -0.169755 11 0.000550
31 -0.162686 15 0.000750
32 -0.155617 32 0.001600
33 -0.148548 28 0.001400
34 -0.141479 27 0.001350
35 -0.134410 34 0.001700
36 -0.127341 46 0.002300
37 -0.120272 49 0.002450
38 -0.113203 60 0.003000
39 -0.106134 112 0.005600
40 -0.099065 136 0.006800
41 -0.091996 176 0.008800
42 -0.084927 201 0.010050
43 -0.077858 225 0.011250
44 -0.070789 198 0.009900
45 -0.063720 241 0.012050
46 -0.056651 259 0.012950
47 -0.049582 258 0.012900
48 -0.042513 327 0.016350
49 -0.035444 433 0.021650
50 -0.028375 760 0.038000
51 -0.021306 1754 0.087700
52 -0.014237 4224 0.211200
53 -0.007168 4430 0.221500
54 -0.000099 2214 0.110700
55 0.006970 948 0.047400
56 0.014039 536 0.026800
57 0.021108 327 0.016350
58 0.028177 253 0.012650
59 0.035246 206 0.010300
60 0.042315 203 0.010150
61 0.049384 135 0.006750
62 0.056453 109 0.005450
63 0.063522 113 0.005650
64 0.070591 103 0.005150
65 0.077660 106 0.005300
66 0.084729 58 0.002900
67 0.091798 55 0.002750
68 0.098867 78 0.003900
69 0.105936 66 0.003300
70 0.113005 35 0.001750
71 0.120074 41 0.002050
72 0.127143 29 0.001450
73 0.134212 36 0.001800
74 0.141281 20 0.001000
75 0.148350 38 0.001900
76 0.155419 27 0.001350
77 0.162488 18 0.000900
78 0.169558 11 0.000550
79 0.176627 12 0.000600
80 0.183696 9 0.000450
81 0.190765 8 0.000400
82 0.197834 14 0.000700
83 0.204903 5 0.000250
84 0.211972 6 0.000300
85 0.219041 9 0.000450
86 0.226110 14 0.000700
87 0.233179 2 0.000100
88 0.240248 1 0.000050
89 0.247317 7 0.000350
90 0.254386 6 0.000300
91 0.261455 2 0.000100
92 0.268524 2 0.000100
93 0.275593 1 0.000050
94 0.282662 0 0.000000
95 0.289731 0 0.000000
96 0.296800 1 0.000050
97 0.303869 0 0.000000
98 0.310938 1 0.000050
99 0.318007 0 0.000000
