0 -0.343409 2 0.000100
1 -0.336400 0 0.000000
2 -0.329391 0 0.000000
3 -0.322383 0 0.000000
4 -0.315374 0 0.000000
5 -0.308365 3 0.000150
6 -0.301356 2 0.000100
7 -0.294347 2 0.000100
8 -0.287338 2 0.000100
9 -0.280329 2 0.000100
10 -0.273320 5 0.000250
11 -0.266311 3 0.000150
12 -0.259302 2 0.000100
13 -0.252293 2 0.000100
14 -0.245284 4 0.000200
15 -0.238275 2 0.000100
16 -0.231266 1 0.000050
17 -0.224257 1 0.000050
18 -0.217248 4 0.000200
19 -0.210239 7 0.000350
20 -0.203230 13 0.000650
21 -0.196221 15 0.000750
22 -0.189212 6 0.000300
23 -0.182203 7 0.000350
24 -0.175194 19 0.000950
25 -0.168185 19 0.000950
26 -0.161176 24 0.001200
27 -0.154167 19 0.000950
28 -0.147158 23 0.001150
29 -0.140149 29 0.001450
30 -0.133140 29 0.001450
31 -0.126132 42 0.002100
32 -0.119123 59 0.002950
33 -0.112114 69 0.003450
34 -0.105105 79 0.003950
35 -0.098096 82 0.004100
36 -0.091087 80 0.004000
37 -0.084078 78 0.003900
38 -0.077069 77 0.003850
39 -0.070060 114 0.005700
40 -0.063051 170 0.008500
41 -0.056042 249 0.012450
42 -0.049033 311 0.015550
43 -0.042024 384 0.019200
44 -0.035015 555 0.027750
45 -0.028006 904 0.045200
46 -0.020997 2294 0.114700
47 -0.013988 4986 0.249300
48 -0.006979 4299 0.214950
49 0.000030 1832 0.091600
50 0.007039 752 0.037600
51 0.014048 401 0.020050
52 0.021057 349 0.017450
53 0.028066 270 0.013500
54 0.035075 187 0.009350
55 0.042084 185 0.009250
56 0.049093 173 0.008650
57 0.056102 95 0.004750
58 0.063110 82 0.004100
59 0.070119 70 0.003500
60 0.077128 72 0.003600
61 0.084137 58 0.002900
62 0.091146 51 0.002550
63 0.098155 60 0.003000
64 0.105164 45 0.002250
65 0.112173 32 0.001600
66 0.119182 34 0.001700
67 0.126191 16 0.000800
68 0.133200 14 0.000700
69 0.140209 14 0.000700
70 0.147218 22 0.001100
71 0.154227 12 0.000600
72 0.161236 8 0.000400
73 0.168245 12 0.000600
74 0.175254 8 0.000400
75 0.182263 5 0.000250
76 0.189272 5 0.000250
77 0.196281 5 0.000250
78 0.203290 5 0.000250
79 0.210299 4 0.000200
80 0.217308 2 0.000100
81 0.224317 5 0.000250
82 0.231326 5 0.000250
83 0.238335 3 0.000150
84 0.245344 1 0.000050
85 0.252353 2 0.000100
86 0.259361 5 0.000250
87 0.266370 3 0.000150
88 0.273379 2 0.000100
89 0.280388 5 0.000250
90 0.287397 5 0.000250
91 0.294406 2 0.000100
92 0.301415 0 0.000000
93 0.308424 1 0.000050
94 0.315433 0 0.000000
95 0.322442 0 0.000000
96 0.329451 0 0.000000
97 0.336460 0 0.000000
98 0.343469 2 0.000100
99 0.350478 0 0.000000
