0 -0.381826 3 0.000050
1 -0.374098 0 0.000000
2 -0.366370 0 0.000000
3 -0.358642 1 0.000017
4 -0.350914 1 0.000017
5 -0.343186 1 0.000017
6 -0.335459 1 0.000017
7 -0.327731 0 0.000000
8 -0.320003 0 0.000000
9 -0.312275 12 0.000200
10 -0.304547 6 0.000100
11 -0.296819 10 0.000167
12 -0.289091 6 0.000100
13 -0.281364 10 0.000167
14 -0.273636 10 0.000167
15 -0.265908 6 0.000100
16 -0.258180 3 0.000050
17 -0.250452 7 0.000117
18 -0.242724 3 0.000050
19 -0.234997 11 0.000183
20 -0.227269 10 0.000167
21 -0.219541 15 0.000250
22 -0.211813 28 0.000467
23 -0.204085 43 0.000717
24 -0.196357 52 0.000867
25 -0.188629 82 0.001367
26 -0.180902 101 0.001683
27 -0.173174 89 0.001483
28 -0.165446 86 0.001433
29 -0.157718 203 0.003383
30 -0.149990 218 0.003633
31 -0.142262 302 0.005033
32 -0.134534 308 0.005133
33 -0.126807 271 0.004517
34 -0.119079 247 0.004117
35 -0.111351 327 0.005450
36 -0.103623 422 0.007033
37 -0.095895 605 0.010083
38 -0.088167 1097 0.018283
39 -0.080439 1032 0.017200
40 -0.072712 688 0.011467
41 -0.064984 764 0.012733
42 -0.057256 1038 0.017300
43 -0.049528 1255 0.020917
44 -0.041800 1481 0.024683
45 -0.034072 1682 0.028033
46 -0.026344 2991 0.049850
47 -0.018617 7652 0.127533
48 -0.010889 14200 0.236667
49 -0.003161 7449 0.124150
50 0.004567 3201 0.053350
51 0.012295 2152 0.035867
52 0.020023 1699 0.028317
53 0.027750 982 0.016367
54 0.035478 823 0.013717
55 0.043206 818 0.013633
56 0.050934 759 0.012650
57 0.058662 737 0.012283
58 0.066390 584 0.009733
59 0.074118 465 0.007750
60 0.081845 305 0.005083
61 0.089573 324 0.005400
62 0.097301 303 0.005050
63 0.105029 350 0.005833
64 0.112757 434 0.007233
65 0.120485 270 0.004500
66 0.128213 151 0.002517
67 0.135940 130 0.002167
68 0.143668 138 0.002300
69 0.151396 120 0.002000
70 0.159124 105 0.001750
71 0.166852 71 0.001183
72 0.174580 30 0.000500
73 0.182308 27 0.000450
74 0.190035 25 0.000417
75 0.197763 30 0.000500
76 0.205491 24 0.000400
77 0.213219 11 0.000183
78 0.220947 19 0.000317
79 0.228675 18 0.000300
80 0.236403 7 0.000117
81 0.244130 4 0.000067
82 0.251858 11 0.000183
83 0.259586 9 0.000150
84 0.267314 5 0.000083
85 0.275042 6 0.000100
86 0.282770 5 0.000083
87 0.290498 7 0.000117
88 0.298225 1 0.000017
89 0.305953 4 0.000067
90 0.313681 2 0.000033
91 0.321409 1 0.000017
92 0.329137 0 0.000000
93 0.336865 0 0.000000
94 0.344592 3 0.000050
95 0.352320 0 0.000000
96 0.360048 0 0.000000
97 0.367776 0 0.000000
98 0.375504 0 0.000000
99 0.383232 1 0.000017
