0 -0.380858 1 0.000050
1 -0.373140 0 0.000000
2 -0.365422 0 0.000000
3 -0.357704 1 0.000050
4 -0.349986 0 0.000000
5 -0.342268 0 0.000000
6 -0.334550 0 0.000000
7 -0.326832 0 0.000000
8 -0.319113 1 0.000050
9 -0.311395 0 0.000000
10 -0.303677 1 0.000050
11 -0.295959 2 0.000100
12 -0.288241 3 0.000150
13 -0.280523 6 0.000300
14 -0.272805 4 0.000200
15 -0.265087 1 0.000050
16 -0.257369 0 0.000000
17 -0.249651 0 0.000000
18 -0.241933 2 0.000100
19 -0.234215 5 0.000250
20 -0.226496 4 0.000200
21 -0.218778 2 0.000100
22 -0.211060 10 0.000500
23 -0.203342 23 0.001150
24 -0.195624 29 0.001450
25 -0.187906 64 0.003200
26 -0.180188 87 0.004350
27 -0.172470 54 0.002700
28 -0.164752 59 0.002950
29 -0.157034 154 0.007700
30 -0.149316 149 0.007450
31 -0.141598 260 0.013000
32 -0.133880 222 0.011100
33 -0.126161 170 0.008500
34 -0.118443 138 0.006900
35 -0.110725 173 0.008650
36 -0.103007 205 0.010250
37 -0.095289 388 0.019400
38 -0.087571 790 0.039500
39 -0.079853 676 0.033800
40 -0.072135 344 0.017200
41 -0.064417 347 0.017350
42 -0.056699 501 0.025050
43 -0.048981 650 0.032500
44 -0.041263 638 0.031900
45 -0.033545 524 0.026200
46 -0.025826 638 0.031900
47 -0.018108 1199 0.059950
48 -0.010390 2991 0.149550
49 -0.002672 1165 0.058250
50 0.005046 754 0.037700
51 0.012764 1039 0.051950
52 0.020482 903 0.045150
53 0.028200 403 0.020150
54 0.035918 379 0.018950
55 0.043636 419 0.020950
56 0.051354 444 0.022200
57 0.059072 521 0.026050
58 0.066791 368 0.018400
59 0.074509 278 0.013900
60 0.082227 164 0.008200
61 0.089945 188 0.009400
62 0.097663 158 0.007900
63 0.105381 236 0.011800
64 0.113099 362 0.018100
65 0.120817 182 0.009100
66 0.128535 100 0.005000
67 0.136253 79 0.003950
68 0.143971 94 0.004700
69 0.151689 60 0.003000
70 0.159407 78 0.003900
71 0.167126 40 0.002000
72 0.174844 6 0.000300
73 0.182562 12 0.000600
74 0.190280 13 0.000650
75 0.197998 10 0.000500
76 0.205716 11 0.000550
77 0.213434 2 0.000100
78 0.221152 3 0.000150
79 0.228870 1 0.000050
80 0.236588 1 0.000050
81 0.244306 0 0.000000
82 0.252024 1 0.000050
83 0.259742 0 0.000000
84 0.267461 0 0.000000
85 0.275179 1 0.000050
86 0.282897 0 0.000000
87 0.290615 2 0.000100
88 0.298333 1 0.000050
89 0.306051 2 0.000100
90 0.313769 1 0.000050
91 0.321487 1 0.000050
92 0.329205 0 0.000000
93 0.336923 0 0.000000
94 0.344641 1 0.000050
95 0.352359 0 0.000000
96 0.360078 0 0.000000
97 0.367796 0 0.000000
98 0.375514 0 0.000000
99 0.383232 1 0.000050
