0 0.012905 6 0.000300
1 0.022876 6 0.000300
2 0.032847 6 0.000300
3 0.042817 5 0.000250
4 0.052788 1 0.000050
5 0.062759 0 0.000000
6 0.072729 3 0.000150
7 0.082700 7 0.000350
8 0.092671 2 0.000100
9 0.102641 4 0.000200
10 0.112612 6 0.000300
11 0.122583 1 0.000050
12 0.132553 1 0.000050
13 0.142524 2 0.000100
14 0.152494 4 0.000200
15 0.162465 5 0.000250
16 0.172436 2 0.000100
17 0.182406 1 0.000050
18 0.192377 6 0.000300
19 0.202348 10 0.000500
20 0.212318 3 0.000150
21 0.222289 3 0.000150
22 0.232260 6 0.000300
23 0.242230 20 0.001000
24 0.252201 25 0.001250
25 0.262172 39 0.001950
26 0.272142 40 0.002000
27 0.282113 35 0.001750
28 0.292084 32 0.001600
29 0.302054 33 0.001650
30 0.312025 118 0.005900
31 0.321996 120 0.006000
32 0.331966 185 0.009250
33 0.341937 92 0.004600
34 0.351908 34 0.001700
35 0.361878 14 0.000700
36 0.371849 25 0.001250
37 0.381820 13 0.000650
38 0.391790 10 0.000500
39 0.401761 20 0.001000
40 0.411731 28 0.001400
41 0.421702 17 0.000850
42 0.431673 19 0.000950
43 0.441643 32 0.001600
44 0.451614 58 0.002900
45 0.461585 59 0.002950
46 0.471555 61 0.003050
47 0.481526 69 0.003450
48 0.491497 93 0.004650
49 0.501467 112 0.005600
50 0.511438 139 0.006950
51 0.521409 171 0.008550
52 0.531379 210 0.010500
53 0.541350 283 0.014150
54 0.551321 394 0.019700
55 0.561291 568 0.028400
56 0.571262 1056 0.052800
57 0.581233 2189 0.109450
58 0.591203 2978 0.148900
59 0.601174 1517 0.075850
60 0.611145 964 0.048200
61 0.621115 772 0.038600
62 0.631086 473 0.023650
63 0.641056 361 0.018050
64 0.651027 280 0.014000
65 0.660998 227 0.011350
66 0.670968 191 0.009550
67 0.680939 189 0.009450
68 0.690910 160 0.008000
69 0.700880 159 0.007950
70 0.710851 141 0.007050
71 0.720822 131 0.006550
72 0.730792 151 0.007550
73 0.740763 161 0.008050
74 0.750734 166 0.008300
75 0.760704 158 0.007900
76 0.770675 160 0.008000
77 0.780646 144 0.007200
78 0.790616 146 0.007300
79 0.800587 135 0.006750
80 0.810558 156 0.007800
81 0.820528 212 0.010600
82 0.830499 215 0.010750
83 0.840470 202 0.010100
84 0.850440 262 0.013100
85 0.860411 412 0.020600
86 0.870382 363 0.018150
87 0.880352 346 0.017300
88 0.890323 264 0.013200
89 0.900293 212 0.010600
90 0.910264 253 0.012650
91 0.920235 315 0.015750
92 0.930205 224 0.011200
93 0.940176 135 0.006750
94 0.950147 53 0.002650
95 0.960117 38 0.001900
96 0.970088 38 0.001900
97 0.980059 27 0.001350
98 0.990029 5 0.000250
99 1.000000 1 0.000050
