0 0.012905 6 0.000100
1 0.022876 9 0.000150
2 0.032847 7 0.000117
3 0.042817 7 0.000117
4 0.052788 15 0.000250
5 0.062759 5 0.000083
6 0.072729 13 0.000217
7 0.082700 18 0.000300
8 0.092671 12 0.000200
9 0.102641 12 0.000200
10 0.112612 14 0.000233
11 0.122583 12 0.000200
12 0.132553 4 0.000067
13 0.142524 9 0.000150
14 0.152494 20 0.000333
15 0.162465 14 0.000233
16 0.172436 19 0.000317
17 0.182406 26 0.000433
18 0.192377 27 0.000450
19 0.202348 41 0.000683
20 0.212318 34 0.000567
21 0.222289 36 0.000600
22 0.232260 28 0.000467
23 0.242230 40 0.000667
24 0.252201 57 0.000950
25 0.262172 71 0.001183
26 0.272142 95 0.001583
27 0.282113 104 0.001733
28 0.292084 97 0.001617
29 0.302054 129 0.002150
30 0.312025 220 0.003667
31 0.321996 293 0.004883
32 0.331966 355 0.005917
33 0.341937 255 0.004250
34 0.351908 289 0.004817
35 0.361878 322 0.005367
36 0.371849 543 0.009050
37 0.381820 379 0.006317
38 0.391790 326 0.005433
39 0.401761 538 0.008967
40 0.411731 688 0.011467
41 0.421702 1237 0.020617
42 0.431673 1118 0.018633
43 0.441643 835 0.013917
44 0.451614 1184 0.019733
45 0.461585 1662 0.027700
46 0.471555 1945 0.032417
47 0.481526 2536 0.042267
48 0.491497 4374 0.072900
49 0.501467 7134 0.118900
50 0.511438 2544 0.042400
51 0.521409 2222 0.037033
52 0.531379 1927 0.032117
53 0.541350 1223 0.020383
54 0.551321 1286 0.021433
55 0.561291 1444 0.024067
56 0.571262 2132 0.035533
57 0.581233 2836 0.047267
58 0.591203 3423 0.057050
59 0.601174 1988 0.033133
60 0.611145 1327 0.022117
61 0.621115 1358 0.022633
62 0.631086 790 0.013167
63 0.641056 529 0.008817
64 0.651027 476 0.007933
65 0.660998 376 0.006267
66 0.670968 417 0.006950
67 0.680939 291 0.004850
68 0.690910 237 0.003950
69 0.700880 235 0.003917
70 0.710851 188 0.003133
71 0.720822 173 0.002883
72 0.730792 175 0.002917
73 0.740763 200 0.003333
74 0.750734 198 0.003300
75 0.760704 188 0.003133
76 0.770675 192 0.003200
77 0.780646 175 0.002917
78 0.790616 170 0.002833
79 0.800587 155 0.002583
80 0.810558 179 0.002983
81 0.820528 237 0.003950
82 0.830499 223 0.003717
83 0.840470 216 0.003600
84 0.850440 278 0.004633
85 0.860411 420 0.007000
86 0.870382 370 0.006167
87 0.880352 358 0.005967
88 0.890323 272 0.004533
89 0.900293 220 0.003667
90 0.910264 264 0.004400
91 0.920235 321 0.005350
92 0.930205 237 0.003950
93 0.940176 142 0.002367
94 0.950147 55 0.000917
95 0.960117 43 0.000717
96 0.970088 43 0.000717
97 0.980059 27 0.000450
98 0.990029 5 0.000083
99 1.000000 1 0.000017
