0 0.044336 4 0.000200
1 0.053932 12 0.000600
2 0.063527 9 0.000450
3 0.073123 4 0.000200
4 0.082718 0 0.000000
5 0.092314 0 0.000000
6 0.101909 10 0.000500
7 0.111505 7 0.000350
8 0.121101 0 0.000000
9 0.130696 0 0.000000
10 0.140292 0 0.000000
11 0.149887 0 0.000000
12 0.159483 5 0.000250
13 0.169078 1 0.000050
14 0.178674 0 0.000000
15 0.188270 8 0.000400
16 0.197865 0 0.000000
17 0.207461 9 0.000450
18 0.217056 5 0.000250
19 0.226652 0 0.000000
20 0.236247 19 0.000950
21 0.245843 24 0.001200
22 0.255439 8 0.000400
23 0.265034 16 0.000800
24 0.274630 13 0.000650
25 0.284225 81 0.004050
26 0.293821 0 0.000000
27 0.303416 50 0.002500
28 0.313012 285 0.014250
29 0.322608 102 0.005100
30 0.332203 56 0.002800
31 0.341799 24 0.001200
32 0.351394 16 0.000800
33 0.360990 5 0.000250
34 0.370585 13 0.000650
35 0.380181 6 0.000300
36 0.389777 6 0.000300
37 0.399372 2 0.000100
38 0.408968 0 0.000000
39 0.418563 175 0.008750
40 0.428159 3 0.000150
41 0.437754 7 0.000350
42 0.447350 15 0.000750
43 0.456946 56 0.002800
44 0.466541 25 0.001250
45 0.476137 28 0.001400
46 0.485732 186 0.009300
47 0.495328 282 0.014100
48 0.504923 73 0.003650
49 0.514519 52 0.002600
50 0.524115 118 0.005900
51 0.533710 110 0.005500
52 0.543306 287 0.014350
53 0.552901 261 0.013050
54 0.562497 306 0.015300
55 0.572092 946 0.047300
56 0.581688 1187 0.059350
57 0.591284 3236 0.161800
58 0.600879 1443 0.072150
59 0.610475 1082 0.054100
60 0.620070 876 0.043800
61 0.629666 521 0.026050
62 0.639261 361 0.018050
63 0.648857 209 0.010450
64 0.658453 568 0.028400
65 0.668048 332 0.016600
66 0.677644 69 0.003450
67 0.687239 177 0.008850
68 0.696835 175 0.008750
69 0.706430 467 0.023350
70 0.716026 406 0.020300
71 0.725622 552 0.027600
72 0.735217 421 0.021050
73 0.744813 48 0.002400
74 0.754408 36 0.001800
75 0.764004 79 0.003950
76 0.773600 110 0.005500
77 0.783195 139 0.006950
78 0.792791 62 0.003100
79 0.802386 149 0.007450
80 0.811982 61 0.003050
81 0.821577 304 0.015200
82 0.831173 300 0.015000
83 0.840769 175 0.008750
84 0.850364 156 0.007800
85 0.859960 310 0.015500
86 0.869555 297 0.014850
87 0.879151 186 0.009300
88 0.888746 268 0.013400
89 0.898342 341 0.017050
90 0.907938 276 0.013800
91 0.917533 200 0.010000
92 0.927129 217 0.010850
93 0.936724 130 0.006500
94 0.946320 163 0.008150
95 0.955915 134 0.006700
96 0.965511 19 0.000950
97 0.975106 18 0.000900
98 0.984702 7 0.000350
99 0.994298 3 0.000150
