0 0.044336 4 0.000067
1 0.053932 12 0.000200
2 0.063527 9 0.000150
3 0.073123 4 0.000067
4 0.082718 0 0.000000
5 0.092314 0 0.000000
6 0.101909 10 0.000167
7 0.111505 7 0.000117
8 0.121101 5 0.000083
9 0.130696 5 0.000083
10 0.140292 0 0.000000
11 0.149887 0 0.000000
12 0.159483 8 0.000133
13 0.169078 14 0.000233
14 0.178674 0 0.000000
15 0.188270 13 0.000217
16 0.197865 2 0.000033
17 0.207461 13 0.000217
18 0.217056 21 0.000350
19 0.226652 2 0.000033
20 0.236247 24 0.000400
21 0.245843 114 0.001900
22 0.255439 23 0.000383
23 0.265034 91 0.001517
24 0.274630 51 0.000850
25 0.284225 250 0.004167
26 0.293821 21 0.000350
27 0.303416 60 0.001000
28 0.313012 339 0.005650
29 0.322608 127 0.002117
30 0.332203 109 0.001817
31 0.341799 305 0.005083
32 0.351394 193 0.003217
33 0.360990 68 0.001133
34 0.370585 346 0.005767
35 0.380181 177 0.002950
36 0.389777 103 0.001717
37 0.399372 42 0.000700
38 0.408968 248 0.004133
39 0.418563 249 0.004150
40 0.428159 513 0.008550
41 0.437754 616 0.010267
42 0.447350 438 0.007300
43 0.456946 529 0.008817
44 0.466541 454 0.007567
45 0.476137 1111 0.018517
46 0.485732 1619 0.026983
47 0.495328 5055 0.084250
48 0.504923 16200 0.270000
49 0.514519 4601 0.076683
50 0.524115 1597 0.026617
51 0.533710 1414 0.023567
52 0.543306 1056 0.017600
53 0.552901 867 0.014450
54 0.562497 927 0.015450
55 0.572092 1115 0.018583
56 0.581688 1413 0.023550
57 0.591284 3346 0.055767
58 0.600879 1799 0.029983
59 0.610475 1154 0.019233
60 0.620070 1249 0.020817
61 0.629666 552 0.009200
62 0.639261 608 0.010133
63 0.648857 595 0.009917
64 0.658453 609 0.010150
65 0.668048 401 0.006683
66 0.677644 183 0.003050
67 0.687239 237 0.003950
68 0.696835 223 0.003717
69 0.706430 484 0.008067
70 0.716026 456 0.007600
71 0.725622 615 0.010250
72 0.735217 501 0.008350
73 0.744813 117 0.001950
74 0.754408 65 0.001083
75 0.764004 109 0.001817
76 0.773600 130 0.002167
77 0.783195 164 0.002733
78 0.792791 64 0.001067
79 0.802386 149 0.002483
80 0.811982 61 0.001017
81 0.821577 328 0.005467
82 0.831173 300 0.005000
83 0.840769 175 0.002917
84 0.850364 156 0.002600
85 0.859960 310 0.005167
86 0.869555 301 0.005017
87 0.879151 189 0.003150
88 0.888746 268 0.004467
89 0.898342 341 0.005683
90 0.907938 276 0.004600
91 0.917533 200 0.003333
92 0.927129 217 0.003617
93 0.936724 130 0.002167
94 0.946320 163 0.002717
95 0.955915 134 0.002233
96 0.965511 19 0.000317
97 0.975106 18 0.000300
98 0.984702 7 0.000117
99 0.994298 3 0.000050
