0 0.125573 5 0.000250
1 0.133195 5 0.000250
2 0.140816 0 0.000000
3 0.148438 0 0.000000
4 0.156059 0 0.000000
5 0.163681 3 0.000150
6 0.171302 13 0.000650
7 0.178924 0 0.000000
8 0.186545 5 0.000250
9 0.194167 0 0.000000
10 0.201788 2 0.000100
11 0.209410 4 0.000200
12 0.217031 0 0.000000
13 0.224652 16 0.000800
14 0.232274 2 0.000100
15 0.239895 5 0.000250
16 0.247517 90 0.004500
17 0.255138 11 0.000550
18 0.262760 79 0.003950
19 0.270381 9 0.000450
20 0.278003 29 0.001450
21 0.285624 169 0.008450
22 0.293246 18 0.000900
23 0.300867 11 0.000550
24 0.308489 5 0.000250
25 0.316110 61 0.003050
26 0.323732 15 0.000750
27 0.331353 12 0.000600
28 0.338975 117 0.005850
29 0.346596 217 0.010850
30 0.354218 170 0.008500
31 0.361839 57 0.002850
32 0.369461 244 0.012200
33 0.377082 117 0.005850
34 0.384704 184 0.009200
35 0.392325 57 0.002850
36 0.399946 38 0.001900
37 0.407568 220 0.011000
38 0.415189 47 0.002350
39 0.422811 88 0.004400
40 0.430432 479 0.023950
41 0.438054 453 0.022650
42 0.445675 515 0.025750
43 0.453297 175 0.008750
44 0.460918 400 0.020000
45 0.468540 360 0.018000
46 0.476161 647 0.032350
47 0.483783 857 0.042850
48 0.491404 1027 0.051350
49 0.499026 2143 0.107150
50 0.506647 3087 0.154350
51 0.514269 1218 0.060900
52 0.521890 916 0.045800
53 0.529512 820 0.041000
54 0.537133 711 0.035550
55 0.544754 328 0.016400
56 0.552376 411 0.020550
57 0.559997 396 0.019800
58 0.567619 274 0.013700
59 0.575240 152 0.007600
60 0.582862 148 0.007400
61 0.590483 117 0.005850
62 0.598105 269 0.013450
63 0.605726 146 0.007300
64 0.613348 56 0.002800
65 0.620969 347 0.017350
66 0.628591 33 0.001650
67 0.636212 213 0.010650
68 0.643834 156 0.007800
69 0.651455 273 0.013650
70 0.659077 41 0.002050
71 0.666698 51 0.002550
72 0.674320 111 0.005550
73 0.681941 25 0.001250
74 0.689562 56 0.002800
75 0.697184 46 0.002300
76 0.704805 13 0.000650
77 0.712427 24 0.001200
78 0.720048 32 0.001600
79 0.727670 63 0.003150
80 0.735291 80 0.004000
81 0.742913 27 0.001350
82 0.750534 42 0.002100
83 0.758156 37 0.001850
84 0.765777 22 0.001100
85 0.773399 5 0.000250
86 0.781020 33 0.001650
87 0.788642 9 0.000450
88 0.796263 0 0.000000
89 0.803885 0 0.000000
90 0.811506 0 0.000000
91 0.819128 19 0.000950
92 0.826749 5 0.000250
93 0.834371 0 0.000000
94 0.841992 0 0.000000
95 0.849613 0 0.000000
96 0.857235 0 0.000000
97 0.864856 0 0.000000
98 0.872478 4 0.000200
99 0.880099 3 0.000150
