0 0.116262 1 0.000050
1 0.124186 0 0.000000
2 0.132110 1 0.000050
3 0.140034 0 0.000000
4 0.147958 0 0.000000
5 0.155882 0 0.000000
6 0.163806 0 0.000000
7 0.171730 0 0.000000
8 0.179654 0 0.000000
9 0.187578 0 0.000000
10 0.195503 0 0.000000
11 0.203427 2 0.000100
12 0.211351 1 0.000050
13 0.219275 9 0.000450
14 0.227199 5 0.000250
15 0.235123 1 0.000050
16 0.243047 0 0.000000
17 0.250971 0 0.000000
18 0.258895 0 0.000000
19 0.266819 1 0.000050
20 0.274743 2 0.000100
21 0.282667 1 0.000050
22 0.290591 9 0.000450
23 0.298516 14 0.000700
24 0.306440 19 0.000950
25 0.314364 50 0.002500
26 0.322288 64 0.003200
27 0.330212 71 0.003550
28 0.338136 45 0.002250
29 0.346060 66 0.003300
30 0.353984 150 0.007500
31 0.361908 118 0.005900
32 0.369832 340 0.017000
33 0.377756 196 0.009800
34 0.385680 157 0.007850
35 0.393604 136 0.006800
36 0.401529 223 0.011150
37 0.409453 305 0.015250
38 0.417377 402 0.020100
39 0.425301 919 0.045950
40 0.433225 547 0.027350
41 0.441149 304 0.015200
42 0.449073 387 0.019350
43 0.456997 524 0.026200
44 0.464921 802 0.040100
45 0.472845 628 0.031400
46 0.480769 452 0.022600
47 0.488693 547 0.027350
48 0.496617 3932 0.196600
49 0.504542 837 0.041850
50 0.512466 686 0.034300
51 0.520390 771 0.038550
52 0.528314 1081 0.054050
53 0.536238 578 0.028900
54 0.544162 409 0.020450
55 0.552086 411 0.020550
56 0.560010 426 0.021300
57 0.567934 666 0.033300
58 0.575858 418 0.020900
59 0.583782 329 0.016450
60 0.591706 218 0.010900
61 0.599630 247 0.012350
62 0.607554 218 0.010900
63 0.615479 175 0.008750
64 0.623403 408 0.020400
65 0.631327 183 0.009150
66 0.639251 71 0.003550
67 0.647175 54 0.002700
68 0.655099 97 0.004850
69 0.663023 52 0.002600
70 0.670947 106 0.005300
71 0.678871 40 0.002000
72 0.686795 17 0.000850
73 0.694719 25 0.001250
74 0.702643 24 0.001200
75 0.710567 5 0.000250
76 0.718491 0 0.000000
77 0.726416 1 0.000050
78 0.734340 1 0.000050
79 0.742264 0 0.000000
80 0.750188 0 0.000000
81 0.758112 0 0.000000
82 0.766036 2 0.000100
83 0.773960 1 0.000050
84 0.781884 1 0.000050
85 0.789808 2 0.000100
86 0.797732 3 0.000150
87 0.805656 2 0.000100
88 0.813580 1 0.000050
89 0.821504 0 0.000000
90 0.829429 0 0.000000
91 0.837353 0 0.000000
92 0.845277 0 0.000000
93 0.853201 0 0.000000
94 0.861125 0 0.000000
95 0.869049 0 0.000000
96 0.876973 1 0.000050
97 0.884897 0 0.000000
98 0.892821 2 0.000100
99 0.900745 0 0.000000
