0 0.027221 3 0.000150
1 0.036801 3 0.000150
2 0.046381 3 0.000150
3 0.055962 13 0.000650
4 0.065542 5 0.000250
5 0.075122 12 0.000600
6 0.084702 7 0.000350
7 0.094283 10 0.000500
8 0.103863 9 0.000450
9 0.113443 6 0.000300
10 0.123023 10 0.000500
11 0.132604 3 0.000150
12 0.142184 5 0.000250
13 0.151764 17 0.000850
14 0.161345 7 0.000350
15 0.170925 20 0.001000
16 0.180505 20 0.001000
17 0.190085 17 0.000850
18 0.199666 28 0.001400
19 0.209246 26 0.001300
20 0.218826 22 0.001100
21 0.228407 26 0.001300
22 0.237987 16 0.000800
23 0.247567 28 0.001400
24 0.257147 29 0.001450
25 0.266728 28 0.001400
26 0.276308 72 0.003600
27 0.285888 59 0.002950
28 0.295468 49 0.002450
29 0.305049 62 0.003100
30 0.314629 57 0.002850
31 0.324209 94 0.004700
32 0.333790 84 0.004200
33 0.343370 96 0.004800
34 0.352950 78 0.003900
35 0.362530 128 0.006400
36 0.372111 110 0.005500
37 0.381691 154 0.007700
38 0.391271 140 0.007000
39 0.400851 211 0.010550
40 0.410432 224 0.011200
41 0.420012 257 0.012850
42 0.429592 327 0.016350
43 0.439173 358 0.017900
44 0.448753 467 0.023350
45 0.458333 662 0.033100
46 0.467913 906 0.045300
47 0.477494 1344 0.067200
48 0.487074 2659 0.132950
49 0.496654 3256 0.162800
50 0.506235 2067 0.103350
51 0.515815 1218 0.060900
52 0.525395 751 0.037550
53 0.534975 547 0.027350
54 0.544556 339 0.016950
55 0.554136 339 0.016950
56 0.563716 333 0.016650
57 0.573296 293 0.014650
58 0.582877 210 0.010500
59 0.592457 162 0.008100
60 0.602037 142 0.007100
61 0.611618 134 0.006700
62 0.621198 132 0.006600
63 0.630778 93 0.004650
64 0.640358 90 0.004500
65 0.649939 91 0.004550
66 0.659519 68 0.003400
67 0.669099 92 0.004600
68 0.678679 81 0.004050
69 0.688260 53 0.002650
70 0.697840 44 0.002200
71 0.707420 42 0.002100
72 0.717001 45 0.002250
73 0.726581 21 0.001050
74 0.736161 31 0.001550
75 0.745741 31 0.001550
76 0.755322 35 0.001750
77 0.764902 33 0.001650
78 0.774482 25 0.001250
79 0.784063 31 0.001550
80 0.793643 15 0.000750
81 0.803223 15 0.000750
82 0.812803 22 0.001100
83 0.822384 23 0.001150
84 0.831964 6 0.000300
85 0.841544 15 0.000750
86 0.851124 15 0.000750
87 0.860705 8 0.000400
88 0.870285 5 0.000250
89 0.879865 11 0.000550
90 0.889446 8 0.000400
91 0.899026 5 0.000250
92 0.908606 12 0.000600
93 0.918186 7 0.000350
94 0.927767 13 0.000650
95 0.937347 3 0.000150
96 0.946927 6 0.000300
97 0.956508 3 0.000150
98 0.966088 8 0.000400
99 0.975668 0 0.000000
