0 0.471162 7 0.000350
1 0.472359 6 0.000300
2 0.473556 7 0.000350
3 0.474753 11 0.000550
4 0.475951 11 0.000550
5 0.477148 36 0.001800
6 0.478345 22 0.001100
7 0.479542 22 0.001100
8 0.480739 30 0.001500
9 0.481937 10 0.000500
10 0.483134 28 0.001400
11 0.484331 19 0.000950
12 0.485528 35 0.001750
13 0.486725 28 0.001400
14 0.487923 19 0.000950
15 0.489120 36 0.001800
16 0.490317 42 0.002100
17 0.491514 83 0.004150
18 0.492711 36 0.001800
19 0.493908 84 0.004200
20 0.495106 140 0.007000
21 0.496303 314 0.015700
22 0.497500 184 0.009200
23 0.498697 258 0.012900
24 0.499894 202 0.010100
25 0.501092 333 0.016650
26 0.502289 403 0.020150
27 0.503486 675 0.033750
28 0.504683 428 0.021400
29 0.505880 587 0.029350
30 0.507078 1557 0.077850
31 0.508275 1153 0.057650
32 0.509472 2067 0.103350
33 0.510669 2747 0.137350
34 0.511866 2127 0.106350
35 0.513063 1524 0.076200
36 0.514261 1312 0.065600
37 0.515458 545 0.027250
38 0.516655 348 0.017400
39 0.517852 407 0.020350
40 0.519049 351 0.017550
41 0.520247 205 0.010250
42 0.521444 143 0.007150
43 0.522641 99 0.004950
44 0.523838 125 0.006250
45 0.525035 62 0.003100
46 0.526232 102 0.005100
47 0.527430 69 0.003450
48 0.528627 83 0.004150
49 0.529824 47 0.002350
50 0.531021 42 0.002100
51 0.532218 30 0.001500
52 0.533416 10 0.000500
53 0.534613 57 0.002850
54 0.535810 28 0.001400
55 0.537007 31 0.001550
56 0.538204 38 0.001900
57 0.539402 31 0.001550
58 0.540599 32 0.001600
59 0.541796 27 0.001350
60 0.542993 27 0.001350
61 0.544190 8 0.000400
62 0.545387 21 0.001050
63 0.546585 25 0.001250
64 0.547782 54 0.002700
65 0.548979 26 0.001300
66 0.550176 34 0.001700
67 0.551373 77 0.003850
68 0.552571 18 0.000900
69 0.553768 16 0.000800
70 0.554965 12 0.000600
71 0.556162 3 0.000150
72 0.557359 26 0.001300
73 0.558556 29 0.001450
74 0.559754 12 0.000600
75 0.560951 18 0.000900
76 0.562148 0 0.000000
77 0.563345 19 0.000950
78 0.564542 6 0.000300
79 0.565740 5 0.000250
80 0.566937 25 0.001250
81 0.568134 7 0.000350
82 0.569331 11 0.000550
83 0.570528 7 0.000350
84 0.571726 0 0.000000
85 0.572923 0 0.000000
86 0.574120 0 0.000000
87 0.575317 1 0.000050
88 0.576514 4 0.000200
89 0.577711 0 0.000000
90 0.578909 1 0.000050
91 0.580106 2 0.000100
92 0.581303 0 0.000000
93 0.582500 0 0.000000
94 0.583697 0 0.000000
95 0.584895 0 0.000000
96 0.586092 7 0.000350
97 0.587289 0 0.000000
98 0.588486 3 0.000150
99 0.589683 1 0.000050
