initializing
training size    : 359556
testing size     : 20000
epoch count      : 10
sub epoch size   : 5

epoch_learning_rate_decay   : 8
learning_rate_decay         : 0.250000

training



epoch [0 0] from [10 5]
training time per iterations 3.305892[ms]
testing on 20000 items
testing done
average error 0.003378
min error     0.000000
max error     0.238051
saving best net
best net saved to networks/disc8x8x3_no_gaussian/net_7/trained/, with error 0.003378



epoch [0 1] from [10 5]
training time per iterations 3.304668[ms]
testing on 20000 items
testing done
average error 0.003215
min error     0.000000
max error     0.263887
saving best net
best net saved to networks/disc8x8x3_no_gaussian/net_7/trained/, with error 0.003215



epoch [0 2] from [10 5]
training time per iterations 3.309744[ms]
testing on 20000 items
testing done
average error 0.003144
min error     0.000000
max error     0.236900
saving best net
best net saved to networks/disc8x8x3_no_gaussian/net_7/trained/, with error 0.003144



epoch [0 3] from [10 5]
training time per iterations 3.306643[ms]
testing on 20000 items
testing done
average error 0.003194
min error     0.000000
max error     0.250368



epoch [0 4] from [10 5]
training time per iterations 3.307032[ms]
testing on 20000 items
testing done
average error 0.002998
min error     0.000000
max error     0.242726
saving best net
best net saved to networks/disc8x8x3_no_gaussian/net_7/trained/, with error 0.002998



epoch [1 0] from [10 5]
training time per iterations 3.307602[ms]
testing on 20000 items
testing done
average error 0.003156
min error     0.000000
max error     0.254959



epoch [1 1] from [10 5]
training time per iterations 3.301790[ms]
testing on 20000 items
testing done
average error 0.002945
min error     0.000000
max error     0.249182
saving best net
best net saved to networks/disc8x8x3_no_gaussian/net_7/trained/, with error 0.002945



epoch [1 2] from [10 5]
training time per iterations 3.310203[ms]
testing on 20000 items
testing done
average error 0.002995
min error     0.000000
max error     0.248278



epoch [1 3] from [10 5]
training time per iterations 3.303347[ms]
testing on 20000 items
testing done
average error 0.002909
min error     0.000000
max error     0.266695
saving best net
best net saved to networks/disc8x8x3_no_gaussian/net_7/trained/, with error 0.002909



epoch [1 4] from [10 5]
training time per iterations 3.315390[ms]
testing on 20000 items
testing done
average error 0.003104
min error     0.000000
max error     0.253989



epoch [2 0] from [10 5]
training time per iterations 3.311149[ms]
testing on 20000 items
testing done
average error 0.002953
min error     0.000000
max error     0.251123



epoch [2 1] from [10 5]
training time per iterations 3.307853[ms]
testing on 20000 items
testing done
average error 0.002899
min error     0.000000
max error     0.242741
saving best net
best net saved to networks/disc8x8x3_no_gaussian/net_7/trained/, with error 0.002899



epoch [2 2] from [10 5]
training time per iterations 3.307700[ms]
testing on 20000 items
testing done
average error 0.002872
min error     0.000000
max error     0.246532
saving best net
best net saved to networks/disc8x8x3_no_gaussian/net_7/trained/, with error 0.002872



epoch [2 3] from [10 5]
training time per iterations 3.313290[ms]
testing on 20000 items
testing done
average error 0.002857
min error     0.000000
max error     0.243822
saving best net
best net saved to networks/disc8x8x3_no_gaussian/net_7/trained/, with error 0.002857



epoch [2 4] from [10 5]
training time per iterations 3.303820[ms]
testing on 20000 items
testing done
average error 0.002886
min error     0.000000
max error     0.251048



epoch [3 0] from [10 5]
training time per iterations 3.308743[ms]
testing on 20000 items
testing done
average error 0.002891
min error     0.000000
max error     0.241956



epoch [3 1] from [10 5]
training time per iterations 3.305503[ms]
testing on 20000 items
testing done
average error 0.002899
min error     0.000000
max error     0.244061



epoch [3 2] from [10 5]
training time per iterations 3.298438[ms]
testing on 20000 items
testing done
average error 0.002813
min error     0.000000
max error     0.243163
saving best net
best net saved to networks/disc8x8x3_no_gaussian/net_7/trained/, with error 0.002813



epoch [3 3] from [10 5]
training time per iterations 3.313012[ms]
testing on 20000 items
testing done
average error 0.002886
min error     0.000000
max error     0.229027



epoch [3 4] from [10 5]
training time per iterations 3.313360[ms]
testing on 20000 items
testing done
average error 0.002834
min error     0.000000
max error     0.233006



epoch [4 0] from [10 5]
training time per iterations 3.315279[ms]
testing on 20000 items
testing done
average error 0.002766
min error     0.000000
max error     0.227865
saving best net
best net saved to networks/disc8x8x3_no_gaussian/net_7/trained/, with error 0.002766



epoch [4 1] from [10 5]
training time per iterations 3.296533[ms]
testing on 20000 items
testing done
average error 0.002901
min error     0.000000
max error     0.242802



epoch [4 2] from [10 5]
training time per iterations 3.320869[ms]
testing on 20000 items
testing done
average error 0.002944
min error     0.000000
max error     0.233554



epoch [4 3] from [10 5]
training time per iterations 3.322663[ms]
testing on 20000 items
testing done
average error 0.002787
min error     0.000000
max error     0.211597



epoch [4 4] from [10 5]
training time per iterations 3.325958[ms]
testing on 20000 items
testing done
average error 0.002815
min error     0.000000
max error     0.235885



epoch [5 0] from [10 5]
training time per iterations 3.323622[ms]
testing on 20000 items
testing done
average error 0.002796
min error     0.000000
max error     0.224458



epoch [5 1] from [10 5]
training time per iterations 3.323344[ms]
testing on 20000 items
testing done
average error 0.002890
min error     0.000000
max error     0.216335



epoch [5 2] from [10 5]
training time per iterations 3.324165[ms]
testing on 20000 items
testing done
average error 0.002824
min error     0.000000
max error     0.236197



epoch [5 3] from [10 5]
training time per iterations 3.321008[ms]
testing on 20000 items
testing done
average error 0.002805
min error     0.000000
max error     0.215416



epoch [5 4] from [10 5]
training time per iterations 3.317990[ms]
testing on 20000 items
testing done
average error 0.002771
min error     0.000000
max error     0.240639



epoch [6 0] from [10 5]
training time per iterations 3.328712[ms]
testing on 20000 items
testing done
average error 0.002979
min error     0.000000
max error     0.232924



epoch [6 1] from [10 5]
training time per iterations 3.308103[ms]
testing on 20000 items
testing done
average error 0.002705
min error     0.000000
max error     0.214287
saving best net
best net saved to networks/disc8x8x3_no_gaussian/net_7/trained/, with error 0.002705



epoch [6 2] from [10 5]
training time per iterations 3.319798[ms]
testing on 20000 items
testing done
average error 0.002730
min error     0.000000
max error     0.229958



epoch [6 3] from [10 5]
training time per iterations 3.313387[ms]
testing on 20000 items
testing done
average error 0.002819
min error     0.000000
max error     0.226621



epoch [6 4] from [10 5]
training time per iterations 3.314389[ms]
testing on 20000 items
testing done
average error 0.002794
min error     0.000000
max error     0.234762



epoch [7 0] from [10 5]
training time per iterations 3.311427[ms]
testing on 20000 items
testing done
average error 0.002801
min error     0.000000
max error     0.233798



epoch [7 1] from [10 5]
training time per iterations 3.300191[ms]
testing on 20000 items
testing done
average error 0.002773
min error     0.000000
max error     0.236442



epoch [7 2] from [10 5]
training time per iterations 3.308145[ms]
testing on 20000 items
testing done
average error 0.002766
min error     0.000000
max error     0.206575



epoch [7 3] from [10 5]
training time per iterations 3.320632[ms]
testing on 20000 items
testing done
average error 0.002737
min error     0.000000
max error     0.221417



epoch [7 4] from [10 5]
training time per iterations 3.320660[ms]
testing on 20000 items
testing done
average error 0.002805
min error     0.000000
max error     0.219641
setting learning rate to 0.000050



epoch [8 0] from [10 5]
training time per iterations 3.326125[ms]
testing on 20000 items
testing done
average error 0.002785
min error     0.000000
max error     0.218077



epoch [8 1] from [10 5]
training time per iterations 3.319603[ms]
testing on 20000 items
testing done
average error 0.002743
min error     0.000000
max error     0.218994



epoch [8 2] from [10 5]
training time per iterations 3.307783[ms]
testing on 20000 items
testing done
average error 0.002769
min error     0.000000
max error     0.221922



epoch [8 3] from [10 5]
training time per iterations 3.314277[ms]
testing on 20000 items
testing done
average error 0.002712
min error     0.000000
max error     0.226128



epoch [8 4] from [10 5]
training time per iterations 3.330561[ms]
testing on 20000 items
testing done
average error 0.002767
min error     0.000000
max error     0.224328



epoch [9 0] from [10 5]
training time per iterations 3.324596[ms]
testing on 20000 items
testing done
average error 0.002778
min error     0.000000
max error     0.224708



epoch [9 1] from [10 5]
training time per iterations 3.328197[ms]
testing on 20000 items
testing done
average error 0.002712
min error     0.000000
max error     0.217945



epoch [9 2] from [10 5]
training time per iterations 3.319284[ms]
testing on 20000 items
testing done
average error 0.002775
min error     0.000000
max error     0.224749



epoch [9 3] from [10 5]
training time per iterations 3.308924[ms]
testing on 20000 items
testing done
average error 0.002689
min error     0.000000
max error     0.220280
saving best net
best net saved to networks/disc8x8x3_no_gaussian/net_7/trained/, with error 0.002689



epoch [9 4] from [10 5]
training time per iterations 3.316641[ms]
testing on 20000 items
testing done
average error 0.002759
min error     0.000000
max error     0.229787
training done
