0.000000 0 0 0.003378 0.000000 0.238051 0.003373 0.000000 0.236934
0.200000 0 1 0.003215 0.000000 0.263887 0.003149 0.000000 0.184526
0.400000 0 2 0.003144 0.000000 0.236900 0.003113 0.000000 0.240769
0.600000 0 3 0.003194 0.000000 0.250368 0.003195 0.000000 0.199301
0.800000 0 4 0.002998 0.000000 0.242726 0.002942 0.000000 0.193414
1.000000 1 0 0.003156 0.000000 0.254959 0.003141 0.000000 0.247773
1.200000 1 1 0.002945 0.000000 0.249182 0.002982 0.000000 0.183018
1.400000 1 2 0.002995 0.000000 0.248278 0.003024 0.000000 0.215946
1.600000 1 3 0.002909 0.000000 0.266695 0.002974 0.000000 0.239781
1.800000 1 4 0.003104 0.000000 0.253989 0.003104 0.000000 0.246817
2.000000 2 0 0.002953 0.000000 0.251123 0.002946 0.000000 0.249879
2.200000 2 1 0.002899 0.000000 0.242741 0.002892 0.000000 0.154535
2.400000 2 2 0.002872 0.000000 0.246532 0.002837 0.000000 0.239466
2.600000 2 3 0.002857 0.000000 0.243822 0.002827 0.000000 0.154806
2.800000 2 4 0.002886 0.000000 0.251048 0.002880 0.000000 0.152000
3.000000 3 0 0.002891 0.000000 0.241956 0.002885 0.000000 0.165942
3.200000 3 1 0.002899 0.000000 0.244061 0.002888 0.000000 0.237032
3.400000 3 2 0.002813 0.000000 0.243163 0.002805 0.000000 0.156119
3.600000 3 3 0.002886 0.000000 0.229027 0.002884 0.000000 0.168740
3.800000 3 4 0.002834 0.000000 0.233006 0.002808 0.000000 0.183038
4.000000 4 0 0.002766 0.000000 0.227865 0.002711 0.000000 0.151671
4.200000 4 1 0.002901 0.000000 0.242802 0.002891 0.000000 0.154387
4.400000 4 2 0.002944 0.000000 0.233554 0.002915 0.000000 0.221164
4.600000 4 3 0.002787 0.000000 0.211597 0.002853 0.000000 0.189538
4.800000 4 4 0.002815 0.000000 0.235885 0.002769 0.000000 0.159889
5.000000 5 0 0.002796 0.000000 0.224458 0.002772 0.000000 0.152101
5.200000 5 1 0.002890 0.000000 0.216335 0.002902 0.000000 0.228186
5.400000 5 2 0.002824 0.000000 0.236197 0.002819 0.000000 0.196231
5.600000 5 3 0.002805 0.000000 0.215416 0.002771 0.000000 0.216466
5.800000 5 4 0.002771 0.000000 0.240639 0.002788 0.000000 0.213046
6.000000 6 0 0.002979 0.000000 0.232924 0.002974 0.000000 0.161760
6.200000 6 1 0.002705 0.000000 0.214287 0.002802 0.000000 0.235312
6.400000 6 2 0.002730 0.000000 0.229958 0.002676 0.000000 0.258858
6.600000 6 3 0.002819 0.000000 0.226621 0.002837 0.000000 0.208239
6.800000 6 4 0.002794 0.000000 0.234762 0.002840 0.000000 0.239425
7.000000 7 0 0.002801 0.000000 0.233798 0.002794 0.000000 0.198280
7.200000 7 1 0.002773 0.000000 0.236442 0.002760 0.000000 0.155252
7.400000 7 2 0.002766 0.000000 0.206575 0.002807 0.000000 0.217069
7.600000 7 3 0.002737 0.000000 0.221417 0.002681 0.000000 0.220870
7.800000 7 4 0.002805 0.000000 0.219641 0.002790 0.000000 0.176705
8.000000 8 0 0.002785 0.000000 0.218077 0.002802 0.000000 0.241837
8.200000 8 1 0.002743 0.000000 0.218994 0.002708 0.000000 0.218690
8.400000 8 2 0.002769 0.000000 0.221922 0.002854 0.000000 0.157761
8.600000 8 3 0.002712 0.000000 0.226128 0.002680 0.000000 0.231454
8.800000 8 4 0.002767 0.000000 0.224328 0.002798 0.000000 0.255085
9.000000 9 0 0.002778 0.000000 0.224708 0.002776 0.000000 0.224708
9.200000 9 1 0.002712 0.000000 0.217945 0.002741 0.000000 0.239984
9.400000 9 2 0.002775 0.000000 0.224749 0.002804 0.000000 0.168313
9.600000 9 3 0.002689 0.000000 0.220280 0.002713 0.000000 0.220280
9.800000 9 4 0.002759 0.000000 0.229787 0.002727 0.000000 0.230466
