network init start

hyperparameters
init_weight_range 0.000000 ,xavier
learning_rate 0.000050
lambda1 0.000000
lambda2 0.000000
dropout 0.020000
minibatch size 32

   DENSE CONVOLUTION  [    8     8    48] [    3     3     8] [    8     8    56] [      3456          8][    221696]
                RELU  [    8     8    56] [    1     1     1] [    8     8    56] [         0          0][      7168]
   DENSE CONVOLUTION  [    8     8    56] [    3     3     8] [    8     8    64] [      4032          8][    258560]
                RELU  [    8     8    64] [    1     1     1] [    8     8    64] [         0          0][      8192]
   DENSE CONVOLUTION  [    8     8    64] [    3     3     8] [    8     8    72] [      4608          8][    295424]
                RELU  [    8     8    72] [    1     1     1] [    8     8    72] [         0          0][      9216]
   DENSE CONVOLUTION  [    8     8    72] [    3     3     8] [    8     8    80] [      5184          8][    332288]
                RELU  [    8     8    80] [    1     1     1] [    8     8    80] [         0          0][     10240]
         CONVOLUTION  [    8     8    80] [    1     1    32] [    8     8    32] [      2560         32][    165888]
                RELU  [    8     8    32] [    1     1     1] [    8     8    32] [         0          0][      4096]
   DENSE CONVOLUTION  [    8     8    32] [    3     3     8] [    8     8    40] [      2304          8][    147968]
                RELU  [    8     8    40] [    1     1     1] [    8     8    40] [         0          0][      5120]
   DENSE CONVOLUTION  [    8     8    40] [    3     3     8] [    8     8    48] [      2880          8][    184832]
                RELU  [    8     8    48] [    1     1     1] [    8     8    48] [         0          0][      6144]
   DENSE CONVOLUTION  [    8     8    48] [    3     3     8] [    8     8    56] [      3456          8][    221696]
                RELU  [    8     8    56] [    1     1     1] [    8     8    56] [         0          0][      7168]
   DENSE CONVOLUTION  [    8     8    56] [    3     3     8] [    8     8    64] [      4032          8][    258560]
                RELU  [    8     8    64] [    1     1     1] [    8     8    64] [         0          0][      8192]
         CONVOLUTION  [    8     8    64] [    1     1    32] [    8     8    32] [      2048         32][    133120]
                RELU  [    8     8    32] [    1     1     1] [    8     8    32] [         0          0][      4096]
   DENSE CONVOLUTION  [    8     8    32] [    3     3     8] [    8     8    40] [      2304          8][    147968]
                RELU  [    8     8    40] [    1     1     1] [    8     8    40] [         0          0][      5120]
   DENSE CONVOLUTION  [    8     8    40] [    3     3     8] [    8     8    48] [      2880          8][    184832]
                RELU  [    8     8    48] [    1     1     1] [    8     8    48] [         0          0][      6144]
   DENSE CONVOLUTION  [    8     8    48] [    3     3     8] [    8     8    56] [      3456          8][    221696]
                RELU  [    8     8    56] [    1     1     1] [    8     8    56] [         0          0][      7168]
   DENSE CONVOLUTION  [    8     8    56] [    3     3     8] [    8     8    64] [      4032          8][    258560]
                RELU  [    8     8    64] [    1     1     1] [    8     8    64] [         0          0][      8192]
         CONVOLUTION  [    8     8    64] [    1     1    64] [    8     8    64] [      4096         64][    266240]
                RELU  [    8     8    64] [    1     1     1] [    8     8    64] [         0          0][      8192]
             DROPOUT  [    8     8    64] [    1     1     1] [    8     8    64] [         0          0][      8192]
                  FC  [    8     8    64] [    1     1     3] [    1     1     3] [     12288          3][     24582]

input_geometry  [8 8 48]
output_geometry [1 1 3]
network flops operations 3436550 FLOPS, 0.003437 GFLOPS
init DONE

network destructor done
