0.000000 0 0 0.003419 0.000000 0.160428 0.003515 0.000000 0.265951
0.200000 0 1 0.002693 0.000000 0.158708 0.002679 0.000000 0.267172
0.400000 0 2 0.002192 0.000000 0.147465 0.002231 0.000000 0.228062
0.600000 0 3 0.002104 0.000000 0.148554 0.002109 0.000000 0.172150
0.800000 0 4 0.002087 0.000000 0.151683 0.002101 0.000000 0.231974
1.000000 1 0 0.001996 0.000000 0.148943 0.002037 0.000000 0.245920
1.200000 1 1 0.001892 0.000000 0.148337 0.001933 0.000000 0.207295
1.400000 1 2 0.001919 0.000000 0.144981 0.001917 0.000000 0.157456
1.600000 1 3 0.001883 0.000000 0.144355 0.001935 0.000000 0.177806
1.800000 1 4 0.001870 0.000000 0.158274 0.001910 0.000000 0.162931
2.000000 2 0 0.001768 0.000000 0.150361 0.001775 0.000000 0.168487
2.200000 2 1 0.001854 0.000000 0.147922 0.001860 0.000000 0.236409
2.400000 2 2 0.001857 0.000000 0.146864 0.001856 0.000000 0.152574
2.600000 2 3 0.001844 0.000000 0.148002 0.001848 0.000000 0.178346
2.800000 2 4 0.001815 0.000000 0.144358 0.001833 0.000000 0.168486
3.000000 3 0 0.001844 0.000000 0.147012 0.001878 0.000000 0.249103
3.200000 3 1 0.001789 0.000000 0.142992 0.001803 0.000000 0.158852
3.400000 3 2 0.001809 0.000000 0.141123 0.001844 0.000000 0.231557
3.600000 3 3 0.001782 0.000000 0.141532 0.001779 0.000000 0.171872
3.800000 3 4 0.001811 0.000000 0.154066 0.001806 0.000000 0.243605
4.000000 4 0 0.001827 0.000000 0.148040 0.001819 0.000000 0.164432
4.200000 4 1 0.001749 0.000000 0.142068 0.001811 0.000000 0.249905
4.400000 4 2 0.001773 0.000000 0.145496 0.001798 0.000000 0.215157
4.600000 4 3 0.001741 0.000000 0.137513 0.001764 0.000000 0.159483
4.800000 4 4 0.001802 0.000000 0.138796 0.001808 0.000000 0.172193
5.000000 5 0 0.001694 0.000000 0.140999 0.001684 0.000000 0.148259
5.200000 5 1 0.001731 0.000000 0.140275 0.001736 0.000000 0.167721
5.400000 5 2 0.001747 0.000000 0.145359 0.001747 0.000000 0.235027
5.600000 5 3 0.001685 0.000000 0.152378 0.001693 0.000000 0.158736
5.800000 5 4 0.001808 0.000000 0.138495 0.001838 0.000000 0.163611
6.000000 6 0 0.001757 0.000000 0.170611 0.001772 0.000000 0.242329
6.200000 6 1 0.001728 0.000000 0.163977 0.001711 0.000000 0.251485
6.400000 6 2 0.001716 0.000000 0.162088 0.001687 0.000000 0.162088
6.600000 6 3 0.001710 0.000000 0.155357 0.001704 0.000000 0.139748
6.800000 6 4 0.001779 0.000000 0.135281 0.001792 0.000000 0.179001
7.000000 7 0 0.001715 0.000000 0.149913 0.001708 0.000000 0.202664
7.200000 7 1 0.001665 0.000000 0.165127 0.001660 0.000000 0.132151
7.400000 7 2 0.001682 0.000000 0.155655 0.001672 0.000000 0.223601
7.600000 7 3 0.001654 0.000000 0.149962 0.001678 0.000000 0.137052
7.800000 7 4 0.001720 0.000000 0.145037 0.001727 0.000000 0.167299
8.000000 8 0 0.001664 0.000000 0.144967 0.001644 0.000000 0.230370
8.200000 8 1 0.001676 0.000000 0.146927 0.001674 0.000000 0.157337
8.400000 8 2 0.001675 0.000000 0.151114 0.001655 0.000000 0.166093
8.600000 8 3 0.001679 0.000000 0.146248 0.001679 0.000000 0.180675
8.800000 8 4 0.001695 0.000000 0.144901 0.001671 0.000000 0.194530
9.000000 9 0 0.001670 0.000000 0.148306 0.001689 0.000000 0.178585
9.200000 9 1 0.001696 0.000000 0.149244 0.001714 0.000000 0.222681
9.400000 9 2 0.001642 0.000000 0.149693 0.001656 0.000000 0.229698
9.600000 9 3 0.001660 0.000000 0.161986 0.001664 0.000000 0.213628
9.800000 9 4 0.001652 0.000000 0.153559 0.001644 0.000000 0.164125
