network init start

hyperparameters
init_weight_range 0.000000 ,xavier
learning_rate 0.000200
lambda1 0.000001
lambda2 0.000001
dropout 0.020000
minibatch size 32

   DENSE CONVOLUTION  [   40    20    24] [    3     3     8] [   40    20    32] [      1728          8][   1388800]
                RELU  [   40    20    32] [    1     1     1] [   40    20    32] [         0          0][     51200]
   DENSE CONVOLUTION  [   40    20    32] [    3     3     8] [   40    20    40] [      2304          8][   1849600]
                RELU  [   40    20    40] [    1     1     1] [   40    20    40] [         0          0][     64000]
   DENSE CONVOLUTION  [   40    20    40] [    3     3     8] [   40    20    48] [      2880          8][   2310400]
                RELU  [   40    20    48] [    1     1     1] [   40    20    48] [         0          0][     76800]
   DENSE CONVOLUTION  [   40    20    48] [    3     3     8] [   40    20    56] [      3456          8][   2771200]
                RELU  [   40    20    56] [    1     1     1] [   40    20    56] [         0          0][     89600]
         CONVOLUTION  [   40    20    56] [    1     1    32] [   40    20    32] [      1792         32][   1459200]
                RELU  [   40    20    32] [    1     1     1] [   40    20    32] [         0          0][     51200]
   DENSE CONVOLUTION  [   40    20    32] [    3     3     8] [   40    20    40] [      2304          8][   1849600]
                RELU  [   40    20    40] [    1     1     1] [   40    20    40] [         0          0][     64000]
   DENSE CONVOLUTION  [   40    20    40] [    3     3     8] [   40    20    48] [      2880          8][   2310400]
                RELU  [   40    20    48] [    1     1     1] [   40    20    48] [         0          0][     76800]
   DENSE CONVOLUTION  [   40    20    48] [    3     3     8] [   40    20    56] [      3456          8][   2771200]
                RELU  [   40    20    56] [    1     1     1] [   40    20    56] [         0          0][     89600]
   DENSE CONVOLUTION  [   40    20    56] [    3     3     8] [   40    20    64] [      4032          8][   3232000]
                RELU  [   40    20    64] [    1     1     1] [   40    20    64] [         0          0][    102400]
         CONVOLUTION  [   40    20    64] [    1     1    32] [   40    20    32] [      2048         32][   1664000]
                RELU  [   40    20    32] [    1     1     1] [   40    20    32] [         0          0][     51200]
   DENSE CONVOLUTION  [   40    20    32] [    3     3     8] [   40    20    40] [      2304          8][   1849600]
                RELU  [   40    20    40] [    1     1     1] [   40    20    40] [         0          0][     64000]
   DENSE CONVOLUTION  [   40    20    40] [    3     3     8] [   40    20    48] [      2880          8][   2310400]
                RELU  [   40    20    48] [    1     1     1] [   40    20    48] [         0          0][     76800]
   DENSE CONVOLUTION  [   40    20    48] [    3     3     8] [   40    20    56] [      3456          8][   2771200]
                RELU  [   40    20    56] [    1     1     1] [   40    20    56] [         0          0][     89600]
   DENSE CONVOLUTION  [   40    20    56] [    3     3     8] [   40    20    64] [      4032          8][   3232000]
                RELU  [   40    20    64] [    1     1     1] [   40    20    64] [         0          0][    102400]
         CONVOLUTION  [   40    20    64] [    1     1    64] [   40    20    64] [      4096         64][   3328000]
                RELU  [   40    20    64] [    1     1     1] [   40    20    64] [         0          0][    102400]
             DROPOUT  [   40    20    64] [    1     1     1] [   40    20    64] [         0          0][    102400]
                  FC  [   40    20    64] [    1     1     3] [    1     1     3] [    153600          3][    307206]

input_geometry  [40 20 24]
output_geometry [1 1 3]
network flops operations 36659208 FLOPS, 0.036659 GFLOPS
init DONE

