0.000000 0 0 0.002164 0.000000 0.164919 0.002105 0.000000 0.249286
0.200000 0 1 0.002000 0.000000 0.172123 0.001983 0.000000 0.180218
0.400000 0 2 0.002064 0.000000 0.174942 0.002064 0.000000 0.215674
0.600000 0 3 0.001942 0.000000 0.179886 0.001918 0.000000 0.169960
0.800000 0 4 0.001682 0.000000 0.180034 0.001650 0.000000 0.235092
1.000000 1 0 0.001807 0.000000 0.195152 0.001819 0.000000 0.187934
1.200000 1 1 0.001966 0.000000 0.202936 0.001934 0.000000 0.249135
1.400000 1 2 0.001666 0.000000 0.183000 0.001650 0.000000 0.210538
1.600000 1 3 0.001828 0.000000 0.181400 0.001841 0.000000 0.206291
1.800000 1 4 0.001621 0.000000 0.179864 0.001602 0.000000 0.183002
2.000000 2 0 0.001917 0.000000 0.177045 0.001876 0.000000 0.221663
2.200000 2 1 0.001628 0.000000 0.169097 0.001601 0.000000 0.199105
2.400000 2 2 0.001682 0.000000 0.168089 0.001654 0.000000 0.217059
2.600000 2 3 0.001703 0.000000 0.185194 0.001643 0.000000 0.253669
2.800000 2 4 0.001641 0.000000 0.182784 0.001590 0.000000 0.130122
3.000000 3 0 0.001879 0.000000 0.175383 0.001857 0.000000 0.208103
3.200000 3 1 0.001749 0.000000 0.169604 0.001692 0.000000 0.228725
3.400000 3 2 0.001926 0.000000 0.175263 0.001895 0.000000 0.268872
3.600000 3 3 0.001763 0.000000 0.176594 0.001746 0.000000 0.245811
3.800000 3 4 0.001605 0.000000 0.175517 0.001581 0.000000 0.160553
4.000000 4 0 0.001684 0.000000 0.175214 0.001650 0.000000 0.152003
4.200000 4 1 0.001691 0.000000 0.187398 0.001690 0.000000 0.255222
4.400000 4 2 0.001784 0.000000 0.163277 0.001759 0.000000 0.224309
4.600000 4 3 0.001650 0.000000 0.179867 0.001637 0.000000 0.172660
4.800000 4 4 0.001794 0.000000 0.205291 0.001721 0.000000 0.123613
5.000000 5 0 0.001719 0.000000 0.174301 0.001683 0.000000 0.238801
5.200000 5 1 0.001827 0.000000 0.175653 0.001792 0.000000 0.198698
5.400000 5 2 0.001676 0.000000 0.175679 0.001645 0.000000 0.239871
