0 -0.162555 1 0.000050
1 -0.159168 0 0.000000
2 -0.155781 0 0.000000
3 -0.152394 0 0.000000
4 -0.149007 3 0.000150
5 -0.145620 1 0.000050
6 -0.142232 2 0.000100
7 -0.138845 0 0.000000
8 -0.135458 2 0.000100
9 -0.132071 2 0.000100
10 -0.128684 0 0.000000
11 -0.125297 2 0.000100
12 -0.121910 2 0.000100
13 -0.118523 3 0.000150
14 -0.115136 3 0.000150
15 -0.111749 5 0.000250
16 -0.108362 5 0.000250
17 -0.104975 1 0.000050
18 -0.101588 2 0.000100
19 -0.098201 2 0.000100
20 -0.094814 3 0.000150
21 -0.091427 6 0.000300
22 -0.088040 9 0.000450
23 -0.084653 11 0.000550
24 -0.081266 4 0.000200
25 -0.077879 7 0.000350
26 -0.074492 13 0.000650
27 -0.071105 8 0.000400
28 -0.067718 14 0.000700
29 -0.064331 15 0.000750
30 -0.060944 17 0.000850
31 -0.057557 22 0.001100
32 -0.054170 29 0.001450
33 -0.050783 29 0.001450
34 -0.047396 49 0.002450
35 -0.044009 53 0.002650
36 -0.040622 67 0.003350
37 -0.037235 92 0.004600
38 -0.033848 108 0.005400
39 -0.030461 167 0.008350
40 -0.027074 251 0.012550
41 -0.023687 405 0.020250
42 -0.020300 586 0.029300
43 -0.016913 1045 0.052250
44 -0.013526 2215 0.110750
45 -0.010139 4406 0.220300
46 -0.006752 4796 0.239800
47 -0.003365 2228 0.111400
48 0.000022 1205 0.060250
49 0.003409 646 0.032300
50 0.006796 409 0.020450
51 0.010183 276 0.013800
52 0.013570 187 0.009350
53 0.016957 130 0.006500
54 0.020344 71 0.003550
55 0.023731 71 0.003550
56 0.027118 49 0.002450
57 0.030505 28 0.001400
58 0.033892 19 0.000950
59 0.037279 28 0.001400
60 0.040666 18 0.000900
61 0.044053 25 0.001250
62 0.047440 23 0.001150
63 0.050827 23 0.001150
64 0.054214 14 0.000700
65 0.057601 17 0.000850
66 0.060989 14 0.000700
67 0.064376 14 0.000700
68 0.067763 6 0.000300
69 0.071150 6 0.000300
70 0.074537 4 0.000200
71 0.077924 4 0.000200
72 0.081311 4 0.000200
73 0.084698 1 0.000050
74 0.088085 5 0.000250
75 0.091472 2 0.000100
76 0.094859 1 0.000050
77 0.098246 0 0.000000
78 0.101633 0 0.000000
79 0.105020 0 0.000000
80 0.108407 0 0.000000
81 0.111794 0 0.000000
82 0.115181 2 0.000100
83 0.118568 1 0.000050
84 0.121955 0 0.000000
85 0.125342 1 0.000050
86 0.128729 0 0.000000
87 0.132116 0 0.000000
88 0.135503 0 0.000000
89 0.138890 0 0.000000
90 0.142277 1 0.000050
91 0.145664 1 0.000050
92 0.149051 0 0.000000
93 0.152438 0 0.000000
94 0.155825 1 0.000050
95 0.159212 0 0.000000
96 0.162599 1 0.000050
97 0.165986 0 0.000000
98 0.169373 0 0.000000
99 0.172760 1 0.000050
