0 -0.491883 1 0.000050
1 -0.483113 0 0.000000
2 -0.474342 0 0.000000
3 -0.465572 0 0.000000
4 -0.456802 0 0.000000
5 -0.448031 0 0.000000
6 -0.439261 1 0.000050
7 -0.430490 1 0.000050
8 -0.421720 0 0.000000
9 -0.412949 0 0.000000
10 -0.404179 0 0.000000
11 -0.395408 0 0.000000
12 -0.386638 0 0.000000
13 -0.377867 0 0.000000
14 -0.369097 0 0.000000
15 -0.360327 0 0.000000
16 -0.351556 1 0.000050
17 -0.342786 0 0.000000
18 -0.334015 2 0.000100
19 -0.325245 1 0.000050
20 -0.316474 0 0.000000
21 -0.307704 0 0.000000
22 -0.298934 3 0.000150
23 -0.290163 1 0.000050
24 -0.281393 1 0.000050
25 -0.272622 5 0.000250
26 -0.263852 1 0.000050
27 -0.255081 4 0.000200
28 -0.246311 1 0.000050
29 -0.237540 4 0.000200
30 -0.228770 6 0.000300
31 -0.219999 5 0.000250
32 -0.211229 15 0.000750
33 -0.202459 11 0.000550
34 -0.193688 31 0.001550
35 -0.184918 86 0.004300
36 -0.176147 81 0.004050
37 -0.167377 76 0.003800
38 -0.158606 149 0.007450
39 -0.149836 195 0.009750
40 -0.141066 269 0.013450
41 -0.132295 180 0.009000
42 -0.123525 152 0.007600
43 -0.114754 154 0.007700
44 -0.105984 264 0.013200
45 -0.097213 358 0.017900
46 -0.088443 797 0.039850
47 -0.079672 670 0.033500
48 -0.070902 342 0.017100
49 -0.062131 461 0.023050
50 -0.053361 622 0.031100
51 -0.044591 767 0.038350
52 -0.035820 689 0.034450
53 -0.027050 772 0.038600
54 -0.018279 2200 0.110000
55 -0.009509 3089 0.154450
56 -0.000738 870 0.043500
57 0.008032 817 0.040850
58 0.016802 1163 0.058150
59 0.025573 625 0.031250
60 0.034343 425 0.021250
61 0.043114 470 0.023500
62 0.051884 535 0.026750
63 0.060655 475 0.023750
64 0.069425 272 0.013600
65 0.078196 208 0.010400
66 0.086966 204 0.010200
67 0.095737 171 0.008550
68 0.104507 209 0.010450
69 0.113277 383 0.019150
70 0.122048 176 0.008800
71 0.130818 89 0.004450
72 0.139589 114 0.005700
73 0.148359 110 0.005500
74 0.157130 90 0.004500
75 0.165900 59 0.002950
76 0.174671 10 0.000500
77 0.183441 9 0.000450
78 0.192211 8 0.000400
79 0.200982 7 0.000350
80 0.209752 6 0.000300
81 0.218523 3 0.000150
82 0.227293 4 0.000200
83 0.236064 2 0.000100
84 0.244834 0 0.000000
85 0.253604 2 0.000100
86 0.262375 3 0.000150
87 0.271145 1 0.000050
88 0.279916 0 0.000000
89 0.288686 1 0.000050
90 0.297457 1 0.000050
91 0.306227 3 0.000150
92 0.314998 0 0.000000
93 0.323768 1 0.000050
94 0.332538 0 0.000000
95 0.341309 2 0.000100
96 0.350079 0 0.000000
97 0.358850 0 0.000000
98 0.367620 3 0.000150
99 0.376391 1 0.000050
