0 -0.491883 1 0.000017
1 -0.483113 0 0.000000
2 -0.474342 0 0.000000
3 -0.465572 0 0.000000
4 -0.456802 0 0.000000
5 -0.448031 0 0.000000
6 -0.439261 1 0.000017
7 -0.430490 1 0.000017
8 -0.421720 0 0.000000
9 -0.412949 0 0.000000
10 -0.404179 0 0.000000
11 -0.395408 0 0.000000
12 -0.386638 0 0.000000
13 -0.377867 0 0.000000
14 -0.369097 0 0.000000
15 -0.360327 0 0.000000
16 -0.351556 1 0.000017
17 -0.342786 0 0.000000
18 -0.334015 2 0.000033
19 -0.325245 1 0.000017
20 -0.316474 0 0.000000
21 -0.307704 0 0.000000
22 -0.298934 3 0.000050
23 -0.290163 1 0.000017
24 -0.281393 1 0.000017
25 -0.272622 5 0.000083
26 -0.263852 1 0.000017
27 -0.255081 4 0.000067
28 -0.246311 1 0.000017
29 -0.237540 4 0.000067
30 -0.228770 6 0.000100
31 -0.219999 5 0.000083
32 -0.211229 15 0.000250
33 -0.202459 11 0.000183
34 -0.193688 31 0.000517
35 -0.184918 87 0.001450
36 -0.176147 83 0.001383
37 -0.167377 83 0.001383
38 -0.158606 160 0.002667
39 -0.149836 209 0.003483
40 -0.141066 276 0.004600
41 -0.132295 192 0.003200
42 -0.123525 163 0.002717
43 -0.114754 177 0.002950
44 -0.105984 272 0.004533
45 -0.097213 379 0.006317
46 -0.088443 844 0.014067
47 -0.079672 718 0.011967
48 -0.070902 442 0.007367
49 -0.062131 582 0.009700
50 -0.053361 818 0.013633
51 -0.044591 1146 0.019100
52 -0.035820 1586 0.026433
53 -0.027050 3480 0.058000
54 -0.018279 13500 0.225000
55 -0.009509 20937 0.348950
56 -0.000738 4823 0.080383
57 0.008032 2008 0.033467
58 0.016802 1600 0.026667
59 0.025573 843 0.014050
60 0.034343 555 0.009250
61 0.043114 563 0.009383
62 0.051884 608 0.010133
63 0.060655 533 0.008883
64 0.069425 292 0.004867
65 0.078196 221 0.003683
66 0.086966 216 0.003600
67 0.095737 177 0.002950
68 0.104507 212 0.003533
69 0.113277 389 0.006483
70 0.122048 178 0.002967
71 0.130818 92 0.001533
72 0.139589 120 0.002000
73 0.148359 114 0.001900
74 0.157130 92 0.001533
75 0.165900 62 0.001033
76 0.174671 13 0.000217
77 0.183441 12 0.000200
78 0.192211 8 0.000133
79 0.200982 7 0.000117
80 0.209752 6 0.000100
81 0.218523 3 0.000050
82 0.227293 4 0.000067
83 0.236064 2 0.000033
84 0.244834 0 0.000000
85 0.253604 2 0.000033
86 0.262375 3 0.000050
87 0.271145 1 0.000017
88 0.279916 0 0.000000
89 0.288686 1 0.000017
90 0.297457 1 0.000017
91 0.306227 3 0.000050
92 0.314998 0 0.000000
93 0.323768 1 0.000017
94 0.332538 0 0.000000
95 0.341309 2 0.000033
96 0.350079 0 0.000000
97 0.358850 0 0.000000
98 0.367620 3 0.000050
99 0.376391 1 0.000017
