0 -0.176853 1 0.000050
1 -0.173174 1 0.000050
2 -0.169495 3 0.000150
3 -0.165817 3 0.000150
4 -0.162138 1 0.000050
5 -0.158459 7 0.000350
6 -0.154780 4 0.000200
7 -0.151101 1 0.000050
8 -0.147422 5 0.000250
9 -0.143743 4 0.000200
10 -0.140064 0 0.000000
11 -0.136385 3 0.000150
12 -0.132706 1 0.000050
13 -0.129027 1 0.000050
14 -0.125348 8 0.000400
15 -0.121670 2 0.000100
16 -0.117991 2 0.000100
17 -0.114312 4 0.000200
18 -0.110633 7 0.000350
19 -0.106954 1 0.000050
20 -0.103275 2 0.000100
21 -0.099596 2 0.000100
22 -0.095917 5 0.000250
23 -0.092238 4 0.000200
24 -0.088559 9 0.000450
25 -0.084880 9 0.000450
26 -0.081201 13 0.000650
27 -0.077523 8 0.000400
28 -0.073844 17 0.000850
29 -0.070165 25 0.001250
30 -0.066486 30 0.001500
31 -0.062807 32 0.001600
32 -0.059128 29 0.001450
33 -0.055449 35 0.001750
34 -0.051770 38 0.001900
35 -0.048091 57 0.002850
36 -0.044412 71 0.003550
37 -0.040733 97 0.004850
38 -0.037054 153 0.007650
39 -0.033376 207 0.010350
40 -0.029697 356 0.017800
41 -0.026018 574 0.028700
42 -0.022339 937 0.046850
43 -0.018660 1707 0.085350
44 -0.014981 3125 0.156250
45 -0.011302 4915 0.245750
46 -0.007623 3396 0.169800
47 -0.003944 1663 0.083150
48 -0.000265 857 0.042850
49 0.003414 500 0.025000
50 0.007093 282 0.014100
51 0.010771 204 0.010200
52 0.014450 113 0.005650
53 0.018129 88 0.004400
54 0.021808 65 0.003250
55 0.025487 48 0.002400
56 0.029166 44 0.002200
57 0.032845 44 0.002200
58 0.036524 30 0.001500
59 0.040203 22 0.001100
60 0.043882 16 0.000800
61 0.047561 9 0.000450
62 0.051239 10 0.000500
63 0.054918 14 0.000700
64 0.058597 17 0.000850
65 0.062276 6 0.000300
66 0.065955 9 0.000450
67 0.069634 3 0.000150
68 0.073313 3 0.000150
69 0.076992 1 0.000050
70 0.080671 3 0.000150
71 0.084350 2 0.000100
72 0.088029 2 0.000100
73 0.091708 2 0.000100
74 0.095386 3 0.000150
75 0.099065 2 0.000100
76 0.102744 0 0.000000
77 0.106423 0 0.000000
78 0.110102 3 0.000150
79 0.113781 2 0.000100
80 0.117460 1 0.000050
81 0.121139 0 0.000000
82 0.124818 1 0.000050
83 0.128497 1 0.000050
84 0.132176 1 0.000050
85 0.135855 1 0.000050
86 0.139533 0 0.000000
87 0.143212 1 0.000050
88 0.146891 6 0.000300
89 0.150570 1 0.000050
90 0.154249 0 0.000000
91 0.157928 0 0.000000
92 0.161607 0 0.000000
93 0.165286 0 0.000000
94 0.168965 0 0.000000
95 0.172644 4 0.000200
96 0.176323 1 0.000050
97 0.180002 0 0.000000
98 0.183680 2 0.000100
99 0.187359 1 0.000050
