0 0.000000 51411 0.856850
1 0.002444 2582 0.043033
2 0.004888 1886 0.031433
3 0.007332 934 0.015567
4 0.009776 568 0.009467
5 0.012220 623 0.010383
6 0.014664 417 0.006950
7 0.017108 364 0.006067
8 0.019551 336 0.005600
9 0.021995 265 0.004417
10 0.024439 169 0.002817
11 0.026883 128 0.002133
12 0.029327 89 0.001483
13 0.031771 75 0.001250
14 0.034215 36 0.000600
15 0.036659 19 0.000317
16 0.039103 9 0.000150
17 0.041547 15 0.000250
18 0.043991 11 0.000183
19 0.046435 4 0.000067
20 0.048879 5 0.000083
21 0.051323 8 0.000133
22 0.053766 3 0.000050
23 0.056210 0 0.000000
24 0.058654 3 0.000050
25 0.061098 2 0.000033
26 0.063542 2 0.000033
27 0.065986 3 0.000050
28 0.068430 2 0.000033
29 0.070874 3 0.000050
30 0.073318 4 0.000067
31 0.075762 1 0.000017
32 0.078206 0 0.000000
33 0.080650 1 0.000017
34 0.083094 1 0.000017
35 0.085538 2 0.000033
36 0.087982 1 0.000017
37 0.090425 1 0.000017
38 0.092869 2 0.000033
39 0.095313 1 0.000017
40 0.097757 0 0.000000
41 0.100201 0 0.000000
42 0.102645 1 0.000017
43 0.105089 2 0.000033
44 0.107533 1 0.000017
45 0.109977 0 0.000000
46 0.112421 0 0.000000
47 0.114865 0 0.000000
48 0.117309 2 0.000033
49 0.119753 0 0.000000
50 0.122197 1 0.000017
51 0.124640 0 0.000000
52 0.127084 0 0.000000
53 0.129528 0 0.000000
54 0.131972 0 0.000000
55 0.134416 0 0.000000
56 0.136860 2 0.000033
57 0.139304 2 0.000033
58 0.141748 0 0.000000
59 0.144192 0 0.000000
60 0.146636 0 0.000000
61 0.149080 0 0.000000
62 0.151524 0 0.000000
63 0.153968 0 0.000000
64 0.156412 0 0.000000
65 0.158855 0 0.000000
66 0.161299 0 0.000000
67 0.163743 0 0.000000
68 0.166187 0 0.000000
69 0.168631 0 0.000000
70 0.171075 0 0.000000
71 0.173519 0 0.000000
72 0.175963 0 0.000000
73 0.178407 0 0.000000
74 0.180851 1 0.000017
75 0.183295 0 0.000000
76 0.185739 0 0.000000
77 0.188183 0 0.000000
78 0.190627 1 0.000017
79 0.193071 0 0.000000
80 0.195514 0 0.000000
81 0.197958 0 0.000000
82 0.200402 0 0.000000
83 0.202846 0 0.000000
84 0.205290 0 0.000000
85 0.207734 0 0.000000
86 0.210178 0 0.000000
87 0.212622 0 0.000000
88 0.215066 0 0.000000
89 0.217510 0 0.000000
90 0.219954 0 0.000000
91 0.222398 0 0.000000
92 0.224842 0 0.000000
93 0.227286 0 0.000000
94 0.229730 0 0.000000
95 0.232173 0 0.000000
96 0.234617 0 0.000000
97 0.237061 0 0.000000
98 0.239505 0 0.000000
99 0.241949 1 0.000017
