0 0.001706 2 0.000033
1 0.011782 11 0.000183
2 0.021857 12 0.000200
3 0.031932 10 0.000167
4 0.042007 18 0.000300
5 0.052082 13 0.000217
6 0.062157 16 0.000267
7 0.072232 13 0.000217
8 0.082308 14 0.000233
9 0.092383 20 0.000333
10 0.102458 14 0.000233
11 0.112533 15 0.000250
12 0.122608 12 0.000200
13 0.132683 15 0.000250
14 0.142759 18 0.000300
15 0.152834 20 0.000333
16 0.162909 9 0.000150
17 0.172984 30 0.000500
18 0.183059 15 0.000250
19 0.193134 26 0.000433
20 0.203209 43 0.000717
21 0.213285 51 0.000850
22 0.223360 49 0.000817
23 0.233435 33 0.000550
24 0.243510 57 0.000950
25 0.253585 78 0.001300
26 0.263660 74 0.001233
27 0.273736 100 0.001667
28 0.283811 115 0.001917
29 0.293886 110 0.001833
30 0.303961 174 0.002900
31 0.314036 220 0.003667
32 0.324111 312 0.005200
33 0.334186 294 0.004900
34 0.344262 240 0.004000
35 0.354337 280 0.004667
36 0.364412 358 0.005967
37 0.374487 488 0.008133
38 0.384562 395 0.006583
39 0.394637 423 0.007050
40 0.404713 619 0.010317
41 0.414788 763 0.012717
42 0.424863 1401 0.023350
43 0.434938 852 0.014200
44 0.445013 941 0.015683
45 0.455088 1329 0.022150
46 0.465164 1960 0.032667
47 0.475239 1994 0.033233
48 0.485314 3406 0.056767
49 0.495389 8192 0.136533
50 0.505464 3120 0.052000
51 0.515539 2193 0.036550
52 0.525614 2280 0.038000
53 0.535690 1401 0.023350
54 0.545765 1264 0.021067
55 0.555840 1355 0.022583
56 0.565915 1856 0.030933
57 0.575990 2166 0.036100
58 0.586065 3144 0.052400
59 0.596141 2581 0.043017
60 0.606216 1510 0.025167
61 0.616291 1317 0.021950
62 0.626366 1160 0.019333
63 0.636441 564 0.009400
64 0.646516 539 0.008983
65 0.656591 448 0.007467
66 0.666667 417 0.006950
67 0.676742 363 0.006050
68 0.686817 251 0.004183
69 0.696892 252 0.004200
70 0.706967 213 0.003550
71 0.717042 201 0.003350
72 0.727118 167 0.002783
73 0.737193 191 0.003183
74 0.747268 172 0.002867
75 0.757343 172 0.002867
76 0.767418 206 0.003433
77 0.777493 198 0.003300
78 0.787569 209 0.003483
79 0.797644 190 0.003167
80 0.807719 188 0.003133
81 0.817794 232 0.003867
82 0.827869 243 0.004050
83 0.837944 236 0.003933
84 0.848019 285 0.004750
85 0.858095 383 0.006383
86 0.868170 465 0.007750
87 0.878245 425 0.007083
88 0.888320 261 0.004350
89 0.898395 279 0.004650
90 0.908470 276 0.004600
91 0.918546 353 0.005883
92 0.928621 253 0.004217
93 0.938696 171 0.002850
94 0.948771 74 0.001233
95 0.958846 38 0.000633
96 0.968921 55 0.000917
97 0.978996 19 0.000317
98 0.989072 8 0.000133
99 0.999147 2 0.000033
