0 0.022150 2 0.000100
1 0.031839 5 0.000250
2 0.041528 0 0.000000
3 0.051216 3 0.000150
4 0.060905 1 0.000050
5 0.070594 15 0.000750
6 0.080282 6 0.000300
7 0.089971 16 0.000800
8 0.099660 13 0.000650
9 0.109348 1 0.000050
10 0.119037 4 0.000200
11 0.128725 18 0.000900
12 0.138414 2 0.000100
13 0.148103 4 0.000200
14 0.157791 61 0.003050
15 0.167480 20 0.001000
16 0.177169 33 0.001650
17 0.186857 31 0.001550
18 0.196546 12 0.000600
19 0.206234 17 0.000850
20 0.215923 19 0.000950
21 0.225612 34 0.001700
22 0.235300 43 0.002150
23 0.244989 21 0.001050
24 0.254678 36 0.001800
25 0.264366 53 0.002650
26 0.274055 66 0.003300
27 0.283743 62 0.003100
28 0.293432 20 0.001000
29 0.303121 71 0.003550
30 0.312809 65 0.003250
31 0.322498 109 0.005450
32 0.332187 60 0.003000
33 0.341875 111 0.005550
34 0.351564 82 0.004100
35 0.361252 99 0.004950
36 0.370941 91 0.004550
37 0.380630 101 0.005050
38 0.390318 206 0.010300
39 0.400007 203 0.010150
40 0.409696 188 0.009400
41 0.419384 213 0.010650
42 0.429073 284 0.014200
43 0.438762 325 0.016250
44 0.448450 554 0.027700
45 0.458139 522 0.026100
46 0.467827 678 0.033900
47 0.477516 939 0.046950
48 0.487205 1595 0.079750
49 0.496893 3085 0.154250
50 0.506582 3119 0.155950
51 0.516271 1373 0.068650
52 0.525959 980 0.049000
53 0.535648 778 0.038900
54 0.545336 502 0.025100
55 0.555025 379 0.018950
56 0.564714 384 0.019200
57 0.574402 235 0.011750
58 0.584091 229 0.011450
59 0.593780 196 0.009800
60 0.603468 205 0.010250
61 0.613157 128 0.006400
62 0.622846 115 0.005750
63 0.632534 100 0.005000
64 0.642223 104 0.005200
65 0.651911 55 0.002750
66 0.661600 82 0.004100
67 0.671289 84 0.004200
68 0.680977 80 0.004000
69 0.690666 115 0.005750
70 0.700355 26 0.001300
71 0.710043 55 0.002750
72 0.719732 30 0.001500
73 0.729420 20 0.001000
74 0.739109 45 0.002250
75 0.748798 41 0.002050
76 0.758486 30 0.001500
77 0.768175 39 0.001950
78 0.777864 2 0.000100
79 0.787552 42 0.002100
80 0.797241 10 0.000500
81 0.806929 28 0.001400
82 0.816618 12 0.000600
83 0.826307 9 0.000450
84 0.835995 38 0.001900
85 0.845684 13 0.000650
86 0.855373 11 0.000550
87 0.865061 10 0.000500
88 0.874750 19 0.000950
89 0.884438 5 0.000250
90 0.894127 4 0.000200
91 0.903816 13 0.000650
92 0.913504 14 0.000700
93 0.923193 26 0.001300
94 0.932882 6 0.000300
95 0.942570 0 0.000000
96 0.952259 0 0.000000
97 0.961948 0 0.000000
98 0.971636 10 0.000500
99 0.981325 0 0.000000
