0 0.008426 4 0.000200
1 0.018433 6 0.000300
2 0.028440 7 0.000350
3 0.038448 9 0.000450
4 0.048455 3 0.000150
5 0.058462 3 0.000150
6 0.068469 4 0.000200
7 0.078477 3 0.000150
8 0.088484 3 0.000150
9 0.098491 6 0.000300
10 0.108499 5 0.000250
11 0.118506 2 0.000100
12 0.128513 3 0.000150
13 0.138520 9 0.000450
14 0.148528 3 0.000150
15 0.158535 0 0.000000
16 0.168542 1 0.000050
17 0.178550 6 0.000300
18 0.188557 1 0.000050
19 0.198564 0 0.000000
20 0.208571 4 0.000200
21 0.218579 5 0.000250
22 0.228586 3 0.000150
23 0.238593 8 0.000400
24 0.248601 32 0.001600
25 0.258608 33 0.001650
26 0.268615 24 0.001200
27 0.278622 47 0.002350
28 0.288630 39 0.001950
29 0.298637 36 0.001800
30 0.308644 103 0.005150
31 0.318652 92 0.004600
32 0.328659 179 0.008950
33 0.338666 105 0.005250
34 0.348673 56 0.002800
35 0.358681 15 0.000750
36 0.368688 19 0.000950
37 0.378695 16 0.000800
38 0.388703 17 0.000850
39 0.398710 22 0.001100
40 0.408717 29 0.001450
41 0.418724 30 0.001500
42 0.428732 32 0.001600
43 0.438739 38 0.001900
44 0.448746 62 0.003100
45 0.458754 71 0.003550
46 0.468761 78 0.003900
47 0.478768 59 0.002950
48 0.488775 130 0.006500
49 0.498783 116 0.005800
50 0.508790 139 0.006950
51 0.518797 148 0.007400
52 0.528804 205 0.010250
53 0.538812 250 0.012500
54 0.548819 384 0.019200
55 0.558826 484 0.024200
56 0.568834 741 0.037050
57 0.578841 1933 0.096650
58 0.588848 2712 0.135600
59 0.598855 1820 0.091000
60 0.608863 938 0.046900
61 0.618870 873 0.043650
62 0.628877 551 0.027550
63 0.638885 347 0.017350
64 0.648892 303 0.015150
65 0.658899 229 0.011450
66 0.668906 227 0.011350
67 0.678914 186 0.009300
68 0.688921 187 0.009350
69 0.698928 171 0.008550
70 0.708936 164 0.008200
71 0.718943 141 0.007050
72 0.728950 144 0.007200
73 0.738957 156 0.007800
74 0.748965 142 0.007100
75 0.758972 146 0.007300
76 0.768979 169 0.008450
77 0.778987 169 0.008450
78 0.788994 176 0.008800
79 0.799001 168 0.008400
80 0.809008 176 0.008800
81 0.819016 216 0.010800
82 0.829023 214 0.010700
83 0.839030 242 0.012100
84 0.849038 267 0.013350
85 0.859045 417 0.020850
86 0.869052 412 0.020600
87 0.879059 397 0.019850
88 0.889067 248 0.012400
89 0.899074 264 0.013200
90 0.909081 272 0.013600
91 0.919088 319 0.015950
92 0.929096 250 0.012500
93 0.939103 145 0.007250
94 0.949110 73 0.003650
95 0.959118 30 0.001500
96 0.969125 48 0.002400
97 0.979132 20 0.001000
98 0.989139 7 0.000350
99 0.999147 2 0.000100
