0 0.012499 8 0.000400
1 0.022240 4 0.000200
2 0.031980 3 0.000150
3 0.041720 10 0.000500
4 0.051460 10 0.000500
5 0.061200 12 0.000600
6 0.070941 5 0.000250
7 0.080681 15 0.000750
8 0.090421 12 0.000600
9 0.100161 12 0.000600
10 0.109901 8 0.000400
11 0.119642 9 0.000450
12 0.129382 11 0.000550
13 0.139122 9 0.000450
14 0.148862 12 0.000600
15 0.158602 14 0.000700
16 0.168343 13 0.000650
17 0.178083 21 0.001050
18 0.187823 20 0.001000
19 0.197563 29 0.001450
20 0.207303 36 0.001800
21 0.217044 37 0.001850
22 0.226784 40 0.002000
23 0.236524 24 0.001200
24 0.246264 46 0.002300
25 0.256004 38 0.001900
26 0.265745 47 0.002350
27 0.275485 57 0.002850
28 0.285225 60 0.003000
29 0.294965 65 0.003250
30 0.304705 72 0.003600
31 0.314446 70 0.003500
32 0.324186 72 0.003600
33 0.333926 78 0.003900
34 0.343666 78 0.003900
35 0.353406 99 0.004950
36 0.363147 103 0.005150
37 0.372887 126 0.006300
38 0.382627 175 0.008750
39 0.392367 190 0.009500
40 0.402107 223 0.011150
41 0.411848 266 0.013300
42 0.421588 232 0.011600
43 0.431328 356 0.017800
44 0.441068 378 0.018900
45 0.450808 538 0.026900
46 0.460549 699 0.034950
47 0.470289 958 0.047900
48 0.480029 1578 0.078900
49 0.489769 3167 0.158350
50 0.499509 3013 0.150650
51 0.509250 1573 0.078650
52 0.518990 1024 0.051200
53 0.528730 692 0.034600
54 0.538470 477 0.023850
55 0.548210 371 0.018550
56 0.557950 328 0.016400
57 0.567691 328 0.016400
58 0.577431 266 0.013300
59 0.587171 162 0.008100
60 0.596911 179 0.008950
61 0.606652 143 0.007150
62 0.616392 141 0.007050
63 0.626132 109 0.005450
64 0.635872 89 0.004450
65 0.645612 106 0.005300
66 0.655353 88 0.004400
67 0.665093 82 0.004100
68 0.674833 82 0.004100
69 0.684573 55 0.002750
70 0.694313 36 0.001800
71 0.704054 43 0.002150
72 0.713794 43 0.002150
73 0.723534 35 0.001750
74 0.733274 20 0.001000
75 0.743014 29 0.001450
76 0.752755 27 0.001350
77 0.762495 33 0.001650
78 0.772235 24 0.001200
79 0.781975 22 0.001100
80 0.791715 25 0.001250
81 0.801455 16 0.000800
82 0.811196 19 0.000950
83 0.820936 14 0.000700
84 0.830676 11 0.000550
85 0.840416 15 0.000750
86 0.850157 17 0.000850
87 0.859897 8 0.000400
88 0.869637 6 0.000300
89 0.879377 8 0.000400
90 0.889117 14 0.000700
91 0.898858 13 0.000650
92 0.908598 11 0.000550
93 0.918338 18 0.000900
94 0.928078 17 0.000850
95 0.937818 9 0.000450
96 0.947559 1 0.000050
97 0.957299 5 0.000250
98 0.967039 6 0.000300
99 0.976779 2 0.000100
