0 0.441959 5 0.000250
1 0.443530 6 0.000300
2 0.445101 4 0.000200
3 0.446673 0 0.000000
4 0.448244 0 0.000000
5 0.449815 0 0.000000
6 0.451387 0 0.000000
7 0.452958 6 0.000300
8 0.454529 6 0.000300
9 0.456101 0 0.000000
10 0.457672 3 0.000150
11 0.459244 8 0.000400
12 0.460815 17 0.000850
13 0.462386 27 0.001350
14 0.463958 9 0.000450
15 0.465529 17 0.000850
16 0.467100 9 0.000450
17 0.468672 18 0.000900
18 0.470243 20 0.001000
19 0.471814 47 0.002350
20 0.473386 36 0.001800
21 0.474957 75 0.003750
22 0.476528 29 0.001450
23 0.478100 62 0.003100
24 0.479671 30 0.001500
25 0.481243 45 0.002250
26 0.482814 82 0.004100
27 0.484385 94 0.004700
28 0.485957 67 0.003350
29 0.487528 103 0.005150
30 0.489099 96 0.004800
31 0.490671 87 0.004350
32 0.492242 177 0.008850
33 0.493813 298 0.014900
34 0.495385 144 0.007200
35 0.496956 202 0.010100
36 0.498528 219 0.010950
37 0.500099 341 0.017050
38 0.501670 398 0.019900
39 0.503242 663 0.033150
40 0.504813 826 0.041300
41 0.506384 1384 0.069200
42 0.507956 1468 0.073400
43 0.509527 2076 0.103800
44 0.511098 2225 0.111250
45 0.512670 2011 0.100550
46 0.514241 1291 0.064550
47 0.515813 1042 0.052100
48 0.517384 1019 0.050950
49 0.518955 687 0.034350
50 0.520527 394 0.019700
51 0.522098 228 0.011400
52 0.523669 270 0.013500
53 0.525241 188 0.009400
54 0.526812 145 0.007250
55 0.528383 145 0.007250
56 0.529955 86 0.004300
57 0.531526 135 0.006750
58 0.533097 98 0.004900
59 0.534669 63 0.003150
60 0.536240 72 0.003600
61 0.537812 36 0.001800
62 0.539383 41 0.002050
63 0.540954 94 0.004700
64 0.542526 42 0.002100
65 0.544097 29 0.001450
66 0.545668 38 0.001900
67 0.547240 26 0.001300
68 0.548811 69 0.003450
69 0.550382 45 0.002250
70 0.551954 37 0.001850
71 0.553525 17 0.000850
72 0.555096 24 0.001200
73 0.556668 35 0.001750
74 0.558239 7 0.000350
75 0.559811 16 0.000800
76 0.561382 19 0.000950
77 0.562953 17 0.000850
78 0.564525 0 0.000000
79 0.566096 14 0.000700
80 0.567667 12 0.000600
81 0.569239 0 0.000000
82 0.570810 15 0.000750
83 0.572381 12 0.000600
84 0.573953 0 0.000000
85 0.575524 20 0.001000
86 0.577096 1 0.000050
87 0.578667 2 0.000100
88 0.580238 2 0.000100
89 0.581810 15 0.000750
90 0.583381 1 0.000050
91 0.584952 0 0.000000
92 0.586524 8 0.000400
93 0.588095 0 0.000000
94 0.589666 0 0.000000
95 0.591238 0 0.000000
96 0.592809 0 0.000000
97 0.594380 0 0.000000
98 0.595952 0 0.000000
99 0.597523 3 0.000150
