0 0.001706 1 0.000050
1 0.010820 0 0.000000
2 0.019934 0 0.000000
3 0.029048 0 0.000000
4 0.038162 0 0.000000
5 0.047276 0 0.000000
6 0.056390 0 0.000000
7 0.065504 0 0.000000
8 0.074618 0 0.000000
9 0.083732 0 0.000000
10 0.092846 1 0.000050
11 0.101960 0 0.000000
12 0.111074 0 0.000000
13 0.120188 2 0.000100
14 0.129302 0 0.000000
15 0.138416 0 0.000000
16 0.147530 0 0.000000
17 0.156643 0 0.000000
18 0.165757 0 0.000000
19 0.174871 0 0.000000
20 0.183985 0 0.000000
21 0.193099 0 0.000000
22 0.202213 1 0.000050
23 0.211327 3 0.000150
24 0.220441 10 0.000500
25 0.229555 1 0.000050
26 0.238669 2 0.000100
27 0.247783 0 0.000000
28 0.256897 0 0.000000
29 0.266011 1 0.000050
30 0.275125 2 0.000100
31 0.284239 4 0.000200
32 0.293353 14 0.000700
33 0.302467 20 0.001000
34 0.311581 39 0.001950
35 0.320695 67 0.003350
36 0.329809 77 0.003850
37 0.338922 67 0.003350
38 0.348036 74 0.003700
39 0.357150 150 0.007500
40 0.366264 269 0.013450
41 0.375378 257 0.012850
42 0.384492 189 0.009450
43 0.393606 168 0.008400
44 0.402720 268 0.013400
45 0.411834 386 0.019300
46 0.420948 783 0.039150
47 0.430062 740 0.037000
48 0.439176 356 0.017800
49 0.448290 387 0.019350
50 0.457404 625 0.031250
51 0.466518 1003 0.050150
52 0.475632 607 0.030350
53 0.484746 671 0.033550
54 0.493860 4084 0.204200
55 0.502974 1281 0.064050
56 0.512087 722 0.036100
57 0.521201 983 0.049150
58 0.530315 946 0.047300
59 0.539429 520 0.026000
60 0.548543 436 0.021800
61 0.557657 535 0.026750
62 0.566771 746 0.037300
63 0.575885 380 0.019000
64 0.584999 290 0.014500
65 0.594113 188 0.009400
66 0.603227 261 0.013050
67 0.612341 207 0.010350
68 0.621455 417 0.020850
69 0.630569 205 0.010250
70 0.639683 75 0.003750
71 0.648797 98 0.004900
72 0.657911 102 0.005100
73 0.667025 103 0.005150
74 0.676139 75 0.003750
75 0.685253 24 0.001200
76 0.694366 20 0.001000
77 0.703480 22 0.001100
78 0.712594 9 0.000450
79 0.721708 1 0.000050
80 0.730822 2 0.000100
81 0.739936 2 0.000100
82 0.749050 0 0.000000
83 0.758164 1 0.000050
84 0.767278 0 0.000000
85 0.776392 3 0.000150
86 0.785506 3 0.000150
87 0.794620 4 0.000200
88 0.803734 3 0.000150
89 0.812848 0 0.000000
90 0.821962 0 0.000000
91 0.831076 0 0.000000
92 0.840190 0 0.000000
93 0.849304 0 0.000000
94 0.858418 0 0.000000
95 0.867531 0 0.000000
96 0.876645 1 0.000050
97 0.885759 1 0.000050
98 0.894873 4 0.000200
99 0.903987 1 0.000050
