0 0.022150 2 0.000033
1 0.032197 5 0.000083
2 0.042244 3 0.000050
3 0.052291 0 0.000000
4 0.062338 1 0.000017
5 0.072385 15 0.000250
6 0.082432 6 0.000100
7 0.092479 25 0.000417
8 0.102526 4 0.000067
9 0.112573 1 0.000017
10 0.122620 4 0.000067
11 0.132667 20 0.000333
12 0.142714 3 0.000050
13 0.152761 38 0.000633
14 0.162808 104 0.001733
15 0.172855 21 0.000350
16 0.182902 63 0.001050
17 0.192949 35 0.000583
18 0.202996 24 0.000400
19 0.213043 29 0.000483
20 0.223090 22 0.000367
21 0.233137 35 0.000583
22 0.243184 51 0.000850
23 0.253231 55 0.000917
24 0.263278 64 0.001067
25 0.273325 101 0.001683
26 0.283372 138 0.002300
27 0.293419 58 0.000967
28 0.303466 124 0.002067
29 0.313513 123 0.002050
30 0.323560 205 0.003417
31 0.333607 315 0.005250
32 0.343654 189 0.003150
33 0.353701 76 0.001267
34 0.363748 140 0.002333
35 0.373795 107 0.001783
36 0.383842 160 0.002667
37 0.393889 233 0.003883
38 0.403936 202 0.003367
39 0.413983 221 0.003683
40 0.424030 358 0.005967
41 0.434077 349 0.005817
42 0.444124 450 0.007500
43 0.454170 687 0.011450
44 0.464217 779 0.012983
45 0.474264 1292 0.021533
46 0.484311 2346 0.039100
47 0.494358 4773 0.079550
48 0.504405 13945 0.232417
49 0.514452 6454 0.107567
50 0.524499 2078 0.034633
51 0.534546 1382 0.023033
52 0.544593 1099 0.018317
53 0.554640 779 0.012983
54 0.564687 862 0.014367
55 0.574734 931 0.015517
56 0.584781 1800 0.030000
57 0.594828 2759 0.045983
58 0.604875 2480 0.041333
59 0.614922 1306 0.021767
60 0.624969 816 0.013600
61 0.635016 731 0.012183
62 0.645063 583 0.009717
63 0.655110 309 0.005150
64 0.665157 333 0.005550
65 0.675204 321 0.005350
66 0.685251 330 0.005500
67 0.695298 235 0.003917
68 0.705345 225 0.003750
69 0.715392 194 0.003233
70 0.725439 231 0.003850
71 0.735486 144 0.002400
72 0.745533 162 0.002700
73 0.755580 181 0.003017
74 0.765627 291 0.004850
75 0.775674 107 0.001783
76 0.785721 116 0.001933
77 0.795768 190 0.003167
78 0.805815 210 0.003500
79 0.815862 164 0.002733
80 0.825909 176 0.002933
81 0.835956 332 0.005533
82 0.846003 228 0.003800
83 0.856050 382 0.006367
84 0.866097 401 0.006683
85 0.876144 343 0.005717
86 0.886191 452 0.007533
87 0.896237 279 0.004650
88 0.906284 274 0.004567
89 0.916331 280 0.004667
90 0.926378 354 0.005900
91 0.936425 254 0.004233
92 0.946472 214 0.003567
93 0.956519 129 0.002150
94 0.966566 31 0.000517
95 0.976613 26 0.000433
96 0.986660 32 0.000533
97 0.996707 7 0.000117
98 1.006754 1 0.000017
99 1.016801 1 0.000017
