0 0.154791 19 0.000950
1 0.163498 21 0.001050
2 0.172205 21 0.001050
3 0.180912 0 0.000000
4 0.189620 42 0.002100
5 0.198327 7 0.000350
6 0.207034 0 0.000000
7 0.215741 10 0.000500
8 0.224448 0 0.000000
9 0.233155 0 0.000000
10 0.241863 3 0.000150
11 0.250570 14 0.000700
12 0.259277 20 0.001000
13 0.267984 28 0.001400
14 0.276691 17 0.000850
15 0.285398 73 0.003650
16 0.294106 25 0.001250
17 0.302813 32 0.001600
18 0.311520 45 0.002250
19 0.320227 42 0.002100
20 0.328934 235 0.011750
21 0.337642 107 0.005350
22 0.346349 66 0.003300
23 0.355056 13 0.000650
24 0.363763 5 0.000250
25 0.372470 21 0.001050
26 0.381177 3 0.000150
27 0.389885 9 0.000450
28 0.398592 21 0.001050
29 0.407299 14 0.000700
30 0.416006 51 0.002550
31 0.424713 36 0.001800
32 0.433420 26 0.001300
33 0.442128 16 0.000800
34 0.450835 38 0.001900
35 0.459542 31 0.001550
36 0.468249 63 0.003150
37 0.476956 49 0.002450
38 0.485664 69 0.003450
39 0.494371 113 0.005650
40 0.503078 146 0.007300
41 0.511785 28 0.001400
42 0.520492 159 0.007950
43 0.529199 95 0.004750
44 0.537907 178 0.008900
45 0.546614 322 0.016100
46 0.555321 225 0.011250
47 0.564028 364 0.018200
48 0.572735 489 0.024450
49 0.581442 830 0.041500
50 0.590150 1870 0.093500
51 0.598857 2253 0.112650
52 0.607564 1805 0.090250
53 0.616271 1036 0.051800
54 0.624978 626 0.031300
55 0.633686 561 0.028050
56 0.642393 416 0.020800
57 0.651100 294 0.014700
58 0.659807 254 0.012700
59 0.668514 250 0.012500
60 0.677221 157 0.007850
61 0.685929 183 0.009150
62 0.694636 158 0.007900
63 0.703343 155 0.007750
64 0.712050 140 0.007000
65 0.720757 145 0.007250
66 0.729464 178 0.008900
67 0.738172 88 0.004400
68 0.746879 93 0.004650
69 0.755586 113 0.005650
70 0.764293 239 0.011950
71 0.773000 123 0.006150
72 0.781707 70 0.003500
73 0.790415 77 0.003850
74 0.799122 149 0.007450
75 0.807829 162 0.008100
76 0.816536 146 0.007300
77 0.825243 143 0.007150
78 0.833951 237 0.011850
79 0.842658 180 0.009000
80 0.851365 257 0.012850
81 0.860072 335 0.016750
82 0.868779 355 0.017750
83 0.877486 255 0.012750
84 0.886194 358 0.017900
85 0.894901 302 0.015100
86 0.903608 213 0.010650
87 0.912315 238 0.011900
88 0.921022 265 0.013250
89 0.929729 251 0.012550
90 0.938437 202 0.010100
91 0.947144 204 0.010200
92 0.955851 109 0.005450
93 0.964558 41 0.002050
94 0.973265 25 0.001250
95 0.981973 28 0.001400
96 0.990680 12 0.000600
97 0.999387 6 0.000300
98 1.008094 1 0.000050
99 1.016801 1 0.000050
