initializing
training size    : 359556
testing size     : 20000
epoch count      : 10
sub epoch size   : 5

epoch_learning_rate_decay   : 8
learning_rate_decay         : 0.250000

training



epoch [0 0] from [10 5]
training time per iterations 4.078194[ms]
testing on 20000 items
testing done
average error 0.002051
min error     0.000000
max error     0.260005
saving best net
best net saved to networks/disc40x20x3/net_5/trained/, with error 0.002051



epoch [0 1] from [10 5]
training time per iterations 4.076205[ms]
testing on 20000 items
testing done
average error 0.001863
min error     0.000000
max error     0.244105
saving best net
best net saved to networks/disc40x20x3/net_5/trained/, with error 0.001863



epoch [0 2] from [10 5]
training time per iterations 4.078152[ms]
testing on 20000 items
testing done
average error 0.001736
min error     0.000000
max error     0.237070
saving best net
best net saved to networks/disc40x20x3/net_5/trained/, with error 0.001736



epoch [0 3] from [10 5]
training time per iterations 4.076901[ms]
testing on 20000 items
testing done
average error 0.001853
min error     0.000000
max error     0.241020



epoch [0 4] from [10 5]
training time per iterations 4.087122[ms]
testing on 20000 items
testing done
average error 0.001792
min error     0.000000
max error     0.248225



epoch [1 0] from [10 5]
training time per iterations 4.074634[ms]
testing on 20000 items
testing done
average error 0.001643
min error     0.000000
max error     0.252355
saving best net
best net saved to networks/disc40x20x3/net_5/trained/, with error 0.001643



epoch [1 1] from [10 5]
training time per iterations 4.073424[ms]
testing on 20000 items
testing done
average error 0.001681
min error     0.000000
max error     0.245539



epoch [1 2] from [10 5]
training time per iterations 4.083270[ms]
testing on 20000 items
testing done
average error 0.001790
min error     0.000000
max error     0.251050



epoch [1 3] from [10 5]
training time per iterations 4.072395[ms]
testing on 20000 items
testing done
average error 0.001665
min error     0.000000
max error     0.234761



epoch [1 4] from [10 5]
training time per iterations 4.075413[ms]
testing on 20000 items
testing done
average error 0.001662
min error     0.000000
max error     0.247028



epoch [2 0] from [10 5]
training time per iterations 4.078110[ms]
testing on 20000 items
testing done
average error 0.001753
min error     0.000000
max error     0.226900



epoch [2 1] from [10 5]
training time per iterations 4.077457[ms]
testing on 20000 items
testing done
average error 0.001619
min error     0.000000
max error     0.239111
saving best net
best net saved to networks/disc40x20x3/net_5/trained/, with error 0.001619



epoch [2 2] from [10 5]
training time per iterations 4.081726[ms]
testing on 20000 items
testing done
average error 0.001628
min error     0.000000
max error     0.258811



epoch [2 3] from [10 5]
training time per iterations 4.084229[ms]
testing on 20000 items
testing done
average error 0.001740
min error     0.000000
max error     0.243976



epoch [2 4] from [10 5]
training time per iterations 4.081490[ms]
testing on 20000 items
testing done
average error 0.001616
min error     0.000000
max error     0.245279
saving best net
best net saved to networks/disc40x20x3/net_5/trained/, with error 0.001616



epoch [3 0] from [10 5]
training time per iterations 4.075538[ms]
testing on 20000 items
testing done
average error 0.001738
min error     0.000000
max error     0.237976



epoch [3 1] from [10 5]
training time per iterations 4.080600[ms]
testing on 20000 items
testing done
average error 0.001629
min error     0.000000
max error     0.230147



epoch [3 2] from [10 5]
training time per iterations 4.077332[ms]
testing on 20000 items
testing done
average error 0.001641
min error     0.000000
max error     0.239520



epoch [3 3] from [10 5]
training time per iterations 4.074773[ms]
testing on 20000 items
testing done
average error 0.001545
min error     0.000000
max error     0.241533
saving best net
best net saved to networks/disc40x20x3/net_5/trained/, with error 0.001545



epoch [3 4] from [10 5]
training time per iterations 4.075746[ms]
testing on 20000 items
testing done
average error 0.001634
min error     0.000000
max error     0.251795



epoch [4 0] from [10 5]
training time per iterations 4.076066[ms]
testing on 20000 items
testing done
average error 0.001755
min error     0.000000
max error     0.241019



epoch [4 1] from [10 5]
training time per iterations 4.071032[ms]
testing on 20000 items
testing done
average error 0.001614
min error     0.000000
max error     0.246600



epoch [4 2] from [10 5]
training time per iterations 4.086037[ms]
testing on 20000 items
testing done
average error 0.001610
min error     0.000000
max error     0.258428



epoch [4 3] from [10 5]
training time per iterations 4.083937[ms]
testing on 20000 items
testing done
average error 0.001616
min error     0.000000
max error     0.236163



epoch [4 4] from [10 5]
training time per iterations 4.080029[ms]
testing on 20000 items
testing done
average error 0.001724
min error     0.000000
max error     0.237506



epoch [5 0] from [10 5]
training time per iterations 4.081253[ms]
testing on 20000 items
testing done
average error 0.001558
min error     0.000000
max error     0.252538



epoch [5 1] from [10 5]
training time per iterations 4.077874[ms]
testing on 20000 items
testing done
average error 0.001661
min error     0.000000
max error     0.240212



epoch [5 2] from [10 5]
training time per iterations 4.076539[ms]
testing on 20000 items
testing done
average error 0.001699
min error     0.000000
max error     0.242833



epoch [5 3] from [10 5]
training time per iterations 4.077415[ms]
testing on 20000 items
testing done
average error 0.001600
min error     0.000000
max error     0.238602



epoch [5 4] from [10 5]
training time per iterations 4.080627[ms]
testing on 20000 items
testing done
average error 0.001666
min error     0.000000
max error     0.252850



epoch [6 0] from [10 5]
training time per iterations 4.076650[ms]
testing on 20000 items
testing done
average error 0.001858
min error     0.000000
max error     0.236324



epoch [6 1] from [10 5]
training time per iterations 4.079626[ms]
testing on 20000 items
testing done
average error 0.001758
min error     0.000000
max error     0.251125



epoch [6 2] from [10 5]
training time per iterations 4.078097[ms]
testing on 20000 items
testing done
average error 0.001711
min error     0.000000
max error     0.235263



epoch [6 3] from [10 5]
training time per iterations 4.084229[ms]
testing on 20000 items
testing done
average error 0.001683
min error     0.000000
max error     0.236609



epoch [6 4] from [10 5]
training time per iterations 4.078277[ms]
testing on 20000 items
testing done
average error 0.001558
min error     0.000000
max error     0.231284



epoch [7 0] from [10 5]
training time per iterations 4.080822[ms]
testing on 20000 items
testing done
average error 0.001571
min error     0.000000
max error     0.238753



epoch [7 1] from [10 5]
training time per iterations 4.083395[ms]
testing on 20000 items
testing done
average error 0.001743
min error     0.000000
max error     0.239988



epoch [7 2] from [10 5]
training time per iterations 4.080780[ms]
testing on 20000 items
testing done
average error 0.001633
min error     0.000000
max error     0.240744



epoch [7 3] from [10 5]
training time per iterations 4.077360[ms]
testing on 20000 items
testing done
average error 0.001564
min error     0.000000
max error     0.247515



epoch [7 4] from [10 5]
training time per iterations 4.082699[ms]
testing on 20000 items
testing done
average error 0.001766
min error     0.000000
max error     0.239179
setting learning rate to 0.000050



epoch [8 0] from [10 5]
training time per iterations 4.074467[ms]
testing on 20000 items
testing done
average error 0.001634
min error     0.000000
max error     0.236764



epoch [8 1] from [10 5]
training time per iterations 4.079348[ms]
testing on 20000 items
testing done
average error 0.001608
min error     0.000000
max error     0.230466



epoch [8 2] from [10 5]
training time per iterations 4.074995[ms]
testing on 20000 items
testing done
average error 0.001613
min error     0.000000
max error     0.239032



epoch [8 3] from [10 5]
training time per iterations 4.080961[ms]
testing on 20000 items
testing done
average error 0.001657
min error     0.000000
max error     0.238071



epoch [8 4] from [10 5]
training time per iterations 4.083478[ms]
testing on 20000 items
testing done
average error 0.001661
min error     0.000000
max error     0.237866



epoch [9 0] from [10 5]
training time per iterations 4.080224[ms]
testing on 20000 items
testing done
average error 0.001629
min error     0.000000
max error     0.241355



epoch [9 1] from [10 5]
training time per iterations 4.074912[ms]
testing on 20000 items
testing done
average error 0.001552
min error     0.000000
max error     0.245241



epoch [9 2] from [10 5]
training time per iterations 4.077360[ms]
testing on 20000 items
testing done
average error 0.001586
min error     0.000000
max error     0.243566



epoch [9 3] from [10 5]
training time per iterations 4.077707[ms]
testing on 20000 items
testing done
average error 0.001607
min error     0.000000
max error     0.247452



epoch [9 4] from [10 5]
training time per iterations 4.079459[ms]
testing on 20000 items
testing done
average error 0.001638
min error     0.000000
max error     0.234822
training done
