0.000000 0 0 0.002051 0.000000 0.260005 0.002009 0.000000 0.263296
0.200000 0 1 0.001863 0.000000 0.244105 0.001821 0.000000 0.152026
0.400000 0 2 0.001736 0.000000 0.237070 0.001685 0.000000 0.172200
0.600000 0 3 0.001853 0.000000 0.241020 0.001857 0.000000 0.226567
0.800000 0 4 0.001792 0.000000 0.248225 0.001822 0.000000 0.248225
1.000000 1 0 0.001643 0.000000 0.252355 0.001646 0.000000 0.202550
1.200000 1 1 0.001681 0.000000 0.245539 0.001661 0.000000 0.230778
1.400000 1 2 0.001790 0.000000 0.251050 0.001739 0.000000 0.251446
1.600000 1 3 0.001665 0.000000 0.234761 0.001638 0.000000 0.228085
1.800000 1 4 0.001662 0.000000 0.247028 0.001621 0.000000 0.180658
2.000000 2 0 0.001753 0.000000 0.226900 0.001727 0.000000 0.219197
2.200000 2 1 0.001619 0.000000 0.239111 0.001603 0.000000 0.167027
2.400000 2 2 0.001628 0.000000 0.258811 0.001602 0.000000 0.165109
2.600000 2 3 0.001740 0.000000 0.243976 0.001697 0.000000 0.234383
2.800000 2 4 0.001616 0.000000 0.245279 0.001603 0.000000 0.164282
3.000000 3 0 0.001738 0.000000 0.237976 0.001731 0.000000 0.191146
3.200000 3 1 0.001629 0.000000 0.230147 0.001603 0.000000 0.162843
3.400000 3 2 0.001641 0.000000 0.239520 0.001585 0.000000 0.189074
3.600000 3 3 0.001545 0.000000 0.241533 0.001514 0.000000 0.223570
3.800000 3 4 0.001634 0.000000 0.251795 0.001592 0.000000 0.158266
4.000000 4 0 0.001755 0.000000 0.241019 0.001726 0.000000 0.174707
4.200000 4 1 0.001614 0.000000 0.246600 0.001583 0.000000 0.200364
4.400000 4 2 0.001610 0.000000 0.258428 0.001590 0.000000 0.213778
4.600000 4 3 0.001616 0.000000 0.236163 0.001587 0.000000 0.211572
4.800000 4 4 0.001724 0.000000 0.237506 0.001706 0.000000 0.228002
5.000000 5 0 0.001558 0.000000 0.252538 0.001491 0.000000 0.155428
5.200000 5 1 0.001661 0.000000 0.240212 0.001674 0.000000 0.155076
5.400000 5 2 0.001699 0.000000 0.242833 0.001689 0.000000 0.180358
5.600000 5 3 0.001600 0.000000 0.238602 0.001584 0.000000 0.229314
5.800000 5 4 0.001666 0.000000 0.252850 0.001632 0.000000 0.227506
6.000000 6 0 0.001858 0.000000 0.236324 0.001807 0.000000 0.171038
6.200000 6 1 0.001758 0.000000 0.251125 0.001765 0.000000 0.203829
6.400000 6 2 0.001711 0.000000 0.235263 0.001676 0.000000 0.253006
6.600000 6 3 0.001683 0.000000 0.236609 0.001655 0.000000 0.236609
6.800000 6 4 0.001558 0.000000 0.231284 0.001550 0.000000 0.167630
7.000000 7 0 0.001571 0.000000 0.238753 0.001569 0.000000 0.176235
7.200000 7 1 0.001743 0.000000 0.239988 0.001719 0.000000 0.195819
7.400000 7 2 0.001633 0.000000 0.240744 0.001655 0.000000 0.168490
7.600000 7 3 0.001564 0.000000 0.247515 0.001540 0.000000 0.183695
7.800000 7 4 0.001766 0.000000 0.239179 0.001734 0.000000 0.189439
8.000000 8 0 0.001634 0.000000 0.236764 0.001623 0.000000 0.218568
8.200000 8 1 0.001608 0.000000 0.230466 0.001589 0.000000 0.147424
8.400000 8 2 0.001613 0.000000 0.239032 0.001581 0.000000 0.190016
8.600000 8 3 0.001657 0.000000 0.238071 0.001653 0.000000 0.148520
8.800000 8 4 0.001661 0.000000 0.237866 0.001648 0.000000 0.234625
9.000000 9 0 0.001629 0.000000 0.241355 0.001571 0.000000 0.163972
9.200000 9 1 0.001552 0.000000 0.245241 0.001524 0.000000 0.190231
9.400000 9 2 0.001586 0.000000 0.243566 0.001586 0.000000 0.168111
9.600000 9 3 0.001607 0.000000 0.247452 0.001556 0.000000 0.148002
9.800000 9 4 0.001638 0.000000 0.234822 0.001602 0.000000 0.234822
