initializing
training size    : 359556
testing size     : 20000
epoch count      : 10
sub epoch size   : 5

epoch_learning_rate_decay   : 8
learning_rate_decay         : 0.250000

training



epoch [0 0] from [10 5]
training time per iterations 5.777989[ms]
testing on 20000 items
testing done
average error 0.002385
min error     0.000000
max error     0.171638
saving best net
best net saved to networks/disc40x20x3_no_gaussian/net_6/trained/, with error 0.002385



epoch [0 1] from [10 5]
training time per iterations 5.774374[ms]
testing on 20000 items
testing done
average error 0.002095
min error     0.000000
max error     0.171932
saving best net
best net saved to networks/disc40x20x3_no_gaussian/net_6/trained/, with error 0.002095



epoch [0 2] from [10 5]
training time per iterations 5.775208[ms]
testing on 20000 items
testing done
average error 0.001885
min error     0.000000
max error     0.172538
saving best net
best net saved to networks/disc40x20x3_no_gaussian/net_6/trained/, with error 0.001885



epoch [0 3] from [10 5]
training time per iterations 5.776654[ms]
testing on 20000 items
testing done
average error 0.002093
min error     0.000000
max error     0.156504



epoch [0 4] from [10 5]
training time per iterations 5.865069[ms]
testing on 20000 items
testing done
average error 0.001886
min error     0.000000
max error     0.186097



epoch [1 0] from [10 5]
training time per iterations 5.872871[ms]
testing on 20000 items
testing done
average error 0.001899
min error     0.000000
max error     0.185469



epoch [1 1] from [10 5]
training time per iterations 5.822211[ms]
testing on 20000 items
testing done
average error 0.001922
min error     0.000000
max error     0.195945



epoch [1 2] from [10 5]
training time per iterations 5.796999[ms]
testing on 20000 items
testing done
average error 0.001841
min error     0.000000
max error     0.179609
saving best net
best net saved to networks/disc40x20x3_no_gaussian/net_6/trained/, with error 0.001841



epoch [1 3] from [10 5]
training time per iterations 5.792646[ms]
testing on 20000 items
testing done
average error 0.001702
min error     0.000000
max error     0.179918
saving best net
best net saved to networks/disc40x20x3_no_gaussian/net_6/trained/, with error 0.001702



epoch [1 4] from [10 5]
training time per iterations 5.781285[ms]
testing on 20000 items
testing done
average error 0.001827
min error     0.000000
max error     0.152890



epoch [2 0] from [10 5]
training time per iterations 5.770703[ms]
testing on 20000 items
testing done
average error 0.001706
min error     0.000000
max error     0.169139



epoch [2 1] from [10 5]
training time per iterations 5.777280[ms]
testing on 20000 items
testing done
average error 0.001651
min error     0.000000
max error     0.165421
saving best net
best net saved to networks/disc40x20x3_no_gaussian/net_6/trained/, with error 0.001651



epoch [2 2] from [10 5]
training time per iterations 5.775069[ms]
testing on 20000 items
testing done
average error 0.001840
min error     0.000000
max error     0.168884



epoch [2 3] from [10 5]
training time per iterations 5.782356[ms]
testing on 20000 items
testing done
average error 0.001736
min error     0.000000
max error     0.176842



epoch [2 4] from [10 5]
training time per iterations 5.775403[ms]
testing on 20000 items
testing done
average error 0.001796
min error     0.000000
max error     0.180140



epoch [3 0] from [10 5]
training time per iterations 5.785109[ms]
testing on 20000 items
testing done
average error 0.001721
min error     0.000000
max error     0.172007



epoch [3 1] from [10 5]
training time per iterations 5.779408[ms]
testing on 20000 items
testing done
average error 0.001657
min error     0.000000
max error     0.172954



epoch [3 2] from [10 5]
training time per iterations 5.768881[ms]
testing on 20000 items
testing done
average error 0.001628
min error     0.000000
max error     0.186984
saving best net
best net saved to networks/disc40x20x3_no_gaussian/net_6/trained/, with error 0.001628



epoch [3 3] from [10 5]
training time per iterations 5.780771[ms]
testing on 20000 items
testing done
average error 0.001713
min error     0.000000
max error     0.184519



epoch [3 4] from [10 5]
training time per iterations 5.785360[ms]
testing on 20000 items
testing done
average error 0.001771
min error     0.000000
max error     0.168046



epoch [4 0] from [10 5]
training time per iterations 5.780493[ms]
testing on 20000 items
testing done
average error 0.001671
min error     0.000000
max error     0.168622



epoch [4 1] from [10 5]
training time per iterations 5.781981[ms]
testing on 20000 items
testing done
average error 0.001651
min error     0.000000
max error     0.183674



epoch [4 2] from [10 5]
training time per iterations 5.780395[ms]
testing on 20000 items
testing done
average error 0.001729
min error     0.000000
max error     0.174128



epoch [4 3] from [10 5]
training time per iterations 5.790088[ms]
testing on 20000 items
testing done
average error 0.001796
min error     0.000000
max error     0.173671



epoch [4 4] from [10 5]
training time per iterations 5.784637[ms]
testing on 20000 items
testing done
average error 0.001684
min error     0.000000
max error     0.179195



epoch [5 0] from [10 5]
training time per iterations 5.785415[ms]
testing on 20000 items
testing done
average error 0.001592
min error     0.000000
max error     0.162457
saving best net
best net saved to networks/disc40x20x3_no_gaussian/net_6/trained/, with error 0.001592



epoch [5 1] from [10 5]
training time per iterations 5.792104[ms]
testing on 20000 items
testing done
average error 0.001726
min error     0.000000
max error     0.177331



epoch [5 2] from [10 5]
training time per iterations 5.788906[ms]
testing on 20000 items
testing done
average error 0.001630
min error     0.000000
max error     0.159670



epoch [5 3] from [10 5]
training time per iterations 5.781104[ms]
testing on 20000 items
testing done
average error 0.001609
min error     0.000000
max error     0.171345



epoch [5 4] from [10 5]
training time per iterations 5.781341[ms]
testing on 20000 items
testing done
average error 0.001605
min error     0.000000
max error     0.158756



epoch [6 0] from [10 5]
training time per iterations 5.776209[ms]
testing on 20000 items
testing done
average error 0.001549
min error     0.000000
max error     0.157724
saving best net
best net saved to networks/disc40x20x3_no_gaussian/net_6/trained/, with error 0.001549



epoch [6 1] from [10 5]
training time per iterations 5.776710[ms]
testing on 20000 items
testing done
average error 0.001793
min error     0.000000
max error     0.167690



epoch [6 2] from [10 5]
training time per iterations 5.785068[ms]
testing on 20000 items
testing done
average error 0.001901
min error     0.000000
max error     0.201752



epoch [6 3] from [10 5]
training time per iterations 5.776585[ms]
testing on 20000 items
testing done
average error 0.001826
min error     0.000000
max error     0.183438



epoch [6 4] from [10 5]
training time per iterations 5.778574[ms]
testing on 20000 items
testing done
average error 0.001646
min error     0.000000
max error     0.168674



epoch [7 0] from [10 5]
training time per iterations 5.768603[ms]
testing on 20000 items
testing done
average error 0.001638
min error     0.000000
max error     0.176167



epoch [7 1] from [10 5]
training time per iterations 5.774652[ms]
testing on 20000 items
testing done
average error 0.001669
min error     0.000000
max error     0.177654



epoch [7 2] from [10 5]
training time per iterations 5.778587[ms]
testing on 20000 items
testing done
average error 0.001798
min error     0.000000
max error     0.170482



epoch [7 3] from [10 5]
training time per iterations 5.777642[ms]
testing on 20000 items
testing done
average error 0.001691
min error     0.000000
max error     0.174597



epoch [7 4] from [10 5]
training time per iterations 5.774916[ms]
testing on 20000 items
testing done
average error 0.001627
min error     0.000000
max error     0.180341
setting learning rate to 0.000050



epoch [8 0] from [10 5]
training time per iterations 5.776376[ms]
testing on 20000 items
testing done
average error 0.001652
min error     0.000000
max error     0.175573



epoch [8 1] from [10 5]
training time per iterations 5.793842[ms]
testing on 20000 items
testing done
average error 0.001597
min error     0.000000
max error     0.169035



epoch [8 2] from [10 5]
training time per iterations 5.775431[ms]
testing on 20000 items
testing done
average error 0.001638
min error     0.000000
max error     0.165755



epoch [8 3] from [10 5]
training time per iterations 5.785221[ms]
testing on 20000 items
testing done
average error 0.001689
min error     0.000000
max error     0.176208



epoch [8 4] from [10 5]
training time per iterations 5.786305[ms]
testing on 20000 items
testing done
average error 0.001649
min error     0.000000
max error     0.170727



epoch [9 0] from [10 5]
training time per iterations 5.787696[ms]
testing on 20000 items
testing done
average error 0.001619
min error     0.000000
max error     0.168005



epoch [9 1] from [10 5]
training time per iterations 5.796763[ms]
testing on 20000 items
testing done
average error 0.001595
min error     0.000000
max error     0.165358



epoch [9 2] from [10 5]
training time per iterations 5.798000[ms]
testing on 20000 items
testing done
average error 0.001656
min error     0.000000
max error     0.180953



epoch [9 3] from [10 5]
training time per iterations 5.789490[ms]
testing on 20000 items
testing done
average error 0.001604
min error     0.000000
max error     0.168362



epoch [9 4] from [10 5]
training time per iterations 5.788767[ms]
testing on 20000 items
testing done
average error 0.001653
min error     0.000000
max error     0.167077
training done
