0.000000 0 0 0.002385 0.000000 0.171638 0.002414 0.000000 0.249690
0.200000 0 1 0.002095 0.000000 0.171932 0.002074 0.000000 0.156748
0.400000 0 2 0.001885 0.000000 0.172538 0.001893 0.000000 0.172997
0.600000 0 3 0.002093 0.000000 0.156504 0.002099 0.000000 0.160825
0.800000 0 4 0.001886 0.000000 0.186097 0.001899 0.000000 0.197704
1.000000 1 0 0.001899 0.000000 0.185469 0.001895 0.000000 0.255294
1.200000 1 1 0.001922 0.000000 0.195945 0.001960 0.000000 0.172952
1.400000 1 2 0.001841 0.000000 0.179609 0.001781 0.000000 0.242397
1.600000 1 3 0.001702 0.000000 0.179918 0.001685 0.000000 0.150060
1.800000 1 4 0.001827 0.000000 0.152890 0.001811 0.000000 0.253532
2.000000 2 0 0.001706 0.000000 0.169139 0.001717 0.000000 0.204782
2.200000 2 1 0.001651 0.000000 0.165421 0.001652 0.000000 0.197546
2.400000 2 2 0.001840 0.000000 0.168884 0.001864 0.000000 0.164295
2.600000 2 3 0.001736 0.000000 0.176842 0.001727 0.000000 0.157264
2.800000 2 4 0.001796 0.000000 0.180140 0.001820 0.000000 0.203091
3.000000 3 0 0.001721 0.000000 0.172007 0.001743 0.000000 0.172673
3.200000 3 1 0.001657 0.000000 0.172954 0.001645 0.000000 0.149056
3.400000 3 2 0.001628 0.000000 0.186984 0.001651 0.000000 0.186984
3.600000 3 3 0.001713 0.000000 0.184519 0.001676 0.000000 0.141471
3.800000 3 4 0.001771 0.000000 0.168046 0.001772 0.000000 0.220516
4.000000 4 0 0.001671 0.000000 0.168622 0.001659 0.000000 0.211378
4.200000 4 1 0.001651 0.000000 0.183674 0.001663 0.000000 0.168522
4.400000 4 2 0.001729 0.000000 0.174128 0.001708 0.000000 0.219840
4.600000 4 3 0.001796 0.000000 0.173671 0.001774 0.000000 0.145768
4.800000 4 4 0.001684 0.000000 0.179195 0.001735 0.000000 0.214191
5.000000 5 0 0.001592 0.000000 0.162457 0.001614 0.000000 0.197570
5.200000 5 1 0.001726 0.000000 0.177331 0.001750 0.000000 0.179349
5.400000 5 2 0.001630 0.000000 0.159670 0.001633 0.000000 0.256451
5.600000 5 3 0.001609 0.000000 0.171345 0.001585 0.000000 0.167878
5.800000 5 4 0.001605 0.000000 0.158756 0.001606 0.000000 0.248006
6.000000 6 0 0.001549 0.000000 0.157724 0.001518 0.000000 0.164921
6.200000 6 1 0.001793 0.000000 0.167690 0.001771 0.000000 0.184924
6.400000 6 2 0.001901 0.000000 0.201752 0.001888 0.000000 0.180761
6.600000 6 3 0.001826 0.000000 0.183438 0.001837 0.000000 0.193581
6.800000 6 4 0.001646 0.000000 0.168674 0.001624 0.000000 0.214519
7.000000 7 0 0.001638 0.000000 0.176167 0.001606 0.000000 0.172651
7.200000 7 1 0.001669 0.000000 0.177654 0.001637 0.000000 0.193516
7.400000 7 2 0.001798 0.000000 0.170482 0.001800 0.000000 0.219352
7.600000 7 3 0.001691 0.000000 0.174597 0.001667 0.000000 0.214031
7.800000 7 4 0.001627 0.000000 0.180341 0.001627 0.000000 0.135660
8.000000 8 0 0.001652 0.000000 0.175573 0.001688 0.000000 0.165129
8.200000 8 1 0.001597 0.000000 0.169035 0.001548 0.000000 0.220394
8.400000 8 2 0.001638 0.000000 0.165755 0.001663 0.000000 0.179168
8.600000 8 3 0.001689 0.000000 0.176208 0.001669 0.000000 0.238149
8.800000 8 4 0.001649 0.000000 0.170727 0.001640 0.000000 0.176751
9.000000 9 0 0.001619 0.000000 0.168005 0.001603 0.000000 0.247745
9.200000 9 1 0.001595 0.000000 0.165358 0.001627 0.000000 0.218063
9.400000 9 2 0.001656 0.000000 0.180953 0.001661 0.000000 0.238588
9.600000 9 3 0.001604 0.000000 0.168362 0.001542 0.000000 0.164925
9.800000 9 4 0.001653 0.000000 0.167077 0.001641 0.000000 0.187384
