0.000000 0 0 0.003816 0.000000 0.221553 0.003811 0.000000 0.236780
0.200000 0 1 0.003412 0.000000 0.225004 0.003389 0.000000 0.210535
0.400000 0 2 0.003274 0.000000 0.228312 0.003247 0.000000 0.161635
0.600000 0 3 0.003122 0.000000 0.235413 0.003070 0.000000 0.160988
0.800000 0 4 0.003149 0.000000 0.231053 0.003123 0.000000 0.249930
1.000000 1 0 0.003131 0.000000 0.230242 0.003104 0.000000 0.171117
1.200000 1 1 0.003036 0.000000 0.236649 0.003036 0.000000 0.240530
1.400000 1 2 0.002959 0.000000 0.242552 0.002894 0.000000 0.195671
1.600000 1 3 0.002969 0.000000 0.234407 0.002914 0.000000 0.164084
1.800000 1 4 0.002943 0.000000 0.229629 0.002913 0.000000 0.249596
2.000000 2 0 0.002994 0.000000 0.233191 0.002960 0.000000 0.225493
2.200000 2 1 0.003032 0.000000 0.245470 0.002992 0.000000 0.231982
2.400000 2 2 0.002929 0.000000 0.231533 0.002886 0.000000 0.233502
2.600000 2 3 0.002931 0.000000 0.244524 0.002867 0.000000 0.154328
2.800000 2 4 0.002847 0.000000 0.249590 0.002779 0.000000 0.164230
3.000000 3 0 0.002904 0.000000 0.255547 0.002818 0.000000 0.172862
3.200000 3 1 0.002911 0.000000 0.247886 0.002922 0.000000 0.232795
3.400000 3 2 0.002959 0.000000 0.250653 0.002858 0.000000 0.250653
3.600000 3 3 0.002887 0.000000 0.250678 0.002817 0.000000 0.173544
3.800000 3 4 0.002828 0.000000 0.256906 0.002774 0.000000 0.226257
4.000000 4 0 0.002917 0.000000 0.240842 0.002883 0.000000 0.244805
4.200000 4 1 0.002865 0.000000 0.263382 0.002809 0.000000 0.205139
4.400000 4 2 0.002904 0.000000 0.244088 0.002817 0.000000 0.210025
4.600000 4 3 0.002923 0.000000 0.245633 0.002901 0.000000 0.245633
4.800000 4 4 0.002849 0.000000 0.256565 0.002811 0.000000 0.211563
5.000000 5 0 0.002850 0.000000 0.238965 0.002778 0.000000 0.165997
5.200000 5 1 0.002818 0.000000 0.243950 0.002782 0.000000 0.210403
5.400000 5 2 0.002895 0.000000 0.254127 0.002807 0.000000 0.184204
5.600000 5 3 0.002891 0.000000 0.251037 0.002809 0.000000 0.234527
5.800000 5 4 0.002875 0.000000 0.244054 0.002861 0.000000 0.241151
6.000000 6 0 0.002920 0.000000 0.237713 0.002906 0.000000 0.237713
6.200000 6 1 0.002812 0.000000 0.249861 0.002792 0.000000 0.174078
6.400000 6 2 0.002805 0.000000 0.246977 0.002741 0.000000 0.171624
6.600000 6 3 0.002859 0.000000 0.234257 0.002827 0.000000 0.171642
6.800000 6 4 0.002847 0.000000 0.244253 0.002769 0.000000 0.221618
7.000000 7 0 0.002927 0.000000 0.250577 0.002919 0.000000 0.178331
7.200000 7 1 0.002891 0.000000 0.238965 0.002786 0.000000 0.209869
7.400000 7 2 0.002856 0.000000 0.242615 0.002797 0.000000 0.218168
7.600000 7 3 0.002839 0.000000 0.246013 0.002815 0.000000 0.159669
7.800000 7 4 0.002866 0.000000 0.251244 0.002817 0.000000 0.161430
8.000000 8 0 0.002830 0.000000 0.256503 0.002808 0.000000 0.206715
8.200000 8 1 0.002823 0.000000 0.255119 0.002756 0.000000 0.224888
8.400000 8 2 0.002799 0.000000 0.252292 0.002778 0.000000 0.219688
8.600000 8 3 0.002792 0.000000 0.256988 0.002717 0.000000 0.200485
8.800000 8 4 0.002811 0.000000 0.257681 0.002732 0.000000 0.180497
9.000000 9 0 0.002820 0.000000 0.252682 0.002752 0.000000 0.211732
9.200000 9 1 0.002795 0.000000 0.246554 0.002746 0.000000 0.222249
9.400000 9 2 0.002783 0.000000 0.249445 0.002713 0.000000 0.212783
9.600000 9 3 0.002800 0.000000 0.251098 0.002747 0.000000 0.161348
9.800000 9 4 0.002790 0.000000 0.250470 0.002695 0.000000 0.205445
