0.000000 0 0 0.002603 0.000000 0.166074 0.002613 0.000000 0.271091
0.200000 0 1 0.002146 0.000000 0.167582 0.002184 0.000000 0.283922
0.400000 0 2 0.001982 0.000000 0.160895 0.002050 0.000000 0.158259
0.600000 0 3 0.001926 0.000000 0.160238 0.001959 0.000000 0.251890
0.800000 0 4 0.002060 0.000000 0.160637 0.002111 0.000000 0.240435
1.000000 1 0 0.001928 0.000000 0.164451 0.001950 0.000000 0.264763
1.200000 1 1 0.001950 0.000000 0.164550 0.001986 0.000000 0.260395
1.400000 1 2 0.001956 0.000000 0.180365 0.001974 0.000000 0.258036
1.600000 1 3 0.001882 0.000000 0.186673 0.001892 0.000000 0.205578
1.800000 1 4 0.002010 0.000000 0.177450 0.002015 0.000000 0.242075
2.000000 2 0 0.001766 0.000000 0.172983 0.001820 0.000000 0.251689
2.200000 2 1 0.001947 0.000000 0.176835 0.001979 0.000000 0.252392
2.400000 2 2 0.001935 0.000000 0.187222 0.001951 0.000000 0.276672
2.600000 2 3 0.001724 0.000000 0.168600 0.001773 0.000000 0.160637
2.800000 2 4 0.001835 0.000000 0.171330 0.001888 0.000000 0.206638
3.000000 3 0 0.001766 0.000000 0.175746 0.001797 0.000000 0.208495
3.200000 3 1 0.001870 0.000000 0.183643 0.001883 0.000000 0.241492
3.400000 3 2 0.001708 0.000000 0.172521 0.001712 0.000000 0.160248
3.600000 3 3 0.001797 0.000000 0.182220 0.001830 0.000000 0.170636
3.800000 3 4 0.001790 0.000000 0.189322 0.001805 0.000000 0.189322
4.000000 4 0 0.001847 0.000000 0.198515 0.001904 0.000000 0.206948
4.200000 4 1 0.001741 0.000000 0.172915 0.001747 0.000000 0.155848
4.400000 4 2 0.001813 0.000000 0.192600 0.001860 0.000000 0.246443
4.600000 4 3 0.001688 0.000000 0.180017 0.001747 0.000000 0.177228
4.800000 4 4 0.001857 0.000000 0.190635 0.001884 0.000000 0.206218
5.000000 5 0 0.001704 0.000000 0.177256 0.001746 0.000000 0.181351
5.200000 5 1 0.001846 0.000000 0.179185 0.001896 0.000000 0.153423
5.400000 5 2 0.001736 0.000000 0.177458 0.001767 0.000000 0.170877
5.600000 5 3 0.001861 0.000000 0.181471 0.001885 0.000000 0.199165
5.800000 5 4 0.001720 0.000000 0.186340 0.001774 0.000000 0.189494
6.000000 6 0 0.001661 0.000000 0.185818 0.001697 0.000000 0.230520
6.200000 6 1 0.001828 0.000000 0.180345 0.001865 0.000000 0.208673
6.400000 6 2 0.001686 0.000000 0.173148 0.001712 0.000000 0.170662
6.600000 6 3 0.001751 0.000000 0.171577 0.001790 0.000000 0.154630
6.800000 6 4 0.001704 0.000000 0.175245 0.001751 0.000000 0.244674
7.000000 7 0 0.001781 0.000000 0.169762 0.001793 0.000000 0.221330
7.200000 7 1 0.001691 0.000000 0.172091 0.001733 0.000000 0.169084
7.400000 7 2 0.001728 0.000000 0.168822 0.001788 0.000000 0.245441
7.600000 7 3 0.001784 0.000000 0.169540 0.001813 0.000000 0.169540
7.800000 7 4 0.001706 0.000000 0.176314 0.001722 0.000000 0.164092
8.000000 8 0 0.001730 0.000000 0.179359 0.001749 0.000000 0.158333
8.200000 8 1 0.001694 0.000000 0.171440 0.001750 0.000000 0.168134
8.400000 8 2 0.001754 0.000000 0.173618 0.001757 0.000000 0.243547
8.600000 8 3 0.001681 0.000000 0.170714 0.001703 0.000000 0.235101
8.800000 8 4 0.001723 0.000000 0.177832 0.001792 0.000000 0.240551
9.000000 9 0 0.001745 0.000000 0.177471 0.001766 0.000000 0.208258
9.200000 9 1 0.001693 0.000000 0.171084 0.001726 0.000000 0.239725
9.400000 9 2 0.001722 0.000000 0.176634 0.001799 0.000000 0.243153
9.600000 9 3 0.001719 0.000000 0.177175 0.001744 0.000000 0.154331
9.800000 9 4 0.001768 0.000000 0.178004 0.001790 0.000000 0.248333
