0 -0.070540 1 0.000050
1 -0.069240 1 0.000050
2 -0.067939 0 0.000000
3 -0.066639 0 0.000000
4 -0.065338 0 0.000000
5 -0.064037 0 0.000000
6 -0.062737 0 0.000000
7 -0.061436 0 0.000000
8 -0.060136 0 0.000000
9 -0.058835 0 0.000000
10 -0.057535 0 0.000000
11 -0.056234 0 0.000000
12 -0.054933 0 0.000000
13 -0.053633 0 0.000000
14 -0.052332 1 0.000050
15 -0.051032 0 0.000000
16 -0.049731 3 0.000150
17 -0.048430 2 0.000100
18 -0.047130 0 0.000000
19 -0.045829 3 0.000150
20 -0.044529 3 0.000150
21 -0.043228 5 0.000250
22 -0.041928 2 0.000100
23 -0.040627 5 0.000250
24 -0.039326 9 0.000450
25 -0.038026 8 0.000400
26 -0.036725 7 0.000350
27 -0.035425 15 0.000750
28 -0.034124 13 0.000650
29 -0.032823 12 0.000600
30 -0.031523 31 0.001550
31 -0.030222 42 0.002100
32 -0.028922 57 0.002850
33 -0.027621 79 0.003950
34 -0.026320 84 0.004200
35 -0.025020 96 0.004800
36 -0.023719 106 0.005300
37 -0.022419 105 0.005250
38 -0.021118 157 0.007850
39 -0.019818 240 0.012000
40 -0.018517 262 0.013100
41 -0.017216 328 0.016400
42 -0.015916 376 0.018800
43 -0.014615 442 0.022100
44 -0.013315 625 0.031250
45 -0.012014 799 0.039950
46 -0.010713 1023 0.051150
47 -0.009413 1259 0.062950
48 -0.008112 1459 0.072950
49 -0.006812 1607 0.080350
50 -0.005511 1702 0.085100
51 -0.004210 1786 0.089300
52 -0.002910 1664 0.083200
53 -0.001609 1212 0.060600
54 -0.000309 1114 0.055700
55 0.000992 944 0.047200
56 0.002292 638 0.031900
57 0.003593 398 0.019900
58 0.004894 315 0.015750
59 0.006194 213 0.010650
60 0.007495 136 0.006800
61 0.008795 118 0.005900
62 0.010096 93 0.004650
63 0.011397 84 0.004200
64 0.012697 61 0.003050
65 0.013998 52 0.002600
66 0.015298 39 0.001950
67 0.016599 54 0.002700
68 0.017899 23 0.001150
69 0.019200 18 0.000900
70 0.020501 19 0.000950
71 0.021801 14 0.000700
72 0.023102 16 0.000800
73 0.024402 9 0.000450
74 0.025703 5 0.000250
75 0.027004 1 0.000050
76 0.028304 3 0.000150
77 0.029605 0 0.000000
78 0.030905 1 0.000050
79 0.032206 0 0.000000
80 0.033507 0 0.000000
81 0.034807 0 0.000000
82 0.036108 0 0.000000
83 0.037408 0 0.000000
84 0.038709 0 0.000000
85 0.040009 0 0.000000
86 0.041310 0 0.000000
87 0.042611 0 0.000000
88 0.043911 0 0.000000
89 0.045212 0 0.000000
90 0.046512 0 0.000000
91 0.047813 0 0.000000
92 0.049114 0 0.000000
93 0.050414 0 0.000000
94 0.051715 0 0.000000
95 0.053015 0 0.000000
96 0.054316 0 0.000000
97 0.055617 0 0.000000
98 0.056917 0 0.000000
99 0.058218 1 0.000050
