0 -0.370974 1 0.000050
1 -0.362777 0 0.000000
2 -0.354581 0 0.000000
3 -0.346384 1 0.000050
4 -0.338188 1 0.000050
5 -0.329991 0 0.000000
6 -0.321795 2 0.000100
7 -0.313598 3 0.000150
8 -0.305401 3 0.000150
9 -0.297205 4 0.000200
10 -0.289008 10 0.000500
11 -0.280812 3 0.000150
12 -0.272615 2 0.000100
13 -0.264419 0 0.000000
14 -0.256222 1 0.000050
15 -0.248026 3 0.000150
16 -0.239829 4 0.000200
17 -0.231633 4 0.000200
18 -0.223436 9 0.000450
19 -0.215240 12 0.000600
20 -0.207043 16 0.000800
21 -0.198847 19 0.000950
22 -0.190650 59 0.002950
23 -0.182453 66 0.003300
24 -0.174257 64 0.003200
25 -0.166060 83 0.004150
26 -0.157864 124 0.006200
27 -0.149667 195 0.009750
28 -0.141471 283 0.014150
29 -0.133274 207 0.010350
30 -0.125078 148 0.007400
31 -0.116881 199 0.009950
32 -0.108685 241 0.012050
33 -0.100488 296 0.014800
34 -0.092292 649 0.032450
35 -0.084095 797 0.039850
36 -0.075899 496 0.024800
37 -0.067702 468 0.023400
38 -0.059506 418 0.020900
39 -0.051309 664 0.033200
40 -0.043112 610 0.030500
41 -0.034916 515 0.025750
42 -0.026719 869 0.043450
43 -0.018523 2815 0.140750
44 -0.010326 1809 0.090450
45 -0.002130 833 0.041650
46 0.006067 859 0.042950
47 0.014263 1095 0.054750
48 0.022460 691 0.034550
49 0.030656 433 0.021650
50 0.038853 359 0.017950
51 0.047049 516 0.025800
52 0.055246 566 0.028300
53 0.063442 392 0.019600
54 0.071639 280 0.014000
55 0.079836 242 0.012100
56 0.088032 185 0.009250
57 0.096229 156 0.007800
58 0.104425 224 0.011200
59 0.112622 333 0.016650
60 0.120818 178 0.008900
61 0.129015 89 0.004450
62 0.137211 82 0.004100
63 0.145408 92 0.004600
64 0.153604 59 0.002950
65 0.161801 68 0.003400
66 0.169997 40 0.002000
67 0.178194 16 0.000800
68 0.186390 6 0.000300
69 0.194587 9 0.000450
70 0.202783 5 0.000250
71 0.210980 3 0.000150
72 0.219177 1 0.000050
73 0.227373 0 0.000000
74 0.235570 1 0.000050
75 0.243766 1 0.000050
76 0.251963 1 0.000050
77 0.260159 1 0.000050
78 0.268356 3 0.000150
79 0.276552 1 0.000050
80 0.284749 1 0.000050
81 0.292945 1 0.000050
82 0.301142 1 0.000050
83 0.309338 1 0.000050
84 0.317535 0 0.000000
85 0.325731 0 0.000000
86 0.333928 0 0.000000
87 0.342125 0 0.000000
88 0.350321 0 0.000000
89 0.358518 0 0.000000
90 0.366714 0 0.000000
91 0.374911 1 0.000050
92 0.383107 1 0.000050
93 0.391304 0 0.000000
94 0.399500 0 0.000000
95 0.407697 0 0.000000
96 0.415893 0 0.000000
97 0.424090 0 0.000000
98 0.432286 0 0.000000
99 0.440483 1 0.000050
