0 0.000000 50780 0.846333
1 0.001960 2334 0.038900
2 0.003920 1552 0.025867
3 0.005880 1505 0.025083
4 0.007839 687 0.011450
5 0.009799 473 0.007883
6 0.011759 548 0.009133
7 0.013719 399 0.006650
8 0.015679 297 0.004950
9 0.017639 338 0.005633
10 0.019599 223 0.003717
11 0.021558 205 0.003417
12 0.023518 122 0.002033
13 0.025478 125 0.002083
14 0.027438 74 0.001233
15 0.029398 75 0.001250
16 0.031358 60 0.001000
17 0.033317 46 0.000767
18 0.035277 32 0.000533
19 0.037237 13 0.000217
20 0.039197 16 0.000267
21 0.041157 13 0.000217
22 0.043117 9 0.000150
23 0.045077 6 0.000100
24 0.047036 9 0.000150
25 0.048996 2 0.000033
26 0.050956 3 0.000050
27 0.052916 3 0.000050
28 0.054876 3 0.000050
29 0.056836 1 0.000017
30 0.058796 2 0.000033
31 0.060755 2 0.000033
32 0.062715 1 0.000017
33 0.064675 0 0.000000
34 0.066635 0 0.000000
35 0.068595 1 0.000017
36 0.070555 0 0.000000
37 0.072514 4 0.000067
38 0.074474 2 0.000033
39 0.076434 2 0.000033
40 0.078394 4 0.000067
41 0.080354 5 0.000083
42 0.082314 3 0.000050
43 0.084274 2 0.000033
44 0.086233 2 0.000033
45 0.088193 1 0.000017
46 0.090153 2 0.000033
47 0.092113 2 0.000033
48 0.094073 1 0.000017
49 0.096033 3 0.000050
50 0.097993 1 0.000017
51 0.099952 1 0.000017
52 0.101912 0 0.000000
53 0.103872 0 0.000000
54 0.105832 0 0.000000
55 0.107792 0 0.000000
56 0.109752 0 0.000000
57 0.111711 1 0.000017
58 0.113671 1 0.000017
59 0.115631 0 0.000000
60 0.117591 0 0.000000
61 0.119551 0 0.000000
62 0.121511 0 0.000000
63 0.123471 0 0.000000
64 0.125430 0 0.000000
65 0.127390 0 0.000000
66 0.129350 0 0.000000
67 0.131310 0 0.000000
68 0.133270 0 0.000000
69 0.135230 0 0.000000
70 0.137190 1 0.000017
71 0.139149 0 0.000000
72 0.141109 0 0.000000
73 0.143069 1 0.000017
74 0.145029 0 0.000000
75 0.146989 0 0.000000
76 0.148949 1 0.000017
77 0.150908 0 0.000000
78 0.152868 0 0.000000
79 0.154828 0 0.000000
80 0.156788 0 0.000000
81 0.158748 0 0.000000
82 0.160708 0 0.000000
83 0.162668 0 0.000000
84 0.164627 0 0.000000
85 0.166587 0 0.000000
86 0.168547 0 0.000000
87 0.170507 0 0.000000
88 0.172467 0 0.000000
89 0.174427 0 0.000000
90 0.176387 0 0.000000
91 0.178346 0 0.000000
92 0.180306 0 0.000000
93 0.182266 0 0.000000
94 0.184226 0 0.000000
95 0.186186 0 0.000000
96 0.188146 0 0.000000
97 0.190105 0 0.000000
98 0.192065 0 0.000000
99 0.194025 1 0.000017
