0 -0.127092 2 0.000100
1 -0.125126 0 0.000000
2 -0.123161 0 0.000000
3 -0.121195 0 0.000000
4 -0.119229 0 0.000000
5 -0.117264 0 0.000000
6 -0.115298 0 0.000000
7 -0.113332 0 0.000000
8 -0.111366 0 0.000000
9 -0.109401 0 0.000000
10 -0.107435 0 0.000000
11 -0.105469 0 0.000000
12 -0.103503 0 0.000000
13 -0.101538 0 0.000000
14 -0.099572 0 0.000000
15 -0.097606 1 0.000050
16 -0.095641 0 0.000000
17 -0.093675 0 0.000000
18 -0.091709 1 0.000050
19 -0.089743 0 0.000000
20 -0.087778 0 0.000000
21 -0.085812 0 0.000000
22 -0.083846 0 0.000000
23 -0.081881 4 0.000200
24 -0.079915 2 0.000100
25 -0.077949 0 0.000000
26 -0.075983 1 0.000050
27 -0.074018 0 0.000000
28 -0.072052 1 0.000050
29 -0.070086 1 0.000050
30 -0.068120 2 0.000100
31 -0.066155 0 0.000000
32 -0.064189 3 0.000150
33 -0.062223 2 0.000100
34 -0.060258 1 0.000050
35 -0.058292 0 0.000000
36 -0.056326 5 0.000250
37 -0.054360 2 0.000100
38 -0.052395 3 0.000150
39 -0.050429 2 0.000100
40 -0.048463 4 0.000200
41 -0.046497 7 0.000350
42 -0.044532 7 0.000350
43 -0.042566 12 0.000600
44 -0.040600 7 0.000350
45 -0.038635 13 0.000650
46 -0.036669 22 0.001100
47 -0.034703 27 0.001350
48 -0.032737 30 0.001500
49 -0.030772 41 0.002050
50 -0.028806 57 0.002850
51 -0.026840 91 0.004550
52 -0.024874 116 0.005800
53 -0.022909 101 0.005050
54 -0.020943 181 0.009050
55 -0.018977 277 0.013850
56 -0.017012 391 0.019550
57 -0.015046 550 0.027500
58 -0.013080 855 0.042750
59 -0.011114 1311 0.065550
60 -0.009149 1996 0.099800
61 -0.007183 2367 0.118350
62 -0.005217 2716 0.135800
63 -0.003251 2473 0.123650
64 -0.001286 2069 0.103450
65 0.000680 1599 0.079950
66 0.002646 913 0.045650
67 0.004611 501 0.025050
68 0.006577 339 0.016950
69 0.008543 234 0.011700
70 0.010509 175 0.008750
71 0.012474 86 0.004300
72 0.014440 95 0.004750
73 0.016406 58 0.002900
74 0.018372 42 0.002100
75 0.020337 32 0.001600
76 0.022303 43 0.002150
77 0.024269 25 0.001250
78 0.026234 14 0.000700
79 0.028200 14 0.000700
80 0.030166 12 0.000600
81 0.032132 6 0.000300
82 0.034097 15 0.000750
83 0.036063 9 0.000450
84 0.038029 3 0.000150
85 0.039995 10 0.000500
86 0.041960 2 0.000100
87 0.043926 0 0.000000
88 0.045892 4 0.000200
89 0.047857 7 0.000350
90 0.049823 2 0.000100
91 0.051789 0 0.000000
92 0.053755 0 0.000000
93 0.055720 0 0.000000
94 0.057686 1 0.000050
95 0.059652 0 0.000000
96 0.061618 1 0.000050
97 0.063583 3 0.000150
98 0.065549 0 0.000000
99 0.067515 1 0.000050
