0 -0.370974 1 0.000017
1 -0.362777 0 0.000000
2 -0.354581 0 0.000000
3 -0.346384 1 0.000017
4 -0.338188 1 0.000017
5 -0.329991 0 0.000000
6 -0.321795 2 0.000033
7 -0.313598 3 0.000050
8 -0.305401 3 0.000050
9 -0.297205 4 0.000067
10 -0.289008 10 0.000167
11 -0.280812 3 0.000050
12 -0.272615 2 0.000033
13 -0.264419 0 0.000000
14 -0.256222 1 0.000017
15 -0.248026 3 0.000050
16 -0.239829 4 0.000067
17 -0.231633 4 0.000067
18 -0.223436 9 0.000150
19 -0.215240 12 0.000200
20 -0.207043 16 0.000267
21 -0.198847 19 0.000317
22 -0.190650 59 0.000983
23 -0.182453 66 0.001100
24 -0.174257 64 0.001067
25 -0.166060 83 0.001383
26 -0.157864 124 0.002067
27 -0.149667 195 0.003250
28 -0.141471 283 0.004717
29 -0.133274 209 0.003483
30 -0.125078 148 0.002467
31 -0.116881 199 0.003317
32 -0.108685 241 0.004017
33 -0.100488 297 0.004950
34 -0.092292 650 0.010833
35 -0.084095 803 0.013383
36 -0.075899 501 0.008350
37 -0.067702 476 0.007933
38 -0.059506 429 0.007150
39 -0.051309 694 0.011567
40 -0.043112 707 0.011783
41 -0.034916 894 0.014900
42 -0.026719 2214 0.036900
43 -0.018523 8410 0.140167
44 -0.010326 20869 0.347817
45 -0.002130 11944 0.199067
46 0.006067 2552 0.042533
47 0.014263 1537 0.025617
48 0.022460 831 0.013850
49 0.030656 473 0.007883
50 0.038853 374 0.006233
51 0.047049 528 0.008800
52 0.055246 569 0.009483
53 0.063442 396 0.006600
54 0.071639 280 0.004667
55 0.079836 242 0.004033
56 0.088032 185 0.003083
57 0.096229 156 0.002600
58 0.104425 224 0.003733
59 0.112622 333 0.005550
60 0.120818 178 0.002967
61 0.129015 89 0.001483
62 0.137211 82 0.001367
63 0.145408 92 0.001533
64 0.153604 59 0.000983
65 0.161801 68 0.001133
66 0.169997 40 0.000667
67 0.178194 16 0.000267
68 0.186390 6 0.000100
69 0.194587 9 0.000150
70 0.202783 5 0.000083
71 0.210980 3 0.000050
72 0.219177 1 0.000017
73 0.227373 0 0.000000
74 0.235570 1 0.000017
75 0.243766 1 0.000017
76 0.251963 1 0.000017
77 0.260159 1 0.000017
78 0.268356 3 0.000050
79 0.276552 1 0.000017
80 0.284749 1 0.000017
81 0.292945 1 0.000017
82 0.301142 1 0.000017
83 0.309338 1 0.000017
84 0.317535 0 0.000000
85 0.325731 0 0.000000
86 0.333928 0 0.000000
87 0.342125 0 0.000000
88 0.350321 0 0.000000
89 0.358518 0 0.000000
90 0.366714 0 0.000000
91 0.374911 1 0.000017
92 0.383107 1 0.000017
93 0.391304 0 0.000000
94 0.399500 0 0.000000
95 0.407697 0 0.000000
96 0.415893 0 0.000000
97 0.424090 0 0.000000
98 0.432286 0 0.000000
99 0.440483 1 0.000017
