0 0.010452 4 0.000200
1 0.020446 4 0.000200
2 0.030439 7 0.000350
3 0.040432 5 0.000250
4 0.050425 3 0.000150
5 0.060419 6 0.000300
6 0.070412 3 0.000150
7 0.080405 3 0.000150
8 0.090398 3 0.000150
9 0.100392 3 0.000150
10 0.110385 4 0.000200
11 0.120378 1 0.000050
12 0.130372 1 0.000050
13 0.140365 1 0.000050
14 0.150358 2 0.000100
15 0.160351 2 0.000100
16 0.170345 0 0.000000
17 0.180338 0 0.000000
18 0.190331 5 0.000250
19 0.200324 6 0.000300
20 0.210318 5 0.000250
21 0.220311 8 0.000400
22 0.230304 9 0.000450
23 0.240298 6 0.000300
24 0.250291 26 0.001300
25 0.260284 39 0.001950
26 0.270277 30 0.001500
27 0.280271 49 0.002450
28 0.290264 34 0.001700
29 0.300257 27 0.001350
30 0.310251 117 0.005850
31 0.320244 79 0.003950
32 0.330237 189 0.009450
33 0.340230 105 0.005250
34 0.350224 42 0.002100
35 0.360217 10 0.000500
36 0.370210 21 0.001050
37 0.380203 10 0.000500
38 0.390197 26 0.001300
39 0.400190 23 0.001150
40 0.410183 30 0.001500
41 0.420177 25 0.001250
42 0.430170 25 0.001250
43 0.440163 32 0.001600
44 0.450156 59 0.002950
45 0.460150 57 0.002850
46 0.470143 69 0.003450
47 0.480136 90 0.004500
48 0.490130 127 0.006350
49 0.500123 124 0.006200
50 0.510116 120 0.006000
51 0.520109 166 0.008300
52 0.530103 196 0.009800
53 0.540096 263 0.013150
54 0.550089 390 0.019500
55 0.560082 516 0.025800
56 0.570076 926 0.046300
57 0.580069 2263 0.113150
58 0.590062 2867 0.143350
59 0.600056 1662 0.083100
60 0.610049 962 0.048100
61 0.620042 735 0.036750
62 0.630035 464 0.023200
63 0.640029 376 0.018800
64 0.650022 266 0.013300
65 0.660015 207 0.010350
66 0.670009 195 0.009750
67 0.680002 179 0.008950
68 0.689995 156 0.007800
69 0.699988 164 0.008200
70 0.709982 135 0.006750
71 0.719975 150 0.007500
72 0.729968 155 0.007750
73 0.739961 153 0.007650
74 0.749955 162 0.008100
75 0.759948 143 0.007150
76 0.769941 163 0.008150
77 0.779935 141 0.007050
78 0.789928 182 0.009100
79 0.799921 136 0.006800
80 0.809914 179 0.008950
81 0.819908 221 0.011050
82 0.829901 232 0.011600
83 0.839894 234 0.011700
84 0.849887 323 0.016150
85 0.859881 436 0.021800
86 0.869874 361 0.018050
87 0.879867 413 0.020650
88 0.889861 219 0.010950
89 0.899854 206 0.010300
90 0.909847 257 0.012850
91 0.919840 285 0.014250
92 0.929834 210 0.010500
93 0.939827 137 0.006850
94 0.949820 41 0.002050
95 0.959814 32 0.001600
96 0.969807 41 0.002050
97 0.979800 15 0.000750
98 0.989793 8 0.000400
99 0.999787 1 0.000050
