0 0.046789 16 0.000800
1 0.056457 4 0.000200
2 0.066126 5 0.000250
3 0.075794 8 0.000400
4 0.085462 6 0.000300
5 0.095131 2 0.000100
6 0.104799 1 0.000050
7 0.114468 1 0.000050
8 0.124136 0 0.000000
9 0.133804 4 0.000200
10 0.143473 2 0.000100
11 0.153141 2 0.000100
12 0.162810 1 0.000050
13 0.172478 0 0.000000
14 0.182146 1 0.000050
15 0.191815 1 0.000050
16 0.201483 1 0.000050
17 0.211151 10 0.000500
18 0.220820 14 0.000700
19 0.230488 7 0.000350
20 0.240157 5 0.000250
21 0.249825 13 0.000650
22 0.259493 36 0.001800
23 0.269162 43 0.002150
24 0.278830 32 0.001600
25 0.288499 29 0.001450
26 0.298167 30 0.001500
27 0.307835 43 0.002150
28 0.317504 76 0.003800
29 0.327172 224 0.011200
30 0.336840 140 0.007000
31 0.346509 43 0.002150
32 0.356177 27 0.001350
33 0.365846 12 0.000600
34 0.375514 3 0.000150
35 0.385182 25 0.001250
36 0.394851 20 0.001000
37 0.404519 16 0.000800
38 0.414188 32 0.001600
39 0.423856 27 0.001350
40 0.433524 21 0.001050
41 0.443193 38 0.001900
42 0.452861 34 0.001700
43 0.462530 52 0.002600
44 0.472198 75 0.003750
45 0.481866 78 0.003900
46 0.491535 127 0.006350
47 0.501203 107 0.005350
48 0.510871 106 0.005300
49 0.520540 133 0.006650
50 0.530208 159 0.007950
51 0.539877 260 0.013000
52 0.549545 287 0.014350
53 0.559213 412 0.020600
54 0.568882 641 0.032050
55 0.578550 1182 0.059100
56 0.588219 2747 0.137350
57 0.597887 2571 0.128550
58 0.607555 1249 0.062450
59 0.617224 931 0.046550
60 0.626892 573 0.028650
61 0.636560 422 0.021100
62 0.646229 325 0.016250
63 0.655897 266 0.013300
64 0.665566 206 0.010300
65 0.675234 176 0.008800
66 0.684902 172 0.008600
67 0.694571 150 0.007500
68 0.704239 141 0.007050
69 0.713908 134 0.006700
70 0.723576 131 0.006550
71 0.733244 153 0.007650
72 0.742913 156 0.007800
73 0.752581 133 0.006650
74 0.762250 128 0.006400
75 0.771918 117 0.005850
76 0.781586 133 0.006650
77 0.791255 184 0.009200
78 0.800923 140 0.007000
79 0.810592 171 0.008550
80 0.820260 159 0.007950
81 0.829928 218 0.010900
82 0.839597 290 0.014500
83 0.849265 297 0.014850
84 0.858933 323 0.016150
85 0.868602 347 0.017350
86 0.878270 373 0.018650
87 0.887939 348 0.017400
88 0.897607 190 0.009500
89 0.907275 151 0.007550
90 0.916944 204 0.010200
91 0.926612 332 0.016600
92 0.936281 253 0.012650
93 0.945949 158 0.007900
94 0.955617 62 0.003100
95 0.965286 37 0.001850
96 0.974954 33 0.001650
97 0.984622 32 0.001600
98 0.994291 9 0.000450
99 1.003959 1 0.000050
