0 0.010452 9 0.000150
1 0.020446 8 0.000133
2 0.030439 12 0.000200
3 0.040432 10 0.000167
4 0.050425 13 0.000217
5 0.060419 13 0.000217
6 0.070412 8 0.000133
7 0.080405 12 0.000200
8 0.090398 10 0.000167
9 0.100392 12 0.000200
10 0.110385 11 0.000183
11 0.120378 13 0.000217
12 0.130372 6 0.000100
13 0.140365 9 0.000150
14 0.150358 15 0.000250
15 0.160351 14 0.000233
16 0.170345 15 0.000250
17 0.180338 16 0.000267
18 0.190331 26 0.000433
19 0.200324 31 0.000517
20 0.210318 40 0.000667
21 0.220311 52 0.000867
22 0.230304 43 0.000717
23 0.240298 41 0.000683
24 0.250291 64 0.001067
25 0.260284 77 0.001283
26 0.270277 76 0.001267
27 0.280271 102 0.001700
28 0.290264 95 0.001583
29 0.300257 114 0.001900
30 0.310251 208 0.003467
31 0.320244 222 0.003700
32 0.330237 371 0.006183
33 0.340230 253 0.004217
34 0.350224 243 0.004050
35 0.360217 300 0.005000
36 0.370210 568 0.009467
37 0.380203 365 0.006083
38 0.390197 348 0.005800
39 0.400190 518 0.008633
40 0.410183 716 0.011933
41 0.420177 1213 0.020217
42 0.430170 1204 0.020067
43 0.440163 797 0.013283
44 0.450156 1083 0.018050
45 0.460150 1549 0.025817
46 0.470143 1945 0.032417
47 0.480136 2463 0.041050
48 0.490130 4252 0.070867
49 0.500123 7417 0.123617
50 0.510116 2575 0.042917
51 0.520109 2208 0.036800
52 0.530103 1962 0.032700
53 0.540096 1238 0.020633
54 0.550089 1302 0.021700
55 0.560082 1455 0.024250
56 0.570076 2083 0.034717
57 0.580069 2902 0.048367
58 0.590062 3316 0.055267
59 0.600056 2126 0.035433
60 0.610049 1338 0.022300
61 0.620042 1286 0.021433
62 0.630035 797 0.013283
63 0.640029 575 0.009583
64 0.650022 466 0.007767
65 0.660015 364 0.006067
66 0.670009 413 0.006883
67 0.680002 291 0.004850
68 0.689995 214 0.003567
69 0.699988 235 0.003917
70 0.709982 188 0.003133
71 0.719975 185 0.003083
72 0.729968 183 0.003050
73 0.739961 184 0.003067
74 0.749955 190 0.003167
75 0.759948 176 0.002933
76 0.769941 191 0.003183
77 0.779935 172 0.002867
78 0.789928 209 0.003483
79 0.799921 155 0.002583
80 0.809914 195 0.003250
81 0.819908 237 0.003950
82 0.829901 248 0.004133
83 0.839894 245 0.004083
84 0.849887 339 0.005650
85 0.859881 445 0.007417
86 0.869874 372 0.006200
87 0.879867 420 0.007000
88 0.889861 225 0.003750
89 0.899854 220 0.003667
90 0.909847 271 0.004517
91 0.919840 297 0.004950
92 0.929834 220 0.003667
93 0.939827 139 0.002317
94 0.949820 41 0.000683
95 0.959814 34 0.000567
96 0.969807 46 0.000767
97 0.979800 16 0.000267
98 0.989793 8 0.000133
99 0.999787 1 0.000017
