0 -0.002221 4 0.000200
1 0.007774 0 0.000000
2 0.017770 2 0.000100
3 0.027765 6 0.000300
4 0.037761 6 0.000300
5 0.047756 5 0.000250
6 0.057751 5 0.000250
7 0.067747 5 0.000250
8 0.077742 8 0.000400
9 0.087738 5 0.000250
10 0.097733 7 0.000350
11 0.107728 12 0.000600
12 0.117724 5 0.000250
13 0.127719 9 0.000450
14 0.137715 17 0.000850
15 0.147710 7 0.000350
16 0.157705 16 0.000800
17 0.167701 10 0.000500
18 0.177696 29 0.001450
19 0.187692 16 0.000800
20 0.197687 14 0.000700
21 0.207682 30 0.001500
22 0.217678 21 0.001050
23 0.227673 33 0.001650
24 0.237669 23 0.001150
25 0.247664 37 0.001850
26 0.257659 41 0.002050
27 0.267655 36 0.001800
28 0.277650 30 0.001500
29 0.287646 54 0.002700
30 0.297641 46 0.002300
31 0.307636 58 0.002900
32 0.317632 74 0.003700
33 0.327627 75 0.003750
34 0.337623 81 0.004050
35 0.347618 96 0.004800
36 0.357614 112 0.005600
37 0.367609 116 0.005800
38 0.377604 139 0.006950
39 0.387600 176 0.008800
40 0.397595 146 0.007300
41 0.407591 195 0.009750
42 0.417586 271 0.013550
43 0.427581 320 0.016000
44 0.437577 374 0.018700
45 0.447572 393 0.019650
46 0.457568 529 0.026450
47 0.467563 831 0.041550
48 0.477558 1156 0.057800
49 0.487554 2042 0.102100
50 0.497549 4035 0.201750
51 0.507545 2261 0.113050
52 0.517540 1218 0.060900
53 0.527535 825 0.041250
54 0.537531 603 0.030150
55 0.547526 475 0.023750
56 0.557522 340 0.017000
57 0.567517 323 0.016150
58 0.577512 326 0.016300
59 0.587508 207 0.010350
60 0.597503 167 0.008350
61 0.607499 171 0.008550
62 0.617494 138 0.006900
63 0.627489 121 0.006050
64 0.637485 119 0.005950
65 0.647480 99 0.004950
66 0.657476 89 0.004450
67 0.667471 95 0.004750
68 0.677466 90 0.004500
69 0.687462 68 0.003400
70 0.697457 49 0.002450
71 0.707453 29 0.001450
72 0.717448 35 0.001750
73 0.727443 38 0.001900
74 0.737439 29 0.001450
75 0.747434 21 0.001050
76 0.757430 36 0.001800
77 0.767425 20 0.001000
78 0.777420 22 0.001100
79 0.787416 25 0.001250
80 0.797411 26 0.001300
81 0.807407 22 0.001100
82 0.817402 6 0.000300
83 0.827397 17 0.000850
84 0.837393 14 0.000700
85 0.847388 14 0.000700
86 0.857384 10 0.000500
87 0.867379 6 0.000300
88 0.877374 12 0.000600
89 0.887370 8 0.000400
90 0.897365 7 0.000350
91 0.907361 14 0.000700
92 0.917356 17 0.000850
93 0.927351 10 0.000500
94 0.937347 10 0.000500
95 0.947342 3 0.000150
96 0.957338 1 0.000050
97 0.967333 3 0.000150
98 0.977328 3 0.000150
99 0.987324 0 0.000000
