0 0.013499 6 0.000300
1 0.023239 3 0.000150
2 0.032980 7 0.000350
3 0.042720 6 0.000300
4 0.052460 9 0.000450
5 0.062200 6 0.000300
6 0.071940 4 0.000200
7 0.081681 9 0.000450
8 0.091421 8 0.000400
9 0.101161 8 0.000400
10 0.110901 8 0.000400
11 0.120641 10 0.000500
12 0.130382 5 0.000250
13 0.140122 7 0.000350
14 0.149862 12 0.000600
15 0.159602 13 0.000650
16 0.169342 15 0.000750
17 0.179083 14 0.000700
18 0.188823 17 0.000850
19 0.198563 21 0.001050
20 0.208303 24 0.001200
21 0.218043 32 0.001600
22 0.227784 31 0.001550
23 0.237524 32 0.001600
24 0.247264 36 0.001800
25 0.257004 38 0.001900
26 0.266744 34 0.001700
27 0.276485 45 0.002250
28 0.286225 53 0.002650
29 0.295965 63 0.003150
30 0.305705 53 0.002650
31 0.315445 61 0.003050
32 0.325186 79 0.003950
33 0.334926 99 0.004950
34 0.344666 80 0.004000
35 0.354406 105 0.005250
36 0.364146 122 0.006100
37 0.373887 115 0.005750
38 0.383627 151 0.007550
39 0.393367 148 0.007400
40 0.403107 216 0.010800
41 0.412847 282 0.014100
42 0.422588 288 0.014400
43 0.432328 332 0.016600
44 0.442068 382 0.019100
45 0.451808 537 0.026850
46 0.461548 769 0.038450
47 0.471289 1004 0.050200
48 0.481029 1770 0.088500
49 0.490769 3257 0.162850
50 0.500509 2923 0.146150
51 0.510249 1574 0.078700
52 0.519990 939 0.046950
53 0.529730 656 0.032800
54 0.539470 447 0.022350
55 0.549210 345 0.017250
56 0.558950 359 0.017950
57 0.568691 324 0.016200
58 0.578431 261 0.013050
59 0.588171 172 0.008600
60 0.597911 158 0.007900
61 0.607651 140 0.007000
62 0.617392 135 0.006750
63 0.627132 129 0.006450
64 0.636872 93 0.004650
65 0.646612 99 0.004950
66 0.656352 90 0.004500
67 0.666093 86 0.004300
68 0.675833 85 0.004250
69 0.685573 59 0.002950
70 0.695313 30 0.001500
71 0.705053 38 0.001900
72 0.714794 40 0.002000
73 0.724534 31 0.001550
74 0.734274 27 0.001350
75 0.744014 27 0.001350
76 0.753754 31 0.001550
77 0.763495 27 0.001350
78 0.773235 28 0.001400
79 0.782975 22 0.001100
80 0.792715 23 0.001150
81 0.802455 14 0.000700
82 0.812196 14 0.000700
83 0.821936 19 0.000950
84 0.831676 13 0.000650
85 0.841416 11 0.000550
86 0.851156 17 0.000850
87 0.860897 7 0.000350
88 0.870637 11 0.000550
89 0.880377 6 0.000300
90 0.890117 5 0.000250
91 0.899857 13 0.000650
92 0.909598 14 0.000700
93 0.919338 11 0.000550
94 0.929078 12 0.000600
95 0.938818 2 0.000100
96 0.948558 0 0.000000
97 0.958299 1 0.000050
98 0.968039 5 0.000250
99 0.977779 1 0.000050
