0 0.453284 2 0.000100
1 0.454610 3 0.000150
2 0.455935 0 0.000000
3 0.457260 1 0.000050
4 0.458586 0 0.000000
5 0.459911 0 0.000000
6 0.461236 2 0.000100
7 0.462562 0 0.000000
8 0.463887 0 0.000000
9 0.465212 1 0.000050
10 0.466538 0 0.000000
11 0.467863 2 0.000100
12 0.469189 2 0.000100
13 0.470514 0 0.000000
14 0.471839 1 0.000050
15 0.473165 1 0.000050
16 0.474490 0 0.000000
17 0.475815 3 0.000150
18 0.477141 4 0.000200
19 0.478466 13 0.000650
20 0.479791 12 0.000600
21 0.481117 4 0.000200
22 0.482442 7 0.000350
23 0.483767 10 0.000500
24 0.485093 17 0.000850
25 0.486418 21 0.001050
26 0.487743 16 0.000800
27 0.489069 54 0.002700
28 0.490394 56 0.002800
29 0.491719 69 0.003450
30 0.493045 102 0.005100
31 0.494370 128 0.006400
32 0.495695 138 0.006900
33 0.497021 146 0.007300
34 0.498346 226 0.011300
35 0.499671 290 0.014500
36 0.500997 323 0.016150
37 0.502322 349 0.017450
38 0.503647 462 0.023100
39 0.504973 606 0.030300
40 0.506298 769 0.038450
41 0.507623 903 0.045150
42 0.508949 1235 0.061750
43 0.510274 1580 0.079000
44 0.511600 1805 0.090250
45 0.512925 2348 0.117400
46 0.514250 1988 0.099400
47 0.515576 1442 0.072100
48 0.516901 1095 0.054750
49 0.518226 779 0.038950
50 0.519552 552 0.027600
51 0.520877 369 0.018450
52 0.522202 312 0.015600
53 0.523528 136 0.006800
54 0.524853 120 0.006000
55 0.526178 140 0.007000
56 0.527504 119 0.005950
57 0.528829 98 0.004900
58 0.530154 68 0.003400
59 0.531480 69 0.003450
60 0.532805 43 0.002150
61 0.534130 48 0.002400
62 0.535456 56 0.002800
63 0.536781 74 0.003700
64 0.538106 54 0.002700
65 0.539432 52 0.002600
66 0.540757 51 0.002550
67 0.542082 48 0.002400
68 0.543408 57 0.002850
69 0.544733 54 0.002700
70 0.546058 44 0.002200
71 0.547384 34 0.001700
72 0.548709 18 0.000900
73 0.550034 26 0.001300
74 0.551360 30 0.001500
75 0.552685 35 0.001750
76 0.554011 20 0.001000
77 0.555336 36 0.001800
78 0.556661 38 0.001900
79 0.557986 18 0.000900
80 0.559312 19 0.000950
81 0.560637 11 0.000550
82 0.561963 19 0.000950
83 0.563288 20 0.001000
84 0.564613 16 0.000800
85 0.565939 13 0.000650
86 0.567264 7 0.000350
87 0.568589 2 0.000100
88 0.569915 3 0.000150
89 0.571240 5 0.000250
90 0.572565 12 0.000600
91 0.573891 5 0.000250
92 0.575216 4 0.000200
93 0.576541 7 0.000350
94 0.577867 1 0.000050
95 0.579192 3 0.000150
96 0.580517 7 0.000350
97 0.581843 7 0.000350
98 0.583168 4 0.000200
99 0.584493 1 0.000050
