0 0.129003 1 0.000050
1 0.137619 0 0.000000
2 0.146236 0 0.000000
3 0.154852 0 0.000000
4 0.163468 0 0.000000
5 0.172085 0 0.000000
6 0.180701 0 0.000000
7 0.189318 1 0.000050
8 0.197934 3 0.000150
9 0.206550 7 0.000350
10 0.215167 6 0.000300
11 0.223783 10 0.000500
12 0.232400 2 0.000100
13 0.241016 1 0.000050
14 0.249632 1 0.000050
15 0.258249 0 0.000000
16 0.266865 1 0.000050
17 0.275482 1 0.000050
18 0.284098 1 0.000050
19 0.292714 8 0.000400
20 0.301331 24 0.001200
21 0.309947 33 0.001650
22 0.318564 50 0.002500
23 0.327180 76 0.003800
24 0.335796 65 0.003250
25 0.344413 44 0.002200
26 0.353029 128 0.006400
27 0.361646 140 0.007000
28 0.370262 381 0.019050
29 0.378878 179 0.008950
30 0.387495 174 0.008700
31 0.396111 180 0.009000
32 0.404728 311 0.015550
33 0.413344 385 0.019250
34 0.421960 867 0.043350
35 0.430577 724 0.036200
36 0.439193 345 0.017250
37 0.447809 401 0.020050
38 0.456426 501 0.025050
39 0.465042 827 0.041350
40 0.473659 626 0.031300
41 0.482275 588 0.029400
42 0.490891 680 0.034000
43 0.499508 4174 0.208700
44 0.508124 743 0.037150
45 0.516741 672 0.033600
46 0.525357 1194 0.059700
47 0.533973 744 0.037200
48 0.542590 444 0.022200
49 0.551206 490 0.024500
50 0.559823 464 0.023200
51 0.568439 792 0.039600
52 0.577055 385 0.019250
53 0.585672 321 0.016050
54 0.594288 208 0.010400
55 0.602905 260 0.013000
56 0.611521 198 0.009900
57 0.620137 332 0.016600
58 0.628754 262 0.013100
59 0.637370 99 0.004950
60 0.645987 64 0.003200
61 0.654603 104 0.005200
62 0.663219 58 0.002900
63 0.671836 105 0.005250
64 0.680452 30 0.001500
65 0.689069 16 0.000800
66 0.697685 27 0.001350
67 0.706301 19 0.000950
68 0.714918 4 0.000200
69 0.723534 0 0.000000
70 0.732151 0 0.000000
71 0.740767 0 0.000000
72 0.749383 1 0.000050
73 0.758000 0 0.000000
74 0.766616 3 0.000150
75 0.775232 0 0.000000
76 0.783849 3 0.000150
77 0.792465 6 0.000300
78 0.801082 3 0.000150
79 0.809698 0 0.000000
80 0.818314 0 0.000000
81 0.826931 0 0.000000
82 0.835547 0 0.000000
83 0.844164 0 0.000000
84 0.852780 0 0.000000
85 0.861396 0 0.000000
86 0.870013 0 0.000000
87 0.878629 1 0.000050
88 0.887246 1 0.000050
89 0.895862 0 0.000000
90 0.904478 0 0.000000
91 0.913095 0 0.000000
92 0.921711 0 0.000000
93 0.930328 0 0.000000
94 0.938944 0 0.000000
95 0.947560 0 0.000000
96 0.956177 0 0.000000
97 0.964793 0 0.000000
98 0.973410 0 0.000000
99 0.982026 1 0.000050
