0 -0.002221 4 0.000067
1 0.007942 0 0.000000
2 0.018106 2 0.000033
3 0.028269 6 0.000100
4 0.038433 17 0.000283
5 0.048596 11 0.000183
6 0.058760 12 0.000200
7 0.068923 7 0.000117
8 0.079087 18 0.000300
9 0.089250 10 0.000167
10 0.099413 9 0.000150
11 0.109577 14 0.000233
12 0.119740 5 0.000083
13 0.129904 17 0.000283
14 0.140067 14 0.000233
15 0.150231 10 0.000167
16 0.160394 19 0.000317
17 0.170557 14 0.000233
18 0.180721 26 0.000433
19 0.190884 15 0.000250
20 0.201048 23 0.000383
21 0.211211 41 0.000683
22 0.221375 32 0.000533
23 0.231538 40 0.000667
24 0.241702 33 0.000550
25 0.251865 58 0.000967
26 0.262028 86 0.001433
27 0.272192 75 0.001250
28 0.282355 58 0.000967
29 0.292519 89 0.001483
30 0.302682 90 0.001500
31 0.312846 132 0.002200
32 0.323009 232 0.003867
33 0.333172 293 0.004883
34 0.343336 178 0.002967
35 0.353499 128 0.002133
36 0.363663 128 0.002133
37 0.373826 131 0.002183
38 0.383990 191 0.003183
39 0.394153 188 0.003133
40 0.404317 182 0.003033
41 0.414480 304 0.005067
42 0.424643 324 0.005400
43 0.434807 401 0.006683
44 0.444970 405 0.006750
45 0.455134 548 0.009133
46 0.465297 854 0.014233
47 0.475461 1251 0.020850
48 0.485624 2347 0.039117
49 0.495787 6469 0.107817
50 0.505951 14179 0.236317
51 0.516114 5576 0.092933
52 0.526278 1646 0.027433
53 0.536441 1285 0.021417
54 0.546605 1026 0.017100
55 0.556768 894 0.014900
56 0.566931 997 0.016617
57 0.577095 1454 0.024233
58 0.587258 3014 0.050233
59 0.597422 2887 0.048117
60 0.607585 1481 0.024683
61 0.617749 1071 0.017850
62 0.627912 702 0.011700
63 0.638076 568 0.009467
64 0.648239 420 0.007000
65 0.658402 331 0.005517
66 0.668566 291 0.004850
67 0.678729 300 0.005000
68 0.688893 229 0.003817
69 0.699056 187 0.003117
70 0.709220 180 0.003000
71 0.719383 164 0.002733
72 0.729547 201 0.003350
73 0.739710 195 0.003250
74 0.749873 148 0.002467
75 0.760037 182 0.003033
76 0.770200 146 0.002433
77 0.780364 161 0.002683
78 0.790527 215 0.003583
79 0.800691 177 0.002950
80 0.810854 196 0.003267
81 0.821018 184 0.003067
82 0.831181 248 0.004133
83 0.841344 323 0.005383
84 0.851508 353 0.005883
85 0.861671 326 0.005433
86 0.871835 384 0.006400
87 0.881998 453 0.007550
88 0.892161 267 0.004450
89 0.902325 169 0.002817
90 0.912488 209 0.003483
91 0.922652 312 0.005200
92 0.932815 300 0.005000
93 0.942979 226 0.003767
94 0.953142 74 0.001233
95 0.963306 44 0.000733
96 0.973469 32 0.000533
97 0.983632 41 0.000683
98 0.993796 10 0.000167
99 1.003959 1 0.000017
