initializing
training size    : 359556
testing size     : 20000
epoch count      : 10
sub epoch size   : 5

epoch_learning_rate_decay   : 8
learning_rate_decay         : 0.250000

training



epoch [0 0] from [10 5]
training time per iterations 1.562125[ms]
testing on 20000 items
testing done
average error 0.002444
min error     0.000000
max error     0.211393
saving best net
best net saved to networks/disc16x16x3_no_gaussian/net_4/trained/, with error 0.002444



epoch [0 1] from [10 5]
training time per iterations 1.561847[ms]
testing on 20000 items
testing done
average error 0.002103
min error     0.000000
max error     0.201364
saving best net
best net saved to networks/disc16x16x3_no_gaussian/net_4/trained/, with error 0.002103



epoch [0 2] from [10 5]
training time per iterations 1.564364[ms]
testing on 20000 items
testing done
average error 0.002058
min error     0.000000
max error     0.196008
saving best net
best net saved to networks/disc16x16x3_no_gaussian/net_4/trained/, with error 0.002058



epoch [0 3] from [10 5]
training time per iterations 1.549791[ms]
testing on 20000 items
testing done
average error 0.001912
min error     0.000000
max error     0.199964
saving best net
best net saved to networks/disc16x16x3_no_gaussian/net_4/trained/, with error 0.001912



epoch [0 4] from [10 5]
training time per iterations 1.539389[ms]
testing on 20000 items
testing done
average error 0.002025
min error     0.000000
max error     0.214966



epoch [1 0] from [10 5]
training time per iterations 1.554700[ms]
testing on 20000 items
testing done
average error 0.001848
min error     0.000000
max error     0.196408
saving best net
best net saved to networks/disc16x16x3_no_gaussian/net_4/trained/, with error 0.001848



epoch [1 1] from [10 5]
training time per iterations 1.558816[ms]
testing on 20000 items
testing done
average error 0.001924
min error     0.000000
max error     0.191274



epoch [1 2] from [10 5]
training time per iterations 1.550792[ms]
testing on 20000 items
testing done
average error 0.001802
min error     0.000000
max error     0.201931
saving best net
best net saved to networks/disc16x16x3_no_gaussian/net_4/trained/, with error 0.001802



epoch [1 3] from [10 5]
training time per iterations 1.553184[ms]
testing on 20000 items
testing done
average error 0.001856
min error     0.000000
max error     0.186061



epoch [1 4] from [10 5]
training time per iterations 1.567688[ms]
testing on 20000 items
testing done
average error 0.001738
min error     0.000000
max error     0.193287
saving best net
best net saved to networks/disc16x16x3_no_gaussian/net_4/trained/, with error 0.001738



epoch [2 0] from [10 5]
training time per iterations 1.565366[ms]
testing on 20000 items
testing done
average error 0.001786
min error     0.000000
max error     0.210636



epoch [2 1] from [10 5]
training time per iterations 1.575128[ms]
testing on 20000 items
testing done
average error 0.001802
min error     0.000000
max error     0.191601



epoch [2 2] from [10 5]
training time per iterations 1.541697[ms]
testing on 20000 items
testing done
average error 0.001797
min error     0.000000
max error     0.185883



epoch [2 3] from [10 5]
training time per iterations 1.544812[ms]
testing on 20000 items
testing done
average error 0.001688
min error     0.000000
max error     0.194985
saving best net
best net saved to networks/disc16x16x3_no_gaussian/net_4/trained/, with error 0.001688



epoch [2 4] from [10 5]
training time per iterations 1.549304[ms]
testing on 20000 items
testing done
average error 0.001811
min error     0.000000
max error     0.187364



epoch [3 0] from [10 5]
training time per iterations 1.563405[ms]
testing on 20000 items
testing done
average error 0.001910
min error     0.000000
max error     0.201206



epoch [3 1] from [10 5]
training time per iterations 1.562765[ms]
testing on 20000 items
testing done
average error 0.001769
min error     0.000000
max error     0.195666



epoch [3 2] from [10 5]
training time per iterations 1.563488[ms]
testing on 20000 items
testing done
average error 0.001823
min error     0.000000
max error     0.202518



epoch [3 3] from [10 5]
training time per iterations 1.550722[ms]
testing on 20000 items
testing done
average error 0.001877
min error     0.000000
max error     0.204011



epoch [3 4] from [10 5]
training time per iterations 1.562042[ms]
testing on 20000 items
testing done
average error 0.001761
min error     0.000000
max error     0.205786



epoch [4 0] from [10 5]
training time per iterations 1.565185[ms]
testing on 20000 items
testing done
average error 0.001780
min error     0.000000
max error     0.197814



epoch [4 1] from [10 5]
training time per iterations 1.573890[ms]
testing on 20000 items
testing done
average error 0.001869
min error     0.000000
max error     0.204196



epoch [4 2] from [10 5]
training time per iterations 1.556633[ms]
testing on 20000 items
testing done
average error 0.001703
min error     0.000000
max error     0.198881



epoch [4 3] from [10 5]
training time per iterations 1.556076[ms]
testing on 20000 items
testing done
average error 0.001708
min error     0.000000
max error     0.192739



epoch [4 4] from [10 5]
training time per iterations 1.561736[ms]
testing on 20000 items
testing done
average error 0.001708
min error     0.000000
max error     0.194710



epoch [5 0] from [10 5]
training time per iterations 1.552252[ms]
testing on 20000 items
testing done
average error 0.001702
min error     0.000000
max error     0.200139



epoch [5 1] from [10 5]
training time per iterations 1.548164[ms]
testing on 20000 items
testing done
average error 0.001767
min error     0.000000
max error     0.195387



epoch [5 2] from [10 5]
training time per iterations 1.538916[ms]
testing on 20000 items
testing done
average error 0.001840
min error     0.000000
max error     0.219377



epoch [5 3] from [10 5]
training time per iterations 1.553253[ms]
testing on 20000 items
testing done
average error 0.001814
min error     0.000000
max error     0.214872



epoch [5 4] from [10 5]
training time per iterations 1.565769[ms]
testing on 20000 items
testing done
average error 0.001780
min error     0.000000
max error     0.191546



epoch [6 0] from [10 5]
training time per iterations 1.558510[ms]
testing on 20000 items
testing done
average error 0.001820
min error     0.000000
max error     0.207592



epoch [6 1] from [10 5]
training time per iterations 1.566047[ms]
testing on 20000 items
testing done
average error 0.001794
min error     0.000000
max error     0.191313



epoch [6 2] from [10 5]
training time per iterations 1.550472[ms]
testing on 20000 items
testing done
average error 0.001885
min error     0.000000
max error     0.193476



epoch [6 3] from [10 5]
training time per iterations 1.543603[ms]
testing on 20000 items
testing done
average error 0.001723
min error     0.000000
max error     0.195345



epoch [6 4] from [10 5]
training time per iterations 1.565407[ms]
testing on 20000 items
testing done
average error 0.001708
min error     0.000000
max error     0.198607



epoch [7 0] from [10 5]
training time per iterations 1.558760[ms]
testing on 20000 items
testing done
average error 0.001696
min error     0.000000
max error     0.184911



epoch [7 1] from [10 5]
training time per iterations 1.566214[ms]
testing on 20000 items
testing done
average error 0.001842
min error     0.000000
max error     0.210941



epoch [7 2] from [10 5]
training time per iterations 1.555631[ms]
testing on 20000 items
testing done
average error 0.001817
min error     0.000000
max error     0.206490



epoch [7 3] from [10 5]
training time per iterations 1.562501[ms]
testing on 20000 items
testing done
average error 0.001726
min error     0.000000
max error     0.207815



epoch [7 4] from [10 5]
training time per iterations 1.544437[ms]
testing on 20000 items
testing done
average error 0.001803
min error     0.000000
max error     0.212870
setting learning rate to 0.000050



epoch [8 0] from [10 5]
training time per iterations 1.560888[ms]
testing on 20000 items
testing done
average error 0.001739
min error     0.000000
max error     0.210700



epoch [8 1] from [10 5]
training time per iterations 1.551765[ms]
testing on 20000 items
testing done
average error 0.001810
min error     0.000000
max error     0.203223



epoch [8 2] from [10 5]
training time per iterations 1.566589[ms]
testing on 20000 items
testing done
average error 0.001737
min error     0.000000
max error     0.200603



epoch [8 3] from [10 5]
training time per iterations 1.542295[ms]
testing on 20000 items
testing done
average error 0.001789
min error     0.000000
max error     0.206176



epoch [8 4] from [10 5]
training time per iterations 1.567215[ms]
testing on 20000 items
testing done
average error 0.001716
min error     0.000000
max error     0.202982



epoch [9 0] from [10 5]
training time per iterations 1.545827[ms]
testing on 20000 items
testing done
average error 0.001717
min error     0.000000
max error     0.198147



epoch [9 1] from [10 5]
training time per iterations 1.555965[ms]
testing on 20000 items
testing done
average error 0.001737
min error     0.000000
max error     0.205621



epoch [9 2] from [10 5]
training time per iterations 1.551362[ms]
testing on 20000 items
testing done
average error 0.001750
min error     0.000000
max error     0.200785



epoch [9 3] from [10 5]
training time per iterations 1.552266[ms]
testing on 20000 items
testing done
average error 0.001714
min error     0.000000
max error     0.201530



epoch [9 4] from [10 5]
training time per iterations 1.554630[ms]
testing on 20000 items
testing done
average error 0.001722
min error     0.000000
max error     0.203381
training done
