0.000000 0 0 0.002444 0.000000 0.211393 0.002461 0.000000 0.180625
0.200000 0 1 0.002103 0.000000 0.201364 0.002153 0.000000 0.153257
0.400000 0 2 0.002058 0.000000 0.196008 0.002073 0.000000 0.138570
0.600000 0 3 0.001912 0.000000 0.199964 0.001921 0.000000 0.251451
0.800000 0 4 0.002025 0.000000 0.214966 0.002036 0.000000 0.221925
1.000000 1 0 0.001848 0.000000 0.196408 0.001836 0.000000 0.196408
1.200000 1 1 0.001924 0.000000 0.191274 0.001951 0.000000 0.238810
1.400000 1 2 0.001802 0.000000 0.201931 0.001791 0.000000 0.168898
1.600000 1 3 0.001856 0.000000 0.186061 0.001854 0.000000 0.160791
1.800000 1 4 0.001738 0.000000 0.193287 0.001785 0.000000 0.242417
2.000000 2 0 0.001786 0.000000 0.210636 0.001782 0.000000 0.170015
2.200000 2 1 0.001802 0.000000 0.191601 0.001845 0.000000 0.169313
2.400000 2 2 0.001797 0.000000 0.185883 0.001807 0.000000 0.216387
2.600000 2 3 0.001688 0.000000 0.194985 0.001699 0.000000 0.176128
2.800000 2 4 0.001811 0.000000 0.187364 0.001770 0.000000 0.187364
3.000000 3 0 0.001910 0.000000 0.201206 0.001919 0.000000 0.236500
3.200000 3 1 0.001769 0.000000 0.195666 0.001765 0.000000 0.215105
3.400000 3 2 0.001823 0.000000 0.202518 0.001860 0.000000 0.229345
3.600000 3 3 0.001877 0.000000 0.204011 0.001916 0.000000 0.195479
3.800000 3 4 0.001761 0.000000 0.205786 0.001757 0.000000 0.199844
4.000000 4 0 0.001780 0.000000 0.197814 0.001772 0.000000 0.213842
4.200000 4 1 0.001869 0.000000 0.204196 0.001872 0.000000 0.146799
4.400000 4 2 0.001703 0.000000 0.198881 0.001732 0.000000 0.232262
4.600000 4 3 0.001708 0.000000 0.192739 0.001695 0.000000 0.153530
4.800000 4 4 0.001708 0.000000 0.194710 0.001677 0.000000 0.184444
5.000000 5 0 0.001702 0.000000 0.200139 0.001687 0.000000 0.164773
5.200000 5 1 0.001767 0.000000 0.195387 0.001788 0.000000 0.215895
5.400000 5 2 0.001840 0.000000 0.219377 0.001843 0.000000 0.249668
5.600000 5 3 0.001814 0.000000 0.214872 0.001828 0.000000 0.252963
5.800000 5 4 0.001780 0.000000 0.191546 0.001784 0.000000 0.243108
6.000000 6 0 0.001820 0.000000 0.207592 0.001800 0.000000 0.162327
6.200000 6 1 0.001794 0.000000 0.191313 0.001789 0.000000 0.227369
6.400000 6 2 0.001885 0.000000 0.193476 0.001888 0.000000 0.222746
6.600000 6 3 0.001723 0.000000 0.195345 0.001744 0.000000 0.218717
6.800000 6 4 0.001708 0.000000 0.198607 0.001738 0.000000 0.237815
7.000000 7 0 0.001696 0.000000 0.184911 0.001671 0.000000 0.140549
7.200000 7 1 0.001842 0.000000 0.210941 0.001860 0.000000 0.248925
7.400000 7 2 0.001817 0.000000 0.206490 0.001816 0.000000 0.116846
7.600000 7 3 0.001726 0.000000 0.207815 0.001710 0.000000 0.154855
7.800000 7 4 0.001803 0.000000 0.212870 0.001846 0.000000 0.223350
8.000000 8 0 0.001739 0.000000 0.210700 0.001739 0.000000 0.206321
8.200000 8 1 0.001810 0.000000 0.203223 0.001818 0.000000 0.240486
8.400000 8 2 0.001737 0.000000 0.200603 0.001725 0.000000 0.227562
8.600000 8 3 0.001789 0.000000 0.206176 0.001780 0.000000 0.222225
8.800000 8 4 0.001716 0.000000 0.202982 0.001709 0.000000 0.227837
9.000000 9 0 0.001717 0.000000 0.198147 0.001751 0.000000 0.234170
9.200000 9 1 0.001737 0.000000 0.205621 0.001732 0.000000 0.239181
9.400000 9 2 0.001750 0.000000 0.200785 0.001756 0.000000 0.162806
9.600000 9 3 0.001714 0.000000 0.201530 0.001741 0.000000 0.220592
9.800000 9 4 0.001722 0.000000 0.203381 0.001738 0.000000 0.167978
