0 -0.038767 3 0.000150
1 -0.038157 0 0.000000
2 -0.037548 0 0.000000
3 -0.036938 0 0.000000
4 -0.036328 1 0.000050
5 -0.035718 0 0.000000
6 -0.035109 0 0.000000
7 -0.034499 0 0.000000
8 -0.033889 0 0.000000
9 -0.033280 2 0.000100
10 -0.032670 3 0.000150
11 -0.032060 7 0.000350
12 -0.031450 1 0.000050
13 -0.030841 2 0.000100
14 -0.030231 7 0.000350
15 -0.029621 1 0.000050
16 -0.029012 2 0.000100
17 -0.028402 6 0.000300
18 -0.027792 2 0.000100
19 -0.027183 2 0.000100
20 -0.026573 4 0.000200
21 -0.025963 8 0.000400
22 -0.025353 6 0.000300
23 -0.024744 9 0.000450
24 -0.024134 7 0.000350
25 -0.023524 6 0.000300
26 -0.022915 8 0.000400
27 -0.022305 11 0.000550
28 -0.021695 13 0.000650
29 -0.021085 13 0.000650
30 -0.020476 20 0.001000
31 -0.019866 27 0.001350
32 -0.019256 29 0.001450
33 -0.018647 41 0.002050
34 -0.018037 55 0.002750
35 -0.017427 78 0.003900
36 -0.016818 86 0.004300
37 -0.016208 98 0.004900
38 -0.015598 157 0.007850
39 -0.014988 151 0.007550
40 -0.014379 246 0.012300
41 -0.013769 283 0.014150
42 -0.013159 388 0.019400
43 -0.012550 427 0.021350
44 -0.011940 552 0.027600
45 -0.011330 595 0.029750
46 -0.010720 733 0.036650
47 -0.010111 881 0.044050
48 -0.009501 1018 0.050900
49 -0.008891 1167 0.058350
50 -0.008282 1363 0.068150
51 -0.007672 1492 0.074600
52 -0.007062 1514 0.075700
53 -0.006453 1487 0.074350
54 -0.005843 1437 0.071850
55 -0.005233 1143 0.057150
56 -0.004623 914 0.045700
57 -0.004014 795 0.039750
58 -0.003404 565 0.028250
59 -0.002794 439 0.021950
60 -0.002185 360 0.018000
61 -0.001575 248 0.012400
62 -0.000965 221 0.011050
63 -0.000356 142 0.007100
64 0.000254 97 0.004850
65 0.000864 95 0.004750
66 0.001474 87 0.004350
67 0.002083 61 0.003050
68 0.002693 54 0.002700
69 0.003303 46 0.002300
70 0.003912 36 0.001800
71 0.004522 46 0.002300
72 0.005132 25 0.001250
73 0.005742 27 0.001350
74 0.006351 14 0.000700
75 0.006961 25 0.001250
76 0.007571 14 0.000700
77 0.008180 16 0.000800
78 0.008790 10 0.000500
79 0.009400 7 0.000350
80 0.010009 11 0.000550
81 0.010619 11 0.000550
82 0.011229 3 0.000150
83 0.011839 11 0.000550
84 0.012448 5 0.000250
85 0.013058 3 0.000150
86 0.013668 0 0.000000
87 0.014277 5 0.000250
88 0.014887 1 0.000050
89 0.015497 2 0.000100
90 0.016107 1 0.000050
91 0.016716 3 0.000150
92 0.017326 1 0.000050
93 0.017936 1 0.000050
94 0.018545 1 0.000050
95 0.019155 0 0.000000
96 0.019765 1 0.000050
97 0.020374 2 0.000100
98 0.020984 1 0.000050
99 0.021594 1 0.000050
