0 -0.387636 1 0.000050
1 -0.379630 1 0.000050
2 -0.371624 2 0.000100
3 -0.363619 0 0.000000
4 -0.355613 0 0.000000
5 -0.347607 1 0.000050
6 -0.339602 0 0.000000
7 -0.331596 0 0.000000
8 -0.323590 0 0.000000
9 -0.315584 2 0.000100
10 -0.307579 0 0.000000
11 -0.299573 1 0.000050
12 -0.291567 1 0.000050
13 -0.283561 3 0.000150
14 -0.275556 3 0.000150
15 -0.267550 7 0.000350
16 -0.259544 2 0.000100
17 -0.251538 4 0.000200
18 -0.243533 1 0.000050
19 -0.235527 3 0.000150
20 -0.227521 1 0.000050
21 -0.219515 1 0.000050
22 -0.211510 7 0.000350
23 -0.203504 7 0.000350
24 -0.195498 15 0.000750
25 -0.187492 38 0.001900
26 -0.179487 63 0.003150
27 -0.171481 75 0.003750
28 -0.163475 100 0.005000
29 -0.155469 137 0.006850
30 -0.147464 164 0.008200
31 -0.139458 152 0.007600
32 -0.131452 166 0.008300
33 -0.123446 154 0.007700
34 -0.115441 151 0.007550
35 -0.107435 196 0.009800
36 -0.099429 222 0.011100
37 -0.091423 339 0.016950
38 -0.083418 617 0.030850
39 -0.075412 640 0.032000
40 -0.067406 420 0.021000
41 -0.059401 330 0.016500
42 -0.051395 552 0.027600
43 -0.043389 514 0.025700
44 -0.035383 627 0.031350
45 -0.027378 484 0.024200
46 -0.019372 702 0.035100
47 -0.011366 3578 0.178900
48 -0.003360 2472 0.123600
49 0.004645 804 0.040200
50 0.012651 709 0.035450
51 0.020657 791 0.039550
52 0.028663 606 0.030300
53 0.036668 402 0.020100
54 0.044674 450 0.022500
55 0.052680 422 0.021100
56 0.060686 423 0.021150
57 0.068691 359 0.017950
58 0.076697 249 0.012450
59 0.084703 190 0.009500
60 0.092709 176 0.008800
61 0.100714 163 0.008150
62 0.108720 201 0.010050
63 0.116726 259 0.012950
64 0.124732 243 0.012150
65 0.132737 148 0.007400
66 0.140743 93 0.004650
67 0.148749 102 0.005100
68 0.156755 61 0.003050
69 0.164760 67 0.003350
70 0.172766 44 0.002200
71 0.180772 25 0.001250
72 0.188778 13 0.000650
73 0.196783 3 0.000150
74 0.204789 5 0.000250
75 0.212795 9 0.000450
76 0.220800 3 0.000150
77 0.228806 5 0.000250
78 0.236812 4 0.000200
79 0.244818 0 0.000000
80 0.252823 2 0.000100
81 0.260829 2 0.000100
82 0.268835 0 0.000000
83 0.276841 1 0.000050
84 0.284846 1 0.000050
85 0.292852 1 0.000050
86 0.300858 1 0.000050
87 0.308864 2 0.000100
88 0.316869 1 0.000050
89 0.324875 1 0.000050
90 0.332881 0 0.000000
91 0.340887 0 0.000000
92 0.348892 0 0.000000
93 0.356898 0 0.000000
94 0.364904 1 0.000050
95 0.372910 0 0.000000
96 0.380915 0 0.000000
97 0.388921 1 0.000050
98 0.396927 0 0.000000
99 0.404933 1 0.000050
