0 -0.070743 2 0.000100
1 -0.069580 0 0.000000
2 -0.068417 0 0.000000
3 -0.067254 0 0.000000
4 -0.066091 0 0.000000
5 -0.064929 0 0.000000
6 -0.063766 0 0.000000
7 -0.062603 0 0.000000
8 -0.061440 0 0.000000
9 -0.060277 0 0.000000
10 -0.059115 0 0.000000
11 -0.057952 0 0.000000
12 -0.056789 0 0.000000
13 -0.055626 0 0.000000
14 -0.054463 0 0.000000
15 -0.053300 0 0.000000
16 -0.052138 1 0.000050
17 -0.050975 1 0.000050
18 -0.049812 1 0.000050
19 -0.048649 0 0.000000
20 -0.047486 0 0.000000
21 -0.046323 0 0.000000
22 -0.045161 1 0.000050
23 -0.043998 0 0.000000
24 -0.042835 2 0.000100
25 -0.041672 2 0.000100
26 -0.040509 1 0.000050
27 -0.039347 0 0.000000
28 -0.038184 4 0.000200
29 -0.037021 4 0.000200
30 -0.035858 3 0.000150
31 -0.034695 5 0.000250
32 -0.033532 4 0.000200
33 -0.032370 7 0.000350
34 -0.031207 4 0.000200
35 -0.030044 10 0.000500
36 -0.028881 5 0.000250
37 -0.027718 4 0.000200
38 -0.026556 11 0.000550
39 -0.025393 16 0.000800
40 -0.024230 24 0.001200
41 -0.023067 30 0.001500
42 -0.021904 32 0.001600
43 -0.020741 32 0.001600
44 -0.019579 31 0.001550
45 -0.018416 59 0.002950
46 -0.017253 62 0.003100
47 -0.016090 53 0.002650
48 -0.014927 71 0.003550
49 -0.013764 112 0.005600
50 -0.012602 203 0.010150
51 -0.011439 255 0.012750
52 -0.010276 412 0.020600
53 -0.009113 625 0.031250
54 -0.007950 1255 0.062750
55 -0.006788 2058 0.102900
56 -0.005625 3765 0.188250
57 -0.004462 3958 0.197900
58 -0.003299 2664 0.133200
59 -0.002136 1547 0.077350
60 -0.000973 890 0.044500
61 0.000189 503 0.025150
62 0.001352 374 0.018700
63 0.002515 213 0.010650
64 0.003678 184 0.009200
65 0.004841 134 0.006700
66 0.006003 93 0.004650
67 0.007166 52 0.002600
68 0.008329 51 0.002550
69 0.009492 23 0.001150
70 0.010655 32 0.001600
71 0.011818 23 0.001150
72 0.012980 8 0.000400
73 0.014143 14 0.000700
74 0.015306 19 0.000950
75 0.016469 12 0.000600
76 0.017632 11 0.000550
77 0.018795 8 0.000400
78 0.019957 9 0.000450
79 0.021120 3 0.000150
80 0.022283 1 0.000050
81 0.023446 2 0.000100
82 0.024609 0 0.000000
83 0.025771 0 0.000000
84 0.026934 3 0.000150
85 0.028097 0 0.000000
86 0.029260 1 0.000050
87 0.030423 0 0.000000
88 0.031586 0 0.000000
89 0.032748 0 0.000000
90 0.033911 0 0.000000
91 0.035074 0 0.000000
92 0.036237 0 0.000000
93 0.037400 0 0.000000
94 0.038562 0 0.000000
95 0.039725 0 0.000000
96 0.040888 0 0.000000
97 0.042051 0 0.000000
98 0.043214 0 0.000000
99 0.044377 1 0.000050
