0 -0.387636 1 0.000017
1 -0.379630 1 0.000017
2 -0.371624 2 0.000033
3 -0.363619 0 0.000000
4 -0.355613 0 0.000000
5 -0.347607 1 0.000017
6 -0.339602 0 0.000000
7 -0.331596 0 0.000000
8 -0.323590 0 0.000000
9 -0.315584 2 0.000033
10 -0.307579 0 0.000000
11 -0.299573 1 0.000017
12 -0.291567 1 0.000017
13 -0.283561 3 0.000050
14 -0.275556 3 0.000050
15 -0.267550 7 0.000117
16 -0.259544 2 0.000033
17 -0.251538 4 0.000067
18 -0.243533 1 0.000017
19 -0.235527 3 0.000050
20 -0.227521 1 0.000017
21 -0.219515 1 0.000017
22 -0.211510 7 0.000117
23 -0.203504 7 0.000117
24 -0.195498 15 0.000250
25 -0.187492 38 0.000633
26 -0.179487 63 0.001050
27 -0.171481 75 0.001250
28 -0.163475 100 0.001667
29 -0.155469 137 0.002283
30 -0.147464 164 0.002733
31 -0.139458 152 0.002533
32 -0.131452 166 0.002767
33 -0.123446 154 0.002567
34 -0.115441 151 0.002517
35 -0.107435 196 0.003267
36 -0.099429 222 0.003700
37 -0.091423 339 0.005650
38 -0.083418 617 0.010283
39 -0.075412 642 0.010700
40 -0.067406 420 0.007000
41 -0.059401 330 0.005500
42 -0.051395 556 0.009267
43 -0.043389 533 0.008883
44 -0.035383 695 0.011583
45 -0.027378 766 0.012767
46 -0.019372 3861 0.064350
47 -0.011366 30354 0.505900
48 -0.003360 11391 0.189850
49 0.004645 1447 0.024117
50 0.012651 818 0.013633
51 0.020657 808 0.013467
52 0.028663 607 0.010117
53 0.036668 403 0.006717
54 0.044674 450 0.007500
55 0.052680 422 0.007033
56 0.060686 423 0.007050
57 0.068691 359 0.005983
58 0.076697 249 0.004150
59 0.084703 190 0.003167
60 0.092709 176 0.002933
61 0.100714 163 0.002717
62 0.108720 201 0.003350
63 0.116726 259 0.004317
64 0.124732 243 0.004050
65 0.132737 148 0.002467
66 0.140743 93 0.001550
67 0.148749 102 0.001700
68 0.156755 61 0.001017
69 0.164760 67 0.001117
70 0.172766 44 0.000733
71 0.180772 25 0.000417
72 0.188778 13 0.000217
73 0.196783 3 0.000050
74 0.204789 5 0.000083
75 0.212795 9 0.000150
76 0.220800 3 0.000050
77 0.228806 5 0.000083
78 0.236812 4 0.000067
79 0.244818 0 0.000000
80 0.252823 2 0.000033
81 0.260829 2 0.000033
82 0.268835 0 0.000000
83 0.276841 1 0.000017
84 0.284846 1 0.000017
85 0.292852 1 0.000017
86 0.300858 1 0.000017
87 0.308864 2 0.000033
88 0.316869 1 0.000017
89 0.324875 1 0.000017
90 0.332881 0 0.000000
91 0.340887 0 0.000000
92 0.348892 0 0.000000
93 0.356898 0 0.000000
94 0.364904 1 0.000017
95 0.372910 0 0.000000
96 0.380915 0 0.000000
97 0.388921 1 0.000017
98 0.396927 0 0.000000
99 0.404933 1 0.000017
