0 0.000000 51334 0.855567
1 0.001656 1880 0.031333
2 0.003313 1379 0.022983
3 0.004969 1343 0.022383
4 0.006625 702 0.011700
5 0.008281 414 0.006900
6 0.009938 366 0.006100
7 0.011594 317 0.005283
8 0.013250 349 0.005817
9 0.014906 367 0.006117
10 0.016563 274 0.004567
11 0.018219 213 0.003550
12 0.019875 182 0.003033
13 0.021531 199 0.003317
14 0.023188 128 0.002133
15 0.024844 95 0.001583
16 0.026500 95 0.001583
17 0.028157 89 0.001483
18 0.029813 64 0.001067
19 0.031469 49 0.000817
20 0.033125 32 0.000533
21 0.034782 19 0.000317
22 0.036438 14 0.000233
23 0.038094 9 0.000150
24 0.039750 5 0.000083
25 0.041407 8 0.000133
26 0.043063 2 0.000033
27 0.044719 5 0.000083
28 0.046375 5 0.000083
29 0.048032 2 0.000033
30 0.049688 3 0.000050
31 0.051344 4 0.000067
32 0.053001 5 0.000083
33 0.054657 0 0.000000
34 0.056313 1 0.000017
35 0.057969 3 0.000050
36 0.059626 2 0.000033
37 0.061282 3 0.000050
38 0.062938 2 0.000033
39 0.064594 2 0.000033
40 0.066251 2 0.000033
41 0.067907 0 0.000000
42 0.069563 7 0.000117
43 0.071219 0 0.000000
44 0.072876 1 0.000017
45 0.074532 2 0.000033
46 0.076188 2 0.000033
47 0.077845 2 0.000033
48 0.079501 1 0.000017
49 0.081157 0 0.000000
50 0.082813 0 0.000000
51 0.084470 1 0.000017
52 0.086126 0 0.000000
53 0.087782 2 0.000033
54 0.089438 0 0.000000
55 0.091095 0 0.000000
56 0.092751 0 0.000000
57 0.094407 1 0.000017
58 0.096063 1 0.000017
59 0.097720 3 0.000050
60 0.099376 0 0.000000
61 0.101032 1 0.000017
62 0.102689 0 0.000000
63 0.104345 0 0.000000
64 0.106001 1 0.000017
65 0.107657 0 0.000000
66 0.109314 0 0.000000
67 0.110970 0 0.000000
68 0.112626 0 0.000000
69 0.114282 0 0.000000
70 0.115939 1 0.000017
71 0.117595 0 0.000000
72 0.119251 0 0.000000
73 0.120907 0 0.000000
74 0.122564 0 0.000000
75 0.124220 0 0.000000
76 0.125876 0 0.000000
77 0.127533 0 0.000000
78 0.129189 0 0.000000
79 0.130845 0 0.000000
80 0.132501 1 0.000017
81 0.134158 1 0.000017
82 0.135814 0 0.000000
83 0.137470 2 0.000033
84 0.139126 0 0.000000
85 0.140783 0 0.000000
86 0.142439 0 0.000000
87 0.144095 0 0.000000
88 0.145751 0 0.000000
89 0.147408 0 0.000000
90 0.149064 1 0.000017
91 0.150720 0 0.000000
92 0.152377 1 0.000017
93 0.154033 0 0.000000
94 0.155689 0 0.000000
95 0.157345 0 0.000000
96 0.159002 0 0.000000
97 0.160658 0 0.000000
98 0.162314 0 0.000000
99 0.163970 1 0.000017
