0 0.019606 2 0.000033
1 0.029717 6 0.000100
2 0.039828 28 0.000467
3 0.049939 18 0.000300
4 0.060050 9 0.000150
5 0.070161 19 0.000317
6 0.080272 22 0.000367
7 0.090383 16 0.000267
8 0.100494 12 0.000200
9 0.110605 16 0.000267
10 0.120716 19 0.000317
11 0.130827 13 0.000217
12 0.140938 19 0.000317
13 0.151049 15 0.000250
14 0.161160 16 0.000267
15 0.171271 19 0.000317
16 0.181382 16 0.000267
17 0.191493 21 0.000350
18 0.201604 31 0.000517
19 0.211715 39 0.000650
20 0.221825 36 0.000600
21 0.231936 39 0.000650
22 0.242047 28 0.000467
23 0.252158 38 0.000633
24 0.262269 79 0.001317
25 0.272380 92 0.001533
26 0.282491 97 0.001617
27 0.292602 94 0.001567
28 0.302713 126 0.002100
29 0.312824 128 0.002133
30 0.322935 256 0.004267
31 0.333046 248 0.004133
32 0.343157 195 0.003250
33 0.353268 162 0.002700
34 0.363379 133 0.002217
35 0.373490 142 0.002367
36 0.383601 184 0.003067
37 0.393712 226 0.003767
38 0.403823 205 0.003417
39 0.413934 290 0.004833
40 0.424045 347 0.005783
41 0.434156 451 0.007517
42 0.444267 592 0.009867
43 0.454378 797 0.013283
44 0.464489 1046 0.017433
45 0.474600 1602 0.026700
46 0.484711 3000 0.050000
47 0.494822 8143 0.135717
48 0.504933 11691 0.194850
49 0.515044 4082 0.068033
50 0.525155 1850 0.030833
51 0.535266 1212 0.020200
52 0.545377 943 0.015717
53 0.555488 873 0.014550
54 0.565599 922 0.015367
55 0.575710 1199 0.019983
56 0.585821 2014 0.033567
57 0.595932 2912 0.048533
58 0.606043 1651 0.027517
59 0.616154 1183 0.019717
60 0.626265 905 0.015083
61 0.636376 622 0.010367
62 0.646487 464 0.007733
63 0.656598 447 0.007450
64 0.666709 313 0.005217
65 0.676820 333 0.005550
66 0.686931 249 0.004150
67 0.697042 261 0.004350
68 0.707153 233 0.003883
69 0.717264 177 0.002950
70 0.727375 167 0.002783
71 0.737486 195 0.003250
72 0.747597 204 0.003400
73 0.757708 214 0.003567
74 0.767819 247 0.004117
75 0.777929 211 0.003517
76 0.788041 213 0.003550
77 0.798151 228 0.003800
78 0.808262 182 0.003033
79 0.818373 200 0.003333
80 0.828484 276 0.004600
81 0.838595 222 0.003700
82 0.848706 290 0.004833
83 0.858817 316 0.005267
84 0.868928 375 0.006250
85 0.879039 477 0.007950
86 0.889150 455 0.007583
87 0.899261 294 0.004900
88 0.909372 278 0.004633
89 0.919483 352 0.005867
90 0.929594 296 0.004933
91 0.939705 244 0.004067
92 0.949816 200 0.003333
93 0.959927 70 0.001167
94 0.970038 66 0.001100
95 0.980149 34 0.000567
96 0.990260 15 0.000250
97 1.000371 6 0.000100
98 1.010482 4 0.000067
99 1.020593 1 0.000017
