0 0.012610 3 0.000150
1 0.022374 10 0.000500
2 0.032138 3 0.000150
3 0.041902 7 0.000350
4 0.051666 17 0.000850
5 0.061429 6 0.000300
6 0.071193 9 0.000450
7 0.080957 10 0.000500
8 0.090721 11 0.000550
9 0.100484 16 0.000800
10 0.110248 8 0.000400
11 0.120012 9 0.000450
12 0.129776 19 0.000950
13 0.139539 13 0.000650
14 0.149303 8 0.000400
15 0.159067 15 0.000750
16 0.168831 19 0.000950
17 0.178594 15 0.000750
18 0.188358 22 0.001100
19 0.198122 27 0.001350
20 0.207886 41 0.002050
21 0.217650 29 0.001450
22 0.227413 30 0.001500
23 0.237177 18 0.000900
24 0.246941 35 0.001750
25 0.256705 42 0.002100
26 0.266468 49 0.002450
27 0.276232 71 0.003550
28 0.285996 60 0.003000
29 0.295760 68 0.003400
30 0.305523 49 0.002450
31 0.315287 61 0.003050
32 0.325051 106 0.005300
33 0.334815 95 0.004750
34 0.344579 81 0.004050
35 0.354342 98 0.004900
36 0.364106 144 0.007200
37 0.373870 142 0.007100
38 0.383634 164 0.008200
39 0.393397 184 0.009200
40 0.403161 216 0.010800
41 0.412925 239 0.011950
42 0.422689 277 0.013850
43 0.432452 357 0.017850
44 0.442216 446 0.022300
45 0.451980 548 0.027400
46 0.461744 779 0.038950
47 0.471507 1051 0.052550
48 0.481271 1755 0.087750
49 0.491035 3027 0.151350
50 0.500799 2671 0.133550
51 0.510563 1535 0.076750
52 0.520326 934 0.046700
53 0.530090 712 0.035600
54 0.539854 477 0.023850
55 0.549618 350 0.017500
56 0.559381 395 0.019750
57 0.569145 346 0.017300
58 0.578909 259 0.012950
59 0.588673 152 0.007600
60 0.598436 168 0.008400
61 0.608200 147 0.007350
62 0.617964 147 0.007350
63 0.627728 128 0.006400
64 0.637492 101 0.005050
65 0.647255 119 0.005950
66 0.657019 81 0.004050
67 0.666783 84 0.004200
68 0.676547 73 0.003650
69 0.686310 63 0.003150
70 0.696074 46 0.002300
71 0.705838 43 0.002150
72 0.715602 32 0.001600
73 0.725365 29 0.001450
74 0.735129 30 0.001500
75 0.744893 32 0.001600
76 0.754657 26 0.001300
77 0.764421 19 0.000950
78 0.774184 27 0.001350
79 0.783948 31 0.001550
80 0.793712 22 0.001100
81 0.803476 19 0.000950
82 0.813239 14 0.000700
83 0.823003 17 0.000850
84 0.832767 12 0.000600
85 0.842531 24 0.001200
86 0.852294 14 0.000700
87 0.862058 6 0.000300
88 0.871822 8 0.000400
89 0.881586 9 0.000450
90 0.891349 9 0.000450
91 0.901113 13 0.000650
92 0.910877 19 0.000950
93 0.920641 9 0.000450
94 0.930405 15 0.000750
95 0.940168 6 0.000300
96 0.949932 7 0.000350
97 0.959696 3 0.000150
98 0.969460 7 0.000350
99 0.979223 1 0.000050
