0 0.017918 10 0.000500
1 0.027838 5 0.000250
2 0.037758 9 0.000450
3 0.047678 3 0.000150
4 0.057598 5 0.000250
5 0.067518 2 0.000100
6 0.077438 6 0.000300
7 0.087358 6 0.000300
8 0.097278 5 0.000250
9 0.107198 0 0.000000
10 0.117118 2 0.000100
11 0.127038 2 0.000100
12 0.136958 3 0.000150
13 0.146878 2 0.000100
14 0.156798 2 0.000100
15 0.166718 2 0.000100
16 0.176638 1 0.000050
17 0.186558 3 0.000150
18 0.196478 5 0.000250
19 0.206398 3 0.000150
20 0.216318 7 0.000350
21 0.226239 2 0.000100
22 0.236159 4 0.000200
23 0.246079 12 0.000600
24 0.255999 16 0.000800
25 0.265919 21 0.001050
26 0.275839 45 0.002250
27 0.285759 40 0.002000
28 0.295679 32 0.001600
29 0.305599 92 0.004600
30 0.315519 92 0.004600
31 0.325439 152 0.007600
32 0.335359 132 0.006600
33 0.345279 97 0.004850
34 0.355199 12 0.000600
35 0.365119 17 0.000850
36 0.375039 14 0.000700
37 0.384959 23 0.001150
38 0.394879 18 0.000900
39 0.404799 20 0.001000
40 0.414719 33 0.001650
41 0.424639 28 0.001400
42 0.434559 33 0.001650
43 0.444479 49 0.002450
44 0.454399 40 0.002000
45 0.464319 67 0.003350
46 0.474239 53 0.002650
47 0.484159 97 0.004850
48 0.494079 136 0.006800
49 0.503999 98 0.004900
50 0.513919 161 0.008050
51 0.523839 179 0.008950
52 0.533759 228 0.011400
53 0.543679 304 0.015200
54 0.553599 432 0.021600
55 0.563519 555 0.027750
56 0.573439 1176 0.058800
57 0.583359 2188 0.109400
58 0.593279 2322 0.116100
59 0.603199 1209 0.060450
60 0.613119 955 0.047750
61 0.623039 661 0.033050
62 0.632959 447 0.022350
63 0.642879 318 0.015900
64 0.652799 297 0.014850
65 0.662719 232 0.011600
66 0.672639 213 0.010650
67 0.682559 214 0.010700
68 0.692479 181 0.009050
69 0.702399 176 0.008800
70 0.712319 138 0.006900
71 0.722239 157 0.007850
72 0.732159 169 0.008450
73 0.742079 152 0.007600
74 0.751999 190 0.009500
75 0.761919 213 0.010650
76 0.771840 193 0.009650
77 0.781760 181 0.009050
78 0.791680 197 0.009850
79 0.801600 139 0.006950
80 0.811520 193 0.009650
81 0.821440 261 0.013050
82 0.831360 218 0.010900
83 0.841280 245 0.012250
84 0.851200 273 0.013650
85 0.861120 457 0.022850
86 0.871040 420 0.021000
87 0.880960 447 0.022350
88 0.890880 256 0.012800
89 0.900800 291 0.014550
90 0.910720 288 0.014400
91 0.920640 322 0.016100
92 0.930560 238 0.011900
93 0.940480 172 0.008600
94 0.950400 67 0.003350
95 0.960320 40 0.002000
96 0.970240 50 0.002500
97 0.980160 19 0.000950
98 0.990080 7 0.000350
99 1.000000 1 0.000050
