0 0.423580 9 0.000450
1 0.425506 2 0.000100
2 0.427431 3 0.000150
3 0.429357 4 0.000200
4 0.431282 11 0.000550
5 0.433208 13 0.000650
6 0.435133 8 0.000400
7 0.437059 4 0.000200
8 0.438984 13 0.000650
9 0.440910 11 0.000550
10 0.442835 19 0.000950
11 0.444761 16 0.000800
12 0.446686 20 0.001000
13 0.448612 26 0.001300
14 0.450537 24 0.001200
15 0.452463 23 0.001150
16 0.454388 36 0.001800
17 0.456314 32 0.001600
18 0.458239 48 0.002400
19 0.460165 41 0.002050
20 0.462090 42 0.002100
21 0.464016 35 0.001750
22 0.465941 52 0.002600
23 0.467867 50 0.002500
24 0.469792 40 0.002000
25 0.471718 37 0.001850
26 0.473643 84 0.004200
27 0.475569 77 0.003850
28 0.477494 81 0.004050
29 0.479420 115 0.005750
30 0.481345 98 0.004900
31 0.483271 102 0.005100
32 0.485196 118 0.005900
33 0.487122 158 0.007900
34 0.489047 230 0.011500
35 0.490973 322 0.016100
36 0.492898 419 0.020950
37 0.494824 456 0.022800
38 0.496749 703 0.035150
39 0.498675 797 0.039850
40 0.500600 940 0.047000
41 0.502526 1544 0.077200
42 0.504451 2015 0.100750
43 0.506377 2349 0.117450
44 0.508302 1920 0.096000
45 0.510228 1323 0.066150
46 0.512153 1138 0.056900
47 0.514079 912 0.045600
48 0.516004 593 0.029650
49 0.517930 468 0.023400
50 0.519855 413 0.020650
51 0.521781 343 0.017150
52 0.523706 258 0.012900
53 0.525632 194 0.009700
54 0.527557 164 0.008200
55 0.529483 122 0.006100
56 0.531408 99 0.004950
57 0.533334 79 0.003950
58 0.535259 67 0.003350
59 0.537185 52 0.002600
60 0.539110 46 0.002300
61 0.541036 43 0.002150
62 0.542961 49 0.002450
63 0.544887 47 0.002350
64 0.546812 51 0.002550
65 0.548738 42 0.002100
66 0.550663 30 0.001500
67 0.552589 29 0.001450
68 0.554514 35 0.001750
69 0.556440 23 0.001150
70 0.558365 18 0.000900
71 0.560291 21 0.001050
72 0.562216 28 0.001400
73 0.564142 12 0.000600
74 0.566067 11 0.000550
75 0.567993 10 0.000500
76 0.569918 15 0.000750
77 0.571844 18 0.000900
78 0.573769 9 0.000450
79 0.575695 6 0.000300
80 0.577620 13 0.000650
81 0.579545 13 0.000650
82 0.581471 11 0.000550
83 0.583396 6 0.000300
84 0.585322 11 0.000550
85 0.587247 11 0.000550
86 0.589173 2 0.000100
87 0.591098 1 0.000050
88 0.593024 3 0.000150
89 0.594949 2 0.000100
90 0.596875 2 0.000100
91 0.598800 0 0.000000
92 0.600726 3 0.000150
93 0.602651 2 0.000100
94 0.604577 1 0.000050
95 0.606502 2 0.000100
96 0.608428 0 0.000000
97 0.610353 1 0.000050
98 0.612279 0 0.000000
99 0.614204 1 0.000050
