0 0.019606 1 0.000050
1 0.029274 5 0.000250
2 0.038942 12 0.000600
3 0.048610 8 0.000400
4 0.058278 11 0.000550
5 0.067946 10 0.000500
6 0.077614 8 0.000400
7 0.087282 13 0.000650
8 0.096950 10 0.000500
9 0.106618 14 0.000700
10 0.116286 15 0.000750
11 0.125954 13 0.000650
12 0.135622 9 0.000450
13 0.145290 17 0.000850
14 0.154958 13 0.000650
15 0.164626 14 0.000700
16 0.174294 13 0.000650
17 0.183962 21 0.001050
18 0.193630 19 0.000950
19 0.203298 22 0.001100
20 0.212966 38 0.001900
21 0.222634 28 0.001400
22 0.232302 32 0.001600
23 0.241970 22 0.001100
24 0.251638 24 0.001200
25 0.261306 45 0.002250
26 0.270974 66 0.003300
27 0.280642 60 0.003000
28 0.290310 56 0.002800
29 0.299978 68 0.003400
30 0.309646 52 0.002600
31 0.319314 73 0.003650
32 0.328982 89 0.004450
33 0.338650 102 0.005100
34 0.348318 90 0.004500
35 0.357986 106 0.005300
36 0.367654 112 0.005600
37 0.377322 135 0.006750
38 0.386990 174 0.008700
39 0.396658 191 0.009550
40 0.406326 212 0.010600
41 0.415994 240 0.012000
42 0.425662 273 0.013650
43 0.435330 361 0.018050
44 0.444998 414 0.020700
45 0.454666 530 0.026500
46 0.464334 708 0.035400
47 0.474002 968 0.048400
48 0.483670 1423 0.071150
49 0.493338 2786 0.139300
50 0.503006 3017 0.150850
51 0.512674 1673 0.083650
52 0.522342 1016 0.050800
53 0.532010 743 0.037150
54 0.541678 540 0.027000
55 0.551346 378 0.018900
56 0.561014 393 0.019650
57 0.570682 353 0.017650
58 0.580350 276 0.013800
59 0.590018 186 0.009300
60 0.599686 172 0.008600
61 0.609354 136 0.006800
62 0.619022 125 0.006250
63 0.628690 139 0.006950
64 0.638358 119 0.005950
65 0.648026 103 0.005150
66 0.657694 106 0.005300
67 0.667362 69 0.003450
68 0.677030 97 0.004850
69 0.686698 52 0.002600
70 0.696366 55 0.002750
71 0.706034 51 0.002550
72 0.715702 34 0.001700
73 0.725370 27 0.001350
74 0.735038 22 0.001100
75 0.744706 29 0.001450
76 0.754374 37 0.001850
77 0.764042 19 0.000950
78 0.773710 29 0.001450
79 0.783378 20 0.001000
80 0.793046 27 0.001350
81 0.802714 23 0.001150
82 0.812382 19 0.000950
83 0.822050 16 0.000800
84 0.831718 18 0.000900
85 0.841386 11 0.000550
86 0.851054 20 0.001000
87 0.860722 9 0.000450
88 0.870390 9 0.000450
89 0.880058 6 0.000300
90 0.889726 11 0.000550
91 0.899394 12 0.000600
92 0.909062 14 0.000700
93 0.918730 18 0.000900
94 0.928398 11 0.000550
95 0.938066 13 0.000650
96 0.947734 7 0.000350
97 0.957402 6 0.000300
98 0.967070 7 0.000350
99 0.976737 1 0.000050
