0 0.042744 20 0.001000
1 0.052622 4 0.000200
2 0.062499 2 0.000100
3 0.072376 7 0.000350
4 0.082253 12 0.000600
5 0.092131 3 0.000150
6 0.102008 2 0.000100
7 0.111885 3 0.000150
8 0.121762 1 0.000050
9 0.131640 2 0.000100
10 0.141517 3 0.000150
11 0.151394 1 0.000050
12 0.161271 1 0.000050
13 0.171149 3 0.000150
14 0.181026 1 0.000050
15 0.190903 1 0.000050
16 0.200780 6 0.000300
17 0.210658 3 0.000150
18 0.220535 1 0.000050
19 0.230412 8 0.000400
20 0.240289 6 0.000300
21 0.250167 4 0.000200
22 0.260044 30 0.001500
23 0.269921 19 0.000950
24 0.279799 31 0.001550
25 0.289676 50 0.002500
26 0.299553 33 0.001650
27 0.309430 73 0.003650
28 0.319308 138 0.006900
29 0.329185 151 0.007550
30 0.339062 105 0.005250
31 0.348939 86 0.004300
32 0.358817 21 0.001050
33 0.368694 14 0.000700
34 0.378571 17 0.000850
35 0.388448 15 0.000750
36 0.398326 21 0.001050
37 0.408203 16 0.000800
38 0.418080 29 0.001450
39 0.427957 31 0.001550
40 0.437835 38 0.001900
41 0.447712 37 0.001850
42 0.457589 43 0.002150
43 0.467466 58 0.002900
44 0.477344 66 0.003300
45 0.487221 74 0.003700
46 0.497098 140 0.007000
47 0.506975 98 0.004900
48 0.516853 119 0.005950
49 0.526730 180 0.009000
50 0.536607 231 0.011550
51 0.546485 264 0.013200
52 0.556362 372 0.018600
53 0.566239 463 0.023150
54 0.576116 778 0.038900
55 0.585994 1733 0.086650
56 0.595871 2683 0.134150
57 0.605748 1485 0.074250
58 0.615625 1052 0.052600
59 0.625503 782 0.039100
60 0.635380 492 0.024600
61 0.645257 384 0.019200
62 0.655134 301 0.015050
63 0.665012 253 0.012650
64 0.674889 223 0.011150
65 0.684766 200 0.010000
66 0.694643 211 0.010550
67 0.704521 172 0.008600
68 0.714398 155 0.007750
69 0.724275 142 0.007100
70 0.734152 151 0.007550
71 0.744030 177 0.008850
72 0.753907 172 0.008600
73 0.763784 175 0.008750
74 0.773661 218 0.010900
75 0.783539 195 0.009750
76 0.793416 175 0.008750
77 0.803293 170 0.008500
78 0.813171 169 0.008450
79 0.823048 222 0.011100
80 0.832925 232 0.011600
81 0.842802 205 0.010250
82 0.852680 286 0.014300
83 0.862557 314 0.015700
84 0.872434 395 0.019750
85 0.882311 502 0.025100
86 0.892189 352 0.017600
87 0.902066 257 0.012850
88 0.911943 270 0.013500
89 0.921820 341 0.017050
90 0.931698 253 0.012650
91 0.941575 244 0.012200
92 0.951452 158 0.007900
93 0.961329 53 0.002650
94 0.971207 56 0.002800
95 0.981084 32 0.001600
96 0.990961 14 0.000700
97 1.000838 4 0.000200
98 1.010716 4 0.000200
99 1.020593 1 0.000050
