0 0.116091 2 0.000100
1 0.124153 1 0.000050
2 0.132214 1 0.000050
3 0.140275 0 0.000000
4 0.148337 0 0.000000
5 0.156398 0 0.000000
6 0.164460 0 0.000000
7 0.172521 0 0.000000
8 0.180582 0 0.000000
9 0.188644 0 0.000000
10 0.196705 2 0.000100
11 0.204766 3 0.000150
12 0.212828 4 0.000200
13 0.220889 10 0.000500
14 0.228951 3 0.000150
15 0.237012 1 0.000050
16 0.245073 0 0.000000
17 0.253135 0 0.000000
18 0.261196 0 0.000000
19 0.269258 1 0.000050
20 0.277319 0 0.000000
21 0.285380 2 0.000100
22 0.293442 10 0.000500
23 0.301503 25 0.001250
24 0.309565 32 0.001600
25 0.317626 47 0.002350
26 0.325687 76 0.003800
27 0.333749 55 0.002750
28 0.341810 49 0.002450
29 0.349871 69 0.003450
30 0.357933 144 0.007200
31 0.365994 175 0.008750
32 0.374056 255 0.012750
33 0.382117 158 0.007900
34 0.390178 192 0.009600
35 0.398240 158 0.007900
36 0.406301 255 0.012750
37 0.414363 350 0.017500
38 0.422424 707 0.035350
39 0.430485 712 0.035600
40 0.438547 315 0.015750
41 0.446608 331 0.016550
42 0.454670 477 0.023850
43 0.462731 607 0.030350
44 0.470792 815 0.040750
45 0.478854 534 0.026700
46 0.486915 574 0.028700
47 0.494976 4166 0.208300
48 0.503038 1200 0.060000
49 0.511099 712 0.035600
50 0.519161 706 0.035300
51 0.527222 1030 0.051500
52 0.535283 499 0.024950
53 0.543345 454 0.022700
54 0.551406 425 0.021250
55 0.559468 441 0.022050
56 0.567529 673 0.033650
57 0.575590 334 0.016700
58 0.583652 321 0.016050
59 0.591713 214 0.010700
60 0.599775 201 0.010050
61 0.607836 198 0.009900
62 0.615897 162 0.008100
63 0.623959 415 0.020750
64 0.632020 135 0.006750
65 0.640082 90 0.004500
66 0.648143 62 0.003100
67 0.656204 102 0.005100
68 0.664266 60 0.003000
69 0.672327 114 0.005700
70 0.680388 41 0.002050
71 0.688450 28 0.001400
72 0.696511 18 0.000900
73 0.704573 19 0.000950
74 0.712634 6 0.000300
75 0.720695 0 0.000000
76 0.728757 0 0.000000
77 0.736818 2 0.000100
78 0.744879 0 0.000000
79 0.752941 1 0.000050
80 0.761002 1 0.000050
81 0.769064 2 0.000100
82 0.777125 1 0.000050
83 0.785186 1 0.000050
84 0.793248 2 0.000100
85 0.801309 3 0.000150
86 0.809371 4 0.000200
87 0.817432 0 0.000000
88 0.825493 0 0.000000
89 0.833555 0 0.000000
90 0.841616 0 0.000000
91 0.849678 0 0.000000
92 0.857739 1 0.000050
93 0.865800 1 0.000050
94 0.873862 0 0.000000
95 0.881923 0 0.000000
96 0.889984 1 0.000050
97 0.898046 1 0.000050
98 0.906107 0 0.000000
99 0.914169 1 0.000050
