0 0.012610 8 0.000133
1 0.022584 17 0.000283
2 0.032558 11 0.000183
3 0.042531 16 0.000267
4 0.052505 18 0.000300
5 0.062479 11 0.000183
6 0.072452 10 0.000167
7 0.082426 18 0.000300
8 0.092399 16 0.000267
9 0.102373 21 0.000350
10 0.112347 10 0.000167
11 0.122320 16 0.000267
12 0.132294 21 0.000350
13 0.142268 12 0.000200
14 0.152241 19 0.000317
15 0.162215 13 0.000217
16 0.172189 16 0.000267
17 0.182162 21 0.000350
18 0.192136 29 0.000483
19 0.202109 47 0.000783
20 0.212083 49 0.000817
21 0.222057 43 0.000717
22 0.232030 28 0.000467
23 0.242004 33 0.000550
24 0.251978 57 0.000950
25 0.261951 66 0.001100
26 0.271925 102 0.001700
27 0.281898 111 0.001850
28 0.291872 105 0.001750
29 0.301846 135 0.002250
30 0.311819 235 0.003917
31 0.321793 273 0.004550
32 0.331767 354 0.005900
33 0.341740 239 0.003983
34 0.351714 267 0.004450
35 0.361688 331 0.005517
36 0.371661 447 0.007450
37 0.381635 422 0.007033
38 0.391608 396 0.006600
39 0.401582 503 0.008383
40 0.411556 682 0.011367
41 0.421529 1192 0.019867
42 0.431503 1066 0.017767
43 0.441477 915 0.015250
44 0.451450 1111 0.018517
45 0.461424 1592 0.026533
46 0.471398 2036 0.033933
47 0.481371 2612 0.043533
48 0.491345 4209 0.070150
49 0.501318 7439 0.123983
50 0.511292 2533 0.042217
51 0.521266 2133 0.035550
52 0.531239 1801 0.030017
53 0.541213 1264 0.021067
54 0.551187 1352 0.022533
55 0.561160 1464 0.024400
56 0.571134 2006 0.033433
57 0.581107 2467 0.041117
58 0.591081 3025 0.050417
59 0.601055 1782 0.029700
60 0.611028 1323 0.022050
61 0.621002 1385 0.023083
62 0.630976 796 0.013267
63 0.640949 523 0.008717
64 0.650923 530 0.008833
65 0.660897 400 0.006667
66 0.670870 440 0.007333
67 0.680844 316 0.005267
68 0.690817 279 0.004650
69 0.700791 260 0.004333
70 0.710765 180 0.003000
71 0.720738 185 0.003083
72 0.730712 194 0.003233
73 0.740686 188 0.003133
74 0.750659 221 0.003683
75 0.760633 235 0.003917
76 0.770606 219 0.003650
77 0.780580 224 0.003733
78 0.790554 225 0.003750
79 0.800527 164 0.002733
80 0.810501 217 0.003617
81 0.820475 261 0.004350
82 0.830448 244 0.004067
83 0.840422 255 0.004250
84 0.850396 296 0.004933
85 0.860369 471 0.007850
86 0.870343 425 0.007083
87 0.880316 451 0.007517
88 0.890290 281 0.004683
89 0.900264 289 0.004817
90 0.910237 310 0.005167
91 0.920211 345 0.005750
92 0.930185 257 0.004283
93 0.940158 180 0.003000
94 0.950132 76 0.001267
95 0.960105 43 0.000717
96 0.970079 58 0.000967
97 0.980053 19 0.000317
98 0.990026 7 0.000117
99 1.000000 1 0.000017
