0.000000 0 0 0.002182 0.000000 0.164674 0.002193 0.000000 0.231435
0.200000 0 1 0.001980 0.000000 0.159470 0.001977 0.000000 0.223887
0.400000 0 2 0.001989 0.000000 0.155168 0.002004 0.000000 0.248368
0.600000 0 3 0.001947 0.000000 0.153351 0.001963 0.000000 0.230203
0.800000 0 4 0.001965 0.000000 0.161695 0.001977 0.000000 0.254272
1.000000 1 0 0.001888 0.000000 0.160113 0.001927 0.000000 0.242834
1.200000 1 1 0.001885 0.000000 0.158657 0.001872 0.000000 0.151062
1.400000 1 2 0.001896 0.000000 0.159095 0.001902 0.000000 0.231210
1.600000 1 3 0.001913 0.000000 0.172107 0.001919 0.000000 0.184807
1.800000 1 4 0.001808 0.000000 0.160518 0.001812 0.000000 0.194810
2.000000 2 0 0.001888 0.000000 0.164772 0.001872 0.000000 0.214366
2.200000 2 1 0.001947 0.000000 0.165796 0.001905 0.000000 0.203201
2.400000 2 2 0.001759 0.000000 0.160874 0.001726 0.000000 0.162377
2.600000 2 3 0.001838 0.000000 0.157789 0.001829 0.000000 0.253803
2.800000 2 4 0.001896 0.000000 0.162387 0.001906 0.000000 0.166588
3.000000 3 0 0.001883 0.000000 0.151155 0.001884 0.000000 0.194863
3.200000 3 1 0.001943 0.000000 0.166902 0.001973 0.000000 0.233173
3.400000 3 2 0.001887 0.000000 0.153398 0.001879 0.000000 0.232780
3.600000 3 3 0.001822 0.000000 0.163837 0.001801 0.000000 0.165004
3.800000 3 4 0.002022 0.000000 0.158862 0.001991 0.000000 0.168054
4.000000 4 0 0.001753 0.000000 0.169485 0.001748 0.000000 0.220308
4.200000 4 1 0.001727 0.000000 0.179303 0.001768 0.000000 0.240657
4.400000 4 2 0.001784 0.000000 0.155260 0.001771 0.000000 0.246929
4.600000 4 3 0.001817 0.000000 0.154811 0.001791 0.000000 0.211489
4.800000 4 4 0.001848 0.000000 0.175533 0.001818 0.000000 0.173490
5.000000 5 0 0.001746 0.000000 0.173797 0.001762 0.000000 0.201634
5.200000 5 1 0.001784 0.000000 0.162271 0.001782 0.000000 0.246687
5.400000 5 2 0.001934 0.000000 0.162847 0.001915 0.000000 0.257614
5.600000 5 3 0.001820 0.000000 0.178394 0.001827 0.000000 0.194089
5.800000 5 4 0.001761 0.000000 0.162134 0.001750 0.000000 0.159611
6.000000 6 0 0.001826 0.000000 0.159869 0.001838 0.000000 0.148938
6.200000 6 1 0.001688 0.000000 0.169677 0.001704 0.000000 0.169106
6.400000 6 2 0.001793 0.000000 0.161095 0.001756 0.000000 0.195669
6.600000 6 3 0.001818 0.000000 0.166665 0.001842 0.000000 0.236655
6.800000 6 4 0.001826 0.000000 0.175293 0.001835 0.000000 0.172032
7.000000 7 0 0.001826 0.000000 0.170259 0.001866 0.000000 0.221237
7.200000 7 1 0.001777 0.000000 0.163664 0.001765 0.000000 0.177085
7.400000 7 2 0.001725 0.000000 0.153535 0.001740 0.000000 0.249290
7.600000 7 3 0.001765 0.000000 0.166572 0.001723 0.000000 0.187531
7.800000 7 4 0.001818 0.000000 0.158696 0.001800 0.000000 0.161029
8.000000 8 0 0.001707 0.000000 0.176016 0.001711 0.000000 0.187151
8.200000 8 1 0.001768 0.000000 0.164601 0.001746 0.000000 0.236660
8.400000 8 2 0.001789 0.000000 0.160278 0.001792 0.000000 0.242214
8.600000 8 3 0.001703 0.000000 0.163352 0.001731 0.000000 0.152604
8.800000 8 4 0.001786 0.000000 0.165512 0.001780 0.000000 0.232231
9.000000 9 0 0.001750 0.000000 0.157715 0.001763 0.000000 0.188729
9.200000 9 1 0.001813 0.000000 0.153256 0.001795 0.000000 0.193692
9.400000 9 2 0.001753 0.000000 0.158911 0.001776 0.000000 0.211271
9.600000 9 3 0.001804 0.000000 0.165678 0.001824 0.000000 0.207566
9.800000 9 4 0.001761 0.000000 0.163284 0.001721 0.000000 0.222797
