initializing
training size    : 359556
testing size     : 20000
epoch count      : 10
sub epoch size   : 5

epoch_learning_rate_decay   : 8
learning_rate_decay         : 0.250000

training



epoch [0 0] from [10 5]
training time per iterations 4.064204[ms]
testing on 20000 items
testing done
average error 0.002211
min error     0.000000
max error     0.250342
saving best net
best net saved to networks/disc40x20x3_no_gaussian/net_5/trained/, with error 0.002211



epoch [0 1] from [10 5]
training time per iterations 4.057696[ms]
testing on 20000 items
testing done
average error 0.001889
min error     0.000000
max error     0.267382
saving best net
best net saved to networks/disc40x20x3_no_gaussian/net_5/trained/, with error 0.001889



epoch [0 2] from [10 5]
training time per iterations 4.056834[ms]
testing on 20000 items
testing done
average error 0.002112
min error     0.000000
max error     0.274809



epoch [0 3] from [10 5]
training time per iterations 4.056014[ms]
testing on 20000 items
testing done
average error 0.001857
min error     0.000000
max error     0.249684
saving best net
best net saved to networks/disc40x20x3_no_gaussian/net_5/trained/, with error 0.001857



epoch [0 4] from [10 5]
training time per iterations 4.055471[ms]
testing on 20000 items
testing done
average error 0.001911
min error     0.000000
max error     0.236350



epoch [1 0] from [10 5]
training time per iterations 4.055583[ms]
testing on 20000 items
testing done
average error 0.001744
min error     0.000000
max error     0.255816
saving best net
best net saved to networks/disc40x20x3_no_gaussian/net_5/trained/, with error 0.001744



epoch [1 1] from [10 5]
training time per iterations 4.059059[ms]
testing on 20000 items
testing done
average error 0.001859
min error     0.000000
max error     0.250399



epoch [1 2] from [10 5]
training time per iterations 4.058892[ms]
testing on 20000 items
testing done
average error 0.001744
min error     0.000000
max error     0.240824
saving best net
best net saved to networks/disc40x20x3_no_gaussian/net_5/trained/, with error 0.001744



epoch [1 3] from [10 5]
training time per iterations 4.056055[ms]
testing on 20000 items
testing done
average error 0.001892
min error     0.000000
max error     0.257694



epoch [1 4] from [10 5]
training time per iterations 4.056931[ms]
testing on 20000 items
testing done
average error 0.001989
min error     0.000000
max error     0.251929



epoch [2 0] from [10 5]
training time per iterations 4.063412[ms]
testing on 20000 items
testing done
average error 0.001695
min error     0.000000
max error     0.244268
saving best net
best net saved to networks/disc40x20x3_no_gaussian/net_5/trained/, with error 0.001695



epoch [2 1] from [10 5]
training time per iterations 4.055277[ms]
testing on 20000 items
testing done
average error 0.001745
min error     0.000000
max error     0.278169



epoch [2 2] from [10 5]
training time per iterations 4.061423[ms]
testing on 20000 items
testing done
average error 0.001727
min error     0.000000
max error     0.215715



epoch [2 3] from [10 5]
training time per iterations 4.056639[ms]
testing on 20000 items
testing done
average error 0.001742
min error     0.000000
max error     0.229277



epoch [2 4] from [10 5]
training time per iterations 4.057460[ms]
testing on 20000 items
testing done
average error 0.001767
min error     0.000000
max error     0.239852



epoch [3 0] from [10 5]
training time per iterations 4.057516[ms]
testing on 20000 items
testing done
average error 0.001839
min error     0.000000
max error     0.256446



epoch [3 1] from [10 5]
training time per iterations 4.056959[ms]
testing on 20000 items
testing done
average error 0.001647
min error     0.000000
max error     0.239387
saving best net
best net saved to networks/disc40x20x3_no_gaussian/net_5/trained/, with error 0.001647



epoch [3 2] from [10 5]
training time per iterations 4.068182[ms]
testing on 20000 items
testing done
average error 0.001841
min error     0.000000
max error     0.254834



epoch [3 3] from [10 5]
training time per iterations 4.071630[ms]
testing on 20000 items
testing done
average error 0.001863
min error     0.000000
max error     0.239108



epoch [3 4] from [10 5]
training time per iterations 4.066151[ms]
testing on 20000 items
testing done
average error 0.001908
min error     0.000000
max error     0.222951



epoch [4 0] from [10 5]
training time per iterations 4.058127[ms]
testing on 20000 items
testing done
average error 0.001656
min error     0.000000
max error     0.225435



epoch [4 1] from [10 5]
training time per iterations 4.061145[ms]
testing on 20000 items
testing done
average error 0.001679
min error     0.000000
max error     0.250726



epoch [4 2] from [10 5]
training time per iterations 4.062105[ms]
testing on 20000 items
testing done
average error 0.001821
min error     0.000000
max error     0.239114



epoch [4 3] from [10 5]
training time per iterations 4.061062[ms]
testing on 20000 items
testing done
average error 0.001788
min error     0.000000
max error     0.225087



epoch [4 4] from [10 5]
training time per iterations 4.057627[ms]
testing on 20000 items
testing done
average error 0.001702
min error     0.000000
max error     0.227177



epoch [5 0] from [10 5]
training time per iterations 4.057015[ms]
testing on 20000 items
testing done
average error 0.001782
min error     0.000000
max error     0.239561



epoch [5 1] from [10 5]
training time per iterations 4.069447[ms]
testing on 20000 items
testing done
average error 0.001722
min error     0.000000
max error     0.222890



epoch [5 2] from [10 5]
training time per iterations 4.055513[ms]
testing on 20000 items
testing done
average error 0.001864
min error     0.000000
max error     0.240068



epoch [5 3] from [10 5]
training time per iterations 4.055861[ms]
testing on 20000 items
testing done
average error 0.001695
min error     0.000000
max error     0.230339



epoch [5 4] from [10 5]
training time per iterations 4.062091[ms]
testing on 20000 items
testing done
average error 0.001661
min error     0.000000
max error     0.248035



epoch [6 0] from [10 5]
training time per iterations 4.066777[ms]
testing on 20000 items
testing done
average error 0.001689
min error     0.000000
max error     0.214111



epoch [6 1] from [10 5]
training time per iterations 4.071227[ms]
testing on 20000 items
testing done
average error 0.001725
min error     0.000000
max error     0.226165



epoch [6 2] from [10 5]
training time per iterations 4.057655[ms]
testing on 20000 items
testing done
average error 0.001641
min error     0.000000
max error     0.215839
saving best net
best net saved to networks/disc40x20x3_no_gaussian/net_5/trained/, with error 0.001641



epoch [6 3] from [10 5]
training time per iterations 4.060561[ms]
testing on 20000 items
testing done
average error 0.001857
min error     0.000000
max error     0.232947



epoch [6 4] from [10 5]
training time per iterations 4.054053[ms]
testing on 20000 items
testing done
average error 0.001614
min error     0.000000
max error     0.229845
saving best net
best net saved to networks/disc40x20x3_no_gaussian/net_5/trained/, with error 0.001614



epoch [7 0] from [10 5]
training time per iterations 4.064246[ms]
testing on 20000 items
testing done
average error 0.001749
min error     0.000000
max error     0.222357



epoch [7 1] from [10 5]
training time per iterations 4.060742[ms]
testing on 20000 items
testing done
average error 0.001611
min error     0.000000
max error     0.216279
saving best net
best net saved to networks/disc40x20x3_no_gaussian/net_5/trained/, with error 0.001611



epoch [7 2] from [10 5]
training time per iterations 4.059713[ms]
testing on 20000 items
testing done
average error 0.001735
min error     0.000000
max error     0.227134



epoch [7 3] from [10 5]
training time per iterations 4.054748[ms]
testing on 20000 items
testing done
average error 0.001654
min error     0.000000
max error     0.227705



epoch [7 4] from [10 5]
training time per iterations 4.065776[ms]
testing on 20000 items
testing done
average error 0.001589
min error     0.000000
max error     0.228119
saving best net
best net saved to networks/disc40x20x3_no_gaussian/net_5/trained/, with error 0.001589
setting learning rate to 0.000050



epoch [8 0] from [10 5]
training time per iterations 4.058600[ms]
testing on 20000 items
testing done
average error 0.001625
min error     0.000000
max error     0.223003



epoch [8 1] from [10 5]
training time per iterations 4.062285[ms]
testing on 20000 items
testing done
average error 0.001667
min error     0.000000
max error     0.230283



epoch [8 2] from [10 5]
training time per iterations 4.066415[ms]
testing on 20000 items
testing done
average error 0.001628
min error     0.000000
max error     0.215944



epoch [8 3] from [10 5]
training time per iterations 4.058906[ms]
testing on 20000 items
testing done
average error 0.001652
min error     0.000000
max error     0.216888



epoch [8 4] from [10 5]
training time per iterations 4.068293[ms]
testing on 20000 items
testing done
average error 0.001637
min error     0.000000
max error     0.221553



epoch [9 0] from [10 5]
training time per iterations 4.058795[ms]
testing on 20000 items
testing done
average error 0.001640
min error     0.000000
max error     0.225311



epoch [9 1] from [10 5]
training time per iterations 4.049506[ms]
testing on 20000 items
testing done
average error 0.001657
min error     0.000000
max error     0.219240



epoch [9 2] from [10 5]
training time per iterations 4.058906[ms]
testing on 20000 items
testing done
average error 0.001665
min error     0.000000
max error     0.227516



epoch [9 3] from [10 5]
training time per iterations 4.056834[ms]
testing on 20000 items
testing done
average error 0.001689
min error     0.000000
max error     0.226871



epoch [9 4] from [10 5]
training time per iterations 4.058322[ms]
testing on 20000 items
testing done
average error 0.001604
min error     0.000000
max error     0.225633
training done
