0.000000 0 0 0.002211 0.000000 0.250342 0.002235 0.000000 0.248986
0.200000 0 1 0.001889 0.000000 0.267382 0.001866 0.000000 0.174578
0.400000 0 2 0.002112 0.000000 0.274809 0.002079 0.000000 0.165183
0.600000 0 3 0.001857 0.000000 0.249684 0.001874 0.000000 0.237153
0.800000 0 4 0.001911 0.000000 0.236350 0.001923 0.000000 0.159415
1.000000 1 0 0.001744 0.000000 0.255816 0.001723 0.000000 0.172837
1.200000 1 1 0.001859 0.000000 0.250399 0.001827 0.000000 0.250400
1.400000 1 2 0.001744 0.000000 0.240824 0.001701 0.000000 0.165004
1.600000 1 3 0.001892 0.000000 0.257694 0.001859 0.000000 0.157548
1.800000 1 4 0.001989 0.000000 0.251929 0.001933 0.000000 0.183398
2.000000 2 0 0.001695 0.000000 0.244268 0.001652 0.000000 0.241672
2.200000 2 1 0.001745 0.000000 0.278169 0.001731 0.000000 0.212003
2.400000 2 2 0.001727 0.000000 0.215715 0.001708 0.000000 0.213112
2.600000 2 3 0.001742 0.000000 0.229277 0.001734 0.000000 0.250067
2.800000 2 4 0.001767 0.000000 0.239852 0.001743 0.000000 0.163961
3.000000 3 0 0.001839 0.000000 0.256446 0.001819 0.000000 0.231370
3.200000 3 1 0.001647 0.000000 0.239387 0.001659 0.000000 0.179046
3.400000 3 2 0.001841 0.000000 0.254834 0.001832 0.000000 0.189639
3.600000 3 3 0.001863 0.000000 0.239108 0.001835 0.000000 0.184139
3.800000 3 4 0.001908 0.000000 0.222951 0.001884 0.000000 0.172656
4.000000 4 0 0.001656 0.000000 0.225435 0.001635 0.000000 0.169050
4.200000 4 1 0.001679 0.000000 0.250726 0.001659 0.000000 0.151755
4.400000 4 2 0.001821 0.000000 0.239114 0.001806 0.000000 0.174360
4.600000 4 3 0.001788 0.000000 0.225087 0.001718 0.000000 0.153878
4.800000 4 4 0.001702 0.000000 0.227177 0.001722 0.000000 0.185900
5.000000 5 0 0.001782 0.000000 0.239561 0.001772 0.000000 0.221907
5.200000 5 1 0.001722 0.000000 0.222890 0.001727 0.000000 0.219120
5.400000 5 2 0.001864 0.000000 0.240068 0.001850 0.000000 0.157137
5.600000 5 3 0.001695 0.000000 0.230339 0.001658 0.000000 0.224861
5.800000 5 4 0.001661 0.000000 0.248035 0.001665 0.000000 0.232224
6.000000 6 0 0.001689 0.000000 0.214111 0.001672 0.000000 0.237446
6.200000 6 1 0.001725 0.000000 0.226165 0.001701 0.000000 0.178203
6.400000 6 2 0.001641 0.000000 0.215839 0.001618 0.000000 0.251141
6.600000 6 3 0.001857 0.000000 0.232947 0.001807 0.000000 0.147874
6.800000 6 4 0.001614 0.000000 0.229845 0.001580 0.000000 0.226898
7.000000 7 0 0.001749 0.000000 0.222357 0.001714 0.000000 0.158347
7.200000 7 1 0.001611 0.000000 0.216279 0.001583 0.000000 0.216279
7.400000 7 2 0.001735 0.000000 0.227134 0.001704 0.000000 0.171691
7.600000 7 3 0.001654 0.000000 0.227705 0.001647 0.000000 0.167377
7.800000 7 4 0.001589 0.000000 0.228119 0.001551 0.000000 0.153393
8.000000 8 0 0.001625 0.000000 0.223003 0.001614 0.000000 0.250534
8.200000 8 1 0.001667 0.000000 0.230283 0.001649 0.000000 0.175574
8.400000 8 2 0.001628 0.000000 0.215944 0.001631 0.000000 0.166113
8.600000 8 3 0.001652 0.000000 0.216888 0.001661 0.000000 0.164042
8.800000 8 4 0.001637 0.000000 0.221553 0.001642 0.000000 0.241208
9.000000 9 0 0.001640 0.000000 0.225311 0.001599 0.000000 0.172736
9.200000 9 1 0.001657 0.000000 0.219240 0.001648 0.000000 0.216253
9.400000 9 2 0.001665 0.000000 0.227516 0.001673 0.000000 0.174768
9.600000 9 3 0.001689 0.000000 0.226871 0.001661 0.000000 0.209688
9.800000 9 4 0.001604 0.000000 0.225633 0.001545 0.000000 0.176946
