initializing
training size    : 359556
testing size     : 20000
epoch count      : 10
sub epoch size   : 5

epoch_learning_rate_decay   : 8
learning_rate_decay         : 0.250000

training



epoch [0 0] from [10 5]
training time per iterations 3.178109[ms]
testing on 20000 items
testing done
average error 0.002770
min error     0.000000
max error     0.257245
saving best net
best net saved to networks/disc8x8x3/net_6/trained/, with error 0.002770



epoch [0 1] from [10 5]
training time per iterations 3.181002[ms]
testing on 20000 items
testing done
average error 0.002313
min error     0.000000
max error     0.270880
saving best net
best net saved to networks/disc8x8x3/net_6/trained/, with error 0.002313



epoch [0 2] from [10 5]
training time per iterations 3.183087[ms]
testing on 20000 items
testing done
average error 0.002237
min error     0.000000
max error     0.266756
saving best net
best net saved to networks/disc8x8x3/net_6/trained/, with error 0.002237



epoch [0 3] from [10 5]
training time per iterations 3.177122[ms]
testing on 20000 items
testing done
average error 0.002061
min error     0.000000
max error     0.269167
saving best net
best net saved to networks/disc8x8x3/net_6/trained/, with error 0.002061



epoch [0 4] from [10 5]
training time per iterations 3.185298[ms]
testing on 20000 items
testing done
average error 0.001947
min error     0.000000
max error     0.271512
saving best net
best net saved to networks/disc8x8x3/net_6/trained/, with error 0.001947



epoch [1 0] from [10 5]
training time per iterations 3.180932[ms]
testing on 20000 items
testing done
average error 0.001953
min error     0.000000
max error     0.274344



epoch [1 1] from [10 5]
training time per iterations 3.182823[ms]
testing on 20000 items
testing done
average error 0.002000
min error     0.000000
max error     0.279360



epoch [1 2] from [10 5]
training time per iterations 3.183908[ms]
testing on 20000 items
testing done
average error 0.001938
min error     0.000000
max error     0.262006
saving best net
best net saved to networks/disc8x8x3/net_6/trained/, with error 0.001938



epoch [1 3] from [10 5]
training time per iterations 3.184422[ms]
testing on 20000 items
testing done
average error 0.001845
min error     0.000000
max error     0.250922
saving best net
best net saved to networks/disc8x8x3/net_6/trained/, with error 0.001845



epoch [1 4] from [10 5]
training time per iterations 3.174827[ms]
testing on 20000 items
testing done
average error 0.001855
min error     0.000000
max error     0.261855



epoch [2 0] from [10 5]
training time per iterations 3.168361[ms]
testing on 20000 items
testing done
average error 0.001927
min error     0.000000
max error     0.262863



epoch [2 1] from [10 5]
training time per iterations 3.172310[ms]
testing on 20000 items
testing done
average error 0.001834
min error     0.000000
max error     0.248484
saving best net
best net saved to networks/disc8x8x3/net_6/trained/, with error 0.001834



epoch [2 2] from [10 5]
training time per iterations 3.169390[ms]
testing on 20000 items
testing done
average error 0.001865
min error     0.000000
max error     0.262324



epoch [2 3] from [10 5]
training time per iterations 3.176107[ms]
testing on 20000 items
testing done
average error 0.001771
min error     0.000000
max error     0.237952
saving best net
best net saved to networks/disc8x8x3/net_6/trained/, with error 0.001771



epoch [2 4] from [10 5]
training time per iterations 3.185104[ms]
testing on 20000 items
testing done
average error 0.001746
min error     0.000000
max error     0.248953
saving best net
best net saved to networks/disc8x8x3/net_6/trained/, with error 0.001746



epoch [3 0] from [10 5]
training time per iterations 3.187190[ms]
testing on 20000 items
testing done
average error 0.001815
min error     0.000000
max error     0.254931



epoch [3 1] from [10 5]
training time per iterations 3.178804[ms]
testing on 20000 items
testing done
average error 0.001832
min error     0.000000
max error     0.246931



epoch [3 2] from [10 5]
training time per iterations 3.187078[ms]
testing on 20000 items
testing done
average error 0.001755
min error     0.000000
max error     0.233075



epoch [3 3] from [10 5]
training time per iterations 3.183671[ms]
testing on 20000 items
testing done
average error 0.001807
min error     0.000000
max error     0.245889



epoch [3 4] from [10 5]
training time per iterations 3.182072[ms]
testing on 20000 items
testing done
average error 0.001740
min error     0.000000
max error     0.244624
saving best net
best net saved to networks/disc8x8x3/net_6/trained/, with error 0.001740



epoch [4 0] from [10 5]
training time per iterations 3.185771[ms]
testing on 20000 items
testing done
average error 0.001696
min error     0.000000
max error     0.233370
saving best net
best net saved to networks/disc8x8x3/net_6/trained/, with error 0.001696



epoch [4 1] from [10 5]
training time per iterations 3.185952[ms]
testing on 20000 items
testing done
average error 0.001745
min error     0.000000
max error     0.222816



epoch [4 2] from [10 5]
training time per iterations 3.175397[ms]
testing on 20000 items
testing done
average error 0.001787
min error     0.000000
max error     0.249939



epoch [4 3] from [10 5]
training time per iterations 3.172310[ms]
testing on 20000 items
testing done
average error 0.001855
min error     0.000000
max error     0.241309



epoch [4 4] from [10 5]
training time per iterations 3.181363[ms]
testing on 20000 items
testing done
average error 0.001702
min error     0.000000
max error     0.230409



epoch [5 0] from [10 5]
training time per iterations 3.177511[ms]
testing on 20000 items
testing done
average error 0.001803
min error     0.000000
max error     0.227093



epoch [5 1] from [10 5]
training time per iterations 3.188094[ms]
testing on 20000 items
testing done
average error 0.001744
min error     0.000000
max error     0.254346



epoch [5 2] from [10 5]
training time per iterations 3.184283[ms]
testing on 20000 items
testing done
average error 0.001690
min error     0.000000
max error     0.204371
saving best net
best net saved to networks/disc8x8x3/net_6/trained/, with error 0.001690



epoch [5 3] from [10 5]
training time per iterations 3.172936[ms]
testing on 20000 items
testing done
average error 0.001810
min error     0.000000
max error     0.243442



epoch [5 4] from [10 5]
training time per iterations 3.178012[ms]
testing on 20000 items
testing done
average error 0.001833
min error     0.000000
max error     0.236811



epoch [6 0] from [10 5]
training time per iterations 3.186230[ms]
testing on 20000 items
testing done
average error 0.001746
min error     0.000000
max error     0.219053



epoch [6 1] from [10 5]
training time per iterations 3.179486[ms]
testing on 20000 items
testing done
average error 0.001697
min error     0.000000
max error     0.201767



epoch [6 2] from [10 5]
training time per iterations 3.179667[ms]
testing on 20000 items
testing done
average error 0.001732
min error     0.000000
max error     0.229490



epoch [6 3] from [10 5]
training time per iterations 3.182253[ms]
testing on 20000 items
testing done
average error 0.001708
min error     0.000000
max error     0.229105



epoch [6 4] from [10 5]
training time per iterations 3.175870[ms]
testing on 20000 items
testing done
average error 0.001765
min error     0.000000
max error     0.239719



epoch [7 0] from [10 5]
training time per iterations 3.178512[ms]
testing on 20000 items
testing done
average error 0.001744
min error     0.000000
max error     0.227679



epoch [7 1] from [10 5]
training time per iterations 3.180292[ms]
testing on 20000 items
testing done
average error 0.001757
min error     0.000000
max error     0.232122



epoch [7 2] from [10 5]
training time per iterations 3.184256[ms]
testing on 20000 items
testing done
average error 0.001723
min error     0.000000
max error     0.224795



epoch [7 3] from [10 5]
training time per iterations 3.176621[ms]
testing on 20000 items
testing done
average error 0.001745
min error     0.000000
max error     0.252913



epoch [7 4] from [10 5]
training time per iterations 3.178276[ms]
testing on 20000 items
testing done
average error 0.001665
min error     0.000000
max error     0.245081
saving best net
best net saved to networks/disc8x8x3/net_6/trained/, with error 0.001665
setting learning rate to 0.000050



epoch [8 0] from [10 5]
training time per iterations 3.180626[ms]
testing on 20000 items
testing done
average error 0.001682
min error     0.000000
max error     0.225557



epoch [8 1] from [10 5]
training time per iterations 3.180946[ms]
testing on 20000 items
testing done
average error 0.001708
min error     0.000000
max error     0.228860



epoch [8 2] from [10 5]
training time per iterations 3.179194[ms]
testing on 20000 items
testing done
average error 0.001740
min error     0.000000
max error     0.233582



epoch [8 3] from [10 5]
training time per iterations 3.178262[ms]
testing on 20000 items
testing done
average error 0.001709
min error     0.000000
max error     0.246369



epoch [8 4] from [10 5]
training time per iterations 3.189303[ms]
testing on 20000 items
testing done
average error 0.001682
min error     0.000000
max error     0.246119



epoch [9 0] from [10 5]
training time per iterations 3.178151[ms]
testing on 20000 items
testing done
average error 0.001677
min error     0.000000
max error     0.237795



epoch [9 1] from [10 5]
training time per iterations 3.177191[ms]
testing on 20000 items
testing done
average error 0.001712
min error     0.000000
max error     0.224901



epoch [9 2] from [10 5]
training time per iterations 3.176440[ms]
testing on 20000 items
testing done
average error 0.001713
min error     0.000000
max error     0.221549



epoch [9 3] from [10 5]
training time per iterations 3.171476[ms]
testing on 20000 items
testing done
average error 0.001726
min error     0.000000
max error     0.237724



epoch [9 4] from [10 5]
training time per iterations 3.177761[ms]
testing on 20000 items
testing done
average error 0.001683
min error     0.000000
max error     0.230509
training done
