0.000000 0 0 0.002770 0.000000 0.257245 0.002696 0.000000 0.257245
0.200000 0 1 0.002313 0.000000 0.270880 0.002257 0.000000 0.154759
0.400000 0 2 0.002237 0.000000 0.266756 0.002208 0.000000 0.270867
0.600000 0 3 0.002061 0.000000 0.269167 0.002032 0.000000 0.162658
0.800000 0 4 0.001947 0.000000 0.271512 0.001893 0.000000 0.162155
1.000000 1 0 0.001953 0.000000 0.274344 0.001973 0.000000 0.269518
1.200000 1 1 0.002000 0.000000 0.279360 0.001983 0.000000 0.166547
1.400000 1 2 0.001938 0.000000 0.262006 0.001920 0.000000 0.257351
1.600000 1 3 0.001845 0.000000 0.250922 0.001838 0.000000 0.164361
1.800000 1 4 0.001855 0.000000 0.261855 0.001816 0.000000 0.162491
2.000000 2 0 0.001927 0.000000 0.262863 0.001907 0.000000 0.267993
2.200000 2 1 0.001834 0.000000 0.248484 0.001858 0.000000 0.253461
2.400000 2 2 0.001865 0.000000 0.262324 0.001856 0.000000 0.170422
2.600000 2 3 0.001771 0.000000 0.237952 0.001762 0.000000 0.155902
2.800000 2 4 0.001746 0.000000 0.248953 0.001735 0.000000 0.236549
3.000000 3 0 0.001815 0.000000 0.254931 0.001767 0.000000 0.175674
3.200000 3 1 0.001832 0.000000 0.246931 0.001866 0.000000 0.226277
3.400000 3 2 0.001755 0.000000 0.233075 0.001751 0.000000 0.213748
3.600000 3 3 0.001807 0.000000 0.245889 0.001810 0.000000 0.157484
3.800000 3 4 0.001740 0.000000 0.244624 0.001716 0.000000 0.173858
4.000000 4 0 0.001696 0.000000 0.233370 0.001699 0.000000 0.215894
4.200000 4 1 0.001745 0.000000 0.222816 0.001726 0.000000 0.213911
4.400000 4 2 0.001787 0.000000 0.249939 0.001765 0.000000 0.157009
4.600000 4 3 0.001855 0.000000 0.241309 0.001849 0.000000 0.244514
4.800000 4 4 0.001702 0.000000 0.230409 0.001696 0.000000 0.235592
5.000000 5 0 0.001803 0.000000 0.227093 0.001812 0.000000 0.223032
5.200000 5 1 0.001744 0.000000 0.254346 0.001697 0.000000 0.159684
5.400000 5 2 0.001690 0.000000 0.204371 0.001676 0.000000 0.180460
5.600000 5 3 0.001810 0.000000 0.243442 0.001763 0.000000 0.157071
5.800000 5 4 0.001833 0.000000 0.236811 0.001792 0.000000 0.241719
6.000000 6 0 0.001746 0.000000 0.219053 0.001726 0.000000 0.149799
6.200000 6 1 0.001697 0.000000 0.201767 0.001683 0.000000 0.206076
6.400000 6 2 0.001732 0.000000 0.229490 0.001727 0.000000 0.168111
6.600000 6 3 0.001708 0.000000 0.229105 0.001690 0.000000 0.238061
6.800000 6 4 0.001765 0.000000 0.239719 0.001742 0.000000 0.168456
7.000000 7 0 0.001744 0.000000 0.227679 0.001696 0.000000 0.163815
7.200000 7 1 0.001757 0.000000 0.232122 0.001746 0.000000 0.149137
7.400000 7 2 0.001723 0.000000 0.224795 0.001750 0.000000 0.165733
7.600000 7 3 0.001745 0.000000 0.252913 0.001729 0.000000 0.208556
7.800000 7 4 0.001665 0.000000 0.245081 0.001661 0.000000 0.194025
8.000000 8 0 0.001682 0.000000 0.225557 0.001682 0.000000 0.140608
8.200000 8 1 0.001708 0.000000 0.228860 0.001691 0.000000 0.208438
8.400000 8 2 0.001740 0.000000 0.233582 0.001752 0.000000 0.233092
8.600000 8 3 0.001709 0.000000 0.246369 0.001674 0.000000 0.169533
8.800000 8 4 0.001682 0.000000 0.246119 0.001679 0.000000 0.149827
9.000000 9 0 0.001677 0.000000 0.237795 0.001640 0.000000 0.164731
9.200000 9 1 0.001712 0.000000 0.224901 0.001692 0.000000 0.152868
9.400000 9 2 0.001713 0.000000 0.221549 0.001691 0.000000 0.168107
9.600000 9 3 0.001726 0.000000 0.237724 0.001727 0.000000 0.237378
9.800000 9 4 0.001683 0.000000 0.230509 0.001717 0.000000 0.235034
