initializing
training size    : 359556
testing size     : 20000
epoch count      : 10
sub epoch size   : 5

epoch_learning_rate_decay   : 8
learning_rate_decay         : 0.250000

training



epoch [0 0] from [10 5]
training time per iterations 3.106993[ms]
testing on 20000 items
testing done
average error 0.004858
min error     0.000000
max error     0.190601
saving best net
best net saved to networks/disc8x8x3_no_gaussian/net_6/trained/, with error 0.004858



epoch [0 1] from [10 5]
training time per iterations 3.103183[ms]
testing on 20000 items
testing done
average error 0.004015
min error     0.000000
max error     0.155202
saving best net
best net saved to networks/disc8x8x3_no_gaussian/net_6/trained/, with error 0.004015



epoch [0 2] from [10 5]
training time per iterations 3.094464[ms]
testing on 20000 items
testing done
average error 0.003668
min error     0.000000
max error     0.158896
saving best net
best net saved to networks/disc8x8x3_no_gaussian/net_6/trained/, with error 0.003668



epoch [0 3] from [10 5]
training time per iterations 3.103656[ms]
testing on 20000 items
testing done
average error 0.003477
min error     0.000000
max error     0.160317
saving best net
best net saved to networks/disc8x8x3_no_gaussian/net_6/trained/, with error 0.003477



epoch [0 4] from [10 5]
training time per iterations 3.093949[ms]
testing on 20000 items
testing done
average error 0.003282
min error     0.000000
max error     0.174956
saving best net
best net saved to networks/disc8x8x3_no_gaussian/net_6/trained/, with error 0.003282



epoch [1 0] from [10 5]
training time per iterations 3.094478[ms]
testing on 20000 items
testing done
average error 0.003214
min error     0.000000
max error     0.158636
saving best net
best net saved to networks/disc8x8x3_no_gaussian/net_6/trained/, with error 0.003214



epoch [1 1] from [10 5]
training time per iterations 3.104351[ms]
testing on 20000 items
testing done
average error 0.003112
min error     0.000000
max error     0.158337
saving best net
best net saved to networks/disc8x8x3_no_gaussian/net_6/trained/, with error 0.003112



epoch [1 2] from [10 5]
training time per iterations 3.094367[ms]
testing on 20000 items
testing done
average error 0.003123
min error     0.000000
max error     0.157828



epoch [1 3] from [10 5]
training time per iterations 3.107883[ms]
testing on 20000 items
testing done
average error 0.003088
min error     0.000000
max error     0.156521
saving best net
best net saved to networks/disc8x8x3_no_gaussian/net_6/trained/, with error 0.003088



epoch [1 4] from [10 5]
training time per iterations 3.094436[ms]
testing on 20000 items
testing done
average error 0.003127
min error     0.000000
max error     0.178479



epoch [2 0] from [10 5]
training time per iterations 3.090862[ms]
testing on 20000 items
testing done
average error 0.003100
min error     0.000000
max error     0.163765



epoch [2 1] from [10 5]
training time per iterations 3.096300[ms]
testing on 20000 items
testing done
average error 0.003082
min error     0.000000
max error     0.157771
saving best net
best net saved to networks/disc8x8x3_no_gaussian/net_6/trained/, with error 0.003082



epoch [2 2] from [10 5]
training time per iterations 3.092656[ms]
testing on 20000 items
testing done
average error 0.002924
min error     0.000000
max error     0.155495
saving best net
best net saved to networks/disc8x8x3_no_gaussian/net_6/trained/, with error 0.002924



epoch [2 3] from [10 5]
training time per iterations 3.093143[ms]
testing on 20000 items
testing done
average error 0.003023
min error     0.000000
max error     0.163111



epoch [2 4] from [10 5]
training time per iterations 3.095382[ms]
testing on 20000 items
testing done
average error 0.003103
min error     0.000000
max error     0.199044



epoch [3 0] from [10 5]
training time per iterations 3.095521[ms]
testing on 20000 items
testing done
average error 0.002934
min error     0.000000
max error     0.156683



epoch [3 1] from [10 5]
training time per iterations 3.095465[ms]
testing on 20000 items
testing done
average error 0.002875
min error     0.000000
max error     0.164541
saving best net
best net saved to networks/disc8x8x3_no_gaussian/net_6/trained/, with error 0.002875



epoch [3 2] from [10 5]
training time per iterations 3.090292[ms]
testing on 20000 items
testing done
average error 0.002907
min error     0.000000
max error     0.169299



epoch [3 3] from [10 5]
training time per iterations 3.087177[ms]
testing on 20000 items
testing done
average error 0.002912
min error     0.000000
max error     0.162144



epoch [3 4] from [10 5]
training time per iterations 3.096550[ms]
testing on 20000 items
testing done
average error 0.002951
min error     0.000000
max error     0.167610



epoch [4 0] from [10 5]
training time per iterations 3.096592[ms]
testing on 20000 items
testing done
average error 0.002941
min error     0.000000
max error     0.173417



epoch [4 1] from [10 5]
training time per iterations 3.101932[ms]
testing on 20000 items
testing done
average error 0.002897
min error     0.000000
max error     0.170336



epoch [4 2] from [10 5]
training time per iterations 3.104532[ms]
testing on 20000 items
testing done
average error 0.002931
min error     0.000000
max error     0.161713



epoch [4 3] from [10 5]
training time per iterations 3.089194[ms]
testing on 20000 items
testing done
average error 0.002855
min error     0.000000
max error     0.164995
saving best net
best net saved to networks/disc8x8x3_no_gaussian/net_6/trained/, with error 0.002855



epoch [4 4] from [10 5]
training time per iterations 3.097621[ms]
testing on 20000 items
testing done
average error 0.003145
min error     0.000000
max error     0.184034



epoch [5 0] from [10 5]
training time per iterations 3.098246[ms]
testing on 20000 items
testing done
average error 0.002790
min error     0.000000
max error     0.163623
saving best net
best net saved to networks/disc8x8x3_no_gaussian/net_6/trained/, with error 0.002790



epoch [5 1] from [10 5]
training time per iterations 3.092378[ms]
testing on 20000 items
testing done
average error 0.002836
min error     0.000000
max error     0.163590



epoch [5 2] from [10 5]
training time per iterations 3.095563[ms]
testing on 20000 items
testing done
average error 0.002818
min error     0.000000
max error     0.160820



epoch [5 3] from [10 5]
training time per iterations 3.097565[ms]
testing on 20000 items
testing done
average error 0.002871
min error     0.000000
max error     0.165821



epoch [5 4] from [10 5]
training time per iterations 3.094575[ms]
testing on 20000 items
testing done
average error 0.002809
min error     0.000000
max error     0.163883



epoch [6 0] from [10 5]
training time per iterations 3.103753[ms]
testing on 20000 items
testing done
average error 0.002752
min error     0.000000
max error     0.165169
saving best net
best net saved to networks/disc8x8x3_no_gaussian/net_6/trained/, with error 0.002752



epoch [6 1] from [10 5]
training time per iterations 3.098177[ms]
testing on 20000 items
testing done
average error 0.002821
min error     0.000000
max error     0.163272



epoch [6 2] from [10 5]
training time per iterations 3.098538[ms]
testing on 20000 items
testing done
average error 0.002793
min error     0.000000
max error     0.161323



epoch [6 3] from [10 5]
training time per iterations 3.095882[ms]
testing on 20000 items
testing done
average error 0.002889
min error     0.000000
max error     0.167358



epoch [6 4] from [10 5]
training time per iterations 3.094450[ms]
testing on 20000 items
testing done
average error 0.002796
min error     0.000000
max error     0.169640



epoch [7 0] from [10 5]
training time per iterations 3.101264[ms]
testing on 20000 items
testing done
average error 0.002855
min error     0.000000
max error     0.164683



epoch [7 1] from [10 5]
training time per iterations 3.099734[ms]
testing on 20000 items
testing done
average error 0.002863
min error     0.000000
max error     0.178164



epoch [7 2] from [10 5]
training time per iterations 3.104073[ms]
testing on 20000 items
testing done
average error 0.002824
min error     0.000000
max error     0.167258



epoch [7 3] from [10 5]
training time per iterations 3.097676[ms]
testing on 20000 items
testing done
average error 0.002789
min error     0.000000
max error     0.167611



epoch [7 4] from [10 5]
training time per iterations 3.091391[ms]
testing on 20000 items
testing done
average error 0.002837
min error     0.000000
max error     0.164610
setting learning rate to 0.000050



epoch [8 0] from [10 5]
training time per iterations 3.100889[ms]
testing on 20000 items
testing done
average error 0.002764
min error     0.000000
max error     0.166868



epoch [8 1] from [10 5]
training time per iterations 3.096633[ms]
testing on 20000 items
testing done
average error 0.002793
min error     0.000000
max error     0.169842



epoch [8 2] from [10 5]
training time per iterations 3.084424[ms]
testing on 20000 items
testing done
average error 0.002786
min error     0.000000
max error     0.170633



epoch [8 3] from [10 5]
training time per iterations 3.096105[ms]
testing on 20000 items
testing done
average error 0.002762
min error     0.000000
max error     0.165258



epoch [8 4] from [10 5]
training time per iterations 3.093296[ms]
testing on 20000 items
testing done
average error 0.002801
min error     0.000000
max error     0.164584



epoch [9 0] from [10 5]
training time per iterations 3.089917[ms]
testing on 20000 items
testing done
average error 0.002765
min error     0.000000
max error     0.164885



epoch [9 1] from [10 5]
training time per iterations 3.086037[ms]
testing on 20000 items
testing done
average error 0.002781
min error     0.000000
max error     0.165840



epoch [9 2] from [10 5]
training time per iterations 3.103420[ms]
testing on 20000 items
testing done
average error 0.002779
min error     0.000000
max error     0.167995



epoch [9 3] from [10 5]
training time per iterations 3.096369[ms]
testing on 20000 items
testing done
average error 0.002781
min error     0.000000
max error     0.167096



epoch [9 4] from [10 5]
training time per iterations 3.083826[ms]
testing on 20000 items
testing done
average error 0.002803
min error     0.000000
max error     0.173435
training done
