0.000000 0 0 0.004858 0.000000 0.190601 0.004849 0.000000 0.256243
0.200000 0 1 0.004015 0.000000 0.155202 0.003990 0.000000 0.164034
0.400000 0 2 0.003668 0.000000 0.158896 0.003644 0.000000 0.239890
0.600000 0 3 0.003477 0.000000 0.160317 0.003477 0.000000 0.161960
0.800000 0 4 0.003282 0.000000 0.174956 0.003267 0.000000 0.257990
1.000000 1 0 0.003214 0.000000 0.158636 0.003208 0.000000 0.156019
1.200000 1 1 0.003112 0.000000 0.158337 0.003069 0.000000 0.178103
1.400000 1 2 0.003123 0.000000 0.157828 0.003116 0.000000 0.155794
1.600000 1 3 0.003088 0.000000 0.156521 0.003049 0.000000 0.243228
1.800000 1 4 0.003127 0.000000 0.178479 0.003170 0.000000 0.163471
2.000000 2 0 0.003100 0.000000 0.163765 0.003123 0.000000 0.253545
2.200000 2 1 0.003082 0.000000 0.157771 0.003084 0.000000 0.238935
2.400000 2 2 0.002924 0.000000 0.155495 0.002865 0.000000 0.236793
2.600000 2 3 0.003023 0.000000 0.163111 0.003027 0.000000 0.256948
2.800000 2 4 0.003103 0.000000 0.199044 0.003111 0.000000 0.206149
3.000000 3 0 0.002934 0.000000 0.156683 0.002930 0.000000 0.250576
3.200000 3 1 0.002875 0.000000 0.164541 0.002907 0.000000 0.147535
3.400000 3 2 0.002907 0.000000 0.169299 0.002910 0.000000 0.238538
3.600000 3 3 0.002912 0.000000 0.162144 0.002946 0.000000 0.226634
3.800000 3 4 0.002951 0.000000 0.167610 0.002923 0.000000 0.227390
4.000000 4 0 0.002941 0.000000 0.173417 0.002925 0.000000 0.219344
4.200000 4 1 0.002897 0.000000 0.170336 0.002919 0.000000 0.254093
4.400000 4 2 0.002931 0.000000 0.161713 0.002853 0.000000 0.154970
4.600000 4 3 0.002855 0.000000 0.164995 0.002829 0.000000 0.244666
4.800000 4 4 0.003145 0.000000 0.184034 0.003138 0.000000 0.187159
5.000000 5 0 0.002790 0.000000 0.163623 0.002840 0.000000 0.246043
5.200000 5 1 0.002836 0.000000 0.163590 0.002781 0.000000 0.189387
5.400000 5 2 0.002818 0.000000 0.160820 0.002772 0.000000 0.239155
5.600000 5 3 0.002871 0.000000 0.165821 0.002845 0.000000 0.158705
5.800000 5 4 0.002809 0.000000 0.163883 0.002803 0.000000 0.152408
6.000000 6 0 0.002752 0.000000 0.165169 0.002821 0.000000 0.244176
6.200000 6 1 0.002821 0.000000 0.163272 0.002839 0.000000 0.218094
6.400000 6 2 0.002793 0.000000 0.161323 0.002749 0.000000 0.151755
6.600000 6 3 0.002889 0.000000 0.167358 0.002803 0.000000 0.225853
6.800000 6 4 0.002796 0.000000 0.169640 0.002833 0.000000 0.231272
7.000000 7 0 0.002855 0.000000 0.164683 0.002853 0.000000 0.159304
7.200000 7 1 0.002863 0.000000 0.178164 0.002909 0.000000 0.239628
7.400000 7 2 0.002824 0.000000 0.167258 0.002811 0.000000 0.258625
7.600000 7 3 0.002789 0.000000 0.167611 0.002738 0.000000 0.199022
7.800000 7 4 0.002837 0.000000 0.164610 0.002863 0.000000 0.192213
8.000000 8 0 0.002764 0.000000 0.166868 0.002823 0.000000 0.161743
8.200000 8 1 0.002793 0.000000 0.169842 0.002798 0.000000 0.200341
8.400000 8 2 0.002786 0.000000 0.170633 0.002792 0.000000 0.175327
8.600000 8 3 0.002762 0.000000 0.165258 0.002813 0.000000 0.218310
8.800000 8 4 0.002801 0.000000 0.164584 0.002788 0.000000 0.154372
9.000000 9 0 0.002765 0.000000 0.164885 0.002702 0.000000 0.187462
9.200000 9 1 0.002781 0.000000 0.165840 0.002846 0.000000 0.252781
9.400000 9 2 0.002779 0.000000 0.167995 0.002703 0.000000 0.167138
9.600000 9 3 0.002781 0.000000 0.167096 0.002851 0.000000 0.156047
9.800000 9 4 0.002803 0.000000 0.173435 0.002751 0.000000 0.159179
