0.000000 0 0 0.004036 0.000000 0.176638 0.004045 0.000000 0.151220
0.200000 0 1 0.003403 0.000000 0.176510 0.003414 0.000000 0.176510
0.400000 0 2 0.003208 0.000000 0.179180 0.003215 0.000000 0.259832
0.600000 0 3 0.003122 0.000000 0.173228 0.003176 0.000000 0.166106
0.800000 0 4 0.003216 0.000000 0.188381 0.003186 0.000000 0.264234
1.000000 1 0 0.003088 0.000000 0.174310 0.003089 0.000000 0.161908
1.200000 1 1 0.003104 0.000000 0.193267 0.003088 0.000000 0.190576
1.400000 1 2 0.003101 0.000000 0.191637 0.003087 0.000000 0.152187
1.600000 1 3 0.003044 0.000000 0.186106 0.003008 0.000000 0.167255
1.800000 1 4 0.003020 0.000000 0.182853 0.003043 0.000000 0.229390
2.000000 2 0 0.002964 0.000000 0.193125 0.002900 0.000000 0.248794
2.200000 2 1 0.003007 0.000000 0.193423 0.003007 0.000000 0.183839
2.400000 2 2 0.002938 0.000000 0.202808 0.002910 0.000000 0.226581
2.600000 2 3 0.002915 0.000000 0.188706 0.002886 0.000000 0.240935
2.800000 2 4 0.002981 0.000000 0.200319 0.002943 0.000000 0.242014
3.000000 3 0 0.002922 0.000000 0.190086 0.002957 0.000000 0.177026
3.200000 3 1 0.002911 0.000000 0.196377 0.002909 0.000000 0.221425
3.400000 3 2 0.003098 0.000000 0.207367 0.003099 0.000000 0.199567
3.600000 3 3 0.003021 0.000000 0.198386 0.003006 0.000000 0.238761
3.800000 3 4 0.002887 0.000000 0.198713 0.002950 0.000000 0.146225
4.000000 4 0 0.002856 0.000000 0.196835 0.002774 0.000000 0.165276
4.200000 4 1 0.002936 0.000000 0.205009 0.002911 0.000000 0.197255
4.400000 4 2 0.002863 0.000000 0.199848 0.002864 0.000000 0.220426
4.600000 4 3 0.002927 0.000000 0.209796 0.002898 0.000000 0.166571
4.800000 4 4 0.002909 0.000000 0.191869 0.002917 0.000000 0.159081
5.000000 5 0 0.002835 0.000000 0.209151 0.002883 0.000000 0.236515
5.200000 5 1 0.002871 0.000000 0.216714 0.002867 0.000000 0.246113
5.400000 5 2 0.002828 0.000000 0.218720 0.002811 0.000000 0.246168
5.600000 5 3 0.002875 0.000000 0.214934 0.002887 0.000000 0.237127
5.800000 5 4 0.002792 0.000000 0.212333 0.002756 0.000000 0.244467
6.000000 6 0 0.002876 0.000000 0.214016 0.002830 0.000000 0.239698
6.200000 6 1 0.002833 0.000000 0.220727 0.002853 0.000000 0.258217
6.400000 6 2 0.002836 0.000000 0.214743 0.002812 0.000000 0.214743
6.600000 6 3 0.002800 0.000000 0.208994 0.002794 0.000000 0.166277
6.800000 6 4 0.002866 0.000000 0.205266 0.002858 0.000000 0.225165
7.000000 7 0 0.002900 0.000000 0.219028 0.002902 0.000000 0.148676
7.200000 7 1 0.002791 0.000000 0.214012 0.002795 0.000000 0.211507
7.400000 7 2 0.002844 0.000000 0.216914 0.002807 0.000000 0.216444
7.600000 7 3 0.002874 0.000000 0.220283 0.002896 0.000000 0.191198
7.800000 7 4 0.002840 0.000000 0.202214 0.002839 0.000000 0.262018
8.000000 8 0 0.002843 0.000000 0.217325 0.002799 0.000000 0.238725
8.200000 8 1 0.002771 0.000000 0.212934 0.002741 0.000000 0.233692
8.400000 8 2 0.002791 0.000000 0.209728 0.002790 0.000000 0.231117
8.600000 8 3 0.002761 0.000000 0.211275 0.002760 0.000000 0.146867
8.800000 8 4 0.002792 0.000000 0.208209 0.002774 0.000000 0.166281
9.000000 9 0 0.002783 0.000000 0.211085 0.002725 0.000000 0.224011
9.200000 9 1 0.002801 0.000000 0.213859 0.002767 0.000000 0.158196
9.400000 9 2 0.002769 0.000000 0.210370 0.002731 0.000000 0.241462
9.600000 9 3 0.002804 0.000000 0.208371 0.002784 0.000000 0.232722
9.800000 9 4 0.002791 0.000000 0.208942 0.002736 0.000000 0.168869
