0.000000 0 0 0.002495 0.000000 0.284880 0.002475 0.000000 0.276862
0.200000 0 1 0.002245 0.000000 0.235361 0.002167 0.000000 0.138702
0.400000 0 2 0.002140 0.000000 0.243573 0.002112 0.000000 0.230508
0.600000 0 3 0.002212 0.000000 0.249803 0.002186 0.000000 0.164713
0.800000 0 4 0.002008 0.000000 0.250292 0.001955 0.000000 0.242779
1.000000 1 0 0.001928 0.000000 0.253386 0.001890 0.000000 0.258334
1.200000 1 1 0.001882 0.000000 0.234747 0.001851 0.000000 0.234747
1.400000 1 2 0.001845 0.000000 0.247403 0.001777 0.000000 0.158826
1.600000 1 3 0.001934 0.000000 0.229845 0.001888 0.000000 0.154137
1.800000 1 4 0.001995 0.000000 0.245613 0.001962 0.000000 0.237191
2.000000 2 0 0.001850 0.000000 0.238508 0.001812 0.000000 0.129043
2.200000 2 1 0.001930 0.000000 0.261318 0.001901 0.000000 0.160459
2.400000 2 2 0.001946 0.000000 0.245773 0.001927 0.000000 0.170612
2.600000 2 3 0.001916 0.000000 0.225109 0.001876 0.000000 0.245495
2.800000 2 4 0.001788 0.000000 0.240406 0.001739 0.000000 0.144166
3.000000 3 0 0.001903 0.000000 0.235839 0.001865 0.000000 0.241571
3.200000 3 1 0.001995 0.000000 0.246924 0.001941 0.000000 0.182254
3.400000 3 2 0.001884 0.000000 0.235929 0.001838 0.000000 0.239033
3.600000 3 3 0.001891 0.000000 0.242586 0.001832 0.000000 0.217787
3.800000 3 4 0.001859 0.000000 0.253442 0.001830 0.000000 0.196024
4.000000 4 0 0.001804 0.000000 0.227892 0.001786 0.000000 0.238394
4.200000 4 1 0.001805 0.000000 0.234594 0.001786 0.000000 0.239357
4.400000 4 2 0.001814 0.000000 0.231075 0.001809 0.000000 0.223859
4.600000 4 3 0.001835 0.000000 0.243244 0.001823 0.000000 0.215140
4.800000 4 4 0.001759 0.000000 0.239283 0.001755 0.000000 0.231823
5.000000 5 0 0.001823 0.000000 0.230759 0.001805 0.000000 0.215976
5.200000 5 1 0.001888 0.000000 0.245740 0.001848 0.000000 0.154381
5.400000 5 2 0.001801 0.000000 0.233885 0.001755 0.000000 0.233500
5.600000 5 3 0.001797 0.000000 0.240421 0.001729 0.000000 0.245242
5.800000 5 4 0.001860 0.000000 0.217004 0.001842 0.000000 0.178165
6.000000 6 0 0.001799 0.000000 0.238032 0.001759 0.000000 0.176135
6.200000 6 1 0.001863 0.000000 0.240741 0.001829 0.000000 0.240351
6.400000 6 2 0.001952 0.000000 0.245720 0.001950 0.000000 0.152783
6.600000 6 3 0.001859 0.000000 0.218935 0.001841 0.000000 0.211913
6.800000 6 4 0.001762 0.000000 0.229441 0.001731 0.000000 0.158185
7.000000 7 0 0.001784 0.000000 0.250378 0.001755 0.000000 0.197547
7.200000 7 1 0.001785 0.000000 0.228663 0.001741 0.000000 0.148931
7.400000 7 2 0.001869 0.000000 0.238340 0.001844 0.000000 0.146304
7.600000 7 3 0.001891 0.000000 0.239511 0.001842 0.000000 0.193347
7.800000 7 4 0.001779 0.000000 0.231288 0.001775 0.000000 0.165798
8.000000 8 0 0.001813 0.000000 0.234685 0.001786 0.000000 0.235441
8.200000 8 1 0.001759 0.000000 0.237791 0.001733 0.000000 0.155232
8.400000 8 2 0.001806 0.000000 0.239300 0.001775 0.000000 0.237851
8.600000 8 3 0.001787 0.000000 0.234043 0.001750 0.000000 0.153466
8.800000 8 4 0.001795 0.000000 0.240329 0.001791 0.000000 0.245149
9.000000 9 0 0.001771 0.000000 0.232819 0.001757 0.000000 0.232819
9.200000 9 1 0.001750 0.000000 0.238826 0.001736 0.000000 0.241949
9.400000 9 2 0.001797 0.000000 0.232108 0.001769 0.000000 0.154369
9.600000 9 3 0.001769 0.000000 0.232996 0.001690 0.000000 0.163474
9.800000 9 4 0.001810 0.000000 0.232949 0.001800 0.000000 0.236034
