initializing
training size    : 359556
testing size     : 20000
epoch count      : 10
sub epoch size   : 5

epoch_learning_rate_decay   : 8
learning_rate_decay         : 0.250000

training



epoch [0 0] from [10 5]
training time per iterations 11.069224[ms]
testing on 20000 items
testing done
average error 0.002260
min error     0.000000
max error     0.154287
saving best net
best net saved to networks/disc16x16x3/net_7/trained/, with error 0.002260



epoch [0 1] from [10 5]
training time per iterations 11.071380[ms]
testing on 20000 items
testing done
average error 0.002036
min error     0.000000
max error     0.161421
saving best net
best net saved to networks/disc16x16x3/net_7/trained/, with error 0.002036



epoch [0 2] from [10 5]
training time per iterations 11.067292[ms]
testing on 20000 items
testing done
average error 0.001925
min error     0.000000
max error     0.152734
saving best net
best net saved to networks/disc16x16x3/net_7/trained/, with error 0.001925



epoch [0 3] from [10 5]
training time per iterations 11.068626[ms]
testing on 20000 items
testing done
average error 0.001981
min error     0.000000
max error     0.161006



epoch [0 4] from [10 5]
training time per iterations 11.069127[ms]
testing on 20000 items
testing done
average error 0.001842
min error     0.000000
max error     0.151428
saving best net
best net saved to networks/disc16x16x3/net_7/trained/, with error 0.001842



epoch [1 0] from [10 5]
training time per iterations 11.068779[ms]
testing on 20000 items
testing done
average error 0.001823
min error     0.000000
max error     0.148471
saving best net
best net saved to networks/disc16x16x3/net_7/trained/, with error 0.001823



epoch [1 1] from [10 5]
training time per iterations 11.070003[ms]
testing on 20000 items
testing done
average error 0.001844
min error     0.000000
max error     0.156253



epoch [1 2] from [10 5]
training time per iterations 11.068029[ms]
testing on 20000 items
testing done
average error 0.001879
min error     0.000000
max error     0.159558



epoch [1 3] from [10 5]
training time per iterations 11.066346[ms]
testing on 20000 items
testing done
average error 0.001732
min error     0.000000
max error     0.158752
saving best net
best net saved to networks/disc16x16x3/net_7/trained/, with error 0.001732



epoch [1 4] from [10 5]
training time per iterations 11.067542[ms]
testing on 20000 items
testing done
average error 0.001734
min error     0.000000
max error     0.153722



epoch [2 0] from [10 5]
training time per iterations 11.067862[ms]
testing on 20000 items
testing done
average error 0.001752
min error     0.000000
max error     0.151502



epoch [2 1] from [10 5]
training time per iterations 11.066541[ms]
testing on 20000 items
testing done
average error 0.001765
min error     0.000000
max error     0.160094



epoch [2 2] from [10 5]
training time per iterations 11.067973[ms]
testing on 20000 items
testing done
average error 0.001793
min error     0.000000
max error     0.153277



epoch [2 3] from [10 5]
training time per iterations 11.064969[ms]
testing on 20000 items
testing done
average error 0.001779
min error     0.000000
max error     0.162300



epoch [2 4] from [10 5]
training time per iterations 11.065192[ms]
testing on 20000 items
testing done
average error 0.001745
min error     0.000000
max error     0.162280



epoch [3 0] from [10 5]
training time per iterations 11.064830[ms]
testing on 20000 items
testing done
average error 0.001707
min error     0.000000
max error     0.163443
saving best net
best net saved to networks/disc16x16x3/net_7/trained/, with error 0.001707



epoch [3 1] from [10 5]
training time per iterations 11.064330[ms]
testing on 20000 items
testing done
average error 0.001768
min error     0.000000
max error     0.165650



epoch [3 2] from [10 5]
training time per iterations 11.065776[ms]
testing on 20000 items
testing done
average error 0.001637
min error     0.000000
max error     0.157943
saving best net
best net saved to networks/disc16x16x3/net_7/trained/, with error 0.001637



epoch [3 3] from [10 5]
training time per iterations 11.065192[ms]
testing on 20000 items
testing done
average error 0.001743
min error     0.000000
max error     0.172122



epoch [3 4] from [10 5]
training time per iterations 11.064051[ms]
testing on 20000 items
testing done
average error 0.001769
min error     0.000000
max error     0.162166



epoch [4 0] from [10 5]
training time per iterations 11.064121[ms]
testing on 20000 items
testing done
average error 0.001771
min error     0.000000
max error     0.170678



epoch [4 1] from [10 5]
training time per iterations 11.063120[ms]
testing on 20000 items
testing done
average error 0.001665
min error     0.000000
max error     0.167692



epoch [4 2] from [10 5]
training time per iterations 11.061785[ms]
testing on 20000 items
testing done
average error 0.001684
min error     0.000000
max error     0.175933



epoch [4 3] from [10 5]
training time per iterations 11.062869[ms]
testing on 20000 items
testing done
average error 0.001618
min error     0.000000
max error     0.174747
saving best net
best net saved to networks/disc16x16x3/net_7/trained/, with error 0.001618



epoch [4 4] from [10 5]
training time per iterations 11.063203[ms]
testing on 20000 items
testing done
average error 0.001646
min error     0.000000
max error     0.163952



epoch [5 0] from [10 5]
training time per iterations 11.062911[ms]
testing on 20000 items
testing done
average error 0.001781
min error     0.000000
max error     0.162552



epoch [5 1] from [10 5]
training time per iterations 11.062508[ms]
testing on 20000 items
testing done
average error 0.001828
min error     0.000000
max error     0.169710



epoch [5 2] from [10 5]
training time per iterations 11.064552[ms]
testing on 20000 items
testing done
average error 0.001938
min error     0.000000
max error     0.166619



epoch [5 3] from [10 5]
training time per iterations 11.061131[ms]
testing on 20000 items
testing done
average error 0.001661
min error     0.000000
max error     0.163833



epoch [5 4] from [10 5]
training time per iterations 11.062174[ms]
testing on 20000 items
testing done
average error 0.001692
min error     0.000000
max error     0.172391



epoch [6 0] from [10 5]
training time per iterations 11.064705[ms]
testing on 20000 items
testing done
average error 0.001755
min error     0.000000
max error     0.177593



epoch [6 1] from [10 5]
training time per iterations 11.061673[ms]
testing on 20000 items
testing done
average error 0.001658
min error     0.000000
max error     0.180095



epoch [6 2] from [10 5]
training time per iterations 11.060394[ms]
testing on 20000 items
testing done
average error 0.001781
min error     0.000000
max error     0.173034



epoch [6 3] from [10 5]
training time per iterations 11.062842[ms]
testing on 20000 items
testing done
average error 0.001648
min error     0.000000
max error     0.169589



epoch [6 4] from [10 5]
training time per iterations 11.060199[ms]
testing on 20000 items
testing done
average error 0.001639
min error     0.000000
max error     0.187096



epoch [7 0] from [10 5]
training time per iterations 12.190068[ms]
testing on 20000 items
testing done
average error 0.001795
min error     0.000000
max error     0.173287



epoch [7 1] from [10 5]
training time per iterations 12.412079[ms]
testing on 20000 items
testing done
average error 0.001705
min error     0.000000
max error     0.171902



epoch [7 2] from [10 5]
training time per iterations 12.333037[ms]
testing on 20000 items
testing done
average error 0.001667
min error     0.000000
max error     0.175595



epoch [7 3] from [10 5]
training time per iterations 12.410869[ms]
testing on 20000 items
testing done
average error 0.001749
min error     0.000000
max error     0.178498



epoch [7 4] from [10 5]
training time per iterations 12.408644[ms]
testing on 20000 items
testing done
average error 0.001658
min error     0.000000
max error     0.178789
setting learning rate to 0.000050



epoch [8 0] from [10 5]
training time per iterations 12.411008[ms]
testing on 20000 items
testing done
average error 0.001638
min error     0.000000
max error     0.176516



epoch [8 1] from [10 5]
training time per iterations 12.409367[ms]
testing on 20000 items
testing done
average error 0.001608
min error     0.000000
max error     0.174382
saving best net
best net saved to networks/disc16x16x3/net_7/trained/, with error 0.001608



epoch [8 2] from [10 5]
training time per iterations 12.360487[ms]
testing on 20000 items
testing done
average error 0.001606
min error     0.000000
max error     0.172113
saving best net
best net saved to networks/disc16x16x3/net_7/trained/, with error 0.001606



epoch [8 3] from [10 5]
training time per iterations 12.398214[ms]
testing on 20000 items
testing done
average error 0.001649
min error     0.000000
max error     0.169805



epoch [8 4] from [10 5]
training time per iterations 12.284852[ms]
testing on 20000 items
testing done
average error 0.001646
min error     0.000000
max error     0.179247



epoch [9 0] from [10 5]
training time per iterations 12.407532[ms]
testing on 20000 items
testing done
average error 0.001634
min error     0.000000
max error     0.173810



epoch [9 1] from [10 5]
training time per iterations 12.363157[ms]
testing on 20000 items
testing done
average error 0.001647
min error     0.000000
max error     0.171792



epoch [9 2] from [10 5]
training time per iterations 12.410410[ms]
testing on 20000 items
testing done
average error 0.001680
min error     0.000000
max error     0.173811



epoch [9 3] from [10 5]
training time per iterations 12.410243[ms]
testing on 20000 items
testing done
average error 0.001668
min error     0.000000
max error     0.172234



epoch [9 4] from [10 5]
training time per iterations 12.408324[ms]
testing on 20000 items
testing done
average error 0.001638
min error     0.000000
max error     0.172367
training done
