0.000000 0 0 0.002260 0.000000 0.154287 0.002225 0.000000 0.167147
0.200000 0 1 0.002036 0.000000 0.161421 0.001984 0.000000 0.164340
0.400000 0 2 0.001925 0.000000 0.152734 0.001900 0.000000 0.238512
0.600000 0 3 0.001981 0.000000 0.161006 0.001949 0.000000 0.274637
0.800000 0 4 0.001842 0.000000 0.151428 0.001788 0.000000 0.182626
1.000000 1 0 0.001823 0.000000 0.148471 0.001769 0.000000 0.170956
1.200000 1 1 0.001844 0.000000 0.156253 0.001847 0.000000 0.144996
1.400000 1 2 0.001879 0.000000 0.159558 0.001838 0.000000 0.178710
1.600000 1 3 0.001732 0.000000 0.158752 0.001689 0.000000 0.225176
1.800000 1 4 0.001734 0.000000 0.153722 0.001710 0.000000 0.185320
2.000000 2 0 0.001752 0.000000 0.151502 0.001683 0.000000 0.142581
2.200000 2 1 0.001765 0.000000 0.160094 0.001684 0.000000 0.194669
2.400000 2 2 0.001793 0.000000 0.153277 0.001737 0.000000 0.233893
2.600000 2 3 0.001779 0.000000 0.162300 0.001788 0.000000 0.187664
2.800000 2 4 0.001745 0.000000 0.162280 0.001705 0.000000 0.236097
3.000000 3 0 0.001707 0.000000 0.163443 0.001655 0.000000 0.210090
3.200000 3 1 0.001768 0.000000 0.165650 0.001766 0.000000 0.228116
3.400000 3 2 0.001637 0.000000 0.157943 0.001609 0.000000 0.244385
3.600000 3 3 0.001743 0.000000 0.172122 0.001709 0.000000 0.211583
3.800000 3 4 0.001769 0.000000 0.162166 0.001723 0.000000 0.154262
4.000000 4 0 0.001771 0.000000 0.170678 0.001800 0.000000 0.143572
4.200000 4 1 0.001665 0.000000 0.167692 0.001622 0.000000 0.235430
4.400000 4 2 0.001684 0.000000 0.175933 0.001627 0.000000 0.239619
4.600000 4 3 0.001618 0.000000 0.174747 0.001594 0.000000 0.215132
4.800000 4 4 0.001646 0.000000 0.163952 0.001619 0.000000 0.167676
5.000000 5 0 0.001781 0.000000 0.162552 0.001726 0.000000 0.219346
5.200000 5 1 0.001828 0.000000 0.169710 0.001792 0.000000 0.215612
5.400000 5 2 0.001938 0.000000 0.166619 0.001939 0.000000 0.179947
5.600000 5 3 0.001661 0.000000 0.163833 0.001617 0.000000 0.244736
5.800000 5 4 0.001692 0.000000 0.172391 0.001638 0.000000 0.235606
6.000000 6 0 0.001755 0.000000 0.177593 0.001702 0.000000 0.166806
6.200000 6 1 0.001658 0.000000 0.180095 0.001627 0.000000 0.198914
6.400000 6 2 0.001781 0.000000 0.173034 0.001748 0.000000 0.161460
6.600000 6 3 0.001648 0.000000 0.169589 0.001619 0.000000 0.170597
6.800000 6 4 0.001639 0.000000 0.187096 0.001575 0.000000 0.153985
7.000000 7 0 0.001795 0.000000 0.173287 0.001769 0.000000 0.175275
7.200000 7 1 0.001705 0.000000 0.171902 0.001655 0.000000 0.179009
7.400000 7 2 0.001667 0.000000 0.175595 0.001651 0.000000 0.225979
7.600000 7 3 0.001749 0.000000 0.178498 0.001691 0.000000 0.187882
7.800000 7 4 0.001658 0.000000 0.178789 0.001604 0.000000 0.227169
8.000000 8 0 0.001638 0.000000 0.176516 0.001572 0.000000 0.153038
8.200000 8 1 0.001608 0.000000 0.174382 0.001556 0.000000 0.245903
8.400000 8 2 0.001606 0.000000 0.172113 0.001579 0.000000 0.215899
8.600000 8 3 0.001649 0.000000 0.169805 0.001622 0.000000 0.246632
8.800000 8 4 0.001646 0.000000 0.179247 0.001577 0.000000 0.238364
9.000000 9 0 0.001634 0.000000 0.173810 0.001569 0.000000 0.217578
9.200000 9 1 0.001647 0.000000 0.171792 0.001586 0.000000 0.228803
9.400000 9 2 0.001680 0.000000 0.173811 0.001646 0.000000 0.221385
9.600000 9 3 0.001668 0.000000 0.172234 0.001603 0.000000 0.223865
9.800000 9 4 0.001638 0.000000 0.172367 0.001586 0.000000 0.172367
