0 -0.158740 3 0.000150
1 -0.155325 1 0.000050
2 -0.151909 1 0.000050
3 -0.148494 2 0.000100
4 -0.145079 0 0.000000
5 -0.141664 1 0.000050
6 -0.138248 1 0.000050
7 -0.134833 0 0.000000
8 -0.131418 3 0.000150
9 -0.128002 4 0.000200
10 -0.124587 2 0.000100
11 -0.121172 1 0.000050
12 -0.117757 0 0.000000
13 -0.114341 2 0.000100
14 -0.110926 2 0.000100
15 -0.107511 5 0.000250
16 -0.104096 5 0.000250
17 -0.100680 3 0.000150
18 -0.097265 4 0.000200
19 -0.093850 4 0.000200
20 -0.090435 4 0.000200
21 -0.087019 3 0.000150
22 -0.083604 3 0.000150
23 -0.080189 7 0.000350
24 -0.076774 11 0.000550
25 -0.073358 18 0.000900
26 -0.069943 13 0.000650
27 -0.066528 22 0.001100
28 -0.063113 9 0.000450
29 -0.059697 25 0.001250
30 -0.056282 23 0.001150
31 -0.052867 40 0.002000
32 -0.049451 32 0.001600
33 -0.046036 54 0.002700
34 -0.042621 63 0.003150
35 -0.039206 90 0.004500
36 -0.035790 112 0.005600
37 -0.032375 173 0.008650
38 -0.028960 226 0.011300
39 -0.025545 379 0.018950
40 -0.022129 534 0.026700
41 -0.018714 732 0.036600
42 -0.015299 1447 0.072350
43 -0.011884 2799 0.139950
44 -0.008468 5105 0.255250
45 -0.005053 3664 0.183200
46 -0.001638 1687 0.084350
47 0.001777 841 0.042050
48 0.005193 534 0.026700
49 0.008608 371 0.018550
50 0.012023 236 0.011800
51 0.015438 151 0.007550
52 0.018854 121 0.006050
53 0.022269 72 0.003600
54 0.025684 65 0.003250
55 0.029100 38 0.001900
56 0.032515 27 0.001350
57 0.035930 35 0.001750
58 0.039345 32 0.001600
59 0.042761 24 0.001200
60 0.046176 22 0.001100
61 0.049591 17 0.000850
62 0.053006 14 0.000700
63 0.056422 10 0.000500
64 0.059837 9 0.000450
65 0.063252 6 0.000300
66 0.066667 8 0.000400
67 0.070083 9 0.000450
68 0.073498 10 0.000500
69 0.076913 1 0.000050
70 0.080328 2 0.000100
71 0.083744 4 0.000200
72 0.087159 3 0.000150
73 0.090574 3 0.000150
74 0.093989 1 0.000050
75 0.097405 0 0.000000
76 0.100820 1 0.000050
77 0.104235 2 0.000100
78 0.107651 3 0.000150
79 0.111066 1 0.000050
80 0.114481 1 0.000050
81 0.117896 1 0.000050
82 0.121312 2 0.000100
83 0.124727 0 0.000000
84 0.128142 1 0.000050
85 0.131557 0 0.000000
86 0.134973 1 0.000050
87 0.138388 0 0.000000
88 0.141803 0 0.000000
89 0.145218 1 0.000050
90 0.148634 0 0.000000
91 0.152049 0 0.000000
92 0.155464 0 0.000000
93 0.158879 0 0.000000
94 0.162295 0 0.000000
95 0.165710 0 0.000000
96 0.169125 0 0.000000
97 0.172540 0 0.000000
98 0.175956 0 0.000000
99 0.179371 1 0.000050
