0 -0.471194 1 0.000017
1 -0.462169 0 0.000000
2 -0.453145 0 0.000000
3 -0.444120 0 0.000000
4 -0.435096 0 0.000000
5 -0.426071 0 0.000000
6 -0.417047 0 0.000000
7 -0.408023 0 0.000000
8 -0.398998 1 0.000017
9 -0.389974 0 0.000000
10 -0.380949 0 0.000000
11 -0.371925 1 0.000017
12 -0.362900 0 0.000000
13 -0.353876 0 0.000000
14 -0.344851 0 0.000000
15 -0.335827 0 0.000000
16 -0.326802 0 0.000000
17 -0.317778 0 0.000000
18 -0.308753 3 0.000050
19 -0.299729 0 0.000000
20 -0.290704 1 0.000017
21 -0.281680 1 0.000017
22 -0.272655 3 0.000050
23 -0.263631 0 0.000000
24 -0.254606 1 0.000017
25 -0.245582 4 0.000067
26 -0.236557 3 0.000050
27 -0.227533 1 0.000017
28 -0.218508 0 0.000000
29 -0.209484 12 0.000200
30 -0.200459 10 0.000167
31 -0.191435 20 0.000333
32 -0.182410 61 0.001017
33 -0.173386 62 0.001033
34 -0.164361 107 0.001783
35 -0.155337 107 0.001783
36 -0.146312 191 0.003183
37 -0.137288 303 0.005050
38 -0.128263 245 0.004083
39 -0.119239 128 0.002133
40 -0.110214 173 0.002883
41 -0.101190 230 0.003833
42 -0.092165 301 0.005017
43 -0.083141 481 0.008017
44 -0.074116 773 0.012883
45 -0.065092 744 0.012400
46 -0.056067 670 0.011167
47 -0.047043 913 0.015217
48 -0.038019 1439 0.023983
49 -0.028994 2802 0.046700
50 -0.019970 8976 0.149600
51 -0.010945 20738 0.345633
52 -0.001921 9403 0.156717
53 0.007104 2848 0.047467
54 0.016128 1382 0.023033
55 0.025153 1196 0.019933
56 0.034177 950 0.015833
57 0.043202 694 0.011567
58 0.052226 522 0.008700
59 0.061251 696 0.011600
60 0.070275 552 0.009200
61 0.079300 325 0.005417
62 0.088324 199 0.003317
63 0.097349 234 0.003900
64 0.106373 200 0.003333
65 0.115398 275 0.004583
66 0.124422 304 0.005067
67 0.133447 198 0.003300
68 0.142471 124 0.002067
69 0.151496 119 0.001983
70 0.160520 105 0.001750
71 0.169545 79 0.001317
72 0.178569 22 0.000367
73 0.187594 15 0.000250
74 0.196618 4 0.000067
75 0.205643 9 0.000150
76 0.214667 8 0.000133
77 0.223692 10 0.000167
78 0.232716 4 0.000067
79 0.241741 2 0.000033
80 0.250765 0 0.000000
81 0.259790 2 0.000033
82 0.268814 1 0.000017
83 0.277839 2 0.000033
84 0.286863 1 0.000017
85 0.295888 2 0.000033
86 0.304912 0 0.000000
87 0.313937 0 0.000000
88 0.322961 0 0.000000
89 0.331986 2 0.000033
90 0.341010 0 0.000000
91 0.350034 0 0.000000
92 0.359059 1 0.000017
93 0.368083 0 0.000000
94 0.377108 1 0.000017
95 0.386132 0 0.000000
96 0.395157 1 0.000017
97 0.404181 0 0.000000
98 0.413206 2 0.000033
99 0.422230 0 0.000000
