0 0.000000 51057 0.850950
1 0.002243 2786 0.046433
2 0.004485 2012 0.033533
3 0.006728 767 0.012783
4 0.008971 540 0.009000
5 0.011213 383 0.006383
6 0.013456 462 0.007700
7 0.015699 619 0.010317
8 0.017941 386 0.006433
9 0.020184 211 0.003517
10 0.022427 177 0.002950
11 0.024669 186 0.003100
12 0.026912 114 0.001900
13 0.029155 111 0.001850
14 0.031397 62 0.001033
15 0.033640 19 0.000317
16 0.035883 14 0.000233
17 0.038125 13 0.000217
18 0.040368 9 0.000150
19 0.042611 9 0.000150
20 0.044853 5 0.000083
21 0.047096 5 0.000083
22 0.049339 6 0.000100
23 0.051581 6 0.000100
24 0.053824 6 0.000100
25 0.056067 4 0.000067
26 0.058309 3 0.000050
27 0.060552 2 0.000033
28 0.062795 0 0.000000
29 0.065037 0 0.000000
30 0.067280 1 0.000017
31 0.069523 2 0.000033
32 0.071765 2 0.000033
33 0.074008 0 0.000000
34 0.076251 2 0.000033
35 0.078493 2 0.000033
36 0.080736 1 0.000017
37 0.082979 1 0.000017
38 0.085221 0 0.000000
39 0.087464 0 0.000000
40 0.089707 4 0.000067
41 0.091949 1 0.000017
42 0.094192 0 0.000000
43 0.096435 0 0.000000
44 0.098677 0 0.000000
45 0.100920 0 0.000000
46 0.103163 0 0.000000
47 0.105405 0 0.000000
48 0.107648 0 0.000000
49 0.109891 0 0.000000
50 0.112133 1 0.000017
51 0.114376 1 0.000017
52 0.116619 0 0.000000
53 0.118861 0 0.000000
54 0.121104 0 0.000000
55 0.123347 0 0.000000
56 0.125589 0 0.000000
57 0.127832 0 0.000000
58 0.130075 1 0.000017
59 0.132317 1 0.000017
60 0.134560 0 0.000000
61 0.136802 0 0.000000
62 0.139045 0 0.000000
63 0.141288 0 0.000000
64 0.143530 0 0.000000
65 0.145773 0 0.000000
66 0.148016 1 0.000017
67 0.150258 1 0.000017
68 0.152501 0 0.000000
69 0.154744 0 0.000000
70 0.156986 1 0.000017
71 0.159229 0 0.000000
72 0.161472 0 0.000000
73 0.163714 0 0.000000
74 0.165957 0 0.000000
75 0.168200 0 0.000000
76 0.170442 1 0.000017
77 0.172685 0 0.000000
78 0.174928 0 0.000000
79 0.177170 1 0.000017
80 0.179413 0 0.000000
81 0.181656 0 0.000000
82 0.183898 0 0.000000
83 0.186141 0 0.000000
84 0.188384 0 0.000000
85 0.190626 0 0.000000
86 0.192869 0 0.000000
87 0.195112 0 0.000000
88 0.197354 0 0.000000
89 0.199597 0 0.000000
90 0.201840 0 0.000000
91 0.204082 0 0.000000
92 0.206325 0 0.000000
93 0.208568 0 0.000000
94 0.210810 0 0.000000
95 0.213053 0 0.000000
96 0.215296 0 0.000000
97 0.217538 0 0.000000
98 0.219781 0 0.000000
99 0.222024 1 0.000017
