0 -0.471194 1 0.000050
1 -0.462169 0 0.000000
2 -0.453145 0 0.000000
3 -0.444120 0 0.000000
4 -0.435096 0 0.000000
5 -0.426071 0 0.000000
6 -0.417047 0 0.000000
7 -0.408023 0 0.000000
8 -0.398998 1 0.000050
9 -0.389974 0 0.000000
10 -0.380949 0 0.000000
11 -0.371925 1 0.000050
12 -0.362900 0 0.000000
13 -0.353876 0 0.000000
14 -0.344851 0 0.000000
15 -0.335827 0 0.000000
16 -0.326802 0 0.000000
17 -0.317778 0 0.000000
18 -0.308753 3 0.000150
19 -0.299729 0 0.000000
20 -0.290704 1 0.000050
21 -0.281680 1 0.000050
22 -0.272655 3 0.000150
23 -0.263631 0 0.000000
24 -0.254606 1 0.000050
25 -0.245582 4 0.000200
26 -0.236557 3 0.000150
27 -0.227533 1 0.000050
28 -0.218508 0 0.000000
29 -0.209484 12 0.000600
30 -0.200459 10 0.000500
31 -0.191435 20 0.001000
32 -0.182410 60 0.003000
33 -0.173386 59 0.002950
34 -0.164361 93 0.004650
35 -0.155337 92 0.004600
36 -0.146312 180 0.009000
37 -0.137288 297 0.014850
38 -0.128263 235 0.011750
39 -0.119239 118 0.005900
40 -0.110214 155 0.007750
41 -0.101190 209 0.010450
42 -0.092165 272 0.013600
43 -0.083141 440 0.022000
44 -0.074116 687 0.034350
45 -0.065092 633 0.031650
46 -0.056067 493 0.024650
47 -0.047043 551 0.027550
48 -0.038019 719 0.035950
49 -0.028994 729 0.036450
50 -0.019970 641 0.032050
51 -0.010945 975 0.048750
52 -0.001921 4045 0.202250
53 0.007104 1331 0.066550
54 0.016128 809 0.040450
55 0.025153 936 0.046800
56 0.034177 793 0.039650
57 0.043202 579 0.028950
58 0.052226 470 0.023500
59 0.061251 656 0.032800
60 0.070275 509 0.025450
61 0.079300 308 0.015400
62 0.088324 189 0.009450
63 0.097349 232 0.011600
64 0.106373 193 0.009650
65 0.115398 268 0.013400
66 0.124422 301 0.015050
67 0.133447 188 0.009400
68 0.142471 113 0.005650
69 0.151496 117 0.005850
70 0.160520 105 0.005250
71 0.169545 70 0.003500
72 0.178569 21 0.001050
73 0.187594 15 0.000750
74 0.196618 4 0.000200
75 0.205643 9 0.000450
76 0.214667 8 0.000400
77 0.223692 10 0.000500
78 0.232716 4 0.000200
79 0.241741 2 0.000100
80 0.250765 0 0.000000
81 0.259790 2 0.000100
82 0.268814 1 0.000050
83 0.277839 2 0.000100
84 0.286863 1 0.000050
85 0.295888 2 0.000100
86 0.304912 0 0.000000
87 0.313937 0 0.000000
88 0.322961 0 0.000000
89 0.331986 2 0.000100
90 0.341010 0 0.000000
91 0.350034 0 0.000000
92 0.359059 1 0.000050
93 0.368083 0 0.000000
94 0.377108 1 0.000050
95 0.386132 0 0.000000
96 0.395157 1 0.000050
97 0.404181 0 0.000000
98 0.413206 2 0.000100
99 0.422230 0 0.000000
