0 -0.174581 1 0.000050
1 -0.171069 0 0.000000
2 -0.167557 3 0.000150
3 -0.164045 5 0.000250
4 -0.160533 4 0.000200
5 -0.157021 6 0.000300
6 -0.153508 6 0.000300
7 -0.149996 3 0.000150
8 -0.146484 1 0.000050
9 -0.142972 5 0.000250
10 -0.139460 1 0.000050
11 -0.135948 2 0.000100
12 -0.132436 1 0.000050
13 -0.128924 4 0.000200
14 -0.125412 0 0.000000
15 -0.121900 2 0.000100
16 -0.118388 2 0.000100
17 -0.114876 1 0.000050
18 -0.111363 2 0.000100
19 -0.107851 4 0.000200
20 -0.104339 2 0.000100
21 -0.100827 3 0.000150
22 -0.097315 6 0.000300
23 -0.093803 5 0.000250
24 -0.090291 5 0.000250
25 -0.086779 13 0.000650
26 -0.083267 10 0.000500
27 -0.079755 7 0.000350
28 -0.076243 10 0.000500
29 -0.072731 11 0.000550
30 -0.069218 27 0.001350
31 -0.065706 28 0.001400
32 -0.062194 24 0.001200
33 -0.058682 18 0.000900
34 -0.055170 34 0.001700
35 -0.051658 36 0.001800
36 -0.048146 83 0.004150
37 -0.044634 74 0.003700
38 -0.041122 95 0.004750
39 -0.037610 116 0.005800
40 -0.034098 140 0.007000
41 -0.030586 253 0.012650
42 -0.027073 379 0.018950
43 -0.023561 593 0.029650
44 -0.020049 1106 0.055300
45 -0.016537 2244 0.112200
46 -0.013025 3813 0.190650
47 -0.009513 4300 0.215000
48 -0.006001 2588 0.129400
49 -0.002489 1369 0.068450
50 0.001023 781 0.039050
51 0.004535 564 0.028200
52 0.008047 308 0.015400
53 0.011559 187 0.009350
54 0.015072 139 0.006950
55 0.018584 101 0.005050
56 0.022096 102 0.005100
57 0.025608 60 0.003000
58 0.029120 51 0.002550
59 0.032632 32 0.001600
60 0.036144 38 0.001900
61 0.039656 19 0.000950
62 0.043168 20 0.001000
63 0.046680 25 0.001250
64 0.050192 15 0.000750
65 0.053704 6 0.000300
66 0.057217 12 0.000600
67 0.060729 10 0.000500
68 0.064241 7 0.000350
69 0.067753 14 0.000700
70 0.071265 8 0.000400
71 0.074777 5 0.000250
72 0.078289 3 0.000150
73 0.081801 4 0.000200
74 0.085313 2 0.000100
75 0.088825 0 0.000000
76 0.092337 4 0.000200
77 0.095849 1 0.000050
78 0.099362 0 0.000000
79 0.102874 1 0.000050
80 0.106386 0 0.000000
81 0.109898 1 0.000050
82 0.113410 0 0.000000
83 0.116922 1 0.000050
84 0.120434 2 0.000100
85 0.123946 0 0.000000
86 0.127458 0 0.000000
87 0.130970 6 0.000300
88 0.134482 2 0.000100
89 0.137994 3 0.000150
90 0.141507 4 0.000200
91 0.145019 4 0.000200
92 0.148531 2 0.000100
93 0.152043 1 0.000050
94 0.155555 1 0.000050
95 0.159067 0 0.000000
96 0.162579 0 0.000000
97 0.166091 0 0.000000
98 0.169603 7 0.000350
99 0.173115 2 0.000100
