0 0.000000 2 0.000033
1 0.010092 8 0.000133
2 0.020185 12 0.000200
3 0.030277 11 0.000183
4 0.040370 11 0.000183
5 0.050462 21 0.000350
6 0.060554 10 0.000167
7 0.070647 7 0.000117
8 0.080739 15 0.000250
9 0.090832 12 0.000200
10 0.100924 17 0.000283
11 0.111016 13 0.000217
12 0.121109 17 0.000283
13 0.131201 14 0.000233
14 0.141294 12 0.000200
15 0.151386 19 0.000317
16 0.161478 20 0.000333
17 0.171571 22 0.000367
18 0.181663 24 0.000400
19 0.191755 28 0.000467
20 0.201848 39 0.000650
21 0.211940 34 0.000567
22 0.222033 51 0.000850
23 0.232125 26 0.000433
24 0.242217 43 0.000717
25 0.252310 62 0.001033
26 0.262402 67 0.001117
27 0.272495 89 0.001483
28 0.282587 99 0.001650
29 0.292679 110 0.001833
30 0.302772 145 0.002417
31 0.312864 227 0.003783
32 0.322957 319 0.005317
33 0.333049 294 0.004900
34 0.343141 255 0.004250
35 0.353234 284 0.004733
36 0.363326 363 0.006050
37 0.373419 453 0.007550
38 0.383511 370 0.006167
39 0.393603 388 0.006467
40 0.403696 566 0.009433
41 0.413788 717 0.011950
42 0.423880 1402 0.023367
43 0.433973 975 0.016250
44 0.444065 969 0.016150
45 0.454158 1377 0.022950
46 0.464250 1796 0.029933
47 0.474342 2006 0.033433
48 0.484435 3079 0.051317
49 0.494527 7993 0.133217
50 0.504620 3519 0.058650
51 0.514712 2213 0.036883
52 0.524804 2265 0.037750
53 0.534897 1486 0.024767
54 0.544989 1328 0.022133
55 0.555082 1402 0.023367
56 0.565174 1669 0.027817
57 0.575266 2260 0.037667
58 0.585359 2993 0.049883
59 0.595451 2779 0.046317
60 0.605543 1520 0.025333
61 0.615636 1333 0.022217
62 0.625728 1320 0.022000
63 0.635821 650 0.010833
64 0.645913 515 0.008583
65 0.656005 470 0.007833
66 0.666098 446 0.007433
67 0.676190 351 0.005850
68 0.686283 256 0.004267
69 0.696375 243 0.004050
70 0.706467 196 0.003267
71 0.716560 194 0.003233
72 0.726652 172 0.002867
73 0.736745 197 0.003283
74 0.746837 204 0.003400
75 0.756929 196 0.003267
76 0.767022 232 0.003867
77 0.777114 171 0.002850
78 0.787207 199 0.003317
79 0.797299 174 0.002900
80 0.807391 191 0.003183
81 0.817484 218 0.003633
82 0.827576 253 0.004217
83 0.837668 234 0.003900
84 0.847761 264 0.004400
85 0.857853 401 0.006683
86 0.867946 439 0.007317
87 0.878038 396 0.006600
88 0.888130 264 0.004400
89 0.898223 239 0.003983
90 0.908315 269 0.004483
91 0.918408 333 0.005550
92 0.928500 286 0.004767
93 0.938592 162 0.002700
94 0.948685 72 0.001200
95 0.958777 52 0.000867
96 0.968870 47 0.000783
97 0.978962 23 0.000383
98 0.989054 10 0.000167
99 0.999147 1 0.000017
