0 0.012166 3 0.000150
1 0.021875 3 0.000150
2 0.031584 2 0.000100
3 0.041292 4 0.000200
4 0.051001 17 0.000850
5 0.060710 6 0.000300
6 0.070419 5 0.000250
7 0.080127 10 0.000500
8 0.089836 7 0.000350
9 0.099545 9 0.000450
10 0.109254 11 0.000550
11 0.118963 9 0.000450
12 0.128671 13 0.000650
13 0.138380 8 0.000400
14 0.148089 12 0.000600
15 0.157798 17 0.000850
16 0.167506 16 0.000800
17 0.177215 14 0.000700
18 0.186924 24 0.001200
19 0.196633 33 0.001650
20 0.206342 26 0.001300
21 0.216050 41 0.002050
22 0.225759 26 0.001300
23 0.235468 26 0.001300
24 0.245177 24 0.001200
25 0.254885 26 0.001300
26 0.264594 43 0.002150
27 0.274303 44 0.002200
28 0.284012 61 0.003050
29 0.293721 70 0.003500
30 0.303429 64 0.003200
31 0.313138 62 0.003100
32 0.322847 88 0.004400
33 0.332556 95 0.004750
34 0.342264 84 0.004200
35 0.351973 85 0.004250
36 0.361682 132 0.006600
37 0.371391 114 0.005700
38 0.381099 157 0.007850
39 0.390808 170 0.008500
40 0.400517 195 0.009750
41 0.410226 242 0.012100
42 0.419935 283 0.014150
43 0.429643 339 0.016950
44 0.439352 409 0.020450
45 0.449061 538 0.026900
46 0.458770 706 0.035300
47 0.468478 878 0.043900
48 0.478187 1411 0.070550
49 0.487896 2737 0.136850
50 0.497605 3246 0.162300
51 0.507314 1837 0.091850
52 0.517022 1096 0.054800
53 0.526731 714 0.035700
54 0.536440 510 0.025500
55 0.546149 413 0.020650
56 0.555857 376 0.018800
57 0.565566 315 0.015750
58 0.575275 277 0.013850
59 0.584984 191 0.009550
60 0.594693 174 0.008700
61 0.604401 124 0.006200
62 0.614110 142 0.007100
63 0.623819 118 0.005900
64 0.633528 116 0.005800
65 0.643236 95 0.004750
66 0.652945 106 0.005300
67 0.662654 84 0.004200
68 0.672363 83 0.004150
69 0.682072 80 0.004000
70 0.691780 45 0.002250
71 0.701489 33 0.001650
72 0.711198 33 0.001650
73 0.720907 35 0.001750
74 0.730615 23 0.001150
75 0.740324 29 0.001450
76 0.750033 26 0.001300
77 0.759742 28 0.001400
78 0.769450 30 0.001500
79 0.779159 15 0.000750
80 0.788868 16 0.000800
81 0.798577 12 0.000600
82 0.808286 21 0.001050
83 0.817994 14 0.000700
84 0.827703 11 0.000550
85 0.837412 13 0.000650
86 0.847121 14 0.000700
87 0.856829 5 0.000250
88 0.866538 15 0.000750
89 0.876247 5 0.000250
90 0.885956 12 0.000600
91 0.895665 2 0.000100
92 0.905373 10 0.000500
93 0.915082 13 0.000650
94 0.924791 13 0.000650
95 0.934500 9 0.000450
96 0.944208 6 0.000300
97 0.953917 2 0.000100
98 0.963626 13 0.000650
99 0.973335 1 0.000050
