0 0.004892 1 0.000050
1 0.013976 0 0.000000
2 0.023061 0 0.000000
3 0.032146 0 0.000000
4 0.041230 0 0.000000
5 0.050315 0 0.000000
6 0.059399 0 0.000000
7 0.068484 0 0.000000
8 0.077569 0 0.000000
9 0.086653 0 0.000000
10 0.095738 0 0.000000
11 0.104823 1 0.000050
12 0.113907 1 0.000050
13 0.122992 0 0.000000
14 0.132077 0 0.000000
15 0.141161 0 0.000000
16 0.150246 0 0.000000
17 0.159331 0 0.000000
18 0.168415 0 0.000000
19 0.177500 1 0.000050
20 0.186585 0 0.000000
21 0.195669 0 0.000000
22 0.204754 2 0.000100
23 0.213839 4 0.000200
24 0.222923 6 0.000300
25 0.232008 1 0.000050
26 0.241092 3 0.000150
27 0.250177 1 0.000050
28 0.259262 1 0.000050
29 0.268346 0 0.000000
30 0.277431 1 0.000050
31 0.286516 2 0.000100
32 0.295600 9 0.000450
33 0.304685 28 0.001400
34 0.313770 50 0.002500
35 0.322854 81 0.004050
36 0.331939 73 0.003650
37 0.341024 61 0.003050
38 0.350108 112 0.005600
39 0.359193 165 0.008250
40 0.368278 320 0.016000
41 0.377362 184 0.009200
42 0.386447 184 0.009200
43 0.395531 170 0.008500
44 0.404616 296 0.014800
45 0.413701 328 0.016400
46 0.422785 893 0.044650
47 0.431870 675 0.033750
48 0.440955 366 0.018300
49 0.450039 496 0.024800
50 0.459124 656 0.032800
51 0.468209 926 0.046300
52 0.477293 551 0.027550
53 0.486378 643 0.032150
54 0.495463 4314 0.215700
55 0.504547 1004 0.050200
56 0.513632 741 0.037050
57 0.522717 1002 0.050100
58 0.531801 944 0.047200
59 0.540886 510 0.025500
60 0.549971 478 0.023900
61 0.559055 520 0.026000
62 0.568140 718 0.035900
63 0.577224 372 0.018600
64 0.586309 320 0.016000
65 0.595394 227 0.011350
66 0.604478 239 0.011950
67 0.613563 194 0.009700
68 0.622648 480 0.024000
69 0.631732 141 0.007050
70 0.640817 82 0.004100
71 0.649902 82 0.004100
72 0.658986 97 0.004850
73 0.668071 108 0.005400
74 0.677155 40 0.002000
75 0.686240 22 0.001100
76 0.695325 32 0.001600
77 0.704409 14 0.000700
78 0.713494 5 0.000250
79 0.722579 0 0.000000
80 0.731663 2 0.000100
81 0.740748 3 0.000150
82 0.749833 0 0.000000
83 0.758917 0 0.000000
84 0.768002 1 0.000050
85 0.777087 3 0.000150
86 0.786171 2 0.000100
87 0.795256 3 0.000150
88 0.804341 2 0.000100
89 0.813425 0 0.000000
90 0.822510 0 0.000000
91 0.831595 0 0.000000
92 0.840679 0 0.000000
93 0.849764 0 0.000000
94 0.858848 1 0.000050
95 0.867933 1 0.000050
96 0.877018 1 0.000050
97 0.886102 2 0.000100
98 0.895187 1 0.000050
99 0.904272 0 0.000000
