0 0.430838 2 0.000100
1 0.432472 0 0.000000
2 0.434107 3 0.000150
3 0.435742 9 0.000450
4 0.437376 1 0.000050
5 0.439011 2 0.000100
6 0.440645 3 0.000150
7 0.442280 0 0.000000
8 0.443915 37 0.001850
9 0.445549 6 0.000300
10 0.447184 0 0.000000
11 0.448819 16 0.000800
12 0.450453 23 0.001150
13 0.452088 26 0.001300
14 0.453722 17 0.000850
15 0.455357 38 0.001900
16 0.456992 42 0.002100
17 0.458626 38 0.001900
18 0.460261 31 0.001550
19 0.461895 38 0.001900
20 0.463530 29 0.001450
21 0.465165 44 0.002200
22 0.466799 46 0.002300
23 0.468434 50 0.002500
24 0.470068 65 0.003250
25 0.471703 42 0.002100
26 0.473338 163 0.008150
27 0.474972 103 0.005150
28 0.476607 94 0.004700
29 0.478242 137 0.006850
30 0.479876 207 0.010350
31 0.481511 255 0.012750
32 0.483145 180 0.009000
33 0.484780 176 0.008800
34 0.486415 321 0.016050
35 0.488049 398 0.019900
36 0.489684 677 0.033850
37 0.491318 646 0.032300
38 0.492953 828 0.041400
39 0.494588 1083 0.054150
40 0.496222 1721 0.086050
41 0.497857 1894 0.094700
42 0.499492 2060 0.103000
43 0.501126 1377 0.068850
44 0.502761 1176 0.058800
45 0.504395 792 0.039600
46 0.506030 933 0.046650
47 0.507665 750 0.037500
48 0.509299 576 0.028800
49 0.510934 382 0.019100
50 0.512568 317 0.015850
51 0.514203 253 0.012650
52 0.515838 275 0.013750
53 0.517472 157 0.007850
54 0.519107 202 0.010100
55 0.520741 148 0.007400
56 0.522376 142 0.007100
57 0.524011 97 0.004850
58 0.525645 104 0.005200
59 0.527280 41 0.002050
60 0.528915 60 0.003000
61 0.530549 48 0.002400
62 0.532184 47 0.002350
63 0.533818 36 0.001800
64 0.535453 93 0.004650
65 0.537088 37 0.001850
66 0.538722 32 0.001600
67 0.540357 27 0.001350
68 0.541991 24 0.001200
69 0.543626 36 0.001800
70 0.545261 14 0.000700
71 0.546895 24 0.001200
72 0.548530 30 0.001500
73 0.550164 22 0.001100
74 0.551799 21 0.001050
75 0.553434 21 0.001050
76 0.555068 11 0.000550
77 0.556703 29 0.001450
78 0.558338 19 0.000950
79 0.559972 13 0.000650
80 0.561607 8 0.000400
81 0.563241 8 0.000400
82 0.564876 6 0.000300
83 0.566511 4 0.000200
84 0.568145 9 0.000450
85 0.569780 8 0.000400
86 0.571414 8 0.000400
87 0.573049 6 0.000300
88 0.574684 3 0.000150
89 0.576318 6 0.000300
90 0.577953 3 0.000150
91 0.579587 5 0.000250
92 0.581222 0 0.000000
93 0.582857 4 0.000200
94 0.584491 0 0.000000
95 0.586126 0 0.000000
96 0.587761 2 0.000100
97 0.589395 0 0.000000
98 0.591030 0 0.000000
99 0.592664 3 0.000150
