0 0.065622 9 0.000150
1 0.075222 7 0.000117
2 0.084822 2 0.000033
3 0.094422 4 0.000067
4 0.104022 16 0.000267
5 0.113622 5 0.000083
6 0.123222 3 0.000050
7 0.132822 3 0.000050
8 0.142422 26 0.000433
9 0.152022 4 0.000067
10 0.161622 3 0.000050
11 0.171222 113 0.001883
12 0.180822 37 0.000617
13 0.190422 41 0.000683
14 0.200022 38 0.000633
15 0.209622 48 0.000800
16 0.219222 15 0.000250
17 0.228822 31 0.000517
18 0.238422 41 0.000683
19 0.248022 70 0.001167
20 0.257622 47 0.000783
21 0.267222 43 0.000717
22 0.276822 110 0.001833
23 0.286422 94 0.001567
24 0.296022 95 0.001583
25 0.305622 75 0.001250
26 0.315222 153 0.002550
27 0.324822 254 0.004233
28 0.334422 208 0.003467
29 0.344022 167 0.002783
30 0.353622 78 0.001300
31 0.363222 111 0.001850
32 0.372822 102 0.001700
33 0.382422 152 0.002533
34 0.392022 195 0.003250
35 0.401622 204 0.003400
36 0.411222 144 0.002400
37 0.420822 234 0.003900
38 0.430422 420 0.007000
39 0.440022 458 0.007633
40 0.449622 774 0.012900
41 0.459222 756 0.012600
42 0.468822 1403 0.023383
43 0.478422 2241 0.037350
44 0.488023 7021 0.117017
45 0.497623 11733 0.195550
46 0.507223 5320 0.088667
47 0.516823 2397 0.039950
48 0.526423 1433 0.023883
49 0.536023 1115 0.018583
50 0.545623 853 0.014217
51 0.555223 827 0.013783
52 0.564823 775 0.012917
53 0.574423 882 0.014700
54 0.584023 1511 0.025183
55 0.593623 2773 0.046217
56 0.603223 2487 0.041450
57 0.612823 1429 0.023817
58 0.622423 935 0.015583
59 0.632023 806 0.013433
60 0.641623 580 0.009667
61 0.651223 480 0.008000
62 0.660823 333 0.005550
63 0.670423 290 0.004833
64 0.680023 367 0.006117
65 0.689623 281 0.004683
66 0.699223 218 0.003633
67 0.708823 137 0.002283
68 0.718423 187 0.003117
69 0.728023 182 0.003033
70 0.737623 131 0.002183
71 0.747223 150 0.002500
72 0.756823 219 0.003650
73 0.766423 250 0.004167
74 0.776023 123 0.002050
75 0.785623 170 0.002833
76 0.795223 159 0.002650
77 0.804823 185 0.003083
78 0.814423 135 0.002250
79 0.824023 251 0.004183
80 0.833623 233 0.003883
81 0.843223 272 0.004533
82 0.852823 319 0.005317
83 0.862423 370 0.006167
84 0.872023 347 0.005783
85 0.881623 357 0.005950
86 0.891223 339 0.005650
87 0.900823 289 0.004817
88 0.910423 277 0.004617
89 0.920023 209 0.003483
90 0.929623 263 0.004383
91 0.939223 245 0.004083
92 0.948823 153 0.002550
93 0.958423 81 0.001350
94 0.968023 34 0.000567
95 0.977623 31 0.000517
96 0.987223 1 0.000017
97 0.996823 17 0.000283
98 1.006423 3 0.000050
99 1.016023 1 0.000017
