0 0.000000 1 0.000050
1 0.010092 5 0.000250
2 0.020185 9 0.000450
3 0.030277 9 0.000450
4 0.040370 9 0.000450
5 0.050462 2 0.000100
6 0.060554 4 0.000200
7 0.070647 1 0.000050
8 0.080739 6 0.000300
9 0.090832 5 0.000250
10 0.100924 4 0.000200
11 0.111016 4 0.000200
12 0.121109 3 0.000150
13 0.131201 4 0.000200
14 0.141294 2 0.000100
15 0.151386 5 0.000250
16 0.161478 3 0.000150
17 0.171571 5 0.000250
18 0.181663 2 0.000100
19 0.191755 1 0.000050
20 0.201848 4 0.000200
21 0.211940 2 0.000100
22 0.222033 3 0.000150
23 0.232125 3 0.000150
24 0.242217 17 0.000850
25 0.252310 31 0.001550
26 0.262402 23 0.001150
27 0.272495 43 0.002150
28 0.282587 40 0.002000
29 0.292679 33 0.001650
30 0.302772 45 0.002250
31 0.312864 110 0.005500
32 0.322957 134 0.006700
33 0.333049 128 0.006400
34 0.343141 83 0.004150
35 0.353234 15 0.000750
36 0.363326 13 0.000650
37 0.373419 13 0.000650
38 0.383511 16 0.000800
39 0.393603 20 0.001000
40 0.403696 35 0.001750
41 0.413788 36 0.001800
42 0.423880 35 0.001750
43 0.433973 38 0.001900
44 0.444065 42 0.002100
45 0.454158 53 0.002650
46 0.464250 65 0.003250
47 0.474342 71 0.003550
48 0.484435 95 0.004750
49 0.494527 125 0.006250
50 0.504620 113 0.005650
51 0.514712 152 0.007600
52 0.524804 197 0.009850
53 0.534897 208 0.010400
54 0.544989 346 0.017300
55 0.555082 406 0.020300
56 0.565174 591 0.029550
57 0.575266 1516 0.075800
58 0.585359 2438 0.121900
59 0.595451 2346 0.117300
60 0.605543 1150 0.057500
61 0.615636 917 0.045850
62 0.625728 733 0.036650
63 0.635821 431 0.021550
64 0.645913 331 0.016550
65 0.656005 263 0.013150
66 0.666098 246 0.012300
67 0.676190 208 0.010400
68 0.686283 177 0.008850
69 0.696375 166 0.008300
70 0.706467 157 0.007850
71 0.716560 152 0.007600
72 0.726652 142 0.007100
73 0.736745 163 0.008150
74 0.746837 173 0.008650
75 0.756929 176 0.008800
76 0.767022 189 0.009450
77 0.777114 153 0.007650
78 0.787207 179 0.008950
79 0.797299 160 0.008000
80 0.807391 167 0.008350
81 0.817484 204 0.010200
82 0.827576 242 0.012100
83 0.837668 221 0.011050
84 0.847761 248 0.012400
85 0.857853 396 0.019800
86 0.867946 421 0.021050
87 0.878038 391 0.019550
88 0.888130 252 0.012600
89 0.898223 235 0.011750
90 0.908315 256 0.012800
91 0.918408 323 0.016150
92 0.928500 266 0.013300
93 0.938592 158 0.007900
94 0.948685 69 0.003450
95 0.958777 43 0.002150
96 0.968870 40 0.002000
97 0.978962 23 0.001150
98 0.989054 10 0.000500
99 0.999147 1 0.000050
