0 0.065622 9 0.000450
1 0.074683 6 0.000300
2 0.083745 3 0.000150
3 0.092807 4 0.000200
4 0.101868 12 0.000600
5 0.110930 9 0.000450
6 0.119992 2 0.000100
7 0.129053 1 0.000050
8 0.138115 24 0.001200
9 0.147177 8 0.000400
10 0.156238 1 0.000050
11 0.165300 26 0.001300
12 0.174362 44 0.002200
13 0.183423 10 0.000500
14 0.192485 14 0.000700
15 0.201547 34 0.001700
16 0.210608 16 0.000800
17 0.219670 15 0.000750
18 0.228732 30 0.001500
19 0.237793 41 0.002050
20 0.246855 48 0.002400
21 0.255917 15 0.000750
22 0.264978 51 0.002550
23 0.274040 45 0.002250
24 0.283102 43 0.002150
25 0.292163 46 0.002300
26 0.301225 47 0.002350
27 0.310287 63 0.003150
28 0.319348 76 0.003800
29 0.328410 63 0.003150
30 0.337472 89 0.004450
31 0.346533 115 0.005750
32 0.355595 67 0.003350
33 0.364657 90 0.004500
34 0.373718 101 0.005050
35 0.382780 119 0.005950
36 0.391842 152 0.007600
37 0.400903 209 0.010450
38 0.409965 128 0.006400
39 0.419027 162 0.008100
40 0.428088 282 0.014100
41 0.437150 395 0.019750
42 0.446212 450 0.022500
43 0.455273 526 0.026300
44 0.464335 555 0.027750
45 0.473397 738 0.036900
46 0.482458 1149 0.057450
47 0.491520 2119 0.105950
48 0.500582 3305 0.165250
49 0.509643 2155 0.107750
50 0.518705 1199 0.059950
51 0.527767 851 0.042550
52 0.536828 643 0.032150
53 0.545890 456 0.022800
54 0.554951 415 0.020750
55 0.564013 313 0.015650
56 0.573075 330 0.016500
57 0.582137 241 0.012050
58 0.591198 191 0.009550
59 0.600260 175 0.008750
60 0.609321 127 0.006350
61 0.618383 141 0.007050
62 0.627445 70 0.003500
63 0.636506 162 0.008100
64 0.645568 93 0.004650
65 0.654630 91 0.004550
66 0.663691 45 0.002250
67 0.672753 108 0.005400
68 0.681815 107 0.005350
69 0.690876 48 0.002400
70 0.699938 26 0.001300
71 0.709000 27 0.001350
72 0.718061 23 0.001150
73 0.727123 35 0.001750
74 0.736185 27 0.001350
75 0.745246 34 0.001700
76 0.754308 38 0.001900
77 0.763370 30 0.001500
78 0.772431 33 0.001650
79 0.781493 12 0.000600
80 0.790555 19 0.000950
81 0.799616 2 0.000100
82 0.808678 4 0.000200
83 0.817740 17 0.000850
84 0.826801 20 0.001000
85 0.835863 14 0.000700
86 0.844925 25 0.001250
87 0.853986 4 0.000200
88 0.863048 7 0.000350
89 0.872110 16 0.000800
90 0.881171 3 0.000150
91 0.890233 6 0.000300
92 0.899295 16 0.000800
93 0.908356 17 0.000850
94 0.917418 3 0.000150
95 0.926480 6 0.000300
96 0.935541 9 0.000450
97 0.944603 0 0.000000
98 0.953665 5 0.000250
99 0.962726 4 0.000200
