0 0.172119 73 0.003650
1 0.180644 0 0.000000
2 0.189168 29 0.001450
3 0.197692 17 0.000850
4 0.206217 8 0.000400
5 0.214741 9 0.000450
6 0.223265 0 0.000000
7 0.231789 1 0.000050
8 0.240314 0 0.000000
9 0.248838 8 0.000400
10 0.257362 12 0.000600
11 0.265887 23 0.001150
12 0.274411 58 0.002900
13 0.282935 16 0.000800
14 0.291459 41 0.002050
15 0.299984 30 0.001500
16 0.308508 36 0.001800
17 0.317032 66 0.003300
18 0.325557 166 0.008300
19 0.334081 129 0.006450
20 0.342605 37 0.001850
21 0.351129 33 0.001650
22 0.359654 0 0.000000
23 0.368178 3 0.000150
24 0.376702 1 0.000050
25 0.385227 26 0.001300
26 0.393751 10 0.000500
27 0.402275 0 0.000000
28 0.410799 3 0.000150
29 0.419324 32 0.001600
30 0.427848 62 0.003100
31 0.436372 40 0.002000
32 0.444897 10 0.000500
33 0.453421 34 0.001700
34 0.461945 45 0.002250
35 0.470469 43 0.002150
36 0.478994 49 0.002450
37 0.487518 85 0.004250
38 0.496042 104 0.005200
39 0.504566 92 0.004600
40 0.513091 94 0.004700
41 0.521615 143 0.007150
42 0.530139 143 0.007150
43 0.538664 173 0.008650
44 0.547188 219 0.010950
45 0.555712 260 0.013000
46 0.564236 309 0.015450
47 0.572761 482 0.024100
48 0.581285 859 0.042950
49 0.589809 1829 0.091450
50 0.598334 2116 0.105800
51 0.606858 1982 0.099100
52 0.615382 1022 0.051100
53 0.623906 659 0.032950
54 0.632431 619 0.030950
55 0.640955 394 0.019700
56 0.649479 350 0.017500
57 0.658004 298 0.014900
58 0.666528 220 0.011000
59 0.675052 159 0.007950
60 0.683576 217 0.010850
61 0.692101 182 0.009100
62 0.700625 176 0.008800
63 0.709149 107 0.005350
64 0.717674 130 0.006500
65 0.726198 148 0.007400
66 0.734722 101 0.005050
67 0.743246 78 0.003900
68 0.751771 115 0.005750
69 0.760295 197 0.009850
70 0.768819 166 0.008300
71 0.777344 81 0.004050
72 0.785868 146 0.007300
73 0.794392 108 0.005400
74 0.802916 204 0.010200
75 0.811441 101 0.005050
76 0.819965 120 0.006000
77 0.828489 234 0.011700
78 0.837013 219 0.010950
79 0.845538 229 0.011450
80 0.854062 268 0.013400
81 0.862586 278 0.013900
82 0.871111 348 0.017400
83 0.879635 339 0.016950
84 0.888159 233 0.011650
85 0.896683 263 0.013150
86 0.905208 240 0.012000
87 0.913732 222 0.011100
88 0.922256 240 0.012000
89 0.930781 192 0.009600
90 0.939305 222 0.011100
91 0.947829 164 0.008200
92 0.956353 79 0.003950
93 0.964878 12 0.000600
94 0.973402 39 0.001950
95 0.981926 19 0.000950
96 0.990451 6 0.000300
97 0.998975 14 0.000700
98 1.007499 2 0.000100
99 1.016024 0 0.000000
