initializing
training size    : 359556
testing size     : 20000
epoch count      : 10
sub epoch size   : 5

epoch_learning_rate_decay   : 8
learning_rate_decay         : 0.250000

training



epoch [0 0] from [10 5]
training time per iterations 10.298591[ms]
testing on 20000 items
testing done
average error 0.002670
min error     0.000000
max error     0.160823
saving best net
best net saved to networks/disc16x16x3/net_6/trained/, with error 0.002670



epoch [0 1] from [10 5]
training time per iterations 10.297229[ms]
testing on 20000 items
testing done
average error 0.002215
min error     0.000000
max error     0.144302
saving best net
best net saved to networks/disc16x16x3/net_6/trained/, with error 0.002215



epoch [0 2] from [10 5]
training time per iterations 10.297381[ms]
testing on 20000 items
testing done
average error 0.002137
min error     0.000000
max error     0.168140
saving best net
best net saved to networks/disc16x16x3/net_6/trained/, with error 0.002137



epoch [0 3] from [10 5]
training time per iterations 10.298480[ms]
testing on 20000 items
testing done
average error 0.001935
min error     0.000000
max error     0.155594
saving best net
best net saved to networks/disc16x16x3/net_6/trained/, with error 0.001935



epoch [0 4] from [10 5]
training time per iterations 10.297826[ms]
testing on 20000 items
testing done
average error 0.001882
min error     0.000000
max error     0.153079
saving best net
best net saved to networks/disc16x16x3/net_6/trained/, with error 0.001882



epoch [1 0] from [10 5]
training time per iterations 10.299161[ms]
testing on 20000 items
testing done
average error 0.001834
min error     0.000000
max error     0.148205
saving best net
best net saved to networks/disc16x16x3/net_6/trained/, with error 0.001834



epoch [1 1] from [10 5]
training time per iterations 10.297632[ms]
testing on 20000 items
testing done
average error 0.001833
min error     0.000000
max error     0.170990
saving best net
best net saved to networks/disc16x16x3/net_6/trained/, with error 0.001833



epoch [1 2] from [10 5]
training time per iterations 10.295351[ms]
testing on 20000 items
testing done
average error 0.001894
min error     0.000000
max error     0.167898



epoch [1 3] from [10 5]
training time per iterations 10.296047[ms]
testing on 20000 items
testing done
average error 0.001819
min error     0.000000
max error     0.167223
saving best net
best net saved to networks/disc16x16x3/net_6/trained/, with error 0.001819



epoch [1 4] from [10 5]
training time per iterations 10.293738[ms]
testing on 20000 items
testing done
average error 0.001882
min error     0.000000
max error     0.165928



epoch [2 0] from [10 5]
training time per iterations 10.293015[ms]
testing on 20000 items
testing done
average error 0.001792
min error     0.000000
max error     0.188191
saving best net
best net saved to networks/disc16x16x3/net_6/trained/, with error 0.001792



epoch [2 1] from [10 5]
training time per iterations 10.296144[ms]
testing on 20000 items
testing done
average error 0.001820
min error     0.000000
max error     0.187931



epoch [2 2] from [10 5]
training time per iterations 10.293835[ms]
testing on 20000 items
testing done
average error 0.001691
min error     0.000000
max error     0.156960
saving best net
best net saved to networks/disc16x16x3/net_6/trained/, with error 0.001691



epoch [2 3] from [10 5]
training time per iterations 10.298591[ms]
testing on 20000 items
testing done
average error 0.001737
min error     0.000000
max error     0.173240



epoch [2 4] from [10 5]
training time per iterations 10.293446[ms]
testing on 20000 items
testing done
average error 0.001797
min error     0.000000
max error     0.171980



epoch [3 0] from [10 5]
training time per iterations 10.293641[ms]
testing on 20000 items
testing done
average error 0.001734
min error     0.000000
max error     0.163140



epoch [3 1] from [10 5]
training time per iterations 10.293891[ms]
testing on 20000 items
testing done
average error 0.001724
min error     0.000000
max error     0.153052



epoch [3 2] from [10 5]
training time per iterations 10.292862[ms]
testing on 20000 items
testing done
average error 0.001745
min error     0.000000
max error     0.165345



epoch [3 3] from [10 5]
training time per iterations 10.293488[ms]
testing on 20000 items
testing done
average error 0.001707
min error     0.000000
max error     0.169691



epoch [3 4] from [10 5]
training time per iterations 10.292500[ms]
testing on 20000 items
testing done
average error 0.001724
min error     0.000000
max error     0.156514



epoch [4 0] from [10 5]
training time per iterations 10.293237[ms]
testing on 20000 items
testing done
average error 0.001781
min error     0.000000
max error     0.154190



epoch [4 1] from [10 5]
training time per iterations 10.293543[ms]
testing on 20000 items
testing done
average error 0.001685
min error     0.000000
max error     0.165577
saving best net
best net saved to networks/disc16x16x3/net_6/trained/, with error 0.001685



epoch [4 2] from [10 5]
training time per iterations 10.291652[ms]
testing on 20000 items
testing done
average error 0.001740
min error     0.000000
max error     0.161991



epoch [4 3] from [10 5]
training time per iterations 10.291597[ms]
testing on 20000 items
testing done
average error 0.001691
min error     0.000000
max error     0.161682



epoch [4 4] from [10 5]
training time per iterations 10.292487[ms]
testing on 20000 items
testing done
average error 0.001753
min error     0.000000
max error     0.172143



epoch [5 0] from [10 5]
training time per iterations 10.294211[ms]
testing on 20000 items
testing done
average error 0.001780
min error     0.000000
max error     0.179719



epoch [5 1] from [10 5]
training time per iterations 10.291388[ms]
testing on 20000 items
testing done
average error 0.001664
min error     0.000000
max error     0.155553
saving best net
best net saved to networks/disc16x16x3/net_6/trained/, with error 0.001664



epoch [5 2] from [10 5]
training time per iterations 10.294656[ms]
testing on 20000 items
testing done
average error 0.001727
min error     0.000000
max error     0.173639



epoch [5 3] from [10 5]
training time per iterations 10.291902[ms]
testing on 20000 items
testing done
average error 0.001682
min error     0.000000
max error     0.175921



epoch [5 4] from [10 5]
training time per iterations 10.293377[ms]
testing on 20000 items
testing done
average error 0.001784
min error     0.000000
max error     0.171108



epoch [6 0] from [10 5]
training time per iterations 10.293738[ms]
testing on 20000 items
testing done
average error 0.001717
min error     0.000000
max error     0.160796



epoch [6 1] from [10 5]
training time per iterations 10.293863[ms]
testing on 20000 items
testing done
average error 0.001671
min error     0.000000
max error     0.164646



epoch [6 2] from [10 5]
training time per iterations 10.293043[ms]
testing on 20000 items
testing done
average error 0.001641
min error     0.000000
max error     0.151881
saving best net
best net saved to networks/disc16x16x3/net_6/trained/, with error 0.001641



epoch [6 3] from [10 5]
training time per iterations 10.295087[ms]
testing on 20000 items
testing done
average error 0.001705
min error     0.000000
max error     0.177353



epoch [6 4] from [10 5]
training time per iterations 10.292765[ms]
testing on 20000 items
testing done
average error 0.001839
min error     0.000000
max error     0.184994



epoch [7 0] from [10 5]
training time per iterations 10.657660[ms]
testing on 20000 items
testing done
average error 0.001658
min error     0.000000
max error     0.169353



epoch [7 1] from [10 5]
training time per iterations 10.678130[ms]
testing on 20000 items
testing done
average error 0.001702
min error     0.000000
max error     0.170478



epoch [7 2] from [10 5]
training time per iterations 10.677894[ms]
testing on 20000 items
testing done
average error 0.001602
min error     0.000000
max error     0.173504
saving best net
best net saved to networks/disc16x16x3/net_6/trained/, with error 0.001602



epoch [7 3] from [10 5]
training time per iterations 10.677727[ms]
testing on 20000 items
testing done
average error 0.001690
min error     0.000000
max error     0.183569



epoch [7 4] from [10 5]
training time per iterations 10.678672[ms]
testing on 20000 items
testing done
average error 0.001731
min error     0.000000
max error     0.164805
setting learning rate to 0.000050



epoch [8 0] from [10 5]
training time per iterations 10.679020[ms]
testing on 20000 items
testing done
average error 0.001650
min error     0.000000
max error     0.167383



epoch [8 1] from [10 5]
training time per iterations 10.679326[ms]
testing on 20000 items
testing done
average error 0.001656
min error     0.000000
max error     0.177046



epoch [8 2] from [10 5]
training time per iterations 10.677615[ms]
testing on 20000 items
testing done
average error 0.001598
min error     0.000000
max error     0.169115
saving best net
best net saved to networks/disc16x16x3/net_6/trained/, with error 0.001598



epoch [8 3] from [10 5]
training time per iterations 10.676517[ms]
testing on 20000 items
testing done
average error 0.001665
min error     0.000000
max error     0.163147



epoch [8 4] from [10 5]
training time per iterations 10.677657[ms]
testing on 20000 items
testing done
average error 0.001665
min error     0.000000
max error     0.169257



epoch [9 0] from [10 5]
training time per iterations 10.674751[ms]
testing on 20000 items
testing done
average error 0.001607
min error     0.000000
max error     0.163757



epoch [9 1] from [10 5]
training time per iterations 10.678297[ms]
testing on 20000 items
testing done
average error 0.001673
min error     0.000000
max error     0.163590



epoch [9 2] from [10 5]
training time per iterations 10.675043[ms]
testing on 20000 items
testing done
average error 0.001764
min error     0.000000
max error     0.171568



epoch [9 3] from [10 5]
training time per iterations 10.675460[ms]
testing on 20000 items
testing done
average error 0.001652
min error     0.000000
max error     0.170566



epoch [9 4] from [10 5]
training time per iterations 10.673861[ms]
testing on 20000 items
testing done
average error 0.001623
min error     0.000000
max error     0.170866
training done
