0.000000 0 0 0.002670 0.000000 0.160823 0.002596 0.000000 0.260223
0.200000 0 1 0.002215 0.000000 0.144302 0.002125 0.000000 0.139558
0.400000 0 2 0.002137 0.000000 0.168140 0.002148 0.000000 0.168140
0.600000 0 3 0.001935 0.000000 0.155594 0.001870 0.000000 0.153420
0.800000 0 4 0.001882 0.000000 0.153079 0.001875 0.000000 0.250398
1.000000 1 0 0.001834 0.000000 0.148205 0.001817 0.000000 0.163118
1.200000 1 1 0.001833 0.000000 0.170990 0.001794 0.000000 0.162670
1.400000 1 2 0.001894 0.000000 0.167898 0.001871 0.000000 0.241608
1.600000 1 3 0.001819 0.000000 0.167223 0.001793 0.000000 0.226081
1.800000 1 4 0.001882 0.000000 0.165928 0.001870 0.000000 0.242286
2.000000 2 0 0.001792 0.000000 0.188191 0.001760 0.000000 0.246360
2.200000 2 1 0.001820 0.000000 0.187931 0.001785 0.000000 0.263784
2.400000 2 2 0.001691 0.000000 0.156960 0.001660 0.000000 0.203144
2.600000 2 3 0.001737 0.000000 0.173240 0.001723 0.000000 0.171573
2.800000 2 4 0.001797 0.000000 0.171980 0.001771 0.000000 0.239699
3.000000 3 0 0.001734 0.000000 0.163140 0.001749 0.000000 0.199708
3.200000 3 1 0.001724 0.000000 0.153052 0.001696 0.000000 0.186077
3.400000 3 2 0.001745 0.000000 0.165345 0.001723 0.000000 0.254087
3.600000 3 3 0.001707 0.000000 0.169691 0.001695 0.000000 0.155278
3.800000 3 4 0.001724 0.000000 0.156514 0.001702 0.000000 0.187764
4.000000 4 0 0.001781 0.000000 0.154190 0.001726 0.000000 0.168219
4.200000 4 1 0.001685 0.000000 0.165577 0.001679 0.000000 0.165199
4.400000 4 2 0.001740 0.000000 0.161991 0.001709 0.000000 0.243667
4.600000 4 3 0.001691 0.000000 0.161682 0.001688 0.000000 0.236020
4.800000 4 4 0.001753 0.000000 0.172143 0.001736 0.000000 0.166304
5.000000 5 0 0.001780 0.000000 0.179719 0.001755 0.000000 0.178305
5.200000 5 1 0.001664 0.000000 0.155553 0.001655 0.000000 0.238811
5.400000 5 2 0.001727 0.000000 0.173639 0.001714 0.000000 0.245794
5.600000 5 3 0.001682 0.000000 0.175921 0.001667 0.000000 0.203970
5.800000 5 4 0.001784 0.000000 0.171108 0.001797 0.000000 0.237351
6.000000 6 0 0.001717 0.000000 0.160796 0.001695 0.000000 0.238121
6.200000 6 1 0.001671 0.000000 0.164646 0.001628 0.000000 0.226681
6.400000 6 2 0.001641 0.000000 0.151881 0.001649 0.000000 0.256326
6.600000 6 3 0.001705 0.000000 0.177353 0.001685 0.000000 0.177353
6.800000 6 4 0.001839 0.000000 0.184994 0.001797 0.000000 0.149061
7.000000 7 0 0.001658 0.000000 0.169353 0.001649 0.000000 0.222181
7.200000 7 1 0.001702 0.000000 0.170478 0.001672 0.000000 0.129161
7.400000 7 2 0.001602 0.000000 0.173504 0.001587 0.000000 0.185297
7.600000 7 3 0.001690 0.000000 0.183569 0.001702 0.000000 0.155970
7.800000 7 4 0.001731 0.000000 0.164805 0.001739 0.000000 0.235522
8.000000 8 0 0.001650 0.000000 0.167383 0.001610 0.000000 0.150371
8.200000 8 1 0.001656 0.000000 0.177046 0.001619 0.000000 0.150235
8.400000 8 2 0.001598 0.000000 0.169115 0.001603 0.000000 0.231218
8.600000 8 3 0.001665 0.000000 0.163147 0.001655 0.000000 0.146041
8.800000 8 4 0.001665 0.000000 0.169257 0.001667 0.000000 0.181301
9.000000 9 0 0.001607 0.000000 0.163757 0.001604 0.000000 0.229725
9.200000 9 1 0.001673 0.000000 0.163590 0.001627 0.000000 0.235097
9.400000 9 2 0.001764 0.000000 0.171568 0.001770 0.000000 0.171568
9.600000 9 3 0.001652 0.000000 0.170566 0.001610 0.000000 0.191788
9.800000 9 4 0.001623 0.000000 0.170866 0.001625 0.000000 0.219934
