0 -0.094891 2 0.000100
1 -0.093074 0 0.000000
2 -0.091256 2 0.000100
3 -0.089438 0 0.000000
4 -0.087620 0 0.000000
5 -0.085803 0 0.000000
6 -0.083985 3 0.000150
7 -0.082167 0 0.000000
8 -0.080350 2 0.000100
9 -0.078532 1 0.000050
10 -0.076714 1 0.000050
11 -0.074897 0 0.000000
12 -0.073079 3 0.000150
13 -0.071261 0 0.000000
14 -0.069443 3 0.000150
15 -0.067626 0 0.000000
16 -0.065808 1 0.000050
17 -0.063990 0 0.000000
18 -0.062173 6 0.000300
19 -0.060355 2 0.000100
20 -0.058537 2 0.000100
21 -0.056719 6 0.000300
22 -0.054902 14 0.000700
23 -0.053084 10 0.000500
24 -0.051266 15 0.000750
25 -0.049449 14 0.000700
26 -0.047631 4 0.000200
27 -0.045813 20 0.001000
28 -0.043996 17 0.000850
29 -0.042178 16 0.000800
30 -0.040360 22 0.001100
31 -0.038542 20 0.001000
32 -0.036725 36 0.001800
33 -0.034907 24 0.001200
34 -0.033089 56 0.002800
35 -0.031272 54 0.002700
36 -0.029454 73 0.003650
37 -0.027636 124 0.006200
38 -0.025818 150 0.007500
39 -0.024001 225 0.011250
40 -0.022183 262 0.013100
41 -0.020365 382 0.019100
42 -0.018548 485 0.024250
43 -0.016730 741 0.037050
44 -0.014912 978 0.048900
45 -0.013094 1424 0.071200
46 -0.011277 1940 0.097000
47 -0.009459 2428 0.121400
48 -0.007641 2881 0.144050
49 -0.005824 2385 0.119250
50 -0.004006 1686 0.084300
51 -0.002188 1024 0.051200
52 -0.000371 612 0.030600
53 0.001447 465 0.023250
54 0.003265 334 0.016700
55 0.005083 242 0.012100
56 0.006900 159 0.007950
57 0.008718 108 0.005400
58 0.010536 112 0.005600
59 0.012353 65 0.003250
60 0.014171 57 0.002850
61 0.015989 50 0.002500
62 0.017807 36 0.001800
63 0.019624 36 0.001800
64 0.021442 22 0.001100
65 0.023260 32 0.001600
66 0.025077 14 0.000700
67 0.026895 14 0.000700
68 0.028713 15 0.000750
69 0.030530 13 0.000650
70 0.032348 13 0.000650
71 0.034166 10 0.000500
72 0.035984 4 0.000200
73 0.037801 8 0.000400
74 0.039619 6 0.000300
75 0.041437 7 0.000350
76 0.043254 2 0.000100
77 0.045072 3 0.000150
78 0.046890 3 0.000150
79 0.048708 2 0.000100
80 0.050525 1 0.000050
81 0.052343 1 0.000050
82 0.054161 2 0.000100
83 0.055978 0 0.000000
84 0.057796 0 0.000000
85 0.059614 3 0.000150
86 0.061431 0 0.000000
87 0.063249 1 0.000050
88 0.065067 0 0.000000
89 0.066885 0 0.000000
90 0.068702 1 0.000050
91 0.070520 0 0.000000
92 0.072338 1 0.000050
93 0.074155 0 0.000000
94 0.075973 0 0.000000
95 0.077791 0 0.000000
96 0.079609 0 0.000000
97 0.081426 1 0.000050
98 0.083244 0 0.000000
99 0.085062 1 0.000050
