0 0.000000 50817 0.846950
1 0.001622 2017 0.033617
2 0.003244 1533 0.025550
3 0.004865 1220 0.020333
4 0.006487 844 0.014067
5 0.008109 599 0.009983
6 0.009731 405 0.006750
7 0.011352 344 0.005733
8 0.012974 310 0.005167
9 0.014596 313 0.005217
10 0.016218 310 0.005167
11 0.017839 255 0.004250
12 0.019461 172 0.002867
13 0.021083 160 0.002667
14 0.022705 102 0.001700
15 0.024326 99 0.001650
16 0.025948 118 0.001967
17 0.027570 79 0.001317
18 0.029192 67 0.001117
19 0.030813 36 0.000600
20 0.032435 38 0.000633
21 0.034057 27 0.000450
22 0.035679 19 0.000317
23 0.037300 15 0.000250
24 0.038922 6 0.000100
25 0.040544 10 0.000167
26 0.042166 10 0.000167
27 0.043787 7 0.000117
28 0.045409 2 0.000033
29 0.047031 3 0.000050
30 0.048653 3 0.000050
31 0.050274 5 0.000083
32 0.051896 2 0.000033
33 0.053518 2 0.000033
34 0.055140 0 0.000000
35 0.056761 1 0.000017
36 0.058383 0 0.000000
37 0.060005 2 0.000033
38 0.061627 5 0.000083
39 0.063248 1 0.000017
40 0.064870 0 0.000000
41 0.066492 0 0.000000
42 0.068114 3 0.000050
43 0.069735 5 0.000083
44 0.071357 0 0.000000
45 0.072979 0 0.000000
46 0.074601 2 0.000033
47 0.076222 1 0.000017
48 0.077844 3 0.000050
49 0.079466 0 0.000000
50 0.081088 0 0.000000
51 0.082709 1 0.000017
52 0.084331 4 0.000067
53 0.085953 2 0.000033
54 0.087575 4 0.000067
55 0.089196 0 0.000000
56 0.090818 1 0.000017
57 0.092440 1 0.000017
58 0.094062 1 0.000017
59 0.095683 2 0.000033
60 0.097305 1 0.000017
61 0.098927 0 0.000000
62 0.100549 2 0.000033
63 0.102170 2 0.000033
64 0.103792 0 0.000000
65 0.105414 1 0.000017
66 0.107036 0 0.000000
67 0.108657 1 0.000017
68 0.110279 0 0.000000
69 0.111901 0 0.000000
70 0.113523 0 0.000000
71 0.115144 0 0.000000
72 0.116766 0 0.000000
73 0.118388 0 0.000000
74 0.120010 0 0.000000
75 0.121631 1 0.000017
76 0.123253 0 0.000000
77 0.124875 0 0.000000
78 0.126497 0 0.000000
79 0.128118 1 0.000017
80 0.129740 0 0.000000
81 0.131362 0 0.000000
82 0.132984 0 0.000000
83 0.134605 0 0.000000
84 0.136227 1 0.000017
85 0.137849 0 0.000000
86 0.139471 0 0.000000
87 0.141092 0 0.000000
88 0.142714 0 0.000000
89 0.144336 0 0.000000
90 0.145958 0 0.000000
91 0.147579 0 0.000000
92 0.149201 0 0.000000
93 0.150823 0 0.000000
94 0.152445 0 0.000000
95 0.154066 0 0.000000
96 0.155688 1 0.000017
97 0.157310 0 0.000000
98 0.158932 0 0.000000
99 0.160553 1 0.000017
