0 -0.400691 2 0.000033
1 -0.393358 0 0.000000
2 -0.386026 0 0.000000
3 -0.378693 0 0.000000
4 -0.371360 1 0.000017
5 -0.364027 1 0.000017
6 -0.356695 1 0.000017
7 -0.349362 0 0.000000
8 -0.342029 0 0.000000
9 -0.334696 1 0.000017
10 -0.327364 0 0.000000
11 -0.320031 1 0.000017
12 -0.312698 2 0.000033
13 -0.305366 2 0.000033
14 -0.298033 1 0.000017
15 -0.290700 2 0.000033
16 -0.283367 4 0.000067
17 -0.276035 1 0.000017
18 -0.268702 5 0.000083
19 -0.261369 1 0.000017
20 -0.254036 7 0.000117
21 -0.246704 1 0.000017
22 -0.239371 0 0.000000
23 -0.232038 3 0.000050
24 -0.224706 2 0.000033
25 -0.217373 4 0.000067
26 -0.210040 8 0.000133
27 -0.202707 10 0.000167
28 -0.195375 19 0.000317
29 -0.188042 32 0.000533
30 -0.180709 41 0.000683
31 -0.173376 60 0.001000
32 -0.166044 73 0.001217
33 -0.158711 75 0.001250
34 -0.151378 116 0.001933
35 -0.144046 146 0.002433
36 -0.136713 206 0.003433
37 -0.129380 171 0.002850
38 -0.122047 124 0.002067
39 -0.114715 131 0.002183
40 -0.107382 166 0.002767
41 -0.100049 278 0.004633
42 -0.092716 378 0.006300
43 -0.085384 468 0.007800
44 -0.078051 499 0.008317
45 -0.070718 510 0.008500
46 -0.063385 390 0.006500
47 -0.056053 439 0.007317
48 -0.048720 540 0.009000
49 -0.041387 660 0.011000
50 -0.034055 980 0.016333
51 -0.026722 1852 0.030867
52 -0.019389 5377 0.089617
53 -0.012056 19115 0.318583
54 -0.004724 15593 0.259883
55 0.002609 3483 0.058050
56 0.009942 1415 0.023583
57 0.017275 959 0.015983
58 0.024607 813 0.013550
59 0.031940 591 0.009850
60 0.039273 464 0.007733
61 0.046605 359 0.005983
62 0.053938 365 0.006083
63 0.061271 472 0.007867
64 0.068604 365 0.006083
65 0.075936 257 0.004283
66 0.083269 220 0.003667
67 0.090602 219 0.003650
68 0.097935 185 0.003083
69 0.105267 221 0.003683
70 0.112600 203 0.003383
71 0.119933 186 0.003100
72 0.127266 166 0.002767
73 0.134598 105 0.001750
74 0.141931 103 0.001717
75 0.149264 75 0.001250
76 0.156596 79 0.001317
77 0.163929 68 0.001133
78 0.171262 40 0.000667
79 0.178595 21 0.000350
80 0.185927 17 0.000283
81 0.193260 7 0.000117
82 0.200593 9 0.000150
83 0.207926 6 0.000100
84 0.215258 3 0.000050
85 0.222591 5 0.000083
86 0.229924 2 0.000033
87 0.237256 0 0.000000
88 0.244589 1 0.000017
89 0.251922 0 0.000000
90 0.259255 2 0.000033
91 0.266587 0 0.000000
92 0.273920 1 0.000017
93 0.281253 0 0.000000
94 0.288586 4 0.000067
95 0.295918 3 0.000050
96 0.303251 1 0.000017
97 0.310584 2 0.000033
98 0.317917 3 0.000050
99 0.325249 1 0.000017
