0 -0.400691 2 0.000100
1 -0.393358 0 0.000000
2 -0.386026 0 0.000000
3 -0.378693 0 0.000000
4 -0.371360 1 0.000050
5 -0.364027 1 0.000050
6 -0.356695 1 0.000050
7 -0.349362 0 0.000000
8 -0.342029 0 0.000000
9 -0.334696 1 0.000050
10 -0.327364 0 0.000000
11 -0.320031 1 0.000050
12 -0.312698 2 0.000100
13 -0.305366 2 0.000100
14 -0.298033 1 0.000050
15 -0.290700 2 0.000100
16 -0.283367 4 0.000200
17 -0.276035 1 0.000050
18 -0.268702 5 0.000250
19 -0.261369 1 0.000050
20 -0.254036 7 0.000350
21 -0.246704 1 0.000050
22 -0.239371 0 0.000000
23 -0.232038 3 0.000150
24 -0.224706 2 0.000100
25 -0.217373 4 0.000200
26 -0.210040 8 0.000400
27 -0.202707 10 0.000500
28 -0.195375 19 0.000950
29 -0.188042 32 0.001600
30 -0.180709 41 0.002050
31 -0.173376 60 0.003000
32 -0.166044 73 0.003650
33 -0.158711 75 0.003750
34 -0.151378 116 0.005800
35 -0.144046 146 0.007300
36 -0.136713 206 0.010300
37 -0.129380 171 0.008550
38 -0.122047 124 0.006200
39 -0.114715 131 0.006550
40 -0.107382 160 0.008000
41 -0.100049 273 0.013650
42 -0.092716 374 0.018700
43 -0.085384 454 0.022700
44 -0.078051 489 0.024450
45 -0.070718 492 0.024600
46 -0.063385 360 0.018000
47 -0.056053 367 0.018350
48 -0.048720 431 0.021550
49 -0.041387 485 0.024250
50 -0.034055 569 0.028450
51 -0.026722 580 0.029000
52 -0.019389 785 0.039250
53 -0.012056 1474 0.073700
54 -0.004724 3493 0.174650
55 0.002609 1214 0.060700
56 0.009942 701 0.035050
57 0.017275 675 0.033750
58 0.024607 676 0.033800
59 0.031940 533 0.026650
60 0.039273 440 0.022000
61 0.046605 344 0.017200
62 0.053938 351 0.017550
63 0.061271 465 0.023250
64 0.068604 357 0.017850
65 0.075936 252 0.012600
66 0.083269 215 0.010750
67 0.090602 219 0.010950
68 0.097935 185 0.009250
69 0.105267 221 0.011050
70 0.112600 203 0.010150
71 0.119933 185 0.009250
72 0.127266 166 0.008300
73 0.134598 105 0.005250
74 0.141931 103 0.005150
75 0.149264 75 0.003750
76 0.156596 79 0.003950
77 0.163929 68 0.003400
78 0.171262 40 0.002000
79 0.178595 21 0.001050
80 0.185927 17 0.000850
81 0.193260 7 0.000350
82 0.200593 9 0.000450
83 0.207926 6 0.000300
84 0.215258 3 0.000150
85 0.222591 5 0.000250
86 0.229924 2 0.000100
87 0.237256 0 0.000000
88 0.244589 1 0.000050
89 0.251922 0 0.000000
90 0.259255 2 0.000100
91 0.266587 0 0.000000
92 0.273920 1 0.000050
93 0.281253 0 0.000000
94 0.288586 4 0.000200
95 0.295918 3 0.000150
96 0.303251 1 0.000050
97 0.310584 2 0.000100
98 0.317917 3 0.000150
99 0.325249 1 0.000050
