0 -0.106617 5 0.000250
1 -0.104303 1 0.000050
2 -0.101989 1 0.000050
3 -0.099675 1 0.000050
4 -0.097361 1 0.000050
5 -0.095048 0 0.000000
6 -0.092734 1 0.000050
7 -0.090420 0 0.000000
8 -0.088106 1 0.000050
9 -0.085792 5 0.000250
10 -0.083479 2 0.000100
11 -0.081165 1 0.000050
12 -0.078851 2 0.000100
13 -0.076537 3 0.000150
14 -0.074223 0 0.000000
15 -0.071910 2 0.000100
16 -0.069596 2 0.000100
17 -0.067282 11 0.000550
18 -0.064968 1 0.000050
19 -0.062654 8 0.000400
20 -0.060341 6 0.000300
21 -0.058027 3 0.000150
22 -0.055713 12 0.000600
23 -0.053399 3 0.000150
24 -0.051085 11 0.000550
25 -0.048772 16 0.000800
26 -0.046458 17 0.000850
27 -0.044144 14 0.000700
28 -0.041830 19 0.000950
29 -0.039516 31 0.001550
30 -0.037203 20 0.001000
31 -0.034889 44 0.002200
32 -0.032575 38 0.001900
33 -0.030261 60 0.003000
34 -0.027947 69 0.003450
35 -0.025634 111 0.005550
36 -0.023320 140 0.007000
37 -0.021006 178 0.008900
38 -0.018692 308 0.015400
39 -0.016378 419 0.020950
40 -0.014065 704 0.035200
41 -0.011751 1300 0.065000
42 -0.009437 2491 0.124550
43 -0.007123 4125 0.206250
44 -0.004809 4126 0.206300
45 -0.002496 2340 0.117000
46 -0.000182 1177 0.058850
47 0.002132 643 0.032150
48 0.004446 436 0.021800
49 0.006760 301 0.015050
50 0.009073 209 0.010450
51 0.011387 150 0.007500
52 0.013701 93 0.004650
53 0.016015 60 0.003000
54 0.018329 62 0.003100
55 0.020642 53 0.002650
56 0.022956 29 0.001450
57 0.025270 27 0.001350
58 0.027584 22 0.001100
59 0.029898 21 0.001050
60 0.032211 5 0.000250
61 0.034525 8 0.000400
62 0.036839 6 0.000300
63 0.039153 2 0.000100
64 0.041467 4 0.000200
65 0.043780 2 0.000100
66 0.046094 2 0.000100
67 0.048408 4 0.000200
68 0.050722 1 0.000050
69 0.053036 0 0.000000
70 0.055349 2 0.000100
71 0.057663 5 0.000250
72 0.059977 3 0.000150
73 0.062291 1 0.000050
74 0.064605 2 0.000100
75 0.066918 2 0.000100
76 0.069232 2 0.000100
77 0.071546 1 0.000050
78 0.073860 4 0.000200
79 0.076174 0 0.000000
80 0.078487 1 0.000050
81 0.080801 2 0.000100
82 0.083115 4 0.000200
83 0.085429 0 0.000000
84 0.087743 0 0.000000
85 0.090056 0 0.000000
86 0.092370 0 0.000000
87 0.094684 0 0.000000
88 0.096998 0 0.000000
89 0.099312 0 0.000000
90 0.101625 0 0.000000
91 0.103939 0 0.000000
92 0.106253 0 0.000000
93 0.108567 0 0.000000
94 0.110881 0 0.000000
95 0.113194 0 0.000000
96 0.115508 0 0.000000
97 0.117822 0 0.000000
98 0.120136 0 0.000000
99 0.122450 1 0.000050
