0 0.015754 1 0.000017
1 0.025705 7 0.000117
2 0.035656 0 0.000000
3 0.045607 19 0.000317
4 0.055558 1 0.000017
5 0.065509 9 0.000150
6 0.075460 30 0.000500
7 0.085411 12 0.000200
8 0.095362 10 0.000167
9 0.105313 19 0.000317
10 0.115264 22 0.000367
11 0.125215 10 0.000167
12 0.135166 40 0.000667
13 0.145117 28 0.000467
14 0.155068 11 0.000183
15 0.165019 18 0.000300
16 0.174970 39 0.000650
17 0.184921 15 0.000250
18 0.194872 35 0.000583
19 0.204823 29 0.000483
20 0.214774 39 0.000650
21 0.224725 19 0.000317
22 0.234676 33 0.000550
23 0.244627 35 0.000583
24 0.254578 94 0.001567
25 0.264529 65 0.001083
26 0.274480 52 0.000867
27 0.284431 127 0.002117
28 0.294382 104 0.001733
29 0.304333 128 0.002133
30 0.314284 161 0.002683
31 0.324235 317 0.005283
32 0.334186 196 0.003267
33 0.344137 143 0.002383
34 0.354088 137 0.002283
35 0.364040 120 0.002000
36 0.373991 176 0.002933
37 0.383942 164 0.002733
38 0.393893 186 0.003100
39 0.403844 304 0.005067
40 0.413795 286 0.004767
41 0.423746 275 0.004583
42 0.433697 444 0.007400
43 0.443648 588 0.009800
44 0.453599 715 0.011917
45 0.463550 937 0.015617
46 0.473501 1506 0.025100
47 0.483452 3034 0.050567
48 0.493403 8315 0.138583
49 0.503354 11038 0.183967
50 0.513305 4402 0.073367
51 0.523256 2017 0.033617
52 0.533207 1230 0.020500
53 0.543158 894 0.014900
54 0.553109 889 0.014817
55 0.563060 865 0.014417
56 0.573011 1145 0.019083
57 0.582962 1849 0.030817
58 0.592913 2727 0.045450
59 0.602864 1933 0.032217
60 0.612815 1313 0.021883
61 0.622766 1015 0.016917
62 0.632717 696 0.011600
63 0.642668 588 0.009800
64 0.652619 419 0.006983
65 0.662570 345 0.005750
66 0.672521 378 0.006300
67 0.682472 257 0.004283
68 0.692423 266 0.004433
69 0.702374 201 0.003350
70 0.712325 219 0.003650
71 0.722276 193 0.003217
72 0.732227 188 0.003133
73 0.742178 192 0.003200
74 0.752129 191 0.003183
75 0.762080 225 0.003750
76 0.772031 235 0.003917
77 0.781982 179 0.002983
78 0.791933 207 0.003450
79 0.801884 152 0.002533
80 0.811835 182 0.003033
81 0.821786 173 0.002883
82 0.831737 228 0.003800
83 0.841688 280 0.004667
84 0.851639 306 0.005100
85 0.861590 347 0.005783
86 0.871541 443 0.007383
87 0.881492 432 0.007200
88 0.891443 388 0.006467
89 0.901394 197 0.003283
90 0.911345 319 0.005317
91 0.921296 343 0.005717
92 0.931247 282 0.004700
93 0.941198 248 0.004133
94 0.951149 215 0.003583
95 0.961101 47 0.000783
96 0.971052 35 0.000583
97 0.981003 19 0.000317
98 0.990954 11 0.000183
99 1.000905 2 0.000033
