0 0.012610 4 0.000067
1 0.022582 7 0.000117
2 0.032553 12 0.000200
3 0.042525 14 0.000233
4 0.052496 14 0.000233
5 0.062468 18 0.000300
6 0.072439 12 0.000200
7 0.082411 20 0.000333
8 0.092382 11 0.000183
9 0.102354 19 0.000317
10 0.112325 16 0.000267
11 0.122297 23 0.000383
12 0.132268 17 0.000283
13 0.142240 13 0.000217
14 0.152211 19 0.000317
15 0.162183 31 0.000517
16 0.172154 21 0.000350
17 0.182126 24 0.000400
18 0.192097 25 0.000417
19 0.202069 34 0.000567
20 0.212040 44 0.000733
21 0.222011 42 0.000700
22 0.231983 32 0.000533
23 0.241954 40 0.000667
24 0.251926 77 0.001283
25 0.261897 79 0.001317
26 0.271869 75 0.001250
27 0.281840 110 0.001833
28 0.291812 102 0.001700
29 0.301783 117 0.001950
30 0.311755 252 0.004200
31 0.321726 294 0.004900
32 0.331698 336 0.005600
33 0.341669 250 0.004167
34 0.351641 255 0.004250
35 0.361612 350 0.005833
36 0.371584 429 0.007150
37 0.381555 426 0.007100
38 0.391527 387 0.006450
39 0.401498 568 0.009467
40 0.411470 706 0.011767
41 0.421441 1252 0.020867
42 0.431412 1114 0.018567
43 0.441384 854 0.014233
44 0.451355 1210 0.020167
45 0.461327 1488 0.024800
46 0.471298 2004 0.033400
47 0.481270 2529 0.042150
48 0.491241 4310 0.071833
49 0.501213 7410 0.123500
50 0.511184 2504 0.041733
51 0.521156 2117 0.035283
52 0.531127 1771 0.029517
53 0.541099 1215 0.020250
54 0.551070 1354 0.022567
55 0.561042 1480 0.024667
56 0.571013 2033 0.033883
57 0.580985 2521 0.042017
58 0.590956 3132 0.052200
59 0.600928 1760 0.029333
60 0.610899 1350 0.022500
61 0.620871 1372 0.022867
62 0.630842 829 0.013817
63 0.640813 536 0.008933
64 0.650785 517 0.008617
65 0.660756 429 0.007150
66 0.670728 436 0.007267
67 0.680699 279 0.004650
68 0.690671 273 0.004550
69 0.700642 240 0.004000
70 0.710614 230 0.003833
71 0.720585 168 0.002800
72 0.730557 206 0.003433
73 0.740528 227 0.003783
74 0.750500 201 0.003350
75 0.760471 183 0.003050
76 0.770443 217 0.003617
77 0.780414 196 0.003267
78 0.790386 212 0.003533
79 0.800357 173 0.002883
80 0.810329 186 0.003100
81 0.820300 269 0.004483
82 0.830272 235 0.003917
83 0.840243 275 0.004583
84 0.850214 312 0.005200
85 0.860186 481 0.008017
86 0.870157 413 0.006883
87 0.880129 389 0.006483
88 0.890100 300 0.005000
89 0.900072 265 0.004417
90 0.910043 321 0.005350
91 0.920015 335 0.005583
92 0.929986 245 0.004083
93 0.939958 154 0.002567
94 0.949929 40 0.000667
95 0.959901 36 0.000600
96 0.969872 55 0.000917
97 0.979844 23 0.000383
98 0.989815 8 0.000133
99 0.999787 1 0.000017
