0 0.015754 1 0.000050
1 0.025549 0 0.000000
2 0.035344 0 0.000000
3 0.045140 12 0.000600
4 0.054935 0 0.000000
5 0.064730 6 0.000300
6 0.074526 11 0.000550
7 0.084321 12 0.000600
8 0.094116 3 0.000150
9 0.103911 7 0.000350
10 0.113707 23 0.001150
11 0.123502 16 0.000800
12 0.133297 20 0.001000
13 0.143092 35 0.001750
14 0.152888 8 0.000400
15 0.162683 19 0.000950
16 0.172478 17 0.000850
17 0.182273 32 0.001600
18 0.192069 22 0.001100
19 0.201864 20 0.001000
20 0.211659 39 0.001950
21 0.221454 15 0.000750
22 0.231250 23 0.001150
23 0.241045 21 0.001050
24 0.250840 53 0.002650
25 0.260635 46 0.002300
26 0.270431 41 0.002050
27 0.280226 70 0.003500
28 0.290021 57 0.002850
29 0.299816 63 0.003150
30 0.309612 61 0.003050
31 0.319407 60 0.003000
32 0.329202 115 0.005750
33 0.338997 72 0.003600
34 0.348793 112 0.005600
35 0.358588 118 0.005900
36 0.368383 127 0.006350
37 0.378178 122 0.006100
38 0.387974 153 0.007650
39 0.397769 221 0.011050
40 0.407564 263 0.013150
41 0.417360 242 0.012100
42 0.427155 258 0.012900
43 0.436950 374 0.018700
44 0.446745 456 0.022800
45 0.456541 501 0.025050
46 0.466336 737 0.036850
47 0.476131 939 0.046950
48 0.485926 1668 0.083400
49 0.495722 3394 0.169700
50 0.505517 2527 0.126350
51 0.515312 1518 0.075900
52 0.525107 980 0.049000
53 0.534903 661 0.033050
54 0.544698 405 0.020250
55 0.554493 376 0.018800
56 0.564288 378 0.018900
57 0.574084 388 0.019400
58 0.583879 261 0.013050
59 0.593674 194 0.009700
60 0.603469 146 0.007300
61 0.613265 130 0.006500
62 0.623060 158 0.007900
63 0.632855 137 0.006850
64 0.642650 98 0.004900
65 0.652446 81 0.004050
66 0.662241 76 0.003800
67 0.672036 109 0.005450
68 0.681831 66 0.003300
69 0.691627 48 0.002400
70 0.701422 29 0.001450
71 0.711217 52 0.002600
72 0.721012 19 0.000950
73 0.730808 42 0.002100
74 0.740603 26 0.001300
75 0.750398 33 0.001650
76 0.760194 50 0.002500
77 0.769989 23 0.001150
78 0.779784 35 0.001750
79 0.789579 18 0.000900
80 0.799375 15 0.000750
81 0.809170 22 0.001100
82 0.818965 29 0.001450
83 0.828760 12 0.000600
84 0.838556 17 0.000850
85 0.848351 22 0.001100
86 0.858146 23 0.001150
87 0.867941 7 0.000350
88 0.877737 19 0.000950
89 0.887532 8 0.000400
90 0.897327 4 0.000200
91 0.907122 17 0.000850
92 0.916918 8 0.000400
93 0.926713 11 0.000550
94 0.936508 11 0.000550
95 0.946303 15 0.000750
96 0.956099 4 0.000200
97 0.965894 0 0.000000
98 0.975689 6 0.000300
99 0.985484 1 0.000050
