0 0.020478 3 0.000150
1 0.030370 9 0.000450
2 0.040262 8 0.000400
3 0.050154 3 0.000150
4 0.060046 2 0.000100
5 0.069938 2 0.000100
6 0.079830 6 0.000300
7 0.089722 7 0.000350
8 0.099614 2 0.000100
9 0.109506 5 0.000250
10 0.119398 3 0.000150
11 0.129290 2 0.000100
12 0.139182 1 0.000050
13 0.149074 4 0.000200
14 0.158966 4 0.000200
15 0.168858 7 0.000350
16 0.178750 2 0.000100
17 0.188642 4 0.000200
18 0.198534 2 0.000100
19 0.208426 1 0.000050
20 0.218318 2 0.000100
21 0.228210 3 0.000150
22 0.238102 9 0.000450
23 0.247994 20 0.001000
24 0.257886 34 0.001700
25 0.267778 25 0.001250
26 0.277670 37 0.001850
27 0.287562 28 0.001400
28 0.297454 26 0.001300
29 0.307346 88 0.004400
30 0.317238 102 0.005100
31 0.327130 207 0.010350
32 0.337022 94 0.004700
33 0.346914 77 0.003850
34 0.356806 13 0.000650
35 0.366698 16 0.000800
36 0.376590 19 0.000950
37 0.386482 15 0.000750
38 0.396374 15 0.000750
39 0.406266 29 0.001450
40 0.416158 33 0.001650
41 0.426050 33 0.001650
42 0.435942 29 0.001450
43 0.445834 48 0.002400
44 0.455726 50 0.002500
45 0.465618 51 0.002550
46 0.475510 69 0.003450
47 0.485402 82 0.004100
48 0.495294 143 0.007150
49 0.505186 111 0.005550
50 0.515078 164 0.008200
51 0.524970 206 0.010300
52 0.534862 220 0.011000
53 0.544754 337 0.016850
54 0.554646 429 0.021450
55 0.564538 556 0.027800
56 0.574430 1307 0.065350
57 0.584322 2194 0.109700
58 0.594214 2412 0.120600
59 0.604106 1119 0.055950
60 0.613998 948 0.047400
61 0.623890 654 0.032700
62 0.633782 452 0.022600
63 0.643674 336 0.016800
64 0.653566 290 0.014500
65 0.663458 250 0.012500
66 0.673350 235 0.011750
67 0.683242 179 0.008950
68 0.693134 178 0.008900
69 0.703026 175 0.008750
70 0.712918 157 0.007850
71 0.722810 156 0.007800
72 0.732702 171 0.008550
73 0.742594 182 0.009100
74 0.752486 170 0.008500
75 0.762378 159 0.007950
76 0.772270 176 0.008800
77 0.782162 181 0.009050
78 0.792054 173 0.008650
79 0.801946 141 0.007050
80 0.811839 175 0.008750
81 0.821730 247 0.012350
82 0.831622 209 0.010450
83 0.841515 266 0.013300
84 0.851407 282 0.014100
85 0.861299 504 0.025200
86 0.871191 381 0.019050
87 0.881083 365 0.018250
88 0.890975 287 0.014350
89 0.900867 272 0.013600
90 0.910759 291 0.014550
91 0.920651 317 0.015850
92 0.930543 223 0.011150
93 0.940435 148 0.007400
94 0.950327 31 0.001550
95 0.960219 31 0.001550
96 0.970111 48 0.002400
97 0.980003 22 0.001100
98 0.989895 8 0.000400
99 0.999787 1 0.000050
