0 0.413702 3 0.000150
1 0.415649 0 0.000000
2 0.417596 0 0.000000
3 0.419543 2 0.000100
4 0.421490 4 0.000200
5 0.423437 2 0.000100
6 0.425384 4 0.000200
7 0.427331 5 0.000250
8 0.429278 0 0.000000
9 0.431225 10 0.000500
10 0.433172 7 0.000350
11 0.435119 5 0.000250
12 0.437066 7 0.000350
13 0.439013 19 0.000950
14 0.440960 13 0.000650
15 0.442908 11 0.000550
16 0.444855 11 0.000550
17 0.446802 26 0.001300
18 0.448749 21 0.001050
19 0.450696 36 0.001800
20 0.452643 27 0.001350
21 0.454590 23 0.001150
22 0.456537 32 0.001600
23 0.458484 31 0.001550
24 0.460431 33 0.001650
25 0.462378 45 0.002250
26 0.464325 47 0.002350
27 0.466272 43 0.002150
28 0.468219 50 0.002500
29 0.470167 44 0.002200
30 0.472114 65 0.003250
31 0.474061 93 0.004650
32 0.476008 79 0.003950
33 0.477955 120 0.006000
34 0.479902 155 0.007750
35 0.481849 134 0.006700
36 0.483796 256 0.012800
37 0.485743 196 0.009800
38 0.487690 239 0.011950
39 0.489637 370 0.018500
40 0.491584 467 0.023350
41 0.493531 571 0.028550
42 0.495478 627 0.031350
43 0.497425 899 0.044950
44 0.499373 1284 0.064200
45 0.501320 1743 0.087150
46 0.503267 2080 0.104000
47 0.505214 1827 0.091350
48 0.507161 1556 0.077800
49 0.509108 1276 0.063800
50 0.511055 1062 0.053100
51 0.513002 810 0.040500
52 0.514949 667 0.033350
53 0.516896 434 0.021700
54 0.518843 374 0.018700
55 0.520790 326 0.016300
56 0.522737 259 0.012950
57 0.524684 184 0.009200
58 0.526632 187 0.009350
59 0.528579 154 0.007700
60 0.530526 91 0.004550
61 0.532473 110 0.005500
62 0.534420 75 0.003750
63 0.536367 54 0.002700
64 0.538314 54 0.002700
65 0.540261 45 0.002250
66 0.542208 39 0.001950
67 0.544155 44 0.002200
68 0.546102 30 0.001500
69 0.548049 44 0.002200
70 0.549996 37 0.001850
71 0.551943 21 0.001050
72 0.553890 29 0.001450
73 0.555838 30 0.001500
74 0.557785 52 0.002600
75 0.559732 28 0.001400
76 0.561679 24 0.001200
77 0.563626 23 0.001150
78 0.565573 14 0.000700
79 0.567520 10 0.000500
80 0.569467 17 0.000850
81 0.571414 8 0.000400
82 0.573361 8 0.000400
83 0.575308 3 0.000150
84 0.577255 11 0.000550
85 0.579202 6 0.000300
86 0.581149 6 0.000300
87 0.583097 3 0.000150
88 0.585044 2 0.000100
89 0.586991 2 0.000100
90 0.588938 2 0.000100
91 0.590885 1 0.000050
92 0.592832 10 0.000500
93 0.594779 5 0.000250
94 0.596726 0 0.000000
95 0.598673 1 0.000050
96 0.600620 0 0.000000
97 0.602567 0 0.000000
98 0.604514 4 0.000200
99 0.606461 2 0.000100
