0 0.012610 1 0.000050
1 0.022346 6 0.000300
2 0.032082 4 0.000200
3 0.041818 5 0.000250
4 0.051553 11 0.000550
5 0.061289 14 0.000700
6 0.071025 8 0.000400
7 0.080760 14 0.000700
8 0.090496 6 0.000300
9 0.100232 17 0.000850
10 0.109968 11 0.000550
11 0.119703 6 0.000300
12 0.129439 21 0.001050
13 0.139175 11 0.000550
14 0.148910 15 0.000750
15 0.158646 22 0.001100
16 0.168382 21 0.001050
17 0.178117 19 0.000950
18 0.187853 16 0.000800
19 0.197589 24 0.001200
20 0.207325 34 0.001700
21 0.217060 32 0.001600
22 0.226796 26 0.001300
23 0.236532 27 0.001350
24 0.246267 37 0.001850
25 0.256003 40 0.002000
26 0.265739 55 0.002750
27 0.275475 46 0.002300
28 0.285210 69 0.003450
29 0.294946 68 0.003400
30 0.304682 56 0.002800
31 0.314417 79 0.003950
32 0.324153 102 0.005100
33 0.333889 81 0.004050
34 0.343625 98 0.004900
35 0.353360 90 0.004500
36 0.363096 142 0.007100
37 0.372832 93 0.004650
38 0.382567 185 0.009250
39 0.392303 183 0.009150
40 0.402039 236 0.011800
41 0.411775 264 0.013200
42 0.421510 307 0.015350
43 0.431246 349 0.017450
44 0.440982 372 0.018600
45 0.450717 565 0.028250
46 0.460453 690 0.034500
47 0.470189 970 0.048500
48 0.479924 1553 0.077650
49 0.489660 3001 0.150050
50 0.499396 2831 0.141550
51 0.509132 1698 0.084900
52 0.518867 983 0.049150
53 0.528603 640 0.032000
54 0.538339 513 0.025650
55 0.548074 370 0.018500
56 0.557810 374 0.018700
57 0.567546 343 0.017150
58 0.577282 313 0.015650
59 0.587017 191 0.009550
60 0.596753 166 0.008300
61 0.606489 126 0.006300
62 0.616224 145 0.007250
63 0.625960 131 0.006550
64 0.635696 88 0.004400
65 0.645432 91 0.004550
66 0.655167 97 0.004850
67 0.664903 76 0.003800
68 0.674639 77 0.003850
69 0.684374 58 0.002900
70 0.694110 54 0.002700
71 0.703846 43 0.002150
72 0.713582 40 0.002000
73 0.723317 27 0.001350
74 0.733053 31 0.001550
75 0.742789 30 0.001500
76 0.752524 34 0.001700
77 0.762260 32 0.001600
78 0.771996 19 0.000950
79 0.781732 25 0.001250
80 0.791467 21 0.001050
81 0.801203 19 0.000950
82 0.810939 25 0.001250
83 0.820674 15 0.000750
84 0.830410 24 0.001200
85 0.840146 20 0.001000
86 0.849881 16 0.000800
87 0.859617 8 0.000400
88 0.869353 6 0.000300
89 0.879089 11 0.000550
90 0.888824 14 0.000700
91 0.898560 6 0.000300
92 0.908296 15 0.000750
93 0.918031 17 0.000850
94 0.927767 9 0.000450
95 0.937503 7 0.000350
96 0.947239 5 0.000250
97 0.956974 3 0.000150
98 0.966710 9 0.000450
99 0.976446 2 0.000100
