0 0.120812 3 0.000150
1 0.128439 2 0.000100
2 0.136066 0 0.000000
3 0.143693 0 0.000000
4 0.151320 0 0.000000
5 0.158947 0 0.000000
6 0.166574 0 0.000000
7 0.174201 0 0.000000
8 0.181828 0 0.000000
9 0.189456 2 0.000100
10 0.197083 0 0.000000
11 0.204710 2 0.000100
12 0.212337 4 0.000200
13 0.219964 11 0.000550
14 0.227591 3 0.000150
15 0.235218 3 0.000150
16 0.242845 0 0.000000
17 0.250472 0 0.000000
18 0.258099 0 0.000000
19 0.265726 0 0.000000
20 0.273353 1 0.000050
21 0.280980 3 0.000150
22 0.288607 4 0.000200
23 0.296234 7 0.000350
24 0.303861 24 0.001200
25 0.311488 31 0.001550
26 0.319115 45 0.002250
27 0.326742 72 0.003600
28 0.334369 44 0.002200
29 0.341996 45 0.002250
30 0.349623 61 0.003050
31 0.357250 146 0.007300
32 0.364877 154 0.007700
33 0.372504 262 0.013100
34 0.380131 158 0.007900
35 0.387758 183 0.009150
36 0.395385 133 0.006650
37 0.403013 235 0.011750
38 0.410640 305 0.015250
39 0.418267 419 0.020950
40 0.425894 877 0.043850
41 0.433521 458 0.022900
42 0.441148 335 0.016750
43 0.448775 336 0.016800
44 0.456402 479 0.023950
45 0.464029 610 0.030500
46 0.471656 712 0.035600
47 0.479283 539 0.026950
48 0.486910 553 0.027650
49 0.494537 1041 0.052050
50 0.502164 4142 0.207100
51 0.509791 672 0.033600
52 0.517418 602 0.030100
53 0.525045 895 0.044750
54 0.532672 699 0.034950
55 0.540299 397 0.019850
56 0.547926 366 0.018300
57 0.555553 462 0.023100
58 0.563180 444 0.022200
59 0.570807 658 0.032900
60 0.578434 269 0.013450
61 0.586061 259 0.012950
62 0.593688 195 0.009750
63 0.601315 189 0.009450
64 0.608943 195 0.009750
65 0.616570 177 0.008850
66 0.624197 395 0.019750
67 0.631824 145 0.007250
68 0.639451 74 0.003700
69 0.647078 63 0.003150
70 0.654705 107 0.005350
71 0.662332 51 0.002550
72 0.669959 99 0.004950
73 0.677586 45 0.002250
74 0.685213 24 0.001200
75 0.692840 14 0.000700
76 0.700467 16 0.000800
77 0.708094 20 0.001000
78 0.715721 3 0.000150
79 0.723348 0 0.000000
80 0.730975 0 0.000000
81 0.738602 0 0.000000
82 0.746229 0 0.000000
83 0.753856 0 0.000000
84 0.761483 0 0.000000
85 0.769110 1 0.000050
86 0.776737 1 0.000050
87 0.784364 2 0.000100
88 0.791991 5 0.000250
89 0.799618 9 0.000450
90 0.807245 2 0.000100
91 0.814872 0 0.000000
92 0.822500 0 0.000000
93 0.830127 0 0.000000
94 0.837754 0 0.000000
95 0.845381 0 0.000000
96 0.853008 0 0.000000
97 0.860635 0 0.000000
98 0.868262 0 0.000000
99 0.875889 1 0.000050
