0 0.031822 7 0.000350
1 0.041611 5 0.000250
2 0.051400 3 0.000150
3 0.061188 3 0.000150
4 0.070977 12 0.000600
5 0.080766 7 0.000350
6 0.090555 2 0.000100
7 0.100343 0 0.000000
8 0.110132 1 0.000050
9 0.119921 9 0.000450
10 0.129709 2 0.000100
11 0.139498 4 0.000200
12 0.149287 4 0.000200
13 0.159076 1 0.000050
14 0.168864 3 0.000150
15 0.178653 6 0.000300
16 0.188442 0 0.000000
17 0.198230 11 0.000550
18 0.208019 0 0.000000
19 0.217808 0 0.000000
20 0.227596 11 0.000550
21 0.237385 8 0.000400
22 0.247174 22 0.001100
23 0.256963 26 0.001300
24 0.266751 12 0.000600
25 0.276540 31 0.001550
26 0.286329 29 0.001450
27 0.296117 54 0.002700
28 0.305906 59 0.002950
29 0.315695 114 0.005700
30 0.325484 252 0.012600
31 0.335272 71 0.003550
32 0.345061 52 0.002600
33 0.354850 12 0.000600
34 0.364638 11 0.000550
35 0.374427 28 0.001400
36 0.384216 16 0.000800
37 0.394005 9 0.000450
38 0.403793 15 0.000750
39 0.413582 33 0.001650
40 0.423371 33 0.001650
41 0.433159 17 0.000850
42 0.442948 38 0.001900
43 0.452737 46 0.002300
44 0.462526 41 0.002050
45 0.472314 34 0.001700
46 0.482103 65 0.003250
47 0.491892 101 0.005050
48 0.501680 131 0.006550
49 0.511469 113 0.005650
50 0.521258 138 0.006900
51 0.531047 190 0.009500
52 0.540835 263 0.013150
53 0.550624 282 0.014100
54 0.560413 384 0.019200
55 0.570201 617 0.030850
56 0.579990 1150 0.057500
57 0.589779 2328 0.116400
58 0.599567 2167 0.108350
59 0.609356 1193 0.059650
60 0.619145 987 0.049350
61 0.628934 660 0.033000
62 0.638722 518 0.025900
63 0.648511 356 0.017800
64 0.658300 305 0.015250
65 0.668088 263 0.013150
66 0.677877 226 0.011300
67 0.687666 167 0.008350
68 0.697455 234 0.011700
69 0.707243 143 0.007150
70 0.717032 166 0.008300
71 0.726821 178 0.008900
72 0.736609 142 0.007100
73 0.746398 170 0.008500
74 0.756187 162 0.008100
75 0.765975 184 0.009200
76 0.775764 170 0.008500
77 0.785553 156 0.007800
78 0.795342 176 0.008800
79 0.805130 147 0.007350
80 0.814919 132 0.006600
81 0.824708 159 0.007950
82 0.834496 236 0.011800
83 0.844285 243 0.012150
84 0.854074 325 0.016250
85 0.863863 354 0.017700
86 0.873651 434 0.021700
87 0.883440 367 0.018350
88 0.893229 364 0.018200
89 0.903017 205 0.010250
90 0.912806 284 0.014200
91 0.922595 343 0.017150
92 0.932384 247 0.012350
93 0.942172 241 0.012050
94 0.951961 179 0.008950
95 0.961750 41 0.002050
96 0.971538 35 0.001750
97 0.981327 12 0.000600
98 0.991116 11 0.000550
99 1.000905 2 0.000100
