0 -0.335612 1 0.000050
1 -0.328716 1 0.000050
2 -0.321820 4 0.000200
3 -0.314924 1 0.000050
4 -0.308028 2 0.000100
5 -0.301132 2 0.000100
6 -0.294236 1 0.000050
7 -0.287340 3 0.000150
8 -0.280444 1 0.000050
9 -0.273548 0 0.000000
10 -0.266652 2 0.000100
11 -0.259756 3 0.000150
12 -0.252860 4 0.000200
13 -0.245964 1 0.000050
14 -0.239068 1 0.000050
15 -0.232172 10 0.000500
16 -0.225276 4 0.000200
17 -0.218380 3 0.000150
18 -0.211484 7 0.000350
19 -0.204588 7 0.000350
20 -0.197692 12 0.000600
21 -0.190795 10 0.000500
22 -0.183899 14 0.000700
23 -0.177003 8 0.000400
24 -0.170107 16 0.000800
25 -0.163211 18 0.000900
26 -0.156315 29 0.001450
27 -0.149419 18 0.000900
28 -0.142523 25 0.001250
29 -0.135627 25 0.001250
30 -0.128731 30 0.001500
31 -0.121835 52 0.002600
32 -0.114939 91 0.004550
33 -0.108043 71 0.003550
34 -0.101147 67 0.003350
35 -0.094251 78 0.003900
36 -0.087355 74 0.003700
37 -0.080459 94 0.004700
38 -0.073563 101 0.005050
39 -0.066667 121 0.006050
40 -0.059771 148 0.007400
41 -0.052875 254 0.012700
42 -0.045979 302 0.015100
43 -0.039083 320 0.016000
44 -0.032187 560 0.028000
45 -0.025291 1139 0.056950
46 -0.018395 3211 0.160550
47 -0.011499 5093 0.254650
48 -0.004603 3651 0.182550
49 0.002293 1425 0.071250
50 0.009189 648 0.032400
51 0.016085 360 0.018000
52 0.022981 293 0.014650
53 0.029877 236 0.011800
54 0.036773 187 0.009350
55 0.043669 201 0.010050
56 0.050565 171 0.008550
57 0.057461 110 0.005500
58 0.064357 87 0.004350
59 0.071253 74 0.003700
60 0.078149 63 0.003150
61 0.085045 58 0.002900
62 0.091941 51 0.002550
63 0.098837 43 0.002150
64 0.105733 47 0.002350
65 0.112629 38 0.001900
66 0.119525 20 0.001000
67 0.126421 19 0.000950
68 0.133317 26 0.001300
69 0.140213 17 0.000850
70 0.147109 18 0.000900
71 0.154005 8 0.000400
72 0.160901 5 0.000250
73 0.167797 12 0.000600
74 0.174693 14 0.000700
75 0.181589 7 0.000350
76 0.188485 4 0.000200
77 0.195381 9 0.000450
78 0.202277 5 0.000250
79 0.209173 6 0.000300
80 0.216069 4 0.000200
81 0.222965 3 0.000150
82 0.229861 7 0.000350
83 0.236757 5 0.000250
84 0.243653 3 0.000150
85 0.250549 3 0.000150
86 0.257445 1 0.000050
87 0.264341 1 0.000050
88 0.271237 4 0.000200
89 0.278133 7 0.000350
90 0.285029 3 0.000150
91 0.291925 4 0.000200
92 0.298821 1 0.000050
93 0.305717 0 0.000000
94 0.312613 1 0.000050
95 0.319509 0 0.000000
96 0.326405 0 0.000000
97 0.333301 0 0.000000
98 0.340197 0 0.000000
99 0.347093 1 0.000050
