0 0.000000 43658 0.727633
1 0.001522 3810 0.063500
2 0.003045 2446 0.040767
3 0.004567 2289 0.038150
4 0.006089 1656 0.027600
5 0.007612 916 0.015267
6 0.009134 704 0.011733
7 0.010656 559 0.009317
8 0.012179 535 0.008917
9 0.013701 649 0.010817
10 0.015223 476 0.007933
11 0.016746 381 0.006350
12 0.018268 250 0.004167
13 0.019790 203 0.003383
14 0.021313 200 0.003333
15 0.022835 161 0.002683
16 0.024357 118 0.001967
17 0.025880 123 0.002050
18 0.027402 119 0.001983
19 0.028924 100 0.001667
20 0.030447 89 0.001483
21 0.031969 68 0.001133
22 0.033491 39 0.000650
23 0.035014 37 0.000617
24 0.036536 39 0.000650
25 0.038058 24 0.000400
26 0.039581 32 0.000533
27 0.041103 22 0.000367
28 0.042625 29 0.000483
29 0.044148 24 0.000400
30 0.045670 10 0.000167
31 0.047192 14 0.000233
32 0.048715 17 0.000283
33 0.050237 11 0.000183
34 0.051759 11 0.000183
35 0.053282 8 0.000133
36 0.054804 7 0.000117
37 0.056326 14 0.000233
38 0.057849 6 0.000100
39 0.059371 7 0.000117
40 0.060893 7 0.000117
41 0.062416 6 0.000100
42 0.063938 12 0.000200
43 0.065460 4 0.000067
44 0.066983 2 0.000033
45 0.068505 5 0.000083
46 0.070027 8 0.000133
47 0.071550 3 0.000050
48 0.073072 6 0.000100
49 0.074594 5 0.000083
50 0.076117 8 0.000133
51 0.077639 7 0.000117
52 0.079161 6 0.000100
53 0.080684 3 0.000050
54 0.082206 5 0.000083
55 0.083728 7 0.000117
56 0.085251 11 0.000183
57 0.086773 3 0.000050
58 0.088295 2 0.000033
59 0.089818 4 0.000067
60 0.091340 2 0.000033
61 0.092862 2 0.000033
62 0.094385 2 0.000033
63 0.095907 0 0.000000
64 0.097429 1 0.000017
65 0.098952 1 0.000017
66 0.100474 1 0.000017
67 0.101996 2 0.000033
68 0.103519 0 0.000000
69 0.105041 0 0.000000
70 0.106563 2 0.000033
71 0.108086 0 0.000000
72 0.109608 0 0.000000
73 0.111130 2 0.000033
74 0.112653 0 0.000000
75 0.114175 0 0.000000
76 0.115697 0 0.000000
77 0.117220 1 0.000017
78 0.118742 0 0.000000
79 0.120264 1 0.000017
80 0.121787 0 0.000000
81 0.123309 0 0.000000
82 0.124831 0 0.000000
83 0.126354 0 0.000000
84 0.127876 0 0.000000
85 0.129398 0 0.000000
86 0.130921 1 0.000017
87 0.132443 0 0.000000
88 0.133965 0 0.000000
89 0.135487 0 0.000000
90 0.137010 0 0.000000
91 0.138532 1 0.000017
92 0.140054 1 0.000017
93 0.141577 1 0.000017
94 0.143099 1 0.000017
95 0.144621 0 0.000000
96 0.146144 2 0.000033
97 0.147666 0 0.000000
98 0.149188 0 0.000000
99 0.150711 1 0.000017
