0 -0.388215 2 0.000100
1 -0.381448 1 0.000050
2 -0.374682 0 0.000000
3 -0.367915 0 0.000000
4 -0.361148 0 0.000000
5 -0.354381 0 0.000000
6 -0.347615 1 0.000050
7 -0.340848 0 0.000000
8 -0.334081 0 0.000000
9 -0.327315 0 0.000000
10 -0.320548 0 0.000000
11 -0.313781 0 0.000000
12 -0.307014 5 0.000250
13 -0.300248 4 0.000200
14 -0.293481 5 0.000250
15 -0.286714 1 0.000050
16 -0.279948 3 0.000150
17 -0.273181 3 0.000150
18 -0.266414 0 0.000000
19 -0.259647 1 0.000050
20 -0.252881 1 0.000050
21 -0.246114 1 0.000050
22 -0.239347 0 0.000000
23 -0.232581 3 0.000150
24 -0.225814 7 0.000350
25 -0.219047 10 0.000500
26 -0.212281 3 0.000150
27 -0.205514 10 0.000500
28 -0.198747 6 0.000300
29 -0.191980 5 0.000250
30 -0.185214 12 0.000600
31 -0.178447 13 0.000650
32 -0.171680 8 0.000400
33 -0.164914 15 0.000750
34 -0.158147 21 0.001050
35 -0.151380 22 0.001100
36 -0.144614 22 0.001100
37 -0.137847 23 0.001150
38 -0.131080 54 0.002700
39 -0.124313 37 0.001850
40 -0.117547 44 0.002200
41 -0.110780 71 0.003550
42 -0.104013 85 0.004250
43 -0.097247 154 0.007700
44 -0.090480 162 0.008100
45 -0.083713 214 0.010700
46 -0.076946 173 0.008650
47 -0.070180 281 0.014050
48 -0.063413 198 0.009900
49 -0.056646 250 0.012500
50 -0.049880 237 0.011850
51 -0.043113 281 0.014050
52 -0.036346 379 0.018950
53 -0.029580 690 0.034500
54 -0.022813 1413 0.070650
55 -0.016046 3473 0.173650
56 -0.009279 4792 0.239600
57 -0.002513 2464 0.123200
58 0.004254 1350 0.067500
59 0.011021 601 0.030050
60 0.017787 339 0.016950
61 0.024554 255 0.012750
62 0.031321 207 0.010350
63 0.038088 160 0.008000
64 0.044854 178 0.008900
65 0.051621 123 0.006150
66 0.058388 128 0.006400
67 0.065154 122 0.006100
68 0.071921 126 0.006300
69 0.078688 78 0.003900
70 0.085454 75 0.003750
71 0.092221 68 0.003400
72 0.098988 78 0.003900
73 0.105755 59 0.002950
74 0.112521 62 0.003100
75 0.119288 43 0.002150
76 0.126055 37 0.001850
77 0.132821 28 0.001400
78 0.139588 27 0.001350
79 0.146355 30 0.001500
80 0.153122 23 0.001150
81 0.159888 21 0.001050
82 0.166655 18 0.000900
83 0.173422 12 0.000600
84 0.180188 15 0.000750
85 0.186955 8 0.000400
86 0.193722 7 0.000350
87 0.200488 9 0.000450
88 0.207255 10 0.000500
89 0.214022 6 0.000300
90 0.220789 4 0.000200
91 0.227555 2 0.000100
92 0.234322 10 0.000500
93 0.241089 2 0.000100
94 0.247855 7 0.000350
95 0.254622 2 0.000100
96 0.261389 5 0.000250
97 0.268156 2 0.000100
98 0.274922 2 0.000100
99 0.281689 1 0.000050
