0 -0.388215 3 0.000050
1 -0.380788 4 0.000067
2 -0.373360 0 0.000000
3 -0.365933 1 0.000017
4 -0.358505 0 0.000000
5 -0.351078 0 0.000000
6 -0.343651 1 0.000017
7 -0.336223 1 0.000017
8 -0.328796 2 0.000033
9 -0.321369 3 0.000050
10 -0.313941 1 0.000017
11 -0.306514 7 0.000117
12 -0.299087 10 0.000167
13 -0.291659 8 0.000133
14 -0.284232 9 0.000150
15 -0.276805 10 0.000167
16 -0.269377 5 0.000083
17 -0.261950 6 0.000100
18 -0.254523 7 0.000117
19 -0.247095 6 0.000100
20 -0.239668 2 0.000033
21 -0.232240 16 0.000267
22 -0.224813 20 0.000333
23 -0.217386 19 0.000317
24 -0.209958 25 0.000417
25 -0.202531 27 0.000450
26 -0.195104 45 0.000750
27 -0.187676 55 0.000917
28 -0.180249 80 0.001333
29 -0.172822 77 0.001283
30 -0.165394 84 0.001400
31 -0.157967 123 0.002050
32 -0.150540 178 0.002967
33 -0.143112 200 0.003333
34 -0.135685 290 0.004833
35 -0.128258 307 0.005117
36 -0.120830 298 0.004967
37 -0.113403 294 0.004900
38 -0.105975 340 0.005667
39 -0.098548 486 0.008100
40 -0.091121 540 0.009000
41 -0.083693 1182 0.019700
42 -0.076266 949 0.015817
43 -0.068839 804 0.013400
44 -0.061411 741 0.012350
45 -0.053984 950 0.015833
46 -0.046557 1066 0.017767
47 -0.039129 1428 0.023800
48 -0.031702 1875 0.031250
49 -0.024275 3506 0.058433
50 -0.016847 8607 0.143450
51 -0.009420 12905 0.215083
52 -0.001993 7137 0.118950
53 0.005435 3163 0.052717
54 0.012862 1740 0.029000
55 0.020290 1736 0.028933
56 0.027717 1146 0.019100
57 0.035144 831 0.013850
58 0.042572 720 0.012000
59 0.049999 739 0.012317
60 0.057426 671 0.011183
61 0.064854 743 0.012383
62 0.072281 532 0.008867
63 0.079708 411 0.006850
64 0.087136 307 0.005117
65 0.094563 289 0.004817
66 0.101990 279 0.004650
67 0.109418 292 0.004867
68 0.116845 470 0.007833
69 0.124272 230 0.003833
70 0.131700 164 0.002733
71 0.139127 98 0.001633
72 0.146555 124 0.002067
73 0.153982 100 0.001667
74 0.161409 116 0.001933
75 0.168837 84 0.001400
76 0.176264 52 0.000867
77 0.183691 27 0.000450
78 0.191119 24 0.000400
79 0.198546 29 0.000483
80 0.205973 26 0.000433
81 0.213401 14 0.000233
82 0.220828 8 0.000133
83 0.228255 11 0.000183
84 0.235683 18 0.000300
85 0.243110 10 0.000167
86 0.250538 12 0.000200
87 0.257965 5 0.000083
88 0.265392 6 0.000100
89 0.272820 10 0.000167
90 0.280247 6 0.000100
91 0.287674 10 0.000167
92 0.295102 2 0.000033
93 0.302529 1 0.000017
94 0.309956 1 0.000017
95 0.317384 0 0.000000
96 0.324811 1 0.000017
97 0.332238 1 0.000017
98 0.339666 1 0.000017
99 0.347093 0 0.000000
