0 -0.382813 2 0.000100
1 -0.375574 2 0.000100
2 -0.368335 1 0.000050
3 -0.361096 0 0.000000
4 -0.353856 0 0.000000
5 -0.346617 0 0.000000
6 -0.339378 0 0.000000
7 -0.332139 0 0.000000
8 -0.324899 0 0.000000
9 -0.317660 0 0.000000
10 -0.310421 0 0.000000
11 -0.303182 0 0.000000
12 -0.295942 4 0.000200
13 -0.288703 2 0.000100
14 -0.281464 5 0.000250
15 -0.274225 4 0.000200
16 -0.266985 3 0.000150
17 -0.259746 3 0.000150
18 -0.252507 2 0.000100
19 -0.245267 2 0.000100
20 -0.238028 2 0.000100
21 -0.230789 3 0.000150
22 -0.223550 8 0.000400
23 -0.216310 8 0.000400
24 -0.209071 7 0.000350
25 -0.201832 10 0.000500
26 -0.194593 22 0.001100
27 -0.187353 35 0.001750
28 -0.180114 55 0.002750
29 -0.172875 50 0.002500
30 -0.165636 53 0.002650
31 -0.158396 61 0.003050
32 -0.151157 128 0.006400
33 -0.143918 144 0.007200
34 -0.136679 205 0.010250
35 -0.129439 223 0.011150
36 -0.122200 185 0.009250
37 -0.114961 160 0.008000
38 -0.107722 141 0.007050
39 -0.100482 221 0.011050
40 -0.093243 248 0.012400
41 -0.086004 628 0.031400
42 -0.078764 781 0.039050
43 -0.071525 448 0.022400
44 -0.064286 338 0.016900
45 -0.057047 382 0.019100
46 -0.049807 442 0.022100
47 -0.042568 600 0.030000
48 -0.035329 631 0.031550
49 -0.028090 564 0.028200
50 -0.020850 680 0.034000
51 -0.013611 897 0.044850
52 -0.006372 3140 0.157000
53 0.000867 1132 0.056600
54 0.008107 719 0.035950
55 0.015346 884 0.044200
56 0.022585 919 0.045950
57 0.029824 534 0.026700
58 0.037064 373 0.018650
59 0.044303 326 0.016300
60 0.051542 409 0.020450
61 0.058782 415 0.020750
62 0.066021 496 0.024800
63 0.073260 299 0.014950
64 0.080499 244 0.012200
65 0.087739 166 0.008300
66 0.094978 150 0.007500
67 0.102217 149 0.007450
68 0.109456 176 0.008800
69 0.116696 373 0.018650
70 0.123935 180 0.009000
71 0.131174 105 0.005250
72 0.138413 49 0.002450
73 0.145653 66 0.003300
74 0.152892 70 0.003500
75 0.160131 78 0.003900
76 0.167370 63 0.003150
77 0.174610 29 0.001450
78 0.181849 11 0.000550
79 0.189088 9 0.000450
80 0.196327 9 0.000450
81 0.203567 10 0.000500
82 0.210806 5 0.000250
83 0.218045 2 0.000100
84 0.225285 0 0.000000
85 0.232524 3 0.000150
86 0.239763 3 0.000150
87 0.247002 2 0.000100
88 0.254242 2 0.000100
89 0.261481 2 0.000100
90 0.268720 0 0.000000
91 0.275959 0 0.000000
92 0.283199 1 0.000050
93 0.290438 4 0.000200
94 0.297677 0 0.000000
95 0.304916 1 0.000050
96 0.312156 0 0.000000
97 0.319395 0 0.000000
98 0.326634 1 0.000050
99 0.333873 1 0.000050
