0 0.116262 2 0.000100
1 0.123997 2 0.000100
2 0.131733 1 0.000050
3 0.139469 0 0.000000
4 0.147204 0 0.000000
5 0.154940 0 0.000000
6 0.162676 0 0.000000
7 0.170411 0 0.000000
8 0.178147 0 0.000000
9 0.185882 0 0.000000
10 0.193618 1 0.000050
11 0.201354 2 0.000100
12 0.209089 3 0.000150
13 0.216825 5 0.000250
14 0.224561 5 0.000250
15 0.232296 2 0.000100
16 0.240032 4 0.000200
17 0.247767 1 0.000050
18 0.255503 1 0.000050
19 0.263239 0 0.000000
20 0.270974 1 0.000050
21 0.278710 3 0.000150
22 0.286446 4 0.000200
23 0.294181 8 0.000400
24 0.301917 14 0.000700
25 0.309652 30 0.001500
26 0.317388 45 0.002250
27 0.325124 63 0.003150
28 0.332859 49 0.002450
29 0.340595 41 0.002050
30 0.348331 63 0.003150
31 0.356066 150 0.007500
32 0.363802 142 0.007100
33 0.371537 302 0.015100
34 0.379273 179 0.008950
35 0.387009 180 0.009000
36 0.394744 155 0.007750
37 0.402480 234 0.011700
38 0.410216 331 0.016550
39 0.417951 410 0.020500
40 0.425687 933 0.046650
41 0.433422 509 0.025450
42 0.441158 351 0.017550
43 0.448894 341 0.017050
44 0.456629 486 0.024300
45 0.464365 717 0.035850
46 0.472101 729 0.036450
47 0.479836 495 0.024750
48 0.487572 584 0.029200
49 0.495307 3645 0.182250
50 0.503043 1088 0.054400
51 0.510779 653 0.032650
52 0.518514 618 0.030900
53 0.526250 1081 0.054050
54 0.533985 680 0.034000
55 0.541721 440 0.022000
56 0.549457 379 0.018950
57 0.557192 443 0.022150
58 0.564928 509 0.025450
59 0.572664 615 0.030750
60 0.580399 301 0.015050
61 0.588135 245 0.012250
62 0.595870 157 0.007850
63 0.603606 222 0.011100
64 0.611342 202 0.010100
65 0.619077 214 0.010700
66 0.626813 361 0.018050
67 0.634549 107 0.005350
68 0.642284 63 0.003150
69 0.650020 53 0.002650
70 0.657755 89 0.004450
71 0.665491 58 0.002900
72 0.673227 94 0.004700
73 0.680962 25 0.001250
74 0.688698 19 0.000950
75 0.696434 15 0.000750
76 0.704169 19 0.000950
77 0.711905 5 0.000250
78 0.719640 1 0.000050
79 0.727376 0 0.000000
80 0.735112 3 0.000150
81 0.742847 1 0.000050
82 0.750583 1 0.000050
83 0.758319 0 0.000000
84 0.766054 1 0.000050
85 0.773790 0 0.000000
86 0.781525 2 0.000100
87 0.789261 3 0.000150
88 0.796997 5 0.000250
89 0.804732 3 0.000150
90 0.812468 0 0.000000
91 0.820204 0 0.000000
92 0.827939 0 0.000000
93 0.835675 0 0.000000
94 0.843410 0 0.000000
95 0.851146 0 0.000000
96 0.858882 0 0.000000
97 0.866617 0 0.000000
98 0.874353 1 0.000050
99 0.882089 1 0.000050
