0 0.132076 14 0.000700
1 0.139748 0 0.000000
2 0.147419 0 0.000000
3 0.155090 0 0.000000
4 0.162762 0 0.000000
5 0.170433 0 0.000000
6 0.178105 11 0.000550
7 0.185776 0 0.000000
8 0.193448 16 0.000800
9 0.201119 4 0.000200
10 0.208790 0 0.000000
11 0.216462 19 0.000950
12 0.224133 0 0.000000
13 0.231805 19 0.000950
14 0.239476 0 0.000000
15 0.247148 14 0.000700
16 0.254819 81 0.004050
17 0.262490 88 0.004400
18 0.270162 22 0.001100
19 0.277833 159 0.007950
20 0.285505 9 0.000450
21 0.293176 15 0.000750
22 0.300847 33 0.001650
23 0.308519 7 0.000350
24 0.316190 24 0.001200
25 0.323862 43 0.002150
26 0.331533 92 0.004600
27 0.339205 51 0.002550
28 0.346876 41 0.002050
29 0.354547 354 0.017700
30 0.362219 244 0.012200
31 0.369890 149 0.007450
32 0.377562 11 0.000550
33 0.385233 198 0.009900
34 0.392905 51 0.002550
35 0.400576 82 0.004100
36 0.408247 202 0.010100
37 0.415919 77 0.003850
38 0.423590 120 0.006000
39 0.431262 460 0.023000
40 0.438933 680 0.034000
41 0.446605 284 0.014200
42 0.454276 221 0.011050
43 0.461947 394 0.019700
44 0.469619 466 0.023300
45 0.477290 835 0.041750
46 0.484962 838 0.041900
47 0.492633 1359 0.067950
48 0.500305 2415 0.120750
49 0.507976 2579 0.128950
50 0.515647 1039 0.051950
51 0.523319 870 0.043500
52 0.530990 694 0.034700
53 0.538662 714 0.035700
54 0.546333 349 0.017450
55 0.554004 422 0.021100
56 0.561676 335 0.016750
57 0.569347 163 0.008150
58 0.577019 143 0.007150
59 0.584690 184 0.009200
60 0.592362 236 0.011800
61 0.600033 66 0.003300
62 0.607704 203 0.010150
63 0.615376 135 0.006750
64 0.623047 39 0.001950
65 0.630719 291 0.014550
66 0.638390 164 0.008200
67 0.646062 173 0.008650
68 0.653733 269 0.013450
69 0.661404 100 0.005000
70 0.669076 32 0.001600
71 0.676747 90 0.004500
72 0.684419 0 0.000000
73 0.692090 33 0.001650
74 0.699762 45 0.002250
75 0.707433 8 0.000400
76 0.715104 51 0.002550
77 0.722776 28 0.001400
78 0.730447 99 0.004950
79 0.738119 36 0.001800
80 0.745790 65 0.003250
81 0.753461 48 0.002400
82 0.761133 16 0.000800
83 0.768804 29 0.001450
84 0.776476 1 0.000050
85 0.784147 8 0.000400
86 0.791819 2 0.000100
87 0.799490 0 0.000000
88 0.807161 0 0.000000
89 0.814833 0 0.000000
90 0.822504 0 0.000000
91 0.830176 31 0.001550
92 0.837847 0 0.000000
93 0.845519 0 0.000000
94 0.853190 0 0.000000
95 0.860861 4 0.000200
96 0.868533 0 0.000000
97 0.876204 0 0.000000
98 0.883876 3 0.000150
99 0.891547 1 0.000050
