0 0.059085 5 0.000083
1 0.068578 0 0.000000
2 0.078071 17 0.000283
3 0.087564 0 0.000000
4 0.097058 0 0.000000
5 0.106551 0 0.000000
6 0.116044 7 0.000117
7 0.125537 14 0.000233
8 0.135031 7 0.000117
9 0.144524 0 0.000000
10 0.154017 6 0.000100
11 0.163511 1 0.000017
12 0.173004 11 0.000183
13 0.182497 8 0.000133
14 0.191990 16 0.000267
15 0.201484 4 0.000067
16 0.210977 11 0.000183
17 0.220470 22 0.000367
18 0.229964 19 0.000317
19 0.239457 25 0.000417
20 0.248950 25 0.000417
21 0.258443 175 0.002917
22 0.267937 32 0.000533
23 0.277430 219 0.003650
24 0.286923 27 0.000450
25 0.296417 60 0.001000
26 0.305910 35 0.000583
27 0.315403 195 0.003250
28 0.324896 345 0.005750
29 0.334390 88 0.001467
30 0.343883 79 0.001317
31 0.353376 383 0.006383
32 0.362870 325 0.005417
33 0.372363 81 0.001350
34 0.381856 191 0.003183
35 0.391349 82 0.001367
36 0.400843 103 0.001717
37 0.410336 389 0.006483
38 0.419829 115 0.001917
39 0.429322 520 0.008667
40 0.438816 830 0.013833
41 0.448309 252 0.004200
42 0.457802 409 0.006817
43 0.467296 732 0.012200
44 0.476789 1306 0.021767
45 0.486282 2487 0.041450
46 0.495775 8580 0.143000
47 0.505269 13858 0.230967
48 0.514762 2589 0.043150
49 0.524255 1312 0.021867
50 0.533749 1404 0.023400
51 0.543242 989 0.016483
52 0.552735 979 0.016317
53 0.562228 655 0.010917
54 0.571722 830 0.013833
55 0.581215 1375 0.022917
56 0.590708 3021 0.050350
57 0.600201 2325 0.038750
58 0.609695 1176 0.019600
59 0.619188 1030 0.017167
60 0.628681 790 0.013167
61 0.638175 653 0.010883
62 0.647668 586 0.009767
63 0.657161 358 0.005967
64 0.666654 401 0.006683
65 0.676148 267 0.004450
66 0.685641 162 0.002700
67 0.695134 243 0.004050
68 0.704628 258 0.004300
69 0.714121 675 0.011250
70 0.723614 865 0.014417
71 0.733107 153 0.002550
72 0.742601 246 0.004100
73 0.752094 175 0.002917
74 0.761587 101 0.001683
75 0.771081 232 0.003867
76 0.780574 19 0.000317
77 0.790067 81 0.001350
78 0.799560 175 0.002917
79 0.809054 200 0.003333
80 0.818547 173 0.002883
81 0.828040 400 0.006667
82 0.837534 124 0.002067
83 0.847027 176 0.002933
84 0.856520 290 0.004833
85 0.866013 343 0.005717
86 0.875507 262 0.004367
87 0.885000 264 0.004400
88 0.894493 283 0.004717
89 0.903986 286 0.004767
90 0.913480 224 0.003733
91 0.922973 249 0.004150
92 0.932466 148 0.002467
93 0.941960 145 0.002417
94 0.951453 138 0.002300
95 0.960946 39 0.000650
96 0.970439 21 0.000350
97 0.979933 9 0.000150
98 0.989426 1 0.000017
99 0.998919 4 0.000067
