0 0.059085 5 0.000250
1 0.068578 0 0.000000
2 0.078071 17 0.000850
3 0.087564 0 0.000000
4 0.097058 0 0.000000
5 0.106551 0 0.000000
6 0.116044 7 0.000350
7 0.125537 0 0.000000
8 0.135031 7 0.000350
9 0.144524 0 0.000000
10 0.154017 6 0.000300
11 0.163511 1 0.000050
12 0.173004 0 0.000000
13 0.182497 8 0.000400
14 0.191990 0 0.000000
15 0.201484 0 0.000000
16 0.210977 11 0.000550
17 0.220470 3 0.000150
18 0.229964 0 0.000000
19 0.239457 11 0.000550
20 0.248950 21 0.001050
21 0.258443 10 0.000500
22 0.267937 10 0.000500
23 0.277430 60 0.003000
24 0.286923 13 0.000650
25 0.296417 17 0.000850
26 0.305910 28 0.001400
27 0.315403 144 0.007200
28 0.324896 261 0.013050
29 0.334390 50 0.002500
30 0.343883 20 0.001000
31 0.353376 10 0.000500
32 0.362870 0 0.000000
33 0.372363 11 0.000550
34 0.381856 13 0.000650
35 0.391349 2 0.000100
36 0.400843 3 0.000150
37 0.410336 176 0.008800
38 0.419829 4 0.000200
39 0.429322 5 0.000250
40 0.438816 7 0.000350
41 0.448309 8 0.000400
42 0.457802 68 0.003400
43 0.467296 33 0.001650
44 0.476789 167 0.008350
45 0.486282 62 0.003100
46 0.495775 87 0.004350
47 0.505269 278 0.013900
48 0.514762 143 0.007150
49 0.524255 37 0.001850
50 0.533749 113 0.005650
51 0.543242 350 0.017500
52 0.552735 249 0.012450
53 0.562228 258 0.012900
54 0.571722 613 0.030650
55 0.581215 1175 0.058750
56 0.590708 2738 0.136900
57 0.600201 2229 0.111450
58 0.609695 941 0.047050
59 0.619188 935 0.046750
60 0.628681 482 0.024100
61 0.638175 477 0.023850
62 0.647668 169 0.008450
63 0.657161 287 0.014350
64 0.666654 327 0.016350
65 0.676148 177 0.008850
66 0.685641 153 0.007650
67 0.695134 182 0.009100
68 0.704628 242 0.012100
69 0.714121 624 0.031200
70 0.723614 763 0.038150
71 0.733107 92 0.004600
72 0.742601 226 0.011300
73 0.752094 82 0.004100
74 0.761587 73 0.003650
75 0.771081 214 0.010700
76 0.780574 11 0.000550
77 0.790067 79 0.003950
78 0.799560 175 0.008750
79 0.809054 200 0.010000
80 0.818547 173 0.008650
81 0.828040 369 0.018450
82 0.837534 124 0.006200
83 0.847027 176 0.008800
84 0.856520 290 0.014500
85 0.866013 339 0.016950
86 0.875507 262 0.013100
87 0.885000 260 0.013000
88 0.894493 283 0.014150
89 0.903986 286 0.014300
90 0.913480 224 0.011200
91 0.922973 249 0.012450
92 0.932466 148 0.007400
93 0.941960 145 0.007250
94 0.951453 138 0.006900
95 0.960946 39 0.001950
96 0.970439 21 0.001050
97 0.979933 9 0.000450
98 0.989426 1 0.000050
99 0.998919 4 0.000200
