0 0.464561 9 0.000450
1 0.465678 0 0.000000
2 0.466796 28 0.001400
3 0.467914 19 0.000950
4 0.469031 0 0.000000
5 0.470149 4 0.000200
6 0.471267 11 0.000550
7 0.472384 15 0.000750
8 0.473502 0 0.000000
9 0.474620 0 0.000000
10 0.475737 0 0.000000
11 0.476855 32 0.001600
12 0.477973 13 0.000650
13 0.479090 22 0.001100
14 0.480208 5 0.000250
15 0.481325 16 0.000800
16 0.482443 17 0.000850
17 0.483561 54 0.002700
18 0.484678 47 0.002350
19 0.485796 43 0.002150
20 0.486914 28 0.001400
21 0.488031 153 0.007650
22 0.489149 80 0.004000
23 0.490267 131 0.006550
24 0.491384 107 0.005350
25 0.492502 210 0.010500
26 0.493620 327 0.016350
27 0.494737 268 0.013400
28 0.495855 462 0.023100
29 0.496973 497 0.024850
30 0.498090 412 0.020600
31 0.499208 494 0.024700
32 0.500325 449 0.022450
33 0.501443 1251 0.062550
34 0.502561 1005 0.050250
35 0.503678 1218 0.060900
36 0.504796 1649 0.082450
37 0.505914 3235 0.161750
38 0.507031 1490 0.074500
39 0.508149 1488 0.074400
40 0.509267 1259 0.062950
41 0.510384 521 0.026050
42 0.511502 327 0.016350
43 0.512620 235 0.011750
44 0.513737 237 0.011850
45 0.514855 325 0.016250
46 0.515972 189 0.009450
47 0.517090 145 0.007250
48 0.518208 94 0.004700
49 0.519325 76 0.003800
50 0.520443 93 0.004650
51 0.521561 56 0.002800
52 0.522678 80 0.004000
53 0.523796 53 0.002650
54 0.524914 31 0.001550
55 0.526031 67 0.003350
56 0.527149 32 0.001600
57 0.528267 20 0.001000
58 0.529384 29 0.001450
59 0.530502 42 0.002100
60 0.531620 29 0.001450
61 0.532737 66 0.003300
62 0.533855 39 0.001950
63 0.534972 50 0.002500
64 0.536090 20 0.001000
65 0.537208 26 0.001300
66 0.538325 25 0.001250
67 0.539443 27 0.001350
68 0.540561 34 0.001700
69 0.541678 30 0.001500
70 0.542796 31 0.001550
71 0.543914 69 0.003450
72 0.545031 24 0.001200
73 0.546149 23 0.001150
74 0.547267 72 0.003600
75 0.548384 4 0.000200
76 0.549502 12 0.000600
77 0.550619 26 0.001300
78 0.551737 21 0.001050
79 0.552855 10 0.000500
80 0.553972 33 0.001650
81 0.555090 20 0.001000
82 0.556208 19 0.000950
83 0.557325 6 0.000300
84 0.558443 8 0.000400
85 0.559561 28 0.001400
86 0.560678 6 0.000300
87 0.561796 3 0.000150
88 0.562914 24 0.001200
89 0.564031 10 0.000500
90 0.565149 1 0.000050
91 0.566267 0 0.000000
92 0.567384 3 0.000150
93 0.568502 0 0.000000
94 0.569619 0 0.000000
95 0.570737 0 0.000000
96 0.571855 0 0.000000
97 0.572972 0 0.000000
98 0.574090 0 0.000000
99 0.575208 1 0.000050
