0 0.013721 4 0.000200
1 0.023474 2 0.000100
2 0.033227 3 0.000150
3 0.042979 8 0.000400
4 0.052732 12 0.000600
5 0.062484 9 0.000450
6 0.072237 6 0.000300
7 0.081989 10 0.000500
8 0.091742 7 0.000350
9 0.101494 12 0.000600
10 0.111247 4 0.000200
11 0.120999 7 0.000350
12 0.130752 16 0.000800
13 0.140505 10 0.000500
14 0.150257 14 0.000700
15 0.160010 14 0.000700
16 0.169762 12 0.000600
17 0.179515 21 0.001050
18 0.189267 21 0.001050
19 0.199020 14 0.000700
20 0.208772 33 0.001650
21 0.218525 34 0.001700
22 0.228277 28 0.001400
23 0.238030 17 0.000850
24 0.247783 40 0.002000
25 0.257535 35 0.001750
26 0.267288 37 0.001850
27 0.277040 49 0.002450
28 0.286793 55 0.002750
29 0.296545 64 0.003200
30 0.306298 63 0.003150
31 0.316050 90 0.004500
32 0.325803 67 0.003350
33 0.335555 85 0.004250
34 0.345308 87 0.004350
35 0.355061 104 0.005200
36 0.364813 144 0.007200
37 0.374566 125 0.006250
38 0.384318 170 0.008500
39 0.394071 164 0.008200
40 0.403823 199 0.009950
41 0.413576 261 0.013050
42 0.423328 296 0.014800
43 0.433081 362 0.018100
44 0.442833 423 0.021150
45 0.452586 574 0.028700
46 0.462339 733 0.036650
47 0.472091 1061 0.053050
48 0.481844 1916 0.095800
49 0.491596 3169 0.158450
50 0.501349 2703 0.135150
51 0.511101 1503 0.075150
52 0.520854 898 0.044900
53 0.530606 678 0.033900
54 0.540359 440 0.022000
55 0.550111 351 0.017550
56 0.559864 378 0.018900
57 0.569617 299 0.014950
58 0.579369 260 0.013000
59 0.589122 179 0.008950
60 0.598874 164 0.008200
61 0.608627 144 0.007200
62 0.618379 155 0.007750
63 0.628132 111 0.005550
64 0.637884 102 0.005100
65 0.647637 103 0.005150
66 0.657389 75 0.003750
67 0.667142 74 0.003700
68 0.676895 64 0.003200
69 0.686647 52 0.002600
70 0.696400 47 0.002350
71 0.706152 43 0.002150
72 0.715905 32 0.001600
73 0.725657 27 0.001350
74 0.735410 36 0.001800
75 0.745162 29 0.001450
76 0.754915 33 0.001650
77 0.764667 31 0.001550
78 0.774420 33 0.001650
79 0.784173 30 0.001500
80 0.793925 19 0.000950
81 0.803678 17 0.000850
82 0.813430 23 0.001150
83 0.823183 21 0.001050
84 0.832935 17 0.000850
85 0.842688 16 0.000800
86 0.852440 12 0.000600
87 0.862193 11 0.000550
88 0.871945 8 0.000400
89 0.881698 13 0.000650
90 0.891451 9 0.000450
91 0.901203 10 0.000500
92 0.910956 9 0.000450
93 0.920708 16 0.000800
94 0.930461 15 0.000750
95 0.940213 8 0.000400
96 0.949966 0 0.000000
97 0.959718 7 0.000350
98 0.969471 3 0.000150
99 0.979223 1 0.000050
