0 0.014612 2 0.000100
1 0.024554 2 0.000100
2 0.034497 4 0.000200
3 0.044440 6 0.000300
4 0.054382 2 0.000100
5 0.064325 1 0.000050
6 0.074268 9 0.000450
7 0.084210 7 0.000350
8 0.094153 2 0.000100
9 0.104096 3 0.000150
10 0.114038 3 0.000150
11 0.123981 2 0.000100
12 0.133924 0 0.000000
13 0.143866 1 0.000050
14 0.153809 4 0.000200
15 0.163751 2 0.000100
16 0.173694 3 0.000150
17 0.183637 3 0.000150
18 0.193579 8 0.000400
19 0.203522 1 0.000050
20 0.213465 2 0.000100
21 0.223407 4 0.000200
22 0.233350 5 0.000250
23 0.243293 16 0.000800
24 0.253235 34 0.001700
25 0.263178 22 0.001100
26 0.273121 33 0.001650
27 0.283063 42 0.002100
28 0.293006 40 0.002000
29 0.302948 37 0.001850
30 0.312891 116 0.005800
31 0.322834 112 0.005600
32 0.332776 180 0.009000
33 0.342719 85 0.004250
34 0.352662 18 0.000900
35 0.362604 12 0.000600
36 0.372547 16 0.000800
37 0.382490 24 0.001200
38 0.392432 19 0.000950
39 0.402375 26 0.001300
40 0.412318 24 0.001200
41 0.422260 25 0.001250
42 0.432203 21 0.001050
43 0.442145 32 0.001600
44 0.452088 61 0.003050
45 0.462031 62 0.003100
46 0.471973 71 0.003550
47 0.481916 108 0.005400
48 0.491859 121 0.006050
49 0.501801 108 0.005400
50 0.511744 130 0.006500
51 0.521687 193 0.009650
52 0.531629 215 0.010750
53 0.541572 285 0.014250
54 0.551515 433 0.021650
55 0.561457 500 0.025000
56 0.571400 1070 0.053500
57 0.581342 2163 0.108150
58 0.591285 2914 0.145700
59 0.601228 1489 0.074450
60 0.611170 880 0.044000
61 0.621113 678 0.033900
62 0.631056 450 0.022500
63 0.640998 346 0.017300
64 0.650941 291 0.014550
65 0.660884 224 0.011200
66 0.670826 197 0.009850
67 0.680769 203 0.010150
68 0.690712 167 0.008350
69 0.700654 151 0.007550
70 0.710597 160 0.008000
71 0.720539 136 0.006800
72 0.730482 182 0.009100
73 0.740425 163 0.008150
74 0.750367 157 0.007850
75 0.760310 126 0.006300
76 0.770253 160 0.008000
77 0.780195 147 0.007350
78 0.790138 163 0.008150
79 0.800081 141 0.007050
80 0.810023 188 0.009400
81 0.819966 235 0.011750
82 0.829909 217 0.010850
83 0.839851 222 0.011100
84 0.849794 338 0.016900
85 0.859736 458 0.022900
86 0.869679 351 0.017550
87 0.879622 388 0.019400
88 0.889564 218 0.010900
89 0.899507 236 0.011800
90 0.909450 291 0.014550
91 0.919392 270 0.013500
92 0.929335 240 0.012000
93 0.939278 140 0.007000
94 0.949220 47 0.002350
95 0.959163 42 0.002100
96 0.969106 35 0.001750
97 0.979048 18 0.000900
98 0.988991 11 0.000550
99 0.998933 0 0.000000
