0 0.013721 6 0.000100
1 0.023673 4 0.000067
2 0.033625 7 0.000117
3 0.043576 14 0.000233
4 0.053528 15 0.000250
5 0.063480 11 0.000183
6 0.073431 12 0.000200
7 0.083383 18 0.000300
8 0.093335 10 0.000167
9 0.103286 13 0.000217
10 0.113238 10 0.000167
11 0.123189 16 0.000267
12 0.133141 17 0.000283
13 0.143093 11 0.000183
14 0.153044 19 0.000317
15 0.162996 16 0.000267
16 0.172948 12 0.000200
17 0.182899 32 0.000533
18 0.192851 24 0.000400
19 0.202803 27 0.000450
20 0.212754 31 0.000517
21 0.222706 54 0.000900
22 0.232657 39 0.000650
23 0.242609 33 0.000550
24 0.252561 75 0.001250
25 0.262512 60 0.001000
26 0.272464 76 0.001267
27 0.282416 99 0.001650
28 0.292367 112 0.001867
29 0.302319 120 0.002000
30 0.312271 245 0.004083
31 0.322222 264 0.004400
32 0.332174 322 0.005367
33 0.342126 243 0.004050
34 0.352077 262 0.004367
35 0.362029 339 0.005650
36 0.371980 504 0.008400
37 0.381932 415 0.006917
38 0.391884 398 0.006633
39 0.401835 536 0.008933
40 0.411787 719 0.011983
41 0.421739 1322 0.022033
42 0.431690 1083 0.018050
43 0.441642 889 0.014817
44 0.451593 1176 0.019600
45 0.461545 1627 0.027117
46 0.471497 1991 0.033183
47 0.481448 2724 0.045400
48 0.491400 4309 0.071817
49 0.501352 6972 0.116200
50 0.511303 2459 0.040983
51 0.521255 2201 0.036683
52 0.531207 1911 0.031850
53 0.541158 1276 0.021267
54 0.551110 1314 0.021900
55 0.561062 1443 0.024050
56 0.571013 2116 0.035267
57 0.580965 2847 0.047450
58 0.590916 3207 0.053450
59 0.600868 2012 0.033533
60 0.610820 1302 0.021700
61 0.620771 1229 0.020483
62 0.630723 791 0.013183
63 0.640675 546 0.009100
64 0.650626 451 0.007517
65 0.660578 393 0.006550
66 0.670529 399 0.006650
67 0.680481 280 0.004667
68 0.690433 236 0.003933
69 0.700384 238 0.003967
70 0.710336 198 0.003300
71 0.720288 167 0.002783
72 0.730239 221 0.003683
73 0.740191 199 0.003317
74 0.750143 181 0.003017
75 0.760094 161 0.002683
76 0.770046 193 0.003217
77 0.779997 182 0.003033
78 0.789949 196 0.003267
79 0.799901 162 0.002700
80 0.809852 215 0.003583
81 0.819804 244 0.004067
82 0.829756 244 0.004067
83 0.839707 242 0.004033
84 0.849659 337 0.005617
85 0.859611 482 0.008033
86 0.869562 362 0.006033
87 0.879514 396 0.006600
88 0.889465 234 0.003900
89 0.899417 245 0.004083
90 0.909369 294 0.004900
91 0.919320 289 0.004817
92 0.929272 259 0.004317
93 0.939224 149 0.002483
94 0.949175 47 0.000783
95 0.959127 49 0.000817
96 0.969079 38 0.000633
97 0.979030 19 0.000317
98 0.988982 9 0.000150
99 0.998933 2 0.000033
