0 -0.461284 2 0.000100
1 -0.453465 0 0.000000
2 -0.445646 1 0.000050
3 -0.437827 0 0.000000
4 -0.430007 0 0.000000
5 -0.422188 0 0.000000
6 -0.414369 0 0.000000
7 -0.406550 0 0.000000
8 -0.398731 0 0.000000
9 -0.390911 0 0.000000
10 -0.383092 0 0.000000
11 -0.375273 1 0.000050
12 -0.367454 1 0.000050
13 -0.359635 0 0.000000
14 -0.351816 0 0.000000
15 -0.343996 0 0.000000
16 -0.336177 0 0.000000
17 -0.328358 0 0.000000
18 -0.320539 0 0.000000
19 -0.312720 0 0.000000
20 -0.304901 0 0.000000
21 -0.297081 3 0.000150
22 -0.289262 2 0.000100
23 -0.281443 5 0.000250
24 -0.273624 5 0.000250
25 -0.265805 2 0.000100
26 -0.257986 4 0.000200
27 -0.250166 0 0.000000
28 -0.242347 1 0.000050
29 -0.234528 3 0.000150
30 -0.226709 2 0.000100
31 -0.218890 5 0.000250
32 -0.211070 3 0.000150
33 -0.203251 13 0.000650
34 -0.195432 19 0.000950
35 -0.187613 64 0.003200
36 -0.179794 61 0.003050
37 -0.171975 75 0.003750
38 -0.164155 71 0.003550
39 -0.156336 110 0.005500
40 -0.148517 172 0.008600
41 -0.140698 272 0.013600
42 -0.132879 156 0.007800
43 -0.125060 152 0.007600
44 -0.117240 184 0.009200
45 -0.109421 180 0.009000
46 -0.101602 200 0.010000
47 -0.093783 421 0.021050
48 -0.085964 860 0.043000
49 -0.078144 594 0.029700
50 -0.070325 369 0.018450
51 -0.062506 385 0.019250
52 -0.054687 498 0.024900
53 -0.046868 694 0.034700
54 -0.039049 615 0.030750
55 -0.031229 543 0.027150
56 -0.023410 712 0.035600
57 -0.015591 2817 0.140850
58 -0.007772 1887 0.094350
59 0.000047 853 0.042650
60 0.007866 839 0.041950
61 0.015686 1013 0.050650
62 0.023505 673 0.033650
63 0.031324 417 0.020850
64 0.039143 376 0.018800
65 0.046962 438 0.021900
66 0.054781 538 0.026900
67 0.062601 483 0.024150
68 0.070420 283 0.014150
69 0.078239 253 0.012650
70 0.086058 183 0.009150
71 0.093877 156 0.007800
72 0.101697 141 0.007050
73 0.109516 328 0.016400
74 0.117335 261 0.013050
75 0.125154 140 0.007000
76 0.132973 83 0.004150
77 0.140792 92 0.004600
78 0.148612 65 0.003250
79 0.156431 85 0.004250
80 0.164250 80 0.004000
81 0.172069 19 0.000950
82 0.179888 6 0.000300
83 0.187707 3 0.000150
84 0.195527 7 0.000350
85 0.203346 4 0.000200
86 0.211165 6 0.000300
87 0.218984 3 0.000150
88 0.226803 1 0.000050
89 0.234623 1 0.000050
90 0.242442 1 0.000050
91 0.250261 0 0.000000
92 0.258080 1 0.000050
93 0.265899 0 0.000000
94 0.273718 1 0.000050
95 0.281538 2 0.000100
96 0.289357 0 0.000000
97 0.297176 0 0.000000
98 0.304995 1 0.000050
99 0.312814 0 0.000000
