0 0.000000 45679 0.761317
1 0.002149 4119 0.068650
2 0.004299 2730 0.045500
3 0.006448 2024 0.033733
4 0.008597 1011 0.016850
5 0.010747 804 0.013400
6 0.012896 832 0.013867
7 0.015045 475 0.007917
8 0.017195 480 0.008000
9 0.019344 368 0.006133
10 0.021493 285 0.004750
11 0.023643 191 0.003183
12 0.025792 209 0.003483
13 0.027941 146 0.002433
14 0.030091 108 0.001800
15 0.032240 90 0.001500
16 0.034389 57 0.000950
17 0.036538 46 0.000767
18 0.038688 37 0.000617
19 0.040837 28 0.000467
20 0.042986 30 0.000500
21 0.045136 21 0.000350
22 0.047285 15 0.000250
23 0.049434 12 0.000200
24 0.051584 27 0.000450
25 0.053733 15 0.000250
26 0.055882 14 0.000233
27 0.058032 11 0.000183
28 0.060181 13 0.000217
29 0.062330 7 0.000117
30 0.064480 7 0.000117
31 0.066629 11 0.000183
32 0.068778 6 0.000100
33 0.070928 8 0.000133
34 0.073077 7 0.000117
35 0.075226 13 0.000217
36 0.077376 5 0.000083
37 0.079525 5 0.000083
38 0.081674 5 0.000083
39 0.083824 4 0.000067
40 0.085973 10 0.000167
41 0.088122 3 0.000050
42 0.090272 2 0.000033
43 0.092421 2 0.000033
44 0.094570 3 0.000050
45 0.096720 1 0.000017
46 0.098869 1 0.000017
47 0.101018 2 0.000033
48 0.103167 2 0.000033
49 0.105317 0 0.000000
50 0.107466 0 0.000000
51 0.109615 0 0.000000
52 0.111765 1 0.000017
53 0.113914 0 0.000000
54 0.116063 1 0.000017
55 0.118213 0 0.000000
56 0.120362 2 0.000033
57 0.122511 5 0.000083
58 0.124661 3 0.000050
59 0.126810 0 0.000000
60 0.128959 1 0.000017
61 0.131109 0 0.000000
62 0.133258 1 0.000017
63 0.135407 1 0.000017
64 0.137557 0 0.000000
65 0.139706 0 0.000000
66 0.141855 1 0.000017
67 0.144005 0 0.000000
68 0.146154 0 0.000000
69 0.148303 0 0.000000
70 0.150453 0 0.000000
71 0.152602 0 0.000000
72 0.154751 0 0.000000
73 0.156901 0 0.000000
74 0.159050 0 0.000000
75 0.161199 0 0.000000
76 0.163349 0 0.000000
77 0.165498 0 0.000000
78 0.167647 0 0.000000
79 0.169796 0 0.000000
80 0.171946 0 0.000000
81 0.174095 0 0.000000
82 0.176244 0 0.000000
83 0.178394 0 0.000000
84 0.180543 0 0.000000
85 0.182692 0 0.000000
86 0.184842 0 0.000000
87 0.186991 0 0.000000
88 0.189140 0 0.000000
89 0.191290 0 0.000000
90 0.193439 1 0.000017
91 0.195588 0 0.000000
92 0.197738 0 0.000000
93 0.199887 0 0.000000
94 0.202036 0 0.000000
95 0.204186 0 0.000000
96 0.206335 0 0.000000
97 0.208484 0 0.000000
98 0.210634 0 0.000000
99 0.212783 2 0.000033
