0 -0.352032 3 0.000150
1 -0.344882 1 0.000050
2 -0.337732 1 0.000050
3 -0.330583 0 0.000000
4 -0.323433 1 0.000050
5 -0.316283 2 0.000100
6 -0.309133 0 0.000000
7 -0.301983 2 0.000100
8 -0.294833 2 0.000100
9 -0.287684 2 0.000100
10 -0.280534 5 0.000250
11 -0.273384 3 0.000150
12 -0.266234 3 0.000150
13 -0.259084 2 0.000100
14 -0.251934 10 0.000500
15 -0.244785 4 0.000200
16 -0.237635 3 0.000150
17 -0.230485 4 0.000200
18 -0.223335 3 0.000150
19 -0.216185 5 0.000250
20 -0.209035 5 0.000250
21 -0.201886 7 0.000350
22 -0.194736 7 0.000350
23 -0.187586 9 0.000450
24 -0.180436 19 0.000950
25 -0.173286 16 0.000800
26 -0.166136 25 0.001250
27 -0.158987 14 0.000700
28 -0.151837 23 0.001150
29 -0.144687 24 0.001200
30 -0.137537 31 0.001550
31 -0.130387 29 0.001450
32 -0.123237 39 0.001950
33 -0.116088 61 0.003050
34 -0.108938 69 0.003450
35 -0.101788 79 0.003950
36 -0.094638 59 0.002950
37 -0.087488 83 0.004150
38 -0.080338 95 0.004750
39 -0.073189 108 0.005400
40 -0.066039 124 0.006200
41 -0.058889 174 0.008700
42 -0.051739 277 0.013850
43 -0.044589 344 0.017200
44 -0.037439 413 0.020650
45 -0.030290 666 0.033300
46 -0.023140 1381 0.069050
47 -0.015990 3871 0.193550
48 -0.008840 5867 0.293350
49 -0.001690 2707 0.135350
50 0.005460 927 0.046350
51 0.012609 434 0.021700
52 0.019759 315 0.015750
53 0.026909 303 0.015150
54 0.034059 230 0.011500
55 0.041209 162 0.008100
56 0.048359 186 0.009300
57 0.055508 112 0.005600
58 0.062658 77 0.003850
59 0.069808 60 0.003000
60 0.076958 54 0.002700
61 0.084108 57 0.002850
62 0.091258 63 0.003150
63 0.098407 43 0.002150
64 0.105557 30 0.001500
65 0.112707 26 0.001300
66 0.119857 34 0.001700
67 0.127007 31 0.001550
68 0.134157 27 0.001350
69 0.141306 24 0.001200
70 0.148456 12 0.000600
71 0.155606 8 0.000400
72 0.162756 9 0.000450
73 0.169906 9 0.000450
74 0.177056 11 0.000550
75 0.184205 9 0.000450
76 0.191355 4 0.000200
77 0.198505 11 0.000550
78 0.205655 5 0.000250
79 0.212805 4 0.000200
80 0.219955 3 0.000150
81 0.227104 1 0.000050
82 0.234254 7 0.000350
83 0.241404 3 0.000150
84 0.248554 2 0.000100
85 0.255704 2 0.000100
86 0.262854 4 0.000200
87 0.270003 2 0.000100
88 0.277153 2 0.000100
89 0.284303 3 0.000150
90 0.291453 3 0.000150
91 0.298603 2 0.000100
92 0.305753 1 0.000050
93 0.312902 1 0.000050
94 0.320052 0 0.000000
95 0.327202 0 0.000000
96 0.334352 0 0.000000
97 0.341502 0 0.000000
98 0.348652 4 0.000200
99 0.355801 1 0.000050
