0 -0.378260 1 0.000050
1 -0.371346 1 0.000050
2 -0.364431 0 0.000000
3 -0.357516 1 0.000050
4 -0.350602 1 0.000050
5 -0.343687 0 0.000000
6 -0.336772 0 0.000000
7 -0.329858 2 0.000100
8 -0.322943 1 0.000050
9 -0.316028 0 0.000000
10 -0.309114 1 0.000050
11 -0.302199 2 0.000100
12 -0.295284 4 0.000200
13 -0.288370 1 0.000050
14 -0.281455 4 0.000200
15 -0.274540 2 0.000100
16 -0.267625 2 0.000100
17 -0.260711 5 0.000250
18 -0.253796 3 0.000150
19 -0.246881 4 0.000200
20 -0.239967 7 0.000350
21 -0.233052 11 0.000550
22 -0.226137 5 0.000250
23 -0.219223 7 0.000350
24 -0.212308 9 0.000450
25 -0.205393 4 0.000200
26 -0.198479 7 0.000350
27 -0.191564 10 0.000500
28 -0.184649 8 0.000400
29 -0.177735 10 0.000500
30 -0.170820 10 0.000500
31 -0.163905 8 0.000400
32 -0.156991 22 0.001100
33 -0.150076 42 0.002100
34 -0.143161 20 0.001000
35 -0.136246 27 0.001350
36 -0.129332 35 0.001750
37 -0.122417 45 0.002250
38 -0.115502 68 0.003400
39 -0.108588 82 0.004100
40 -0.101673 134 0.006700
41 -0.094758 169 0.008450
42 -0.087844 178 0.008900
43 -0.080929 238 0.011900
44 -0.074014 223 0.011150
45 -0.067100 207 0.010350
46 -0.060185 262 0.013100
47 -0.053270 237 0.011850
48 -0.046356 250 0.012500
49 -0.039441 329 0.016450
50 -0.032526 508 0.025400
51 -0.025611 1196 0.059800
52 -0.018697 3390 0.169500
53 -0.011782 5264 0.263200
54 -0.004867 2802 0.140100
55 0.002047 1242 0.062100
56 0.008962 648 0.032400
57 0.015877 324 0.016200
58 0.022791 273 0.013650
59 0.029706 203 0.010150
60 0.036621 171 0.008550
61 0.043535 154 0.007700
62 0.050450 112 0.005600
63 0.057365 103 0.005150
64 0.064279 99 0.004950
65 0.071194 106 0.005300
66 0.078109 69 0.003450
67 0.085023 85 0.004250
68 0.091938 65 0.003250
69 0.098853 58 0.002900
70 0.105768 59 0.002950
71 0.112682 64 0.003200
72 0.119597 44 0.002200
73 0.126512 32 0.001600
74 0.133426 20 0.001000
75 0.140341 19 0.000950
76 0.147256 21 0.001050
77 0.154170 26 0.001300
78 0.161085 21 0.001050
79 0.168000 18 0.000900
80 0.174914 10 0.000500
81 0.181829 11 0.000550
82 0.188744 17 0.000850
83 0.195658 11 0.000550
84 0.202573 15 0.000750
85 0.209488 8 0.000400
86 0.216402 4 0.000200
87 0.223317 8 0.000400
88 0.230232 8 0.000400
89 0.237147 3 0.000150
90 0.244061 3 0.000150
91 0.250976 2 0.000100
92 0.257891 2 0.000100
93 0.264805 1 0.000050
94 0.271720 0 0.000000
95 0.278635 0 0.000000
96 0.285549 0 0.000000
97 0.292464 1 0.000050
98 0.299379 0 0.000000
99 0.306293 1 0.000050
