0 -0.461284 2 0.000033
1 -0.453031 0 0.000000
2 -0.444777 1 0.000017
3 -0.436524 0 0.000000
4 -0.428270 0 0.000000
5 -0.420017 0 0.000000
6 -0.411764 0 0.000000
7 -0.403510 0 0.000000
8 -0.395257 0 0.000000
9 -0.387004 0 0.000000
10 -0.378750 1 0.000017
11 -0.370497 2 0.000033
12 -0.362243 1 0.000017
13 -0.353990 5 0.000083
14 -0.345737 1 0.000017
15 -0.337483 1 0.000017
16 -0.329230 2 0.000033
17 -0.320976 2 0.000033
18 -0.312723 3 0.000050
19 -0.304470 3 0.000050
20 -0.296216 10 0.000167
21 -0.287963 6 0.000100
22 -0.279710 18 0.000300
23 -0.271456 8 0.000133
24 -0.263203 14 0.000233
25 -0.254949 7 0.000117
26 -0.246696 14 0.000233
27 -0.238443 20 0.000333
28 -0.230189 15 0.000250
29 -0.221936 15 0.000250
30 -0.213682 21 0.000350
31 -0.205429 18 0.000300
32 -0.197176 42 0.000700
33 -0.188922 79 0.001317
34 -0.180669 98 0.001633
35 -0.172415 109 0.001817
36 -0.164162 109 0.001817
37 -0.155909 187 0.003117
38 -0.147655 255 0.004250
39 -0.139402 338 0.005633
40 -0.131149 221 0.003683
41 -0.122895 289 0.004817
42 -0.114642 354 0.005900
43 -0.106388 411 0.006850
44 -0.098135 520 0.008667
45 -0.089882 1073 0.017883
46 -0.081628 1120 0.018667
47 -0.073375 871 0.014517
48 -0.065121 746 0.012433
49 -0.056868 1053 0.017550
50 -0.048615 1395 0.023250
51 -0.040361 1480 0.024667
52 -0.032108 1947 0.032450
53 -0.023854 4420 0.073667
54 -0.015601 13914 0.231900
55 -0.007348 11967 0.199450
56 0.000906 4365 0.072750
57 0.009159 2284 0.038067
58 0.017412 1808 0.030133
59 0.025666 1153 0.019217
60 0.033919 902 0.015033
61 0.042173 822 0.013700
62 0.050426 820 0.013667
63 0.058679 795 0.013250
64 0.066933 544 0.009067
65 0.075186 468 0.007800
66 0.083440 365 0.006083
67 0.091693 328 0.005467
68 0.099946 236 0.003933
69 0.108200 432 0.007200
70 0.116453 391 0.006517
71 0.124707 230 0.003833
72 0.132960 144 0.002400
73 0.141213 142 0.002367
74 0.149467 108 0.001800
75 0.157720 137 0.002283
76 0.165973 86 0.001433
77 0.174227 45 0.000750
78 0.182480 34 0.000567
79 0.190734 24 0.000400
80 0.198987 35 0.000583
81 0.207240 24 0.000400
82 0.215494 13 0.000217
83 0.223747 15 0.000250
84 0.232001 13 0.000217
85 0.240254 10 0.000167
86 0.248507 4 0.000067
87 0.256761 6 0.000100
88 0.265014 4 0.000067
89 0.273268 3 0.000050
90 0.281521 6 0.000100
91 0.289774 5 0.000083
92 0.298028 2 0.000033
93 0.306281 3 0.000050
94 0.314534 1 0.000017
95 0.322788 0 0.000000
96 0.331041 0 0.000000
97 0.339295 0 0.000000
98 0.347548 4 0.000067
99 0.355801 1 0.000017
