0 0.018222 5 0.000250
1 0.028172 0 0.000000
2 0.038122 0 0.000000
3 0.048072 1 0.000050
4 0.058022 0 0.000000
5 0.067972 2 0.000100
6 0.077922 0 0.000000
7 0.087872 4 0.000200
8 0.097822 8 0.000400
9 0.107772 0 0.000000
10 0.117722 0 0.000000
11 0.127672 0 0.000000
12 0.137622 17 0.000850
13 0.147572 4 0.000200
14 0.157522 1 0.000050
15 0.167472 0 0.000000
16 0.177422 0 0.000000
17 0.187372 8 0.000400
18 0.197322 0 0.000000
19 0.207272 5 0.000250
20 0.217222 0 0.000000
21 0.227172 11 0.000550
22 0.237122 2 0.000100
23 0.247072 33 0.001650
24 0.257022 25 0.001250
25 0.266972 20 0.001000
26 0.276922 2 0.000100
27 0.286872 57 0.002850
28 0.296822 4 0.000200
29 0.306772 17 0.000850
30 0.316722 119 0.005950
31 0.326672 251 0.012550
32 0.336622 39 0.001950
33 0.346572 64 0.003200
34 0.356522 0 0.000000
35 0.366472 14 0.000700
36 0.376422 3 0.000150
37 0.386372 10 0.000500
38 0.396322 1 0.000050
39 0.406272 22 0.001100
40 0.416222 1 0.000050
41 0.426172 194 0.009700
42 0.436122 14 0.000700
43 0.446072 4 0.000200
44 0.456022 12 0.000600
45 0.465972 50 0.002500
46 0.475922 40 0.002000
47 0.485872 40 0.002000
48 0.495822 214 0.010700
49 0.505772 78 0.003900
50 0.515722 298 0.014900
51 0.525672 56 0.002800
52 0.535622 107 0.005350
53 0.545572 107 0.005350
54 0.555522 453 0.022650
55 0.565472 276 0.013800
56 0.575422 746 0.037300
57 0.585372 1411 0.070550
58 0.595322 3464 0.173200
59 0.605272 1565 0.078250
60 0.615222 1081 0.054050
61 0.625172 633 0.031650
62 0.635122 523 0.026150
63 0.645072 297 0.014850
64 0.655022 364 0.018200
65 0.664972 470 0.023500
66 0.674922 79 0.003950
67 0.684872 164 0.008200
68 0.694822 98 0.004900
69 0.704772 521 0.026050
70 0.714722 348 0.017400
71 0.724672 766 0.038300
72 0.734622 355 0.017750
73 0.744572 73 0.003650
74 0.754522 12 0.000600
75 0.764472 99 0.004950
76 0.774422 185 0.009250
77 0.784372 51 0.002550
78 0.794322 47 0.002350
79 0.804272 379 0.018950
80 0.814222 53 0.002650
81 0.824172 136 0.006800
82 0.834122 334 0.016700
83 0.844072 245 0.012250
84 0.854022 289 0.014450
85 0.863972 350 0.017500
86 0.873922 242 0.012100
87 0.883872 298 0.014900
88 0.893822 290 0.014500
89 0.903772 327 0.016350
90 0.913722 270 0.013500
91 0.923672 226 0.011300
92 0.933622 193 0.009650
93 0.943572 184 0.009200
94 0.953522 80 0.004000
95 0.963472 43 0.002150
96 0.973422 11 0.000550
97 0.983372 3 0.000150
98 0.993322 0 0.000000
99 1.003272 2 0.000100
