0 0.116036 11 0.000550
1 0.123809 7 0.000350
2 0.131582 1 0.000050
3 0.139355 0 0.000000
4 0.147128 0 0.000000
5 0.154901 0 0.000000
6 0.162674 0 0.000000
7 0.170447 0 0.000000
8 0.178220 15 0.000750
9 0.185993 4 0.000200
10 0.193766 5 0.000250
11 0.201539 0 0.000000
12 0.209312 3 0.000150
13 0.217084 13 0.000650
14 0.224857 10 0.000500
15 0.232630 0 0.000000
16 0.240403 3 0.000150
17 0.248176 4 0.000200
18 0.255949 103 0.005150
19 0.263722 73 0.003650
20 0.271495 21 0.001050
21 0.279268 176 0.008800
22 0.287041 35 0.001750
23 0.294814 14 0.000700
24 0.302587 23 0.001150
25 0.310360 24 0.001200
26 0.318133 32 0.001600
27 0.325906 46 0.002300
28 0.333679 17 0.000850
29 0.341452 90 0.004500
30 0.349225 20 0.001000
31 0.356998 241 0.012050
32 0.364771 138 0.006900
33 0.372543 286 0.014300
34 0.380316 228 0.011400
35 0.388089 67 0.003350
36 0.395862 92 0.004600
37 0.403635 38 0.001900
38 0.411408 246 0.012300
39 0.419181 60 0.003000
40 0.426954 477 0.023850
41 0.434727 276 0.013800
42 0.442500 678 0.033900
43 0.450273 156 0.007800
44 0.458046 253 0.012650
45 0.465819 411 0.020550
46 0.473592 517 0.025850
47 0.481365 948 0.047400
48 0.489138 955 0.047750
49 0.496911 2474 0.123700
50 0.504684 3213 0.160650
51 0.512456 1177 0.058850
52 0.520229 922 0.046100
53 0.528002 703 0.035150
54 0.535775 696 0.034800
55 0.543548 355 0.017750
56 0.551321 558 0.027900
57 0.559094 348 0.017400
58 0.566867 165 0.008250
59 0.574640 159 0.007950
60 0.582413 117 0.005850
61 0.590186 278 0.013900
62 0.597959 171 0.008550
63 0.605732 155 0.007750
64 0.613505 88 0.004400
65 0.621278 305 0.015250
66 0.629051 202 0.010100
67 0.636824 56 0.002800
68 0.644597 318 0.015900
69 0.652370 28 0.001400
70 0.660143 75 0.003750
71 0.667915 27 0.001350
72 0.675688 79 0.003950
73 0.683461 62 0.003100
74 0.691234 31 0.001550
75 0.699007 16 0.000800
76 0.706780 27 0.001350
77 0.714553 10 0.000500
78 0.722326 115 0.005750
79 0.730099 36 0.001800
80 0.737872 29 0.001450
81 0.745645 30 0.001500
82 0.753418 57 0.002850
83 0.761191 29 0.001450
84 0.768964 26 0.001300
85 0.776737 11 0.000550
86 0.784510 1 0.000050
87 0.792283 0 0.000000
88 0.800056 0 0.000000
89 0.807829 0 0.000000
90 0.815601 19 0.000950
91 0.823374 4 0.000200
92 0.831147 0 0.000000
93 0.838920 0 0.000000
94 0.846693 8 0.000400
95 0.854466 0 0.000000
96 0.862239 0 0.000000
97 0.870012 0 0.000000
98 0.877785 1 0.000050
99 0.885558 2 0.000100
