0 0.450848 3 0.000150
1 0.452350 4 0.000200
2 0.453851 0 0.000000
3 0.455353 0 0.000000
4 0.456854 12 0.000600
5 0.458355 0 0.000000
6 0.459857 10 0.000500
7 0.461358 8 0.000400
8 0.462860 0 0.000000
9 0.464361 0 0.000000
10 0.465862 1 0.000050
11 0.467364 3 0.000150
12 0.468865 45 0.002250
13 0.470367 24 0.001200
14 0.471868 16 0.000800
15 0.473369 36 0.001800
16 0.474871 13 0.000650
17 0.476372 15 0.000750
18 0.477874 57 0.002850
19 0.479375 24 0.001200
20 0.480876 51 0.002550
21 0.482378 44 0.002200
22 0.483879 57 0.002850
23 0.485381 25 0.001250
24 0.486882 55 0.002750
25 0.488383 31 0.001550
26 0.489885 179 0.008950
27 0.491386 98 0.004900
28 0.492888 92 0.004600
29 0.494389 57 0.002850
30 0.495890 301 0.015050
31 0.497392 199 0.009950
32 0.498893 379 0.018950
33 0.500395 527 0.026350
34 0.501896 424 0.021200
35 0.503397 906 0.045300
36 0.504899 1621 0.081050
37 0.506400 1421 0.071050
38 0.507902 1409 0.070450
39 0.509403 2155 0.107750
40 0.510904 2726 0.136300
41 0.512406 2236 0.111800
42 0.513907 967 0.048350
43 0.515409 834 0.041700
44 0.516910 566 0.028300
45 0.518411 323 0.016150
46 0.519913 281 0.014050
47 0.521414 206 0.010300
48 0.522915 107 0.005350
49 0.524417 124 0.006200
50 0.525918 117 0.005850
51 0.527420 117 0.005850
52 0.528921 100 0.005000
53 0.530423 39 0.001950
54 0.531924 70 0.003500
55 0.533425 79 0.003950
56 0.534927 43 0.002150
57 0.536428 43 0.002150
58 0.537930 40 0.002000
59 0.539431 38 0.001900
60 0.540932 43 0.002150
61 0.542434 34 0.001700
62 0.543935 37 0.001850
63 0.545437 35 0.001750
64 0.546938 7 0.000350
65 0.548439 30 0.001500
66 0.549941 17 0.000850
67 0.551442 58 0.002900
68 0.552944 90 0.004500
69 0.554445 3 0.000150
70 0.555946 21 0.001050
71 0.557448 11 0.000550
72 0.558949 12 0.000600
73 0.560450 20 0.001000
74 0.561952 4 0.000200
75 0.563453 39 0.001950
76 0.564955 10 0.000500
77 0.566456 28 0.001400
78 0.567958 13 0.000650
79 0.569459 18 0.000900
80 0.570960 35 0.001750
81 0.572462 6 0.000300
82 0.573963 6 0.000300
83 0.575464 8 0.000400
84 0.576966 17 0.000850
85 0.578467 13 0.000650
86 0.579969 9 0.000450
87 0.581470 2 0.000100
88 0.582972 8 0.000400
89 0.584473 4 0.000200
90 0.585974 0 0.000000
91 0.587476 0 0.000000
92 0.588977 1 0.000050
93 0.590478 0 0.000000
94 0.591980 0 0.000000
95 0.593481 0 0.000000
96 0.594983 0 0.000000
97 0.596484 0 0.000000
98 0.597986 2 0.000100
99 0.599487 1 0.000050
