0 0.018222 5 0.000083
1 0.028172 0 0.000000
2 0.038122 0 0.000000
3 0.048072 1 0.000017
4 0.058022 0 0.000000
5 0.067972 2 0.000033
6 0.077922 0 0.000000
7 0.087872 4 0.000067
8 0.097822 8 0.000133
9 0.107772 11 0.000183
10 0.117722 0 0.000000
11 0.127672 8 0.000133
12 0.137622 17 0.000283
13 0.147572 4 0.000067
14 0.157522 1 0.000017
15 0.167472 0 0.000000
16 0.177422 19 0.000317
17 0.187372 8 0.000133
18 0.197322 5 0.000083
19 0.207272 8 0.000133
20 0.217222 21 0.000350
21 0.227172 13 0.000217
22 0.237122 5 0.000083
23 0.247072 42 0.000700
24 0.257022 196 0.003267
25 0.266972 41 0.000683
26 0.276922 178 0.002967
27 0.286872 96 0.001600
28 0.296822 37 0.000617
29 0.306772 41 0.000683
30 0.316722 151 0.002517
31 0.326672 297 0.004950
32 0.336622 137 0.002283
33 0.346572 81 0.001350
34 0.356522 358 0.005967
35 0.366472 132 0.002200
36 0.376422 313 0.005217
37 0.386372 196 0.003267
38 0.396322 114 0.001900
39 0.406272 280 0.004667
40 0.416222 66 0.001100
41 0.426172 705 0.011750
42 0.436122 524 0.008733
43 0.446072 535 0.008917
44 0.456022 385 0.006417
45 0.465972 711 0.011850
46 0.475922 1287 0.021450
47 0.485872 1750 0.029167
48 0.495822 6814 0.113567
49 0.505772 15254 0.254233
50 0.515722 3873 0.064550
51 0.525672 1525 0.025417
52 0.535622 1113 0.018550
53 0.545572 944 0.015733
54 0.555522 994 0.016567
55 0.565472 779 0.012983
56 0.575422 980 0.016333
57 0.585372 1562 0.026033
58 0.595322 3824 0.063733
59 0.605272 1753 0.029217
60 0.615222 1410 0.023500
61 0.625172 705 0.011750
62 0.635122 752 0.012533
63 0.645072 624 0.010400
64 0.655022 438 0.007300
65 0.664972 517 0.008617
66 0.674922 168 0.002800
67 0.684872 232 0.003867
68 0.694822 113 0.001883
69 0.704772 564 0.009400
70 0.714722 360 0.006000
71 0.724672 912 0.015200
72 0.734622 387 0.006450
73 0.744572 109 0.001817
74 0.754522 81 0.001350
75 0.764472 122 0.002033
76 0.774422 210 0.003500
77 0.784372 52 0.000867
78 0.794322 47 0.000783
79 0.804272 379 0.006317
80 0.814222 72 0.001200
81 0.824172 140 0.002333
82 0.834122 334 0.005567
83 0.844072 245 0.004083
84 0.854022 297 0.004950
85 0.863972 350 0.005833
86 0.873922 242 0.004033
87 0.883872 301 0.005017
88 0.893822 290 0.004833
89 0.903772 327 0.005450
90 0.913722 270 0.004500
91 0.923672 226 0.003767
92 0.933622 193 0.003217
93 0.943572 184 0.003067
94 0.953522 80 0.001333
95 0.963472 43 0.000717
96 0.973422 11 0.000183
97 0.983372 3 0.000050
98 0.993322 0 0.000000
99 1.003272 2 0.000033
