0 0.043513 1 0.000050
1 0.051257 0 0.000000
2 0.059001 0 0.000000
3 0.066746 0 0.000000
4 0.074490 0 0.000000
5 0.082234 0 0.000000
6 0.089978 2 0.000100
7 0.097723 0 0.000000
8 0.105467 0 0.000000
9 0.113211 0 0.000000
10 0.120955 1 0.000050
11 0.128700 0 0.000000
12 0.136444 1 0.000050
13 0.144188 0 0.000000
14 0.151932 0 0.000000
15 0.159676 0 0.000000
16 0.167421 0 0.000000
17 0.175165 0 0.000000
18 0.182909 0 0.000000
19 0.190653 0 0.000000
20 0.198398 3 0.000150
21 0.206142 3 0.000150
22 0.213886 2 0.000100
23 0.221630 7 0.000350
24 0.229375 0 0.000000
25 0.237119 0 0.000000
26 0.244863 4 0.000200
27 0.252607 0 0.000000
28 0.260352 0 0.000000
29 0.268096 1 0.000050
30 0.275840 2 0.000100
31 0.283584 0 0.000000
32 0.291329 3 0.000150
33 0.299073 13 0.000650
34 0.306817 27 0.001350
35 0.314561 40 0.002000
36 0.322306 58 0.002900
37 0.330050 61 0.003050
38 0.337794 49 0.002450
39 0.345538 52 0.002600
40 0.353283 108 0.005400
41 0.361027 118 0.005900
42 0.368771 286 0.014300
43 0.376515 205 0.010250
44 0.384260 157 0.007850
45 0.392004 171 0.008550
46 0.399748 182 0.009100
47 0.407492 247 0.012350
48 0.415237 348 0.017400
49 0.422981 819 0.040950
50 0.430725 688 0.034400
51 0.438469 335 0.016750
52 0.446213 348 0.017400
53 0.453958 467 0.023350
54 0.461702 583 0.029150
55 0.469446 786 0.039300
56 0.477190 510 0.025500
57 0.484935 566 0.028300
58 0.492679 628 0.031400
59 0.500423 4051 0.202550
60 0.508167 679 0.033950
61 0.515912 658 0.032900
62 0.523656 940 0.047000
63 0.531400 881 0.044050
64 0.539144 408 0.020400
65 0.546889 407 0.020350
66 0.554633 434 0.021700
67 0.562377 468 0.023400
68 0.570121 694 0.034700
69 0.577866 378 0.018900
70 0.585610 298 0.014900
71 0.593354 211 0.010550
72 0.601098 201 0.010050
73 0.608842 207 0.010350
74 0.616587 166 0.008300
75 0.624331 396 0.019800
76 0.632075 132 0.006600
77 0.639820 69 0.003450
78 0.647564 71 0.003550
79 0.655308 84 0.004200
80 0.663052 49 0.002450
81 0.670797 137 0.006850
82 0.678541 38 0.001900
83 0.686285 14 0.000700
84 0.694029 10 0.000500
85 0.701773 17 0.000850
86 0.709518 9 0.000450
87 0.717262 1 0.000050
88 0.725006 0 0.000000
89 0.732750 1 0.000050
90 0.740495 1 0.000050
91 0.748239 0 0.000000
92 0.755983 0 0.000000
93 0.763727 0 0.000000
94 0.771472 1 0.000050
95 0.779216 1 0.000050
96 0.786960 2 0.000100
97 0.794704 1 0.000050
98 0.802449 2 0.000100
99 0.810193 1 0.000050
