0 0.012499 7 0.000350
1 0.022262 5 0.000250
2 0.032025 5 0.000250
3 0.041787 5 0.000250
4 0.051550 11 0.000550
5 0.061313 6 0.000300
6 0.071075 6 0.000300
7 0.080838 15 0.000750
8 0.090600 7 0.000350
9 0.100363 11 0.000550
10 0.110126 8 0.000400
11 0.119888 8 0.000400
12 0.129651 14 0.000700
13 0.139414 9 0.000450
14 0.149176 10 0.000500
15 0.158939 10 0.000500
16 0.168702 11 0.000550
17 0.178464 16 0.000800
18 0.188227 23 0.001150
19 0.197990 17 0.000850
20 0.207752 33 0.001650
21 0.217515 42 0.002100
22 0.227278 27 0.001350
23 0.237040 24 0.001200
24 0.246803 21 0.001050
25 0.256565 37 0.001850
26 0.266328 45 0.002250
27 0.276091 40 0.002000
28 0.285853 59 0.002950
29 0.295616 72 0.003600
30 0.305379 51 0.002550
31 0.315141 66 0.003300
32 0.324904 78 0.003900
33 0.334667 84 0.004200
34 0.344429 86 0.004300
35 0.354192 120 0.006000
36 0.363955 120 0.006000
37 0.373717 116 0.005800
38 0.383480 170 0.008500
39 0.393242 176 0.008800
40 0.403005 241 0.012050
41 0.412768 229 0.011450
42 0.422530 271 0.013550
43 0.432293 332 0.016600
44 0.442056 389 0.019450
45 0.451818 552 0.027600
46 0.461581 780 0.039000
47 0.471344 1012 0.050600
48 0.481106 1809 0.090450
49 0.490869 3223 0.161150
50 0.500632 2832 0.141600
51 0.510394 1572 0.078600
52 0.520157 954 0.047700
53 0.529920 627 0.031350
54 0.539682 444 0.022200
55 0.549445 424 0.021200
56 0.559207 351 0.017550
57 0.568970 315 0.015750
58 0.578733 263 0.013150
59 0.588495 164 0.008200
60 0.598258 180 0.009000
61 0.608021 141 0.007050
62 0.617783 134 0.006700
63 0.627546 113 0.005650
64 0.637309 98 0.004900
65 0.647071 81 0.004050
66 0.656834 90 0.004500
67 0.666597 73 0.003650
68 0.676359 88 0.004400
69 0.686122 44 0.002200
70 0.695884 42 0.002100
71 0.705647 26 0.001300
72 0.715410 51 0.002550
73 0.725172 26 0.001300
74 0.734935 31 0.001550
75 0.744698 19 0.000950
76 0.754460 18 0.000900
77 0.764223 28 0.001400
78 0.773986 32 0.001600
79 0.783748 31 0.001550
80 0.793511 14 0.000700
81 0.803274 13 0.000650
82 0.813036 17 0.000850
83 0.822799 15 0.000750
84 0.832561 11 0.000550
85 0.842324 16 0.000800
86 0.852087 14 0.000700
87 0.861849 14 0.000700
88 0.871612 6 0.000300
89 0.881375 8 0.000400
90 0.891137 13 0.000650
91 0.900900 9 0.000450
92 0.910663 13 0.000650
93 0.920425 9 0.000450
94 0.930188 14 0.000700
95 0.939951 3 0.000150
96 0.949713 1 0.000050
97 0.959476 3 0.000150
98 0.969239 5 0.000250
99 0.979001 1 0.000050
