0 0.000000 2 0.000033
1 0.010100 8 0.000133
2 0.020200 6 0.000100
3 0.030300 15 0.000250
4 0.040400 9 0.000150
5 0.050500 10 0.000167
6 0.060600 10 0.000167
7 0.070700 9 0.000150
8 0.080799 21 0.000350
9 0.090899 11 0.000183
10 0.100999 13 0.000217
11 0.111099 10 0.000167
12 0.121199 15 0.000250
13 0.131299 16 0.000267
14 0.141399 10 0.000167
15 0.151499 15 0.000250
16 0.161599 15 0.000250
17 0.171699 14 0.000233
18 0.181799 26 0.000433
19 0.191899 24 0.000400
20 0.201999 41 0.000683
21 0.212099 52 0.000867
22 0.222199 50 0.000833
23 0.232298 30 0.000500
24 0.242398 49 0.000817
25 0.252498 66 0.001100
26 0.262598 90 0.001500
27 0.272698 68 0.001133
28 0.282798 99 0.001650
29 0.292898 113 0.001883
30 0.302998 122 0.002033
31 0.313098 229 0.003817
32 0.323198 266 0.004433
33 0.333298 328 0.005467
34 0.343398 220 0.003667
35 0.353498 286 0.004767
36 0.363598 347 0.005783
37 0.373698 507 0.008450
38 0.383797 389 0.006483
39 0.393897 428 0.007133
40 0.403997 573 0.009550
41 0.414097 719 0.011983
42 0.424197 1470 0.024500
43 0.434297 947 0.015783
44 0.444397 955 0.015917
45 0.454497 1267 0.021117
46 0.464597 1906 0.031767
47 0.474697 2008 0.033467
48 0.484797 3336 0.055600
49 0.494897 7647 0.127450
50 0.504997 3465 0.057750
51 0.515097 2201 0.036683
52 0.525196 2264 0.037733
53 0.535296 1455 0.024250
54 0.545396 1308 0.021800
55 0.555496 1439 0.023983
56 0.565596 1834 0.030567
57 0.575696 2528 0.042133
58 0.585796 3281 0.054683
59 0.595896 2742 0.045700
60 0.605996 1532 0.025533
61 0.616096 1196 0.019933
62 0.626196 1166 0.019433
63 0.636296 566 0.009433
64 0.646396 491 0.008183
65 0.656496 453 0.007550
66 0.666596 412 0.006867
67 0.676695 324 0.005400
68 0.686795 240 0.004000
69 0.696895 228 0.003800
70 0.706995 214 0.003567
71 0.717095 196 0.003267
72 0.727195 164 0.002733
73 0.737295 164 0.002733
74 0.747395 170 0.002833
75 0.757495 173 0.002883
76 0.767595 223 0.003717
77 0.777695 179 0.002983
78 0.787795 171 0.002850
79 0.797895 148 0.002467
80 0.807995 195 0.003250
81 0.818095 221 0.003683
82 0.828194 251 0.004183
83 0.838294 262 0.004367
84 0.848394 340 0.005667
85 0.858494 425 0.007083
86 0.868594 423 0.007050
87 0.878694 423 0.007050
88 0.888794 246 0.004100
89 0.898894 237 0.003950
90 0.908994 304 0.005067
91 0.919094 341 0.005683
92 0.929194 232 0.003867
93 0.939294 129 0.002150
94 0.949394 66 0.001100
95 0.959494 38 0.000633
96 0.969594 51 0.000850
97 0.979693 13 0.000217
98 0.989793 8 0.000133
99 0.999893 1 0.000017
