0 0.000000 2 0.000100
1 0.010100 1 0.000050
2 0.020200 4 0.000200
3 0.030300 8 0.000400
4 0.040400 2 0.000100
5 0.050500 1 0.000050
6 0.060600 2 0.000100
7 0.070700 3 0.000150
8 0.080799 5 0.000250
9 0.090899 2 0.000100
10 0.100999 3 0.000150
11 0.111099 2 0.000100
12 0.121199 3 0.000150
13 0.131299 4 0.000200
14 0.141399 0 0.000000
15 0.151499 4 0.000200
16 0.161599 3 0.000150
17 0.171699 3 0.000150
18 0.181799 6 0.000300
19 0.191899 9 0.000450
20 0.201999 5 0.000250
21 0.212099 6 0.000300
22 0.222199 8 0.000400
23 0.232298 7 0.000350
24 0.242398 21 0.001050
25 0.252498 38 0.001900
26 0.262598 40 0.002000
27 0.272698 24 0.001200
28 0.282798 43 0.002150
29 0.292898 30 0.001500
30 0.302998 38 0.001900
31 0.313098 114 0.005700
32 0.323198 110 0.005500
33 0.333298 166 0.008300
34 0.343398 72 0.003600
35 0.353498 12 0.000600
36 0.363598 24 0.001200
37 0.373698 28 0.001400
38 0.383797 10 0.000500
39 0.393897 20 0.001000
40 0.403997 25 0.001250
41 0.414097 30 0.001500
42 0.424197 29 0.001450
43 0.434297 41 0.002050
44 0.444397 35 0.001750
45 0.454497 42 0.002100
46 0.464597 59 0.002950
47 0.474697 57 0.002850
48 0.484797 98 0.004900
49 0.494897 135 0.006750
50 0.504997 117 0.005850
51 0.515097 135 0.006750
52 0.525196 161 0.008050
53 0.535296 209 0.010450
54 0.545396 366 0.018300
55 0.555496 461 0.023050
56 0.565596 641 0.032050
57 0.575696 1719 0.085950
58 0.585796 2731 0.136550
59 0.595896 2301 0.115050
60 0.605996 1099 0.054950
61 0.616096 813 0.040650
62 0.626196 634 0.031700
63 0.636296 354 0.017700
64 0.646396 313 0.015650
65 0.656496 271 0.013550
66 0.666596 203 0.010150
67 0.676695 166 0.008300
68 0.686795 180 0.009000
69 0.696895 165 0.008250
70 0.706995 171 0.008550
71 0.717095 145 0.007250
72 0.727195 135 0.006750
73 0.737295 138 0.006900
74 0.747395 148 0.007400
75 0.757495 149 0.007450
76 0.767595 187 0.009350
77 0.777695 153 0.007650
78 0.787795 141 0.007050
79 0.797895 134 0.006700
80 0.807995 177 0.008850
81 0.818095 207 0.010350
82 0.828194 237 0.011850
83 0.838294 252 0.012600
84 0.848394 317 0.015850
85 0.858494 410 0.020500
86 0.868594 417 0.020850
87 0.878694 414 0.020700
88 0.888794 236 0.011800
89 0.898894 226 0.011300
90 0.908994 290 0.014500
91 0.919094 333 0.016650
92 0.929194 218 0.010900
93 0.939294 125 0.006250
94 0.949394 65 0.003250
95 0.959494 35 0.001750
96 0.969594 45 0.002250
97 0.979693 13 0.000650
98 0.989793 8 0.000400
99 0.999893 1 0.000050
