0 -0.398466 2 0.000100
1 -0.391521 1 0.000050
2 -0.384575 1 0.000050
3 -0.377629 0 0.000000
4 -0.370684 0 0.000000
5 -0.363738 0 0.000000
6 -0.356792 0 0.000000
7 -0.349847 1 0.000050
8 -0.342901 0 0.000000
9 -0.335955 1 0.000050
10 -0.329010 0 0.000000
11 -0.322064 2 0.000100
12 -0.315118 4 0.000200
13 -0.308173 1 0.000050
14 -0.301227 3 0.000150
15 -0.294281 4 0.000200
16 -0.287336 2 0.000100
17 -0.280390 2 0.000100
18 -0.273444 1 0.000050
19 -0.266499 2 0.000100
20 -0.259553 0 0.000000
21 -0.252607 1 0.000050
22 -0.245662 1 0.000050
23 -0.238716 7 0.000350
24 -0.231770 9 0.000450
25 -0.224825 9 0.000450
26 -0.217879 2 0.000100
27 -0.210933 5 0.000250
28 -0.203988 8 0.000400
29 -0.197042 7 0.000350
30 -0.190096 10 0.000500
31 -0.183151 10 0.000500
32 -0.176205 7 0.000350
33 -0.169259 17 0.000850
34 -0.162313 13 0.000650
35 -0.155368 18 0.000900
36 -0.148422 30 0.001500
37 -0.141476 34 0.001700
38 -0.134531 37 0.001850
39 -0.127585 41 0.002050
40 -0.120639 47 0.002350
41 -0.113694 68 0.003400
42 -0.106748 71 0.003550
43 -0.099802 123 0.006150
44 -0.092857 192 0.009600
45 -0.085911 178 0.008900
46 -0.078965 235 0.011750
47 -0.072020 201 0.010050
48 -0.065074 195 0.009750
49 -0.058128 256 0.012800
50 -0.051183 246 0.012300
51 -0.044237 351 0.017550
52 -0.037291 432 0.021600
53 -0.030346 600 0.030000
54 -0.023400 1417 0.070850
55 -0.016454 3510 0.175500
56 -0.009509 5328 0.266400
57 -0.002563 2508 0.125400
58 0.004383 1070 0.053500
59 0.011328 480 0.024000
60 0.018274 328 0.016400
61 0.025220 244 0.012200
62 0.032165 173 0.008650
63 0.039111 182 0.009100
64 0.046057 176 0.008800
65 0.053002 86 0.004300
66 0.059948 100 0.005000
67 0.066894 114 0.005700
68 0.073839 95 0.004750
69 0.080785 89 0.004450
70 0.087731 63 0.003150
71 0.094676 70 0.003500
72 0.101622 74 0.003700
73 0.108568 62 0.003100
74 0.115514 64 0.003200
75 0.122459 41 0.002050
76 0.129405 17 0.000850
77 0.136351 32 0.001600
78 0.143296 29 0.001450
79 0.150242 27 0.001350
80 0.157188 17 0.000850
81 0.164133 16 0.000800
82 0.171079 7 0.000350
83 0.178025 9 0.000450
84 0.184970 13 0.000650
85 0.191916 8 0.000400
86 0.198862 6 0.000300
87 0.205807 8 0.000400
88 0.212753 9 0.000450
89 0.219699 9 0.000450
90 0.226644 10 0.000500
91 0.233590 4 0.000200
92 0.240536 5 0.000250
93 0.247481 1 0.000050
94 0.254427 0 0.000000
95 0.261373 1 0.000050
96 0.268318 4 0.000200
97 0.275264 3 0.000150
98 0.282210 2 0.000100
99 0.289155 1 0.000050
