0 -0.469340 2 0.000033
1 -0.460749 0 0.000000
2 -0.452158 0 0.000000
3 -0.443567 0 0.000000
4 -0.434975 0 0.000000
5 -0.426384 0 0.000000
6 -0.417793 0 0.000000
7 -0.409202 0 0.000000
8 -0.400611 2 0.000033
9 -0.392019 2 0.000033
10 -0.383428 1 0.000017
11 -0.374837 0 0.000000
12 -0.366246 0 0.000000
13 -0.357655 1 0.000017
14 -0.349063 0 0.000000
15 -0.340472 2 0.000033
16 -0.331881 1 0.000017
17 -0.323290 5 0.000083
18 -0.314699 5 0.000083
19 -0.306107 4 0.000067
20 -0.297516 9 0.000150
21 -0.288925 8 0.000133
22 -0.280334 7 0.000117
23 -0.271743 12 0.000200
24 -0.263151 13 0.000217
25 -0.254560 6 0.000100
26 -0.245969 6 0.000100
27 -0.237378 18 0.000300
28 -0.228787 28 0.000467
29 -0.220195 20 0.000333
30 -0.211604 15 0.000250
31 -0.203013 35 0.000583
32 -0.194422 55 0.000917
33 -0.185831 96 0.001600
34 -0.177239 96 0.001600
35 -0.168648 97 0.001617
36 -0.160057 119 0.001983
37 -0.151466 190 0.003167
38 -0.142875 254 0.004233
39 -0.134283 364 0.006067
40 -0.125692 358 0.005967
41 -0.117101 281 0.004683
42 -0.108510 333 0.005550
43 -0.099919 493 0.008217
44 -0.091327 696 0.011600
45 -0.082736 1183 0.019717
46 -0.074145 1098 0.018300
47 -0.065554 846 0.014100
48 -0.056963 947 0.015783
49 -0.048371 1313 0.021883
50 -0.039780 1705 0.028417
51 -0.031189 2151 0.035850
52 -0.022598 4715 0.078583
53 -0.014007 13204 0.220067
54 -0.005415 13023 0.217050
55 0.003176 3974 0.066233
56 0.011767 1901 0.031683
57 0.020358 1876 0.031267
58 0.028949 1304 0.021733
59 0.037541 874 0.014567
60 0.046132 861 0.014350
61 0.054723 781 0.013017
62 0.063314 832 0.013867
63 0.071905 643 0.010717
64 0.080497 402 0.006700
65 0.089088 340 0.005667
66 0.097679 328 0.005467
67 0.106270 300 0.005000
68 0.114861 429 0.007150
69 0.123453 363 0.006050
70 0.132044 162 0.002700
71 0.140635 151 0.002517
72 0.149226 159 0.002650
73 0.157817 130 0.002167
74 0.166409 115 0.001917
75 0.175000 43 0.000717
76 0.183591 35 0.000583
77 0.192182 26 0.000433
78 0.200773 25 0.000417
79 0.209365 21 0.000350
80 0.217956 18 0.000300
81 0.226547 20 0.000333
82 0.235138 10 0.000167
83 0.243729 9 0.000150
84 0.252321 2 0.000033
85 0.260912 6 0.000100
86 0.269503 7 0.000117
87 0.278094 12 0.000200
88 0.286685 5 0.000083
89 0.295277 6 0.000100
90 0.303868 4 0.000067
91 0.312459 1 0.000017
92 0.321050 2 0.000033
93 0.329641 0 0.000000
94 0.338233 0 0.000000
95 0.346824 2 0.000033
96 0.355415 0 0.000000
97 0.364006 0 0.000000
98 0.372597 2 0.000033
99 0.381189 0 0.000000
