0 -0.336703 1 0.000050
1 -0.329717 2 0.000100
2 -0.322732 2 0.000100
3 -0.315746 0 0.000000
4 -0.308760 0 0.000000
5 -0.301774 0 0.000000
6 -0.294788 1 0.000050
7 -0.287802 5 0.000250
8 -0.280816 4 0.000200
9 -0.273831 3 0.000150
10 -0.266845 6 0.000300
11 -0.259859 4 0.000200
12 -0.252873 2 0.000100
13 -0.245887 3 0.000150
14 -0.238901 5 0.000250
15 -0.231915 4 0.000200
16 -0.224929 7 0.000350
17 -0.217944 4 0.000200
18 -0.210958 8 0.000400
19 -0.203972 6 0.000300
20 -0.196986 12 0.000600
21 -0.190000 14 0.000700
22 -0.183014 14 0.000700
23 -0.176028 14 0.000700
24 -0.169043 10 0.000500
25 -0.162057 22 0.001100
26 -0.155071 19 0.000950
27 -0.148085 20 0.001000
28 -0.141099 21 0.001050
29 -0.134113 35 0.001750
30 -0.127127 42 0.002100
31 -0.120142 46 0.002300
32 -0.113156 51 0.002550
33 -0.106170 70 0.003500
34 -0.099184 66 0.003300
35 -0.092198 67 0.003350
36 -0.085212 92 0.004600
37 -0.078226 95 0.004750
38 -0.071240 97 0.004850
39 -0.064255 131 0.006550
40 -0.057269 174 0.008700
41 -0.050283 259 0.012950
42 -0.043297 343 0.017150
43 -0.036311 404 0.020200
44 -0.029325 620 0.031000
45 -0.022339 1251 0.062550
46 -0.015354 3876 0.193800
47 -0.008368 5776 0.288800
48 -0.001382 2928 0.146400
49 0.005604 956 0.047800
50 0.012590 452 0.022600
51 0.019576 337 0.016850
52 0.026562 268 0.013400
53 0.033547 219 0.010950
54 0.040533 175 0.008750
55 0.047519 181 0.009050
56 0.054505 126 0.006300
57 0.061491 70 0.003500
58 0.068477 76 0.003800
59 0.075463 64 0.003200
60 0.082449 61 0.003050
61 0.089434 38 0.001900
62 0.096420 51 0.002550
63 0.103406 44 0.002200
64 0.110392 31 0.001550
65 0.117378 25 0.001250
66 0.124364 25 0.001250
67 0.131350 22 0.001100
68 0.138335 21 0.001050
69 0.145321 18 0.000900
70 0.152307 10 0.000500
71 0.159293 10 0.000500
72 0.166279 6 0.000300
73 0.173265 8 0.000400
74 0.180251 10 0.000500
75 0.187236 2 0.000100
76 0.194222 9 0.000450
77 0.201208 7 0.000350
78 0.208194 3 0.000150
79 0.215180 1 0.000050
80 0.222166 6 0.000300
81 0.229152 2 0.000100
82 0.236138 2 0.000100
83 0.243123 2 0.000100
84 0.250109 3 0.000150
85 0.257095 0 0.000000
86 0.264081 4 0.000200
87 0.271067 3 0.000150
88 0.278053 4 0.000200
89 0.285039 3 0.000150
90 0.292024 3 0.000150
91 0.299010 2 0.000100
92 0.305996 2 0.000100
93 0.312982 0 0.000000
94 0.319968 0 0.000000
95 0.326954 0 0.000000
96 0.333940 0 0.000000
97 0.340925 0 0.000000
98 0.347911 1 0.000050
99 0.354897 1 0.000050
