0 0.000000 45992 0.766533
1 0.002225 3926 0.065433
2 0.004450 3264 0.054400
3 0.006675 1540 0.025667
4 0.008900 972 0.016200
5 0.011125 677 0.011283
6 0.013350 850 0.014167
7 0.015575 700 0.011667
8 0.017800 394 0.006567
9 0.020025 323 0.005383
10 0.022251 235 0.003917
11 0.024476 207 0.003450
12 0.026701 170 0.002833
13 0.028926 145 0.002417
14 0.031151 103 0.001717
15 0.033376 82 0.001367
16 0.035601 44 0.000733
17 0.037826 45 0.000750
18 0.040051 28 0.000467
19 0.042276 29 0.000483
20 0.044501 23 0.000383
21 0.046726 21 0.000350
22 0.048951 27 0.000450
23 0.051176 33 0.000550
24 0.053401 14 0.000233
25 0.055626 13 0.000217
26 0.057851 8 0.000133
27 0.060076 4 0.000067
28 0.062301 7 0.000117
29 0.064527 5 0.000083
30 0.066752 9 0.000150
31 0.068977 11 0.000183
32 0.071202 8 0.000133
33 0.073427 8 0.000133
34 0.075652 9 0.000150
35 0.077877 6 0.000100
36 0.080102 11 0.000183
37 0.082327 7 0.000117
38 0.084552 3 0.000050
39 0.086777 10 0.000167
40 0.089002 2 0.000033
41 0.091227 4 0.000067
42 0.093452 3 0.000050
43 0.095677 3 0.000050
44 0.097902 2 0.000033
45 0.100127 3 0.000050
46 0.102352 4 0.000067
47 0.104577 0 0.000000
48 0.106802 2 0.000033
49 0.109028 1 0.000017
50 0.111253 1 0.000017
51 0.113478 0 0.000000
52 0.115703 0 0.000000
53 0.117928 0 0.000000
54 0.120153 1 0.000017
55 0.122378 1 0.000017
56 0.124603 1 0.000017
57 0.126828 0 0.000000
58 0.129053 0 0.000000
59 0.131278 0 0.000000
60 0.133503 0 0.000000
61 0.135728 0 0.000000
62 0.137953 0 0.000000
63 0.140178 0 0.000000
64 0.142403 0 0.000000
65 0.144628 3 0.000050
66 0.146853 1 0.000017
67 0.149078 0 0.000000
68 0.151304 1 0.000017
69 0.153529 0 0.000000
70 0.155754 1 0.000017
71 0.157979 1 0.000017
72 0.160204 0 0.000000
73 0.162429 0 0.000000
74 0.164654 0 0.000000
75 0.166879 0 0.000000
76 0.169104 0 0.000000
77 0.171329 0 0.000000
78 0.173554 0 0.000000
79 0.175779 0 0.000000
80 0.178004 0 0.000000
81 0.180229 0 0.000000
82 0.182454 0 0.000000
83 0.184679 0 0.000000
84 0.186904 0 0.000000
85 0.189129 0 0.000000
86 0.191354 0 0.000000
87 0.193580 0 0.000000
88 0.195805 0 0.000000
89 0.198030 0 0.000000
90 0.200255 0 0.000000
91 0.202480 0 0.000000
92 0.204705 0 0.000000
93 0.206930 0 0.000000
94 0.209155 0 0.000000
95 0.211380 0 0.000000
96 0.213605 0 0.000000
97 0.215830 0 0.000000
98 0.218055 1 0.000017
99 0.220280 1 0.000017
