0 -0.469340 2 0.000100
1 -0.460749 0 0.000000
2 -0.452158 0 0.000000
3 -0.443567 0 0.000000
4 -0.434975 0 0.000000
5 -0.426384 0 0.000000
6 -0.417793 0 0.000000
7 -0.409202 0 0.000000
8 -0.400611 0 0.000000
9 -0.392019 1 0.000050
10 -0.383428 0 0.000000
11 -0.374837 0 0.000000
12 -0.366246 0 0.000000
13 -0.357655 0 0.000000
14 -0.349063 0 0.000000
15 -0.340472 0 0.000000
16 -0.331881 0 0.000000
17 -0.323290 0 0.000000
18 -0.314699 0 0.000000
19 -0.306107 3 0.000150
20 -0.297516 2 0.000100
21 -0.288925 1 0.000050
22 -0.280334 1 0.000050
23 -0.271743 6 0.000300
24 -0.263151 4 0.000200
25 -0.254560 2 0.000100
26 -0.245969 1 0.000050
27 -0.237378 3 0.000150
28 -0.228787 8 0.000400
29 -0.220195 9 0.000450
30 -0.211604 1 0.000050
31 -0.203013 12 0.000600
32 -0.194422 31 0.001550
33 -0.185831 63 0.003150
34 -0.177239 74 0.003700
35 -0.168648 59 0.002950
36 -0.160057 80 0.004000
37 -0.151466 128 0.006400
38 -0.142875 184 0.009200
39 -0.134283 281 0.014050
40 -0.125692 249 0.012450
41 -0.117101 147 0.007350
42 -0.108510 169 0.008450
43 -0.099919 246 0.012300
44 -0.091327 379 0.018950
45 -0.082736 794 0.039700
46 -0.074145 729 0.036450
47 -0.065554 442 0.022100
48 -0.056963 413 0.020650
49 -0.048371 571 0.028550
50 -0.039780 788 0.039400
51 -0.031189 629 0.031450
52 -0.022598 646 0.032300
53 -0.014007 1436 0.071800
54 -0.005415 3310 0.165500
55 0.003176 998 0.049900
56 0.011767 803 0.040150
57 0.020358 1107 0.055350
58 0.028949 761 0.038050
59 0.037541 438 0.021900
60 0.046132 436 0.021800
61 0.054723 538 0.026900
62 0.063314 606 0.030300
63 0.071905 433 0.021650
64 0.080497 230 0.011500
65 0.089088 201 0.010050
66 0.097679 188 0.009400
67 0.106270 163 0.008150
68 0.114861 326 0.016300
69 0.123453 290 0.014500
70 0.132044 106 0.005300
71 0.140635 90 0.004500
72 0.149226 106 0.005300
73 0.157817 99 0.004950
74 0.166409 91 0.004550
75 0.175000 26 0.001300
76 0.183591 11 0.000550
77 0.192182 9 0.000450
78 0.200773 6 0.000300
79 0.209365 10 0.000500
80 0.217956 4 0.000200
81 0.226547 4 0.000200
82 0.235138 1 0.000050
83 0.243729 1 0.000050
84 0.252321 1 0.000050
85 0.260912 1 0.000050
86 0.269503 0 0.000000
87 0.278094 1 0.000050
88 0.286685 3 0.000150
89 0.295277 2 0.000100
90 0.303868 1 0.000050
91 0.312459 1 0.000050
92 0.321050 2 0.000100
93 0.329641 0 0.000000
94 0.338233 0 0.000000
95 0.346824 0 0.000000
96 0.355415 0 0.000000
97 0.364006 0 0.000000
98 0.372597 2 0.000100
99 0.381189 0 0.000000
