0 0.047630 2 0.000033
1 0.057162 12 0.000200
2 0.066694 11 0.000183
3 0.076226 0 0.000000
4 0.085758 9 0.000150
5 0.095290 0 0.000000
6 0.104822 12 0.000200
7 0.114354 25 0.000417
8 0.123886 4 0.000067
9 0.133418 0 0.000000
10 0.142950 4 0.000067
11 0.152482 1 0.000017
12 0.162014 13 0.000217
13 0.171546 6 0.000100
14 0.181078 5 0.000083
15 0.190611 6 0.000100
16 0.200143 0 0.000000
17 0.209675 29 0.000483
18 0.219207 14 0.000233
19 0.228739 4 0.000067
20 0.238271 40 0.000667
21 0.247803 18 0.000300
22 0.257335 157 0.002617
23 0.266867 35 0.000583
24 0.276399 81 0.001350
25 0.285931 193 0.003217
26 0.295463 47 0.000783
27 0.304995 12 0.000200
28 0.314527 172 0.002867
29 0.324059 295 0.004917
30 0.333591 169 0.002817
31 0.343124 134 0.002233
32 0.352656 137 0.002283
33 0.362188 409 0.006817
34 0.371720 205 0.003417
35 0.381252 198 0.003300
36 0.390784 70 0.001167
37 0.400316 90 0.001500
38 0.409848 203 0.003383
39 0.419380 271 0.004517
40 0.428912 481 0.008017
41 0.438444 934 0.015567
42 0.447976 206 0.003433
43 0.457508 465 0.007750
44 0.467040 719 0.011983
45 0.476572 1375 0.022917
46 0.486105 2711 0.045183
47 0.495637 10536 0.175600
48 0.505169 11845 0.197417
49 0.514701 2466 0.041100
50 0.524233 1389 0.023150
51 0.533765 1281 0.021350
52 0.543297 1176 0.019600
53 0.552829 712 0.011867
54 0.562361 615 0.010250
55 0.571893 1044 0.017400
56 0.581425 1465 0.024417
57 0.590957 2834 0.047233
58 0.600489 2270 0.037833
59 0.610021 1346 0.022433
60 0.619553 1221 0.020350
61 0.629085 611 0.010183
62 0.638618 480 0.008000
63 0.648150 595 0.009917
64 0.657682 423 0.007050
65 0.667214 532 0.008867
66 0.676746 119 0.001983
67 0.686278 249 0.004150
68 0.695810 291 0.004850
69 0.705342 290 0.004833
70 0.714874 634 0.010567
71 0.724406 642 0.010700
72 0.733938 457 0.007617
73 0.743470 101 0.001683
74 0.753002 71 0.001183
75 0.762534 90 0.001500
76 0.772066 252 0.004200
77 0.781599 58 0.000967
78 0.791131 129 0.002150
79 0.800663 130 0.002167
80 0.810195 62 0.001033
81 0.819727 149 0.002483
82 0.829259 499 0.008317
83 0.838791 127 0.002117
84 0.848323 231 0.003850
85 0.857855 282 0.004700
86 0.867387 310 0.005167
87 0.876919 299 0.004983
88 0.886451 247 0.004117
89 0.895983 228 0.003800
90 0.905515 316 0.005267
91 0.915047 133 0.002217
92 0.924580 166 0.002767
93 0.934112 204 0.003400
94 0.943644 155 0.002583
95 0.953176 148 0.002467
96 0.962708 46 0.000767
97 0.972240 42 0.000700
98 0.981772 17 0.000283
99 0.991304 1 0.000017
