0 0.091962 6 0.000300
1 0.100084 0 0.000000
2 0.108205 12 0.000600
3 0.116327 5 0.000250
4 0.124449 0 0.000000
5 0.132571 0 0.000000
6 0.140693 0 0.000000
7 0.148815 0 0.000000
8 0.156937 0 0.000000
9 0.165058 0 0.000000
10 0.173180 6 0.000300
11 0.181302 5 0.000250
12 0.189424 0 0.000000
13 0.197546 6 0.000300
14 0.205668 11 0.000550
15 0.213790 18 0.000900
16 0.221911 9 0.000450
17 0.230033 3 0.000150
18 0.238155 2 0.000100
19 0.246277 7 0.000350
20 0.254399 79 0.003950
21 0.262521 88 0.004400
22 0.270643 2 0.000100
23 0.278765 18 0.000900
24 0.286886 188 0.009400
25 0.295008 11 0.000550
26 0.303130 32 0.001600
27 0.311252 6 0.000300
28 0.319374 49 0.002450
29 0.327496 15 0.000750
30 0.335618 68 0.003400
31 0.343739 98 0.004900
32 0.351861 17 0.000850
33 0.359983 360 0.018000
34 0.368105 195 0.009750
35 0.376227 185 0.009250
36 0.384349 186 0.009300
37 0.392471 53 0.002650
38 0.400592 80 0.004000
39 0.408714 189 0.009450
40 0.416836 38 0.001900
41 0.424958 126 0.006300
42 0.433080 625 0.031250
43 0.441202 709 0.035450
44 0.449324 187 0.009350
45 0.457445 305 0.015250
46 0.465567 357 0.017850
47 0.473689 717 0.035850
48 0.481811 998 0.049900
49 0.489933 1088 0.054400
50 0.498055 3055 0.152750
51 0.506177 2691 0.134550
52 0.514298 1036 0.051800
53 0.522420 924 0.046200
54 0.530542 736 0.036800
55 0.538664 591 0.029550
56 0.546786 378 0.018900
57 0.554908 389 0.019450
58 0.563030 328 0.016400
59 0.571151 148 0.007400
60 0.579273 197 0.009850
61 0.587395 276 0.013800
62 0.595517 123 0.006150
63 0.603639 55 0.002750
64 0.611761 182 0.009100
65 0.619883 331 0.016550
66 0.628004 77 0.003850
67 0.636126 188 0.009400
68 0.644248 171 0.008550
69 0.652370 232 0.011600
70 0.660492 61 0.003050
71 0.668614 83 0.004150
72 0.676736 21 0.001050
73 0.684858 39 0.001950
74 0.692979 91 0.004550
75 0.701101 23 0.001150
76 0.709223 29 0.001450
77 0.717345 49 0.002450
78 0.725467 78 0.003900
79 0.733589 9 0.000450
80 0.741711 42 0.002100
81 0.749832 47 0.002350
82 0.757954 24 0.001200
83 0.766076 68 0.003400
84 0.774198 16 0.000800
85 0.782320 9 0.000450
86 0.790442 2 0.000100
87 0.798564 7 0.000350
88 0.806685 0 0.000000
89 0.814807 0 0.000000
90 0.822929 18 0.000900
91 0.831051 0 0.000000
92 0.839173 10 0.000500
93 0.847295 0 0.000000
94 0.855417 0 0.000000
95 0.863539 0 0.000000
96 0.871660 0 0.000000
97 0.879782 0 0.000000
98 0.887904 7 0.000350
99 0.896026 0 0.000000
