0 0.459640 6 0.000300
1 0.461018 0 0.000000
2 0.462395 23 0.001150
3 0.463772 8 0.000400
4 0.465149 20 0.001000
5 0.466526 7 0.000350
6 0.467903 4 0.000200
7 0.469280 0 0.000000
8 0.470657 15 0.000750
9 0.472034 28 0.001400
10 0.473411 28 0.001400
11 0.474788 2 0.000100
12 0.476165 7 0.000350
13 0.477542 56 0.002800
14 0.478919 22 0.001100
15 0.480297 60 0.003000
16 0.481674 74 0.003700
17 0.483051 58 0.002900
18 0.484428 40 0.002000
19 0.485805 60 0.003000
20 0.487182 210 0.010500
21 0.488559 72 0.003600
22 0.489936 116 0.005800
23 0.491313 250 0.012500
24 0.492690 275 0.013750
25 0.494067 409 0.020450
26 0.495444 437 0.021850
27 0.496821 426 0.021300
28 0.498198 825 0.041250
29 0.499575 735 0.036750
30 0.500953 1453 0.072650
31 0.502330 1507 0.075350
32 0.503707 2102 0.105100
33 0.505084 2265 0.113250
34 0.506461 2180 0.109000
35 0.507838 1899 0.094950
36 0.509215 954 0.047700
37 0.510592 562 0.028100
38 0.511969 461 0.023050
39 0.513346 246 0.012300
40 0.514723 240 0.012000
41 0.516100 259 0.012950
42 0.517477 213 0.010650
43 0.518854 112 0.005600
44 0.520232 57 0.002850
45 0.521609 125 0.006250
46 0.522986 27 0.001350
47 0.524363 74 0.003700
48 0.525740 60 0.003000
49 0.527117 40 0.002000
50 0.528494 44 0.002200
51 0.529871 39 0.001950
52 0.531248 46 0.002300
53 0.532625 40 0.002000
54 0.534002 32 0.001600
55 0.535379 67 0.003350
56 0.536756 55 0.002750
57 0.538133 22 0.001100
58 0.539510 45 0.002250
59 0.540888 34 0.001700
60 0.542265 24 0.001200
61 0.543642 61 0.003050
62 0.545019 19 0.000950
63 0.546396 28 0.001400
64 0.547773 73 0.003650
65 0.549150 9 0.000450
66 0.550527 19 0.000950
67 0.551904 39 0.001950
68 0.553281 40 0.002000
69 0.554658 20 0.001000
70 0.556035 2 0.000100
71 0.557412 19 0.000950
72 0.558789 6 0.000300
73 0.560167 2 0.000100
74 0.561544 0 0.000000
75 0.562921 20 0.001000
76 0.564298 13 0.000650
77 0.565675 7 0.000350
78 0.567052 6 0.000300
79 0.568429 1 0.000050
80 0.569806 3 0.000150
81 0.571183 4 0.000200
82 0.572560 22 0.001100
83 0.573937 0 0.000000
84 0.575314 5 0.000250
85 0.576691 3 0.000150
86 0.578068 0 0.000000
87 0.579445 8 0.000400
88 0.580823 0 0.000000
89 0.582200 3 0.000150
90 0.583577 5 0.000250
91 0.584954 0 0.000000
92 0.586331 0 0.000000
93 0.587708 0 0.000000
94 0.589085 0 0.000000
95 0.590462 3 0.000150
96 0.591839 0 0.000000
97 0.593216 0 0.000000
98 0.594593 2 0.000100
99 0.595970 1 0.000050
