0 0.005290 4 0.000067
1 0.015310 12 0.000200
2 0.025331 14 0.000233
3 0.035352 7 0.000117
4 0.045372 16 0.000267
5 0.055393 13 0.000217
6 0.065414 8 0.000133
7 0.075434 16 0.000267
8 0.085455 14 0.000233
9 0.095476 15 0.000250
10 0.105496 14 0.000233
11 0.115517 7 0.000117
12 0.125538 13 0.000217
13 0.135558 10 0.000167
14 0.145579 14 0.000233
15 0.155599 19 0.000317
16 0.165620 16 0.000267
17 0.175641 18 0.000300
18 0.185661 20 0.000333
19 0.195682 33 0.000550
20 0.205703 39 0.000650
21 0.215723 38 0.000633
22 0.225744 38 0.000633
23 0.235765 32 0.000533
24 0.245785 56 0.000933
25 0.255806 68 0.001133
26 0.265827 70 0.001167
27 0.275847 94 0.001567
28 0.285868 80 0.001333
29 0.295888 127 0.002117
30 0.305909 169 0.002817
31 0.315930 222 0.003700
32 0.325950 385 0.006417
33 0.335971 278 0.004633
34 0.345992 232 0.003867
35 0.356012 298 0.004967
36 0.366033 435 0.007250
37 0.376054 414 0.006900
38 0.386074 393 0.006550
39 0.396095 442 0.007367
40 0.406116 639 0.010650
41 0.416136 794 0.013233
42 0.426157 1340 0.022333
43 0.436178 875 0.014583
44 0.446198 1065 0.017750
45 0.456219 1361 0.022683
46 0.466239 1948 0.032467
47 0.476260 2097 0.034950
48 0.486281 3506 0.058433
49 0.496301 7695 0.128250
50 0.506322 3099 0.051650
51 0.516343 2100 0.035000
52 0.526363 2345 0.039083
53 0.536384 1432 0.023867
54 0.546405 1300 0.021667
55 0.556425 1404 0.023400
56 0.566446 1874 0.031233
57 0.576467 2522 0.042033
58 0.586487 3304 0.055067
59 0.596508 2644 0.044067
60 0.606529 1493 0.024883
61 0.616549 1148 0.019133
62 0.626570 1155 0.019250
63 0.636590 598 0.009967
64 0.646611 498 0.008300
65 0.656632 460 0.007667
66 0.666652 430 0.007167
67 0.676673 306 0.005100
68 0.686694 263 0.004383
69 0.696714 231 0.003850
70 0.706735 213 0.003550
71 0.716756 212 0.003533
72 0.726776 164 0.002733
73 0.736797 205 0.003417
74 0.746817 158 0.002633
75 0.756838 161 0.002683
76 0.766859 214 0.003567
77 0.776879 181 0.003017
78 0.786900 195 0.003250
79 0.796921 157 0.002617
80 0.806941 154 0.002567
81 0.816962 221 0.003683
82 0.826983 282 0.004700
83 0.837003 229 0.003817
84 0.847024 274 0.004567
85 0.857045 366 0.006100
86 0.867065 435 0.007250
87 0.877086 473 0.007883
88 0.887107 209 0.003483
89 0.897127 232 0.003867
90 0.907148 229 0.003817
91 0.917168 332 0.005533
92 0.927189 216 0.003600
93 0.937210 155 0.002583
94 0.947230 78 0.001300
95 0.957251 39 0.000650
96 0.967272 54 0.000900
97 0.977292 30 0.000500
98 0.987313 13 0.000217
99 0.997334 0 0.000000
