0 0.014292 11 0.000550
1 0.024222 7 0.000350
2 0.034151 6 0.000300
3 0.044081 3 0.000150
4 0.054011 4 0.000200
5 0.063940 4 0.000200
6 0.073870 3 0.000150
7 0.083800 6 0.000300
8 0.093730 4 0.000200
9 0.103659 4 0.000200
10 0.113589 4 0.000200
11 0.123519 2 0.000100
12 0.133448 3 0.000150
13 0.143378 1 0.000050
14 0.153308 1 0.000050
15 0.163238 3 0.000150
16 0.173167 3 0.000150
17 0.183097 3 0.000150
18 0.193027 14 0.000700
19 0.202956 5 0.000250
20 0.212886 9 0.000450
21 0.222816 5 0.000250
22 0.232746 6 0.000300
23 0.242675 18 0.000900
24 0.252605 24 0.001200
25 0.262535 29 0.001450
26 0.272464 37 0.001850
27 0.282394 41 0.002050
28 0.292324 28 0.001400
29 0.302254 30 0.001500
30 0.312183 111 0.005550
31 0.322113 137 0.006850
32 0.332043 196 0.009800
33 0.341972 78 0.003900
34 0.351902 22 0.001100
35 0.361832 16 0.000800
36 0.371762 22 0.001100
37 0.381691 19 0.000950
38 0.391621 19 0.000950
39 0.401551 21 0.001050
40 0.411480 24 0.001200
41 0.421410 26 0.001300
42 0.431340 28 0.001400
43 0.441270 43 0.002150
44 0.451199 51 0.002550
45 0.461129 53 0.002650
46 0.471059 64 0.003200
47 0.480988 84 0.004200
48 0.490918 134 0.006700
49 0.500848 132 0.006600
50 0.510778 139 0.006950
51 0.520707 162 0.008100
52 0.530637 232 0.011600
53 0.540567 258 0.012900
54 0.550496 400 0.020000
55 0.560426 489 0.024450
56 0.570356 1016 0.050800
57 0.580286 2203 0.110150
58 0.590215 2764 0.138200
59 0.600145 1682 0.084100
60 0.610075 874 0.043700
61 0.620004 769 0.038450
62 0.629934 485 0.024250
63 0.639864 352 0.017600
64 0.649794 278 0.013900
65 0.659723 255 0.012750
66 0.669653 188 0.009400
67 0.679583 187 0.009350
68 0.689512 166 0.008300
69 0.699442 145 0.007250
70 0.709372 163 0.008150
71 0.719302 165 0.008250
72 0.729231 149 0.007450
73 0.739161 175 0.008750
74 0.749091 127 0.006350
75 0.759020 139 0.006950
76 0.768950 181 0.009050
77 0.778880 153 0.007650
78 0.788810 158 0.007900
79 0.798739 134 0.006700
80 0.808669 132 0.006600
81 0.818599 236 0.011800
82 0.828528 240 0.012000
83 0.838458 215 0.010750
84 0.848388 266 0.013300
85 0.858318 404 0.020200
86 0.868247 382 0.019100
87 0.878177 446 0.022300
88 0.888107 201 0.010050
89 0.898036 216 0.010800
90 0.907966 223 0.011150
91 0.917896 310 0.015500
92 0.927826 205 0.010250
93 0.937755 141 0.007050
94 0.947685 71 0.003550
95 0.957615 37 0.001850
96 0.967544 48 0.002400
97 0.977474 28 0.001400
98 0.987404 11 0.000550
99 0.997334 2 0.000100
