0 0.014055 2 0.000100
1 0.023796 5 0.000250
2 0.033537 4 0.000200
3 0.043279 9 0.000450
4 0.053020 9 0.000450
5 0.062761 8 0.000400
6 0.072503 7 0.000350
7 0.082244 11 0.000550
8 0.091985 10 0.000500
9 0.101727 8 0.000400
10 0.111468 7 0.000350
11 0.121209 4 0.000200
12 0.130951 11 0.000550
13 0.140692 11 0.000550
14 0.150433 18 0.000900
15 0.160175 11 0.000550
16 0.169916 12 0.000600
17 0.179657 14 0.000700
18 0.189399 15 0.000750
19 0.199140 22 0.001100
20 0.208881 30 0.001500
21 0.218623 23 0.001150
22 0.228364 24 0.001200
23 0.238105 28 0.001400
24 0.247847 37 0.001850
25 0.257588 29 0.001450
26 0.267329 42 0.002100
27 0.277070 49 0.002450
28 0.286812 48 0.002400
29 0.296553 73 0.003650
30 0.306294 65 0.003250
31 0.316036 66 0.003300
32 0.325777 83 0.004150
33 0.335518 78 0.003900
34 0.345260 89 0.004450
35 0.355001 100 0.005000
36 0.364742 122 0.006100
37 0.374484 117 0.005850
38 0.384225 153 0.007650
39 0.393966 172 0.008600
40 0.403708 226 0.011300
41 0.413449 225 0.011250
42 0.423190 248 0.012400
43 0.432932 342 0.017100
44 0.442673 416 0.020800
45 0.452414 581 0.029050
46 0.462156 751 0.037550
47 0.471897 1124 0.056200
48 0.481638 1861 0.093050
49 0.491380 3243 0.162150
50 0.501121 2710 0.135500
51 0.510862 1523 0.076150
52 0.520604 868 0.043400
53 0.530345 665 0.033250
54 0.540086 493 0.024650
55 0.549828 365 0.018250
56 0.559569 358 0.017900
57 0.569310 314 0.015700
58 0.579051 278 0.013900
59 0.588793 171 0.008550
60 0.598534 199 0.009950
61 0.608275 149 0.007450
62 0.618017 135 0.006750
63 0.627758 127 0.006350
64 0.637499 105 0.005250
65 0.647241 97 0.004850
66 0.656982 76 0.003800
67 0.666723 89 0.004450
68 0.676465 75 0.003750
69 0.686206 53 0.002650
70 0.695947 38 0.001900
71 0.705689 42 0.002100
72 0.715430 44 0.002200
73 0.725171 24 0.001200
74 0.734913 22 0.001100
75 0.744654 23 0.001150
76 0.754395 22 0.001100
77 0.764137 34 0.001700
78 0.773878 28 0.001400
79 0.783619 26 0.001300
80 0.793361 21 0.001050
81 0.803102 19 0.000950
82 0.812843 19 0.000950
83 0.822585 16 0.000800
84 0.832326 15 0.000750
85 0.842067 8 0.000400
86 0.851809 18 0.000900
87 0.861550 8 0.000400
88 0.871291 5 0.000250
89 0.881032 8 0.000400
90 0.890774 7 0.000350
91 0.900515 6 0.000300
92 0.910256 15 0.000750
93 0.919998 15 0.000750
94 0.929739 9 0.000450
95 0.939480 2 0.000100
96 0.949222 3 0.000150
97 0.958963 3 0.000150
98 0.968704 6 0.000300
99 0.978446 1 0.000050
