0 0.047630 2 0.000100
1 0.057162 12 0.000600
2 0.066694 11 0.000550
3 0.076226 0 0.000000
4 0.085758 3 0.000150
5 0.095290 0 0.000000
6 0.104822 12 0.000600
7 0.114354 12 0.000600
8 0.123886 0 0.000000
9 0.133418 0 0.000000
10 0.142950 4 0.000200
11 0.152482 1 0.000050
12 0.162014 13 0.000650
13 0.171546 0 0.000000
14 0.181078 0 0.000000
15 0.190611 0 0.000000
16 0.200143 0 0.000000
17 0.209675 0 0.000000
18 0.219207 5 0.000250
19 0.228739 1 0.000050
20 0.238271 35 0.001750
21 0.247803 9 0.000450
22 0.257335 8 0.000400
23 0.266867 20 0.001000
24 0.276399 63 0.003150
25 0.285931 3 0.000150
26 0.295463 11 0.000550
27 0.304995 7 0.000350
28 0.314527 149 0.007450
29 0.324059 254 0.012700
30 0.333591 98 0.004900
31 0.343124 33 0.001650
32 0.352656 5 0.000250
33 0.362188 0 0.000000
34 0.371720 9 0.000450
35 0.381252 11 0.000550
36 0.390784 0 0.000000
37 0.400316 6 0.000300
38 0.409848 6 0.000300
39 0.419380 182 0.009100
40 0.428912 17 0.000850
41 0.438444 17 0.000850
42 0.447976 0 0.000000
43 0.457508 31 0.001550
44 0.467040 48 0.002400
45 0.476572 50 0.002500
46 0.486105 169 0.008450
47 0.495637 72 0.003600
48 0.505169 57 0.002850
49 0.514701 355 0.017750
50 0.524233 86 0.004300
51 0.533765 108 0.005400
52 0.543297 363 0.018150
53 0.552829 181 0.009050
54 0.562361 234 0.011700
55 0.571893 806 0.040300
56 0.581425 1262 0.063100
57 0.590957 2559 0.127950
58 0.600489 2149 0.107450
59 0.610021 1146 0.057300
60 0.619553 856 0.042800
61 0.629085 416 0.020800
62 0.638618 419 0.020950
63 0.648150 234 0.011700
64 0.657682 352 0.017600
65 0.667214 442 0.022100
66 0.676746 98 0.004900
67 0.686278 144 0.007200
68 0.695810 258 0.012900
69 0.705342 249 0.012450
70 0.714874 582 0.029100
71 0.724406 564 0.028200
72 0.733938 448 0.022400
73 0.743470 55 0.002750
74 0.753002 24 0.001200
75 0.762534 20 0.001000
76 0.772066 218 0.010900
77 0.781599 49 0.002450
78 0.791131 127 0.006350
79 0.800663 123 0.006150
80 0.810195 62 0.003100
81 0.819727 131 0.006550
82 0.829259 499 0.024950
83 0.838791 117 0.005850
84 0.848323 231 0.011550
85 0.857855 282 0.014100
86 0.867387 310 0.015500
87 0.876919 299 0.014950
88 0.886451 243 0.012150
89 0.895983 225 0.011250
90 0.905515 316 0.015800
91 0.915047 133 0.006650
92 0.924580 166 0.008300
93 0.934112 204 0.010200
94 0.943644 155 0.007750
95 0.953176 148 0.007400
96 0.962708 46 0.002300
97 0.972240 42 0.002100
98 0.981772 17 0.000850
99 0.991304 1 0.000050
