0 0.005290 2 0.000100
1 0.014315 0 0.000000
2 0.023341 0 0.000000
3 0.032366 0 0.000000
4 0.041392 0 0.000000
5 0.050417 0 0.000000
6 0.059443 0 0.000000
7 0.068468 0 0.000000
8 0.077494 0 0.000000
9 0.086519 0 0.000000
10 0.095544 0 0.000000
11 0.104570 0 0.000000
12 0.113595 1 0.000050
13 0.122621 0 0.000000
14 0.131646 0 0.000000
15 0.140672 0 0.000000
16 0.149697 0 0.000000
17 0.158723 0 0.000000
18 0.167748 0 0.000000
19 0.176774 0 0.000000
20 0.185799 0 0.000000
21 0.194825 2 0.000100
22 0.203850 4 0.000200
23 0.212876 3 0.000150
24 0.221901 4 0.000200
25 0.230926 4 0.000200
26 0.239952 1 0.000050
27 0.248977 1 0.000050
28 0.258003 0 0.000000
29 0.267028 3 0.000150
30 0.276054 2 0.000100
31 0.285079 4 0.000200
32 0.294105 7 0.000350
33 0.303130 27 0.001350
34 0.312156 46 0.002300
35 0.321181 83 0.004150
36 0.330207 77 0.003850
37 0.339232 51 0.002550
38 0.348258 74 0.003700
39 0.357283 169 0.008450
40 0.366309 240 0.012000
41 0.375334 262 0.013100
42 0.384359 206 0.010300
43 0.393385 191 0.009550
44 0.402410 299 0.014950
45 0.411436 378 0.018900
46 0.420461 727 0.036350
47 0.429487 774 0.038700
48 0.438512 412 0.020600
49 0.447538 468 0.023400
50 0.456563 598 0.029900
51 0.465589 851 0.042550
52 0.474614 614 0.030700
53 0.483640 618 0.030900
54 0.492665 909 0.045450
55 0.501691 4041 0.202050
56 0.510716 788 0.039400
57 0.519742 893 0.044650
58 0.528767 1118 0.055900
59 0.537792 554 0.027700
60 0.546818 464 0.023200
61 0.555843 543 0.027150
62 0.564869 703 0.035150
63 0.573894 557 0.027850
64 0.582920 322 0.016100
65 0.591945 219 0.010950
66 0.600971 287 0.014350
67 0.609996 210 0.010500
68 0.619022 271 0.013550
69 0.628047 322 0.016100
70 0.637073 110 0.005500
71 0.646098 77 0.003850
72 0.655124 132 0.006600
73 0.664149 73 0.003650
74 0.673175 100 0.005000
75 0.682200 28 0.001400
76 0.691225 26 0.001300
77 0.700251 23 0.001150
78 0.709276 8 0.000400
79 0.718302 1 0.000050
80 0.727327 0 0.000000
81 0.736353 0 0.000000
82 0.745378 0 0.000000
83 0.754404 1 0.000050
84 0.763429 0 0.000000
85 0.772455 2 0.000100
86 0.781480 4 0.000200
87 0.790506 4 0.000200
88 0.799531 3 0.000150
89 0.808557 0 0.000000
90 0.817582 0 0.000000
91 0.826607 0 0.000000
92 0.835633 0 0.000000
93 0.844658 0 0.000000
94 0.853684 0 0.000000
95 0.862709 1 0.000050
96 0.871735 1 0.000050
97 0.880760 0 0.000000
98 0.889786 0 0.000000
99 0.898811 2 0.000100
