initializing
training size    : 359556
testing size     : 20000
epoch count      : 10
sub epoch size   : 5

epoch_learning_rate_decay   : 8
learning_rate_decay         : 0.250000

training



epoch [0 0] from [10 5]
training time per iterations 1.247862[ms]
testing on 20000 items
testing done
average error 0.003983
min error     0.000000
max error     0.228908
saving best net
best net saved to networks/disc8x8x3/net_4/trained/, with error 0.003983



epoch [0 1] from [10 5]
training time per iterations 1.246958[ms]
testing on 20000 items
testing done
average error 0.002760
min error     0.000000
max error     0.214453
saving best net
best net saved to networks/disc8x8x3/net_4/trained/, with error 0.002760



epoch [0 2] from [10 5]
training time per iterations 1.248196[ms]
testing on 20000 items
testing done
average error 0.002493
min error     0.000000
max error     0.228758
saving best net
best net saved to networks/disc8x8x3/net_4/trained/, with error 0.002493



epoch [0 3] from [10 5]
training time per iterations 1.248794[ms]
testing on 20000 items
testing done
average error 0.002317
min error     0.000000
max error     0.213765
saving best net
best net saved to networks/disc8x8x3/net_4/trained/, with error 0.002317



epoch [0 4] from [10 5]
training time per iterations 1.254036[ms]
testing on 20000 items
testing done
average error 0.002203
min error     0.000000
max error     0.216032
saving best net
best net saved to networks/disc8x8x3/net_4/trained/, with error 0.002203



epoch [1 0] from [10 5]
training time per iterations 1.251811[ms]
testing on 20000 items
testing done
average error 0.002137
min error     0.000000
max error     0.226639
saving best net
best net saved to networks/disc8x8x3/net_4/trained/, with error 0.002137



epoch [1 1] from [10 5]
training time per iterations 1.254036[ms]
testing on 20000 items
testing done
average error 0.002000
min error     0.000000
max error     0.245117
saving best net
best net saved to networks/disc8x8x3/net_4/trained/, with error 0.002000



epoch [1 2] from [10 5]
training time per iterations 1.257249[ms]
testing on 20000 items
testing done
average error 0.001956
min error     0.000000
max error     0.227422
saving best net
best net saved to networks/disc8x8x3/net_4/trained/, with error 0.001956



epoch [1 3] from [10 5]
training time per iterations 1.248668[ms]
testing on 20000 items
testing done
average error 0.001914
min error     0.000000
max error     0.241723
saving best net
best net saved to networks/disc8x8x3/net_4/trained/, with error 0.001914



epoch [1 4] from [10 5]
training time per iterations 1.252284[ms]
testing on 20000 items
testing done
average error 0.001978
min error     0.000000
max error     0.239687



epoch [2 0] from [10 5]
training time per iterations 1.252020[ms]
testing on 20000 items
testing done
average error 0.002002
min error     0.000000
max error     0.224245



epoch [2 1] from [10 5]
training time per iterations 1.254412[ms]
testing on 20000 items
testing done
average error 0.001906
min error     0.000000
max error     0.234163
saving best net
best net saved to networks/disc8x8x3/net_4/trained/, with error 0.001906



epoch [2 2] from [10 5]
training time per iterations 1.250963[ms]
testing on 20000 items
testing done
average error 0.001867
min error     0.000000
max error     0.229612
saving best net
best net saved to networks/disc8x8x3/net_4/trained/, with error 0.001867



epoch [2 3] from [10 5]
training time per iterations 1.253647[ms]
testing on 20000 items
testing done
average error 0.001829
min error     0.000000
max error     0.230638
saving best net
best net saved to networks/disc8x8x3/net_4/trained/, with error 0.001829



epoch [2 4] from [10 5]
training time per iterations 1.253522[ms]
testing on 20000 items
testing done
average error 0.001800
min error     0.000000
max error     0.241300
saving best net
best net saved to networks/disc8x8x3/net_4/trained/, with error 0.001800



epoch [3 0] from [10 5]
training time per iterations 1.253995[ms]
testing on 20000 items
testing done
average error 0.001825
min error     0.000000
max error     0.237869



epoch [3 1] from [10 5]
training time per iterations 1.258792[ms]
testing on 20000 items
testing done
average error 0.001785
min error     0.000000
max error     0.229097
saving best net
best net saved to networks/disc8x8x3/net_4/trained/, with error 0.001785



epoch [3 2] from [10 5]
training time per iterations 1.260030[ms]
testing on 20000 items
testing done
average error 0.001786
min error     0.000000
max error     0.240942



epoch [3 3] from [10 5]
training time per iterations 1.253591[ms]
testing on 20000 items
testing done
average error 0.001751
min error     0.000000
max error     0.252624
saving best net
best net saved to networks/disc8x8x3/net_4/trained/, with error 0.001751



epoch [3 4] from [10 5]
training time per iterations 1.250462[ms]
testing on 20000 items
testing done
average error 0.001763
min error     0.000000
max error     0.227534



epoch [4 0] from [10 5]
training time per iterations 1.257513[ms]
testing on 20000 items
testing done
average error 0.001774
min error     0.000000
max error     0.241412



epoch [4 1] from [10 5]
training time per iterations 1.257916[ms]
testing on 20000 items
testing done
average error 0.001758
min error     0.000000
max error     0.246745



epoch [4 2] from [10 5]
training time per iterations 1.255135[ms]
testing on 20000 items
testing done
average error 0.001748
min error     0.000000
max error     0.245331
saving best net
best net saved to networks/disc8x8x3/net_4/trained/, with error 0.001748



epoch [4 3] from [10 5]
training time per iterations 1.255149[ms]
testing on 20000 items
testing done
average error 0.001776
min error     0.000000
max error     0.232281



epoch [4 4] from [10 5]
training time per iterations 1.248140[ms]
testing on 20000 items
testing done
average error 0.001784
min error     0.000000
max error     0.233756



epoch [5 0] from [10 5]
training time per iterations 1.255051[ms]
testing on 20000 items
testing done
average error 0.001710
min error     0.000000
max error     0.243706
saving best net
best net saved to networks/disc8x8x3/net_4/trained/, with error 0.001710



epoch [5 1] from [10 5]
training time per iterations 1.255190[ms]
testing on 20000 items
testing done
average error 0.001729
min error     0.000000
max error     0.241217



epoch [5 2] from [10 5]
training time per iterations 1.265092[ms]
testing on 20000 items
testing done
average error 0.001681
min error     0.000000
max error     0.235488
saving best net
best net saved to networks/disc8x8x3/net_4/trained/, with error 0.001681



epoch [5 3] from [10 5]
training time per iterations 1.267789[ms]
testing on 20000 items
testing done
average error 0.001694
min error     0.000000
max error     0.244245



epoch [5 4] from [10 5]
training time per iterations 1.256831[ms]
testing on 20000 items
testing done
average error 0.001757
min error     0.000000
max error     0.240608



epoch [6 0] from [10 5]
training time per iterations 1.254273[ms]
testing on 20000 items
testing done
average error 0.001699
min error     0.000000
max error     0.249219



epoch [6 1] from [10 5]
training time per iterations 1.260586[ms]
testing on 20000 items
testing done
average error 0.001754
min error     0.000000
max error     0.243177



epoch [6 2] from [10 5]
training time per iterations 1.261476[ms]
testing on 20000 items
testing done
average error 0.001743
min error     0.000000
max error     0.240091



epoch [6 3] from [10 5]
training time per iterations 1.263562[ms]
testing on 20000 items
testing done
average error 0.001706
min error     0.000000
max error     0.238598



epoch [6 4] from [10 5]
training time per iterations 1.258764[ms]
testing on 20000 items
testing done
average error 0.001710
min error     0.000000
max error     0.223088



epoch [7 0] from [10 5]
training time per iterations 1.251269[ms]
testing on 20000 items
testing done
average error 0.001650
min error     0.000000
max error     0.243149
saving best net
best net saved to networks/disc8x8x3/net_4/trained/, with error 0.001650



epoch [7 1] from [10 5]
training time per iterations 1.252020[ms]
testing on 20000 items
testing done
average error 0.001666
min error     0.000000
max error     0.238056



epoch [7 2] from [10 5]
training time per iterations 1.252256[ms]
testing on 20000 items
testing done
average error 0.001673
min error     0.000000
max error     0.241969



epoch [7 3] from [10 5]
training time per iterations 1.259835[ms]
testing on 20000 items
testing done
average error 0.001707
min error     0.000000
max error     0.243773



epoch [7 4] from [10 5]
training time per iterations 1.256372[ms]
testing on 20000 items
testing done
average error 0.001632
min error     0.000000
max error     0.247788
saving best net
best net saved to networks/disc8x8x3/net_4/trained/, with error 0.001632
setting learning rate to 0.000050



epoch [8 0] from [10 5]
training time per iterations 1.257707[ms]
testing on 20000 items
testing done
average error 0.001673
min error     0.000000
max error     0.244091



epoch [8 1] from [10 5]
training time per iterations 1.257249[ms]
testing on 20000 items
testing done
average error 0.001705
min error     0.000000
max error     0.238064



epoch [8 2] from [10 5]
training time per iterations 1.250379[ms]
testing on 20000 items
testing done
average error 0.001680
min error     0.000000
max error     0.246809



epoch [8 3] from [10 5]
training time per iterations 1.256595[ms]
testing on 20000 items
testing done
average error 0.001707
min error     0.000000
max error     0.244072



epoch [8 4] from [10 5]
training time per iterations 1.251227[ms]
testing on 20000 items
testing done
average error 0.001701
min error     0.000000
max error     0.240746



epoch [9 0] from [10 5]
training time per iterations 1.257471[ms]
testing on 20000 items
testing done
average error 0.001662
min error     0.000000
max error     0.245644



epoch [9 1] from [10 5]
training time per iterations 1.255218[ms]
testing on 20000 items
testing done
average error 0.001677
min error     0.000000
max error     0.242338



epoch [9 2] from [10 5]
training time per iterations 1.253480[ms]
testing on 20000 items
testing done
average error 0.001728
min error     0.000000
max error     0.239022



epoch [9 3] from [10 5]
training time per iterations 1.260391[ms]
testing on 20000 items
testing done
average error 0.001688
min error     0.000000
max error     0.237638



epoch [9 4] from [10 5]
training time per iterations 1.257221[ms]
testing on 20000 items
testing done
average error 0.001708
min error     0.000000
max error     0.243056
training done
