network init start

hyperparameters
init_weight_range 0.000000 ,xavier
learning_rate 0.000200
lambda1 0.000001
lambda2 0.000001
dropout 0.020000
minibatch size 32

   DENSE CONVOLUTION  [    8     8    24] [    3     3     8] [    8     8    32] [      1728          8][    111104]
                RELU  [    8     8    32] [    1     1     1] [    8     8    32] [         0          0][      4096]
   DENSE CONVOLUTION  [    8     8    32] [    3     3     8] [    8     8    40] [      2304          8][    147968]
                RELU  [    8     8    40] [    1     1     1] [    8     8    40] [         0          0][      5120]
   DENSE CONVOLUTION  [    8     8    40] [    3     3     8] [    8     8    48] [      2880          8][    184832]
                RELU  [    8     8    48] [    1     1     1] [    8     8    48] [         0          0][      6144]
   DENSE CONVOLUTION  [    8     8    48] [    3     3     8] [    8     8    56] [      3456          8][    221696]
                RELU  [    8     8    56] [    1     1     1] [    8     8    56] [         0          0][      7168]
         CONVOLUTION  [    8     8    56] [    1     1    32] [    8     8    32] [      1792         32][    116736]
                RELU  [    8     8    32] [    1     1     1] [    8     8    32] [         0          0][      4096]
             DROPOUT  [    8     8    32] [    1     1     1] [    8     8    32] [         0          0][      4096]
                  FC  [    8     8    32] [    1     1     3] [    1     1     3] [      6144          3][     12294]

input_geometry  [8 8 24]
output_geometry [1 1 3]
network flops operations 825350 FLOPS, 0.000825 GFLOPS
init DONE

network destructor done
