0.000000 0 0 0.003983 0.000000 0.228908 0.003950 0.000000 0.258220
0.200000 0 1 0.002760 0.000000 0.214453 0.002719 0.000000 0.238971
0.400000 0 2 0.002493 0.000000 0.228758 0.002474 0.000000 0.159884
0.600000 0 3 0.002317 0.000000 0.213765 0.002289 0.000000 0.270870
0.800000 0 4 0.002203 0.000000 0.216032 0.002218 0.000000 0.273953
1.000000 1 0 0.002137 0.000000 0.226639 0.002149 0.000000 0.190396
1.200000 1 1 0.002000 0.000000 0.245117 0.001996 0.000000 0.173324
1.400000 1 2 0.001956 0.000000 0.227422 0.001920 0.000000 0.185496
1.600000 1 3 0.001914 0.000000 0.241723 0.001942 0.000000 0.249961
1.800000 1 4 0.001978 0.000000 0.239687 0.001940 0.000000 0.228084
2.000000 2 0 0.002002 0.000000 0.224245 0.002009 0.000000 0.183280
2.200000 2 1 0.001906 0.000000 0.234163 0.001898 0.000000 0.151051
2.400000 2 2 0.001867 0.000000 0.229612 0.001841 0.000000 0.164890
2.600000 2 3 0.001829 0.000000 0.230638 0.001834 0.000000 0.230638
2.800000 2 4 0.001800 0.000000 0.241300 0.001801 0.000000 0.243666
3.000000 3 0 0.001825 0.000000 0.237869 0.001844 0.000000 0.175851
3.200000 3 1 0.001785 0.000000 0.229097 0.001802 0.000000 0.258916
3.400000 3 2 0.001786 0.000000 0.240942 0.001814 0.000000 0.237965
3.600000 3 3 0.001751 0.000000 0.252624 0.001752 0.000000 0.169280
3.800000 3 4 0.001763 0.000000 0.227534 0.001743 0.000000 0.151054
4.000000 4 0 0.001774 0.000000 0.241412 0.001778 0.000000 0.239622
4.200000 4 1 0.001758 0.000000 0.246745 0.001780 0.000000 0.235167
4.400000 4 2 0.001748 0.000000 0.245331 0.001745 0.000000 0.238041
4.600000 4 3 0.001776 0.000000 0.232281 0.001782 0.000000 0.254000
4.800000 4 4 0.001784 0.000000 0.233756 0.001802 0.000000 0.240587
5.000000 5 0 0.001710 0.000000 0.243706 0.001685 0.000000 0.227533
5.200000 5 1 0.001729 0.000000 0.241217 0.001741 0.000000 0.182320
5.400000 5 2 0.001681 0.000000 0.235488 0.001671 0.000000 0.177610
5.600000 5 3 0.001694 0.000000 0.244245 0.001699 0.000000 0.169214
5.800000 5 4 0.001757 0.000000 0.240608 0.001749 0.000000 0.176861
6.000000 6 0 0.001699 0.000000 0.249219 0.001675 0.000000 0.183822
6.200000 6 1 0.001754 0.000000 0.243177 0.001727 0.000000 0.143090
6.400000 6 2 0.001743 0.000000 0.240091 0.001731 0.000000 0.189730
6.600000 6 3 0.001706 0.000000 0.238598 0.001720 0.000000 0.168614
6.800000 6 4 0.001710 0.000000 0.223088 0.001737 0.000000 0.189321
7.000000 7 0 0.001650 0.000000 0.243149 0.001636 0.000000 0.171923
7.200000 7 1 0.001666 0.000000 0.238056 0.001673 0.000000 0.234371
7.400000 7 2 0.001673 0.000000 0.241969 0.001684 0.000000 0.174555
7.600000 7 3 0.001707 0.000000 0.243773 0.001699 0.000000 0.176767
7.800000 7 4 0.001632 0.000000 0.247788 0.001630 0.000000 0.169066
8.000000 8 0 0.001673 0.000000 0.244091 0.001674 0.000000 0.222921
8.200000 8 1 0.001705 0.000000 0.238064 0.001682 0.000000 0.231921
8.400000 8 2 0.001680 0.000000 0.246809 0.001650 0.000000 0.161490
8.600000 8 3 0.001707 0.000000 0.244072 0.001730 0.000000 0.161792
8.800000 8 4 0.001701 0.000000 0.240746 0.001720 0.000000 0.215653
9.000000 9 0 0.001662 0.000000 0.245644 0.001649 0.000000 0.140039
9.200000 9 1 0.001677 0.000000 0.242338 0.001670 0.000000 0.173804
9.400000 9 2 0.001728 0.000000 0.239022 0.001738 0.000000 0.184586
9.600000 9 3 0.001688 0.000000 0.237638 0.001679 0.000000 0.237902
9.800000 9 4 0.001708 0.000000 0.243056 0.001723 0.000000 0.150660
