0.000000 0 0 0.003769 0.000000 0.146215 0.003677 0.000000 0.165245
0.200000 0 1 0.003354 0.000000 0.147244 0.003391 0.000000 0.246470
0.400000 0 2 0.003248 0.000000 0.148842 0.003248 0.000000 0.166523
0.600000 0 3 0.003124 0.000000 0.153738 0.003089 0.000000 0.152379
0.800000 0 4 0.003074 0.000000 0.150640 0.003065 0.000000 0.183100
1.000000 1 0 0.003088 0.000000 0.152150 0.003122 0.000000 0.157049
1.200000 1 1 0.002966 0.000000 0.148825 0.002956 0.000000 0.242957
1.400000 1 2 0.003128 0.000000 0.155207 0.003218 0.000000 0.210162
1.600000 1 3 0.002986 0.000000 0.158591 0.003001 0.000000 0.205080
1.800000 1 4 0.002981 0.000000 0.147106 0.003014 0.000000 0.146892
2.000000 2 0 0.002917 0.000000 0.145995 0.002922 0.000000 0.156635
2.200000 2 1 0.003082 0.000000 0.160760 0.003089 0.000000 0.229016
2.400000 2 2 0.002940 0.000000 0.166062 0.002930 0.000000 0.236710
2.600000 2 3 0.002952 0.000000 0.154552 0.002993 0.000000 0.159529
2.800000 2 4 0.002913 0.000000 0.157721 0.002979 0.000000 0.157213
3.000000 3 0 0.002828 0.000000 0.145959 0.002844 0.000000 0.245511
3.200000 3 1 0.002831 0.000000 0.184630 0.002852 0.000000 0.181163
3.400000 3 2 0.002850 0.000000 0.152420 0.002810 0.000000 0.231344
3.600000 3 3 0.002921 0.000000 0.153053 0.002934 0.000000 0.256622
3.800000 3 4 0.002827 0.000000 0.199264 0.002871 0.000000 0.228597
4.000000 4 0 0.002883 0.000000 0.150576 0.002884 0.000000 0.197816
4.200000 4 1 0.002854 0.000000 0.168471 0.002867 0.000000 0.188394
4.400000 4 2 0.002969 0.000000 0.157960 0.003018 0.000000 0.235734
4.600000 4 3 0.002797 0.000000 0.146899 0.002798 0.000000 0.227788
4.800000 4 4 0.002805 0.000000 0.173144 0.002749 0.000000 0.172966
5.000000 5 0 0.002770 0.000000 0.154609 0.002778 0.000000 0.161885
5.200000 5 1 0.002792 0.000000 0.150453 0.002807 0.000000 0.243711
5.400000 5 2 0.002868 0.000000 0.174851 0.002909 0.000000 0.193847
5.600000 5 3 0.002879 0.000000 0.148099 0.002917 0.000000 0.172830
5.800000 5 4 0.002799 0.000000 0.154434 0.002795 0.000000 0.197554
6.000000 6 0 0.002830 0.000000 0.156379 0.002805 0.000000 0.203747
6.200000 6 1 0.002733 0.000000 0.152341 0.002760 0.000000 0.241205
6.400000 6 2 0.002825 0.000000 0.149861 0.002794 0.000000 0.201919
6.600000 6 3 0.002838 0.000000 0.155256 0.002866 0.000000 0.190743
6.800000 6 4 0.002822 0.000000 0.153735 0.002835 0.000000 0.222771
7.000000 7 0 0.002841 0.000000 0.151603 0.002780 0.000000 0.260951
7.200000 7 1 0.002797 0.000000 0.159495 0.002822 0.000000 0.251857
7.400000 7 2 0.002831 0.000000 0.172923 0.002833 0.000000 0.161927
7.600000 7 3 0.002819 0.000000 0.159485 0.002854 0.000000 0.244366
7.800000 7 4 0.002732 0.000000 0.158883 0.002745 0.000000 0.228602
8.000000 8 0 0.002733 0.000000 0.170503 0.002750 0.000000 0.210335
8.200000 8 1 0.002774 0.000000 0.160544 0.002758 0.000000 0.158670
8.400000 8 2 0.002765 0.000000 0.163849 0.002802 0.000000 0.172740
8.600000 8 3 0.002767 0.000000 0.166321 0.002732 0.000000 0.201926
8.800000 8 4 0.002753 0.000000 0.159684 0.002803 0.000000 0.236093
9.000000 9 0 0.002768 0.000000 0.172082 0.002757 0.000000 0.225516
9.200000 9 1 0.002743 0.000000 0.148370 0.002742 0.000000 0.187678
9.400000 9 2 0.002712 0.000000 0.161178 0.002718 0.000000 0.232838
9.600000 9 3 0.002780 0.000000 0.168230 0.002836 0.000000 0.167356
9.800000 9 4 0.002760 0.000000 0.153691 0.002824 0.000000 0.236108
