0 -0.053048 1 0.000050
1 -0.052146 1 0.000050
2 -0.051244 0 0.000000
3 -0.050341 0 0.000000
4 -0.049439 0 0.000000
5 -0.048537 0 0.000000
6 -0.047635 0 0.000000
7 -0.046733 0 0.000000
8 -0.045831 0 0.000000
9 -0.044929 0 0.000000
10 -0.044027 0 0.000000
11 -0.043125 0 0.000000
12 -0.042222 0 0.000000
13 -0.041320 0 0.000000
14 -0.040418 0 0.000000
15 -0.039516 0 0.000000
16 -0.038614 2 0.000100
17 -0.037712 3 0.000150
18 -0.036810 1 0.000050
19 -0.035908 1 0.000050
20 -0.035006 3 0.000150
21 -0.034104 3 0.000150
22 -0.033201 5 0.000250
23 -0.032299 4 0.000200
24 -0.031397 3 0.000150
25 -0.030495 8 0.000400
26 -0.029593 8 0.000400
27 -0.028691 3 0.000150
28 -0.027789 5 0.000250
29 -0.026887 1 0.000050
30 -0.025985 15 0.000750
31 -0.025083 13 0.000650
32 -0.024180 12 0.000600
33 -0.023278 24 0.001200
34 -0.022376 30 0.001500
35 -0.021474 37 0.001850
36 -0.020572 26 0.001300
37 -0.019670 54 0.002700
38 -0.018768 80 0.004000
39 -0.017866 59 0.002950
40 -0.016964 111 0.005550
41 -0.016062 100 0.005000
42 -0.015159 136 0.006800
43 -0.014257 151 0.007550
44 -0.013355 227 0.011350
45 -0.012453 235 0.011750
46 -0.011551 343 0.017150
47 -0.010649 418 0.020900
48 -0.009747 505 0.025250
49 -0.008845 641 0.032050
50 -0.007943 797 0.039850
51 -0.007041 1044 0.052200
52 -0.006138 1338 0.066900
53 -0.005236 1728 0.086400
54 -0.004334 1916 0.095800
55 -0.003432 2064 0.103200
56 -0.002530 1848 0.092400
57 -0.001628 1598 0.079900
58 -0.000726 1206 0.060300
59 0.000176 795 0.039750
60 0.001078 563 0.028150
61 0.001981 404 0.020200
62 0.002883 353 0.017650
63 0.003785 254 0.012700
64 0.004687 135 0.006750
65 0.005589 113 0.005650
66 0.006491 139 0.006950
67 0.007393 69 0.003450
68 0.008295 60 0.003000
69 0.009197 58 0.002900
70 0.010099 35 0.001750
71 0.011002 46 0.002300
72 0.011904 23 0.001150
73 0.012806 25 0.001250
74 0.013708 19 0.000950
75 0.014610 19 0.000950
76 0.015512 23 0.001150
77 0.016414 9 0.000450
78 0.017316 7 0.000350
79 0.018218 7 0.000350
80 0.019120 6 0.000300
81 0.020023 6 0.000300
82 0.020925 2 0.000100
83 0.021827 4 0.000200
84 0.022729 5 0.000250
85 0.023631 1 0.000050
86 0.024533 0 0.000000
87 0.025435 2 0.000100
88 0.026337 2 0.000100
89 0.027239 1 0.000050
90 0.028141 0 0.000000
91 0.029044 0 0.000000
92 0.029946 2 0.000100
93 0.030848 0 0.000000
94 0.031750 1 0.000050
95 0.032652 1 0.000050
96 0.033554 0 0.000000
97 0.034456 0 0.000000
98 0.035358 3 0.000150
99 0.036260 0 0.000000
