0 -0.472832 1 0.000017
1 -0.463768 0 0.000000
2 -0.454705 1 0.000017
3 -0.445641 0 0.000000
4 -0.436577 0 0.000000
5 -0.427513 0 0.000000
6 -0.418449 1 0.000017
7 -0.409386 0 0.000000
8 -0.400322 0 0.000000
9 -0.391258 1 0.000017
10 -0.382194 1 0.000017
11 -0.373131 0 0.000000
12 -0.364067 0 0.000000
13 -0.355003 2 0.000033
14 -0.345939 0 0.000000
15 -0.336875 0 0.000000
16 -0.327812 0 0.000000
17 -0.318748 0 0.000000
18 -0.309684 0 0.000000
19 -0.300620 1 0.000017
20 -0.291556 2 0.000033
21 -0.282493 4 0.000067
22 -0.273429 3 0.000050
23 -0.264365 3 0.000050
24 -0.255301 2 0.000033
25 -0.246238 2 0.000033
26 -0.237174 0 0.000000
27 -0.228110 2 0.000033
28 -0.219046 2 0.000033
29 -0.209982 8 0.000133
30 -0.200919 14 0.000233
31 -0.191855 24 0.000400
32 -0.182791 45 0.000750
33 -0.173727 83 0.001383
34 -0.164664 103 0.001717
35 -0.155600 136 0.002267
36 -0.146536 186 0.003100
37 -0.137472 222 0.003700
38 -0.128408 252 0.004200
39 -0.119345 200 0.003333
40 -0.110281 176 0.002933
41 -0.101217 217 0.003617
42 -0.092153 382 0.006367
43 -0.083090 590 0.009833
44 -0.074026 521 0.008683
45 -0.064962 533 0.008883
46 -0.055898 491 0.008183
47 -0.046834 578 0.009633
48 -0.037771 743 0.012383
49 -0.028707 1064 0.017733
50 -0.019643 3295 0.054917
51 -0.010579 25886 0.431433
52 -0.001515 16050 0.267500
53 0.007548 1775 0.029583
54 0.016612 1000 0.016667
55 0.025676 763 0.012717
56 0.034740 628 0.010467
57 0.043803 525 0.008750
58 0.052867 498 0.008300
59 0.061931 523 0.008717
60 0.070995 469 0.007817
61 0.080059 319 0.005317
62 0.089122 221 0.003683
63 0.098186 201 0.003350
64 0.107250 217 0.003617
65 0.116314 251 0.004183
66 0.125377 199 0.003317
67 0.134441 151 0.002517
68 0.143505 112 0.001867
69 0.152569 97 0.001617
70 0.161633 70 0.001167
71 0.170696 62 0.001033
72 0.179760 29 0.000483
73 0.188824 12 0.000200
74 0.197888 7 0.000117
75 0.206951 2 0.000033
76 0.216015 9 0.000150
77 0.225079 4 0.000067
78 0.234143 4 0.000067
79 0.243207 3 0.000050
80 0.252270 2 0.000033
81 0.261334 2 0.000033
82 0.270398 4 0.000067
83 0.279462 1 0.000017
84 0.288525 4 0.000067
85 0.297589 3 0.000050
86 0.306653 0 0.000000
87 0.315717 2 0.000033
88 0.324781 1 0.000017
89 0.333844 1 0.000017
90 0.342908 0 0.000000
91 0.351972 0 0.000000
92 0.361036 0 0.000000
93 0.370100 0 0.000000
94 0.379163 0 0.000000
95 0.388227 1 0.000017
96 0.397291 0 0.000000
97 0.406355 0 0.000000
98 0.415418 0 0.000000
99 0.424482 1 0.000017
