0 -0.472832 1 0.000050
1 -0.463768 0 0.000000
2 -0.454705 1 0.000050
3 -0.445641 0 0.000000
4 -0.436577 0 0.000000
5 -0.427513 0 0.000000
6 -0.418449 1 0.000050
7 -0.409386 0 0.000000
8 -0.400322 0 0.000000
9 -0.391258 1 0.000050
10 -0.382194 1 0.000050
11 -0.373131 0 0.000000
12 -0.364067 0 0.000000
13 -0.355003 2 0.000100
14 -0.345939 0 0.000000
15 -0.336875 0 0.000000
16 -0.327812 0 0.000000
17 -0.318748 0 0.000000
18 -0.309684 0 0.000000
19 -0.300620 1 0.000050
20 -0.291556 2 0.000100
21 -0.282493 4 0.000200
22 -0.273429 3 0.000150
23 -0.264365 3 0.000150
24 -0.255301 2 0.000100
25 -0.246238 2 0.000100
26 -0.237174 0 0.000000
27 -0.228110 2 0.000100
28 -0.219046 2 0.000100
29 -0.209982 8 0.000400
30 -0.200919 14 0.000700
31 -0.191855 24 0.001200
32 -0.182791 45 0.002250
33 -0.173727 83 0.004150
34 -0.164664 103 0.005150
35 -0.155600 136 0.006800
36 -0.146536 186 0.009300
37 -0.137472 222 0.011100
38 -0.128408 252 0.012600
39 -0.119345 198 0.009900
40 -0.110281 176 0.008800
41 -0.101217 217 0.010850
42 -0.092153 379 0.018950
43 -0.083090 590 0.029500
44 -0.074026 521 0.026050
45 -0.064962 533 0.026650
46 -0.055898 489 0.024450
47 -0.046834 573 0.028650
48 -0.037771 686 0.034300
49 -0.028707 735 0.036750
50 -0.019643 895 0.044750
51 -0.010579 2260 0.113000
52 -0.001515 3614 0.180700
53 0.007548 873 0.043650
54 0.016612 827 0.041350
55 0.025676 710 0.035500
56 0.034740 620 0.031000
57 0.043803 521 0.026050
58 0.052867 498 0.024900
59 0.061931 523 0.026150
60 0.070995 469 0.023450
61 0.080059 319 0.015950
62 0.089122 221 0.011050
63 0.098186 201 0.010050
64 0.107250 217 0.010850
65 0.116314 251 0.012550
66 0.125377 199 0.009950
67 0.134441 151 0.007550
68 0.143505 112 0.005600
69 0.152569 97 0.004850
70 0.161633 70 0.003500
71 0.170696 62 0.003100
72 0.179760 29 0.001450
73 0.188824 12 0.000600
74 0.197888 7 0.000350
75 0.206951 2 0.000100
76 0.216015 9 0.000450
77 0.225079 4 0.000200
78 0.234143 4 0.000200
79 0.243207 3 0.000150
80 0.252270 2 0.000100
81 0.261334 2 0.000100
82 0.270398 4 0.000200
83 0.279462 1 0.000050
84 0.288525 4 0.000200
85 0.297589 3 0.000150
86 0.306653 0 0.000000
87 0.315717 2 0.000100
88 0.324781 1 0.000050
89 0.333844 1 0.000050
90 0.342908 0 0.000000
91 0.351972 0 0.000000
92 0.361036 0 0.000000
93 0.370100 0 0.000000
94 0.379163 0 0.000000
95 0.388227 1 0.000050
96 0.397291 0 0.000000
97 0.406355 0 0.000000
98 0.415418 0 0.000000
99 0.424482 1 0.000050
