0 -0.114289 1 0.000050
1 -0.112638 1 0.000050
2 -0.110988 0 0.000000
3 -0.109338 0 0.000000
4 -0.107687 0 0.000000
5 -0.106037 0 0.000000
6 -0.104387 0 0.000000
7 -0.102737 0 0.000000
8 -0.101086 0 0.000000
9 -0.099436 0 0.000000
10 -0.097786 0 0.000000
11 -0.096135 0 0.000000
12 -0.094485 0 0.000000
13 -0.092835 0 0.000000
14 -0.091184 0 0.000000
15 -0.089534 0 0.000000
16 -0.087884 1 0.000050
17 -0.086233 0 0.000000
18 -0.084583 2 0.000100
19 -0.082933 0 0.000000
20 -0.081283 0 0.000000
21 -0.079632 0 0.000000
22 -0.077982 0 0.000000
23 -0.076332 0 0.000000
24 -0.074681 0 0.000000
25 -0.073031 0 0.000000
26 -0.071381 0 0.000000
27 -0.069730 0 0.000000
28 -0.068080 0 0.000000
29 -0.066430 0 0.000000
30 -0.064780 0 0.000000
31 -0.063129 0 0.000000
32 -0.061479 0 0.000000
33 -0.059829 0 0.000000
34 -0.058178 0 0.000000
35 -0.056528 0 0.000000
36 -0.054878 0 0.000000
37 -0.053227 0 0.000000
38 -0.051577 0 0.000000
39 -0.049927 0 0.000000
40 -0.048276 0 0.000000
41 -0.046626 0 0.000000
42 -0.044976 0 0.000000
43 -0.043326 2 0.000100
44 -0.041675 0 0.000000
45 -0.040025 1 0.000050
46 -0.038375 1 0.000050
47 -0.036724 3 0.000150
48 -0.035074 2 0.000100
49 -0.033424 3 0.000150
50 -0.031773 3 0.000150
51 -0.030123 7 0.000350
52 -0.028473 18 0.000900
53 -0.026822 15 0.000750
54 -0.025172 16 0.000800
55 -0.023522 36 0.001800
56 -0.021872 46 0.002300
57 -0.020221 76 0.003800
58 -0.018571 89 0.004450
59 -0.016921 96 0.004800
60 -0.015270 163 0.008150
61 -0.013620 234 0.011700
62 -0.011970 276 0.013800
63 -0.010319 366 0.018300
64 -0.008669 709 0.035450
65 -0.007019 1335 0.066750
66 -0.005368 2764 0.138200
67 -0.003718 4461 0.223050
68 -0.002068 3997 0.199850
69 -0.000418 2221 0.111050
70 0.001233 1129 0.056450
71 0.002883 566 0.028300
72 0.004533 418 0.020900
73 0.006184 262 0.013100
74 0.007834 168 0.008400
75 0.009484 121 0.006050
76 0.011135 88 0.004400
77 0.012785 72 0.003600
78 0.014435 37 0.001850
79 0.016086 33 0.001650
80 0.017736 43 0.002150
81 0.019386 15 0.000750
82 0.021036 29 0.001450
83 0.022687 10 0.000500
84 0.024337 17 0.000850
85 0.025987 7 0.000350
86 0.027638 7 0.000350
87 0.029288 12 0.000600
88 0.030938 11 0.000550
89 0.032589 1 0.000050
90 0.034239 1 0.000050
91 0.035889 1 0.000050
92 0.037540 2 0.000100
93 0.039190 1 0.000050
94 0.040840 0 0.000000
95 0.042490 0 0.000000
96 0.044141 1 0.000050
97 0.045791 1 0.000050
98 0.047441 1 0.000050
99 0.049092 1 0.000050
