0 0.000000 52049 0.867483
1 0.002258 2223 0.037050
2 0.004517 1705 0.028417
3 0.006775 873 0.014550
4 0.009033 516 0.008600
5 0.011291 430 0.007167
6 0.013550 495 0.008250
7 0.015808 434 0.007233
8 0.018066 325 0.005417
9 0.020325 211 0.003517
10 0.022583 202 0.003367
11 0.024841 138 0.002300
12 0.027099 111 0.001850
13 0.029358 93 0.001550
14 0.031616 44 0.000733
15 0.033874 37 0.000617
16 0.036133 13 0.000217
17 0.038391 17 0.000283
18 0.040649 11 0.000183
19 0.042907 3 0.000050
20 0.045166 3 0.000050
21 0.047424 4 0.000067
22 0.049682 7 0.000117
23 0.051941 2 0.000033
24 0.054199 2 0.000033
25 0.056457 5 0.000083
26 0.058715 3 0.000050
27 0.060974 2 0.000033
28 0.063232 0 0.000000
29 0.065490 3 0.000050
30 0.067749 2 0.000033
31 0.070007 1 0.000017
32 0.072265 3 0.000050
33 0.074523 5 0.000083
34 0.076782 4 0.000067
35 0.079040 2 0.000033
36 0.081298 0 0.000000
37 0.083557 4 0.000067
38 0.085815 1 0.000017
39 0.088073 3 0.000050
40 0.090331 1 0.000017
41 0.092590 0 0.000000
42 0.094848 0 0.000000
43 0.097106 0 0.000000
44 0.099365 0 0.000000
45 0.101623 2 0.000033
46 0.103881 0 0.000000
47 0.106139 0 0.000000
48 0.108398 1 0.000017
49 0.110656 0 0.000000
50 0.112914 0 0.000000
51 0.115173 1 0.000017
52 0.117431 0 0.000000
53 0.119689 2 0.000033
54 0.121947 0 0.000000
55 0.124206 0 0.000000
56 0.126464 0 0.000000
57 0.128722 0 0.000000
58 0.130981 0 0.000000
59 0.133239 0 0.000000
60 0.135497 0 0.000000
61 0.137755 0 0.000000
62 0.140014 0 0.000000
63 0.142272 0 0.000000
64 0.144530 1 0.000017
65 0.146789 0 0.000000
66 0.149047 0 0.000000
67 0.151305 2 0.000033
68 0.153563 0 0.000000
69 0.155822 0 0.000000
70 0.158080 0 0.000000
71 0.160338 0 0.000000
72 0.162597 0 0.000000
73 0.164855 0 0.000000
74 0.167113 1 0.000017
75 0.169371 0 0.000000
76 0.171630 0 0.000000
77 0.173888 0 0.000000
78 0.176146 0 0.000000
79 0.178405 1 0.000017
80 0.180663 0 0.000000
81 0.182921 0 0.000000
82 0.185179 0 0.000000
83 0.187438 0 0.000000
84 0.189696 0 0.000000
85 0.191954 0 0.000000
86 0.194213 0 0.000000
87 0.196471 0 0.000000
88 0.198729 0 0.000000
89 0.200987 0 0.000000
90 0.203246 0 0.000000
91 0.205504 1 0.000017
92 0.207762 0 0.000000
93 0.210020 0 0.000000
94 0.212279 0 0.000000
95 0.214537 0 0.000000
96 0.216795 0 0.000000
97 0.219054 0 0.000000
98 0.221312 0 0.000000
99 0.223570 1 0.000017
