0 0.012499 5 0.000250
1 0.022236 4 0.000200
2 0.031973 3 0.000150
3 0.041710 6 0.000300
4 0.051447 8 0.000400
5 0.061183 9 0.000450
6 0.070920 9 0.000450
7 0.080657 18 0.000900
8 0.090394 9 0.000450
9 0.100131 7 0.000350
10 0.109868 6 0.000300
11 0.119604 4 0.000200
12 0.129341 8 0.000400
13 0.139078 13 0.000650
14 0.148815 20 0.001000
15 0.158552 16 0.000800
16 0.168289 15 0.000750
17 0.178025 25 0.001250
18 0.187762 24 0.001200
19 0.197499 20 0.001000
20 0.207236 35 0.001750
21 0.216973 29 0.001450
22 0.226710 33 0.001650
23 0.236446 32 0.001600
24 0.246183 42 0.002100
25 0.255920 41 0.002050
26 0.265657 40 0.002000
27 0.275394 56 0.002800
28 0.285131 66 0.003300
29 0.294867 69 0.003450
30 0.304604 58 0.002900
31 0.314341 78 0.003900
32 0.324078 100 0.005000
33 0.333815 73 0.003650
34 0.343552 98 0.004900
35 0.353288 73 0.003650
36 0.363025 150 0.007500
37 0.372762 104 0.005200
38 0.382499 155 0.007750
39 0.392236 169 0.008450
40 0.401973 221 0.011050
41 0.411709 236 0.011800
42 0.421446 275 0.013750
43 0.431183 335 0.016750
44 0.440920 394 0.019700
45 0.450657 544 0.027200
46 0.460394 764 0.038200
47 0.470130 959 0.047950
48 0.479867 1517 0.075850
49 0.489604 2921 0.146050
50 0.499341 2965 0.148250
51 0.509078 1678 0.083900
52 0.518815 981 0.049050
53 0.528551 697 0.034850
54 0.538288 468 0.023400
55 0.548025 358 0.017900
56 0.557762 375 0.018750
57 0.567499 332 0.016600
58 0.577236 309 0.015450
59 0.586972 216 0.010800
60 0.596709 159 0.007950
61 0.606446 153 0.007650
62 0.616183 133 0.006650
63 0.625920 107 0.005350
64 0.635657 104 0.005200
65 0.645393 100 0.005000
66 0.655130 99 0.004950
67 0.664867 103 0.005150
68 0.674604 92 0.004600
69 0.684341 75 0.003750
70 0.694078 66 0.003300
71 0.703814 43 0.002150
72 0.713551 46 0.002300
73 0.723288 24 0.001200
74 0.733025 26 0.001300
75 0.742762 40 0.002000
76 0.752499 33 0.001650
77 0.762235 32 0.001600
78 0.771972 30 0.001500
79 0.781709 27 0.001350
80 0.791446 22 0.001100
81 0.801183 19 0.000950
82 0.810920 21 0.001050
83 0.820656 20 0.001000
84 0.830393 21 0.001050
85 0.840130 17 0.000850
86 0.849867 15 0.000750
87 0.859604 11 0.000550
88 0.869341 4 0.000200
89 0.879077 10 0.000500
90 0.888814 8 0.000400
91 0.898551 8 0.000400
92 0.908288 8 0.000400
93 0.918025 9 0.000450
94 0.927762 20 0.001000
95 0.937498 5 0.000250
96 0.947235 5 0.000250
97 0.956972 4 0.000200
98 0.966709 5 0.000250
99 0.976446 1 0.000050
