0 -0.001325 2 0.000033
1 0.008776 6 0.000100
2 0.018878 9 0.000150
3 0.028980 13 0.000217
4 0.039082 7 0.000117
5 0.049184 10 0.000167
6 0.059286 13 0.000217
7 0.069388 13 0.000217
8 0.079490 16 0.000267
9 0.089592 10 0.000167
10 0.099693 19 0.000317
11 0.109795 18 0.000300
12 0.119897 9 0.000150
13 0.129999 7 0.000117
14 0.140101 13 0.000217
15 0.150203 25 0.000417
16 0.160305 26 0.000433
17 0.170407 20 0.000333
18 0.180509 23 0.000383
19 0.190610 32 0.000533
20 0.200712 27 0.000450
21 0.210814 29 0.000483
22 0.220916 37 0.000617
23 0.231018 52 0.000867
24 0.241120 42 0.000700
25 0.251222 58 0.000967
26 0.261324 62 0.001033
27 0.271426 112 0.001867
28 0.281527 97 0.001617
29 0.291629 87 0.001450
30 0.301731 100 0.001667
31 0.311833 202 0.003367
32 0.321935 252 0.004200
33 0.332037 267 0.004450
34 0.342139 135 0.002250
35 0.352241 151 0.002517
36 0.362343 134 0.002233
37 0.372444 138 0.002300
38 0.382546 184 0.003067
39 0.392648 207 0.003450
40 0.402750 214 0.003567
41 0.412852 298 0.004967
42 0.422954 310 0.005167
43 0.433056 437 0.007283
44 0.443158 571 0.009517
45 0.453260 787 0.013117
46 0.463361 1225 0.020417
47 0.473463 1801 0.030017
48 0.483565 3479 0.057983
49 0.493667 10563 0.176050
50 0.503769 9045 0.150750
51 0.513871 3548 0.059133
52 0.523973 1842 0.030700
53 0.534075 1249 0.020817
54 0.544177 906 0.015100
55 0.554278 882 0.014700
56 0.564380 924 0.015400
57 0.574482 1496 0.024933
58 0.584584 2464 0.041067
59 0.594686 2583 0.043050
60 0.604788 1540 0.025667
61 0.614890 1138 0.018967
62 0.624992 924 0.015400
63 0.635094 514 0.008567
64 0.645195 466 0.007767
65 0.655297 397 0.006617
66 0.665399 372 0.006200
67 0.675501 349 0.005817
68 0.685603 223 0.003717
69 0.695705 247 0.004117
70 0.705807 202 0.003367
71 0.715909 223 0.003717
72 0.726011 211 0.003517
73 0.736112 175 0.002917
74 0.746214 182 0.003033
75 0.756316 202 0.003367
76 0.766418 196 0.003267
77 0.776520 245 0.004083
78 0.786622 201 0.003350
79 0.796724 190 0.003167
80 0.806826 176 0.002933
81 0.816928 215 0.003583
82 0.827029 254 0.004233
83 0.837131 233 0.003883
84 0.847233 336 0.005600
85 0.857335 352 0.005867
86 0.867437 437 0.007283
87 0.877539 482 0.008033
88 0.887641 330 0.005500
89 0.897743 269 0.004483
90 0.907845 221 0.003683
91 0.917946 292 0.004867
92 0.928048 305 0.005083
93 0.938150 355 0.005917
94 0.948252 107 0.001783
95 0.958354 52 0.000867
96 0.968456 51 0.000850
97 0.978558 34 0.000567
98 0.988660 13 0.000217
99 0.998762 1 0.000017
