0 0.014639 9 0.000450
1 0.024579 8 0.000400
2 0.034520 4 0.000200
3 0.044461 5 0.000250
4 0.054401 4 0.000200
5 0.064342 7 0.000350
6 0.074283 4 0.000200
7 0.084223 3 0.000150
8 0.094164 3 0.000150
9 0.104104 3 0.000150
10 0.114045 2 0.000100
11 0.123986 3 0.000150
12 0.133926 0 0.000000
13 0.143867 3 0.000150
14 0.153808 3 0.000150
15 0.163748 4 0.000200
16 0.173689 4 0.000200
17 0.183630 3 0.000150
18 0.193570 1 0.000050
19 0.203511 0 0.000000
20 0.213451 0 0.000000
21 0.223392 5 0.000250
22 0.233333 21 0.001050
23 0.243273 11 0.000550
24 0.253214 11 0.000550
25 0.263155 34 0.001700
26 0.273095 53 0.002650
27 0.283036 30 0.001500
28 0.292977 20 0.001000
29 0.302917 46 0.002300
30 0.312858 125 0.006250
31 0.322798 183 0.009150
32 0.332739 146 0.007300
33 0.342680 43 0.002150
34 0.352620 50 0.002500
35 0.362561 14 0.000700
36 0.372502 19 0.000950
37 0.382442 12 0.000600
38 0.392383 27 0.001350
39 0.402323 16 0.000800
40 0.412264 27 0.001350
41 0.422205 31 0.001550
42 0.432145 25 0.001250
43 0.442086 34 0.001700
44 0.452027 56 0.002800
45 0.461967 57 0.002850
46 0.471908 38 0.001900
47 0.481849 76 0.003800
48 0.491789 132 0.006600
49 0.501730 145 0.007250
50 0.511670 106 0.005300
51 0.521611 145 0.007250
52 0.531552 237 0.011850
53 0.541492 264 0.013200
54 0.551433 352 0.017600
55 0.561374 419 0.020950
56 0.571314 684 0.034200
57 0.581255 1883 0.094150
58 0.591196 2530 0.126500
59 0.601136 1638 0.081900
60 0.611077 1137 0.056850
61 0.621017 873 0.043650
62 0.630958 532 0.026600
63 0.640899 379 0.018950
64 0.650839 314 0.015700
65 0.660780 263 0.013150
66 0.670721 243 0.012150
67 0.680661 185 0.009250
68 0.690602 168 0.008400
69 0.700543 167 0.008350
70 0.710483 151 0.007550
71 0.720424 184 0.009200
72 0.730364 166 0.008300
73 0.740305 142 0.007100
74 0.750246 161 0.008050
75 0.760186 148 0.007400
76 0.770127 182 0.009100
77 0.780068 209 0.010450
78 0.790008 177 0.008850
79 0.799949 128 0.006400
80 0.809889 156 0.007800
81 0.819830 202 0.010100
82 0.829771 241 0.012050
83 0.839711 243 0.012150
84 0.849652 286 0.014300
85 0.859593 379 0.018950
86 0.869533 447 0.022350
87 0.879474 452 0.022600
88 0.889415 285 0.014250
89 0.899355 250 0.012500
90 0.909296 192 0.009600
91 0.919236 307 0.015350
92 0.929177 289 0.014450
93 0.939118 307 0.015350
94 0.949058 99 0.004950
95 0.958999 43 0.002150
96 0.968940 50 0.002500
97 0.978880 31 0.001550
98 0.988821 13 0.000650
99 0.998761 1 0.000050
