0 0.000000 1 0.000017
1 0.010077 7 0.000117
2 0.020155 12 0.000200
3 0.030232 9 0.000150
4 0.040309 10 0.000167
5 0.050387 13 0.000217
6 0.060464 14 0.000233
7 0.070541 9 0.000150
8 0.080618 21 0.000350
9 0.090696 16 0.000267
10 0.100773 17 0.000283
11 0.110850 8 0.000133
12 0.120928 7 0.000117
13 0.131005 15 0.000250
14 0.141082 15 0.000250
15 0.151160 22 0.000367
16 0.161237 17 0.000283
17 0.171314 35 0.000583
18 0.181392 25 0.000417
19 0.191469 21 0.000350
20 0.201546 33 0.000550
21 0.211623 46 0.000767
22 0.221701 42 0.000700
23 0.231778 38 0.000633
24 0.241855 46 0.000767
25 0.251933 76 0.001267
26 0.262010 71 0.001183
27 0.272087 86 0.001433
28 0.282165 121 0.002017
29 0.292242 106 0.001767
30 0.302319 123 0.002050
31 0.312397 261 0.004350
32 0.322474 312 0.005200
33 0.332551 327 0.005450
34 0.342629 276 0.004600
35 0.352706 267 0.004450
36 0.362783 369 0.006150
37 0.372860 453 0.007550
38 0.382938 407 0.006783
39 0.393015 383 0.006383
40 0.403092 556 0.009267
41 0.413170 703 0.011717
42 0.423247 1377 0.022950
43 0.433324 901 0.015017
44 0.443402 896 0.014933
45 0.453479 1281 0.021350
46 0.463556 1786 0.029767
47 0.473634 2016 0.033600
48 0.483711 2903 0.048383
49 0.493788 8073 0.134550
50 0.503865 3656 0.060933
51 0.513943 2262 0.037700
52 0.524020 2237 0.037283
53 0.534097 1464 0.024400
54 0.544175 1273 0.021217
55 0.554252 1338 0.022300
56 0.564329 1648 0.027467
57 0.574407 2252 0.037533
58 0.584484 2860 0.047667
59 0.594561 2728 0.045467
60 0.604639 1574 0.026233
61 0.614716 1372 0.022867
62 0.624793 1226 0.020433
63 0.634870 630 0.010500
64 0.644948 505 0.008417
65 0.655025 488 0.008133
66 0.665102 434 0.007233
67 0.675180 371 0.006183
68 0.685257 286 0.004767
69 0.695334 247 0.004117
70 0.705412 252 0.004200
71 0.715489 208 0.003467
72 0.725566 180 0.003000
73 0.735644 190 0.003167
74 0.745721 196 0.003267
75 0.755798 220 0.003667
76 0.765875 239 0.003983
77 0.775953 201 0.003350
78 0.786030 226 0.003767
79 0.796107 158 0.002633
80 0.806185 193 0.003217
81 0.816262 215 0.003583
82 0.826339 324 0.005400
83 0.836417 280 0.004667
84 0.846494 277 0.004617
85 0.856571 425 0.007083
86 0.866649 501 0.008350
87 0.876726 435 0.007250
88 0.886803 271 0.004517
89 0.896881 291 0.004850
90 0.906958 218 0.003633
91 0.917035 331 0.005517
92 0.927112 276 0.004600
93 0.937190 183 0.003050
94 0.947267 96 0.001600
95 0.957344 45 0.000750
96 0.967422 48 0.000800
97 0.977499 30 0.000500
98 0.987576 10 0.000167
99 0.997654 1 0.000017
