0 -0.001325 2 0.000100
1 0.008668 1 0.000050
2 0.018662 1 0.000050
3 0.028656 5 0.000250
4 0.038650 4 0.000200
5 0.048643 5 0.000250
6 0.058637 8 0.000400
7 0.068631 8 0.000400
8 0.078625 10 0.000500
9 0.088619 10 0.000500
10 0.098612 13 0.000650
11 0.108606 14 0.000700
12 0.118600 8 0.000400
13 0.128594 7 0.000350
14 0.138588 8 0.000400
15 0.148581 21 0.001050
16 0.158575 25 0.001250
17 0.168569 12 0.000600
18 0.178563 22 0.001100
19 0.188557 32 0.001600
20 0.198550 20 0.001000
21 0.208544 33 0.001650
22 0.218538 29 0.001450
23 0.228532 36 0.001800
24 0.238526 31 0.001550
25 0.248519 37 0.001850
26 0.258513 35 0.001750
27 0.268507 53 0.002650
28 0.278501 64 0.003200
29 0.288495 70 0.003500
30 0.298488 54 0.002700
31 0.308482 64 0.003200
32 0.318476 84 0.004200
33 0.328470 96 0.004800
34 0.338464 101 0.005050
35 0.348457 82 0.004100
36 0.358451 121 0.006050
37 0.368445 115 0.005750
38 0.378439 156 0.007800
39 0.388433 167 0.008350
40 0.398426 182 0.009100
41 0.408420 243 0.012150
42 0.418414 240 0.012000
43 0.428408 331 0.016550
44 0.438401 396 0.019800
45 0.448395 463 0.023150
46 0.458389 664 0.033200
47 0.468383 858 0.042900
48 0.478377 1309 0.065450
49 0.488370 2524 0.126200
50 0.498364 3286 0.164300
51 0.508358 1905 0.095250
52 0.518352 1140 0.057000
53 0.528346 815 0.040750
54 0.538339 540 0.027000
55 0.548333 381 0.019050
56 0.558327 364 0.018200
57 0.568321 395 0.019750
58 0.578315 353 0.017650
59 0.588308 193 0.009650
60 0.598302 172 0.008600
61 0.608296 160 0.008000
62 0.618290 138 0.006900
63 0.628284 98 0.004900
64 0.638277 99 0.004950
65 0.648271 100 0.005000
66 0.658265 104 0.005200
67 0.668259 123 0.006150
68 0.678253 112 0.005600
69 0.688246 52 0.002600
70 0.698240 59 0.002950
71 0.708234 59 0.002950
72 0.718228 38 0.001900
73 0.728221 31 0.001550
74 0.738215 22 0.001100
75 0.748209 28 0.001400
76 0.758203 37 0.001850
77 0.768197 23 0.001150
78 0.778190 41 0.002050
79 0.788184 22 0.001100
80 0.798178 32 0.001600
81 0.808172 27 0.001350
82 0.818166 18 0.000900
83 0.828159 19 0.000950
84 0.838153 12 0.000600
85 0.848147 20 0.001000
86 0.858141 10 0.000500
87 0.868135 13 0.000650
88 0.878128 10 0.000500
89 0.888122 7 0.000350
90 0.898116 12 0.000600
91 0.908110 11 0.000550
92 0.918104 8 0.000400
93 0.928097 11 0.000550
94 0.938091 10 0.000500
95 0.948085 8 0.000400
96 0.958079 4 0.000200
97 0.968073 2 0.000100
98 0.978066 1 0.000050
99 0.988060 1 0.000050
