0 0.014398 6 0.000300
1 0.024330 6 0.000300
2 0.034262 5 0.000250
3 0.044194 6 0.000300
4 0.054126 2 0.000100
5 0.064058 4 0.000200
6 0.073990 0 0.000000
7 0.083922 3 0.000150
8 0.093853 11 0.000550
9 0.103785 3 0.000150
10 0.113717 3 0.000150
11 0.123649 3 0.000150
12 0.133581 3 0.000150
13 0.143513 1 0.000050
14 0.153445 4 0.000200
15 0.163377 4 0.000200
16 0.173308 3 0.000150
17 0.183240 3 0.000150
18 0.193172 3 0.000150
19 0.203104 0 0.000000
20 0.213036 3 0.000150
21 0.222968 3 0.000150
22 0.232900 5 0.000250
23 0.242831 16 0.000800
24 0.252763 30 0.001500
25 0.262695 29 0.001450
26 0.272627 38 0.001900
27 0.282559 42 0.002100
28 0.292491 26 0.001300
29 0.302423 32 0.001600
30 0.312355 136 0.006800
31 0.322286 114 0.005700
32 0.332218 174 0.008700
33 0.342150 99 0.004950
34 0.352082 31 0.001550
35 0.362014 18 0.000900
36 0.371946 12 0.000600
37 0.381878 16 0.000800
38 0.391810 18 0.000900
39 0.401741 28 0.001400
40 0.411673 34 0.001700
41 0.421605 26 0.001300
42 0.431537 18 0.000900
43 0.441469 54 0.002700
44 0.451401 46 0.002300
45 0.461333 51 0.002550
46 0.471265 65 0.003250
47 0.481196 85 0.004250
48 0.491128 126 0.006300
49 0.501060 124 0.006200
50 0.510992 134 0.006700
51 0.520924 170 0.008500
52 0.530856 246 0.012300
53 0.540788 263 0.013150
54 0.550719 390 0.019500
55 0.560651 476 0.023800
56 0.570583 918 0.045900
57 0.580515 1925 0.096250
58 0.590447 2613 0.130650
59 0.600379 1403 0.070150
60 0.610311 996 0.049800
61 0.620243 908 0.045400
62 0.630174 476 0.023800
63 0.640106 361 0.018050
64 0.650038 298 0.014900
65 0.659970 249 0.012450
66 0.669902 212 0.010600
67 0.679834 191 0.009550
68 0.689766 165 0.008250
69 0.699698 161 0.008050
70 0.709629 166 0.008300
71 0.719561 167 0.008350
72 0.729493 152 0.007600
73 0.739425 182 0.009100
74 0.749357 143 0.007150
75 0.759289 193 0.009650
76 0.769221 192 0.009600
77 0.779153 163 0.008150
78 0.789084 181 0.009050
79 0.799016 139 0.006950
80 0.808948 167 0.008350
81 0.818880 232 0.011600
82 0.828812 275 0.013750
83 0.838744 261 0.013050
84 0.848676 274 0.013700
85 0.858607 439 0.021950
86 0.868539 455 0.022750
87 0.878471 407 0.020350
88 0.888403 257 0.012850
89 0.898335 267 0.013350
90 0.908267 220 0.011000
91 0.918199 319 0.015950
92 0.928131 241 0.012050
93 0.938062 178 0.008900
94 0.947994 80 0.004000
95 0.957926 41 0.002050
96 0.967858 41 0.002050
97 0.977790 30 0.001500
98 0.987722 10 0.000500
99 0.997654 1 0.000050
