0 0.000000 1 0.000050
1 0.009131 0 0.000000
2 0.018261 0 0.000000
3 0.027392 1 0.000050
4 0.036522 0 0.000000
5 0.045653 0 0.000000
6 0.054784 0 0.000000
7 0.063914 0 0.000000
8 0.073045 0 0.000000
9 0.082175 0 0.000000
10 0.091306 0 0.000000
11 0.100437 1 0.000050
12 0.109567 0 0.000000
13 0.118698 1 0.000050
14 0.127829 1 0.000050
15 0.136959 0 0.000000
16 0.146090 0 0.000000
17 0.155220 0 0.000000
18 0.164351 0 0.000000
19 0.173482 0 0.000000
20 0.182612 0 0.000000
21 0.191743 0 0.000000
22 0.200873 2 0.000100
23 0.210004 5 0.000250
24 0.219135 11 0.000550
25 0.228265 1 0.000050
26 0.237396 0 0.000000
27 0.246526 0 0.000000
28 0.255657 0 0.000000
29 0.264788 1 0.000050
30 0.273918 1 0.000050
31 0.283049 3 0.000150
32 0.292180 5 0.000250
33 0.301310 29 0.001450
34 0.310441 28 0.001400
35 0.319571 74 0.003700
36 0.328702 81 0.004050
37 0.337833 61 0.003050
38 0.346963 82 0.004100
39 0.356094 177 0.008850
40 0.365224 222 0.011100
41 0.374355 272 0.013600
42 0.383486 210 0.010500
43 0.392616 170 0.008500
44 0.401747 260 0.013000
45 0.410877 346 0.017300
46 0.420008 675 0.033750
47 0.429139 817 0.040850
48 0.438269 375 0.018750
49 0.447400 380 0.019000
50 0.456531 598 0.029900
51 0.465661 909 0.045450
52 0.474792 639 0.031950
53 0.483922 659 0.032950
54 0.493053 1172 0.058600
55 0.502184 4366 0.218300
56 0.511314 785 0.039250
57 0.520445 893 0.044650
58 0.529575 948 0.047400
59 0.538706 479 0.023950
60 0.547837 476 0.023800
61 0.556967 533 0.026650
62 0.566098 702 0.035100
63 0.575228 434 0.021700
64 0.584359 323 0.016150
65 0.593490 217 0.010850
66 0.602620 278 0.013900
67 0.611751 205 0.010250
68 0.620881 375 0.018750
69 0.630012 225 0.011250
70 0.639143 74 0.003700
71 0.648273 61 0.003050
72 0.657404 98 0.004900
73 0.666535 82 0.004100
74 0.675665 77 0.003850
75 0.684796 28 0.001400
76 0.693926 13 0.000650
77 0.703057 28 0.001400
78 0.712188 6 0.000300
79 0.721318 0 0.000000
80 0.730449 0 0.000000
81 0.739579 1 0.000050
82 0.748710 0 0.000000
83 0.757841 1 0.000050
84 0.766971 1 0.000050
85 0.776102 1 0.000050
86 0.785232 3 0.000150
87 0.794363 4 0.000200
88 0.803494 10 0.000500
89 0.812624 0 0.000000
90 0.821755 0 0.000000
91 0.830886 0 0.000000
92 0.840016 0 0.000000
93 0.849147 0 0.000000
94 0.858277 0 0.000000
95 0.867408 0 0.000000
96 0.876539 1 0.000050
97 0.885669 1 0.000050
98 0.894800 1 0.000050
99 0.903930 0 0.000000
