0 0.415671 3 0.000150
1 0.417535 0 0.000000
2 0.419400 0 0.000000
3 0.421265 1 0.000050
4 0.423130 1 0.000050
5 0.424994 0 0.000000
6 0.426859 2 0.000100
7 0.428724 2 0.000100
8 0.430589 1 0.000050
9 0.432453 4 0.000200
10 0.434318 8 0.000400
11 0.436183 3 0.000150
12 0.438048 13 0.000650
13 0.439912 6 0.000300
14 0.441777 34 0.001700
15 0.443642 18 0.000900
16 0.445507 14 0.000700
17 0.447371 16 0.000800
18 0.449236 15 0.000750
19 0.451101 34 0.001700
20 0.452966 27 0.001350
21 0.454830 22 0.001100
22 0.456695 24 0.001200
23 0.458560 24 0.001200
24 0.460425 35 0.001750
25 0.462289 35 0.001750
26 0.464154 57 0.002850
27 0.466019 73 0.003650
28 0.467883 94 0.004700
29 0.469748 91 0.004550
30 0.471613 94 0.004700
31 0.473478 82 0.004100
32 0.475342 90 0.004500
33 0.477207 118 0.005900
34 0.479072 157 0.007850
35 0.480937 155 0.007750
36 0.482801 178 0.008900
37 0.484666 161 0.008050
38 0.486531 187 0.009350
39 0.488396 288 0.014400
40 0.490260 392 0.019600
41 0.492125 580 0.029000
42 0.493990 750 0.037500
43 0.495855 795 0.039750
44 0.497719 1143 0.057150
45 0.499584 1731 0.086550
46 0.501449 2152 0.107600
47 0.503314 1811 0.090550
48 0.505178 1549 0.077450
49 0.507043 1152 0.057600
50 0.508908 986 0.049300
51 0.510773 824 0.041200
52 0.512637 644 0.032200
53 0.514502 494 0.024700
54 0.516367 374 0.018700
55 0.518232 402 0.020100
56 0.520096 277 0.013850
57 0.521961 224 0.011200
58 0.523826 220 0.011000
59 0.525691 172 0.008600
60 0.527555 149 0.007450
61 0.529420 102 0.005100
62 0.531285 78 0.003900
63 0.533150 80 0.004000
64 0.535014 65 0.003250
65 0.536879 50 0.002500
66 0.538744 69 0.003450
67 0.540609 71 0.003550
68 0.542473 66 0.003300
69 0.544338 50 0.002500
70 0.546203 48 0.002400
71 0.548067 44 0.002200
72 0.549932 19 0.000950
73 0.551797 24 0.001200
74 0.553662 28 0.001400
75 0.555526 39 0.001950
76 0.557391 23 0.001150
77 0.559256 34 0.001700
78 0.561121 14 0.000700
79 0.562985 12 0.000600
80 0.564850 10 0.000500
81 0.566715 8 0.000400
82 0.568580 6 0.000300
83 0.570444 1 0.000050
84 0.572309 6 0.000300
85 0.574174 3 0.000150
86 0.576039 4 0.000200
87 0.577903 7 0.000350
88 0.579768 6 0.000300
89 0.581633 15 0.000750
90 0.583498 8 0.000400
91 0.585362 4 0.000200
92 0.587227 7 0.000350
93 0.589092 4 0.000200
94 0.590957 1 0.000050
95 0.592821 4 0.000200
96 0.594686 0 0.000000
97 0.596551 0 0.000000
98 0.598416 1 0.000050
99 0.600280 1 0.000050
