0 -0.165570 4 0.000200
1 -0.161957 3 0.000150
2 -0.158343 1 0.000050
3 -0.154729 1 0.000050
4 -0.151115 5 0.000250
5 -0.147501 4 0.000200
6 -0.143887 7 0.000350
7 -0.140273 3 0.000150
8 -0.136659 7 0.000350
9 -0.133045 1 0.000050
10 -0.129431 3 0.000150
11 -0.125817 3 0.000150
12 -0.122203 2 0.000100
13 -0.118589 5 0.000250
14 -0.114975 6 0.000300
15 -0.111361 2 0.000100
16 -0.107747 0 0.000000
17 -0.104133 3 0.000150
18 -0.100519 3 0.000150
19 -0.096905 4 0.000200
20 -0.093291 6 0.000300
21 -0.089677 6 0.000300
22 -0.086063 10 0.000500
23 -0.082449 12 0.000600
24 -0.078835 4 0.000200
25 -0.075221 14 0.000700
26 -0.071607 25 0.001250
27 -0.067993 22 0.001100
28 -0.064379 28 0.001400
29 -0.060765 34 0.001700
30 -0.057151 23 0.001150
31 -0.053537 38 0.001900
32 -0.049923 54 0.002700
33 -0.046309 62 0.003100
34 -0.042695 86 0.004300
35 -0.039081 103 0.005150
36 -0.035467 145 0.007250
37 -0.031853 218 0.010900
38 -0.028239 365 0.018250
39 -0.024625 622 0.031100
40 -0.021011 1185 0.059250
41 -0.017397 2119 0.105950
42 -0.013783 4014 0.200700
43 -0.010169 5224 0.261200
44 -0.006555 2361 0.118050
45 -0.002941 1185 0.059250
46 0.000672 635 0.031750
47 0.004286 389 0.019450
48 0.007900 278 0.013900
49 0.011514 137 0.006850
50 0.015128 112 0.005600
51 0.018742 74 0.003700
52 0.022356 48 0.002400
53 0.025970 37 0.001850
54 0.029584 42 0.002100
55 0.033198 21 0.001050
56 0.036812 40 0.002000
57 0.040426 11 0.000550
58 0.044040 15 0.000750
59 0.047654 18 0.000900
60 0.051268 12 0.000600
61 0.054882 6 0.000300
62 0.058496 27 0.001350
63 0.062110 3 0.000150
64 0.065724 6 0.000300
65 0.069338 3 0.000150
66 0.072952 5 0.000250
67 0.076566 5 0.000250
68 0.080180 2 0.000100
69 0.083794 1 0.000050
70 0.087408 3 0.000150
71 0.091022 2 0.000100
72 0.094636 0 0.000000
73 0.098250 1 0.000050
74 0.101864 1 0.000050
75 0.105478 0 0.000000
76 0.109092 1 0.000050
77 0.112706 2 0.000100
78 0.116320 2 0.000100
79 0.119934 0 0.000000
80 0.123548 1 0.000050
81 0.127162 2 0.000100
82 0.130776 3 0.000150
83 0.134390 2 0.000100
84 0.138004 0 0.000000
85 0.141618 1 0.000050
86 0.145232 1 0.000050
87 0.148846 1 0.000050
88 0.152460 3 0.000150
89 0.156074 4 0.000200
90 0.159688 0 0.000000
91 0.163301 0 0.000000
92 0.166915 0 0.000000
93 0.170529 0 0.000000
94 0.174143 1 0.000050
95 0.177757 1 0.000050
96 0.181371 1 0.000050
97 0.184985 2 0.000100
98 0.188599 5 0.000250
99 0.192213 1 0.000050
