0 -0.166900 1 0.000050
1 -0.163749 1 0.000050
2 -0.160597 0 0.000000
3 -0.157446 0 0.000000
4 -0.154295 2 0.000100
5 -0.151143 1 0.000050
6 -0.147992 0 0.000000
7 -0.144841 0 0.000000
8 -0.141689 1 0.000050
9 -0.138538 0 0.000000
10 -0.135387 1 0.000050
11 -0.132235 1 0.000050
12 -0.129084 0 0.000000
13 -0.125933 3 0.000150
14 -0.122781 1 0.000050
15 -0.119630 2 0.000100
16 -0.116479 1 0.000050
17 -0.113327 2 0.000100
18 -0.110176 1 0.000050
19 -0.107025 2 0.000100
20 -0.103873 7 0.000350
21 -0.100722 2 0.000100
22 -0.097571 0 0.000000
23 -0.094419 3 0.000150
24 -0.091268 2 0.000100
25 -0.088117 8 0.000400
26 -0.084965 6 0.000300
27 -0.081814 3 0.000150
28 -0.078663 5 0.000250
29 -0.075511 6 0.000300
30 -0.072360 8 0.000400
31 -0.069208 18 0.000900
32 -0.066057 15 0.000750
33 -0.062906 14 0.000700
34 -0.059754 25 0.001250
35 -0.056603 19 0.000950
36 -0.053452 27 0.001350
37 -0.050300 33 0.001650
38 -0.047149 33 0.001650
39 -0.043998 53 0.002650
40 -0.040846 55 0.002750
41 -0.037695 81 0.004050
42 -0.034544 91 0.004550
43 -0.031392 132 0.006600
44 -0.028241 164 0.008200
45 -0.025090 251 0.012550
46 -0.021938 403 0.020150
47 -0.018787 627 0.031350
48 -0.015636 1001 0.050050
49 -0.012484 2101 0.105050
50 -0.009333 4740 0.237000
51 -0.006182 4720 0.236000
52 -0.003030 2136 0.106800
53 0.000121 1036 0.051800
54 0.003272 588 0.029400
55 0.006424 435 0.021750
56 0.009575 289 0.014450
57 0.012726 184 0.009200
58 0.015878 132 0.006600
59 0.019029 99 0.004950
60 0.022180 78 0.003900
61 0.025332 50 0.002500
62 0.028483 34 0.001700
63 0.031634 36 0.001800
64 0.034786 24 0.001200
65 0.037937 23 0.001150
66 0.041088 26 0.001300
67 0.044240 18 0.000900
68 0.047391 22 0.001100
69 0.050542 15 0.000750
70 0.053694 11 0.000550
71 0.056845 18 0.000900
72 0.059996 7 0.000350
73 0.063148 8 0.000400
74 0.066299 10 0.000500
75 0.069450 9 0.000450
76 0.072602 2 0.000100
77 0.075753 6 0.000300
78 0.078905 4 0.000200
79 0.082056 2 0.000100
80 0.085207 1 0.000050
81 0.088359 3 0.000150
82 0.091510 5 0.000250
83 0.094661 6 0.000300
84 0.097813 4 0.000200
85 0.100964 1 0.000050
86 0.104115 0 0.000000
87 0.107267 0 0.000000
88 0.110418 2 0.000100
89 0.113569 0 0.000000
90 0.116721 0 0.000000
91 0.119872 0 0.000000
92 0.123023 0 0.000000
93 0.126175 1 0.000050
94 0.129326 1 0.000050
95 0.132477 0 0.000000
96 0.135629 0 0.000000
97 0.138780 0 0.000000
98 0.141931 0 0.000000
99 0.145083 1 0.000050
