0 -0.480512 1 0.000050
1 -0.471779 0 0.000000
2 -0.463046 0 0.000000
3 -0.454313 0 0.000000
4 -0.445580 0 0.000000
5 -0.436847 0 0.000000
6 -0.428114 0 0.000000
7 -0.419381 1 0.000050
8 -0.410648 1 0.000050
9 -0.401915 0 0.000000
10 -0.393182 0 0.000000
11 -0.384449 0 0.000000
12 -0.375716 1 0.000050
13 -0.366983 0 0.000000
14 -0.358250 1 0.000050
15 -0.349517 2 0.000100
16 -0.340784 0 0.000000
17 -0.332052 1 0.000050
18 -0.323319 1 0.000050
19 -0.314586 1 0.000050
20 -0.305853 0 0.000000
21 -0.297120 3 0.000150
22 -0.288387 2 0.000100
23 -0.279654 3 0.000150
24 -0.270921 1 0.000050
25 -0.262188 1 0.000050
26 -0.253455 3 0.000150
27 -0.244722 2 0.000100
28 -0.235989 4 0.000200
29 -0.227256 2 0.000100
30 -0.218523 3 0.000150
31 -0.209790 15 0.000750
32 -0.201057 16 0.000800
33 -0.192324 29 0.001450
34 -0.183591 53 0.002650
35 -0.174858 83 0.004150
36 -0.166125 58 0.002900
37 -0.157392 96 0.004800
38 -0.148659 154 0.007700
39 -0.139927 232 0.011600
40 -0.131194 248 0.012400
41 -0.122461 144 0.007200
42 -0.113728 173 0.008650
43 -0.104995 223 0.011150
44 -0.096262 306 0.015300
45 -0.087529 669 0.033450
46 -0.078796 747 0.037350
47 -0.070063 515 0.025750
48 -0.061330 419 0.020950
49 -0.052597 507 0.025350
50 -0.043864 652 0.032600
51 -0.035131 667 0.033350
52 -0.026398 616 0.030800
53 -0.017665 1033 0.051650
54 -0.008932 4161 0.208050
55 -0.000199 1128 0.056400
56 0.008534 789 0.039450
57 0.017267 1005 0.050250
58 0.026000 843 0.042150
59 0.034733 462 0.023100
60 0.043465 418 0.020900
61 0.052198 494 0.024700
62 0.060931 591 0.029550
63 0.069664 382 0.019100
64 0.078397 216 0.010800
65 0.087130 223 0.011150
66 0.095863 165 0.008250
67 0.104596 223 0.011150
68 0.113329 328 0.016400
69 0.122062 303 0.015150
70 0.130795 118 0.005900
71 0.139528 97 0.004850
72 0.148261 123 0.006150
73 0.156994 101 0.005050
74 0.165727 67 0.003350
75 0.174460 26 0.001300
76 0.183193 11 0.000550
77 0.191926 8 0.000400
78 0.200659 4 0.000200
79 0.209392 3 0.000150
80 0.218125 1 0.000050
81 0.226858 2 0.000100
82 0.235591 1 0.000050
83 0.244323 0 0.000000
84 0.253056 0 0.000000
85 0.261789 2 0.000100
86 0.270522 1 0.000050
87 0.279255 0 0.000000
88 0.287988 1 0.000050
89 0.296721 2 0.000100
90 0.305454 5 0.000250
91 0.314187 4 0.000200
92 0.322920 2 0.000100
93 0.331653 0 0.000000
94 0.340386 0 0.000000
95 0.349119 0 0.000000
96 0.357852 0 0.000000
97 0.366585 0 0.000000
98 0.375318 1 0.000050
99 0.384051 0 0.000000
