0 -0.480512 1 0.000017
1 -0.471779 0 0.000000
2 -0.463046 0 0.000000
3 -0.454313 0 0.000000
4 -0.445580 0 0.000000
5 -0.436847 0 0.000000
6 -0.428114 0 0.000000
7 -0.419381 1 0.000017
8 -0.410648 1 0.000017
9 -0.401915 0 0.000000
10 -0.393182 0 0.000000
11 -0.384449 0 0.000000
12 -0.375716 1 0.000017
13 -0.366983 0 0.000000
14 -0.358250 1 0.000017
15 -0.349517 2 0.000033
16 -0.340784 0 0.000000
17 -0.332052 1 0.000017
18 -0.323319 1 0.000017
19 -0.314586 1 0.000017
20 -0.305853 0 0.000000
21 -0.297120 3 0.000050
22 -0.288387 2 0.000033
23 -0.279654 3 0.000050
24 -0.270921 1 0.000017
25 -0.262188 1 0.000017
26 -0.253455 3 0.000050
27 -0.244722 2 0.000033
28 -0.235989 4 0.000067
29 -0.227256 2 0.000033
30 -0.218523 3 0.000050
31 -0.209790 15 0.000250
32 -0.201057 16 0.000267
33 -0.192324 29 0.000483
34 -0.183591 53 0.000883
35 -0.174858 84 0.001400
36 -0.166125 66 0.001100
37 -0.157392 105 0.001750
38 -0.148659 167 0.002783
39 -0.139927 243 0.004050
40 -0.131194 259 0.004317
41 -0.122461 157 0.002617
42 -0.113728 182 0.003033
43 -0.104995 240 0.004000
44 -0.096262 327 0.005450
45 -0.087529 708 0.011800
46 -0.078796 791 0.013183
47 -0.070063 614 0.010233
48 -0.061330 547 0.009117
49 -0.052597 727 0.012117
50 -0.043864 1048 0.017467
51 -0.035131 1495 0.024917
52 -0.026398 3435 0.057250
53 -0.017665 13308 0.221800
54 -0.008932 21685 0.361417
55 -0.000199 4502 0.075033
56 0.008534 1875 0.031250
57 0.017267 1426 0.023767
58 0.026000 1039 0.017317
59 0.034733 588 0.009800
60 0.043465 513 0.008550
61 0.052198 569 0.009483
62 0.060931 628 0.010467
63 0.069664 407 0.006783
64 0.078397 230 0.003833
65 0.087130 241 0.004017
66 0.095863 174 0.002900
67 0.104596 226 0.003767
68 0.113329 332 0.005533
69 0.122062 307 0.005117
70 0.130795 124 0.002067
71 0.139528 100 0.001667
72 0.148261 128 0.002133
73 0.156994 104 0.001733
74 0.165727 67 0.001117
75 0.174460 29 0.000483
76 0.183193 18 0.000300
77 0.191926 9 0.000150
78 0.200659 4 0.000067
79 0.209392 3 0.000050
80 0.218125 1 0.000017
81 0.226858 2 0.000033
82 0.235591 1 0.000017
83 0.244323 0 0.000000
84 0.253056 0 0.000000
85 0.261789 2 0.000033
86 0.270522 1 0.000017
87 0.279255 0 0.000000
88 0.287988 1 0.000017
89 0.296721 2 0.000033
90 0.305454 5 0.000083
91 0.314187 4 0.000067
92 0.322920 2 0.000033
93 0.331653 0 0.000000
94 0.340386 0 0.000000
95 0.349119 0 0.000000
96 0.357852 0 0.000000
97 0.366585 0 0.000000
98 0.375318 1 0.000017
99 0.384051 0 0.000000
