0 0.000000 51070 0.851167
1 0.002332 2658 0.044300
2 0.004664 2090 0.034833
3 0.006997 911 0.015183
4 0.009329 537 0.008950
5 0.011661 521 0.008683
6 0.013993 600 0.010000
7 0.016326 431 0.007183
8 0.018658 289 0.004817
9 0.020990 232 0.003867
10 0.023322 174 0.002900
11 0.025655 127 0.002117
12 0.027987 126 0.002100
13 0.030319 60 0.001000
14 0.032651 41 0.000683
15 0.034984 36 0.000600
16 0.037316 16 0.000267
17 0.039648 14 0.000233
18 0.041980 10 0.000167
19 0.044313 4 0.000067
20 0.046645 0 0.000000
21 0.048977 3 0.000050
22 0.051309 3 0.000050
23 0.053641 4 0.000067
24 0.055974 1 0.000017
25 0.058306 3 0.000050
26 0.060638 0 0.000000
27 0.062970 1 0.000017
28 0.065303 0 0.000000
29 0.067635 2 0.000033
30 0.069967 2 0.000033
31 0.072299 0 0.000000
32 0.074632 2 0.000033
33 0.076964 3 0.000050
34 0.079296 0 0.000000
35 0.081628 5 0.000083
36 0.083961 0 0.000000
37 0.086293 0 0.000000
38 0.088625 1 0.000017
39 0.090957 1 0.000017
40 0.093290 0 0.000000
41 0.095622 6 0.000100
42 0.097954 3 0.000050
43 0.100286 0 0.000000
44 0.102618 2 0.000033
45 0.104951 2 0.000033
46 0.107283 1 0.000017
47 0.109615 0 0.000000
48 0.111947 0 0.000000
49 0.114280 1 0.000017
50 0.116612 1 0.000017
51 0.118944 0 0.000000
52 0.121276 0 0.000000
53 0.123609 0 0.000000
54 0.125941 1 0.000017
55 0.128273 0 0.000000
56 0.130605 0 0.000000
57 0.132938 1 0.000017
58 0.135270 0 0.000000
59 0.137602 0 0.000000
60 0.139934 0 0.000000
61 0.142267 0 0.000000
62 0.144599 0 0.000000
63 0.146931 1 0.000017
64 0.149263 0 0.000000
65 0.151595 0 0.000000
66 0.153928 0 0.000000
67 0.156260 0 0.000000
68 0.158592 0 0.000000
69 0.160924 0 0.000000
70 0.163257 1 0.000017
71 0.165589 0 0.000000
72 0.167921 0 0.000000
73 0.170253 0 0.000000
74 0.172586 1 0.000017
75 0.174918 0 0.000000
76 0.177250 0 0.000000
77 0.179582 0 0.000000
78 0.181915 0 0.000000
79 0.184247 0 0.000000
80 0.186579 0 0.000000
81 0.188911 0 0.000000
82 0.191244 0 0.000000
83 0.193576 0 0.000000
84 0.195908 0 0.000000
85 0.198240 0 0.000000
86 0.200572 0 0.000000
87 0.202905 0 0.000000
88 0.205237 0 0.000000
89 0.207569 0 0.000000
90 0.209901 0 0.000000
91 0.212234 0 0.000000
92 0.214566 0 0.000000
93 0.216898 0 0.000000
94 0.219230 0 0.000000
95 0.221563 0 0.000000
96 0.223895 0 0.000000
97 0.226227 0 0.000000
98 0.228559 0 0.000000
99 0.230892 1 0.000017
