0 0.151323 49 0.002450
1 0.160015 24 0.001200
2 0.168708 0 0.000000
3 0.177400 26 0.001300
4 0.186092 15 0.000750
5 0.194784 0 0.000000
6 0.203476 7 0.000350
7 0.212168 13 0.000650
8 0.220860 0 0.000000
9 0.229553 0 0.000000
10 0.238245 1 0.000050
11 0.246937 20 0.001000
12 0.255629 10 0.000500
13 0.264321 33 0.001650
14 0.273013 16 0.000800
15 0.281705 40 0.002000
16 0.290398 55 0.002750
17 0.299090 42 0.002100
18 0.307782 17 0.000850
19 0.316474 53 0.002650
20 0.325166 185 0.009250
21 0.333858 128 0.006400
22 0.342551 34 0.001700
23 0.351243 31 0.001550
24 0.359935 1 0.000050
25 0.368627 0 0.000000
26 0.377319 19 0.000950
27 0.386011 22 0.001100
28 0.394703 14 0.000700
29 0.403396 8 0.000400
30 0.412088 57 0.002850
31 0.420780 27 0.001350
32 0.429472 38 0.001900
33 0.438164 6 0.000300
34 0.446856 20 0.001000
35 0.455548 44 0.002200
36 0.464241 47 0.002350
37 0.472933 31 0.001550
38 0.481625 96 0.004800
39 0.490317 80 0.004000
40 0.499009 117 0.005850
41 0.507701 111 0.005550
42 0.516393 103 0.005150
43 0.525086 148 0.007400
44 0.533778 136 0.006800
45 0.542470 199 0.009950
46 0.551162 231 0.011550
47 0.559854 281 0.014050
48 0.568546 430 0.021500
49 0.577239 546 0.027300
50 0.585931 1330 0.066500
51 0.594623 2334 0.116700
52 0.603315 2148 0.107400
53 0.612007 1259 0.062950
54 0.620699 829 0.041450
55 0.629391 605 0.030250
56 0.638084 416 0.020800
57 0.646776 357 0.017850
58 0.655468 211 0.010550
59 0.664160 305 0.015250
60 0.672852 146 0.007300
61 0.681544 232 0.011600
62 0.690236 133 0.006650
63 0.698929 229 0.011450
64 0.707621 124 0.006200
65 0.716313 119 0.005950
66 0.725005 184 0.009200
67 0.733697 117 0.005850
68 0.742389 126 0.006300
69 0.751081 113 0.005650
70 0.759774 132 0.006600
71 0.768466 302 0.015100
72 0.777158 90 0.004500
73 0.785850 62 0.003100
74 0.794542 147 0.007350
75 0.803234 211 0.010550
76 0.811926 72 0.003600
77 0.820619 160 0.008000
78 0.829311 178 0.008900
79 0.838003 243 0.012150
80 0.846695 205 0.010250
81 0.855387 270 0.013500
82 0.864079 293 0.014650
83 0.872771 418 0.020900
84 0.881464 371 0.018550
85 0.890156 318 0.015900
86 0.898848 239 0.011950
87 0.907540 165 0.008250
88 0.916232 220 0.011000
89 0.924924 273 0.013650
90 0.933616 210 0.010500
91 0.942309 216 0.010800
92 0.951001 104 0.005200
93 0.959693 71 0.003550
94 0.968385 28 0.001400
95 0.977077 48 0.002400
96 0.985769 16 0.000800
97 0.994462 6 0.000300
98 1.003154 2 0.000100
99 1.011846 2 0.000100
