0 0.430677 6 0.000300
1 0.432646 0 0.000000
2 0.434615 0 0.000000
3 0.436584 0 0.000000
4 0.438553 11 0.000550
5 0.440522 0 0.000000
6 0.442491 0 0.000000
7 0.444460 7 0.000350
8 0.446429 16 0.000800
9 0.448398 0 0.000000
10 0.450366 20 0.001000
11 0.452335 16 0.000800
12 0.454304 36 0.001800
13 0.456273 51 0.002550
14 0.458242 23 0.001150
15 0.460211 36 0.001800
16 0.462180 33 0.001650
17 0.464149 35 0.001750
18 0.466118 57 0.002850
19 0.468087 43 0.002150
20 0.470056 57 0.002850
21 0.472025 37 0.001850
22 0.473994 57 0.002850
23 0.475963 57 0.002850
24 0.477931 81 0.004050
25 0.479900 92 0.004600
26 0.481869 84 0.004200
27 0.483838 103 0.005150
28 0.485807 134 0.006700
29 0.487776 193 0.009650
30 0.489745 218 0.010900
31 0.491714 357 0.017850
32 0.493683 427 0.021350
33 0.495652 508 0.025400
34 0.497621 650 0.032500
35 0.499590 1073 0.053650
36 0.501559 1661 0.083050
37 0.503527 2810 0.140500
38 0.505496 2926 0.146300
39 0.507465 2154 0.107700
40 0.509434 1632 0.081600
41 0.511403 995 0.049750
42 0.513372 582 0.029100
43 0.515341 445 0.022250
44 0.517310 360 0.018000
45 0.519279 254 0.012700
46 0.521248 216 0.010800
47 0.523217 182 0.009100
48 0.525186 135 0.006750
49 0.527155 143 0.007150
50 0.529124 75 0.003750
51 0.531092 78 0.003900
52 0.533061 77 0.003850
53 0.535030 92 0.004600
54 0.536999 63 0.003150
55 0.538968 33 0.001650
56 0.540937 46 0.002300
57 0.542906 35 0.001750
58 0.544875 38 0.001900
59 0.546844 59 0.002950
60 0.548813 30 0.001500
61 0.550782 78 0.003900
62 0.552751 28 0.001400
63 0.554720 19 0.000950
64 0.556688 30 0.001500
65 0.558657 36 0.001800
66 0.560626 17 0.000850
67 0.562595 3 0.000150
68 0.564564 10 0.000500
69 0.566533 20 0.001000
70 0.568502 7 0.000350
71 0.570471 16 0.000800
72 0.572440 12 0.000600
73 0.574409 15 0.000750
74 0.576378 5 0.000250
75 0.578347 11 0.000550
76 0.580316 0 0.000000
77 0.582285 16 0.000800
78 0.584253 15 0.000750
79 0.586222 0 0.000000
80 0.588191 2 0.000100
81 0.590160 7 0.000350
82 0.592129 0 0.000000
83 0.594098 0 0.000000
84 0.596067 0 0.000000
85 0.598036 2 0.000100
86 0.600005 2 0.000100
87 0.601974 0 0.000000
88 0.603943 4 0.000200
89 0.605912 5 0.000250
90 0.607881 0 0.000000
91 0.609850 0 0.000000
92 0.611818 0 0.000000
93 0.613787 0 0.000000
94 0.615756 0 0.000000
95 0.617725 0 0.000000
96 0.619694 0 0.000000
97 0.621663 0 0.000000
98 0.623632 0 0.000000
99 0.625601 1 0.000050
