0 0.027765 1 0.000017
1 0.037705 0 0.000000
2 0.047645 2 0.000033
3 0.057585 11 0.000183
4 0.067526 13 0.000217
5 0.077466 6 0.000100
6 0.087406 15 0.000250
7 0.097346 2 0.000033
8 0.107286 4 0.000067
9 0.117227 7 0.000117
10 0.127167 11 0.000183
11 0.137107 2 0.000033
12 0.147047 32 0.000533
13 0.156988 97 0.001617
14 0.166928 49 0.000817
15 0.176868 42 0.000700
16 0.186808 35 0.000583
17 0.196748 23 0.000383
18 0.206689 10 0.000167
19 0.216629 33 0.000550
20 0.226569 61 0.001017
21 0.236509 30 0.000500
22 0.246449 37 0.000617
23 0.256390 45 0.000750
24 0.266330 98 0.001633
25 0.276270 85 0.001417
26 0.286210 110 0.001833
27 0.296151 109 0.001817
28 0.306091 97 0.001617
29 0.316031 174 0.002900
30 0.325971 244 0.004067
31 0.335911 197 0.003283
32 0.345852 182 0.003033
33 0.355792 113 0.001883
34 0.365732 98 0.001633
35 0.375672 128 0.002133
36 0.385612 184 0.003067
37 0.395553 243 0.004050
38 0.405493 173 0.002883
39 0.415433 293 0.004883
40 0.425373 371 0.006183
41 0.435313 309 0.005150
42 0.445254 553 0.009217
43 0.455194 712 0.011867
44 0.465134 997 0.016617
45 0.475074 1305 0.021750
46 0.485015 2725 0.045417
47 0.494955 8762 0.146033
48 0.504895 12627 0.210450
49 0.514835 3317 0.055283
50 0.524775 1798 0.029967
51 0.534716 1273 0.021217
52 0.544656 970 0.016167
53 0.554596 789 0.013150
54 0.564536 883 0.014717
55 0.574476 859 0.014317
56 0.584417 1726 0.028767
57 0.594357 2809 0.046817
58 0.604297 2448 0.040800
59 0.614237 1398 0.023300
60 0.624178 948 0.015800
61 0.634118 690 0.011500
62 0.644058 497 0.008283
63 0.653998 349 0.005817
64 0.663938 436 0.007267
65 0.673879 254 0.004233
66 0.683819 356 0.005933
67 0.693759 261 0.004350
68 0.703699 223 0.003717
69 0.713639 190 0.003167
70 0.723580 238 0.003967
71 0.733520 157 0.002617
72 0.743460 157 0.002617
73 0.753400 200 0.003333
74 0.763340 261 0.004350
75 0.773281 252 0.004200
76 0.783221 100 0.001667
77 0.793161 153 0.002550
78 0.803101 253 0.004217
79 0.813042 117 0.001950
80 0.822982 207 0.003450
81 0.832922 262 0.004367
82 0.842862 232 0.003867
83 0.852802 364 0.006067
84 0.862743 337 0.005617
85 0.872683 467 0.007783
86 0.882623 414 0.006900
87 0.892563 379 0.006317
88 0.902503 185 0.003083
89 0.912444 279 0.004650
90 0.922384 287 0.004783
91 0.932324 264 0.004400
92 0.942264 228 0.003800
93 0.952205 116 0.001933
94 0.962145 67 0.001117
95 0.972085 57 0.000950
96 0.982025 26 0.000433
97 0.991965 0 0.000000
98 1.001906 8 0.000133
99 1.011846 2 0.000033
