0 0.012944 7 0.000117
1 0.022914 18 0.000300
2 0.032884 20 0.000333
3 0.042855 8 0.000133
4 0.052825 14 0.000233
5 0.062795 12 0.000200
6 0.072765 11 0.000183
7 0.082736 23 0.000383
8 0.092706 20 0.000333
9 0.102676 19 0.000317
10 0.112646 11 0.000183
11 0.122617 13 0.000217
12 0.132587 13 0.000217
13 0.142557 15 0.000250
14 0.152527 24 0.000400
15 0.162498 20 0.000333
16 0.172468 14 0.000233
17 0.182438 26 0.000433
18 0.192409 23 0.000383
19 0.202379 35 0.000583
20 0.212349 46 0.000767
21 0.222319 48 0.000800
22 0.232290 24 0.000400
23 0.242260 44 0.000733
24 0.252230 65 0.001083
25 0.262200 71 0.001183
26 0.272171 94 0.001567
27 0.282141 101 0.001683
28 0.292111 114 0.001900
29 0.302081 129 0.002150
30 0.312052 233 0.003883
31 0.322022 283 0.004717
32 0.331992 308 0.005133
33 0.341963 247 0.004117
34 0.351933 273 0.004550
35 0.361903 328 0.005467
36 0.371873 483 0.008050
37 0.381844 414 0.006900
38 0.391814 401 0.006683
39 0.401784 564 0.009400
40 0.411754 714 0.011900
41 0.421725 1274 0.021233
42 0.431695 1052 0.017533
43 0.441665 862 0.014367
44 0.451635 1179 0.019650
45 0.461606 1571 0.026183
46 0.471576 1956 0.032600
47 0.481546 2623 0.043717
48 0.491516 4399 0.073317
49 0.501487 7156 0.119267
50 0.511457 2454 0.040900
51 0.521427 2212 0.036867
52 0.531398 1901 0.031683
53 0.541368 1213 0.020217
54 0.551338 1328 0.022133
55 0.561308 1449 0.024150
56 0.571279 2026 0.033767
57 0.581249 2608 0.043467
58 0.591219 3367 0.056117
59 0.601189 1895 0.031583
60 0.611160 1232 0.020533
61 0.621130 1389 0.023150
62 0.631100 756 0.012600
63 0.641070 505 0.008417
64 0.651041 510 0.008500
65 0.661011 406 0.006767
66 0.670981 423 0.007050
67 0.680952 288 0.004800
68 0.690922 253 0.004217
69 0.700892 236 0.003933
70 0.710862 212 0.003533
71 0.720833 208 0.003467
72 0.730803 212 0.003533
73 0.740773 184 0.003067
74 0.750743 194 0.003233
75 0.760714 211 0.003517
76 0.770684 221 0.003683
77 0.780654 220 0.003667
78 0.790624 181 0.003017
79 0.800595 167 0.002783
80 0.810565 196 0.003267
81 0.820535 275 0.004583
82 0.830505 229 0.003817
83 0.840476 268 0.004467
84 0.850446 330 0.005500
85 0.860416 459 0.007650
86 0.870387 361 0.006017
87 0.880357 384 0.006400
88 0.890327 257 0.004283
89 0.900297 261 0.004350
90 0.910268 272 0.004533
91 0.920238 327 0.005450
92 0.930208 221 0.003683
93 0.940178 126 0.002100
94 0.950149 68 0.001133
95 0.960119 27 0.000450
96 0.970089 44 0.000733
97 0.980060 25 0.000417
98 0.990030 6 0.000100
99 1.000000 1 0.000017
