0 0.012944 3 0.000150
1 0.022702 8 0.000400
2 0.032460 6 0.000300
3 0.042218 2 0.000100
4 0.051976 9 0.000450
5 0.061735 10 0.000500
6 0.071493 7 0.000350
7 0.081251 17 0.000850
8 0.091009 10 0.000500
9 0.100767 15 0.000750
10 0.110525 7 0.000350
11 0.120283 3 0.000150
12 0.130042 10 0.000500
13 0.139800 16 0.000800
14 0.149558 8 0.000400
15 0.159316 26 0.001300
16 0.169074 10 0.000500
17 0.178832 16 0.000800
18 0.188591 19 0.000950
19 0.198349 22 0.001100
20 0.208107 35 0.001750
21 0.217865 42 0.002100
22 0.227623 27 0.001350
23 0.237381 22 0.001100
24 0.247139 32 0.001600
25 0.256898 33 0.001650
26 0.266656 42 0.002100
27 0.276414 60 0.003000
28 0.286172 68 0.003400
29 0.295930 66 0.003300
30 0.305688 62 0.003100
31 0.315447 78 0.003900
32 0.325205 101 0.005050
33 0.334963 107 0.005350
34 0.344721 82 0.004100
35 0.354479 106 0.005300
36 0.364237 131 0.006550
37 0.373996 134 0.006700
38 0.383754 160 0.008000
39 0.393512 172 0.008600
40 0.403270 232 0.011600
41 0.413028 253 0.012650
42 0.422786 271 0.013550
43 0.432544 321 0.016050
44 0.442303 374 0.018700
45 0.452061 568 0.028400
46 0.461819 737 0.036850
47 0.471577 1013 0.050650
48 0.481335 1730 0.086500
49 0.491093 3187 0.159350
50 0.500852 2779 0.138950
51 0.510610 1544 0.077200
52 0.520368 958 0.047900
53 0.530126 717 0.035850
54 0.539884 440 0.022000
55 0.549642 361 0.018050
56 0.559400 377 0.018850
57 0.569159 311 0.015550
58 0.578917 264 0.013200
59 0.588675 169 0.008450
60 0.598433 155 0.007750
61 0.608191 126 0.006300
62 0.617949 131 0.006550
63 0.627708 126 0.006300
64 0.637466 100 0.005000
65 0.647224 132 0.006600
66 0.656982 90 0.004500
67 0.666740 73 0.003650
68 0.676498 88 0.004400
69 0.686256 50 0.002500
70 0.696015 45 0.002250
71 0.705773 48 0.002400
72 0.715531 45 0.002250
73 0.725289 31 0.001550
74 0.735047 20 0.001000
75 0.744805 28 0.001400
76 0.754564 29 0.001450
77 0.764322 39 0.001950
78 0.774080 22 0.001100
79 0.783838 25 0.001250
80 0.793596 21 0.001050
81 0.803354 19 0.000950
82 0.813112 18 0.000900
83 0.822871 11 0.000550
84 0.832629 16 0.000800
85 0.842387 18 0.000900
86 0.852145 10 0.000500
87 0.861903 7 0.000350
88 0.871661 8 0.000400
89 0.881420 8 0.000400
90 0.891178 14 0.000700
91 0.900936 13 0.000650
92 0.910694 7 0.000350
93 0.920452 11 0.000550
94 0.930210 10 0.000500
95 0.939969 2 0.000100
96 0.949727 5 0.000250
97 0.959485 1 0.000050
98 0.969243 7 0.000350
99 0.979001 1 0.000050
