0 0.032478 1 0.000050
1 0.041281 0 0.000000
2 0.050084 0 0.000000
3 0.058888 0 0.000000
4 0.067691 0 0.000000
5 0.076494 0 0.000000
6 0.085297 0 0.000000
7 0.094100 0 0.000000
8 0.102903 0 0.000000
9 0.111706 0 0.000000
10 0.120509 3 0.000150
11 0.129313 1 0.000050
12 0.138116 0 0.000000
13 0.146919 0 0.000000
14 0.155722 0 0.000000
15 0.164525 0 0.000000
16 0.173328 0 0.000000
17 0.182131 1 0.000050
18 0.190934 1 0.000050
19 0.199738 1 0.000050
20 0.208541 3 0.000150
21 0.217344 7 0.000350
22 0.226147 4 0.000200
23 0.234950 0 0.000000
24 0.243753 0 0.000000
25 0.252556 1 0.000050
26 0.261359 0 0.000000
27 0.270162 1 0.000050
28 0.278966 0 0.000000
29 0.287769 7 0.000350
30 0.296572 14 0.000700
31 0.305375 38 0.001900
32 0.314178 40 0.002000
33 0.322981 74 0.003700
34 0.331784 62 0.003100
35 0.340587 45 0.002250
36 0.349391 90 0.004500
37 0.358194 157 0.007850
38 0.366997 269 0.013450
39 0.375800 203 0.010150
40 0.384603 227 0.011350
41 0.393406 189 0.009450
42 0.402209 266 0.013300
43 0.411012 368 0.018400
44 0.419816 641 0.032050
45 0.428619 892 0.044600
46 0.437422 421 0.021050
47 0.446225 373 0.018650
48 0.455028 576 0.028800
49 0.463831 716 0.035800
50 0.472634 709 0.035450
51 0.481437 570 0.028500
52 0.490241 732 0.036600
53 0.499044 4359 0.217950
54 0.507847 746 0.037300
55 0.516650 708 0.035400
56 0.525453 1197 0.059850
57 0.534256 692 0.034600
58 0.543059 467 0.023350
59 0.551862 503 0.025150
60 0.560665 466 0.023300
61 0.569469 750 0.037500
62 0.578272 330 0.016500
63 0.587075 281 0.014050
64 0.595878 206 0.010300
65 0.604681 258 0.012900
66 0.613484 167 0.008350
67 0.622287 454 0.022700
68 0.631091 197 0.009850
69 0.639894 68 0.003400
70 0.648697 84 0.004200
71 0.657500 108 0.005400
72 0.666303 92 0.004600
73 0.675106 79 0.003950
74 0.683909 25 0.001250
75 0.692712 10 0.000500
76 0.701515 21 0.001050
77 0.710319 7 0.000350
78 0.719122 0 0.000000
79 0.727925 1 0.000050
80 0.736728 2 0.000100
81 0.745531 0 0.000000
82 0.754334 0 0.000000
83 0.763137 1 0.000050
84 0.771940 1 0.000050
85 0.780744 2 0.000100
86 0.789547 0 0.000000
87 0.798350 8 0.000400
88 0.807153 3 0.000150
89 0.815956 0 0.000000
90 0.824759 0 0.000000
91 0.833562 0 0.000000
92 0.842365 0 0.000000
93 0.851169 0 0.000000
94 0.859972 0 0.000000
95 0.868775 1 0.000050
96 0.877578 2 0.000100
97 0.886381 0 0.000000
98 0.895184 0 0.000000
99 0.903987 1 0.000050
