0 0.027765 1 0.000050
1 0.037337 0 0.000000
2 0.046909 2 0.000100
3 0.056481 11 0.000550
4 0.066053 6 0.000300
5 0.075625 13 0.000650
6 0.085197 7 0.000350
7 0.094769 8 0.000400
8 0.104342 6 0.000300
9 0.113914 7 0.000350
10 0.123486 1 0.000050
11 0.133058 12 0.000600
12 0.142630 3 0.000150
13 0.152202 17 0.000850
14 0.161774 69 0.003450
15 0.171346 21 0.001050
16 0.180918 14 0.000700
17 0.190490 26 0.001300
18 0.200062 8 0.000400
19 0.209635 10 0.000500
20 0.219207 30 0.001500
21 0.228779 51 0.002550
22 0.238351 32 0.001600
23 0.247923 11 0.000550
24 0.257495 23 0.001150
25 0.267067 77 0.003850
26 0.276639 61 0.003050
27 0.286211 27 0.001350
28 0.295783 57 0.002850
29 0.305355 88 0.004400
30 0.314928 96 0.004800
31 0.324500 71 0.003550
32 0.334072 59 0.002950
33 0.343644 124 0.006200
34 0.353216 79 0.003950
35 0.362788 138 0.006900
36 0.372360 73 0.003650
37 0.381932 140 0.007000
38 0.391504 207 0.010350
39 0.401076 144 0.007200
40 0.410648 174 0.008700
41 0.420221 287 0.014350
42 0.429793 297 0.014850
43 0.439365 320 0.016000
44 0.448937 478 0.023900
45 0.458509 558 0.027900
46 0.468081 662 0.033100
47 0.477653 965 0.048250
48 0.487225 1546 0.077300
49 0.496797 3029 0.151450
50 0.506369 2924 0.146200
51 0.515942 1444 0.072200
52 0.525514 1043 0.052150
53 0.535086 803 0.040150
54 0.544658 432 0.021600
55 0.554230 418 0.020900
56 0.563802 389 0.019450
57 0.573374 320 0.016000
58 0.582946 231 0.011550
59 0.592518 211 0.010550
60 0.602090 151 0.007550
61 0.611662 124 0.006200
62 0.621235 124 0.006200
63 0.630807 141 0.007050
64 0.640379 70 0.003500
65 0.649951 109 0.005450
66 0.659523 59 0.002950
67 0.669095 106 0.005300
68 0.678667 84 0.004200
69 0.688239 103 0.005150
70 0.697811 58 0.002900
71 0.707383 32 0.001600
72 0.716955 36 0.001800
73 0.726528 46 0.002300
74 0.736100 38 0.001900
75 0.745672 42 0.002100
76 0.755244 19 0.000950
77 0.764816 25 0.001250
78 0.774388 24 0.001200
79 0.783960 32 0.001600
80 0.793532 9 0.000450
81 0.803104 15 0.000750
82 0.812676 29 0.001450
83 0.822248 13 0.000650
84 0.831821 23 0.001150
85 0.841393 16 0.000800
86 0.850965 18 0.000900
87 0.860537 16 0.000800
88 0.870109 8 0.000400
89 0.879681 7 0.000350
90 0.889253 7 0.000350
91 0.898825 7 0.000350
92 0.908397 1 0.000050
93 0.917969 7 0.000350
94 0.927541 20 0.001000
95 0.937114 9 0.000450
96 0.946686 0 0.000000
97 0.956258 0 0.000000
98 0.965830 9 0.000450
99 0.975402 2 0.000100
