0 0.017172 10 0.000500
1 0.027099 11 0.000550
2 0.037027 10 0.000500
3 0.046954 5 0.000250
4 0.056882 1 0.000050
5 0.066809 2 0.000100
6 0.076737 2 0.000100
7 0.086664 12 0.000600
8 0.096592 8 0.000400
9 0.106520 3 0.000150
10 0.116447 5 0.000250
11 0.126375 5 0.000250
12 0.136302 1 0.000050
13 0.146230 2 0.000100
14 0.156157 4 0.000200
15 0.166085 4 0.000200
16 0.176013 5 0.000250
17 0.185940 1 0.000050
18 0.195868 2 0.000100
19 0.205795 3 0.000150
20 0.215723 5 0.000250
21 0.225650 2 0.000100
22 0.235578 4 0.000200
23 0.245505 20 0.001000
24 0.255433 28 0.001400
25 0.265361 36 0.001800
26 0.275288 39 0.001950
27 0.285216 24 0.001200
28 0.295143 42 0.002100
29 0.305071 63 0.003150
30 0.314998 88 0.004400
31 0.324926 124 0.006200
32 0.334853 135 0.006750
33 0.344781 84 0.004200
34 0.354709 14 0.000700
35 0.364636 21 0.001050
36 0.374564 20 0.001000
37 0.384491 20 0.001000
38 0.394419 17 0.000850
39 0.404346 24 0.001200
40 0.414274 30 0.001500
41 0.424202 30 0.001500
42 0.434129 34 0.001700
43 0.444057 42 0.002100
44 0.453984 71 0.003550
45 0.463912 63 0.003150
46 0.473839 81 0.004050
47 0.483767 101 0.005050
48 0.493694 140 0.007000
49 0.503622 119 0.005950
50 0.513550 147 0.007350
51 0.523477 177 0.008850
52 0.533405 199 0.009950
53 0.543332 278 0.013900
54 0.553260 413 0.020650
55 0.563187 517 0.025850
56 0.573115 1226 0.061300
57 0.583042 2252 0.112600
58 0.592970 2733 0.136650
59 0.602898 1259 0.062950
60 0.612825 902 0.045100
61 0.622753 700 0.035000
62 0.632680 409 0.020450
63 0.642608 302 0.015100
64 0.652535 251 0.012550
65 0.662463 251 0.012550
66 0.672391 214 0.010700
67 0.682318 168 0.008400
68 0.692246 180 0.009000
69 0.702173 182 0.009100
70 0.712101 146 0.007300
71 0.722028 162 0.008100
72 0.731956 190 0.009500
73 0.741883 169 0.008450
74 0.751811 153 0.007650
75 0.761739 172 0.008600
76 0.771666 197 0.009850
77 0.781594 188 0.009400
78 0.791521 161 0.008050
79 0.801449 138 0.006900
80 0.811376 181 0.009050
81 0.821304 266 0.013300
82 0.831231 205 0.010250
83 0.841159 253 0.012650
84 0.851087 325 0.016250
85 0.861014 448 0.022400
86 0.870942 346 0.017300
87 0.880869 380 0.019000
88 0.890797 234 0.011700
89 0.900724 251 0.012550
90 0.910652 258 0.012900
91 0.920579 317 0.015850
92 0.930507 206 0.010300
93 0.940435 120 0.006000
94 0.950362 63 0.003150
95 0.960290 25 0.001250
96 0.970217 37 0.001850
97 0.980145 25 0.001250
98 0.990072 6 0.000300
99 1.000000 1 0.000050
