initializing
training size    : 359556
testing size     : 20000
epoch count      : 10
sub epoch size   : 5

epoch_learning_rate_decay   : 8
learning_rate_decay         : 0.250000

training



epoch [0 0] from [10 5]
training time per iterations 3.389426[ms]
testing on 20000 items
testing done
average error 0.003894
min error     0.000000
max error     0.236400
saving best net
best net saved to networks/disc8x8x3/net_7/trained/, with error 0.003894



epoch [0 1] from [10 5]
training time per iterations 3.385546[ms]
testing on 20000 items
testing done
average error 0.003139
min error     0.000000
max error     0.248370
saving best net
best net saved to networks/disc8x8x3/net_7/trained/, with error 0.003139



epoch [0 2] from [10 5]
training time per iterations 3.391832[ms]
testing on 20000 items
testing done
average error 0.002606
min error     0.000000
max error     0.244906
saving best net
best net saved to networks/disc8x8x3/net_7/trained/, with error 0.002606



epoch [0 3] from [10 5]
training time per iterations 3.394947[ms]
testing on 20000 items
testing done
average error 0.002429
min error     0.000000
max error     0.215778
saving best net
best net saved to networks/disc8x8x3/net_7/trained/, with error 0.002429



epoch [0 4] from [10 5]
training time per iterations 3.384044[ms]
testing on 20000 items
testing done
average error 0.002256
min error     0.000000
max error     0.224441
saving best net
best net saved to networks/disc8x8x3/net_7/trained/, with error 0.002256



epoch [1 0] from [10 5]
training time per iterations 3.385087[ms]
testing on 20000 items
testing done
average error 0.002109
min error     0.000000
max error     0.232731
saving best net
best net saved to networks/disc8x8x3/net_7/trained/, with error 0.002109



epoch [1 1] from [10 5]
training time per iterations 3.389648[ms]
testing on 20000 items
testing done
average error 0.002078
min error     0.000000
max error     0.224181
saving best net
best net saved to networks/disc8x8x3/net_7/trained/, with error 0.002078



epoch [1 2] from [10 5]
training time per iterations 3.399327[ms]
testing on 20000 items
testing done
average error 0.002017
min error     0.000000
max error     0.230566
saving best net
best net saved to networks/disc8x8x3/net_7/trained/, with error 0.002017



epoch [1 3] from [10 5]
training time per iterations 3.393180[ms]
testing on 20000 items
testing done
average error 0.002015
min error     0.000000
max error     0.230213
saving best net
best net saved to networks/disc8x8x3/net_7/trained/, with error 0.002015



epoch [1 4] from [10 5]
training time per iterations 3.384420[ms]
testing on 20000 items
testing done
average error 0.002006
min error     0.000000
max error     0.234764
saving best net
best net saved to networks/disc8x8x3/net_7/trained/, with error 0.002006



epoch [2 0] from [10 5]
training time per iterations 3.395517[ms]
testing on 20000 items
testing done
average error 0.002048
min error     0.000000
max error     0.239761



epoch [2 1] from [10 5]
training time per iterations 3.392249[ms]
testing on 20000 items
testing done
average error 0.001930
min error     0.000000
max error     0.221039
saving best net
best net saved to networks/disc8x8x3/net_7/trained/, with error 0.001930



epoch [2 2] from [10 5]
training time per iterations 3.388021[ms]
testing on 20000 items
testing done
average error 0.001884
min error     0.000000
max error     0.233467
saving best net
best net saved to networks/disc8x8x3/net_7/trained/, with error 0.001884



epoch [2 3] from [10 5]
training time per iterations 3.384990[ms]
testing on 20000 items
testing done
average error 0.001938
min error     0.000000
max error     0.240974



epoch [2 4] from [10 5]
training time per iterations 3.381972[ms]
testing on 20000 items
testing done
average error 0.001916
min error     0.000000
max error     0.229537



epoch [3 0] from [10 5]
training time per iterations 3.385629[ms]
testing on 20000 items
testing done
average error 0.001940
min error     0.000000
max error     0.250139



epoch [3 1] from [10 5]
training time per iterations 3.386394[ms]
testing on 20000 items
testing done
average error 0.001952
min error     0.000000
max error     0.242516



epoch [3 2] from [10 5]
training time per iterations 3.393973[ms]
testing on 20000 items
testing done
average error 0.001827
min error     0.000000
max error     0.228237
saving best net
best net saved to networks/disc8x8x3/net_7/trained/, with error 0.001827



epoch [3 3] from [10 5]
training time per iterations 3.392888[ms]
testing on 20000 items
testing done
average error 0.001858
min error     0.000000
max error     0.240545



epoch [3 4] from [10 5]
training time per iterations 3.396671[ms]
testing on 20000 items
testing done
average error 0.001863
min error     0.000000
max error     0.240504



epoch [4 0] from [10 5]
training time per iterations 3.384712[ms]
testing on 20000 items
testing done
average error 0.001905
min error     0.000000
max error     0.235608



epoch [4 1] from [10 5]
training time per iterations 3.396115[ms]
testing on 20000 items
testing done
average error 0.001887
min error     0.000000
max error     0.235665



epoch [4 2] from [10 5]
training time per iterations 3.392374[ms]
testing on 20000 items
testing done
average error 0.001879
min error     0.000000
max error     0.223129



epoch [4 3] from [10 5]
training time per iterations 3.390761[ms]
testing on 20000 items
testing done
average error 0.001848
min error     0.000000
max error     0.231824



epoch [4 4] from [10 5]
training time per iterations 3.394557[ms]
testing on 20000 items
testing done
average error 0.001765
min error     0.000000
max error     0.230474
saving best net
best net saved to networks/disc8x8x3/net_7/trained/, with error 0.001765



epoch [5 0] from [10 5]
training time per iterations 3.385560[ms]
testing on 20000 items
testing done
average error 0.001800
min error     0.000000
max error     0.235799



epoch [5 1] from [10 5]
training time per iterations 3.388133[ms]
testing on 20000 items
testing done
average error 0.001770
min error     0.000000
max error     0.232410



epoch [5 2] from [10 5]
training time per iterations 3.388633[ms]
testing on 20000 items
testing done
average error 0.001849
min error     0.000000
max error     0.243440



epoch [5 3] from [10 5]
training time per iterations 3.390246[ms]
testing on 20000 items
testing done
average error 0.001822
min error     0.000000
max error     0.237493



epoch [5 4] from [10 5]
training time per iterations 3.386672[ms]
testing on 20000 items
testing done
average error 0.001802
min error     0.000000
max error     0.231210



epoch [6 0] from [10 5]
training time per iterations 3.386269[ms]
testing on 20000 items
testing done
average error 0.001779
min error     0.000000
max error     0.229214



epoch [6 1] from [10 5]
training time per iterations 3.392471[ms]
testing on 20000 items
testing done
average error 0.001731
min error     0.000000
max error     0.234867
saving best net
best net saved to networks/disc8x8x3/net_7/trained/, with error 0.001731



epoch [6 2] from [10 5]
training time per iterations 3.386645[ms]
testing on 20000 items
testing done
average error 0.001844
min error     0.000000
max error     0.247080



epoch [6 3] from [10 5]
training time per iterations 3.382709[ms]
testing on 20000 items
testing done
average error 0.001786
min error     0.000000
max error     0.238562



epoch [6 4] from [10 5]
training time per iterations 3.390344[ms]
testing on 20000 items
testing done
average error 0.001814
min error     0.000000
max error     0.242397



epoch [7 0] from [10 5]
training time per iterations 3.390052[ms]
testing on 20000 items
testing done
average error 0.001778
min error     0.000000
max error     0.233458



epoch [7 1] from [10 5]
training time per iterations 3.388494[ms]
testing on 20000 items
testing done
average error 0.001746
min error     0.000000
max error     0.241284



epoch [7 2] from [10 5]
training time per iterations 3.389106[ms]
testing on 20000 items
testing done
average error 0.001728
min error     0.000000
max error     0.234788
saving best net
best net saved to networks/disc8x8x3/net_7/trained/, with error 0.001728



epoch [7 3] from [10 5]
training time per iterations 3.391943[ms]
testing on 20000 items
testing done
average error 0.001738
min error     0.000000
max error     0.243804



epoch [7 4] from [10 5]
training time per iterations 3.389468[ms]
testing on 20000 items
testing done
average error 0.001726
min error     0.000000
max error     0.240709
saving best net
best net saved to networks/disc8x8x3/net_7/trained/, with error 0.001726
setting learning rate to 0.000050



epoch [8 0] from [10 5]
training time per iterations 3.391081[ms]
testing on 20000 items
testing done
average error 0.001750
min error     0.000000
max error     0.252658



epoch [8 1] from [10 5]
training time per iterations 3.385866[ms]
testing on 20000 items
testing done
average error 0.001711
min error     0.000000
max error     0.241024
saving best net
best net saved to networks/disc8x8x3/net_7/trained/, with error 0.001711



epoch [8 2] from [10 5]
training time per iterations 3.392805[ms]
testing on 20000 items
testing done
average error 0.001753
min error     0.000000
max error     0.241829



epoch [8 3] from [10 5]
training time per iterations 3.391804[ms]
testing on 20000 items
testing done
average error 0.001789
min error     0.000000
max error     0.247120



epoch [8 4] from [10 5]
training time per iterations 3.395294[ms]
testing on 20000 items
testing done
average error 0.001691
min error     0.000000
max error     0.247937
saving best net
best net saved to networks/disc8x8x3/net_7/trained/, with error 0.001691



epoch [9 0] from [10 5]
training time per iterations 3.398562[ms]
testing on 20000 items
testing done
average error 0.001725
min error     0.000000
max error     0.239959



epoch [9 1] from [10 5]
training time per iterations 3.393403[ms]
testing on 20000 items
testing done
average error 0.001695
min error     0.000000
max error     0.238227



epoch [9 2] from [10 5]
training time per iterations 3.401997[ms]
testing on 20000 items
testing done
average error 0.001706
min error     0.000000
max error     0.241779



epoch [9 3] from [10 5]
training time per iterations 3.394821[ms]
testing on 20000 items
testing done
average error 0.001726
min error     0.000000
max error     0.244610



epoch [9 4] from [10 5]
training time per iterations 3.383544[ms]
testing on 20000 items
testing done
average error 0.001721
min error     0.000000
max error     0.247714
training done
