0.000000 0 0 0.003894 0.000000 0.236400 0.003914 0.000000 0.230093
0.200000 0 1 0.003139 0.000000 0.248370 0.003114 0.000000 0.184380
0.400000 0 2 0.002606 0.000000 0.244906 0.002606 0.000000 0.250413
0.600000 0 3 0.002429 0.000000 0.215778 0.002431 0.000000 0.215778
0.800000 0 4 0.002256 0.000000 0.224441 0.002259 0.000000 0.153118
1.000000 1 0 0.002109 0.000000 0.232731 0.002092 0.000000 0.232731
1.200000 1 1 0.002078 0.000000 0.224181 0.002055 0.000000 0.157656
1.400000 1 2 0.002017 0.000000 0.230566 0.002020 0.000000 0.250435
1.600000 1 3 0.002015 0.000000 0.230213 0.001999 0.000000 0.152438
1.800000 1 4 0.002006 0.000000 0.234764 0.002007 0.000000 0.184201
2.000000 2 0 0.002048 0.000000 0.239761 0.002025 0.000000 0.188172
2.200000 2 1 0.001930 0.000000 0.221039 0.001915 0.000000 0.205034
2.400000 2 2 0.001884 0.000000 0.233467 0.001855 0.000000 0.154002
2.600000 2 3 0.001938 0.000000 0.240974 0.001910 0.000000 0.153608
2.800000 2 4 0.001916 0.000000 0.229537 0.001907 0.000000 0.169827
3.000000 3 0 0.001940 0.000000 0.250139 0.001894 0.000000 0.261587
3.200000 3 1 0.001952 0.000000 0.242516 0.001935 0.000000 0.163599
3.400000 3 2 0.001827 0.000000 0.228237 0.001785 0.000000 0.150229
3.600000 3 3 0.001858 0.000000 0.240545 0.001827 0.000000 0.240545
3.800000 3 4 0.001863 0.000000 0.240504 0.001839 0.000000 0.218887
4.000000 4 0 0.001905 0.000000 0.235608 0.001908 0.000000 0.220758
4.200000 4 1 0.001887 0.000000 0.235665 0.001902 0.000000 0.176966
4.400000 4 2 0.001879 0.000000 0.223129 0.001874 0.000000 0.239474
4.600000 4 3 0.001848 0.000000 0.231824 0.001823 0.000000 0.156097
4.800000 4 4 0.001765 0.000000 0.230474 0.001714 0.000000 0.230474
5.000000 5 0 0.001800 0.000000 0.235799 0.001773 0.000000 0.166688
5.200000 5 1 0.001770 0.000000 0.232410 0.001729 0.000000 0.154568
5.400000 5 2 0.001849 0.000000 0.243440 0.001838 0.000000 0.172673
5.600000 5 3 0.001822 0.000000 0.237493 0.001783 0.000000 0.141444
5.800000 5 4 0.001802 0.000000 0.231210 0.001801 0.000000 0.154598
6.000000 6 0 0.001779 0.000000 0.229214 0.001803 0.000000 0.205271
6.200000 6 1 0.001731 0.000000 0.234867 0.001691 0.000000 0.208358
6.400000 6 2 0.001844 0.000000 0.247080 0.001814 0.000000 0.249739
6.600000 6 3 0.001786 0.000000 0.238562 0.001796 0.000000 0.216230
6.800000 6 4 0.001814 0.000000 0.242397 0.001810 0.000000 0.246542
7.000000 7 0 0.001778 0.000000 0.233458 0.001775 0.000000 0.242145
7.200000 7 1 0.001746 0.000000 0.241284 0.001760 0.000000 0.162369
7.400000 7 2 0.001728 0.000000 0.234788 0.001743 0.000000 0.191518
7.600000 7 3 0.001738 0.000000 0.243804 0.001748 0.000000 0.242340
7.800000 7 4 0.001726 0.000000 0.240709 0.001709 0.000000 0.179657
8.000000 8 0 0.001750 0.000000 0.252658 0.001761 0.000000 0.244883
8.200000 8 1 0.001711 0.000000 0.241024 0.001684 0.000000 0.178620
8.400000 8 2 0.001753 0.000000 0.241829 0.001729 0.000000 0.179360
8.600000 8 3 0.001789 0.000000 0.247120 0.001790 0.000000 0.246066
8.800000 8 4 0.001691 0.000000 0.247937 0.001705 0.000000 0.177052
9.000000 9 0 0.001725 0.000000 0.239959 0.001734 0.000000 0.239959
9.200000 9 1 0.001695 0.000000 0.238227 0.001704 0.000000 0.191712
9.400000 9 2 0.001706 0.000000 0.241779 0.001710 0.000000 0.159966
9.600000 9 3 0.001726 0.000000 0.244610 0.001695 0.000000 0.159090
9.800000 9 4 0.001721 0.000000 0.247714 0.001699 0.000000 0.223667
