0 -0.174332 1 0.000050
1 -0.170936 0 0.000000
2 -0.167540 0 0.000000
3 -0.164144 0 0.000000
4 -0.160748 0 0.000000
5 -0.157353 0 0.000000
6 -0.153957 1 0.000050
7 -0.150561 0 0.000000
8 -0.147165 2 0.000100
9 -0.143769 1 0.000050
10 -0.140373 0 0.000000
11 -0.136977 1 0.000050
12 -0.133581 5 0.000250
13 -0.130185 0 0.000000
14 -0.126789 3 0.000150
15 -0.123393 1 0.000050
16 -0.119997 4 0.000200
17 -0.116601 3 0.000150
18 -0.113205 1 0.000050
19 -0.109810 1 0.000050
20 -0.106414 2 0.000100
21 -0.103018 4 0.000200
22 -0.099622 2 0.000100
23 -0.096226 2 0.000100
24 -0.092830 5 0.000250
25 -0.089434 3 0.000150
26 -0.086038 8 0.000400
27 -0.082642 4 0.000200
28 -0.079246 4 0.000200
29 -0.075850 9 0.000450
30 -0.072454 4 0.000200
31 -0.069058 9 0.000450
32 -0.065662 14 0.000700
33 -0.062266 14 0.000700
34 -0.058871 18 0.000900
35 -0.055475 27 0.001350
36 -0.052079 29 0.001450
37 -0.048683 22 0.001100
38 -0.045287 36 0.001800
39 -0.041891 47 0.002350
40 -0.038495 73 0.003650
41 -0.035099 94 0.004700
42 -0.031703 116 0.005800
43 -0.028307 188 0.009400
44 -0.024911 248 0.012400
45 -0.021515 374 0.018700
46 -0.018119 641 0.032050
47 -0.014723 1119 0.055950
48 -0.011328 2282 0.114100
49 -0.007932 4820 0.241000
50 -0.004536 4563 0.228150
51 -0.001140 2052 0.102600
52 0.002256 1044 0.052200
53 0.005652 633 0.031650
54 0.009048 457 0.022850
55 0.012444 289 0.014450
56 0.015840 208 0.010400
57 0.019236 114 0.005700
58 0.022632 95 0.004750
59 0.026028 46 0.002300
60 0.029424 37 0.001850
61 0.032820 36 0.001800
62 0.036215 23 0.001150
63 0.039611 19 0.000950
64 0.043007 22 0.001100
65 0.046403 16 0.000800
66 0.049799 15 0.000750
67 0.053195 12 0.000600
68 0.056591 10 0.000500
69 0.059987 10 0.000500
70 0.063383 5 0.000250
71 0.066779 8 0.000400
72 0.070175 8 0.000400
73 0.073571 3 0.000150
74 0.076967 3 0.000150
75 0.080363 3 0.000150
76 0.083758 4 0.000200
77 0.087154 4 0.000200
78 0.090550 2 0.000100
79 0.093946 0 0.000000
80 0.097342 2 0.000100
81 0.100738 2 0.000100
82 0.104134 0 0.000000
83 0.107530 2 0.000100
84 0.110926 2 0.000100
85 0.114322 2 0.000100
86 0.117718 0 0.000000
87 0.121114 0 0.000000
88 0.124510 3 0.000150
89 0.127906 0 0.000000
90 0.131301 0 0.000000
91 0.134697 0 0.000000
92 0.138093 0 0.000000
93 0.141489 1 0.000050
94 0.144885 0 0.000000
95 0.148281 0 0.000000
96 0.151677 0 0.000000
97 0.155073 2 0.000100
98 0.158469 0 0.000000
99 0.161865 1 0.000050
