0 -0.197226 4 0.000200
1 -0.193476 5 0.000250
2 -0.189725 1 0.000050
3 -0.185974 1 0.000050
4 -0.182224 2 0.000100
5 -0.178473 3 0.000150
6 -0.174722 0 0.000000
7 -0.170972 2 0.000100
8 -0.167221 2 0.000100
9 -0.163470 3 0.000150
10 -0.159720 2 0.000100
11 -0.155969 1 0.000050
12 -0.152218 6 0.000300
13 -0.148468 1 0.000050
14 -0.144717 1 0.000050
15 -0.140966 4 0.000200
16 -0.137215 2 0.000100
17 -0.133465 1 0.000050
18 -0.129714 3 0.000150
19 -0.125963 1 0.000050
20 -0.122213 3 0.000150
21 -0.118462 3 0.000150
22 -0.114711 2 0.000100
23 -0.110961 5 0.000250
24 -0.107210 3 0.000150
25 -0.103459 8 0.000400
26 -0.099709 5 0.000250
27 -0.095958 4 0.000200
28 -0.092207 9 0.000450
29 -0.088457 8 0.000400
30 -0.084706 12 0.000600
31 -0.080955 10 0.000500
32 -0.077204 8 0.000400
33 -0.073454 25 0.001250
34 -0.069703 34 0.001700
35 -0.065952 22 0.001100
36 -0.062202 25 0.001250
37 -0.058451 32 0.001600
38 -0.054700 29 0.001450
39 -0.050950 36 0.001800
40 -0.047199 60 0.003000
41 -0.043448 72 0.003600
42 -0.039698 110 0.005500
43 -0.035947 149 0.007450
44 -0.032196 231 0.011550
45 -0.028446 330 0.016500
46 -0.024695 538 0.026900
47 -0.020944 945 0.047250
48 -0.017193 1689 0.084450
49 -0.013443 3201 0.160050
50 -0.009692 5087 0.254350
51 -0.005941 3382 0.169100
52 -0.002191 1492 0.074600
53 0.001560 870 0.043500
54 0.005311 456 0.022800
55 0.009061 285 0.014250
56 0.012812 211 0.010550
57 0.016563 103 0.005150
58 0.020313 97 0.004850
59 0.024064 72 0.003600
60 0.027815 43 0.002150
61 0.031565 41 0.002050
62 0.035316 44 0.002200
63 0.039067 31 0.001550
64 0.042818 18 0.000900
65 0.046568 17 0.000850
66 0.050319 12 0.000600
67 0.054070 10 0.000500
68 0.057820 12 0.000600
69 0.061571 5 0.000250
70 0.065322 7 0.000350
71 0.069072 5 0.000250
72 0.072823 2 0.000100
73 0.076574 1 0.000050
74 0.080324 4 0.000200
75 0.084075 3 0.000150
76 0.087826 3 0.000150
77 0.091576 1 0.000050
78 0.095327 2 0.000100
79 0.099078 0 0.000000
80 0.102829 0 0.000000
81 0.106579 3 0.000150
82 0.110330 1 0.000050
83 0.114081 2 0.000100
84 0.117831 2 0.000100
85 0.121582 6 0.000300
86 0.125333 4 0.000200
87 0.129083 1 0.000050
88 0.132834 0 0.000000
89 0.136585 0 0.000000
90 0.140335 1 0.000050
91 0.144086 0 0.000000
92 0.147837 0 0.000000
93 0.151587 0 0.000000
94 0.155338 0 0.000000
95 0.159089 1 0.000050
96 0.162840 0 0.000000
97 0.166590 7 0.000350
98 0.170341 2 0.000100
99 0.174092 1 0.000050
