0 -0.329841 2 0.000100
1 -0.322356 0 0.000000
2 -0.314870 0 0.000000
3 -0.307385 2 0.000100
4 -0.299899 2 0.000100
5 -0.292414 1 0.000050
6 -0.284928 2 0.000100
7 -0.277443 8 0.000400
8 -0.269957 4 0.000200
9 -0.262472 3 0.000150
10 -0.254986 0 0.000000
11 -0.247500 0 0.000000
12 -0.240015 1 0.000050
13 -0.232529 3 0.000150
14 -0.225044 5 0.000250
15 -0.217558 8 0.000400
16 -0.210073 4 0.000200
17 -0.202587 17 0.000850
18 -0.195102 5 0.000250
19 -0.187616 29 0.001450
20 -0.180131 77 0.003850
21 -0.172645 60 0.003000
22 -0.165160 57 0.002850
23 -0.157674 58 0.002900
24 -0.150189 111 0.005550
25 -0.142703 209 0.010450
26 -0.135218 190 0.009500
27 -0.127732 167 0.008350
28 -0.120247 193 0.009650
29 -0.112761 142 0.007100
30 -0.105276 159 0.007950
31 -0.097790 190 0.009500
32 -0.090305 274 0.013700
33 -0.082819 592 0.029600
34 -0.075334 704 0.035200
35 -0.067848 478 0.023900
36 -0.060362 356 0.017800
37 -0.052877 379 0.018950
38 -0.045391 500 0.025000
39 -0.037906 677 0.033850
40 -0.030420 546 0.027300
41 -0.022935 504 0.025200
42 -0.015449 714 0.035700
43 -0.007964 1889 0.094450
44 -0.000478 3207 0.160350
45 0.007007 839 0.041950
46 0.014493 634 0.031700
47 0.021978 1000 0.050000
48 0.029464 650 0.032500
49 0.036949 417 0.020850
50 0.044435 344 0.017200
51 0.051920 408 0.020400
52 0.059406 479 0.023950
53 0.066891 397 0.019850
54 0.074377 296 0.014800
55 0.081862 239 0.011950
56 0.089348 171 0.008550
57 0.096833 165 0.008250
58 0.104319 173 0.008650
59 0.111805 182 0.009100
60 0.119290 294 0.014700
61 0.126776 222 0.011100
62 0.134261 110 0.005500
63 0.141747 65 0.003250
64 0.149232 94 0.004700
65 0.156718 92 0.004600
66 0.164203 55 0.002750
67 0.171689 25 0.001250
68 0.179174 45 0.002250
69 0.186660 21 0.001050
70 0.194145 7 0.000350
71 0.201631 3 0.000150
72 0.209116 9 0.000450
73 0.216602 3 0.000150
74 0.224087 0 0.000000
75 0.231573 0 0.000000
76 0.239058 5 0.000250
77 0.246544 4 0.000200
78 0.254029 1 0.000050
79 0.261515 2 0.000100
80 0.269000 1 0.000050
81 0.276486 1 0.000050
82 0.283972 3 0.000150
83 0.291457 2 0.000100
84 0.298943 1 0.000050
85 0.306428 3 0.000150
86 0.313914 4 0.000200
87 0.321399 0 0.000000
88 0.328885 0 0.000000
89 0.336370 2 0.000100
90 0.343856 0 0.000000
91 0.351341 2 0.000100
92 0.358827 0 0.000000
93 0.366312 0 0.000000
94 0.373798 0 0.000000
95 0.381283 0 0.000000
96 0.388769 0 0.000000
97 0.396254 0 0.000000
98 0.403740 1 0.000050
99 0.411225 0 0.000000
