0 0.000000 50219 0.836983
1 0.001708 2186 0.036433
2 0.003416 1931 0.032183
3 0.005124 1483 0.024717
4 0.006833 679 0.011317
5 0.008541 428 0.007133
6 0.010249 336 0.005600
7 0.011957 392 0.006533
8 0.013665 428 0.007133
9 0.015373 439 0.007317
10 0.017081 287 0.004783
11 0.018790 262 0.004367
12 0.020498 132 0.002200
13 0.022206 116 0.001933
14 0.023914 128 0.002133
15 0.025622 102 0.001700
16 0.027330 83 0.001383
17 0.029038 77 0.001283
18 0.030747 70 0.001167
19 0.032455 50 0.000833
20 0.034163 38 0.000633
21 0.035871 13 0.000217
22 0.037579 19 0.000317
23 0.039287 11 0.000183
24 0.040995 5 0.000083
25 0.042704 5 0.000083
26 0.044412 10 0.000167
27 0.046120 4 0.000067
28 0.047828 3 0.000050
29 0.049536 4 0.000067
30 0.051244 3 0.000050
31 0.052952 0 0.000000
32 0.054661 1 0.000017
33 0.056369 1 0.000017
34 0.058077 2 0.000033
35 0.059785 3 0.000050
36 0.061493 3 0.000050
37 0.063201 1 0.000017
38 0.064909 1 0.000017
39 0.066618 1 0.000017
40 0.068326 3 0.000050
41 0.070034 2 0.000033
42 0.071742 3 0.000050
43 0.073450 4 0.000067
44 0.075158 4 0.000067
45 0.076866 2 0.000033
46 0.078575 0 0.000000
47 0.080283 2 0.000033
48 0.081991 0 0.000000
49 0.083699 3 0.000050
50 0.085407 2 0.000033
51 0.087115 1 0.000017
52 0.088823 1 0.000017
53 0.090532 2 0.000033
54 0.092240 1 0.000017
55 0.093948 0 0.000000
56 0.095656 2 0.000033
57 0.097364 1 0.000017
58 0.099072 3 0.000050
59 0.100781 1 0.000017
60 0.102489 0 0.000000
61 0.104197 1 0.000017
62 0.105905 0 0.000000
63 0.107613 1 0.000017
64 0.109321 0 0.000000
65 0.111029 0 0.000000
66 0.112738 0 0.000000
67 0.114446 0 0.000000
68 0.116154 1 0.000017
69 0.117862 1 0.000017
70 0.119570 0 0.000000
71 0.121278 0 0.000000
72 0.122986 1 0.000017
73 0.124695 0 0.000000
74 0.126403 1 0.000017
75 0.128111 0 0.000000
76 0.129819 0 0.000000
77 0.131527 0 0.000000
78 0.133235 0 0.000000
79 0.134943 0 0.000000
80 0.136652 0 0.000000
81 0.138360 0 0.000000
82 0.140068 0 0.000000
83 0.141776 0 0.000000
84 0.143484 0 0.000000
85 0.145192 0 0.000000
86 0.146900 0 0.000000
87 0.148609 0 0.000000
88 0.150317 0 0.000000
89 0.152025 0 0.000000
90 0.153733 0 0.000000
91 0.155441 0 0.000000
92 0.157149 0 0.000000
93 0.158857 0 0.000000
94 0.160566 0 0.000000
95 0.162274 0 0.000000
96 0.163982 0 0.000000
97 0.165690 0 0.000000
98 0.167398 0 0.000000
99 0.169106 1 0.000017
