0 -0.329841 2 0.000033
1 -0.322356 0 0.000000
2 -0.314870 0 0.000000
3 -0.307385 2 0.000033
4 -0.299899 2 0.000033
5 -0.292414 1 0.000017
6 -0.284928 2 0.000033
7 -0.277443 8 0.000133
8 -0.269957 4 0.000067
9 -0.262472 3 0.000050
10 -0.254986 0 0.000000
11 -0.247500 0 0.000000
12 -0.240015 1 0.000017
13 -0.232529 3 0.000050
14 -0.225044 5 0.000083
15 -0.217558 8 0.000133
16 -0.210073 4 0.000067
17 -0.202587 20 0.000333
18 -0.195102 11 0.000183
19 -0.187616 32 0.000533
20 -0.180131 82 0.001367
21 -0.172645 64 0.001067
22 -0.165160 61 0.001017
23 -0.157674 65 0.001083
24 -0.150189 117 0.001950
25 -0.142703 215 0.003583
26 -0.135218 201 0.003350
27 -0.127732 173 0.002883
28 -0.120247 207 0.003450
29 -0.112761 149 0.002483
30 -0.105276 180 0.003000
31 -0.097790 208 0.003467
32 -0.090305 301 0.005017
33 -0.082819 627 0.010450
34 -0.075334 759 0.012650
35 -0.067848 563 0.009383
36 -0.060362 455 0.007583
37 -0.052877 515 0.008583
38 -0.045391 756 0.012600
39 -0.037906 1181 0.019683
40 -0.030420 1621 0.027017
41 -0.022935 3489 0.058150
42 -0.015449 10654 0.177567
43 -0.007964 18875 0.314583
44 -0.000478 7819 0.130317
45 0.007007 2434 0.040567
46 0.014493 1289 0.021483
47 0.021978 1306 0.021767
48 0.029464 819 0.013650
49 0.036949 517 0.008617
50 0.044435 417 0.006950
51 0.051920 455 0.007583
52 0.059406 511 0.008517
53 0.066891 422 0.007033
54 0.074377 307 0.005117
55 0.081862 254 0.004233
56 0.089348 178 0.002967
57 0.096833 170 0.002833
58 0.104319 181 0.003017
59 0.111805 186 0.003100
60 0.119290 306 0.005100
61 0.126776 226 0.003767
62 0.134261 111 0.001850
63 0.141747 66 0.001100
64 0.149232 95 0.001583
65 0.156718 95 0.001583
66 0.164203 63 0.001050
67 0.171689 27 0.000450
68 0.179174 45 0.000750
69 0.186660 21 0.000350
70 0.194145 7 0.000117
71 0.201631 3 0.000050
72 0.209116 9 0.000150
73 0.216602 3 0.000050
74 0.224087 0 0.000000
75 0.231573 0 0.000000
76 0.239058 5 0.000083
77 0.246544 4 0.000067
78 0.254029 1 0.000017
79 0.261515 2 0.000033
80 0.269000 1 0.000017
81 0.276486 1 0.000017
82 0.283972 3 0.000050
83 0.291457 2 0.000033
84 0.298943 1 0.000017
85 0.306428 3 0.000050
86 0.313914 4 0.000067
87 0.321399 0 0.000000
88 0.328885 0 0.000000
89 0.336370 2 0.000033
90 0.343856 0 0.000000
91 0.351341 2 0.000033
92 0.358827 0 0.000000
93 0.366312 0 0.000000
94 0.373798 0 0.000000
95 0.381283 0 0.000000
96 0.388769 0 0.000000
97 0.396254 0 0.000000
98 0.403740 1 0.000017
99 0.411225 0 0.000000
