0 0.162619 12 0.000600
1 0.171141 25 0.001250
2 0.179663 18 0.000900
3 0.188185 0 0.000000
4 0.196706 0 0.000000
5 0.205228 16 0.000800
6 0.213750 10 0.000500
7 0.222272 33 0.001650
8 0.230794 0 0.000000
9 0.239315 1 0.000050
10 0.247837 0 0.000000
11 0.256359 17 0.000850
12 0.264881 18 0.000900
13 0.273403 53 0.002650
14 0.281924 20 0.001000
15 0.290446 20 0.001000
16 0.298968 10 0.000500
17 0.307490 57 0.002850
18 0.316012 27 0.001350
19 0.324533 100 0.005000
20 0.333055 176 0.008800
21 0.341577 113 0.005650
22 0.350099 27 0.001350
23 0.358621 23 0.001150
24 0.367142 20 0.001000
25 0.375664 5 0.000250
26 0.384186 14 0.000700
27 0.392708 18 0.000900
28 0.401230 4 0.000200
29 0.409751 41 0.002050
30 0.418273 50 0.002500
31 0.426795 8 0.000400
32 0.435317 12 0.000600
33 0.443839 3 0.000150
34 0.452361 34 0.001700
35 0.460882 53 0.002650
36 0.469404 22 0.001100
37 0.477926 82 0.004100
38 0.486448 59 0.002950
39 0.494970 138 0.006900
40 0.503491 93 0.004650
41 0.512013 109 0.005450
42 0.520535 123 0.006150
43 0.529057 121 0.006050
44 0.537579 190 0.009500
45 0.546100 216 0.010800
46 0.554622 354 0.017700
47 0.563144 300 0.015000
48 0.571666 551 0.027550
49 0.580188 813 0.040650
50 0.588709 1863 0.093150
51 0.597231 2294 0.114700
52 0.605753 1755 0.087750
53 0.614275 927 0.046350
54 0.622797 673 0.033650
55 0.631318 534 0.026700
56 0.639840 491 0.024550
57 0.648362 288 0.014400
58 0.656884 229 0.011450
59 0.665406 261 0.013050
60 0.673927 166 0.008300
61 0.682449 146 0.007300
62 0.690971 209 0.010450
63 0.699493 126 0.006300
64 0.708015 142 0.007100
65 0.716536 108 0.005400
66 0.725058 179 0.008950
67 0.733580 88 0.004400
68 0.742102 89 0.004450
69 0.750624 108 0.005400
70 0.759145 171 0.008550
71 0.767667 196 0.009800
72 0.776189 132 0.006600
73 0.784711 153 0.007650
74 0.793233 110 0.005500
75 0.801755 184 0.009200
76 0.810276 84 0.004200
77 0.818798 111 0.005550
78 0.827320 165 0.008250
79 0.835842 219 0.010950
80 0.844364 248 0.012400
81 0.852885 247 0.012350
82 0.861407 300 0.015000
83 0.869929 344 0.017200
84 0.878451 417 0.020850
85 0.886973 422 0.021100
86 0.895494 189 0.009450
87 0.904016 113 0.005650
88 0.912538 222 0.011100
89 0.921060 256 0.012800
90 0.929582 206 0.010300
91 0.938103 216 0.010800
92 0.946625 173 0.008650
93 0.955147 89 0.004450
94 0.963669 37 0.001850
95 0.972191 64 0.003200
96 0.980712 28 0.001400
97 0.989234 17 0.000850
98 0.997756 1 0.000050
99 1.006278 1 0.000050
