0 0.057001 4 0.000200
1 0.066149 3 0.000150
2 0.075297 3 0.000150
3 0.084445 6 0.000300
4 0.093593 25 0.001250
5 0.102741 3 0.000150
6 0.111889 1 0.000050
7 0.121037 1 0.000050
8 0.130185 5 0.000250
9 0.139333 6 0.000300
10 0.148481 10 0.000500
11 0.157629 4 0.000200
12 0.166777 28 0.001400
13 0.175925 36 0.001800
14 0.185073 53 0.002650
15 0.194221 13 0.000650
16 0.203369 14 0.000700
17 0.212517 11 0.000550
18 0.221665 25 0.001250
19 0.230813 18 0.000900
20 0.239961 17 0.000850
21 0.249109 34 0.001700
22 0.258257 72 0.003600
23 0.267405 28 0.001400
24 0.276553 31 0.001550
25 0.285701 66 0.003300
26 0.294849 38 0.001900
27 0.303997 74 0.003700
28 0.313146 92 0.004600
29 0.322294 76 0.003800
30 0.331442 95 0.004750
31 0.340590 53 0.002650
32 0.349738 99 0.004950
33 0.358886 80 0.004000
34 0.368034 119 0.005950
35 0.377182 113 0.005650
36 0.386330 183 0.009150
37 0.395478 201 0.010050
38 0.404626 167 0.008350
39 0.413774 222 0.011100
40 0.422922 276 0.013800
41 0.432070 268 0.013400
42 0.441218 282 0.014100
43 0.450366 625 0.031250
44 0.459514 557 0.027850
45 0.468662 669 0.033450
46 0.477810 975 0.048750
47 0.486958 1752 0.087600
48 0.496106 2857 0.142850
49 0.505254 2855 0.142750
50 0.514402 1407 0.070350
51 0.523550 975 0.048750
52 0.532698 704 0.035200
53 0.541846 528 0.026400
54 0.550994 452 0.022600
55 0.560142 331 0.016550
56 0.569290 239 0.011950
57 0.578438 227 0.011350
58 0.587586 242 0.012100
59 0.596734 163 0.008150
60 0.605882 132 0.006600
61 0.615030 139 0.006950
62 0.624178 128 0.006400
63 0.633326 57 0.002850
64 0.642474 84 0.004200
65 0.651622 88 0.004400
66 0.660770 66 0.003300
67 0.669918 127 0.006350
68 0.679066 73 0.003650
69 0.688214 74 0.003700
70 0.697362 33 0.001650
71 0.706510 66 0.003300
72 0.715658 23 0.001150
73 0.724806 10 0.000500
74 0.733954 30 0.001500
75 0.743102 18 0.000900
76 0.752250 24 0.001200
77 0.761398 47 0.002350
78 0.770546 26 0.001300
79 0.779694 7 0.000350
80 0.788842 20 0.001000
81 0.797990 8 0.000400
82 0.807138 30 0.001500
83 0.816286 17 0.000850
84 0.825434 26 0.001300
85 0.834583 19 0.000950
86 0.843731 20 0.001000
87 0.852879 12 0.000600
88 0.862027 8 0.000400
89 0.871175 11 0.000550
90 0.880323 7 0.000350
91 0.889471 3 0.000150
92 0.898619 4 0.000200
93 0.907767 11 0.000550
94 0.916915 18 0.000900
95 0.926063 9 0.000450
96 0.935211 4 0.000200
97 0.944359 0 0.000000
98 0.953507 5 0.000250
99 0.962655 3 0.000150
