0 0.057001 4 0.000067
1 0.066590 3 0.000050
2 0.076178 6 0.000100
3 0.085767 7 0.000117
4 0.095356 24 0.000400
5 0.104944 1 0.000017
6 0.114533 0 0.000000
7 0.124122 4 0.000067
8 0.133710 2 0.000033
9 0.143299 8 0.000133
10 0.152888 9 0.000150
11 0.162476 39 0.000650
12 0.172065 57 0.000950
13 0.181654 43 0.000717
14 0.191242 41 0.000683
15 0.200831 17 0.000283
16 0.210419 42 0.000700
17 0.220008 45 0.000750
18 0.229597 31 0.000517
19 0.239185 18 0.000300
20 0.248774 36 0.000600
21 0.258363 100 0.001667
22 0.267951 66 0.001100
23 0.277540 59 0.000983
24 0.287129 91 0.001517
25 0.296717 85 0.001417
26 0.306306 116 0.001933
27 0.315895 153 0.002550
28 0.325483 215 0.003583
29 0.335072 245 0.004083
30 0.344661 171 0.002850
31 0.354249 107 0.001783
32 0.363838 158 0.002633
33 0.373427 125 0.002083
34 0.383015 160 0.002667
35 0.392604 200 0.003333
36 0.402193 279 0.004650
37 0.411781 169 0.002817
38 0.421370 338 0.005633
39 0.430959 352 0.005867
40 0.440547 339 0.005650
41 0.450136 836 0.013933
42 0.459724 766 0.012767
43 0.469313 1084 0.018067
44 0.478902 2012 0.033533
45 0.488490 4881 0.081350
46 0.498079 13407 0.223450
47 0.507668 6080 0.101333
48 0.517256 2535 0.042250
49 0.526845 1574 0.026233
50 0.536434 1054 0.017567
51 0.546022 1002 0.016700
52 0.555611 803 0.013383
53 0.565200 803 0.013383
54 0.574788 933 0.015550
55 0.584377 1871 0.031183
56 0.593966 2627 0.043783
57 0.603554 2313 0.038550
58 0.613143 1255 0.020917
59 0.622732 889 0.014817
60 0.632320 700 0.011667
61 0.641909 554 0.009233
62 0.651498 349 0.005817
63 0.661086 355 0.005917
64 0.670675 284 0.004733
65 0.680264 302 0.005033
66 0.689852 293 0.004883
67 0.699441 187 0.003117
68 0.709029 225 0.003750
69 0.718618 152 0.002533
70 0.728207 168 0.002800
71 0.737795 141 0.002350
72 0.747384 120 0.002000
73 0.756973 243 0.004050
74 0.766561 233 0.003883
75 0.776150 172 0.002867
76 0.785739 177 0.002950
77 0.795327 184 0.003067
78 0.804916 138 0.002300
79 0.814505 130 0.002167
80 0.824093 218 0.003633
81 0.833682 276 0.004600
82 0.843271 272 0.004533
83 0.852859 297 0.004950
84 0.862448 362 0.006033
85 0.872037 394 0.006567
86 0.881625 486 0.008100
87 0.891214 326 0.005433
88 0.900803 182 0.003033
89 0.910391 252 0.004200
90 0.919980 285 0.004750
91 0.929569 228 0.003800
92 0.939157 233 0.003883
93 0.948746 196 0.003267
94 0.958335 74 0.001233
95 0.967923 63 0.001050
96 0.977512 26 0.000433
97 0.987100 31 0.000517
98 0.996689 1 0.000017
99 1.006278 1 0.000017
