0 0.012499 3 0.000150
1 0.022261 2 0.000100
2 0.032022 7 0.000350
3 0.041784 7 0.000350
4 0.051545 5 0.000250
5 0.061307 8 0.000400
6 0.071068 4 0.000200
7 0.080830 11 0.000550
8 0.090592 4 0.000200
9 0.100353 12 0.000600
10 0.110115 7 0.000350
11 0.119876 8 0.000400
12 0.129638 8 0.000400
13 0.139399 11 0.000550
14 0.149161 12 0.000600
15 0.158922 27 0.001350
16 0.168684 10 0.000500
17 0.178445 22 0.001100
18 0.188207 18 0.000900
19 0.197968 24 0.001200
20 0.207730 36 0.001800
21 0.217491 38 0.001900
22 0.227253 24 0.001200
23 0.237014 21 0.001050
24 0.246776 26 0.001300
25 0.256537 32 0.001600
26 0.266299 44 0.002200
27 0.276060 51 0.002550
28 0.285822 55 0.002750
29 0.295583 84 0.004200
30 0.305345 67 0.003350
31 0.315107 87 0.004350
32 0.324868 74 0.003700
33 0.334630 97 0.004850
34 0.344391 80 0.004000
35 0.354153 98 0.004900
36 0.363914 134 0.006700
37 0.373676 124 0.006200
38 0.383437 179 0.008950
39 0.393199 190 0.009500
40 0.402960 241 0.012050
41 0.412722 251 0.012550
42 0.422483 292 0.014600
43 0.432245 382 0.019100
44 0.442006 426 0.021300
45 0.451768 557 0.027850
46 0.461529 725 0.036250
47 0.471291 972 0.048600
48 0.481052 1742 0.087100
49 0.490814 3128 0.156400
50 0.500575 2928 0.146400
51 0.510337 1493 0.074650
52 0.520099 953 0.047650
53 0.529860 722 0.036100
54 0.539622 460 0.023000
55 0.549383 379 0.018950
56 0.559145 322 0.016100
57 0.568906 290 0.014500
58 0.578668 248 0.012400
59 0.588429 158 0.007900
60 0.598191 153 0.007650
61 0.607952 132 0.006600
62 0.617714 154 0.007700
63 0.627475 108 0.005400
64 0.637237 110 0.005500
65 0.646998 87 0.004350
66 0.656760 77 0.003850
67 0.666521 83 0.004150
68 0.676283 96 0.004800
69 0.686044 57 0.002850
70 0.695806 43 0.002150
71 0.705567 36 0.001800
72 0.715329 39 0.001950
73 0.725091 24 0.001200
74 0.734852 28 0.001400
75 0.744614 25 0.001250
76 0.754375 31 0.001550
77 0.764137 38 0.001900
78 0.773898 26 0.001300
79 0.783660 14 0.000700
80 0.793421 16 0.000800
81 0.803183 16 0.000800
82 0.812944 24 0.001200
83 0.822706 18 0.000900
84 0.832467 12 0.000600
85 0.842229 22 0.001100
86 0.851990 9 0.000450
87 0.861752 7 0.000350
88 0.871513 7 0.000350
89 0.881275 7 0.000350
90 0.891036 13 0.000650
91 0.900798 10 0.000500
92 0.910559 20 0.001000
93 0.920321 13 0.000650
94 0.930082 8 0.000400
95 0.939844 6 0.000300
96 0.949605 2 0.000100
97 0.959367 2 0.000100
98 0.969129 6 0.000300
99 0.978890 1 0.000050
