0 0.206132 5 0.000250
1 0.213283 6 0.000300
2 0.220435 9 0.000450
3 0.227587 3 0.000150
4 0.234739 2 0.000100
5 0.241891 0 0.000000
6 0.249043 0 0.000000
7 0.256195 0 0.000000
8 0.263347 0 0.000000
9 0.270499 1 0.000050
10 0.277651 1 0.000050
11 0.284802 4 0.000200
12 0.291954 5 0.000250
13 0.299106 15 0.000750
14 0.306258 22 0.001100
15 0.313410 31 0.001550
16 0.320562 53 0.002650
17 0.327714 80 0.004000
18 0.334866 49 0.002450
19 0.342018 39 0.001950
20 0.349169 52 0.002600
21 0.356321 146 0.007300
22 0.363473 108 0.005400
23 0.370625 307 0.015350
24 0.377777 167 0.008350
25 0.384929 166 0.008300
26 0.392081 152 0.007600
27 0.399233 157 0.007850
28 0.406385 219 0.010950
29 0.413536 264 0.013200
30 0.420688 522 0.026100
31 0.427840 836 0.041800
32 0.434992 403 0.020150
33 0.442144 311 0.015550
34 0.449296 314 0.015700
35 0.456448 483 0.024150
36 0.463600 548 0.027400
37 0.470752 719 0.035950
38 0.477903 458 0.022900
39 0.485055 503 0.025150
40 0.492207 581 0.029050
41 0.499359 4305 0.215250
42 0.506511 668 0.033400
43 0.513663 549 0.027450
44 0.520815 641 0.032050
45 0.527967 964 0.048200
46 0.535119 518 0.025900
47 0.542270 406 0.020300
48 0.549422 347 0.017350
49 0.556574 400 0.020000
50 0.563726 429 0.021450
51 0.570878 610 0.030500
52 0.578030 285 0.014250
53 0.585182 264 0.013200
54 0.592334 178 0.008900
55 0.599486 197 0.009850
56 0.606637 179 0.008950
57 0.613789 174 0.008700
58 0.620941 254 0.012700
59 0.628093 304 0.015200
60 0.635245 90 0.004500
61 0.642397 60 0.003000
62 0.649549 59 0.002950
63 0.656701 74 0.003700
64 0.663853 38 0.001900
65 0.671004 101 0.005050
66 0.678156 66 0.003300
67 0.685308 18 0.000900
68 0.692460 13 0.000650
69 0.699612 14 0.000700
70 0.706764 17 0.000850
71 0.713916 3 0.000150
72 0.721068 1 0.000050
73 0.728220 0 0.000000
74 0.735371 1 0.000050
75 0.742523 0 0.000000
76 0.749675 0 0.000000
77 0.756827 2 0.000100
78 0.763979 0 0.000000
79 0.771131 3 0.000150
80 0.778283 2 0.000100
81 0.785435 2 0.000100
82 0.792587 3 0.000150
83 0.799739 10 0.000500
84 0.806890 5 0.000250
85 0.814042 0 0.000000
86 0.821194 0 0.000000
87 0.828346 0 0.000000
88 0.835498 0 0.000000
89 0.842650 0 0.000000
90 0.849802 0 0.000000
91 0.856954 0 0.000000
92 0.864105 0 0.000000
93 0.871257 3 0.000150
94 0.878409 0 0.000000
95 0.885561 0 0.000000
96 0.892713 0 0.000000
97 0.899865 1 0.000050
98 0.907017 0 0.000000
99 0.914169 1 0.000050
