0 0.010879 8 0.000133
1 0.020848 9 0.000150
2 0.030818 16 0.000267
3 0.040788 12 0.000200
4 0.050757 8 0.000133
5 0.060727 10 0.000167
6 0.070696 7 0.000117
7 0.080666 13 0.000217
8 0.090635 9 0.000150
9 0.100605 17 0.000283
10 0.110575 13 0.000217
11 0.120544 14 0.000233
12 0.130514 8 0.000133
13 0.140483 14 0.000233
14 0.150453 19 0.000317
15 0.160423 24 0.000400
16 0.170392 20 0.000333
17 0.180362 18 0.000300
18 0.190331 21 0.000350
19 0.200301 36 0.000600
20 0.210270 49 0.000817
21 0.220240 46 0.000767
22 0.230210 23 0.000383
23 0.240179 45 0.000750
24 0.250149 59 0.000983
25 0.260118 54 0.000900
26 0.270088 76 0.001267
27 0.280057 99 0.001650
28 0.290027 106 0.001767
29 0.299997 130 0.002167
30 0.309966 220 0.003667
31 0.319936 255 0.004250
32 0.329905 348 0.005800
33 0.339875 278 0.004633
34 0.349844 211 0.003517
35 0.359814 343 0.005717
36 0.369784 519 0.008650
37 0.379753 391 0.006517
38 0.389723 423 0.007050
39 0.399692 491 0.008183
40 0.409662 618 0.010300
41 0.419631 1128 0.018800
42 0.429601 1282 0.021367
43 0.439571 863 0.014383
44 0.449540 1095 0.018250
45 0.459510 1488 0.024800
46 0.469479 1924 0.032067
47 0.479449 2357 0.039283
48 0.489419 3956 0.065933
49 0.499388 7856 0.130933
50 0.509358 2518 0.041967
51 0.519327 2091 0.034850
52 0.529297 2093 0.034883
53 0.539266 1288 0.021467
54 0.549236 1282 0.021367
55 0.559206 1387 0.023117
56 0.569175 1947 0.032450
57 0.579145 2491 0.041517
58 0.589114 3256 0.054267
59 0.599084 2133 0.035550
60 0.609053 1347 0.022450
61 0.619023 1378 0.022967
62 0.628993 951 0.015850
63 0.638962 538 0.008967
64 0.648932 445 0.007417
65 0.658901 410 0.006833
66 0.668871 432 0.007200
67 0.678840 343 0.005717
68 0.688810 234 0.003900
69 0.698780 236 0.003933
70 0.708749 184 0.003067
71 0.718719 190 0.003167
72 0.728688 151 0.002517
73 0.738658 209 0.003483
74 0.748627 201 0.003350
75 0.758597 214 0.003567
76 0.768567 228 0.003800
77 0.778536 202 0.003367
78 0.788506 204 0.003400
79 0.798475 167 0.002783
80 0.808445 191 0.003183
81 0.818415 238 0.003967
82 0.828384 243 0.004050
83 0.838354 242 0.004033
84 0.848323 299 0.004983
85 0.858293 427 0.007117
86 0.868262 426 0.007100
87 0.878232 396 0.006600
88 0.888202 255 0.004250
89 0.898171 260 0.004333
90 0.908141 289 0.004817
91 0.918110 329 0.005483
92 0.928080 258 0.004300
93 0.938049 164 0.002733
94 0.948019 72 0.001200
95 0.957989 44 0.000733
96 0.967958 50 0.000833
97 0.977928 27 0.000450
98 0.987897 11 0.000183
99 0.997867 0 0.000000
