0 0.010879 5 0.000250
1 0.020848 8 0.000400
2 0.030818 9 0.000450
3 0.040788 5 0.000250
4 0.050757 2 0.000100
5 0.060727 2 0.000100
6 0.070696 3 0.000150
7 0.080666 2 0.000100
8 0.090635 5 0.000250
9 0.100605 4 0.000200
10 0.110575 5 0.000250
11 0.120544 5 0.000250
12 0.130514 2 0.000100
13 0.140483 3 0.000150
14 0.150453 2 0.000100
15 0.160423 2 0.000100
16 0.170392 2 0.000100
17 0.180362 2 0.000100
18 0.190331 1 0.000050
19 0.200301 3 0.000150
20 0.210270 2 0.000100
21 0.220240 2 0.000100
22 0.230210 3 0.000150
23 0.240179 16 0.000800
24 0.250149 30 0.001500
25 0.260118 23 0.001150
26 0.270088 22 0.001100
27 0.280057 44 0.002200
28 0.290027 25 0.001250
29 0.299997 24 0.001200
30 0.309966 108 0.005400
31 0.319936 87 0.004350
32 0.329905 176 0.008800
33 0.339875 116 0.005800
34 0.349844 38 0.001900
35 0.359814 16 0.000800
36 0.369784 21 0.001050
37 0.379753 13 0.000650
38 0.389723 16 0.000800
39 0.399692 15 0.000750
40 0.409662 31 0.001550
41 0.419631 29 0.001450
42 0.429601 25 0.001250
43 0.439571 32 0.001600
44 0.449540 50 0.002500
45 0.459510 48 0.002400
46 0.469479 73 0.003650
47 0.479449 80 0.004000
48 0.489419 131 0.006550
49 0.499388 115 0.005750
50 0.509358 115 0.005750
51 0.519327 163 0.008150
52 0.529297 203 0.010150
53 0.539266 253 0.012650
54 0.549236 402 0.020100
55 0.559206 505 0.025250
56 0.569175 853 0.042650
57 0.579145 1855 0.092750
58 0.589114 2821 0.141050
59 0.599084 1711 0.085550
60 0.609053 967 0.048350
61 0.619023 855 0.042750
62 0.628993 559 0.027950
63 0.638962 329 0.016450
64 0.648932 267 0.013350
65 0.658901 260 0.013000
66 0.668871 213 0.010650
67 0.678840 189 0.009450
68 0.688810 172 0.008600
69 0.698780 169 0.008450
70 0.708749 135 0.006750
71 0.718719 150 0.007500
72 0.728688 128 0.006400
73 0.738658 181 0.009050
74 0.748627 175 0.008750
75 0.758597 176 0.008800
76 0.768567 188 0.009400
77 0.778536 180 0.009000
78 0.788506 189 0.009450
79 0.798475 138 0.006900
80 0.808445 164 0.008200
81 0.818415 218 0.010900
82 0.828384 230 0.011500
83 0.838354 219 0.010950
84 0.848323 285 0.014250
85 0.858293 422 0.021100
86 0.868262 417 0.020850
87 0.878232 389 0.019450
88 0.888202 242 0.012100
89 0.898171 246 0.012300
90 0.908141 271 0.013550
91 0.918110 313 0.015650
92 0.928080 249 0.012450
93 0.938049 160 0.008000
94 0.948019 68 0.003400
95 0.957989 42 0.002100
96 0.967958 44 0.002200
97 0.977928 26 0.001300
98 0.987897 11 0.000550
99 0.997867 0 0.000000
