0 0.428351 1 0.000050
1 0.430174 2 0.000100
2 0.431997 6 0.000300
3 0.433820 6 0.000300
4 0.435643 0 0.000000
5 0.437467 20 0.001000
6 0.439290 1 0.000050
7 0.441113 4 0.000200
8 0.442936 0 0.000000
9 0.444759 11 0.000550
10 0.446582 4 0.000200
11 0.448406 12 0.000600
12 0.450229 19 0.000950
13 0.452052 15 0.000750
14 0.453875 15 0.000750
15 0.455698 27 0.001350
16 0.457521 41 0.002050
17 0.459345 37 0.001850
18 0.461168 23 0.001150
19 0.462991 30 0.001500
20 0.464814 58 0.002900
21 0.466637 25 0.001250
22 0.468460 34 0.001700
23 0.470284 44 0.002200
24 0.472107 73 0.003650
25 0.473930 38 0.001900
26 0.475753 91 0.004550
27 0.477576 79 0.003950
28 0.479399 121 0.006050
29 0.481223 118 0.005900
30 0.483046 149 0.007450
31 0.484869 216 0.010800
32 0.486692 152 0.007600
33 0.488515 327 0.016350
34 0.490338 298 0.014900
35 0.492162 522 0.026100
36 0.493985 634 0.031700
37 0.495808 810 0.040500
38 0.497631 1382 0.069100
39 0.499454 2200 0.110000
40 0.501277 2202 0.110100
41 0.503101 1995 0.099750
42 0.504924 1713 0.085650
43 0.506747 1356 0.067800
44 0.508570 1037 0.051850
45 0.510393 727 0.036350
46 0.512217 455 0.022750
47 0.514040 402 0.020100
48 0.515863 325 0.016250
49 0.517686 350 0.017500
50 0.519509 277 0.013850
51 0.521332 169 0.008450
52 0.523156 168 0.008400
53 0.524979 155 0.007750
54 0.526802 129 0.006450
55 0.528625 109 0.005450
56 0.530448 90 0.004500
57 0.532271 40 0.002000
58 0.534095 66 0.003300
59 0.535918 43 0.002150
60 0.537741 51 0.002550
61 0.539564 32 0.001600
62 0.541387 44 0.002200
63 0.543210 34 0.001700
64 0.545034 51 0.002550
65 0.546857 49 0.002450
66 0.548680 22 0.001100
67 0.550503 39 0.001950
68 0.552326 45 0.002250
69 0.554149 21 0.001050
70 0.555973 19 0.000950
71 0.557796 11 0.000550
72 0.559619 30 0.001500
73 0.561442 4 0.000200
74 0.563265 8 0.000400
75 0.565088 15 0.000750
76 0.566912 0 0.000000
77 0.568735 19 0.000950
78 0.570558 3 0.000150
79 0.572381 1 0.000050
80 0.574204 4 0.000200
81 0.576027 3 0.000150
82 0.577851 7 0.000350
83 0.579674 13 0.000650
84 0.581497 0 0.000000
85 0.583320 4 0.000200
86 0.585143 2 0.000100
87 0.586966 0 0.000000
88 0.588790 0 0.000000
89 0.590613 1 0.000050
90 0.592436 5 0.000250
91 0.594259 1 0.000050
92 0.596082 0 0.000000
93 0.597905 0 0.000000
94 0.599729 0 0.000000
95 0.601552 0 0.000000
96 0.603375 0 0.000000
97 0.605198 0 0.000000
98 0.607021 8 0.000400
99 0.608844 1 0.000050
