0 -0.072717 1 0.000050
1 -0.071526 0 0.000000
2 -0.070335 0 0.000000
3 -0.069145 0 0.000000
4 -0.067954 1 0.000050
5 -0.066763 0 0.000000
6 -0.065572 0 0.000000
7 -0.064381 0 0.000000
8 -0.063190 0 0.000000
9 -0.062000 0 0.000000
10 -0.060809 2 0.000100
11 -0.059618 1 0.000050
12 -0.058427 0 0.000000
13 -0.057236 3 0.000150
14 -0.056046 1 0.000050
15 -0.054855 1 0.000050
16 -0.053664 2 0.000100
17 -0.052473 1 0.000050
18 -0.051282 2 0.000100
19 -0.050091 1 0.000050
20 -0.048901 2 0.000100
21 -0.047710 0 0.000000
22 -0.046519 2 0.000100
23 -0.045328 5 0.000250
24 -0.044137 3 0.000150
25 -0.042947 3 0.000150
26 -0.041756 2 0.000100
27 -0.040565 5 0.000250
28 -0.039374 7 0.000350
29 -0.038183 10 0.000500
30 -0.036992 4 0.000200
31 -0.035802 8 0.000400
32 -0.034611 5 0.000250
33 -0.033420 16 0.000800
34 -0.032229 29 0.001450
35 -0.031038 51 0.002550
36 -0.029848 45 0.002250
37 -0.028657 33 0.001650
38 -0.027466 41 0.002050
39 -0.026275 47 0.002350
40 -0.025084 64 0.003200
41 -0.023893 73 0.003650
42 -0.022703 119 0.005950
43 -0.021512 142 0.007100
44 -0.020321 142 0.007100
45 -0.019130 194 0.009700
46 -0.017939 289 0.014450
47 -0.016749 298 0.014900
48 -0.015558 313 0.015650
49 -0.014367 325 0.016250
50 -0.013176 418 0.020900
51 -0.011985 537 0.026850
52 -0.010795 617 0.030850
53 -0.009604 700 0.035000
54 -0.008413 1005 0.050250
55 -0.007222 1232 0.061600
56 -0.006031 1766 0.088300
57 -0.004840 2021 0.101050
58 -0.003650 2162 0.108100
59 -0.002459 1715 0.085750
60 -0.001268 1408 0.070400
61 -0.000077 1091 0.054550
62 0.001114 711 0.035550
63 0.002304 571 0.028550
64 0.003495 354 0.017700
65 0.004686 287 0.014350
66 0.005877 227 0.011350
67 0.007068 158 0.007900
68 0.008259 138 0.006900
69 0.009449 113 0.005650
70 0.010640 102 0.005100
71 0.011831 90 0.004500
72 0.013022 59 0.002950
73 0.014213 31 0.001550
74 0.015403 31 0.001550
75 0.016594 26 0.001300
76 0.017785 21 0.001050
77 0.018976 20 0.001000
78 0.020167 18 0.000900
79 0.021358 12 0.000600
80 0.022548 12 0.000600
81 0.023739 7 0.000350
82 0.024930 3 0.000150
83 0.026121 5 0.000250
84 0.027312 10 0.000500
85 0.028502 7 0.000350
86 0.029693 4 0.000200
87 0.030884 1 0.000050
88 0.032075 3 0.000150
89 0.033266 1 0.000050
90 0.034456 1 0.000050
91 0.035647 1 0.000050
92 0.036838 4 0.000200
93 0.038029 1 0.000050
94 0.039220 0 0.000000
95 0.040411 1 0.000050
96 0.041601 2 0.000100
97 0.042792 2 0.000100
98 0.043983 0 0.000000
99 0.045174 1 0.000050
