0 -0.427112 2 0.000100
1 -0.419539 0 0.000000
2 -0.411965 0 0.000000
3 -0.404391 0 0.000000
4 -0.396818 0 0.000000
5 -0.389244 0 0.000000
6 -0.381671 1 0.000050
7 -0.374097 0 0.000000
8 -0.366524 0 0.000000
9 -0.358950 1 0.000050
10 -0.351376 0 0.000000
11 -0.343803 0 0.000000
12 -0.336229 0 0.000000
13 -0.328656 1 0.000050
14 -0.321082 0 0.000000
15 -0.313508 1 0.000050
16 -0.305935 1 0.000050
17 -0.298361 2 0.000100
18 -0.290788 3 0.000150
19 -0.283214 5 0.000250
20 -0.275640 4 0.000200
21 -0.268067 0 0.000000
22 -0.260493 1 0.000050
23 -0.252920 1 0.000050
24 -0.245346 2 0.000100
25 -0.237773 2 0.000100
26 -0.230199 2 0.000100
27 -0.222625 0 0.000000
28 -0.215052 7 0.000350
29 -0.207478 13 0.000650
30 -0.199905 22 0.001100
31 -0.192331 50 0.002500
32 -0.184757 55 0.002750
33 -0.177184 72 0.003600
34 -0.169610 61 0.003050
35 -0.162037 74 0.003700
36 -0.154463 141 0.007050
37 -0.146889 240 0.012000
38 -0.139316 220 0.011000
39 -0.131742 135 0.006750
40 -0.124169 124 0.006200
41 -0.116595 137 0.006850
42 -0.109022 164 0.008200
43 -0.101448 252 0.012600
44 -0.093874 396 0.019800
45 -0.086301 571 0.028550
46 -0.078727 593 0.029650
47 -0.071154 422 0.021100
48 -0.063580 342 0.017100
49 -0.056006 454 0.022700
50 -0.048433 634 0.031700
51 -0.040859 667 0.033350
52 -0.033286 493 0.024650
53 -0.025712 685 0.034250
54 -0.018138 2466 0.123300
55 -0.010565 2780 0.139000
56 -0.002991 819 0.040950
57 0.004582 648 0.032400
58 0.012156 783 0.039150
59 0.019729 768 0.038400
60 0.027303 497 0.024850
61 0.034877 392 0.019600
62 0.042450 376 0.018800
63 0.050024 515 0.025750
64 0.057597 535 0.026750
65 0.065171 309 0.015450
66 0.072745 234 0.011700
67 0.080318 189 0.009450
68 0.087892 171 0.008550
69 0.095465 184 0.009200
70 0.103039 172 0.008600
71 0.110613 227 0.011350
72 0.118186 244 0.012200
73 0.125760 157 0.007850
74 0.133333 82 0.004100
75 0.140907 77 0.003850
76 0.148481 125 0.006250
77 0.156054 92 0.004600
78 0.163628 41 0.002050
79 0.171201 10 0.000500
80 0.178775 11 0.000550
81 0.186348 9 0.000450
82 0.193922 6 0.000300
83 0.201496 8 0.000400
84 0.209069 5 0.000250
85 0.216643 1 0.000050
86 0.224216 3 0.000150
87 0.231790 2 0.000100
88 0.239364 2 0.000100
89 0.246937 2 0.000100
90 0.254511 0 0.000000
91 0.262084 0 0.000000
92 0.269658 0 0.000000
93 0.277231 1 0.000050
94 0.284805 0 0.000000
95 0.292379 1 0.000050
96 0.299952 2 0.000100
97 0.307526 0 0.000000
98 0.315099 1 0.000050
99 0.322673 0 0.000000
