0 -0.094801 1 0.000050
1 -0.093197 0 0.000000
2 -0.091592 0 0.000000
3 -0.089988 0 0.000000
4 -0.088384 0 0.000000
5 -0.086779 0 0.000000
6 -0.085175 0 0.000000
7 -0.083571 1 0.000050
8 -0.081966 0 0.000000
9 -0.080362 0 0.000000
10 -0.078757 0 0.000000
11 -0.077153 0 0.000000
12 -0.075549 0 0.000000
13 -0.073944 1 0.000050
14 -0.072340 1 0.000050
15 -0.070735 0 0.000000
16 -0.069131 0 0.000000
17 -0.067527 1 0.000050
18 -0.065922 0 0.000000
19 -0.064318 0 0.000000
20 -0.062713 1 0.000050
21 -0.061109 1 0.000050
22 -0.059505 1 0.000050
23 -0.057900 2 0.000100
24 -0.056296 2 0.000100
25 -0.054692 1 0.000050
26 -0.053087 2 0.000100
27 -0.051483 4 0.000200
28 -0.049878 4 0.000200
29 -0.048274 6 0.000300
30 -0.046670 12 0.000600
31 -0.045065 5 0.000250
32 -0.043461 6 0.000300
33 -0.041856 4 0.000200
34 -0.040252 6 0.000300
35 -0.038648 14 0.000700
36 -0.037043 17 0.000850
37 -0.035439 10 0.000500
38 -0.033834 13 0.000650
39 -0.032230 24 0.001200
40 -0.030626 25 0.001250
41 -0.029021 43 0.002150
42 -0.027417 65 0.003250
43 -0.025812 70 0.003500
44 -0.024208 85 0.004250
45 -0.022604 92 0.004600
46 -0.020999 122 0.006100
47 -0.019395 136 0.006800
48 -0.017791 225 0.011250
49 -0.016186 279 0.013950
50 -0.014582 417 0.020850
51 -0.012977 665 0.033250
52 -0.011373 1020 0.051000
53 -0.009769 1883 0.094150
54 -0.008164 2713 0.135650
55 -0.006560 3312 0.165600
56 -0.004955 2776 0.138800
57 -0.003351 2142 0.107100
58 -0.001747 1286 0.064300
59 -0.000142 761 0.038050
60 0.001462 501 0.025050
61 0.003067 298 0.014900
62 0.004671 200 0.010000
63 0.006275 145 0.007250
64 0.007880 112 0.005600
65 0.009484 99 0.004950
66 0.011088 71 0.003550
67 0.012693 55 0.002750
68 0.014297 48 0.002400
69 0.015902 47 0.002350
70 0.017506 30 0.001500
71 0.019110 15 0.000750
72 0.020715 16 0.000800
73 0.022319 15 0.000750
74 0.023924 5 0.000250
75 0.025528 9 0.000450
76 0.027132 7 0.000350
77 0.028737 16 0.000800
78 0.030341 12 0.000600
79 0.031946 5 0.000250
80 0.033550 2 0.000100
81 0.035154 3 0.000150
82 0.036759 5 0.000250
83 0.038363 1 0.000050
84 0.039967 2 0.000100
85 0.041572 2 0.000100
86 0.043176 3 0.000150
87 0.044781 3 0.000150
88 0.046385 5 0.000250
89 0.047989 4 0.000200
90 0.049594 1 0.000050
91 0.051198 0 0.000000
92 0.052803 1 0.000050
93 0.054407 0 0.000000
94 0.056011 1 0.000050
95 0.057616 2 0.000100
96 0.059220 1 0.000050
97 0.060825 0 0.000000
98 0.062429 0 0.000000
99 0.064033 1 0.000050
