0 -0.427112 2 0.000033
1 -0.419539 0 0.000000
2 -0.411965 0 0.000000
3 -0.404391 0 0.000000
4 -0.396818 0 0.000000
5 -0.389244 0 0.000000
6 -0.381671 1 0.000017
7 -0.374097 0 0.000000
8 -0.366524 0 0.000000
9 -0.358950 1 0.000017
10 -0.351376 0 0.000000
11 -0.343803 0 0.000000
12 -0.336229 0 0.000000
13 -0.328656 1 0.000017
14 -0.321082 0 0.000000
15 -0.313508 1 0.000017
16 -0.305935 1 0.000017
17 -0.298361 2 0.000033
18 -0.290788 3 0.000050
19 -0.283214 5 0.000083
20 -0.275640 4 0.000067
21 -0.268067 0 0.000000
22 -0.260493 1 0.000017
23 -0.252920 1 0.000017
24 -0.245346 2 0.000033
25 -0.237773 2 0.000033
26 -0.230199 2 0.000033
27 -0.222625 0 0.000000
28 -0.215052 7 0.000117
29 -0.207478 13 0.000217
30 -0.199905 22 0.000367
31 -0.192331 50 0.000833
32 -0.184757 55 0.000917
33 -0.177184 72 0.001200
34 -0.169610 61 0.001017
35 -0.162037 74 0.001233
36 -0.154463 141 0.002350
37 -0.146889 240 0.004000
38 -0.139316 220 0.003667
39 -0.131742 135 0.002250
40 -0.124169 124 0.002067
41 -0.116595 137 0.002283
42 -0.109022 164 0.002733
43 -0.101448 253 0.004217
44 -0.093874 396 0.006600
45 -0.086301 572 0.009533
46 -0.078727 595 0.009917
47 -0.071154 425 0.007083
48 -0.063580 353 0.005883
49 -0.056006 475 0.007917
50 -0.048433 681 0.011350
51 -0.040859 763 0.012717
52 -0.033286 900 0.015000
53 -0.025712 1869 0.031150
54 -0.018138 6881 0.114683
55 -0.010565 23053 0.384217
56 -0.002991 11977 0.199617
57 0.004582 2341 0.039017
58 0.012156 1236 0.020600
59 0.019729 888 0.014800
60 0.027303 564 0.009400
61 0.034877 413 0.006883
62 0.042450 396 0.006600
63 0.050024 518 0.008633
64 0.057597 539 0.008983
65 0.065171 309 0.005150
66 0.072745 234 0.003900
67 0.080318 189 0.003150
68 0.087892 171 0.002850
69 0.095465 184 0.003067
70 0.103039 172 0.002867
71 0.110613 227 0.003783
72 0.118186 244 0.004067
73 0.125760 157 0.002617
74 0.133333 82 0.001367
75 0.140907 77 0.001283
76 0.148481 125 0.002083
77 0.156054 92 0.001533
78 0.163628 41 0.000683
79 0.171201 10 0.000167
80 0.178775 11 0.000183
81 0.186348 9 0.000150
82 0.193922 6 0.000100
83 0.201496 8 0.000133
84 0.209069 5 0.000083
85 0.216643 1 0.000017
86 0.224216 3 0.000050
87 0.231790 2 0.000033
88 0.239364 2 0.000033
89 0.246937 2 0.000033
90 0.254511 0 0.000000
91 0.262084 0 0.000000
92 0.269658 0 0.000000
93 0.277231 1 0.000017
94 0.284805 0 0.000000
95 0.292379 1 0.000017
96 0.299952 2 0.000033
97 0.307526 0 0.000000
98 0.315099 1 0.000017
99 0.322673 0 0.000000
