0 0.000000 51118 0.851967
1 0.001843 2300 0.038333
2 0.003685 1440 0.024000
3 0.005528 1245 0.020750
4 0.007371 728 0.012133
5 0.009213 473 0.007883
6 0.011056 383 0.006383
7 0.012899 384 0.006400
8 0.014741 340 0.005667
9 0.016584 234 0.003900
10 0.018427 318 0.005300
11 0.020269 251 0.004183
12 0.022112 193 0.003217
13 0.023955 123 0.002050
14 0.025797 110 0.001833
15 0.027640 66 0.001100
16 0.029483 64 0.001067
17 0.031325 46 0.000767
18 0.033168 39 0.000650
19 0.035011 34 0.000567
20 0.036854 20 0.000333
21 0.038696 16 0.000267
22 0.040539 16 0.000267
23 0.042382 7 0.000117
24 0.044224 6 0.000100
25 0.046067 3 0.000050
26 0.047910 0 0.000000
27 0.049752 2 0.000033
28 0.051595 3 0.000050
29 0.053438 2 0.000033
30 0.055280 4 0.000067
31 0.057123 2 0.000033
32 0.058966 1 0.000017
33 0.060808 1 0.000017
34 0.062651 1 0.000017
35 0.064494 0 0.000000
36 0.066336 1 0.000017
37 0.068179 0 0.000000
38 0.070022 0 0.000000
39 0.071864 3 0.000050
40 0.073707 0 0.000000
41 0.075550 3 0.000050
42 0.077392 1 0.000017
43 0.079235 5 0.000083
44 0.081078 0 0.000000
45 0.082920 1 0.000017
46 0.084763 2 0.000033
47 0.086606 1 0.000017
48 0.088448 0 0.000000
49 0.090291 2 0.000033
50 0.092134 2 0.000033
51 0.093976 0 0.000000
52 0.095819 0 0.000000
53 0.097662 0 0.000000
54 0.099504 0 0.000000
55 0.101347 0 0.000000
56 0.103190 2 0.000033
57 0.105033 0 0.000000
58 0.106875 0 0.000000
59 0.108718 0 0.000000
60 0.110561 0 0.000000
61 0.112403 0 0.000000
62 0.114246 0 0.000000
63 0.116089 0 0.000000
64 0.117931 0 0.000000
65 0.119774 0 0.000000
66 0.121617 0 0.000000
67 0.123459 1 0.000017
68 0.125302 0 0.000000
69 0.127145 0 0.000000
70 0.128987 0 0.000000
71 0.130830 0 0.000000
72 0.132673 0 0.000000
73 0.134515 0 0.000000
74 0.136358 0 0.000000
75 0.138201 0 0.000000
76 0.140043 1 0.000017
77 0.141886 0 0.000000
78 0.143729 0 0.000000
79 0.145571 0 0.000000
80 0.147414 0 0.000000
81 0.149257 0 0.000000
82 0.151099 0 0.000000
83 0.152942 0 0.000000
84 0.154785 0 0.000000
85 0.156627 0 0.000000
86 0.158470 0 0.000000
87 0.160313 0 0.000000
88 0.162155 0 0.000000
89 0.163998 0 0.000000
90 0.165841 0 0.000000
91 0.167683 0 0.000000
92 0.169526 0 0.000000
93 0.171369 0 0.000000
94 0.173212 0 0.000000
95 0.175054 1 0.000017
96 0.176897 0 0.000000
97 0.178740 0 0.000000
98 0.180582 0 0.000000
99 0.182425 1 0.000017
