0 0.031633 14 0.000700
1 0.041499 5 0.000250
2 0.051366 7 0.000350
3 0.061233 3 0.000150
4 0.071099 9 0.000450
5 0.080966 6 0.000300
6 0.090833 3 0.000150
7 0.100699 5 0.000250
8 0.110566 5 0.000250
9 0.120433 6 0.000300
10 0.130300 6 0.000300
11 0.140166 0 0.000000
12 0.150033 2 0.000100
13 0.159900 4 0.000200
14 0.169766 7 0.000350
15 0.179633 2 0.000100
16 0.189500 2 0.000100
17 0.199366 4 0.000200
18 0.209233 3 0.000150
19 0.219100 1 0.000050
20 0.228966 10 0.000500
21 0.238833 16 0.000800
22 0.248700 31 0.001550
23 0.258567 29 0.001450
24 0.268433 41 0.002050
25 0.278300 28 0.001400
26 0.288167 29 0.001450
27 0.298033 54 0.002700
28 0.307900 73 0.003650
29 0.317767 141 0.007050
30 0.327633 101 0.005050
31 0.337500 104 0.005200
32 0.347367 46 0.002300
33 0.357233 14 0.000700
34 0.367100 23 0.001150
35 0.376967 18 0.000900
36 0.386834 16 0.000800
37 0.396700 20 0.001000
38 0.406567 25 0.001250
39 0.416434 35 0.001750
40 0.426300 22 0.001100
41 0.436167 20 0.001000
42 0.446034 48 0.002400
43 0.455900 60 0.003000
44 0.465767 61 0.003050
45 0.475634 72 0.003600
46 0.485500 114 0.005700
47 0.495367 127 0.006350
48 0.505234 115 0.005750
49 0.515101 128 0.006400
50 0.524967 178 0.008900
51 0.534834 207 0.010350
52 0.544701 316 0.015800
53 0.554567 419 0.020950
54 0.564434 535 0.026750
55 0.574301 888 0.044400
56 0.584167 2161 0.108050
57 0.594034 2404 0.120200
58 0.603901 1488 0.074400
59 0.613768 1018 0.050900
60 0.623634 713 0.035650
61 0.633501 545 0.027250
62 0.643368 325 0.016250
63 0.653234 312 0.015600
64 0.663101 257 0.012850
65 0.672968 214 0.010700
66 0.682834 193 0.009650
67 0.692701 172 0.008600
68 0.702568 151 0.007550
69 0.712434 170 0.008500
70 0.722301 157 0.007850
71 0.732168 144 0.007200
72 0.742034 147 0.007350
73 0.751901 151 0.007550
74 0.761768 164 0.008200
75 0.771635 173 0.008650
76 0.781501 175 0.008750
77 0.791368 201 0.010050
78 0.801235 158 0.007900
79 0.811101 135 0.006750
80 0.820968 183 0.009150
81 0.830835 219 0.010950
82 0.840701 248 0.012400
83 0.850568 253 0.012650
84 0.860435 295 0.014750
85 0.870301 397 0.019850
86 0.880168 421 0.021050
87 0.890035 333 0.016650
88 0.899902 247 0.012350
89 0.909768 203 0.010150
90 0.919635 320 0.016000
91 0.929502 263 0.013150
92 0.939368 266 0.013300
93 0.949235 162 0.008100
94 0.959102 79 0.003950
95 0.968968 51 0.002550
96 0.978835 40 0.002000
97 0.988702 21 0.001050
98 0.998569 12 0.000600
99 1.008435 1 0.000050
