0 0.013721 16 0.000267
1 0.023682 14 0.000233
2 0.033642 9 0.000150
3 0.043602 9 0.000150
4 0.053563 13 0.000217
5 0.063523 18 0.000300
6 0.073483 15 0.000250
7 0.083443 19 0.000317
8 0.093404 14 0.000233
9 0.103364 15 0.000250
10 0.113324 11 0.000183
11 0.123284 18 0.000300
12 0.133245 19 0.000317
13 0.143205 9 0.000150
14 0.153165 24 0.000400
15 0.163125 23 0.000383
16 0.173086 18 0.000300
17 0.183046 14 0.000233
18 0.193006 26 0.000433
19 0.202966 39 0.000650
20 0.212927 48 0.000800
21 0.222887 45 0.000750
22 0.232847 32 0.000533
23 0.242807 46 0.000767
24 0.252768 65 0.001083
25 0.262728 78 0.001300
26 0.272688 86 0.001433
27 0.282648 87 0.001450
28 0.292609 107 0.001783
29 0.302569 150 0.002500
30 0.312529 241 0.004017
31 0.322489 310 0.005167
32 0.332450 281 0.004683
33 0.342410 250 0.004167
34 0.352370 270 0.004500
35 0.362330 319 0.005317
36 0.372291 490 0.008167
37 0.382251 411 0.006850
38 0.392211 405 0.006750
39 0.402171 541 0.009017
40 0.412132 690 0.011500
41 0.422092 1251 0.020850
42 0.432052 1046 0.017433
43 0.442012 885 0.014750
44 0.451973 1193 0.019883
45 0.461933 1562 0.026033
46 0.471893 1948 0.032467
47 0.481853 2606 0.043433
48 0.491814 4416 0.073600
49 0.501774 7210 0.120167
50 0.511734 2374 0.039567
51 0.521694 2122 0.035367
52 0.531655 1926 0.032100
53 0.541615 1247 0.020783
54 0.551575 1414 0.023567
55 0.561535 1462 0.024367
56 0.571496 1977 0.032950
57 0.581456 2616 0.043600
58 0.591416 3259 0.054317
59 0.601376 1855 0.030917
60 0.611337 1339 0.022317
61 0.621297 1377 0.022950
62 0.631257 745 0.012417
63 0.641217 491 0.008183
64 0.651178 549 0.009150
65 0.661138 392 0.006533
66 0.671098 433 0.007217
67 0.681059 316 0.005267
68 0.691019 268 0.004467
69 0.700979 232 0.003867
70 0.710939 208 0.003467
71 0.720899 198 0.003300
72 0.730860 186 0.003100
73 0.740820 181 0.003017
74 0.750780 195 0.003250
75 0.760741 214 0.003567
76 0.770701 224 0.003733
77 0.780661 195 0.003250
78 0.790621 186 0.003100
79 0.800582 170 0.002833
80 0.810542 184 0.003067
81 0.820502 233 0.003883
82 0.830462 260 0.004333
83 0.840423 277 0.004617
84 0.850383 324 0.005400
85 0.860343 473 0.007883
86 0.870303 388 0.006467
87 0.880264 386 0.006433
88 0.890224 264 0.004400
89 0.900184 286 0.004767
90 0.910144 269 0.004483
91 0.920105 326 0.005433
92 0.930065 228 0.003800
93 0.940025 155 0.002583
94 0.949985 61 0.001017
95 0.959946 39 0.000650
96 0.969906 56 0.000933
97 0.979866 25 0.000417
98 0.989826 2 0.000033
99 0.999787 1 0.000017
