0 0.013721 9 0.000450
1 0.023465 4 0.000200
2 0.033209 4 0.000200
3 0.042952 5 0.000250
4 0.052696 10 0.000500
5 0.062439 11 0.000550
6 0.072183 9 0.000450
7 0.081926 16 0.000800
8 0.091670 10 0.000500
9 0.101414 7 0.000350
10 0.111157 8 0.000400
11 0.120901 13 0.000650
12 0.130644 13 0.000650
13 0.140388 8 0.000400
14 0.150131 20 0.001000
15 0.159875 18 0.000900
16 0.169619 12 0.000600
17 0.179362 12 0.000600
18 0.189106 17 0.000850
19 0.198849 27 0.001350
20 0.208593 39 0.001950
21 0.218336 31 0.001550
22 0.228080 32 0.001600
23 0.237824 33 0.001650
24 0.247567 24 0.001200
25 0.257311 35 0.001750
26 0.267054 42 0.002100
27 0.276798 63 0.003150
28 0.286541 44 0.002200
29 0.296285 83 0.004150
30 0.306028 54 0.002700
31 0.315772 84 0.004200
32 0.325516 84 0.004200
33 0.335259 87 0.004350
34 0.345003 102 0.005100
35 0.354746 102 0.005100
36 0.364490 127 0.006350
37 0.374233 140 0.007000
38 0.383977 170 0.008500
39 0.393721 197 0.009850
40 0.403464 235 0.011750
41 0.413208 253 0.012650
42 0.422951 279 0.013950
43 0.432695 345 0.017250
44 0.442438 429 0.021450
45 0.452182 571 0.028550
46 0.461926 720 0.036000
47 0.471669 988 0.049400
48 0.481413 1740 0.087000
49 0.491156 3098 0.154900
50 0.500900 2777 0.138850
51 0.510643 1445 0.072250
52 0.520387 933 0.046650
53 0.530131 703 0.035150
54 0.539874 481 0.024050
55 0.549618 396 0.019800
56 0.559361 350 0.017500
57 0.569105 303 0.015150
58 0.578848 263 0.013150
59 0.588592 194 0.009700
60 0.598336 172 0.008600
61 0.608079 169 0.008450
62 0.617823 152 0.007600
63 0.627566 113 0.005650
64 0.637310 102 0.005100
65 0.647053 110 0.005500
66 0.656797 82 0.004100
67 0.666541 91 0.004550
68 0.676284 81 0.004050
69 0.686028 72 0.003600
70 0.695771 49 0.002450
71 0.705515 37 0.001850
72 0.715258 50 0.002500
73 0.725002 28 0.001400
74 0.734745 23 0.001150
75 0.744489 36 0.001800
76 0.754233 30 0.001500
77 0.763976 31 0.001550
78 0.773720 29 0.001450
79 0.783463 24 0.001200
80 0.793207 16 0.000800
81 0.802950 12 0.000600
82 0.812694 18 0.000900
83 0.822438 11 0.000550
84 0.832181 20 0.001000
85 0.841925 17 0.000850
86 0.851668 16 0.000800
87 0.861412 10 0.000500
88 0.871155 4 0.000200
89 0.880899 10 0.000500
90 0.890643 9 0.000450
91 0.900386 6 0.000300
92 0.910130 15 0.000750
93 0.919873 7 0.000350
94 0.929617 16 0.000800
95 0.939360 3 0.000150
96 0.949104 4 0.000200
97 0.958847 4 0.000200
98 0.968591 11 0.000550
99 0.978335 1 0.000050
