0 0.021581 4 0.000067
1 0.031549 20 0.000333
2 0.041517 9 0.000150
3 0.051486 19 0.000317
4 0.061454 9 0.000150
5 0.071422 18 0.000300
6 0.081390 9 0.000150
7 0.091358 12 0.000200
8 0.101327 19 0.000317
9 0.111295 18 0.000300
10 0.121263 26 0.000433
11 0.131231 22 0.000367
12 0.141200 9 0.000150
13 0.151168 17 0.000283
14 0.161136 26 0.000433
15 0.171104 22 0.000367
16 0.181072 25 0.000417
17 0.191041 21 0.000350
18 0.201009 36 0.000600
19 0.210977 34 0.000567
20 0.220945 48 0.000800
21 0.230914 33 0.000550
22 0.240882 47 0.000783
23 0.250850 59 0.000983
24 0.260818 68 0.001133
25 0.270786 91 0.001517
26 0.280755 83 0.001383
27 0.290723 97 0.001617
28 0.300691 122 0.002033
29 0.310659 164 0.002733
30 0.320628 233 0.003883
31 0.330596 186 0.003100
32 0.340564 159 0.002650
33 0.350532 145 0.002417
34 0.360501 138 0.002300
35 0.370469 153 0.002550
36 0.380437 191 0.003183
37 0.390405 225 0.003750
38 0.400373 201 0.003350
39 0.410342 274 0.004567
40 0.420310 277 0.004617
41 0.430278 355 0.005917
42 0.440246 427 0.007117
43 0.450215 566 0.009433
44 0.460183 778 0.012967
45 0.470151 1135 0.018917
46 0.480119 1903 0.031717
47 0.490087 3432 0.057200
48 0.500056 9018 0.150300
49 0.510024 11510 0.191833
50 0.519992 3106 0.051767
51 0.529960 1419 0.023650
52 0.539929 1169 0.019483
53 0.549897 975 0.016250
54 0.559865 1002 0.016700
55 0.569833 1012 0.016867
56 0.579801 2052 0.034200
57 0.589770 2751 0.045850
58 0.599738 2210 0.036833
59 0.609706 1272 0.021200
60 0.619674 987 0.016450
61 0.629643 790 0.013167
62 0.639611 498 0.008300
63 0.649579 381 0.006350
64 0.659547 436 0.007267
65 0.669516 309 0.005150
66 0.679484 302 0.005033
67 0.689452 242 0.004033
68 0.699420 217 0.003617
69 0.709388 220 0.003667
70 0.719357 218 0.003633
71 0.729325 176 0.002933
72 0.739293 175 0.002917
73 0.749261 183 0.003050
74 0.759230 194 0.003233
75 0.769198 203 0.003383
76 0.779166 204 0.003400
77 0.789134 230 0.003833
78 0.799102 178 0.002967
79 0.809071 169 0.002817
80 0.819039 181 0.003017
81 0.829007 237 0.003950
82 0.838975 264 0.004400
83 0.848944 265 0.004417
84 0.858912 320 0.005333
85 0.868880 403 0.006717
86 0.878848 438 0.007300
87 0.888817 342 0.005700
88 0.898785 269 0.004483
89 0.908753 221 0.003683
90 0.918721 333 0.005550
91 0.928689 276 0.004600
92 0.938658 281 0.004683
93 0.948626 179 0.002983
94 0.958594 81 0.001350
95 0.968562 52 0.000867
96 0.978531 51 0.000850
97 0.988499 21 0.000350
98 0.998467 12 0.000200
99 1.008435 1 0.000017
