0 0.058074 1 0.000050
1 0.066349 0 0.000000
2 0.074624 0 0.000000
3 0.082899 0 0.000000
4 0.091174 0 0.000000
5 0.099450 1 0.000050
6 0.107725 0 0.000000
7 0.116000 1 0.000050
8 0.124275 0 0.000000
9 0.132550 0 0.000000
10 0.140825 0 0.000000
11 0.149100 0 0.000000
12 0.157375 0 0.000000
13 0.165651 0 0.000000
14 0.173926 0 0.000000
15 0.182201 0 0.000000
16 0.190476 1 0.000050
17 0.198751 2 0.000100
18 0.207026 4 0.000200
19 0.215301 7 0.000350
20 0.223576 3 0.000150
21 0.231852 0 0.000000
22 0.240127 1 0.000050
23 0.248402 1 0.000050
24 0.256677 0 0.000000
25 0.264952 0 0.000000
26 0.273227 1 0.000050
27 0.281502 2 0.000100
28 0.289777 6 0.000300
29 0.298052 14 0.000700
30 0.306328 37 0.001850
31 0.314603 42 0.002100
32 0.322878 71 0.003550
33 0.331153 62 0.003100
34 0.339428 47 0.002350
35 0.347703 63 0.003150
36 0.355978 157 0.007850
37 0.364253 140 0.007000
38 0.372529 319 0.015950
39 0.380804 173 0.008650
40 0.389079 172 0.008600
41 0.397354 190 0.009500
42 0.405629 242 0.012100
43 0.413904 339 0.016950
44 0.422179 743 0.037150
45 0.430454 732 0.036600
46 0.438729 328 0.016400
47 0.447005 369 0.018450
48 0.455280 524 0.026200
49 0.463555 639 0.031950
50 0.471830 747 0.037350
51 0.480105 536 0.026800
52 0.488380 636 0.031800
53 0.496655 4330 0.216500
54 0.504930 865 0.043250
55 0.513206 689 0.034450
56 0.521481 816 0.040800
57 0.529756 1017 0.050850
58 0.538031 466 0.023300
59 0.546306 461 0.023050
60 0.554581 498 0.024900
61 0.562856 496 0.024800
62 0.571131 658 0.032900
63 0.579406 305 0.015250
64 0.587682 295 0.014750
65 0.595957 197 0.009850
66 0.604232 250 0.012500
67 0.612507 153 0.007650
68 0.620782 324 0.016200
69 0.629057 263 0.013150
70 0.637332 81 0.004050
71 0.645607 63 0.003150
72 0.653883 110 0.005500
73 0.662158 60 0.003000
74 0.670433 116 0.005800
75 0.678708 40 0.002000
76 0.686983 27 0.001350
77 0.695258 25 0.001250
78 0.703533 17 0.000850
79 0.711808 8 0.000400
80 0.720083 0 0.000000
81 0.728359 1 0.000050
82 0.736634 0 0.000000
83 0.744909 1 0.000050
84 0.753184 1 0.000050
85 0.761459 0 0.000000
86 0.769734 2 0.000100
87 0.778009 1 0.000050
88 0.786284 4 0.000200
89 0.794560 1 0.000050
90 0.802835 4 0.000200
91 0.811110 0 0.000000
92 0.819385 0 0.000000
93 0.827660 0 0.000000
94 0.835935 0 0.000000
95 0.844210 0 0.000000
96 0.852485 0 0.000000
97 0.860761 0 0.000000
98 0.869036 1 0.000050
99 0.877311 1 0.000050
