0 0.436257 3 0.000150
1 0.438018 4 0.000200
2 0.439779 0 0.000000
3 0.441540 1 0.000050
4 0.443301 2 0.000100
5 0.445062 1 0.000050
6 0.446823 6 0.000300
7 0.448585 12 0.000600
8 0.450346 7 0.000350
9 0.452107 11 0.000550
10 0.453868 5 0.000250
11 0.455629 12 0.000600
12 0.457390 24 0.001200
13 0.459151 24 0.001200
14 0.460912 16 0.000800
15 0.462673 19 0.000950
16 0.464434 15 0.000750
17 0.466196 13 0.000650
18 0.467957 28 0.001400
19 0.469718 53 0.002650
20 0.471479 31 0.001550
21 0.473240 44 0.002200
22 0.475001 43 0.002150
23 0.476762 67 0.003350
24 0.478523 71 0.003550
25 0.480284 87 0.004350
26 0.482046 75 0.003750
27 0.483807 89 0.004450
28 0.485568 87 0.004350
29 0.487329 113 0.005650
30 0.489090 112 0.005600
31 0.490851 141 0.007050
32 0.492612 167 0.008350
33 0.494373 249 0.012450
34 0.496134 282 0.014100
35 0.497895 318 0.015900
36 0.499657 509 0.025450
37 0.501418 636 0.031800
38 0.503179 737 0.036850
39 0.504940 933 0.046650
40 0.506701 1236 0.061800
41 0.508462 1762 0.088100
42 0.510223 1864 0.093200
43 0.511984 2265 0.113250
44 0.513745 2178 0.108900
45 0.515507 1323 0.066150
46 0.517268 979 0.048950
47 0.519029 683 0.034150
48 0.520790 488 0.024400
49 0.522551 354 0.017700
50 0.524312 247 0.012350
51 0.526073 163 0.008150
52 0.527834 142 0.007100
53 0.529595 84 0.004200
54 0.531356 90 0.004500
55 0.533118 69 0.003450
56 0.534879 56 0.002800
57 0.536640 81 0.004050
58 0.538401 63 0.003150
59 0.540162 77 0.003850
60 0.541923 71 0.003550
61 0.543684 34 0.001700
62 0.545445 29 0.001450
63 0.547206 42 0.002100
64 0.548967 35 0.001750
65 0.550729 25 0.001250
66 0.552490 23 0.001150
67 0.554251 27 0.001350
68 0.556012 22 0.001100
69 0.557773 24 0.001200
70 0.559534 32 0.001600
71 0.561295 36 0.001800
72 0.563056 35 0.001750
73 0.564817 20 0.001000
74 0.566579 18 0.000900
75 0.568340 27 0.001350
76 0.570101 29 0.001450
77 0.571862 25 0.001250
78 0.573623 23 0.001150
79 0.575384 14 0.000700
80 0.577145 11 0.000550
81 0.578906 23 0.001150
82 0.580667 10 0.000500
83 0.582428 12 0.000600
84 0.584190 26 0.001300
85 0.585951 9 0.000450
86 0.587712 11 0.000550
87 0.589473 17 0.000850
88 0.591234 5 0.000250
89 0.592995 8 0.000400
90 0.594756 5 0.000250
91 0.596517 3 0.000150
92 0.598278 4 0.000200
93 0.600039 2 0.000100
94 0.601801 3 0.000150
95 0.603562 1 0.000050
96 0.605323 2 0.000100
97 0.607084 1 0.000050
98 0.608845 4 0.000200
99 0.610606 1 0.000050
