0 0.021581 4 0.000200
1 0.031288 6 0.000300
2 0.040995 2 0.000100
3 0.050702 13 0.000650
4 0.060410 7 0.000350
5 0.070117 8 0.000400
6 0.079824 3 0.000150
7 0.089531 7 0.000350
8 0.099238 11 0.000550
9 0.108945 11 0.000550
10 0.118653 21 0.001050
11 0.128360 18 0.000900
12 0.138067 10 0.000500
13 0.147774 12 0.000600
14 0.157481 16 0.000800
15 0.167188 21 0.001050
16 0.176896 21 0.001050
17 0.186603 21 0.001050
18 0.196310 27 0.001350
19 0.206017 20 0.001000
20 0.215724 36 0.001800
21 0.225431 38 0.001900
22 0.235139 30 0.001500
23 0.244846 23 0.001150
24 0.254553 29 0.001450
25 0.264260 41 0.002050
26 0.273967 50 0.002500
27 0.283675 55 0.002750
28 0.293382 61 0.003050
29 0.303089 65 0.003250
30 0.312796 82 0.004100
31 0.322503 79 0.003950
32 0.332210 71 0.003550
33 0.341918 103 0.005150
34 0.351625 96 0.004800
35 0.361332 122 0.006100
36 0.371039 118 0.005900
37 0.380746 178 0.008900
38 0.390453 205 0.010250
39 0.400161 166 0.008300
40 0.409868 238 0.011900
41 0.419575 245 0.012250
42 0.429282 297 0.014850
43 0.438989 369 0.018450
44 0.448696 440 0.022000
45 0.458404 514 0.025700
46 0.468111 725 0.036250
47 0.477818 1086 0.054300
48 0.487525 1730 0.086500
49 0.497232 2956 0.147800
50 0.506939 2664 0.133200
51 0.516647 1512 0.075600
52 0.526354 892 0.044600
53 0.536061 666 0.033300
54 0.545768 522 0.026100
55 0.555475 375 0.018750
56 0.565183 363 0.018150
57 0.574890 292 0.014600
58 0.584597 273 0.013650
59 0.594304 191 0.009550
60 0.604011 175 0.008750
61 0.613718 151 0.007550
62 0.623426 137 0.006850
63 0.633133 143 0.007150
64 0.642840 95 0.004750
65 0.652547 91 0.004550
66 0.662254 115 0.005750
67 0.671961 95 0.004750
68 0.681669 91 0.004550
69 0.691376 55 0.002750
70 0.701083 59 0.002950
71 0.710790 54 0.002700
72 0.720497 47 0.002350
73 0.730204 29 0.001450
74 0.739912 33 0.001650
75 0.749619 29 0.001450
76 0.759326 29 0.001450
77 0.769033 37 0.001850
78 0.778740 27 0.001350
79 0.788447 23 0.001150
80 0.798155 14 0.000700
81 0.807862 21 0.001050
82 0.817569 22 0.001100
83 0.827276 8 0.000400
84 0.836983 14 0.000700
85 0.846691 18 0.000900
86 0.856398 25 0.001250
87 0.866105 11 0.000550
88 0.875812 6 0.000300
89 0.885519 9 0.000450
90 0.895226 12 0.000600
91 0.904934 9 0.000450
92 0.914641 21 0.001050
93 0.924348 11 0.000550
94 0.934055 7 0.000350
95 0.943762 3 0.000150
96 0.953469 4 0.000200
97 0.963177 2 0.000100
98 0.972884 10 0.000500
99 0.982591 1 0.000050
