0 0.016318 11 0.000550
1 0.026252 9 0.000450
2 0.036186 1 0.000050
3 0.046120 4 0.000200
4 0.056054 4 0.000200
5 0.065988 4 0.000200
6 0.075922 5 0.000250
7 0.085856 3 0.000150
8 0.095790 5 0.000250
9 0.105724 8 0.000400
10 0.115659 2 0.000100
11 0.125593 6 0.000300
12 0.135527 3 0.000150
13 0.145461 1 0.000050
14 0.155395 6 0.000300
15 0.165329 4 0.000200
16 0.175263 2 0.000100
17 0.185197 1 0.000050
18 0.195131 6 0.000300
19 0.205065 2 0.000100
20 0.214999 2 0.000100
21 0.224933 4 0.000200
22 0.234867 3 0.000150
23 0.244801 23 0.001150
24 0.254735 29 0.001450
25 0.264669 34 0.001700
26 0.274603 37 0.001850
27 0.284537 30 0.001500
28 0.294471 32 0.001600
29 0.304405 57 0.002850
30 0.314339 112 0.005600
31 0.324273 135 0.006750
32 0.334207 132 0.006600
33 0.344141 71 0.003550
34 0.354075 22 0.001100
35 0.364009 15 0.000750
36 0.373943 21 0.001050
37 0.383877 15 0.000750
38 0.393811 17 0.000850
39 0.403745 26 0.001300
40 0.413679 29 0.001450
41 0.423613 32 0.001600
42 0.433547 22 0.001100
43 0.443481 37 0.001850
44 0.453415 48 0.002400
45 0.463349 68 0.003400
46 0.473283 73 0.003650
47 0.483217 102 0.005100
48 0.493151 140 0.007000
49 0.503085 117 0.005850
50 0.513020 150 0.007500
51 0.522954 172 0.008600
52 0.532888 225 0.011250
53 0.542822 286 0.014300
54 0.552756 438 0.021900
55 0.562690 552 0.027600
56 0.572624 1102 0.055100
57 0.582558 2115 0.105750
58 0.592492 2694 0.134700
59 0.602426 1307 0.065350
60 0.612360 928 0.046400
61 0.622294 726 0.036300
62 0.632228 456 0.022800
63 0.642162 293 0.014650
64 0.652096 316 0.015800
65 0.662030 244 0.012200
66 0.671964 209 0.010450
67 0.681898 196 0.009800
68 0.691832 166 0.008300
69 0.701766 172 0.008600
70 0.711700 159 0.007950
71 0.721634 149 0.007450
72 0.731568 174 0.008700
73 0.741502 138 0.006900
74 0.751436 163 0.008150
75 0.761370 174 0.008700
76 0.771304 205 0.010250
77 0.781238 165 0.008250
78 0.791172 162 0.008100
79 0.801106 153 0.007650
80 0.811040 169 0.008450
81 0.820974 218 0.010900
82 0.830908 249 0.012450
83 0.840842 254 0.012700
84 0.850776 304 0.015200
85 0.860710 467 0.023350
86 0.870644 380 0.019000
87 0.880578 371 0.018550
88 0.890512 252 0.012600
89 0.900446 279 0.013950
90 0.910380 253 0.012650
91 0.920314 317 0.015850
92 0.930248 210 0.010500
93 0.940183 152 0.007600
94 0.950117 56 0.002800
95 0.960051 36 0.001800
96 0.969985 44 0.002200
97 0.979919 25 0.001250
98 0.989853 2 0.000100
99 0.999787 1 0.000050
