0 -0.414801 2 0.000100
1 -0.407554 0 0.000000
2 -0.400306 0 0.000000
3 -0.393059 0 0.000000
4 -0.385811 1 0.000050
5 -0.378564 0 0.000000
6 -0.371316 0 0.000000
7 -0.364069 0 0.000000
8 -0.356822 0 0.000000
9 -0.349574 0 0.000000
10 -0.342327 1 0.000050
11 -0.335079 1 0.000050
12 -0.327832 0 0.000000
13 -0.320584 0 0.000000
14 -0.313337 1 0.000050
15 -0.306089 0 0.000000
16 -0.298842 2 0.000100
17 -0.291594 2 0.000100
18 -0.284347 2 0.000100
19 -0.277099 7 0.000350
20 -0.269852 1 0.000050
21 -0.262604 1 0.000050
22 -0.255357 1 0.000050
23 -0.248110 1 0.000050
24 -0.240862 1 0.000050
25 -0.233615 1 0.000050
26 -0.226367 1 0.000050
27 -0.219120 3 0.000150
28 -0.211872 6 0.000300
29 -0.204625 8 0.000400
30 -0.197377 19 0.000950
31 -0.190130 23 0.001150
32 -0.182882 63 0.003150
33 -0.175635 64 0.003200
34 -0.168387 46 0.002300
35 -0.161140 63 0.003150
36 -0.153892 110 0.005500
37 -0.146645 151 0.007550
38 -0.139397 213 0.010650
39 -0.132150 247 0.012350
40 -0.124902 190 0.009500
41 -0.117655 106 0.005300
42 -0.110408 189 0.009450
43 -0.103160 206 0.010300
44 -0.095913 278 0.013900
45 -0.088665 609 0.030450
46 -0.081418 586 0.029300
47 -0.074170 559 0.027950
48 -0.066923 332 0.016600
49 -0.059675 326 0.016300
50 -0.052428 443 0.022150
51 -0.045180 565 0.028250
52 -0.037933 652 0.032600
53 -0.030685 522 0.026100
54 -0.023438 579 0.028950
55 -0.016190 974 0.048700
56 -0.008943 2854 0.142700
57 -0.001695 1356 0.067800
58 0.005552 867 0.043350
59 0.012799 919 0.045950
60 0.020047 825 0.041250
61 0.027294 696 0.034800
62 0.034542 367 0.018350
63 0.041789 305 0.015250
64 0.049037 357 0.017850
65 0.056284 432 0.021600
66 0.063532 541 0.027050
67 0.070779 342 0.017100
68 0.078027 212 0.010600
69 0.085274 186 0.009300
70 0.092522 188 0.009400
71 0.099769 167 0.008350
72 0.107017 208 0.010400
73 0.114264 308 0.015400
74 0.121511 193 0.009650
75 0.128759 88 0.004400
76 0.136006 61 0.003050
77 0.143254 73 0.003650
78 0.150501 71 0.003550
79 0.157749 67 0.003350
80 0.164996 71 0.003550
81 0.172244 22 0.001100
82 0.179491 17 0.000850
83 0.186739 8 0.000400
84 0.193986 15 0.000750
85 0.201234 6 0.000300
86 0.208481 5 0.000250
87 0.215729 3 0.000150
88 0.222976 0 0.000000
89 0.230224 3 0.000150
90 0.237471 0 0.000000
91 0.244719 1 0.000050
92 0.251966 2 0.000100
93 0.259213 0 0.000000
94 0.266461 0 0.000000
95 0.273708 2 0.000100
96 0.280956 0 0.000000
97 0.288203 1 0.000050
98 0.295451 2 0.000100
99 0.302698 1 0.000050
