0 -0.078667 1 0.000050
1 -0.077379 0 0.000000
2 -0.076091 0 0.000000
3 -0.074803 1 0.000050
4 -0.073515 0 0.000000
5 -0.072227 0 0.000000
6 -0.070939 0 0.000000
7 -0.069651 0 0.000000
8 -0.068363 2 0.000100
9 -0.067075 2 0.000100
10 -0.065787 1 0.000050
11 -0.064499 1 0.000050
12 -0.063210 0 0.000000
13 -0.061922 6 0.000300
14 -0.060634 1 0.000050
15 -0.059346 1 0.000050
16 -0.058058 1 0.000050
17 -0.056770 3 0.000150
18 -0.055482 2 0.000100
19 -0.054194 4 0.000200
20 -0.052906 6 0.000300
21 -0.051618 5 0.000250
22 -0.050330 4 0.000200
23 -0.049042 8 0.000400
24 -0.047754 7 0.000350
25 -0.046466 8 0.000400
26 -0.045177 15 0.000750
27 -0.043889 5 0.000250
28 -0.042601 22 0.001100
29 -0.041313 15 0.000750
30 -0.040025 27 0.001350
31 -0.038737 54 0.002700
32 -0.037449 44 0.002200
33 -0.036161 50 0.002500
34 -0.034873 61 0.003050
35 -0.033585 66 0.003300
36 -0.032297 76 0.003800
37 -0.031009 132 0.006600
38 -0.029721 142 0.007100
39 -0.028433 165 0.008250
40 -0.027144 188 0.009400
41 -0.025856 262 0.013100
42 -0.024568 303 0.015150
43 -0.023280 392 0.019600
44 -0.021992 379 0.018950
45 -0.020704 515 0.025750
46 -0.019416 586 0.029300
47 -0.018128 690 0.034500
48 -0.016840 815 0.040750
49 -0.015552 1067 0.053350
50 -0.014264 1234 0.061700
51 -0.012976 1384 0.069200
52 -0.011688 1505 0.075250
53 -0.010400 1539 0.076950
54 -0.009111 1443 0.072150
55 -0.007823 1302 0.065100
56 -0.006535 1059 0.052950
57 -0.005247 973 0.048650
58 -0.003959 774 0.038700
59 -0.002671 555 0.027750
60 -0.001383 494 0.024700
61 -0.000095 300 0.015000
62 0.001193 303 0.015150
63 0.002481 241 0.012050
64 0.003769 150 0.007500
65 0.005057 123 0.006150
66 0.006345 101 0.005050
67 0.007633 62 0.003100
68 0.008921 58 0.002900
69 0.010210 53 0.002650
70 0.011498 44 0.002200
71 0.012786 36 0.001800
72 0.014074 17 0.000850
73 0.015362 19 0.000950
74 0.016650 22 0.001100
75 0.017938 19 0.000950
76 0.019226 7 0.000350
77 0.020514 6 0.000300
78 0.021802 10 0.000500
79 0.023090 5 0.000250
80 0.024378 2 0.000100
81 0.025666 2 0.000100
82 0.026954 3 0.000150
83 0.028243 6 0.000300
84 0.029531 2 0.000100
85 0.030819 2 0.000100
86 0.032107 1 0.000050
87 0.033395 0 0.000000
88 0.034683 2 0.000100
89 0.035971 2 0.000100
90 0.037259 1 0.000050
91 0.038547 0 0.000000
92 0.039835 1 0.000050
93 0.041123 1 0.000050
94 0.042411 0 0.000000
95 0.043699 0 0.000000
96 0.044987 1 0.000050
97 0.046276 0 0.000000
98 0.047564 0 0.000000
99 0.048852 1 0.000050
