0 -0.125197 1 0.000050
1 -0.123379 0 0.000000
2 -0.121561 0 0.000000
3 -0.119742 0 0.000000
4 -0.117924 1 0.000050
5 -0.116105 0 0.000000
6 -0.114287 1 0.000050
7 -0.112468 0 0.000000
8 -0.110650 1 0.000050
9 -0.108831 0 0.000000
10 -0.107013 0 0.000000
11 -0.105194 0 0.000000
12 -0.103376 0 0.000000
13 -0.101558 0 0.000000
14 -0.099739 0 0.000000
15 -0.097921 0 0.000000
16 -0.096102 0 0.000000
17 -0.094284 0 0.000000
18 -0.092465 0 0.000000
19 -0.090647 0 0.000000
20 -0.088828 0 0.000000
21 -0.087010 0 0.000000
22 -0.085192 0 0.000000
23 -0.083373 1 0.000050
24 -0.081555 2 0.000100
25 -0.079736 2 0.000100
26 -0.077918 0 0.000000
27 -0.076099 0 0.000000
28 -0.074281 0 0.000000
29 -0.072462 0 0.000000
30 -0.070644 0 0.000000
31 -0.068825 1 0.000050
32 -0.067007 1 0.000050
33 -0.065189 1 0.000050
34 -0.063370 2 0.000100
35 -0.061552 1 0.000050
36 -0.059733 1 0.000050
37 -0.057915 7 0.000350
38 -0.056096 4 0.000200
39 -0.054278 6 0.000300
40 -0.052459 5 0.000250
41 -0.050641 7 0.000350
42 -0.048822 10 0.000500
43 -0.047004 18 0.000900
44 -0.045186 15 0.000750
45 -0.043367 13 0.000650
46 -0.041549 17 0.000850
47 -0.039730 14 0.000700
48 -0.037912 32 0.001600
49 -0.036093 42 0.002100
50 -0.034275 43 0.002150
51 -0.032456 55 0.002750
52 -0.030638 68 0.003400
53 -0.028820 73 0.003650
54 -0.027001 134 0.006700
55 -0.025183 117 0.005850
56 -0.023364 151 0.007550
57 -0.021546 185 0.009250
58 -0.019727 375 0.018750
59 -0.017909 576 0.028800
60 -0.016090 768 0.038400
61 -0.014272 1323 0.066150
62 -0.012453 1649 0.082450
63 -0.010635 1967 0.098350
64 -0.008817 2484 0.124200
65 -0.006998 2491 0.124550
66 -0.005180 2059 0.102950
67 -0.003361 1527 0.076350
68 -0.001543 1189 0.059450
69 0.000276 648 0.032400
70 0.002094 443 0.022150
71 0.003913 349 0.017450
72 0.005731 271 0.013550
73 0.007549 162 0.008100
74 0.009368 109 0.005450
75 0.011186 108 0.005400
76 0.013005 65 0.003250
77 0.014823 47 0.002350
78 0.016642 46 0.002300
79 0.018460 47 0.002350
80 0.020279 48 0.002400
81 0.022097 35 0.001750
82 0.023916 28 0.001400
83 0.025734 25 0.001250
84 0.027552 13 0.000650
85 0.029371 12 0.000600
86 0.031189 12 0.000600
87 0.033008 10 0.000500
88 0.034826 10 0.000500
89 0.036645 7 0.000350
90 0.038463 7 0.000350
91 0.040282 12 0.000600
92 0.042100 7 0.000350
93 0.043919 14 0.000700
94 0.045737 10 0.000500
95 0.047555 4 0.000200
96 0.049374 4 0.000200
97 0.051192 1 0.000050
98 0.053011 5 0.000250
99 0.054829 1 0.000050
