0 0.000000 50694 0.844900
1 0.001738 1978 0.032967
2 0.003476 1721 0.028683
3 0.005214 1374 0.022900
4 0.006952 816 0.013600
5 0.008690 520 0.008667
6 0.010428 408 0.006800
7 0.012166 380 0.006333
8 0.013904 479 0.007983
9 0.015642 355 0.005917
10 0.017380 268 0.004467
11 0.019118 189 0.003150
12 0.020856 150 0.002500
13 0.022594 122 0.002033
14 0.024332 95 0.001583
15 0.026070 90 0.001500
16 0.027808 83 0.001383
17 0.029546 63 0.001050
18 0.031284 60 0.001000
19 0.033022 35 0.000583
20 0.034760 19 0.000317
21 0.036498 16 0.000267
22 0.038236 18 0.000300
23 0.039974 6 0.000100
24 0.041712 12 0.000200
25 0.043450 5 0.000083
26 0.045188 1 0.000017
27 0.046925 5 0.000083
28 0.048663 1 0.000017
29 0.050401 0 0.000000
30 0.052139 1 0.000017
31 0.053877 2 0.000033
32 0.055615 2 0.000033
33 0.057353 1 0.000017
34 0.059091 1 0.000017
35 0.060829 0 0.000000
36 0.062567 1 0.000017
37 0.064305 1 0.000017
38 0.066043 2 0.000033
39 0.067781 0 0.000000
40 0.069519 1 0.000017
41 0.071257 1 0.000017
42 0.072995 3 0.000050
43 0.074733 4 0.000067
44 0.076471 3 0.000050
45 0.078209 0 0.000000
46 0.079947 2 0.000033
47 0.081685 1 0.000017
48 0.083423 0 0.000000
49 0.085161 2 0.000033
50 0.086899 0 0.000000
51 0.088637 2 0.000033
52 0.090375 1 0.000017
53 0.092113 0 0.000000
54 0.093851 0 0.000000
55 0.095589 0 0.000000
56 0.097327 1 0.000017
57 0.099065 0 0.000000
58 0.100803 0 0.000000
59 0.102541 0 0.000000
60 0.104279 0 0.000000
61 0.106017 0 0.000000
62 0.107755 1 0.000017
63 0.109493 0 0.000000
64 0.111231 0 0.000000
65 0.112969 0 0.000000
66 0.114707 1 0.000017
67 0.116445 0 0.000000
68 0.118183 0 0.000000
69 0.119921 0 0.000000
70 0.121659 0 0.000000
71 0.123397 0 0.000000
72 0.125135 0 0.000000
73 0.126873 0 0.000000
74 0.128611 0 0.000000
75 0.130349 0 0.000000
76 0.132087 0 0.000000
77 0.133825 0 0.000000
78 0.135563 0 0.000000
79 0.137301 0 0.000000
80 0.139039 0 0.000000
81 0.140776 0 0.000000
82 0.142514 0 0.000000
83 0.144252 1 0.000017
84 0.145990 0 0.000000
85 0.147728 0 0.000000
86 0.149466 0 0.000000
87 0.151204 0 0.000000
88 0.152942 0 0.000000
89 0.154680 0 0.000000
90 0.156418 0 0.000000
91 0.158156 0 0.000000
92 0.159894 0 0.000000
93 0.161632 0 0.000000
94 0.163370 0 0.000000
95 0.165108 0 0.000000
96 0.166846 0 0.000000
97 0.168584 0 0.000000
98 0.170322 1 0.000017
99 0.172060 1 0.000017
