0 -0.414801 2 0.000033
1 -0.407554 0 0.000000
2 -0.400306 0 0.000000
3 -0.393059 0 0.000000
4 -0.385811 1 0.000017
5 -0.378564 0 0.000000
6 -0.371316 0 0.000000
7 -0.364069 0 0.000000
8 -0.356822 0 0.000000
9 -0.349574 0 0.000000
10 -0.342327 1 0.000017
11 -0.335079 1 0.000017
12 -0.327832 0 0.000000
13 -0.320584 0 0.000000
14 -0.313337 1 0.000017
15 -0.306089 0 0.000000
16 -0.298842 2 0.000033
17 -0.291594 2 0.000033
18 -0.284347 2 0.000033
19 -0.277099 7 0.000117
20 -0.269852 1 0.000017
21 -0.262604 1 0.000017
22 -0.255357 1 0.000017
23 -0.248110 1 0.000017
24 -0.240862 1 0.000017
25 -0.233615 1 0.000017
26 -0.226367 1 0.000017
27 -0.219120 3 0.000050
28 -0.211872 6 0.000100
29 -0.204625 8 0.000133
30 -0.197377 19 0.000317
31 -0.190130 23 0.000383
32 -0.182882 63 0.001050
33 -0.175635 64 0.001067
34 -0.168387 46 0.000767
35 -0.161140 63 0.001050
36 -0.153892 110 0.001833
37 -0.146645 151 0.002517
38 -0.139397 213 0.003550
39 -0.132150 248 0.004133
40 -0.124902 190 0.003167
41 -0.117655 108 0.001800
42 -0.110408 190 0.003167
43 -0.103160 206 0.003433
44 -0.095913 278 0.004633
45 -0.088665 611 0.010183
46 -0.081418 590 0.009833
47 -0.074170 563 0.009383
48 -0.066923 348 0.005800
49 -0.059675 357 0.005950
50 -0.052428 519 0.008650
51 -0.045180 740 0.012333
52 -0.037933 1167 0.019450
53 -0.030685 2043 0.034050
54 -0.023438 4777 0.079617
55 -0.016190 13942 0.232367
56 -0.008943 17252 0.287533
57 -0.001695 5730 0.095500
58 0.005552 1932 0.032200
59 0.012799 1244 0.020733
60 0.020047 994 0.016567
61 0.027294 759 0.012650
62 0.034542 410 0.006833
63 0.041789 342 0.005700
64 0.049037 369 0.006150
65 0.056284 432 0.007200
66 0.063532 541 0.009017
67 0.070779 342 0.005700
68 0.078027 212 0.003533
69 0.085274 186 0.003100
70 0.092522 188 0.003133
71 0.099769 167 0.002783
72 0.107017 208 0.003467
73 0.114264 308 0.005133
74 0.121511 193 0.003217
75 0.128759 88 0.001467
76 0.136006 61 0.001017
77 0.143254 73 0.001217
78 0.150501 71 0.001183
79 0.157749 67 0.001117
80 0.164996 71 0.001183
81 0.172244 22 0.000367
82 0.179491 17 0.000283
83 0.186739 8 0.000133
84 0.193986 15 0.000250
85 0.201234 6 0.000100
86 0.208481 5 0.000083
87 0.215729 3 0.000050
88 0.222976 0 0.000000
89 0.230224 3 0.000050
90 0.237471 0 0.000000
91 0.244719 1 0.000017
92 0.251966 2 0.000033
93 0.259213 0 0.000000
94 0.266461 0 0.000000
95 0.273708 2 0.000033
96 0.280956 0 0.000000
97 0.288203 1 0.000017
98 0.295451 2 0.000033
99 0.302698 1 0.000017
