0 0.014055 3 0.000150
1 0.023802 3 0.000150
2 0.033549 3 0.000150
3 0.043296 7 0.000350
4 0.053043 6 0.000300
5 0.062789 14 0.000700
6 0.072536 16 0.000800
7 0.082283 5 0.000250
8 0.092030 11 0.000550
9 0.101777 13 0.000650
10 0.111524 14 0.000700
11 0.121271 5 0.000250
12 0.131018 10 0.000500
13 0.140765 11 0.000550
14 0.150512 7 0.000350
15 0.160259 5 0.000250
16 0.170006 16 0.000800
17 0.179753 13 0.000650
18 0.189500 23 0.001150
19 0.199247 23 0.001150
20 0.208993 29 0.001450
21 0.218740 35 0.001750
22 0.228487 21 0.001050
23 0.238234 22 0.001100
24 0.247981 30 0.001500
25 0.257728 37 0.001850
26 0.267475 36 0.001800
27 0.277222 46 0.002300
28 0.286969 49 0.002450
29 0.296716 66 0.003300
30 0.306463 63 0.003150
31 0.316210 51 0.002550
32 0.325957 83 0.004150
33 0.335704 72 0.003600
34 0.345451 93 0.004650
35 0.355197 100 0.005000
36 0.364944 115 0.005750
37 0.374691 126 0.006300
38 0.384438 148 0.007400
39 0.394185 168 0.008400
40 0.403932 214 0.010700
41 0.413679 235 0.011750
42 0.423426 283 0.014150
43 0.433173 322 0.016100
44 0.442920 402 0.020100
45 0.452667 573 0.028650
46 0.462414 784 0.039200
47 0.472161 1020 0.051000
48 0.481908 1996 0.099800
49 0.491655 3273 0.163650
50 0.501401 2762 0.138100
51 0.511148 1512 0.075600
52 0.520895 933 0.046650
53 0.530642 650 0.032500
54 0.540389 470 0.023500
55 0.550136 365 0.018250
56 0.559883 352 0.017600
57 0.569630 301 0.015050
58 0.579377 290 0.014500
59 0.589124 150 0.007500
60 0.598871 159 0.007950
61 0.608618 140 0.007000
62 0.618365 141 0.007050
63 0.628112 105 0.005250
64 0.637859 100 0.005000
65 0.647605 102 0.005100
66 0.657352 86 0.004300
67 0.667099 71 0.003550
68 0.676846 70 0.003500
69 0.686593 56 0.002800
70 0.696340 41 0.002050
71 0.706087 28 0.001400
72 0.715834 40 0.002000
73 0.725581 27 0.001350
74 0.735328 29 0.001450
75 0.745075 26 0.001300
76 0.754822 26 0.001300
77 0.764569 29 0.001450
78 0.774316 22 0.001100
79 0.784063 24 0.001200
80 0.793809 21 0.001050
81 0.803556 20 0.001000
82 0.813303 14 0.000700
83 0.823050 15 0.000750
84 0.832797 12 0.000600
85 0.842544 15 0.000750
86 0.852291 12 0.000600
87 0.862038 5 0.000250
88 0.871785 7 0.000350
89 0.881532 10 0.000500
90 0.891279 7 0.000350
91 0.901026 11 0.000550
92 0.910773 8 0.000400
93 0.920520 11 0.000550
94 0.930266 11 0.000550
95 0.940014 4 0.000200
96 0.949760 0 0.000000
97 0.959507 4 0.000200
98 0.969254 5 0.000250
99 0.979001 1 0.000050
