0 0.014055 8 0.000133
1 0.024012 7 0.000117
2 0.033969 7 0.000117
3 0.043925 13 0.000217
4 0.053882 11 0.000183
5 0.063839 15 0.000250
6 0.073796 21 0.000350
7 0.083753 7 0.000117
8 0.093710 15 0.000250
9 0.103667 17 0.000283
10 0.113624 22 0.000367
11 0.123581 9 0.000150
12 0.133537 14 0.000233
13 0.143494 11 0.000183
14 0.153451 8 0.000133
15 0.163408 12 0.000200
16 0.173365 17 0.000283
17 0.183322 22 0.000367
18 0.193279 28 0.000467
19 0.203236 46 0.000767
20 0.213193 41 0.000683
21 0.223149 45 0.000750
22 0.233106 31 0.000517
23 0.243063 59 0.000983
24 0.253020 58 0.000967
25 0.262977 65 0.001083
26 0.272934 90 0.001500
27 0.282891 67 0.001117
28 0.292848 98 0.001633
29 0.302805 124 0.002067
30 0.312761 202 0.003367
31 0.322718 279 0.004650
32 0.332675 313 0.005217
33 0.342632 245 0.004083
34 0.352589 286 0.004767
35 0.362546 327 0.005450
36 0.372503 521 0.008683
37 0.382460 386 0.006433
38 0.392417 373 0.006217
39 0.402373 536 0.008933
40 0.412330 679 0.011317
41 0.422287 1314 0.021900
42 0.432244 1059 0.017650
43 0.442201 827 0.013783
44 0.452158 1212 0.020200
45 0.462115 1675 0.027917
46 0.472072 2005 0.033417
47 0.482028 2818 0.046967
48 0.491985 4599 0.076650
49 0.501942 6834 0.113900
50 0.511899 2462 0.041033
51 0.521856 2204 0.036733
52 0.531813 1851 0.030850
53 0.541770 1307 0.021783
54 0.551727 1275 0.021250
55 0.561684 1488 0.024800
56 0.571640 2189 0.036483
57 0.581597 2862 0.047700
58 0.591554 3273 0.054550
59 0.601511 1973 0.032883
60 0.611468 1288 0.021467
61 0.621425 1304 0.021733
62 0.631382 743 0.012383
63 0.641339 515 0.008583
64 0.651296 495 0.008250
65 0.661252 395 0.006583
66 0.671209 398 0.006633
67 0.681166 292 0.004867
68 0.691123 252 0.004200
69 0.701080 221 0.003683
70 0.711037 221 0.003683
71 0.720994 149 0.002483
72 0.730951 180 0.003000
73 0.740908 193 0.003217
74 0.750864 176 0.002933
75 0.760821 173 0.002883
76 0.770778 189 0.003150
77 0.780735 192 0.003200
78 0.790692 179 0.002983
79 0.800649 164 0.002733
80 0.810606 188 0.003133
81 0.820563 224 0.003733
82 0.830520 209 0.003483
83 0.840476 216 0.003600
84 0.850433 323 0.005383
85 0.860390 461 0.007683
86 0.870347 378 0.006300
87 0.880304 384 0.006400
88 0.890261 240 0.004000
89 0.900218 250 0.004167
90 0.910175 239 0.003983
91 0.920132 330 0.005500
92 0.930088 211 0.003517
93 0.940045 116 0.001933
94 0.950002 45 0.000750
95 0.959959 39 0.000650
96 0.969916 41 0.000683
97 0.979873 18 0.000300
98 0.989830 6 0.000100
99 0.999787 1 0.000017
