0 0.003642 1 0.000017
1 0.013669 2 0.000033
2 0.023696 0 0.000000
3 0.033723 0 0.000000
4 0.043749 0 0.000000
5 0.053776 12 0.000200
6 0.063803 12 0.000200
7 0.073830 11 0.000183
8 0.083857 14 0.000233
9 0.093883 27 0.000450
10 0.103910 21 0.000350
11 0.113937 23 0.000383
12 0.123964 12 0.000200
13 0.133991 14 0.000233
14 0.144017 13 0.000217
15 0.154044 20 0.000333
16 0.164071 25 0.000417
17 0.174098 15 0.000250
18 0.184125 26 0.000433
19 0.194151 32 0.000533
20 0.204178 33 0.000550
21 0.214205 29 0.000483
22 0.224232 40 0.000667
23 0.234258 39 0.000650
24 0.244285 40 0.000667
25 0.254312 59 0.000983
26 0.264339 43 0.000717
27 0.274366 71 0.001183
28 0.284392 72 0.001200
29 0.294419 87 0.001450
30 0.304446 103 0.001717
31 0.314473 126 0.002100
32 0.324500 266 0.004433
33 0.334526 236 0.003933
34 0.344553 172 0.002867
35 0.354580 113 0.001883
36 0.364607 133 0.002217
37 0.374634 160 0.002667
38 0.384660 169 0.002817
39 0.394687 149 0.002483
40 0.404714 164 0.002733
41 0.414741 258 0.004300
42 0.424768 282 0.004700
43 0.434794 372 0.006200
44 0.444821 442 0.007367
45 0.454848 562 0.009367
46 0.464875 808 0.013467
47 0.474901 1206 0.020100
48 0.484928 2546 0.042433
49 0.494955 7295 0.121583
50 0.504982 15152 0.252533
51 0.515009 3589 0.059817
52 0.525035 1787 0.029783
53 0.535062 1137 0.018950
54 0.545089 941 0.015683
55 0.555116 797 0.013283
56 0.565143 858 0.014300
57 0.575169 1033 0.017217
58 0.585196 1804 0.030067
59 0.595223 3068 0.051133
60 0.605250 2277 0.037950
61 0.615277 1288 0.021467
62 0.625303 954 0.015900
63 0.635330 743 0.012383
64 0.645357 516 0.008600
65 0.655384 420 0.007000
66 0.665410 338 0.005633
67 0.675437 322 0.005367
68 0.685464 287 0.004783
69 0.695491 247 0.004117
70 0.705518 205 0.003417
71 0.715544 196 0.003267
72 0.725571 181 0.003017
73 0.735598 187 0.003117
74 0.745625 166 0.002767
75 0.755652 165 0.002750
76 0.765678 178 0.002967
77 0.775705 179 0.002983
78 0.785732 179 0.002983
79 0.795759 187 0.003117
80 0.805786 142 0.002367
81 0.815812 168 0.002800
82 0.825839 199 0.003317
83 0.835866 223 0.003717
84 0.845893 221 0.003683
85 0.855919 287 0.004783
86 0.865946 296 0.004933
87 0.875973 407 0.006783
88 0.886000 424 0.007067
89 0.896027 324 0.005400
90 0.906053 254 0.004233
91 0.916080 232 0.003867
92 0.926107 301 0.005017
93 0.936134 340 0.005667
94 0.946161 197 0.003283
95 0.956187 106 0.001767
96 0.966214 63 0.001050
97 0.976241 45 0.000750
98 0.986268 34 0.000567
99 0.996295 1 0.000017
