0 0.102781 3 0.000150
1 0.109857 0 0.000000
2 0.116933 0 0.000000
3 0.124010 0 0.000000
4 0.131086 0 0.000000
5 0.138162 0 0.000000
6 0.145238 0 0.000000
7 0.152314 0 0.000000
8 0.159390 0 0.000000
9 0.166466 0 0.000000
10 0.173542 0 0.000000
11 0.180618 0 0.000000
12 0.187694 0 0.000000
13 0.194770 0 0.000000
14 0.201846 2 0.000100
15 0.208922 5 0.000250
16 0.215998 0 0.000000
17 0.223074 5 0.000250
18 0.230150 4 0.000200
19 0.237226 4 0.000200
20 0.244302 0 0.000000
21 0.251378 0 0.000000
22 0.258455 0 0.000000
23 0.265531 1 0.000050
24 0.272607 0 0.000000
25 0.279683 1 0.000050
26 0.286759 2 0.000100
27 0.293835 4 0.000200
28 0.300911 13 0.000650
29 0.307987 15 0.000750
30 0.315063 29 0.001450
31 0.322139 48 0.002400
32 0.329215 60 0.003000
33 0.336291 39 0.001950
34 0.343367 50 0.002500
35 0.350443 73 0.003650
36 0.357519 151 0.007550
37 0.364595 122 0.006100
38 0.371671 327 0.016350
39 0.378747 150 0.007500
40 0.385823 161 0.008050
41 0.392899 156 0.007800
42 0.399975 172 0.008600
43 0.407052 229 0.011450
44 0.414128 306 0.015300
45 0.421204 559 0.027950
46 0.428280 783 0.039150
47 0.435356 426 0.021300
48 0.442432 279 0.013950
49 0.449508 303 0.015150
50 0.456584 456 0.022800
51 0.463660 612 0.030600
52 0.470736 745 0.037250
53 0.477812 463 0.023150
54 0.484888 446 0.022300
55 0.491964 584 0.029200
56 0.499040 3987 0.199350
57 0.506116 665 0.033250
58 0.513192 598 0.029900
59 0.520268 617 0.030850
60 0.527344 1071 0.053550
61 0.534420 608 0.030400
62 0.541497 408 0.020400
63 0.548573 366 0.018300
64 0.555649 361 0.018050
65 0.562725 400 0.020000
66 0.569801 644 0.032200
67 0.576877 342 0.017100
68 0.583953 276 0.013800
69 0.591029 175 0.008750
70 0.598105 184 0.009200
71 0.605181 209 0.010450
72 0.612257 161 0.008050
73 0.619333 197 0.009850
74 0.626409 355 0.017750
75 0.633485 98 0.004900
76 0.640561 70 0.003500
77 0.647637 48 0.002400
78 0.654713 91 0.004550
79 0.661789 49 0.002450
80 0.668865 78 0.003900
81 0.675941 60 0.003000
82 0.683017 17 0.000850
83 0.690094 15 0.000750
84 0.697170 14 0.000700
85 0.704246 31 0.001550
86 0.711322 5 0.000250
87 0.718398 0 0.000000
88 0.725474 0 0.000000
89 0.732550 1 0.000050
90 0.739626 0 0.000000
91 0.746702 0 0.000000
92 0.753778 0 0.000000
93 0.760854 0 0.000000
94 0.767930 0 0.000000
95 0.775006 2 0.000100
96 0.782082 2 0.000100
97 0.789158 3 0.000150
98 0.796234 3 0.000150
99 0.803310 1 0.000050
