0 0.060852 12 0.000600
1 0.070301 1 0.000050
2 0.079749 6 0.000300
3 0.089198 5 0.000250
4 0.098647 4 0.000200
5 0.108096 3 0.000150
6 0.117545 5 0.000250
7 0.126994 3 0.000150
8 0.136443 6 0.000300
9 0.145892 2 0.000100
10 0.155341 4 0.000200
11 0.164790 4 0.000200
12 0.174239 1 0.000050
13 0.183688 2 0.000100
14 0.193136 2 0.000100
15 0.202585 3 0.000150
16 0.212034 4 0.000200
17 0.221483 23 0.001150
18 0.230932 14 0.000700
19 0.240381 9 0.000450
20 0.249830 25 0.001250
21 0.259279 31 0.001550
22 0.268728 17 0.000850
23 0.278177 26 0.001300
24 0.287626 36 0.001800
25 0.297075 42 0.002100
26 0.306523 39 0.001950
27 0.315972 65 0.003250
28 0.325421 174 0.008700
29 0.334870 145 0.007250
30 0.344319 77 0.003850
31 0.353768 24 0.001200
32 0.363217 19 0.000950
33 0.372666 24 0.001200
34 0.382115 16 0.000800
35 0.391564 8 0.000400
36 0.401013 9 0.000450
37 0.410462 16 0.000800
38 0.419911 27 0.001350
39 0.429359 17 0.000850
40 0.438808 35 0.001750
41 0.448257 28 0.001400
42 0.457706 36 0.001800
43 0.467155 62 0.003100
44 0.476604 49 0.002450
45 0.486053 90 0.004500
46 0.495502 105 0.005250
47 0.504951 117 0.005850
48 0.514400 97 0.004850
49 0.523849 127 0.006350
50 0.533298 147 0.007350
51 0.542746 229 0.011450
52 0.552195 280 0.014000
53 0.561644 414 0.020700
54 0.571093 585 0.029250
55 0.580542 940 0.047000
56 0.589991 1999 0.099950
57 0.599440 2853 0.142650
58 0.608889 1447 0.072350
59 0.618338 939 0.046950
60 0.627787 720 0.036000
61 0.637236 568 0.028400
62 0.646685 372 0.018600
63 0.656133 304 0.015200
64 0.665582 258 0.012900
65 0.675031 252 0.012600
66 0.684480 191 0.009550
67 0.693929 190 0.009500
68 0.703378 159 0.007950
69 0.712827 143 0.007150
70 0.722276 148 0.007400
71 0.731725 130 0.006500
72 0.741174 148 0.007400
73 0.750623 135 0.006750
74 0.760072 137 0.006850
75 0.769521 140 0.007000
76 0.778969 134 0.006700
77 0.788418 156 0.007800
78 0.797867 138 0.006900
79 0.807316 116 0.005800
80 0.816765 146 0.007300
81 0.826214 174 0.008700
82 0.835663 181 0.009050
83 0.845112 201 0.010050
84 0.854561 238 0.011900
85 0.864010 260 0.013000
86 0.873459 343 0.017150
87 0.882908 409 0.020450
88 0.892357 325 0.016250
89 0.901805 276 0.013800
90 0.911254 206 0.010300
91 0.920703 250 0.012500
92 0.930152 296 0.014800
93 0.939601 242 0.012100
94 0.949050 172 0.008600
95 0.958499 90 0.004500
96 0.967948 50 0.002500
97 0.977397 41 0.002050
98 0.986846 31 0.001550
99 0.996295 1 0.000050
