0 0.457657 3 0.000150
1 0.458878 0 0.000000
2 0.460098 9 0.000450
3 0.461319 3 0.000150
4 0.462540 4 0.000200
5 0.463760 1 0.000050
6 0.464981 1 0.000050
7 0.466202 2 0.000100
8 0.467422 3 0.000150
9 0.468643 7 0.000350
10 0.469864 2 0.000100
11 0.471084 3 0.000150
12 0.472305 18 0.000900
13 0.473525 10 0.000500
14 0.474746 5 0.000250
15 0.475967 6 0.000300
16 0.477187 7 0.000350
17 0.478408 10 0.000500
18 0.479629 26 0.001300
19 0.480849 34 0.001700
20 0.482070 56 0.002800
21 0.483291 49 0.002450
22 0.484511 64 0.003200
23 0.485732 56 0.002800
24 0.486953 60 0.003000
25 0.488173 87 0.004350
26 0.489394 107 0.005350
27 0.490615 144 0.007200
28 0.491835 181 0.009050
29 0.493056 208 0.010400
30 0.494277 150 0.007500
31 0.495497 190 0.009500
32 0.496718 232 0.011600
33 0.497938 334 0.016700
34 0.499159 420 0.021000
35 0.500380 573 0.028650
36 0.501600 658 0.032900
37 0.502821 877 0.043850
38 0.504042 1286 0.064300
39 0.505262 1560 0.078000
40 0.506483 1912 0.095600
41 0.507704 2166 0.108300
42 0.508924 1953 0.097650
43 0.510145 1449 0.072450
44 0.511366 1158 0.057900
45 0.512586 732 0.036600
46 0.513807 589 0.029450
47 0.515028 475 0.023750
48 0.516248 332 0.016600
49 0.517469 225 0.011250
50 0.518690 192 0.009600
51 0.519910 161 0.008050
52 0.521131 144 0.007200
53 0.522352 115 0.005750
54 0.523572 75 0.003750
55 0.524793 81 0.004050
56 0.526013 73 0.003650
57 0.527234 76 0.003800
58 0.528455 16 0.000800
59 0.529675 31 0.001550
60 0.530896 44 0.002200
61 0.532117 51 0.002550
62 0.533337 40 0.002000
63 0.534558 45 0.002250
64 0.535779 51 0.002550
65 0.536999 31 0.001550
66 0.538220 31 0.001550
67 0.539441 30 0.001500
68 0.540661 30 0.001500
69 0.541882 21 0.001050
70 0.543103 29 0.001450
71 0.544323 20 0.001000
72 0.545544 8 0.000400
73 0.546764 14 0.000700
74 0.547985 13 0.000650
75 0.549206 8 0.000400
76 0.550426 18 0.000900
77 0.551647 2 0.000100
78 0.552868 5 0.000250
79 0.554088 7 0.000350
80 0.555309 6 0.000300
81 0.556530 8 0.000400
82 0.557750 10 0.000500
83 0.558971 6 0.000300
84 0.560192 7 0.000350
85 0.561412 10 0.000500
86 0.562633 9 0.000450
87 0.563854 4 0.000200
88 0.565074 2 0.000100
89 0.566295 5 0.000250
90 0.567516 16 0.000800
91 0.568736 5 0.000250
92 0.569957 5 0.000250
93 0.571178 1 0.000050
94 0.572398 1 0.000050
95 0.573619 0 0.000000
96 0.574839 0 0.000000
97 0.576060 2 0.000100
98 0.577281 3 0.000150
99 0.578501 1 0.000050
