0 0.003642 1 0.000050
1 0.013581 2 0.000100
2 0.023520 0 0.000000
3 0.033459 0 0.000000
4 0.043398 0 0.000000
5 0.053336 5 0.000250
6 0.063275 7 0.000350
7 0.073214 7 0.000350
8 0.083153 8 0.000400
9 0.093092 17 0.000850
10 0.103030 23 0.001150
11 0.112969 14 0.000700
12 0.122908 11 0.000550
13 0.132847 10 0.000500
14 0.142786 9 0.000450
15 0.152725 14 0.000700
16 0.162663 18 0.000900
17 0.172602 18 0.000900
18 0.182541 18 0.000900
19 0.192480 29 0.001450
20 0.202419 36 0.001800
21 0.212358 18 0.000900
22 0.222296 15 0.000750
23 0.232235 27 0.001350
24 0.242174 24 0.001200
25 0.252113 25 0.001250
26 0.262052 21 0.001050
27 0.271990 37 0.001850
28 0.281929 47 0.002350
29 0.291868 40 0.002000
30 0.301807 57 0.002850
31 0.311746 54 0.002700
32 0.321685 94 0.004700
33 0.331623 81 0.004050
34 0.341562 94 0.004700
35 0.351501 82 0.004100
36 0.361440 100 0.005000
37 0.371379 124 0.006200
38 0.381317 164 0.008200
39 0.391256 144 0.007200
40 0.401195 138 0.006900
41 0.411134 209 0.010450
42 0.421073 232 0.011600
43 0.431012 311 0.015550
44 0.440950 378 0.018900
45 0.450889 455 0.022750
46 0.460828 605 0.030250
47 0.470767 824 0.041200
48 0.480706 1214 0.060700
49 0.490645 2130 0.106500
50 0.500583 3463 0.173150
51 0.510522 2261 0.113050
52 0.520461 1423 0.071150
53 0.530400 865 0.043250
54 0.540339 646 0.032300
55 0.550277 461 0.023050
56 0.560216 374 0.018700
57 0.570155 335 0.016750
58 0.580094 318 0.015900
59 0.590033 212 0.010600
60 0.599972 188 0.009400
61 0.609910 159 0.007950
62 0.619849 132 0.006600
63 0.629788 156 0.007800
64 0.639727 95 0.004750
65 0.649666 95 0.004750
66 0.659604 96 0.004800
67 0.669543 45 0.002250
68 0.679482 84 0.004200
69 0.689421 73 0.003650
70 0.699360 43 0.002150
71 0.709299 32 0.001600
72 0.719237 34 0.001700
73 0.729176 41 0.002050
74 0.739115 24 0.001200
75 0.749054 28 0.001400
76 0.758993 29 0.001450
77 0.768932 26 0.001300
78 0.778870 27 0.001350
79 0.788809 24 0.001200
80 0.798748 30 0.001500
81 0.808687 13 0.000650
82 0.818626 18 0.000900
83 0.828564 19 0.000950
84 0.838503 21 0.001050
85 0.848442 13 0.000650
86 0.858381 14 0.000700
87 0.868320 18 0.000900
88 0.878259 7 0.000350
89 0.888197 10 0.000500
90 0.898136 4 0.000200
91 0.908075 13 0.000650
92 0.918014 10 0.000500
93 0.927953 10 0.000500
94 0.937891 7 0.000350
95 0.947830 4 0.000200
96 0.957769 4 0.000200
97 0.967708 3 0.000150
98 0.977647 1 0.000050
99 0.987586 1 0.000050
