0 0.016532 6 0.000300
1 0.026463 5 0.000250
2 0.036395 4 0.000200
3 0.046327 6 0.000300
4 0.056259 3 0.000150
5 0.066191 0 0.000000
6 0.076123 5 0.000250
7 0.086055 2 0.000100
8 0.095987 2 0.000100
9 0.105918 3 0.000150
10 0.115850 7 0.000350
11 0.125782 3 0.000150
12 0.135714 3 0.000150
13 0.145646 1 0.000050
14 0.155578 4 0.000200
15 0.165510 3 0.000150
16 0.175442 2 0.000100
17 0.185373 1 0.000050
18 0.195305 11 0.000550
19 0.205237 8 0.000400
20 0.215169 7 0.000350
21 0.225101 11 0.000550
22 0.235033 9 0.000450
23 0.244965 29 0.001450
24 0.254896 26 0.001300
25 0.264828 30 0.001500
26 0.274760 39 0.001950
27 0.284692 22 0.001100
28 0.294624 39 0.001950
29 0.304556 42 0.002100
30 0.314488 105 0.005250
31 0.324420 143 0.007150
32 0.334351 151 0.007550
33 0.344283 89 0.004450
34 0.354215 18 0.000900
35 0.364147 13 0.000650
36 0.374079 19 0.000950
37 0.384011 8 0.000400
38 0.393943 7 0.000350
39 0.403875 22 0.001100
40 0.413806 27 0.001350
41 0.423738 22 0.001100
42 0.433670 30 0.001500
43 0.443602 46 0.002300
44 0.453534 56 0.002800
45 0.463466 56 0.002800
46 0.473398 70 0.003500
47 0.483329 97 0.004850
48 0.493261 119 0.005950
49 0.503193 124 0.006200
50 0.513125 138 0.006900
51 0.523057 152 0.007600
52 0.532989 202 0.010100
53 0.542921 291 0.014550
54 0.552853 427 0.021350
55 0.562784 545 0.027250
56 0.572716 1272 0.063600
57 0.582648 2456 0.122800
58 0.592580 2716 0.135800
59 0.602512 1342 0.067100
60 0.612444 922 0.046100
61 0.622376 675 0.033750
62 0.632308 448 0.022400
63 0.642239 324 0.016200
64 0.652171 282 0.014100
65 0.662103 240 0.012000
66 0.672035 218 0.010900
67 0.681967 196 0.009800
68 0.691899 181 0.009050
69 0.701831 145 0.007250
70 0.711762 168 0.008400
71 0.721694 116 0.005800
72 0.731626 160 0.008000
73 0.741558 157 0.007850
74 0.751490 154 0.007700
75 0.761422 147 0.007350
76 0.771354 167 0.008350
77 0.781286 159 0.007950
78 0.791217 147 0.007350
79 0.801149 142 0.007100
80 0.811081 176 0.008800
81 0.821013 206 0.010300
82 0.830945 195 0.009750
83 0.840877 209 0.010450
84 0.850809 305 0.015250
85 0.860741 447 0.022350
86 0.870672 385 0.019250
87 0.880604 366 0.018300
88 0.890536 231 0.011550
89 0.900468 241 0.012050
90 0.910400 232 0.011600
91 0.920332 312 0.015600
92 0.930264 199 0.009950
93 0.940196 113 0.005650
94 0.950127 44 0.002200
95 0.960059 35 0.001750
96 0.969991 35 0.001750
97 0.979923 18 0.000900
98 0.989855 6 0.000300
99 0.999787 1 0.000050
