initializing
training size    : 359556
testing size     : 20000
epoch count      : 10
sub epoch size   : 5

epoch_learning_rate_decay   : 8
learning_rate_decay         : 0.250000

training



epoch [0 0] from [10 5]
training time per iterations 2.374018[ms]
testing on 20000 items
testing done
average error 0.002110
min error     0.000000
max error     0.236187
saving best net
best net saved to networks/disc40x20x3_no_gaussian/net_4/trained/, with error 0.002110



epoch [0 1] from [10 5]
training time per iterations 2.375256[ms]
testing on 20000 items
testing done
average error 0.001835
min error     0.000000
max error     0.244469
saving best net
best net saved to networks/disc40x20x3_no_gaussian/net_4/trained/, with error 0.001835



epoch [0 2] from [10 5]
training time per iterations 2.378162[ms]
testing on 20000 items
testing done
average error 0.001735
min error     0.000000
max error     0.231405
saving best net
best net saved to networks/disc40x20x3_no_gaussian/net_4/trained/, with error 0.001735



epoch [0 3] from [10 5]
training time per iterations 2.378510[ms]
testing on 20000 items
testing done
average error 0.001801
min error     0.000000
max error     0.244662



epoch [0 4] from [10 5]
training time per iterations 2.378913[ms]
testing on 20000 items
testing done
average error 0.001672
min error     0.000000
max error     0.255454
saving best net
best net saved to networks/disc40x20x3_no_gaussian/net_4/trained/, with error 0.001672



epoch [1 0] from [10 5]
training time per iterations 2.378412[ms]
testing on 20000 items
testing done
average error 0.001707
min error     0.000000
max error     0.267141



epoch [1 1] from [10 5]
training time per iterations 2.380735[ms]
testing on 20000 items
testing done
average error 0.001724
min error     0.000000
max error     0.259624



epoch [1 2] from [10 5]
training time per iterations 2.374838[ms]
testing on 20000 items
testing done
average error 0.001699
min error     0.000000
max error     0.254965



epoch [1 3] from [10 5]
training time per iterations 2.373545[ms]
testing on 20000 items
testing done
average error 0.001906
min error     0.000000
max error     0.249331



epoch [1 4] from [10 5]
training time per iterations 2.374199[ms]
testing on 20000 items
testing done
average error 0.001756
min error     0.000000
max error     0.257932



epoch [2 0] from [10 5]
training time per iterations 2.375019[ms]
testing on 20000 items
testing done
average error 0.001737
min error     0.000000
max error     0.221499



epoch [2 1] from [10 5]
training time per iterations 2.376076[ms]
testing on 20000 items
testing done
average error 0.001827
min error     0.000000
max error     0.236568



epoch [2 2] from [10 5]
training time per iterations 2.372850[ms]
testing on 20000 items
testing done
average error 0.001665
min error     0.000000
max error     0.263968
saving best net
best net saved to networks/disc40x20x3_no_gaussian/net_4/trained/, with error 0.001665



epoch [2 3] from [10 5]
training time per iterations 2.376632[ms]
testing on 20000 items
testing done
average error 0.001691
min error     0.000000
max error     0.251999



epoch [2 4] from [10 5]
training time per iterations 2.379483[ms]
testing on 20000 items
testing done
average error 0.001689
min error     0.000000
max error     0.251225



epoch [3 0] from [10 5]
training time per iterations 2.381472[ms]
testing on 20000 items
testing done
average error 0.001923
min error     0.000000
max error     0.248059



epoch [3 1] from [10 5]
training time per iterations 2.379692[ms]
testing on 20000 items
testing done
average error 0.001721
min error     0.000000
max error     0.235676



epoch [3 2] from [10 5]
training time per iterations 2.374393[ms]
testing on 20000 items
testing done
average error 0.001672
min error     0.000000
max error     0.255904



epoch [3 3] from [10 5]
training time per iterations 2.375395[ms]
testing on 20000 items
testing done
average error 0.001662
min error     0.000000
max error     0.235500
saving best net
best net saved to networks/disc40x20x3_no_gaussian/net_4/trained/, with error 0.001662



epoch [3 4] from [10 5]
training time per iterations 2.377369[ms]
testing on 20000 items
testing done
average error 0.001659
min error     0.000000
max error     0.262001
saving best net
best net saved to networks/disc40x20x3_no_gaussian/net_4/trained/, with error 0.001659



epoch [4 0] from [10 5]
training time per iterations 2.372502[ms]
testing on 20000 items
testing done
average error 0.001679
min error     0.000000
max error     0.259340



epoch [4 1] from [10 5]
training time per iterations 2.373712[ms]
testing on 20000 items
testing done
average error 0.001874
min error     0.000000
max error     0.246863



epoch [4 2] from [10 5]
training time per iterations 2.374797[ms]
testing on 20000 items
testing done
average error 0.001599
min error     0.000000
max error     0.251184
saving best net
best net saved to networks/disc40x20x3_no_gaussian/net_4/trained/, with error 0.001599



epoch [4 3] from [10 5]
training time per iterations 2.374755[ms]
testing on 20000 items
testing done
average error 0.001570
min error     0.000000
max error     0.237364
saving best net
best net saved to networks/disc40x20x3_no_gaussian/net_4/trained/, with error 0.001570



epoch [4 4] from [10 5]
training time per iterations 2.374671[ms]
testing on 20000 items
testing done
average error 0.001650
min error     0.000000
max error     0.241636



epoch [5 0] from [10 5]
training time per iterations 2.377147[ms]
testing on 20000 items
testing done
average error 0.001638
min error     0.000000
max error     0.240780



epoch [5 1] from [10 5]
training time per iterations 2.377147[ms]
testing on 20000 items
testing done
average error 0.001741
min error     0.000000
max error     0.234777



epoch [5 2] from [10 5]
training time per iterations 2.374644[ms]
testing on 20000 items
testing done
average error 0.001646
min error     0.000000
max error     0.242230



epoch [5 3] from [10 5]
training time per iterations 2.374824[ms]
testing on 20000 items
testing done
average error 0.001721
min error     0.000000
max error     0.240521



epoch [5 4] from [10 5]
training time per iterations 2.378496[ms]
testing on 20000 items
testing done
average error 0.001581
min error     0.000000
max error     0.271351



epoch [6 0] from [10 5]
training time per iterations 2.373531[ms]
testing on 20000 items
testing done
average error 0.001579
min error     0.000000
max error     0.253622



epoch [6 1] from [10 5]
training time per iterations 2.371251[ms]
testing on 20000 items
testing done
average error 0.001737
min error     0.000000
max error     0.234670



epoch [6 2] from [10 5]
training time per iterations 2.374338[ms]
testing on 20000 items
testing done
average error 0.001828
min error     0.000000
max error     0.241351



epoch [6 3] from [10 5]
training time per iterations 2.377008[ms]
testing on 20000 items
testing done
average error 0.001566
min error     0.000000
max error     0.238323
saving best net
best net saved to networks/disc40x20x3_no_gaussian/net_4/trained/, with error 0.001566



epoch [6 4] from [10 5]
training time per iterations 2.379997[ms]
testing on 20000 items
testing done
average error 0.001738
min error     0.000000
max error     0.235689



epoch [7 0] from [10 5]
training time per iterations 2.373740[ms]
testing on 20000 items
testing done
average error 0.001629
min error     0.000000
max error     0.237017



epoch [7 1] from [10 5]
training time per iterations 2.378690[ms]
testing on 20000 items
testing done
average error 0.001612
min error     0.000000
max error     0.262757



epoch [7 2] from [10 5]
training time per iterations 2.379511[ms]
testing on 20000 items
testing done
average error 0.001647
min error     0.000000
max error     0.235309



epoch [7 3] from [10 5]
training time per iterations 2.380735[ms]
testing on 20000 items
testing done
average error 0.001665
min error     0.000000
max error     0.250474



epoch [7 4] from [10 5]
training time per iterations 2.376410[ms]
testing on 20000 items
testing done
average error 0.001693
min error     0.000000
max error     0.254070
setting learning rate to 0.000050



epoch [8 0] from [10 5]
training time per iterations 2.375561[ms]
testing on 20000 items
testing done
average error 0.001657
min error     0.000000
max error     0.249789



epoch [8 1] from [10 5]
training time per iterations 2.376285[ms]
testing on 20000 items
testing done
average error 0.001682
min error     0.000000
max error     0.257191



epoch [8 2] from [10 5]
training time per iterations 2.375506[ms]
testing on 20000 items
testing done
average error 0.001675
min error     0.000000
max error     0.248396



epoch [8 3] from [10 5]
training time per iterations 2.373865[ms]
testing on 20000 items
testing done
average error 0.001597
min error     0.000000
max error     0.252681



epoch [8 4] from [10 5]
training time per iterations 2.379733[ms]
testing on 20000 items
testing done
average error 0.001646
min error     0.000000
max error     0.250651



epoch [9 0] from [10 5]
training time per iterations 2.382820[ms]
testing on 20000 items
testing done
average error 0.001700
min error     0.000000
max error     0.244021



epoch [9 1] from [10 5]
training time per iterations 2.375353[ms]
testing on 20000 items
testing done
average error 0.001722
min error     0.000000
max error     0.240883



epoch [9 2] from [10 5]
training time per iterations 2.373184[ms]
testing on 20000 items
testing done
average error 0.001623
min error     0.000000
max error     0.241136



epoch [9 3] from [10 5]
training time per iterations 2.368761[ms]
testing on 20000 items
testing done
average error 0.001688
min error     0.000000
max error     0.238031



epoch [9 4] from [10 5]
training time per iterations 2.373601[ms]
testing on 20000 items
testing done
average error 0.001674
min error     0.000000
max error     0.240670
training done
