0.000000 0 0 0.002110 0.000000 0.236187 0.002121 0.000000 0.274926
0.200000 0 1 0.001835 0.000000 0.244469 0.001817 0.000000 0.163872
0.400000 0 2 0.001735 0.000000 0.231405 0.001725 0.000000 0.129738
0.600000 0 3 0.001801 0.000000 0.244662 0.001784 0.000000 0.177699
0.800000 0 4 0.001672 0.000000 0.255454 0.001674 0.000000 0.198871
1.000000 1 0 0.001707 0.000000 0.267141 0.001653 0.000000 0.179855
1.200000 1 1 0.001724 0.000000 0.259624 0.001720 0.000000 0.171208
1.400000 1 2 0.001699 0.000000 0.254965 0.001721 0.000000 0.242026
1.600000 1 3 0.001906 0.000000 0.249331 0.001888 0.000000 0.229651
1.800000 1 4 0.001756 0.000000 0.257932 0.001736 0.000000 0.185773
2.000000 2 0 0.001737 0.000000 0.221499 0.001727 0.000000 0.162611
2.200000 2 1 0.001827 0.000000 0.236568 0.001819 0.000000 0.250432
2.400000 2 2 0.001665 0.000000 0.263968 0.001639 0.000000 0.187234
2.600000 2 3 0.001691 0.000000 0.251999 0.001662 0.000000 0.133526
2.800000 2 4 0.001689 0.000000 0.251225 0.001691 0.000000 0.244395
3.000000 3 0 0.001923 0.000000 0.248059 0.001890 0.000000 0.154837
3.200000 3 1 0.001721 0.000000 0.235676 0.001737 0.000000 0.222264
3.400000 3 2 0.001672 0.000000 0.255904 0.001674 0.000000 0.166372
3.600000 3 3 0.001662 0.000000 0.235500 0.001621 0.000000 0.235499
3.800000 3 4 0.001659 0.000000 0.262001 0.001646 0.000000 0.172526
4.000000 4 0 0.001679 0.000000 0.259340 0.001667 0.000000 0.218193
4.200000 4 1 0.001874 0.000000 0.246863 0.001846 0.000000 0.139464
4.400000 4 2 0.001599 0.000000 0.251184 0.001580 0.000000 0.183356
4.600000 4 3 0.001570 0.000000 0.237364 0.001523 0.000000 0.237364
4.800000 4 4 0.001650 0.000000 0.241636 0.001645 0.000000 0.208536
5.000000 5 0 0.001638 0.000000 0.240780 0.001619 0.000000 0.199403
5.200000 5 1 0.001741 0.000000 0.234777 0.001716 0.000000 0.237304
5.400000 5 2 0.001646 0.000000 0.242230 0.001598 0.000000 0.170563
5.600000 5 3 0.001721 0.000000 0.240521 0.001704 0.000000 0.180849
5.800000 5 4 0.001581 0.000000 0.271351 0.001544 0.000000 0.217846
6.000000 6 0 0.001579 0.000000 0.253622 0.001571 0.000000 0.171756
6.200000 6 1 0.001737 0.000000 0.234670 0.001712 0.000000 0.215930
6.400000 6 2 0.001828 0.000000 0.241351 0.001853 0.000000 0.170118
6.600000 6 3 0.001566 0.000000 0.238323 0.001549 0.000000 0.160207
6.800000 6 4 0.001738 0.000000 0.235689 0.001710 0.000000 0.143957
7.000000 7 0 0.001629 0.000000 0.237017 0.001589 0.000000 0.209417
7.200000 7 1 0.001612 0.000000 0.262757 0.001579 0.000000 0.241376
7.400000 7 2 0.001647 0.000000 0.235309 0.001660 0.000000 0.176926
7.600000 7 3 0.001665 0.000000 0.250474 0.001672 0.000000 0.232233
7.800000 7 4 0.001693 0.000000 0.254070 0.001679 0.000000 0.239830
8.000000 8 0 0.001657 0.000000 0.249789 0.001655 0.000000 0.203906
8.200000 8 1 0.001682 0.000000 0.257191 0.001679 0.000000 0.200961
8.400000 8 2 0.001675 0.000000 0.248396 0.001663 0.000000 0.181635
8.600000 8 3 0.001597 0.000000 0.252681 0.001599 0.000000 0.159081
8.800000 8 4 0.001646 0.000000 0.250651 0.001649 0.000000 0.185256
9.000000 9 0 0.001700 0.000000 0.244021 0.001677 0.000000 0.174639
9.200000 9 1 0.001722 0.000000 0.240883 0.001719 0.000000 0.224672
9.400000 9 2 0.001623 0.000000 0.241136 0.001615 0.000000 0.203728
9.600000 9 3 0.001688 0.000000 0.238031 0.001701 0.000000 0.225171
9.800000 9 4 0.001674 0.000000 0.240670 0.001648 0.000000 0.220771
