0 -0.078608 1 0.000050
1 -0.077314 0 0.000000
2 -0.076021 0 0.000000
3 -0.074727 0 0.000000
4 -0.073433 0 0.000000
5 -0.072139 0 0.000000
6 -0.070846 0 0.000000
7 -0.069552 0 0.000000
8 -0.068258 0 0.000000
9 -0.066965 0 0.000000
10 -0.065671 0 0.000000
11 -0.064377 0 0.000000
12 -0.063083 0 0.000000
13 -0.061790 0 0.000000
14 -0.060496 0 0.000000
15 -0.059202 0 0.000000
16 -0.057909 0 0.000000
17 -0.056615 0 0.000000
18 -0.055321 0 0.000000
19 -0.054028 0 0.000000
20 -0.052734 0 0.000000
21 -0.051440 3 0.000150
22 -0.050146 1 0.000050
23 -0.048853 0 0.000000
24 -0.047559 0 0.000000
25 -0.046265 2 0.000100
26 -0.044972 4 0.000200
27 -0.043678 4 0.000200
28 -0.042384 3 0.000150
29 -0.041091 5 0.000250
30 -0.039797 12 0.000600
31 -0.038503 8 0.000400
32 -0.037209 14 0.000700
33 -0.035916 17 0.000850
34 -0.034622 18 0.000900
35 -0.033328 18 0.000900
36 -0.032035 21 0.001050
37 -0.030741 18 0.000900
38 -0.029447 36 0.001800
39 -0.028153 32 0.001600
40 -0.026860 33 0.001650
41 -0.025566 58 0.002900
42 -0.024272 55 0.002750
43 -0.022979 45 0.002250
44 -0.021685 76 0.003800
45 -0.020391 116 0.005800
46 -0.019098 114 0.005700
47 -0.017804 191 0.009550
48 -0.016510 339 0.016950
49 -0.015216 400 0.020000
50 -0.013923 620 0.031000
51 -0.012629 855 0.042750
52 -0.011335 1390 0.069500
53 -0.010042 2297 0.114850
54 -0.008748 3062 0.153100
55 -0.007454 3010 0.150500
56 -0.006161 2346 0.117300
57 -0.004867 1614 0.080700
58 -0.003573 938 0.046900
59 -0.002279 661 0.033050
60 -0.000986 325 0.016250
61 0.000308 284 0.014200
62 0.001602 191 0.009550
63 0.002895 150 0.007500
64 0.004189 107 0.005350
65 0.005483 96 0.004800
66 0.006777 59 0.002950
67 0.008070 64 0.003200
68 0.009364 39 0.001950
69 0.010658 37 0.001850
70 0.011951 35 0.001750
71 0.013245 19 0.000950
72 0.014539 11 0.000550
73 0.015832 16 0.000800
74 0.017126 19 0.000950
75 0.018420 18 0.000900
76 0.019714 15 0.000750
77 0.021007 7 0.000350
78 0.022301 2 0.000100
79 0.023595 11 0.000550
80 0.024888 6 0.000300
81 0.026182 5 0.000250
82 0.027476 5 0.000250
83 0.028769 1 0.000050
84 0.030063 4 0.000200
85 0.031357 2 0.000100
86 0.032651 12 0.000600
87 0.033944 6 0.000300
88 0.035238 2 0.000100
89 0.036532 0 0.000000
90 0.037825 6 0.000300
91 0.039119 1 0.000050
92 0.040413 0 0.000000
93 0.041707 0 0.000000
94 0.043000 0 0.000000
95 0.044294 0 0.000000
96 0.045588 0 0.000000
97 0.046881 0 0.000000
98 0.048175 6 0.000300
99 0.049469 2 0.000100
