0 -0.480852 1 0.000050
1 -0.471808 0 0.000000
2 -0.462764 0 0.000000
3 -0.453721 0 0.000000
4 -0.444677 0 0.000000
5 -0.435633 0 0.000000
6 -0.426589 0 0.000000
7 -0.417546 0 0.000000
8 -0.408502 0 0.000000
9 -0.399458 0 0.000000
10 -0.390414 0 0.000000
11 -0.381371 1 0.000050
12 -0.372327 1 0.000050
13 -0.363283 1 0.000050
14 -0.354239 0 0.000000
15 -0.345196 2 0.000100
16 -0.336152 0 0.000000
17 -0.327108 0 0.000000
18 -0.318065 4 0.000200
19 -0.309021 0 0.000000
20 -0.299977 1 0.000050
21 -0.290933 1 0.000050
22 -0.281890 4 0.000200
23 -0.272846 5 0.000250
24 -0.263802 2 0.000100
25 -0.254758 2 0.000100
26 -0.245715 1 0.000050
27 -0.236671 3 0.000150
28 -0.227627 3 0.000150
29 -0.218583 5 0.000250
30 -0.209540 6 0.000300
31 -0.200496 21 0.001050
32 -0.191452 33 0.001650
33 -0.182409 69 0.003450
34 -0.173365 71 0.003550
35 -0.164321 66 0.003300
36 -0.155277 108 0.005400
37 -0.146234 195 0.009750
38 -0.137190 283 0.014150
39 -0.128146 240 0.012000
40 -0.119102 188 0.009400
41 -0.110059 213 0.010650
42 -0.101015 258 0.012900
43 -0.091971 500 0.025000
44 -0.082927 785 0.039250
45 -0.073884 622 0.031100
46 -0.064840 382 0.019100
47 -0.055796 456 0.022800
48 -0.046753 632 0.031600
49 -0.037709 728 0.036400
50 -0.028665 667 0.033350
51 -0.019621 969 0.048450
52 -0.010578 3799 0.189950
53 -0.001534 1728 0.086400
54 0.007510 832 0.041600
55 0.016554 1021 0.051050
56 0.025597 812 0.040600
57 0.034641 405 0.020250
58 0.043685 378 0.018900
59 0.052729 546 0.027300
60 0.061772 594 0.029700
61 0.070816 391 0.019550
62 0.079860 239 0.011950
63 0.088903 233 0.011650
64 0.097947 187 0.009350
65 0.106991 240 0.012000
66 0.116035 344 0.017200
67 0.125078 201 0.010050
68 0.134122 94 0.004700
69 0.143166 90 0.004500
70 0.152210 120 0.006000
71 0.161253 105 0.005250
72 0.170297 48 0.002400
73 0.179341 13 0.000650
74 0.188385 6 0.000300
75 0.197428 3 0.000150
76 0.206472 10 0.000500
77 0.215516 6 0.000300
78 0.224559 6 0.000300
79 0.233603 1 0.000050
80 0.242647 0 0.000000
81 0.251691 2 0.000100
82 0.260734 1 0.000050
83 0.269778 0 0.000000
84 0.278822 0 0.000000
85 0.287866 3 0.000150
86 0.296909 0 0.000000
87 0.305953 4 0.000200
88 0.314997 2 0.000100
89 0.324041 1 0.000050
90 0.333084 0 0.000000
91 0.342128 0 0.000000
92 0.351172 1 0.000050
93 0.360215 0 0.000000
94 0.369259 0 0.000000
95 0.378303 0 0.000000
96 0.387347 2 0.000100
97 0.396390 0 0.000000
98 0.405434 3 0.000150
99 0.414478 0 0.000000
