0 -0.480852 1 0.000017
1 -0.471808 0 0.000000
2 -0.462764 0 0.000000
3 -0.453721 0 0.000000
4 -0.444677 0 0.000000
5 -0.435633 0 0.000000
6 -0.426589 0 0.000000
7 -0.417546 0 0.000000
8 -0.408502 0 0.000000
9 -0.399458 0 0.000000
10 -0.390414 0 0.000000
11 -0.381371 1 0.000017
12 -0.372327 1 0.000017
13 -0.363283 1 0.000017
14 -0.354239 0 0.000000
15 -0.345196 2 0.000033
16 -0.336152 0 0.000000
17 -0.327108 0 0.000000
18 -0.318065 4 0.000067
19 -0.309021 0 0.000000
20 -0.299977 1 0.000017
21 -0.290933 1 0.000017
22 -0.281890 4 0.000067
23 -0.272846 5 0.000083
24 -0.263802 2 0.000033
25 -0.254758 2 0.000033
26 -0.245715 1 0.000017
27 -0.236671 3 0.000050
28 -0.227627 3 0.000050
29 -0.218583 5 0.000083
30 -0.209540 6 0.000100
31 -0.200496 21 0.000350
32 -0.191452 33 0.000550
33 -0.182409 69 0.001150
34 -0.173365 71 0.001183
35 -0.164321 66 0.001100
36 -0.155277 108 0.001800
37 -0.146234 195 0.003250
38 -0.137190 283 0.004717
39 -0.128146 240 0.004000
40 -0.119102 188 0.003133
41 -0.110059 213 0.003550
42 -0.101015 258 0.004300
43 -0.091971 500 0.008333
44 -0.082927 786 0.013100
45 -0.073884 623 0.010383
46 -0.064840 382 0.006367
47 -0.055796 461 0.007683
48 -0.046753 691 0.011517
49 -0.037709 988 0.016467
50 -0.028665 1984 0.033067
51 -0.019621 10867 0.181117
52 -0.010578 28968 0.482800
53 -0.001534 4404 0.073400
54 0.007510 1279 0.021317
55 0.016554 1132 0.018867
56 0.025597 849 0.014150
57 0.034641 416 0.006933
58 0.043685 386 0.006433
59 0.052729 546 0.009100
60 0.061772 594 0.009900
61 0.070816 391 0.006517
62 0.079860 239 0.003983
63 0.088903 233 0.003883
64 0.097947 187 0.003117
65 0.106991 240 0.004000
66 0.116035 344 0.005733
67 0.125078 201 0.003350
68 0.134122 94 0.001567
69 0.143166 90 0.001500
70 0.152210 120 0.002000
71 0.161253 105 0.001750
72 0.170297 48 0.000800
73 0.179341 13 0.000217
74 0.188385 6 0.000100
75 0.197428 3 0.000050
76 0.206472 10 0.000167
77 0.215516 6 0.000100
78 0.224559 6 0.000100
79 0.233603 1 0.000017
80 0.242647 0 0.000000
81 0.251691 2 0.000033
82 0.260734 1 0.000017
83 0.269778 0 0.000000
84 0.278822 0 0.000000
85 0.287866 3 0.000050
86 0.296909 0 0.000000
87 0.305953 4 0.000067
88 0.314997 2 0.000033
89 0.324041 1 0.000017
90 0.333084 0 0.000000
91 0.342128 0 0.000000
92 0.351172 1 0.000017
93 0.360215 0 0.000000
94 0.369259 0 0.000000
95 0.378303 0 0.000000
96 0.387347 2 0.000033
97 0.396390 0 0.000000
98 0.405434 3 0.000050
99 0.414478 0 0.000000
