0 -0.072495 1 0.000050
1 -0.071431 0 0.000000
2 -0.070367 0 0.000000
3 -0.069303 0 0.000000
4 -0.068239 0 0.000000
5 -0.067175 0 0.000000
6 -0.066111 0 0.000000
7 -0.065047 0 0.000000
8 -0.063983 0 0.000000
9 -0.062919 0 0.000000
10 -0.061855 0 0.000000
11 -0.060791 0 0.000000
12 -0.059727 0 0.000000
13 -0.058663 0 0.000000
14 -0.057599 0 0.000000
15 -0.056535 0 0.000000
16 -0.055471 0 0.000000
17 -0.054407 0 0.000000
18 -0.053343 0 0.000000
19 -0.052279 0 0.000000
20 -0.051215 0 0.000000
21 -0.050151 0 0.000000
22 -0.049087 0 0.000000
23 -0.048023 1 0.000050
24 -0.046959 2 0.000100
25 -0.045895 3 0.000150
26 -0.044831 0 0.000000
27 -0.043767 2 0.000100
28 -0.042703 1 0.000050
29 -0.041639 1 0.000050
30 -0.040575 4 0.000200
31 -0.039511 9 0.000450
32 -0.038448 3 0.000150
33 -0.037384 3 0.000150
34 -0.036320 9 0.000450
35 -0.035256 9 0.000450
36 -0.034192 14 0.000700
37 -0.033128 12 0.000600
38 -0.032064 27 0.001350
39 -0.031000 19 0.000950
40 -0.029936 31 0.001550
41 -0.028872 41 0.002050
42 -0.027808 50 0.002500
43 -0.026744 48 0.002400
44 -0.025680 50 0.002500
45 -0.024616 96 0.004800
46 -0.023552 150 0.007500
47 -0.022488 157 0.007850
48 -0.021424 190 0.009500
49 -0.020360 242 0.012100
50 -0.019296 274 0.013700
51 -0.018232 329 0.016450
52 -0.017168 430 0.021500
53 -0.016104 593 0.029650
54 -0.015040 787 0.039350
55 -0.013976 940 0.047000
56 -0.012912 1154 0.057700
57 -0.011848 1671 0.083550
58 -0.010784 1885 0.094250
59 -0.009720 2026 0.101300
60 -0.008656 1956 0.097800
61 -0.007592 1685 0.084250
62 -0.006528 1234 0.061700
63 -0.005464 846 0.042300
64 -0.004400 689 0.034450
65 -0.003336 551 0.027550
66 -0.002272 418 0.020900
67 -0.001208 271 0.013550
68 -0.000144 223 0.011150
69 0.000920 165 0.008250
70 0.001984 122 0.006100
71 0.003048 113 0.005650
72 0.004112 88 0.004400
73 0.005176 64 0.003200
74 0.006240 63 0.003150
75 0.007304 56 0.002800
76 0.008368 38 0.001900
77 0.009432 31 0.001550
78 0.010496 18 0.000900
79 0.011560 21 0.001050
80 0.012624 22 0.001100
81 0.013688 8 0.000400
82 0.014752 11 0.000550
83 0.015816 10 0.000500
84 0.016880 7 0.000350
85 0.017944 9 0.000450
86 0.019008 2 0.000100
87 0.020072 4 0.000200
88 0.021136 3 0.000150
89 0.022200 0 0.000000
90 0.023264 1 0.000050
91 0.024328 4 0.000200
92 0.025392 0 0.000000
93 0.026456 0 0.000000
94 0.027520 1 0.000050
95 0.028584 0 0.000000
96 0.029648 1 0.000050
97 0.030712 0 0.000000
98 0.031776 1 0.000050
99 0.032840 0 0.000000
