0 0.000000 51842 0.864033
1 0.002336 2122 0.035367
2 0.004671 1969 0.032817
3 0.007007 913 0.015217
4 0.009342 507 0.008450
5 0.011678 524 0.008733
6 0.014013 585 0.009750
7 0.016349 426 0.007100
8 0.018684 269 0.004483
9 0.021020 193 0.003217
10 0.023355 149 0.002483
11 0.025691 136 0.002267
12 0.028026 126 0.002100
13 0.030362 72 0.001200
14 0.032698 44 0.000733
15 0.035033 17 0.000283
16 0.037369 15 0.000250
17 0.039704 9 0.000150
18 0.042040 7 0.000117
19 0.044375 9 0.000150
20 0.046711 4 0.000067
21 0.049046 9 0.000150
22 0.051382 6 0.000100
23 0.053717 1 0.000017
24 0.056053 1 0.000017
25 0.058388 1 0.000017
26 0.060724 0 0.000000
27 0.063060 2 0.000033
28 0.065395 2 0.000033
29 0.067731 3 0.000050
30 0.070066 3 0.000050
31 0.072402 2 0.000033
32 0.074737 4 0.000067
33 0.077073 0 0.000000
34 0.079408 0 0.000000
35 0.081744 2 0.000033
36 0.084079 1 0.000017
37 0.086415 1 0.000017
38 0.088750 1 0.000017
39 0.091086 0 0.000000
40 0.093422 1 0.000017
41 0.095757 6 0.000100
42 0.098093 3 0.000050
43 0.100428 0 0.000000
44 0.102764 0 0.000000
45 0.105099 1 0.000017
46 0.107435 0 0.000000
47 0.109770 0 0.000000
48 0.112106 1 0.000017
49 0.114441 0 0.000000
50 0.116777 1 0.000017
51 0.119112 0 0.000000
52 0.121448 0 0.000000
53 0.123784 0 0.000000
54 0.126119 1 0.000017
55 0.128455 1 0.000017
56 0.130790 0 0.000000
57 0.133126 1 0.000017
58 0.135461 0 0.000000
59 0.137797 0 0.000000
60 0.140132 0 0.000000
61 0.142468 1 0.000017
62 0.144803 0 0.000000
63 0.147139 0 0.000000
64 0.149475 2 0.000033
65 0.151810 0 0.000000
66 0.154146 0 0.000000
67 0.156481 0 0.000000
68 0.158817 0 0.000000
69 0.161152 0 0.000000
70 0.163488 1 0.000017
71 0.165823 1 0.000017
72 0.168159 0 0.000000
73 0.170494 1 0.000017
74 0.172830 0 0.000000
75 0.175165 0 0.000000
76 0.177501 0 0.000000
77 0.179837 0 0.000000
78 0.182172 0 0.000000
79 0.184508 0 0.000000
80 0.186843 0 0.000000
81 0.189179 0 0.000000
82 0.191514 0 0.000000
83 0.193850 0 0.000000
84 0.196185 0 0.000000
85 0.198521 0 0.000000
86 0.200856 0 0.000000
87 0.203192 0 0.000000
88 0.205527 0 0.000000
89 0.207863 0 0.000000
90 0.210199 0 0.000000
91 0.212534 0 0.000000
92 0.214870 0 0.000000
93 0.217205 0 0.000000
94 0.219541 0 0.000000
95 0.221876 0 0.000000
96 0.224212 0 0.000000
97 0.226547 0 0.000000
98 0.228883 0 0.000000
99 0.231218 1 0.000017
