0 0.441112 5 0.000250
1 0.442679 1 0.000050
2 0.444247 7 0.000350
3 0.445814 1 0.000050
4 0.447381 0 0.000000
5 0.448948 5 0.000250
6 0.450515 5 0.000250
7 0.452082 14 0.000700
8 0.453649 11 0.000550
9 0.455216 6 0.000300
10 0.456784 15 0.000750
11 0.458351 10 0.000500
12 0.459918 16 0.000800
13 0.461485 9 0.000450
14 0.463052 41 0.002050
15 0.464619 38 0.001900
16 0.466186 28 0.001400
17 0.467753 24 0.001200
18 0.469321 27 0.001350
19 0.470888 27 0.001350
20 0.472455 49 0.002450
21 0.474022 49 0.002450
22 0.475589 37 0.001850
23 0.477156 45 0.002250
24 0.478723 57 0.002850
25 0.480291 62 0.003100
26 0.481858 69 0.003450
27 0.483425 65 0.003250
28 0.484992 98 0.004900
29 0.486559 117 0.005850
30 0.488126 140 0.007000
31 0.489693 142 0.007100
32 0.491260 160 0.008000
33 0.492828 230 0.011500
34 0.494395 333 0.016650
35 0.495962 383 0.019150
36 0.497529 493 0.024650
37 0.499096 638 0.031900
38 0.500663 943 0.047150
39 0.502230 1337 0.066850
40 0.503798 1704 0.085200
41 0.505365 2124 0.106200
42 0.506932 1891 0.094550
43 0.508499 1553 0.077650
44 0.510066 1506 0.075300
45 0.511633 1058 0.052900
46 0.513200 943 0.047150
47 0.514767 692 0.034600
48 0.516335 529 0.026450
49 0.517902 267 0.013350
50 0.519469 251 0.012550
51 0.521036 239 0.011950
52 0.522603 189 0.009450
53 0.524170 144 0.007200
54 0.525737 136 0.006800
55 0.527304 103 0.005150
56 0.528872 82 0.004100
57 0.530439 58 0.002900
58 0.532006 62 0.003100
59 0.533573 53 0.002650
60 0.535140 50 0.002500
61 0.536707 36 0.001800
62 0.538274 40 0.002000
63 0.539842 41 0.002050
64 0.541409 56 0.002800
65 0.542976 47 0.002350
66 0.544543 30 0.001500
67 0.546110 42 0.002100
68 0.547677 16 0.000800
69 0.549244 29 0.001450
70 0.550811 36 0.001800
71 0.552379 25 0.001250
72 0.553946 16 0.000800
73 0.555513 27 0.001350
74 0.557080 18 0.000900
75 0.558647 13 0.000650
76 0.560214 10 0.000500
77 0.561781 11 0.000550
78 0.563349 17 0.000850
79 0.564916 13 0.000650
80 0.566483 9 0.000450
81 0.568050 9 0.000450
82 0.569617 7 0.000350
83 0.571184 12 0.000600
84 0.572751 4 0.000200
85 0.574318 3 0.000150
86 0.575886 1 0.000050
87 0.577453 7 0.000350
88 0.579020 14 0.000700
89 0.580587 3 0.000150
90 0.582154 11 0.000550
91 0.583721 5 0.000250
92 0.585288 8 0.000400
93 0.586855 6 0.000300
94 0.588423 2 0.000100
95 0.589990 0 0.000000
96 0.591557 0 0.000000
97 0.593124 1 0.000050
98 0.594691 3 0.000150
99 0.596258 1 0.000050
