0 0.014752 3 0.000050
1 0.024856 1 0.000017
2 0.034960 12 0.000200
3 0.045064 16 0.000267
4 0.055168 14 0.000233
5 0.065272 8 0.000133
6 0.075376 13 0.000217
7 0.085480 25 0.000417
8 0.095584 11 0.000183
9 0.105688 17 0.000283
10 0.115792 16 0.000267
11 0.125896 16 0.000267
12 0.136000 16 0.000267
13 0.146104 15 0.000250
14 0.156208 13 0.000217
15 0.166312 16 0.000267
16 0.176416 19 0.000317
17 0.186520 24 0.000400
18 0.196624 31 0.000517
19 0.206728 28 0.000467
20 0.216832 32 0.000533
21 0.226936 31 0.000517
22 0.237040 38 0.000633
23 0.247144 46 0.000767
24 0.257248 82 0.001367
25 0.267352 70 0.001167
26 0.277456 90 0.001500
27 0.287560 96 0.001600
28 0.297663 77 0.001283
29 0.307767 122 0.002033
30 0.317871 195 0.003250
31 0.327975 226 0.003767
32 0.338079 255 0.004250
33 0.348183 132 0.002200
34 0.358287 137 0.002283
35 0.368391 128 0.002133
36 0.378495 159 0.002650
37 0.388599 179 0.002983
38 0.398703 188 0.003133
39 0.408807 273 0.004550
40 0.418911 273 0.004550
41 0.429015 353 0.005883
42 0.439119 446 0.007433
43 0.449223 533 0.008883
44 0.459327 812 0.013533
45 0.469431 1059 0.017650
46 0.479535 1815 0.030250
47 0.489639 3979 0.066317
48 0.499743 13111 0.218517
49 0.509847 8082 0.134700
50 0.519951 2537 0.042283
51 0.530055 1476 0.024600
52 0.540159 1074 0.017900
53 0.550263 887 0.014783
54 0.560367 907 0.015117
55 0.570471 933 0.015550
56 0.580575 1361 0.022683
57 0.590679 2563 0.042717
58 0.600783 2550 0.042500
59 0.610887 1654 0.027567
60 0.620991 1115 0.018583
61 0.631095 751 0.012517
62 0.641199 582 0.009700
63 0.651303 406 0.006767
64 0.661406 326 0.005433
65 0.671510 334 0.005567
66 0.681614 332 0.005533
67 0.691718 258 0.004300
68 0.701822 197 0.003283
69 0.711926 239 0.003983
70 0.722030 206 0.003433
71 0.732134 192 0.003200
72 0.742238 162 0.002700
73 0.752342 194 0.003233
74 0.762446 176 0.002933
75 0.772550 194 0.003233
76 0.782654 209 0.003483
77 0.792758 201 0.003350
78 0.802862 189 0.003150
79 0.812966 201 0.003350
80 0.823070 198 0.003300
81 0.833174 245 0.004083
82 0.843278 239 0.003983
83 0.853382 284 0.004733
84 0.863486 353 0.005883
85 0.873590 419 0.006983
86 0.883694 472 0.007867
87 0.893798 344 0.005733
88 0.903902 225 0.003750
89 0.914006 275 0.004583
90 0.924110 362 0.006033
91 0.934214 322 0.005367
92 0.944318 237 0.003950
93 0.954422 144 0.002400
94 0.964526 37 0.000617
95 0.974630 57 0.000950
96 0.984734 32 0.000533
97 0.994837 8 0.000133
98 1.004941 7 0.000117
99 1.015045 1 0.000017
