0 0.032478 1 0.000050
1 0.041284 0 0.000000
2 0.050090 0 0.000000
3 0.058896 0 0.000000
4 0.067702 0 0.000000
5 0.076508 0 0.000000
6 0.085314 0 0.000000
7 0.094120 0 0.000000
8 0.102926 0 0.000000
9 0.111732 0 0.000000
10 0.120538 3 0.000150
11 0.129344 0 0.000000
12 0.138150 0 0.000000
13 0.146956 0 0.000000
14 0.155762 1 0.000050
15 0.164568 0 0.000000
16 0.173374 0 0.000000
17 0.182180 0 0.000000
18 0.190986 0 0.000000
19 0.199792 2 0.000100
20 0.208598 1 0.000050
21 0.217404 7 0.000350
22 0.226210 6 0.000300
23 0.235016 0 0.000000
24 0.243822 5 0.000250
25 0.252628 0 0.000000
26 0.261434 0 0.000000
27 0.270240 1 0.000050
28 0.279046 2 0.000100
29 0.287852 4 0.000200
30 0.296658 9 0.000450
31 0.305464 22 0.001100
32 0.314270 63 0.003150
33 0.323076 58 0.002900
34 0.331882 63 0.003150
35 0.340688 61 0.003050
36 0.349494 84 0.004200
37 0.358300 125 0.006250
38 0.367106 292 0.014600
39 0.375912 220 0.011000
40 0.384718 227 0.011350
41 0.393524 166 0.008300
42 0.402330 249 0.012450
43 0.411136 364 0.018200
44 0.419942 638 0.031900
45 0.428748 879 0.043950
46 0.437554 388 0.019400
47 0.446360 399 0.019950
48 0.455166 544 0.027200
49 0.463972 713 0.035650
50 0.472778 716 0.035800
51 0.481584 584 0.029200
52 0.490390 754 0.037700
53 0.499196 4552 0.227600
54 0.508002 742 0.037100
55 0.516808 658 0.032900
56 0.525614 1145 0.057250
57 0.534420 659 0.032950
58 0.543226 452 0.022600
59 0.552032 465 0.023250
60 0.560838 467 0.023350
61 0.569644 762 0.038100
62 0.578450 339 0.016950
63 0.587256 304 0.015200
64 0.596062 229 0.011450
65 0.604868 243 0.012150
66 0.613674 192 0.009600
67 0.622480 430 0.021500
68 0.631286 161 0.008050
69 0.640092 84 0.004200
70 0.648898 87 0.004350
71 0.657704 114 0.005700
72 0.666510 82 0.004100
73 0.675316 76 0.003800
74 0.684122 27 0.001350
75 0.692928 17 0.000850
76 0.701734 25 0.001250
77 0.710540 10 0.000500
78 0.719346 0 0.000000
79 0.728152 0 0.000000
80 0.736958 2 0.000100
81 0.745764 2 0.000100
82 0.754570 0 0.000000
83 0.763376 2 0.000100
84 0.772182 2 0.000100
85 0.780988 1 0.000050
86 0.789794 1 0.000050
87 0.798600 3 0.000150
88 0.807406 7 0.000350
89 0.816212 0 0.000000
90 0.825018 0 0.000000
91 0.833824 0 0.000000
92 0.842630 0 0.000000
93 0.851436 1 0.000050
94 0.860242 1 0.000050
95 0.869048 0 0.000000
96 0.877854 1 0.000050
97 0.886660 1 0.000050
98 0.895466 3 0.000150
99 0.904272 0 0.000000
