0 0.013277 3 0.000150
1 0.023033 4 0.000200
2 0.032789 6 0.000300
3 0.042545 7 0.000350
4 0.052301 12 0.000600
5 0.062057 10 0.000500
6 0.071813 5 0.000250
7 0.081568 20 0.001000
8 0.091324 6 0.000300
9 0.101080 10 0.000500
10 0.110836 12 0.000600
11 0.120592 5 0.000250
12 0.130348 12 0.000600
13 0.140104 10 0.000500
14 0.149860 17 0.000850
15 0.159616 12 0.000600
16 0.169372 24 0.001200
17 0.179128 22 0.001100
18 0.188883 14 0.000700
19 0.198639 26 0.001300
20 0.208395 29 0.001450
21 0.218151 34 0.001700
22 0.227907 27 0.001350
23 0.237663 27 0.001350
24 0.247419 46 0.002300
25 0.257175 39 0.001950
26 0.266931 43 0.002150
27 0.276687 49 0.002450
28 0.286443 58 0.002900
29 0.296198 62 0.003100
30 0.305954 69 0.003450
31 0.315710 65 0.003250
32 0.325466 92 0.004600
33 0.335222 88 0.004400
34 0.344978 81 0.004050
35 0.354734 89 0.004450
36 0.364490 117 0.005850
37 0.374246 131 0.006550
38 0.384002 167 0.008350
39 0.393758 167 0.008350
40 0.403513 225 0.011250
41 0.413269 258 0.012900
42 0.423025 310 0.015500
43 0.432781 374 0.018700
44 0.442537 407 0.020350
45 0.452293 601 0.030050
46 0.462049 735 0.036750
47 0.471805 1055 0.052750
48 0.481561 1778 0.088900
49 0.491317 3218 0.160900
50 0.501073 2739 0.136950
51 0.510828 1493 0.074650
52 0.520584 921 0.046050
53 0.530340 682 0.034100
54 0.540096 470 0.023500
55 0.549852 366 0.018300
56 0.559608 364 0.018200
57 0.569364 346 0.017300
58 0.579120 253 0.012650
59 0.588876 137 0.006850
60 0.598632 171 0.008550
61 0.608388 145 0.007250
62 0.618144 123 0.006150
63 0.627899 117 0.005850
64 0.637655 97 0.004850
65 0.647411 91 0.004550
66 0.657167 83 0.004150
67 0.666923 72 0.003600
68 0.676679 78 0.003900
69 0.686435 48 0.002400
70 0.696191 47 0.002350
71 0.705947 35 0.001750
72 0.715703 44 0.002200
73 0.725459 37 0.001850
74 0.735214 30 0.001500
75 0.744970 33 0.001650
76 0.754726 23 0.001150
77 0.764482 25 0.001250
78 0.774238 29 0.001450
79 0.783994 22 0.001100
80 0.793750 13 0.000650
81 0.803506 21 0.001050
82 0.813262 15 0.000750
83 0.823018 18 0.000900
84 0.832774 6 0.000300
85 0.842530 19 0.000950
86 0.852285 11 0.000550
87 0.862041 10 0.000500
88 0.871797 5 0.000250
89 0.881553 8 0.000400
90 0.891309 9 0.000450
91 0.901065 10 0.000500
92 0.910821 15 0.000750
93 0.920577 7 0.000350
94 0.930333 16 0.000800
95 0.940089 7 0.000350
96 0.949845 5 0.000250
97 0.959600 3 0.000150
98 0.969356 2 0.000100
99 0.979112 1 0.000050
