0 0.013277 6 0.000100
1 0.023237 10 0.000167
2 0.033198 10 0.000167
3 0.043158 12 0.000200
4 0.053119 17 0.000283
5 0.063079 8 0.000133
6 0.073040 9 0.000150
7 0.083000 21 0.000350
8 0.092961 14 0.000233
9 0.102921 13 0.000217
10 0.112881 16 0.000267
11 0.122842 18 0.000300
12 0.132802 9 0.000150
13 0.142763 15 0.000250
14 0.152723 18 0.000300
15 0.162684 21 0.000350
16 0.172644 25 0.000417
17 0.182604 22 0.000367
18 0.192565 22 0.000367
19 0.202525 34 0.000567
20 0.212486 35 0.000583
21 0.222446 45 0.000750
22 0.232407 26 0.000433
23 0.242367 53 0.000883
24 0.252327 70 0.001167
25 0.262288 78 0.001300
26 0.272248 89 0.001483
27 0.282209 92 0.001533
28 0.292169 108 0.001800
29 0.302130 110 0.001833
30 0.312090 277 0.004617
31 0.322051 276 0.004600
32 0.332011 301 0.005017
33 0.341971 248 0.004133
34 0.351932 224 0.003733
35 0.361892 323 0.005383
36 0.371853 493 0.008217
37 0.381813 417 0.006950
38 0.391774 378 0.006300
39 0.401734 534 0.008900
40 0.411694 696 0.011600
41 0.421655 1315 0.021917
42 0.431615 1075 0.017917
43 0.441576 889 0.014817
44 0.451536 1211 0.020183
45 0.461497 1502 0.025033
46 0.471457 1998 0.033300
47 0.481417 2584 0.043067
48 0.491378 4434 0.073900
49 0.501338 7371 0.122850
50 0.511299 2402 0.040033
51 0.521259 2138 0.035633
52 0.531220 1826 0.030433
53 0.541180 1283 0.021383
54 0.551140 1269 0.021150
55 0.561101 1479 0.024650
56 0.571061 2010 0.033500
57 0.581022 2669 0.044483
58 0.590982 3153 0.052550
59 0.600943 1904 0.031733
60 0.610903 1318 0.021967
61 0.620864 1361 0.022683
62 0.630824 750 0.012500
63 0.640784 520 0.008667
64 0.650745 484 0.008067
65 0.660705 389 0.006483
66 0.670666 444 0.007400
67 0.680626 296 0.004933
68 0.690587 270 0.004500
69 0.700547 229 0.003817
70 0.710507 208 0.003467
71 0.720468 192 0.003200
72 0.730428 181 0.003017
73 0.740389 184 0.003067
74 0.750349 177 0.002950
75 0.760310 199 0.003317
76 0.770270 217 0.003617
77 0.780231 198 0.003300
78 0.790191 193 0.003217
79 0.800151 170 0.002833
80 0.810112 216 0.003600
81 0.820072 267 0.004450
82 0.830033 204 0.003400
83 0.839993 237 0.003950
84 0.849954 302 0.005033
85 0.859914 464 0.007733
86 0.869874 431 0.007183
87 0.879835 414 0.006900
88 0.889795 270 0.004500
89 0.899756 262 0.004367
90 0.909716 293 0.004883
91 0.919677 355 0.005917
92 0.929637 258 0.004300
93 0.939597 159 0.002650
94 0.949558 72 0.001200
95 0.959518 36 0.000600
96 0.969479 45 0.000750
97 0.979439 22 0.000367
98 0.989400 6 0.000100
99 0.999360 2 0.000033
