0 0.014752 3 0.000150
1 0.024523 1 0.000050
2 0.034295 3 0.000150
3 0.044066 10 0.000500
4 0.053837 10 0.000500
5 0.063608 5 0.000250
6 0.073379 9 0.000450
7 0.083150 13 0.000650
8 0.092921 17 0.000850
9 0.102692 11 0.000550
10 0.112463 12 0.000600
11 0.122234 13 0.000650
12 0.132005 10 0.000500
13 0.141777 7 0.000350
14 0.151548 16 0.000800
15 0.161319 11 0.000550
16 0.171090 19 0.000950
17 0.180861 18 0.000900
18 0.190632 26 0.001300
19 0.200403 26 0.001300
20 0.210174 25 0.001250
21 0.219945 25 0.001250
22 0.229716 32 0.001600
23 0.239488 31 0.001550
24 0.249259 35 0.001750
25 0.259030 43 0.002150
26 0.268801 45 0.002250
27 0.278572 52 0.002600
28 0.288343 54 0.002700
29 0.298114 47 0.002350
30 0.307885 74 0.003700
31 0.317656 70 0.003500
32 0.327427 83 0.004150
33 0.337199 73 0.003650
34 0.346970 85 0.004250
35 0.356741 98 0.004900
36 0.366512 114 0.005700
37 0.376283 94 0.004700
38 0.386054 167 0.008350
39 0.395825 173 0.008650
40 0.405596 214 0.010700
41 0.415367 238 0.011900
42 0.425138 277 0.013850
43 0.434909 345 0.017250
44 0.444681 407 0.020350
45 0.454452 449 0.022450
46 0.464223 652 0.032600
47 0.473994 901 0.045050
48 0.483765 1319 0.065950
49 0.493536 2237 0.111850
50 0.503307 3350 0.167500
51 0.513078 2055 0.102750
52 0.522849 1188 0.059400
53 0.532620 832 0.041600
54 0.542392 580 0.029000
55 0.552163 432 0.021600
56 0.561934 356 0.017800
57 0.571705 351 0.017550
58 0.581476 315 0.015750
59 0.591247 201 0.010050
60 0.601018 154 0.007700
61 0.610789 154 0.007700
62 0.620560 136 0.006800
63 0.630331 126 0.006300
64 0.640103 100 0.005000
65 0.649874 105 0.005250
66 0.659645 82 0.004100
67 0.669416 82 0.004100
68 0.679187 81 0.004050
69 0.688958 59 0.002950
70 0.698729 36 0.001800
71 0.708500 48 0.002400
72 0.718271 50 0.002500
73 0.728042 37 0.001850
74 0.737814 29 0.001450
75 0.747585 33 0.001650
76 0.757356 32 0.001600
77 0.767127 23 0.001150
78 0.776898 29 0.001450
79 0.786669 19 0.000950
80 0.796440 26 0.001300
81 0.806211 19 0.000950
82 0.815982 25 0.001250
83 0.825753 10 0.000500
84 0.835524 13 0.000650
85 0.845296 10 0.000500
86 0.855067 11 0.000550
87 0.864838 16 0.000800
88 0.874609 8 0.000400
89 0.884380 5 0.000250
90 0.894151 10 0.000500
91 0.903922 12 0.000600
92 0.913693 15 0.000750
93 0.923464 4 0.000200
94 0.933235 13 0.000650
95 0.943007 10 0.000500
96 0.952778 8 0.000400
97 0.962549 7 0.000350
98 0.972320 3 0.000150
99 0.982091 1 0.000050
