0 0.018025 5 0.000250
1 0.027937 5 0.000250
2 0.037850 6 0.000300
3 0.047762 2 0.000100
4 0.057675 2 0.000100
5 0.067587 0 0.000000
6 0.077500 2 0.000100
7 0.087412 4 0.000200
8 0.097325 6 0.000300
9 0.107237 4 0.000200
10 0.117150 5 0.000250
11 0.127062 4 0.000200
12 0.136974 1 0.000050
13 0.146887 2 0.000100
14 0.156799 1 0.000050
15 0.166712 4 0.000200
16 0.176624 1 0.000050
17 0.186537 2 0.000100
18 0.196449 3 0.000150
19 0.206362 3 0.000150
20 0.216274 2 0.000100
21 0.226187 2 0.000100
22 0.236099 4 0.000200
23 0.246012 19 0.000950
24 0.255924 29 0.001450
25 0.265837 27 0.001350
26 0.275749 44 0.002200
27 0.285662 33 0.001650
28 0.295574 31 0.001550
29 0.305487 82 0.004100
30 0.315399 116 0.005800
31 0.325312 139 0.006950
32 0.335224 130 0.006500
33 0.345137 76 0.003800
34 0.355049 19 0.000950
35 0.364962 17 0.000850
36 0.374874 19 0.000950
37 0.384786 17 0.000850
38 0.394699 20 0.001000
39 0.404611 27 0.001350
40 0.414524 31 0.001550
41 0.424436 33 0.001650
42 0.434349 32 0.001600
43 0.444261 49 0.002450
44 0.454174 40 0.002000
45 0.464086 64 0.003200
46 0.473999 79 0.003950
47 0.483911 99 0.004950
48 0.493824 130 0.006500
49 0.503736 106 0.005300
50 0.513649 147 0.007350
51 0.523561 181 0.009050
52 0.533474 217 0.010850
53 0.543386 314 0.015700
54 0.553299 419 0.020950
55 0.563211 579 0.028950
56 0.573124 1139 0.056950
57 0.583036 2204 0.110200
58 0.592948 2689 0.134450
59 0.602861 1185 0.059250
60 0.612773 940 0.047000
61 0.622686 685 0.034250
62 0.632598 434 0.021700
63 0.642511 293 0.014650
64 0.652423 259 0.012950
65 0.662336 240 0.012000
66 0.672248 223 0.011150
67 0.682161 198 0.009900
68 0.692073 203 0.010150
69 0.701986 145 0.007250
70 0.711898 172 0.008600
71 0.721811 145 0.007250
72 0.731723 153 0.007650
73 0.741636 146 0.007300
74 0.751548 146 0.007300
75 0.761461 172 0.008600
76 0.771373 192 0.009600
77 0.781286 169 0.008450
78 0.791198 167 0.008350
79 0.801111 154 0.007700
80 0.811023 185 0.009250
81 0.820935 263 0.013150
82 0.830848 188 0.009400
83 0.840760 217 0.010850
84 0.850673 298 0.014900
85 0.860585 460 0.023000
86 0.870498 416 0.020800
87 0.880410 393 0.019650
88 0.890323 264 0.013200
89 0.900235 249 0.012450
90 0.910148 281 0.014050
91 0.920060 338 0.016900
92 0.929973 248 0.012400
93 0.939885 141 0.007050
94 0.949798 66 0.003300
95 0.959710 33 0.001650
96 0.969623 42 0.002100
97 0.979535 22 0.001100
98 0.989448 6 0.000300
99 0.999360 2 0.000100
