0 0.040305 9 0.000450
1 0.050151 5 0.000250
2 0.059997 5 0.000250
3 0.069843 2 0.000100
4 0.079689 6 0.000300
5 0.089535 2 0.000100
6 0.099380 2 0.000100
7 0.109226 4 0.000200
8 0.119072 7 0.000350
9 0.128918 2 0.000100
10 0.138764 4 0.000200
11 0.148610 0 0.000000
12 0.158456 2 0.000100
13 0.168302 0 0.000000
14 0.178147 1 0.000050
15 0.187993 4 0.000200
16 0.197839 0 0.000000
17 0.207685 3 0.000150
18 0.217531 4 0.000200
19 0.227377 0 0.000000
20 0.237223 9 0.000450
21 0.247068 11 0.000550
22 0.256914 34 0.001700
23 0.266760 28 0.001400
24 0.276606 32 0.001600
25 0.286452 35 0.001750
26 0.296298 32 0.001600
27 0.306144 39 0.001950
28 0.315989 99 0.004950
29 0.325835 150 0.007500
30 0.335681 173 0.008650
31 0.345527 66 0.003300
32 0.355373 31 0.001550
33 0.365219 21 0.001050
34 0.375065 21 0.001050
35 0.384910 17 0.000850
36 0.394756 17 0.000850
37 0.404602 21 0.001050
38 0.414448 28 0.001400
39 0.424294 32 0.001600
40 0.434140 26 0.001300
41 0.443986 36 0.001800
42 0.453831 55 0.002750
43 0.463677 38 0.001900
44 0.473523 58 0.002900
45 0.483369 87 0.004350
46 0.493215 91 0.004550
47 0.503061 134 0.006700
48 0.512907 110 0.005500
49 0.522752 146 0.007300
50 0.532598 190 0.009500
51 0.542444 247 0.012350
52 0.552290 277 0.013850
53 0.562136 445 0.022250
54 0.571982 570 0.028500
55 0.581828 1084 0.054200
56 0.591673 2344 0.117200
57 0.601519 2324 0.116200
58 0.611365 1412 0.070600
59 0.621211 944 0.047200
60 0.631057 604 0.030200
61 0.640903 480 0.024000
62 0.650749 304 0.015200
63 0.660594 240 0.012000
64 0.670440 235 0.011750
65 0.680286 237 0.011850
66 0.690132 223 0.011150
67 0.699978 170 0.008500
68 0.709824 164 0.008200
69 0.719670 159 0.007950
70 0.729515 151 0.007550
71 0.739361 141 0.007050
72 0.749207 138 0.006900
73 0.759053 153 0.007650
74 0.768899 154 0.007700
75 0.778745 158 0.007900
76 0.788591 192 0.009600
77 0.798436 170 0.008500
78 0.808282 160 0.008000
79 0.818128 168 0.008400
80 0.827974 215 0.010750
81 0.837820 214 0.010700
82 0.847666 232 0.011600
83 0.857512 305 0.015250
84 0.867357 346 0.017300
85 0.877203 406 0.020300
86 0.887049 448 0.022400
87 0.896895 288 0.014400
88 0.906741 204 0.010200
89 0.916587 281 0.014050
90 0.926433 355 0.017750
91 0.936279 284 0.014200
92 0.946124 212 0.010600
93 0.955970 106 0.005300
94 0.965816 32 0.001600
95 0.975662 57 0.002850
96 0.985508 22 0.001100
97 0.995354 9 0.000450
98 1.005200 6 0.000300
99 1.015045 1 0.000050
