0 -0.084407 1 0.000050
1 -0.083021 0 0.000000
2 -0.081635 0 0.000000
3 -0.080248 0 0.000000
4 -0.078862 0 0.000000
5 -0.077476 0 0.000000
6 -0.076090 0 0.000000
7 -0.074704 0 0.000000
8 -0.073318 0 0.000000
9 -0.071932 0 0.000000
10 -0.070546 0 0.000000
11 -0.069160 0 0.000000
12 -0.067773 0 0.000000
13 -0.066387 0 0.000000
14 -0.065001 0 0.000000
15 -0.063615 0 0.000000
16 -0.062229 0 0.000000
17 -0.060843 0 0.000000
18 -0.059457 0 0.000000
19 -0.058071 0 0.000000
20 -0.056684 0 0.000000
21 -0.055298 0 0.000000
22 -0.053912 0 0.000000
23 -0.052526 0 0.000000
24 -0.051140 0 0.000000
25 -0.049754 2 0.000100
26 -0.048368 1 0.000050
27 -0.046982 2 0.000100
28 -0.045596 1 0.000050
29 -0.044209 1 0.000050
30 -0.042823 3 0.000150
31 -0.041437 1 0.000050
32 -0.040051 4 0.000200
33 -0.038665 11 0.000550
34 -0.037279 2 0.000100
35 -0.035893 5 0.000250
36 -0.034507 6 0.000300
37 -0.033121 24 0.001200
38 -0.031734 10 0.000500
39 -0.030348 28 0.001400
40 -0.028962 33 0.001650
41 -0.027576 27 0.001350
42 -0.026190 38 0.001900
43 -0.024804 55 0.002750
44 -0.023418 71 0.003550
45 -0.022032 110 0.005500
46 -0.020646 133 0.006650
47 -0.019259 116 0.005800
48 -0.017873 190 0.009500
49 -0.016487 206 0.010300
50 -0.015101 260 0.013000
51 -0.013715 432 0.021600
52 -0.012329 622 0.031100
53 -0.010943 994 0.049700
54 -0.009557 1667 0.083350
55 -0.008171 2750 0.137500
56 -0.006784 3589 0.179450
57 -0.005398 3232 0.161600
58 -0.004012 1996 0.099800
59 -0.002626 1120 0.056000
60 -0.001240 631 0.031550
61 0.000146 415 0.020750
62 0.001532 290 0.014500
63 0.002918 182 0.009100
64 0.004304 152 0.007600
65 0.005691 105 0.005250
66 0.007077 105 0.005250
67 0.008463 68 0.003400
68 0.009849 64 0.003200
69 0.011235 53 0.002650
70 0.012621 41 0.002050
71 0.014007 37 0.001850
72 0.015393 25 0.001250
73 0.016779 12 0.000600
74 0.018166 9 0.000450
75 0.019552 13 0.000650
76 0.020938 4 0.000200
77 0.022324 7 0.000350
78 0.023710 10 0.000500
79 0.025096 7 0.000350
80 0.026482 1 0.000050
81 0.027868 3 0.000150
82 0.029254 2 0.000100
83 0.030641 1 0.000050
84 0.032027 1 0.000050
85 0.033413 3 0.000150
86 0.034799 2 0.000100
87 0.036185 3 0.000150
88 0.037571 2 0.000100
89 0.038957 2 0.000100
90 0.040343 1 0.000050
91 0.041729 2 0.000100
92 0.043116 0 0.000000
93 0.044502 0 0.000000
94 0.045888 1 0.000050
95 0.047274 2 0.000100
96 0.048660 0 0.000000
97 0.050046 0 0.000000
98 0.051432 0 0.000000
99 0.052818 1 0.000050
