0 0.000000 51225 0.853750
1 0.001706 1957 0.032617
2 0.003411 1582 0.026367
3 0.005117 1220 0.020333
4 0.006823 734 0.012233
5 0.008529 394 0.006567
6 0.010234 316 0.005267
7 0.011940 373 0.006217
8 0.013646 379 0.006317
9 0.015351 346 0.005767
10 0.017057 279 0.004650
11 0.018763 257 0.004283
12 0.020468 159 0.002650
13 0.022174 137 0.002283
14 0.023880 156 0.002600
15 0.025586 113 0.001883
16 0.027291 83 0.001383
17 0.028997 69 0.001150
18 0.030703 47 0.000783
19 0.032408 21 0.000350
20 0.034114 17 0.000283
21 0.035820 18 0.000300
22 0.037525 8 0.000133
23 0.039231 15 0.000250
24 0.040937 4 0.000067
25 0.042643 3 0.000050
26 0.044348 9 0.000150
27 0.046054 6 0.000100
28 0.047760 3 0.000050
29 0.049465 4 0.000067
30 0.051171 5 0.000083
31 0.052877 9 0.000150
32 0.054582 3 0.000050
33 0.056288 4 0.000067
34 0.057994 2 0.000033
35 0.059700 2 0.000033
36 0.061405 1 0.000017
37 0.063111 1 0.000017
38 0.064817 4 0.000067
39 0.066522 3 0.000050
40 0.068228 1 0.000017
41 0.069934 6 0.000100
42 0.071639 0 0.000000
43 0.073345 3 0.000050
44 0.075051 1 0.000017
45 0.076757 2 0.000033
46 0.078462 1 0.000017
47 0.080168 2 0.000033
48 0.081874 0 0.000000
49 0.083579 1 0.000017
50 0.085285 0 0.000000
51 0.086991 0 0.000000
52 0.088696 0 0.000000
53 0.090402 0 0.000000
54 0.092108 2 0.000033
55 0.093814 0 0.000000
56 0.095519 2 0.000033
57 0.097225 0 0.000000
58 0.098931 2 0.000033
59 0.100636 0 0.000000
60 0.102342 1 0.000017
61 0.104048 1 0.000017
62 0.105753 0 0.000000
63 0.107459 1 0.000017
64 0.109165 0 0.000000
65 0.110871 1 0.000017
66 0.112576 0 0.000000
67 0.114282 0 0.000000
68 0.115988 0 0.000000
69 0.117693 0 0.000000
70 0.119399 0 0.000000
71 0.121105 1 0.000017
72 0.122810 1 0.000017
73 0.124516 0 0.000000
74 0.126222 0 0.000000
75 0.127928 0 0.000000
76 0.129633 0 0.000000
77 0.131339 0 0.000000
78 0.133045 0 0.000000
79 0.134750 0 0.000000
80 0.136456 0 0.000000
81 0.138162 0 0.000000
82 0.139867 0 0.000000
83 0.141573 0 0.000000
84 0.143279 1 0.000017
85 0.144985 0 0.000000
86 0.146690 0 0.000000
87 0.148396 0 0.000000
88 0.150102 0 0.000000
89 0.151807 0 0.000000
90 0.153513 0 0.000000
91 0.155219 0 0.000000
92 0.156924 0 0.000000
93 0.158630 0 0.000000
94 0.160336 0 0.000000
95 0.162042 0 0.000000
96 0.163747 0 0.000000
97 0.165453 0 0.000000
98 0.167159 1 0.000017
99 0.168864 1 0.000017
