0 -0.380291 1 0.000017
1 -0.372299 0 0.000000
2 -0.364307 0 0.000000
3 -0.356314 2 0.000033
4 -0.348322 0 0.000000
5 -0.340330 0 0.000000
6 -0.332338 0 0.000000
7 -0.324346 0 0.000000
8 -0.316354 1 0.000017
9 -0.308362 1 0.000017
10 -0.300369 0 0.000000
11 -0.292377 0 0.000000
12 -0.284385 3 0.000050
13 -0.276393 3 0.000050
14 -0.268401 5 0.000083
15 -0.260409 7 0.000117
16 -0.252417 2 0.000033
17 -0.244424 1 0.000017
18 -0.236432 9 0.000150
19 -0.228440 2 0.000033
20 -0.220448 1 0.000017
21 -0.212456 5 0.000083
22 -0.204464 14 0.000233
23 -0.196472 21 0.000350
24 -0.188479 24 0.000400
25 -0.180487 45 0.000750
26 -0.172495 72 0.001200
27 -0.164503 101 0.001683
28 -0.156511 133 0.002217
29 -0.148519 151 0.002517
30 -0.140527 215 0.003583
31 -0.132534 210 0.003500
32 -0.124542 193 0.003217
33 -0.116550 172 0.002867
34 -0.108558 159 0.002650
35 -0.100566 219 0.003650
36 -0.092574 332 0.005533
37 -0.084582 617 0.010283
38 -0.076589 542 0.009033
39 -0.068597 445 0.007417
40 -0.060605 418 0.006967
41 -0.052613 478 0.007967
42 -0.044621 710 0.011833
43 -0.036629 817 0.013617
44 -0.028637 1563 0.026050
45 -0.020645 5282 0.088033
46 -0.012652 26378 0.439633
47 -0.004660 12158 0.202633
48 0.003332 1801 0.030017
49 0.011324 996 0.016600
50 0.019316 868 0.014467
51 0.027308 618 0.010300
52 0.035300 421 0.007017
53 0.043293 365 0.006083
54 0.051285 508 0.008467
55 0.059277 515 0.008583
56 0.067269 410 0.006833
57 0.075261 251 0.004183
58 0.083253 201 0.003350
59 0.091245 154 0.002567
60 0.099238 148 0.002467
61 0.107230 201 0.003350
62 0.115222 237 0.003950
63 0.123214 190 0.003167
64 0.131206 151 0.002517
65 0.139198 109 0.001817
66 0.147190 66 0.001100
67 0.155183 94 0.001567
68 0.163175 66 0.001100
69 0.171167 45 0.000750
70 0.179159 13 0.000217
71 0.187151 2 0.000033
72 0.195143 9 0.000150
73 0.203135 1 0.000017
74 0.211128 12 0.000200
75 0.219120 5 0.000083
76 0.227112 7 0.000117
77 0.235104 6 0.000100
78 0.243096 1 0.000017
79 0.251088 1 0.000017
80 0.259080 2 0.000033
81 0.267073 0 0.000000
82 0.275065 2 0.000033
83 0.283057 2 0.000033
84 0.291049 0 0.000000
85 0.299041 1 0.000017
86 0.307033 1 0.000017
87 0.315025 3 0.000050
88 0.323018 2 0.000033
89 0.331010 1 0.000017
90 0.339002 0 0.000000
91 0.346994 0 0.000000
92 0.354986 0 0.000000
93 0.362978 0 0.000000
94 0.370970 0 0.000000
95 0.378963 0 0.000000
96 0.386955 0 0.000000
97 0.394947 0 0.000000
98 0.402939 1 0.000017
99 0.410931 1 0.000017
