0 -0.066735 1 0.000050
1 -0.065827 0 0.000000
2 -0.064920 0 0.000000
3 -0.064012 0 0.000000
4 -0.063104 0 0.000000
5 -0.062197 0 0.000000
6 -0.061289 1 0.000050
7 -0.060381 1 0.000050
8 -0.059474 0 0.000000
9 -0.058566 0 0.000000
10 -0.057658 0 0.000000
11 -0.056751 0 0.000000
12 -0.055843 0 0.000000
13 -0.054936 1 0.000050
14 -0.054028 0 0.000000
15 -0.053120 0 0.000000
16 -0.052213 0 0.000000
17 -0.051305 0 0.000000
18 -0.050397 0 0.000000
19 -0.049490 0 0.000000
20 -0.048582 0 0.000000
21 -0.047674 0 0.000000
22 -0.046767 0 0.000000
23 -0.045859 0 0.000000
24 -0.044952 1 0.000050
25 -0.044044 1 0.000050
26 -0.043136 2 0.000100
27 -0.042229 2 0.000100
28 -0.041321 1 0.000050
29 -0.040413 1 0.000050
30 -0.039506 5 0.000250
31 -0.038598 0 0.000000
32 -0.037690 1 0.000050
33 -0.036783 5 0.000250
34 -0.035875 7 0.000350
35 -0.034967 15 0.000750
36 -0.034060 6 0.000300
37 -0.033152 5 0.000250
38 -0.032245 11 0.000550
39 -0.031337 18 0.000900
40 -0.030429 20 0.001000
41 -0.029522 23 0.001150
42 -0.028614 34 0.001700
43 -0.027706 31 0.001550
44 -0.026799 61 0.003050
45 -0.025891 39 0.001950
46 -0.024983 51 0.002550
47 -0.024076 84 0.004200
48 -0.023168 104 0.005200
49 -0.022260 141 0.007050
50 -0.021353 159 0.007950
51 -0.020445 193 0.009650
52 -0.019538 247 0.012350
53 -0.018630 237 0.011850
54 -0.017722 269 0.013450
55 -0.016815 329 0.016450
56 -0.015907 358 0.017900
57 -0.014999 455 0.022750
58 -0.014092 482 0.024100
59 -0.013184 539 0.026950
60 -0.012276 615 0.030750
61 -0.011369 680 0.034000
62 -0.010461 976 0.048800
63 -0.009553 1120 0.056000
64 -0.008646 1426 0.071300
65 -0.007738 1685 0.084250
66 -0.006831 1641 0.082050
67 -0.005923 1647 0.082350
68 -0.005015 1514 0.075700
69 -0.004108 1192 0.059600
70 -0.003200 873 0.043650
71 -0.002292 643 0.032150
72 -0.001385 416 0.020800
73 -0.000477 315 0.015750
74 0.000431 242 0.012100
75 0.001338 167 0.008350
76 0.002246 136 0.006800
77 0.003153 136 0.006800
78 0.004061 106 0.005300
79 0.004969 84 0.004200
80 0.005876 77 0.003850
81 0.006784 59 0.002950
82 0.007692 49 0.002450
83 0.008599 42 0.002100
84 0.009507 38 0.001900
85 0.010415 32 0.001600
86 0.011322 28 0.001400
87 0.012230 24 0.001200
88 0.013138 17 0.000850
89 0.014045 24 0.001200
90 0.014953 14 0.000700
91 0.015860 8 0.000400
92 0.016768 6 0.000300
93 0.017676 15 0.000750
94 0.018583 6 0.000300
95 0.019491 2 0.000100
96 0.020399 2 0.000100
97 0.021306 1 0.000050
98 0.022214 0 0.000000
99 0.023122 1 0.000050
