0 -0.380291 1 0.000050
1 -0.372299 0 0.000000
2 -0.364307 0 0.000000
3 -0.356314 2 0.000100
4 -0.348322 0 0.000000
5 -0.340330 0 0.000000
6 -0.332338 0 0.000000
7 -0.324346 0 0.000000
8 -0.316354 1 0.000050
9 -0.308362 1 0.000050
10 -0.300369 0 0.000000
11 -0.292377 0 0.000000
12 -0.284385 3 0.000150
13 -0.276393 3 0.000150
14 -0.268401 5 0.000250
15 -0.260409 7 0.000350
16 -0.252417 2 0.000100
17 -0.244424 1 0.000050
18 -0.236432 9 0.000450
19 -0.228440 2 0.000100
20 -0.220448 1 0.000050
21 -0.212456 5 0.000250
22 -0.204464 14 0.000700
23 -0.196472 21 0.001050
24 -0.188479 24 0.001200
25 -0.180487 45 0.002250
26 -0.172495 72 0.003600
27 -0.164503 101 0.005050
28 -0.156511 133 0.006650
29 -0.148519 151 0.007550
30 -0.140527 215 0.010750
31 -0.132534 210 0.010500
32 -0.124542 193 0.009650
33 -0.116550 172 0.008600
34 -0.108558 159 0.007950
35 -0.100566 219 0.010950
36 -0.092574 332 0.016600
37 -0.084582 616 0.030800
38 -0.076589 542 0.027100
39 -0.068597 443 0.022150
40 -0.060605 416 0.020800
41 -0.052613 472 0.023600
42 -0.044621 672 0.033600
43 -0.036629 627 0.031350
44 -0.028637 571 0.028550
45 -0.020645 1127 0.056350
46 -0.012652 4174 0.208700
47 -0.004660 1356 0.067800
48 0.003332 581 0.029050
49 0.011324 685 0.034250
50 0.019316 817 0.040850
51 0.027308 608 0.030400
52 0.035300 409 0.020450
53 0.043293 362 0.018100
54 0.051285 507 0.025350
55 0.059277 515 0.025750
56 0.067269 410 0.020500
57 0.075261 251 0.012550
58 0.083253 201 0.010050
59 0.091245 154 0.007700
60 0.099238 148 0.007400
61 0.107230 201 0.010050
62 0.115222 237 0.011850
63 0.123214 190 0.009500
64 0.131206 151 0.007550
65 0.139198 109 0.005450
66 0.147190 66 0.003300
67 0.155183 94 0.004700
68 0.163175 66 0.003300
69 0.171167 45 0.002250
70 0.179159 13 0.000650
71 0.187151 2 0.000100
72 0.195143 9 0.000450
73 0.203135 1 0.000050
74 0.211128 12 0.000600
75 0.219120 5 0.000250
76 0.227112 7 0.000350
77 0.235104 6 0.000300
78 0.243096 1 0.000050
79 0.251088 1 0.000050
80 0.259080 2 0.000100
81 0.267073 0 0.000000
82 0.275065 2 0.000100
83 0.283057 2 0.000100
84 0.291049 0 0.000000
85 0.299041 1 0.000050
86 0.307033 1 0.000050
87 0.315025 3 0.000150
88 0.323018 2 0.000100
89 0.331010 1 0.000050
90 0.339002 0 0.000000
91 0.346994 0 0.000000
92 0.354986 0 0.000000
93 0.362978 0 0.000000
94 0.370970 0 0.000000
95 0.378963 0 0.000000
96 0.386955 0 0.000000
97 0.394947 0 0.000000
98 0.402939 1 0.000050
99 0.410931 1 0.000050
