0 0.427781 1 0.000050
1 0.429576 2 0.000100
2 0.431370 4 0.000200
3 0.433165 3 0.000150
4 0.434959 2 0.000100
5 0.436754 5 0.000250
6 0.438548 3 0.000150
7 0.440343 3 0.000150
8 0.442137 4 0.000200
9 0.443932 6 0.000300
10 0.445726 4 0.000200
11 0.447521 11 0.000550
12 0.449315 22 0.001100
13 0.451110 13 0.000650
14 0.452904 24 0.001200
15 0.454698 25 0.001250
16 0.456493 30 0.001500
17 0.458287 33 0.001650
18 0.460082 31 0.001550
19 0.461876 45 0.002250
20 0.463671 38 0.001900
21 0.465465 39 0.001950
22 0.467260 45 0.002250
23 0.469054 43 0.002150
24 0.470849 65 0.003250
25 0.472643 62 0.003100
26 0.474438 91 0.004550
27 0.476232 71 0.003550
28 0.478027 78 0.003900
29 0.479821 101 0.005050
30 0.481616 92 0.004600
31 0.483410 154 0.007700
32 0.485205 141 0.007050
33 0.486999 133 0.006650
34 0.488794 145 0.007250
35 0.490588 180 0.009000
36 0.492382 192 0.009600
37 0.494177 252 0.012600
38 0.495971 353 0.017650
39 0.497766 505 0.025250
40 0.499560 769 0.038450
41 0.501355 927 0.046350
42 0.503149 1112 0.055600
43 0.504944 1393 0.069650
44 0.506738 1610 0.080500
45 0.508533 1700 0.085000
46 0.510327 1760 0.088000
47 0.512122 1635 0.081750
48 0.513916 1345 0.067250
49 0.515711 986 0.049300
50 0.517505 724 0.036200
51 0.519300 508 0.025400
52 0.521094 387 0.019350
53 0.522889 263 0.013150
54 0.524683 243 0.012150
55 0.526478 187 0.009350
56 0.528272 163 0.008150
57 0.530067 130 0.006500
58 0.531861 108 0.005400
59 0.533655 110 0.005500
60 0.535450 96 0.004800
61 0.537244 95 0.004750
62 0.539039 60 0.003000
63 0.540833 67 0.003350
64 0.542628 64 0.003200
65 0.544422 63 0.003150
66 0.546217 60 0.003000
67 0.548011 38 0.001900
68 0.549806 48 0.002400
69 0.551600 28 0.001400
70 0.553395 28 0.001400
71 0.555189 30 0.001500
72 0.556984 28 0.001400
73 0.558778 20 0.001000
74 0.560573 15 0.000750
75 0.562367 4 0.000200
76 0.564162 8 0.000400
77 0.565956 11 0.000550
78 0.567751 8 0.000400
79 0.569545 6 0.000300
80 0.571339 14 0.000700
81 0.573134 6 0.000300
82 0.574928 18 0.000900
83 0.576723 4 0.000200
84 0.578517 7 0.000350
85 0.580312 5 0.000250
86 0.582106 12 0.000600
87 0.583901 14 0.000700
88 0.585695 5 0.000250
89 0.587490 4 0.000200
90 0.589284 3 0.000150
91 0.591079 3 0.000150
92 0.592873 12 0.000600
93 0.594668 1 0.000050
94 0.596462 0 0.000000
95 0.598257 1 0.000050
96 0.600051 0 0.000000
97 0.601846 0 0.000000
98 0.603640 2 0.000100
99 0.605435 1 0.000050
