0 0.116091 1 0.000050
1 0.123992 2 0.000100
2 0.131892 0 0.000000
3 0.139793 0 0.000000
4 0.147693 0 0.000000
5 0.155594 1 0.000050
6 0.163494 0 0.000000
7 0.171395 0 0.000000
8 0.179295 0 0.000000
9 0.187196 0 0.000000
10 0.195096 1 0.000050
11 0.202997 1 0.000050
12 0.210897 6 0.000300
13 0.218798 5 0.000250
14 0.226698 8 0.000400
15 0.234599 0 0.000000
16 0.242500 0 0.000000
17 0.250400 0 0.000000
18 0.258301 4 0.000200
19 0.266201 1 0.000050
20 0.274102 2 0.000100
21 0.282002 1 0.000050
22 0.289903 3 0.000150
23 0.297803 13 0.000650
24 0.305704 33 0.001650
25 0.313604 32 0.001600
26 0.321505 48 0.002400
27 0.329405 82 0.004100
28 0.337306 45 0.002250
29 0.345206 51 0.002550
30 0.353107 107 0.005350
31 0.361007 134 0.006700
32 0.368908 286 0.014300
33 0.376808 173 0.008650
34 0.384709 173 0.008650
35 0.392609 157 0.007850
36 0.400510 189 0.009450
37 0.408410 282 0.014100
38 0.416311 353 0.017650
39 0.424211 875 0.043750
40 0.432112 510 0.025500
41 0.440012 318 0.015900
42 0.447913 372 0.018600
43 0.455813 532 0.026600
44 0.463714 599 0.029950
45 0.471615 709 0.035450
46 0.479515 528 0.026400
47 0.487416 609 0.030450
48 0.495316 4266 0.213300
49 0.503217 1126 0.056300
50 0.511117 681 0.034050
51 0.519018 620 0.031000
52 0.526918 1008 0.050400
53 0.534819 533 0.026650
54 0.542719 440 0.022000
55 0.550620 335 0.016750
56 0.558520 466 0.023300
57 0.566421 629 0.031450
58 0.574321 419 0.020950
59 0.582222 328 0.016400
60 0.590122 222 0.011100
61 0.598023 188 0.009400
62 0.605923 222 0.011100
63 0.613824 167 0.008350
64 0.621724 318 0.015900
65 0.629625 243 0.012150
66 0.637525 88 0.004400
67 0.645426 48 0.002400
68 0.653326 86 0.004300
69 0.661227 59 0.002950
70 0.669127 96 0.004800
71 0.677028 65 0.003250
72 0.684929 26 0.001300
73 0.692829 10 0.000500
74 0.700729 27 0.001350
75 0.708630 13 0.000650
76 0.716531 2 0.000100
77 0.724431 1 0.000050
78 0.732332 0 0.000000
79 0.740232 1 0.000050
80 0.748133 0 0.000000
81 0.756033 0 0.000000
82 0.763934 0 0.000000
83 0.771834 2 0.000100
84 0.779735 2 0.000100
85 0.787635 4 0.000200
86 0.795536 3 0.000150
87 0.803436 4 0.000200
88 0.811337 1 0.000050
89 0.819237 0 0.000000
90 0.827138 0 0.000000
91 0.835038 0 0.000000
92 0.842939 0 0.000000
93 0.850839 0 0.000000
94 0.858740 0 0.000000
95 0.866640 1 0.000050
96 0.874541 2 0.000100
97 0.882441 0 0.000000
98 0.890342 2 0.000100
99 0.898242 0 0.000000
