0 0.029761 9 0.000450
1 0.039778 6 0.000300
2 0.049795 4 0.000200
3 0.059812 6 0.000300
4 0.069829 11 0.000550
5 0.079846 2 0.000100
6 0.089863 5 0.000250
7 0.099881 5 0.000250
8 0.109898 2 0.000100
9 0.119915 0 0.000000
10 0.129932 2 0.000100
11 0.139949 3 0.000150
12 0.149966 7 0.000350
13 0.159984 2 0.000100
14 0.170001 3 0.000150
15 0.180018 2 0.000100
16 0.190035 0 0.000000
17 0.200052 3 0.000150
18 0.210069 0 0.000000
19 0.220087 0 0.000000
20 0.230104 1 0.000050
21 0.240121 8 0.000400
22 0.250138 23 0.001150
23 0.260155 18 0.000900
24 0.270172 47 0.002350
25 0.280190 29 0.001450
26 0.290207 33 0.001650
27 0.300224 51 0.002550
28 0.310241 99 0.004950
29 0.320258 187 0.009350
30 0.330275 136 0.006800
31 0.340293 51 0.002550
32 0.350310 33 0.001650
33 0.360327 18 0.000900
34 0.370344 22 0.001100
35 0.380361 13 0.000650
36 0.390378 10 0.000500
37 0.400396 23 0.001150
38 0.410413 27 0.001350
39 0.420430 23 0.001150
40 0.430447 29 0.001450
41 0.440464 24 0.001200
42 0.450481 43 0.002150
43 0.460499 74 0.003700
44 0.470516 60 0.003000
45 0.480533 79 0.003950
46 0.490550 115 0.005750
47 0.500567 154 0.007700
48 0.510584 131 0.006550
49 0.520602 135 0.006750
50 0.530619 216 0.010800
51 0.540636 222 0.011100
52 0.550653 316 0.015800
53 0.560670 465 0.023250
54 0.570687 660 0.033000
55 0.580705 1244 0.062200
56 0.590722 2356 0.117800
57 0.600739 2049 0.102450
58 0.610756 1270 0.063500
59 0.620773 880 0.044000
60 0.630790 679 0.033950
61 0.640808 454 0.022700
62 0.650825 286 0.014300
63 0.660842 291 0.014550
64 0.670859 241 0.012050
65 0.680876 232 0.011600
66 0.690893 198 0.009900
67 0.700910 184 0.009200
68 0.710928 130 0.006500
69 0.720945 163 0.008150
70 0.730962 148 0.007400
71 0.740979 169 0.008450
72 0.750996 174 0.008700
73 0.761013 158 0.007900
74 0.771031 189 0.009450
75 0.781048 186 0.009300
76 0.791065 186 0.009300
77 0.801082 161 0.008050
78 0.811099 170 0.008500
79 0.821116 211 0.010550
80 0.831134 194 0.009700
81 0.841151 225 0.011250
82 0.851168 237 0.011850
83 0.861185 304 0.015200
84 0.871202 356 0.017800
85 0.881219 459 0.022950
86 0.891237 389 0.019450
87 0.901254 278 0.013900
88 0.911271 252 0.012600
89 0.921288 227 0.011350
90 0.931305 314 0.015700
91 0.941322 337 0.016850
92 0.951340 141 0.007050
93 0.961357 81 0.004050
94 0.971374 52 0.002600
95 0.981391 47 0.002350
96 0.991408 28 0.001400
97 1.001425 16 0.000800
98 1.011443 6 0.000300
99 1.021460 1 0.000050
