0 0.013912 1 0.000017
1 0.024089 6 0.000100
2 0.034266 10 0.000167
3 0.044444 17 0.000283
4 0.054621 19 0.000317
5 0.064798 20 0.000333
6 0.074975 17 0.000283
7 0.085153 20 0.000333
8 0.095330 19 0.000317
9 0.105507 9 0.000150
10 0.115684 14 0.000233
11 0.125862 8 0.000133
12 0.136039 12 0.000200
13 0.146216 13 0.000217
14 0.156393 15 0.000250
15 0.166571 16 0.000267
16 0.176748 21 0.000350
17 0.186925 24 0.000400
18 0.197102 38 0.000633
19 0.207280 27 0.000450
20 0.217457 26 0.000433
21 0.227634 29 0.000483
22 0.237811 37 0.000617
23 0.247989 33 0.000550
24 0.258166 70 0.001167
25 0.268343 101 0.001683
26 0.278520 94 0.001567
27 0.288698 89 0.001483
28 0.298875 141 0.002350
29 0.309052 172 0.002867
30 0.319229 272 0.004533
31 0.329407 245 0.004083
32 0.339584 145 0.002417
33 0.349761 121 0.002017
34 0.359938 130 0.002167
35 0.370116 148 0.002467
36 0.380293 157 0.002617
37 0.390470 169 0.002817
38 0.400647 200 0.003333
39 0.410825 282 0.004700
40 0.421002 286 0.004767
41 0.431179 355 0.005917
42 0.441356 506 0.008433
43 0.451534 726 0.012100
44 0.461711 1017 0.016950
45 0.471888 1415 0.023583
46 0.482065 2116 0.035267
47 0.492243 5195 0.086583
48 0.502420 12017 0.200283
49 0.512597 7046 0.117433
50 0.522774 2427 0.040450
51 0.532952 1485 0.024750
52 0.543129 1060 0.017667
53 0.553306 872 0.014533
54 0.563483 958 0.015967
55 0.573661 1207 0.020117
56 0.583838 1925 0.032083
57 0.594015 2803 0.046717
58 0.604192 1816 0.030267
59 0.614370 1311 0.021850
60 0.624547 991 0.016517
61 0.634724 700 0.011667
62 0.644901 444 0.007400
63 0.655079 410 0.006833
64 0.665256 382 0.006367
65 0.675433 345 0.005750
66 0.685610 304 0.005067
67 0.695788 241 0.004017
68 0.705965 201 0.003350
69 0.716142 189 0.003150
70 0.726319 220 0.003667
71 0.736497 169 0.002817
72 0.746674 235 0.003917
73 0.756851 198 0.003300
74 0.767028 197 0.003283
75 0.777206 223 0.003717
76 0.787383 230 0.003833
77 0.797560 198 0.003300
78 0.807737 172 0.002867
79 0.817915 215 0.003583
80 0.828092 251 0.004183
81 0.838269 225 0.003750
82 0.848446 225 0.003750
83 0.858624 335 0.005583
84 0.868801 354 0.005900
85 0.878978 430 0.007167
86 0.889155 450 0.007500
87 0.899333 318 0.005300
88 0.909510 265 0.004417
89 0.919687 246 0.004100
90 0.929864 328 0.005467
91 0.940042 335 0.005583
92 0.950219 178 0.002967
93 0.960396 100 0.001667
94 0.970573 61 0.001017
95 0.980751 48 0.000800
96 0.990928 33 0.000550
97 1.001105 17 0.000283
98 1.011282 6 0.000100
99 1.021460 1 0.000017
