0 0.011722 2 0.000100
1 0.021466 3 0.000150
2 0.031211 7 0.000350
3 0.040956 5 0.000250
4 0.050700 13 0.000650
5 0.060445 14 0.000700
6 0.070190 9 0.000450
7 0.079934 12 0.000600
8 0.089679 10 0.000500
9 0.099424 5 0.000250
10 0.109168 6 0.000300
11 0.118913 8 0.000400
12 0.128658 14 0.000700
13 0.138403 8 0.000400
14 0.148147 9 0.000450
15 0.157892 15 0.000750
16 0.167637 13 0.000650
17 0.177381 18 0.000900
18 0.187126 26 0.001300
19 0.196871 18 0.000900
20 0.206615 33 0.001650
21 0.216360 29 0.001450
22 0.226105 22 0.001100
23 0.235849 29 0.001450
24 0.245594 22 0.001100
25 0.255339 39 0.001950
26 0.265083 49 0.002450
27 0.274828 70 0.003500
28 0.284573 58 0.002900
29 0.294318 65 0.003250
30 0.304062 83 0.004150
31 0.313807 76 0.003800
32 0.323552 85 0.004250
33 0.333296 94 0.004700
34 0.343041 73 0.003650
35 0.352786 94 0.004700
36 0.362530 141 0.007050
37 0.372275 103 0.005150
38 0.382020 158 0.007900
39 0.391764 185 0.009250
40 0.401509 209 0.010450
41 0.411254 241 0.012050
42 0.420999 250 0.012500
43 0.430743 344 0.017200
44 0.440488 398 0.019900
45 0.450233 566 0.028300
46 0.459977 735 0.036750
47 0.469722 983 0.049150
48 0.479467 1566 0.078300
49 0.489211 2846 0.142300
50 0.498956 3055 0.152750
51 0.508701 1583 0.079150
52 0.518445 1058 0.052900
53 0.528190 681 0.034050
54 0.537935 485 0.024250
55 0.547679 396 0.019800
56 0.557424 371 0.018550
57 0.567169 334 0.016700
58 0.576914 261 0.013050
59 0.586658 199 0.009950
60 0.596403 158 0.007900
61 0.606148 128 0.006400
62 0.615892 176 0.008800
63 0.625637 120 0.006000
64 0.635382 107 0.005350
65 0.645126 121 0.006050
66 0.654871 94 0.004700
67 0.664616 84 0.004200
68 0.674360 92 0.004600
69 0.684105 63 0.003150
70 0.693850 51 0.002550
71 0.703594 36 0.001800
72 0.713339 44 0.002200
73 0.723084 32 0.001600
74 0.732829 29 0.001450
75 0.742573 31 0.001550
76 0.752318 34 0.001700
77 0.762063 32 0.001600
78 0.771807 24 0.001200
79 0.781552 18 0.000900
80 0.791297 23 0.001150
81 0.801041 16 0.000800
82 0.810786 18 0.000900
83 0.820531 22 0.001100
84 0.830275 14 0.000700
85 0.840020 15 0.000750
86 0.849765 22 0.001100
87 0.859509 7 0.000350
88 0.869254 10 0.000500
89 0.878999 15 0.000750
90 0.888744 9 0.000450
91 0.898488 6 0.000300
92 0.908233 13 0.000650
93 0.917978 11 0.000550
94 0.927722 14 0.000700
95 0.937467 8 0.000400
96 0.947212 4 0.000200
97 0.956956 4 0.000200
98 0.966701 11 0.000550
99 0.976446 0 0.000000
