0 0.011722 6 0.000100
1 0.021703 8 0.000133
2 0.031685 11 0.000183
3 0.041666 19 0.000317
4 0.051648 17 0.000283
5 0.061629 16 0.000267
6 0.071611 8 0.000133
7 0.081592 22 0.000367
8 0.091574 13 0.000217
9 0.101555 7 0.000117
10 0.111537 10 0.000167
11 0.121518 17 0.000283
12 0.131500 9 0.000150
13 0.141482 13 0.000217
14 0.151463 16 0.000267
15 0.161445 19 0.000317
16 0.171426 20 0.000333
17 0.181408 23 0.000383
18 0.191389 28 0.000467
19 0.201371 28 0.000467
20 0.211352 38 0.000633
21 0.221334 39 0.000650
22 0.231315 32 0.000533
23 0.241297 31 0.000517
24 0.251278 61 0.001017
25 0.261260 69 0.001150
26 0.271241 106 0.001767
27 0.281223 91 0.001517
28 0.291205 109 0.001817
29 0.301186 152 0.002533
30 0.311168 237 0.003950
31 0.321149 269 0.004483
32 0.331131 343 0.005717
33 0.341112 213 0.003550
34 0.351094 260 0.004333
35 0.361075 330 0.005500
36 0.371057 472 0.007867
37 0.381038 390 0.006500
38 0.391020 377 0.006283
39 0.401001 514 0.008567
40 0.410983 647 0.010783
41 0.420964 1198 0.019967
42 0.430946 1066 0.017767
43 0.440928 873 0.014550
44 0.450909 1216 0.020267
45 0.460891 1550 0.025833
46 0.470872 1999 0.033317
47 0.480854 2515 0.041917
48 0.490835 4200 0.070000
49 0.500817 7774 0.129567
50 0.510798 2430 0.040500
51 0.520780 2156 0.035933
52 0.530761 1795 0.029917
53 0.540743 1234 0.020567
54 0.550724 1283 0.021383
55 0.560706 1490 0.024833
56 0.570687 2055 0.034250
57 0.580669 2441 0.040683
58 0.590651 3078 0.051300
59 0.600632 1900 0.031667
60 0.610614 1322 0.022033
61 0.620595 1386 0.023100
62 0.630577 827 0.013783
63 0.640558 530 0.008833
64 0.650540 545 0.009083
65 0.660521 397 0.006617
66 0.670503 474 0.007900
67 0.680484 303 0.005050
68 0.690466 259 0.004317
69 0.700447 232 0.003867
70 0.710429 217 0.003617
71 0.720410 193 0.003217
72 0.730392 199 0.003317
73 0.740373 195 0.003250
74 0.750355 215 0.003583
75 0.760337 194 0.003233
76 0.770318 235 0.003917
77 0.780300 189 0.003150
78 0.790281 206 0.003433
79 0.800263 192 0.003200
80 0.810244 215 0.003583
81 0.820226 273 0.004550
82 0.830207 215 0.003583
83 0.840189 268 0.004467
84 0.850170 330 0.005500
85 0.860152 472 0.007867
86 0.870134 404 0.006733
87 0.880115 399 0.006650
88 0.890097 276 0.004600
89 0.900078 272 0.004533
90 0.910060 265 0.004417
91 0.920041 332 0.005533
92 0.930023 279 0.004650
93 0.940004 148 0.002467
94 0.949986 71 0.001183
95 0.959967 47 0.000783
96 0.969949 51 0.000850
97 0.979930 23 0.000383
98 0.989912 7 0.000117
99 0.999893 0 0.000000
