0 0.013912 1 0.000050
1 0.023709 1 0.000050
2 0.033505 4 0.000200
3 0.043302 10 0.000500
4 0.053098 9 0.000450
5 0.062895 16 0.000800
6 0.072691 7 0.000350
7 0.082488 11 0.000550
8 0.092284 20 0.001000
9 0.102081 7 0.000350
10 0.111877 10 0.000500
11 0.121674 9 0.000450
12 0.131470 6 0.000300
13 0.141267 11 0.000550
14 0.151064 6 0.000300
15 0.160860 16 0.000800
16 0.170657 12 0.000600
17 0.180453 22 0.001100
18 0.190250 26 0.001300
19 0.200046 32 0.001600
20 0.209843 19 0.000950
21 0.219639 31 0.001550
22 0.229436 23 0.001150
23 0.239232 30 0.001500
24 0.249029 20 0.001000
25 0.258825 43 0.002150
26 0.268622 54 0.002700
27 0.278419 63 0.003150
28 0.288215 57 0.002850
29 0.298012 79 0.003950
30 0.307808 88 0.004400
31 0.317605 85 0.004250
32 0.327401 96 0.004800
33 0.337198 80 0.004000
34 0.346994 76 0.003800
35 0.356791 111 0.005550
36 0.366587 117 0.005850
37 0.376384 123 0.006150
38 0.386180 145 0.007250
39 0.395977 169 0.008450
40 0.405774 196 0.009800
41 0.415570 255 0.012750
42 0.425367 257 0.012850
43 0.435163 358 0.017900
44 0.444960 392 0.019600
45 0.454756 560 0.028000
46 0.464553 700 0.035000
47 0.474349 961 0.048050
48 0.484146 1324 0.066200
49 0.493942 2526 0.126300
50 0.503739 3269 0.163450
51 0.513535 1671 0.083550
52 0.523332 1134 0.056700
53 0.533129 721 0.036050
54 0.542925 542 0.027100
55 0.552722 371 0.018550
56 0.562518 368 0.018400
57 0.572315 351 0.017550
58 0.582111 308 0.015400
59 0.591908 203 0.010150
60 0.601704 150 0.007500
61 0.611501 159 0.007950
62 0.621297 175 0.008750
63 0.631094 122 0.006100
64 0.640890 93 0.004650
65 0.650687 107 0.005350
66 0.660484 112 0.005600
67 0.670280 106 0.005300
68 0.680077 91 0.004550
69 0.689873 68 0.003400
70 0.699670 52 0.002600
71 0.709466 34 0.001700
72 0.719263 45 0.002250
73 0.729059 41 0.002050
74 0.738856 35 0.001750
75 0.748652 42 0.002100
76 0.758449 22 0.001100
77 0.768246 30 0.001500
78 0.778042 25 0.001250
79 0.787839 24 0.001200
80 0.797635 26 0.001300
81 0.807432 21 0.001050
82 0.817228 22 0.001100
83 0.827025 15 0.000750
84 0.836821 17 0.000850
85 0.846618 11 0.000550
86 0.856414 21 0.001050
87 0.866211 13 0.000650
88 0.876007 8 0.000400
89 0.885804 9 0.000450
90 0.895600 17 0.000850
91 0.905397 15 0.000750
92 0.915194 5 0.000250
93 0.924990 12 0.000600
94 0.934787 7 0.000350
95 0.944583 12 0.000600
96 0.954380 8 0.000400
97 0.964176 7 0.000350
98 0.973973 8 0.000400
99 0.983769 1 0.000050
