0 0.016425 7 0.000350
1 0.026359 3 0.000150
2 0.036293 7 0.000350
3 0.046227 9 0.000450
4 0.056161 4 0.000200
5 0.066095 0 0.000000
6 0.076029 7 0.000350
7 0.085963 4 0.000200
8 0.095897 2 0.000100
9 0.105831 5 0.000250
10 0.115765 1 0.000050
11 0.125699 1 0.000050
12 0.135633 3 0.000150
13 0.145567 2 0.000100
14 0.155501 5 0.000250
15 0.165435 6 0.000300
16 0.175369 3 0.000150
17 0.185303 0 0.000000
18 0.195237 3 0.000150
19 0.205171 0 0.000000
20 0.215105 0 0.000000
21 0.225039 1 0.000050
22 0.234973 5 0.000250
23 0.244907 14 0.000700
24 0.254842 25 0.001250
25 0.264776 21 0.001050
26 0.274710 40 0.002000
27 0.284644 29 0.001450
28 0.294578 32 0.001600
29 0.304512 69 0.003450
30 0.314446 111 0.005550
31 0.324380 132 0.006600
32 0.334314 147 0.007350
33 0.344248 82 0.004100
34 0.354182 17 0.000850
35 0.364116 17 0.000850
36 0.374050 15 0.000750
37 0.383984 14 0.000700
38 0.393918 11 0.000550
39 0.403852 23 0.001150
40 0.413786 30 0.001500
41 0.423720 30 0.001500
42 0.433654 18 0.000900
43 0.443588 43 0.002150
44 0.453522 48 0.002400
45 0.463456 73 0.003650
46 0.473390 75 0.003750
47 0.483324 87 0.004350
48 0.493258 144 0.007200
49 0.503192 136 0.006800
50 0.513126 153 0.007650
51 0.523060 180 0.009000
52 0.532994 226 0.011300
53 0.542928 270 0.013500
54 0.552862 439 0.021950
55 0.562796 557 0.027850
56 0.572730 1170 0.058500
57 0.582664 2118 0.105900
58 0.592598 2416 0.120800
59 0.602532 1297 0.064850
60 0.612466 907 0.045350
61 0.622400 770 0.038500
62 0.632334 458 0.022900
63 0.642268 323 0.016150
64 0.652202 321 0.016050
65 0.662136 232 0.011600
66 0.672071 237 0.011850
67 0.682005 189 0.009450
68 0.691939 192 0.009600
69 0.701873 154 0.007700
70 0.711807 168 0.008400
71 0.721741 145 0.007250
72 0.731675 184 0.009200
73 0.741609 157 0.007850
74 0.751543 168 0.008400
75 0.761477 169 0.008450
76 0.771411 200 0.010000
77 0.781345 170 0.008500
78 0.791279 189 0.009450
79 0.801213 156 0.007800
80 0.811147 200 0.010000
81 0.821081 243 0.012150
82 0.831015 211 0.010550
83 0.840949 253 0.012650
84 0.850883 304 0.015200
85 0.860817 475 0.023750
86 0.870751 391 0.019550
87 0.880685 370 0.018500
88 0.890619 272 0.013600
89 0.900553 260 0.013000
90 0.910487 245 0.012250
91 0.920421 321 0.016050
92 0.930355 263 0.013150
93 0.940289 135 0.006750
94 0.950223 67 0.003350
95 0.960157 43 0.002150
96 0.970091 42 0.002100
97 0.980025 22 0.001100
98 0.989959 6 0.000300
99 0.999893 1 0.000050
