initializing
training size    : 359556
testing size     : 20000
epoch count      : 10
sub epoch size   : 5

epoch_learning_rate_decay   : 8
learning_rate_decay         : 0.250000

training



epoch [0 0] from [10 5]
training time per iterations 2.282210[ms]
testing on 20000 items
testing done
average error 0.003870
min error     0.000000
max error     0.214573
saving best net
best net saved to networks/disc8x8x3/net_5_depth/trained/, with error 0.003870



epoch [0 1] from [10 5]
training time per iterations 2.289385[ms]
testing on 20000 items
testing done
average error 0.003168
min error     0.000000
max error     0.216936
saving best net
best net saved to networks/disc8x8x3/net_5_depth/trained/, with error 0.003168



epoch [0 2] from [10 5]
training time per iterations 2.290025[ms]
testing on 20000 items
testing done
average error 0.002718
min error     0.000000
max error     0.222092
saving best net
best net saved to networks/disc8x8x3/net_5_depth/trained/, with error 0.002718



epoch [0 3] from [10 5]
training time per iterations 2.279415[ms]
testing on 20000 items
testing done
average error 0.002462
min error     0.000000
max error     0.234954
saving best net
best net saved to networks/disc8x8x3/net_5_depth/trained/, with error 0.002462



epoch [0 4] from [10 5]
training time per iterations 2.283128[ms]
testing on 20000 items
testing done
average error 0.002536
min error     0.000000
max error     0.218987



epoch [1 0] from [10 5]
training time per iterations 2.286563[ms]
testing on 20000 items
testing done
average error 0.002334
min error     0.000000
max error     0.212644
saving best net
best net saved to networks/disc8x8x3/net_5_depth/trained/, with error 0.002334



epoch [1 1] from [10 5]
training time per iterations 2.284491[ms]
testing on 20000 items
testing done
average error 0.002195
min error     0.000000
max error     0.227308
saving best net
best net saved to networks/disc8x8x3/net_5_depth/trained/, with error 0.002195



epoch [1 2] from [10 5]
training time per iterations 2.283100[ms]
testing on 20000 items
testing done
average error 0.002312
min error     0.000000
max error     0.216915



epoch [1 3] from [10 5]
training time per iterations 2.281111[ms]
testing on 20000 items
testing done
average error 0.002066
min error     0.000000
max error     0.216623
saving best net
best net saved to networks/disc8x8x3/net_5_depth/trained/, with error 0.002066



epoch [1 4] from [10 5]
training time per iterations 2.287439[ms]
testing on 20000 items
testing done
average error 0.002007
min error     0.000000
max error     0.220940
saving best net
best net saved to networks/disc8x8x3/net_5_depth/trained/, with error 0.002007



epoch [2 0] from [10 5]
training time per iterations 2.284463[ms]
testing on 20000 items
testing done
average error 0.002056
min error     0.000000
max error     0.219926



epoch [2 1] from [10 5]
training time per iterations 2.284574[ms]
testing on 20000 items
testing done
average error 0.002015
min error     0.000000
max error     0.213990



epoch [2 2] from [10 5]
training time per iterations 2.286743[ms]
testing on 20000 items
testing done
average error 0.001933
min error     0.000000
max error     0.227659
saving best net
best net saved to networks/disc8x8x3/net_5_depth/trained/, with error 0.001933



epoch [2 3] from [10 5]
training time per iterations 2.283809[ms]
testing on 20000 items
testing done
average error 0.001874
min error     0.000000
max error     0.219413
saving best net
best net saved to networks/disc8x8x3/net_5_depth/trained/, with error 0.001874



epoch [2 4] from [10 5]
training time per iterations 2.283100[ms]
testing on 20000 items
testing done
average error 0.002003
min error     0.000000
max error     0.219000



epoch [3 0] from [10 5]
training time per iterations 2.281570[ms]
testing on 20000 items
testing done
average error 0.001938
min error     0.000000
max error     0.221971



epoch [3 1] from [10 5]
training time per iterations 2.280666[ms]
testing on 20000 items
testing done
average error 0.001887
min error     0.000000
max error     0.211763



epoch [3 2] from [10 5]
training time per iterations 2.285200[ms]
testing on 20000 items
testing done
average error 0.001847
min error     0.000000
max error     0.213363
saving best net
best net saved to networks/disc8x8x3/net_5_depth/trained/, with error 0.001847



epoch [3 3] from [10 5]
training time per iterations 2.279415[ms]
testing on 20000 items
testing done
average error 0.002037
min error     0.000000
max error     0.214397



epoch [3 4] from [10 5]
training time per iterations 2.281000[ms]
testing on 20000 items
testing done
average error 0.001835
min error     0.000000
max error     0.225119
saving best net
best net saved to networks/disc8x8x3/net_5_depth/trained/, with error 0.001835



epoch [4 0] from [10 5]
training time per iterations 2.285714[ms]
testing on 20000 items
testing done
average error 0.001811
min error     0.000000
max error     0.220775
saving best net
best net saved to networks/disc8x8x3/net_5_depth/trained/, with error 0.001811



epoch [4 1] from [10 5]
training time per iterations 2.291610[ms]
testing on 20000 items
testing done
average error 0.001905
min error     0.000000
max error     0.201758



epoch [4 2] from [10 5]
training time per iterations 2.285520[ms]
testing on 20000 items
testing done
average error 0.001899
min error     0.000000
max error     0.213965



epoch [4 3] from [10 5]
training time per iterations 2.283267[ms]
testing on 20000 items
testing done
average error 0.001816
min error     0.000000
max error     0.217893



epoch [4 4] from [10 5]
training time per iterations 2.280374[ms]
testing on 20000 items
testing done
average error 0.001831
min error     0.000000
max error     0.213438



epoch [5 0] from [10 5]
training time per iterations 2.280138[ms]
testing on 20000 items
testing done
average error 0.001868
min error     0.000000
max error     0.212910



epoch [5 1] from [10 5]
training time per iterations 2.276564[ms]
testing on 20000 items
testing done
average error 0.001793
min error     0.000000
max error     0.224114
saving best net
best net saved to networks/disc8x8x3/net_5_depth/trained/, with error 0.001793



epoch [5 2] from [10 5]
training time per iterations 2.277510[ms]
testing on 20000 items
testing done
average error 0.001775
min error     0.000000
max error     0.211617
saving best net
best net saved to networks/disc8x8x3/net_5_depth/trained/, with error 0.001775



epoch [5 3] from [10 5]
training time per iterations 2.281626[ms]
testing on 20000 items
testing done
average error 0.001775
min error     0.000000
max error     0.215621
saving best net
best net saved to networks/disc8x8x3/net_5_depth/trained/, with error 0.001775



epoch [5 4] from [10 5]
training time per iterations 2.283406[ms]
testing on 20000 items
testing done
average error 0.001885
min error     0.000000
max error     0.209045



epoch [6 0] from [10 5]
training time per iterations 2.284185[ms]
testing on 20000 items
testing done
average error 0.001742
min error     0.000000
max error     0.212827
saving best net
best net saved to networks/disc8x8x3/net_5_depth/trained/, with error 0.001742



epoch [6 1] from [10 5]
training time per iterations 2.289274[ms]
testing on 20000 items
testing done
average error 0.001899
min error     0.000000
max error     0.204108



epoch [6 2] from [10 5]
training time per iterations 2.279776[ms]
testing on 20000 items
testing done
average error 0.001801
min error     0.000000
max error     0.203733



epoch [6 3] from [10 5]
training time per iterations 2.284393[ms]
testing on 20000 items
testing done
average error 0.001800
min error     0.000000
max error     0.213840



epoch [6 4] from [10 5]
training time per iterations 2.284699[ms]
testing on 20000 items
testing done
average error 0.001798
min error     0.000000
max error     0.209532



epoch [7 0] from [10 5]
training time per iterations 2.282641[ms]
testing on 20000 items
testing done
average error 0.001739
min error     0.000000
max error     0.199230
saving best net
best net saved to networks/disc8x8x3/net_5_depth/trained/, with error 0.001739



epoch [7 1] from [10 5]
training time per iterations 2.287800[ms]
testing on 20000 items
testing done
average error 0.001701
min error     0.000000
max error     0.213895
saving best net
best net saved to networks/disc8x8x3/net_5_depth/trained/, with error 0.001701



epoch [7 2] from [10 5]
training time per iterations 2.280027[ms]
testing on 20000 items
testing done
average error 0.001780
min error     0.000000
max error     0.211547



epoch [7 3] from [10 5]
training time per iterations 2.288148[ms]
testing on 20000 items
testing done
average error 0.001697
min error     0.000000
max error     0.208933
saving best net
best net saved to networks/disc8x8x3/net_5_depth/trained/, with error 0.001697



epoch [7 4] from [10 5]
training time per iterations 2.285923[ms]
testing on 20000 items
testing done
average error 0.001718
min error     0.000000
max error     0.212497
setting learning rate to 0.000050



epoch [8 0] from [10 5]
training time per iterations 2.285130[ms]
testing on 20000 items
testing done
average error 0.001770
min error     0.000000
max error     0.205754



epoch [8 1] from [10 5]
training time per iterations 2.284393[ms]
testing on 20000 items
testing done
average error 0.001708
min error     0.000000
max error     0.213462



epoch [8 2] from [10 5]
training time per iterations 2.285631[ms]
testing on 20000 items
testing done
average error 0.001730
min error     0.000000
max error     0.209874



epoch [8 3] from [10 5]
training time per iterations 2.287466[ms]
testing on 20000 items
testing done
average error 0.001701
min error     0.000000
max error     0.212944



epoch [8 4] from [10 5]
training time per iterations 2.306921[ms]
testing on 20000 items
testing done
average error 0.001739
min error     0.000000
max error     0.205596



epoch [9 0] from [10 5]
training time per iterations 2.298981[ms]
testing on 20000 items
testing done
average error 0.001736
min error     0.000000
max error     0.208021



epoch [9 1] from [10 5]
training time per iterations 2.304613[ms]
testing on 20000 items
testing done
average error 0.001738
min error     0.000000
max error     0.208690



epoch [9 2] from [10 5]
training time per iterations 2.307060[ms]
testing on 20000 items
testing done
average error 0.001730
min error     0.000000
max error     0.206909



epoch [9 3] from [10 5]
training time per iterations 2.292028[ms]
testing on 20000 items
testing done
average error 0.001741
min error     0.000000
max error     0.207227



epoch [9 4] from [10 5]
training time per iterations 2.299732[ms]
testing on 20000 items
testing done
average error 0.001720
min error     0.000000
max error     0.205727
training done
