0.000000 0 0 0.003870 0.000000 0.214573 0.003845 0.000000 0.188963
0.200000 0 1 0.003168 0.000000 0.216936 0.003170 0.000000 0.161800
0.400000 0 2 0.002718 0.000000 0.222092 0.002692 0.000000 0.197667
0.600000 0 3 0.002462 0.000000 0.234954 0.002444 0.000000 0.155954
0.800000 0 4 0.002536 0.000000 0.218987 0.002515 0.000000 0.153004
1.000000 1 0 0.002334 0.000000 0.212644 0.002272 0.000000 0.214034
1.200000 1 1 0.002195 0.000000 0.227308 0.002121 0.000000 0.248821
1.400000 1 2 0.002312 0.000000 0.216915 0.002276 0.000000 0.255240
1.600000 1 3 0.002066 0.000000 0.216623 0.002036 0.000000 0.249748
1.800000 1 4 0.002007 0.000000 0.220940 0.001973 0.000000 0.217471
2.000000 2 0 0.002056 0.000000 0.219926 0.002014 0.000000 0.149621
2.200000 2 1 0.002015 0.000000 0.213990 0.001980 0.000000 0.213990
2.400000 2 2 0.001933 0.000000 0.227659 0.001895 0.000000 0.159258
2.600000 2 3 0.001874 0.000000 0.219413 0.001842 0.000000 0.228840
2.800000 2 4 0.002003 0.000000 0.219000 0.001974 0.000000 0.230230
3.000000 3 0 0.001938 0.000000 0.221971 0.001928 0.000000 0.230621
3.200000 3 1 0.001887 0.000000 0.211763 0.001846 0.000000 0.238855
3.400000 3 2 0.001847 0.000000 0.213363 0.001840 0.000000 0.168396
3.600000 3 3 0.002037 0.000000 0.214397 0.002004 0.000000 0.226900
3.800000 3 4 0.001835 0.000000 0.225119 0.001773 0.000000 0.234309
4.000000 4 0 0.001811 0.000000 0.220775 0.001785 0.000000 0.164013
4.200000 4 1 0.001905 0.000000 0.201758 0.001894 0.000000 0.227794
4.400000 4 2 0.001899 0.000000 0.213965 0.001858 0.000000 0.155945
4.600000 4 3 0.001816 0.000000 0.217893 0.001788 0.000000 0.228414
4.800000 4 4 0.001831 0.000000 0.213438 0.001767 0.000000 0.149343
5.000000 5 0 0.001868 0.000000 0.212910 0.001846 0.000000 0.212910
5.200000 5 1 0.001793 0.000000 0.224114 0.001778 0.000000 0.178269
5.400000 5 2 0.001775 0.000000 0.211617 0.001749 0.000000 0.167636
5.600000 5 3 0.001775 0.000000 0.215621 0.001740 0.000000 0.178236
5.800000 5 4 0.001885 0.000000 0.209045 0.001839 0.000000 0.164592
6.000000 6 0 0.001742 0.000000 0.212827 0.001720 0.000000 0.161747
6.200000 6 1 0.001899 0.000000 0.204108 0.001864 0.000000 0.237900
6.400000 6 2 0.001801 0.000000 0.203733 0.001732 0.000000 0.167180
6.600000 6 3 0.001800 0.000000 0.213840 0.001748 0.000000 0.160405
6.800000 6 4 0.001798 0.000000 0.209532 0.001780 0.000000 0.238429
7.000000 7 0 0.001739 0.000000 0.199230 0.001687 0.000000 0.240728
7.200000 7 1 0.001701 0.000000 0.213895 0.001710 0.000000 0.200329
7.400000 7 2 0.001780 0.000000 0.211547 0.001732 0.000000 0.233465
7.600000 7 3 0.001697 0.000000 0.208933 0.001646 0.000000 0.165680
7.800000 7 4 0.001718 0.000000 0.212497 0.001688 0.000000 0.219884
8.000000 8 0 0.001770 0.000000 0.205754 0.001740 0.000000 0.166446
8.200000 8 1 0.001708 0.000000 0.213462 0.001671 0.000000 0.241335
8.400000 8 2 0.001730 0.000000 0.209874 0.001694 0.000000 0.166159
8.600000 8 3 0.001701 0.000000 0.212944 0.001674 0.000000 0.212944
8.800000 8 4 0.001739 0.000000 0.205596 0.001746 0.000000 0.236730
9.000000 9 0 0.001736 0.000000 0.208021 0.001686 0.000000 0.156632
9.200000 9 1 0.001738 0.000000 0.208690 0.001680 0.000000 0.208689
9.400000 9 2 0.001730 0.000000 0.206909 0.001705 0.000000 0.233476
9.600000 9 3 0.001741 0.000000 0.207227 0.001725 0.000000 0.164384
9.800000 9 4 0.001720 0.000000 0.205727 0.001692 0.000000 0.183144
