0 0.000000 51228 0.853800
1 0.002354 2718 0.045300
2 0.004708 1923 0.032050
3 0.007062 917 0.015283
4 0.009416 547 0.009117
5 0.011770 522 0.008700
6 0.014124 533 0.008883
7 0.016477 414 0.006900
8 0.018831 297 0.004950
9 0.021185 245 0.004083
10 0.023539 184 0.003067
11 0.025893 159 0.002650
12 0.028247 90 0.001500
13 0.030601 73 0.001217
14 0.032955 34 0.000567
15 0.035309 28 0.000467
16 0.037663 14 0.000233
17 0.040017 5 0.000083
18 0.042371 11 0.000183
19 0.044725 7 0.000117
20 0.047079 9 0.000150
21 0.049432 1 0.000017
22 0.051786 1 0.000017
23 0.054140 3 0.000050
24 0.056494 0 0.000000
25 0.058848 7 0.000117
26 0.061202 4 0.000067
27 0.063556 1 0.000017
28 0.065910 1 0.000017
29 0.068264 5 0.000083
30 0.070618 2 0.000033
31 0.072972 2 0.000033
32 0.075326 2 0.000033
33 0.077680 1 0.000017
34 0.080034 1 0.000017
35 0.082387 1 0.000017
36 0.084741 0 0.000000
37 0.087095 1 0.000017
38 0.089449 1 0.000017
39 0.091803 1 0.000017
40 0.094157 0 0.000000
41 0.096511 0 0.000000
42 0.098865 0 0.000000
43 0.101219 0 0.000000
44 0.103573 1 0.000017
45 0.105927 0 0.000000
46 0.108281 1 0.000017
47 0.110635 0 0.000000
48 0.112989 1 0.000017
49 0.115342 1 0.000017
50 0.117696 0 0.000000
51 0.120050 0 0.000000
52 0.122404 0 0.000000
53 0.124758 0 0.000000
54 0.127112 0 0.000000
55 0.129466 0 0.000000
56 0.131820 0 0.000000
57 0.134174 0 0.000000
58 0.136528 0 0.000000
59 0.138882 0 0.000000
60 0.141236 0 0.000000
61 0.143590 1 0.000017
62 0.145943 1 0.000017
63 0.148297 0 0.000000
64 0.150651 0 0.000000
65 0.153005 0 0.000000
66 0.155359 0 0.000000
67 0.157713 0 0.000000
68 0.160067 0 0.000000
69 0.162421 0 0.000000
70 0.164775 0 0.000000
71 0.167129 0 0.000000
72 0.169483 0 0.000000
73 0.171837 0 0.000000
74 0.174191 0 0.000000
75 0.176545 0 0.000000
76 0.178898 0 0.000000
77 0.181252 0 0.000000
78 0.183606 0 0.000000
79 0.185960 0 0.000000
80 0.188314 0 0.000000
81 0.190668 0 0.000000
82 0.193022 0 0.000000
83 0.195376 0 0.000000
84 0.197730 0 0.000000
85 0.200084 0 0.000000
86 0.202438 0 0.000000
87 0.204792 0 0.000000
88 0.207146 0 0.000000
89 0.209500 0 0.000000
90 0.211853 0 0.000000
91 0.214207 0 0.000000
92 0.216561 0 0.000000
93 0.218915 0 0.000000
94 0.221269 0 0.000000
95 0.223623 0 0.000000
96 0.225977 0 0.000000
97 0.228331 0 0.000000
98 0.230685 0 0.000000
99 0.233039 1 0.000017
