0 -0.482741 1 0.000017
1 -0.474786 0 0.000000
2 -0.466830 0 0.000000
3 -0.458875 0 0.000000
4 -0.450919 0 0.000000
5 -0.442964 0 0.000000
6 -0.435009 0 0.000000
7 -0.427053 0 0.000000
8 -0.419098 0 0.000000
9 -0.411143 0 0.000000
10 -0.403187 0 0.000000
11 -0.395232 0 0.000000
12 -0.387277 2 0.000033
13 -0.379321 0 0.000000
14 -0.371366 0 0.000000
15 -0.363410 0 0.000000
16 -0.355455 0 0.000000
17 -0.347500 1 0.000017
18 -0.339544 1 0.000017
19 -0.331589 2 0.000033
20 -0.323634 0 0.000000
21 -0.315678 0 0.000000
22 -0.307723 1 0.000017
23 -0.299767 0 0.000000
24 -0.291812 1 0.000017
25 -0.283857 2 0.000033
26 -0.275901 2 0.000033
27 -0.267946 3 0.000050
28 -0.259991 1 0.000017
29 -0.252035 3 0.000050
30 -0.244080 1 0.000017
31 -0.236125 2 0.000033
32 -0.228169 2 0.000033
33 -0.220214 5 0.000083
34 -0.212258 4 0.000067
35 -0.204303 4 0.000067
36 -0.196348 28 0.000467
37 -0.188392 37 0.000617
38 -0.180437 64 0.001067
39 -0.172482 62 0.001033
40 -0.164526 88 0.001467
41 -0.156571 104 0.001733
42 -0.148616 196 0.003267
43 -0.140660 243 0.004050
44 -0.132705 178 0.002967
45 -0.124749 180 0.003000
46 -0.116794 164 0.002733
47 -0.108839 202 0.003367
48 -0.100883 236 0.003933
49 -0.092928 409 0.006817
50 -0.084973 742 0.012367
51 -0.077017 639 0.010650
52 -0.069062 498 0.008300
53 -0.061106 546 0.009100
54 -0.053151 662 0.011033
55 -0.045196 957 0.015950
56 -0.037240 1062 0.017700
57 -0.029285 1605 0.026750
58 -0.021330 3692 0.061533
59 -0.013374 13134 0.218900
60 -0.005419 20486 0.341433
61 0.002536 4587 0.076450
62 0.010492 2079 0.034650
63 0.018447 1383 0.023050
64 0.026403 928 0.015467
65 0.034358 605 0.010083
66 0.042313 517 0.008617
67 0.050269 565 0.009417
68 0.058224 564 0.009400
69 0.066179 351 0.005850
70 0.074135 281 0.004683
71 0.082090 193 0.003217
72 0.090046 186 0.003100
73 0.098001 175 0.002917
74 0.105956 195 0.003250
75 0.113912 298 0.004967
76 0.121867 226 0.003767
77 0.129822 130 0.002167
78 0.137778 77 0.001283
79 0.145733 107 0.001783
80 0.153688 106 0.001767
81 0.161644 97 0.001617
82 0.169599 30 0.000500
83 0.177555 17 0.000283
84 0.185510 7 0.000117
85 0.193465 7 0.000117
86 0.201421 3 0.000050
87 0.209376 11 0.000183
88 0.217331 5 0.000083
89 0.225287 1 0.000017
90 0.233242 1 0.000017
91 0.241198 7 0.000117
92 0.249153 1 0.000017
93 0.257108 2 0.000033
94 0.265064 2 0.000033
95 0.273019 1 0.000017
96 0.280974 1 0.000017
97 0.288930 0 0.000000
98 0.296885 1 0.000017
99 0.304840 1 0.000017
