0 -0.172172 1 0.000050
1 -0.168794 0 0.000000
2 -0.165416 2 0.000100
3 -0.162038 2 0.000100
4 -0.158660 0 0.000000
5 -0.155282 0 0.000000
6 -0.151904 0 0.000000
7 -0.148526 0 0.000000
8 -0.145148 0 0.000000
9 -0.141770 0 0.000000
10 -0.138392 0 0.000000
11 -0.135014 0 0.000000
12 -0.131636 0 0.000000
13 -0.128258 1 0.000050
14 -0.124880 1 0.000050
15 -0.121502 3 0.000150
16 -0.118124 1 0.000050
17 -0.114746 0 0.000000
18 -0.111368 4 0.000200
19 -0.107990 5 0.000250
20 -0.104612 3 0.000150
21 -0.101234 1 0.000050
22 -0.097856 10 0.000500
23 -0.094478 3 0.000150
24 -0.091100 2 0.000100
25 -0.087722 4 0.000200
26 -0.084343 5 0.000250
27 -0.080965 5 0.000250
28 -0.077587 8 0.000400
29 -0.074209 5 0.000250
30 -0.070831 10 0.000500
31 -0.067453 16 0.000800
32 -0.064075 17 0.000850
33 -0.060697 17 0.000850
34 -0.057319 22 0.001100
35 -0.053941 36 0.001800
36 -0.050563 23 0.001150
37 -0.047185 34 0.001700
38 -0.043807 34 0.001700
39 -0.040429 33 0.001650
40 -0.037051 55 0.002750
41 -0.033673 102 0.005100
42 -0.030295 148 0.007400
43 -0.026917 159 0.007950
44 -0.023539 241 0.012050
45 -0.020161 415 0.020750
46 -0.016783 598 0.029900
47 -0.013405 1097 0.054850
48 -0.010027 2018 0.100900
49 -0.006649 4694 0.234700
50 -0.003271 4944 0.247200
51 0.000107 2138 0.106900
52 0.003486 1014 0.050700
53 0.006864 615 0.030750
54 0.010242 375 0.018750
55 0.013620 281 0.014050
56 0.016998 199 0.009950
57 0.020376 112 0.005600
58 0.023754 100 0.005000
59 0.027132 63 0.003150
60 0.030510 53 0.002650
61 0.033888 43 0.002150
62 0.037266 37 0.001850
63 0.040644 29 0.001450
64 0.044022 21 0.001050
65 0.047400 18 0.000900
66 0.050778 13 0.000650
67 0.054156 12 0.000600
68 0.057534 14 0.000700
69 0.060912 14 0.000700
70 0.064290 7 0.000350
71 0.067668 5 0.000250
72 0.071046 4 0.000200
73 0.074424 11 0.000550
74 0.077802 6 0.000300
75 0.081180 4 0.000200
76 0.084558 5 0.000250
77 0.087936 2 0.000100
78 0.091315 1 0.000050
79 0.094693 4 0.000200
80 0.098071 3 0.000150
81 0.101449 2 0.000100
82 0.104827 2 0.000100
83 0.108205 1 0.000050
84 0.111583 2 0.000100
85 0.114961 1 0.000050
86 0.118339 2 0.000100
87 0.121717 2 0.000100
88 0.125095 1 0.000050
89 0.128473 1 0.000050
90 0.131851 1 0.000050
91 0.135229 0 0.000000
92 0.138607 0 0.000000
93 0.141985 0 0.000000
94 0.145363 0 0.000000
95 0.148741 0 0.000000
96 0.152119 1 0.000050
97 0.155497 0 0.000000
98 0.158875 1 0.000050
99 0.162253 1 0.000050
