0 -0.179583 2 0.000100
1 -0.176082 1 0.000050
2 -0.172581 2 0.000100
3 -0.169081 3 0.000150
4 -0.165580 4 0.000200
5 -0.162079 5 0.000250
6 -0.158578 4 0.000200
7 -0.155077 5 0.000250
8 -0.151576 4 0.000200
9 -0.148075 1 0.000050
10 -0.144574 2 0.000100
11 -0.141073 2 0.000100
12 -0.137572 1 0.000050
13 -0.134072 2 0.000100
14 -0.130571 2 0.000100
15 -0.127070 2 0.000100
16 -0.123569 1 0.000050
17 -0.120068 3 0.000150
18 -0.116567 1 0.000050
19 -0.113066 5 0.000250
20 -0.109565 5 0.000250
21 -0.106064 3 0.000150
22 -0.102564 2 0.000100
23 -0.099063 2 0.000100
24 -0.095562 1 0.000050
25 -0.092061 7 0.000350
26 -0.088560 6 0.000300
27 -0.085059 9 0.000450
28 -0.081558 7 0.000350
29 -0.078057 5 0.000250
30 -0.074556 8 0.000400
31 -0.071055 20 0.001000
32 -0.067555 12 0.000600
33 -0.064054 32 0.001600
34 -0.060553 28 0.001400
35 -0.057052 54 0.002700
36 -0.053551 44 0.002200
37 -0.050050 40 0.002000
38 -0.046549 48 0.002400
39 -0.043048 55 0.002750
40 -0.039547 68 0.003400
41 -0.036047 106 0.005300
42 -0.032546 139 0.006950
43 -0.029045 213 0.010650
44 -0.025544 300 0.015000
45 -0.022043 519 0.025950
46 -0.018542 780 0.039000
47 -0.015041 1364 0.068200
48 -0.011540 2294 0.114700
49 -0.008039 4101 0.205050
50 -0.004538 4497 0.224850
51 -0.001038 2144 0.107200
52 0.002463 1014 0.050700
53 0.005964 598 0.029900
54 0.009465 425 0.021250
55 0.012966 257 0.012850
56 0.016467 154 0.007700
57 0.019968 115 0.005750
58 0.023469 99 0.004950
59 0.026970 72 0.003600
60 0.030471 57 0.002850
61 0.033971 45 0.002250
62 0.037472 35 0.001750
63 0.040973 27 0.001350
64 0.044474 13 0.000650
65 0.047975 21 0.001050
66 0.051476 8 0.000400
67 0.054977 19 0.000950
68 0.058478 10 0.000500
69 0.061979 7 0.000350
70 0.065479 9 0.000450
71 0.068980 6 0.000300
72 0.072481 5 0.000250
73 0.075982 0 0.000000
74 0.079483 2 0.000100
75 0.082984 1 0.000050
76 0.086485 4 0.000200
77 0.089986 1 0.000050
78 0.093487 1 0.000050
79 0.096988 0 0.000000
80 0.100488 1 0.000050
81 0.103989 0 0.000000
82 0.107490 0 0.000000
83 0.110991 3 0.000150
84 0.114492 0 0.000000
85 0.117993 2 0.000100
86 0.121494 2 0.000100
87 0.124995 0 0.000000
88 0.128496 0 0.000000
89 0.131996 4 0.000200
90 0.135497 1 0.000050
91 0.138998 2 0.000100
92 0.142499 2 0.000100
93 0.146000 5 0.000250
94 0.149501 0 0.000000
95 0.153002 0 0.000000
96 0.156503 1 0.000050
97 0.160004 0 0.000000
98 0.163505 6 0.000300
99 0.167005 1 0.000050
