0 -0.482741 1 0.000050
1 -0.474786 0 0.000000
2 -0.466830 0 0.000000
3 -0.458875 0 0.000000
4 -0.450919 0 0.000000
5 -0.442964 0 0.000000
6 -0.435009 0 0.000000
7 -0.427053 0 0.000000
8 -0.419098 0 0.000000
9 -0.411143 0 0.000000
10 -0.403187 0 0.000000
11 -0.395232 0 0.000000
12 -0.387277 2 0.000100
13 -0.379321 0 0.000000
14 -0.371366 0 0.000000
15 -0.363410 0 0.000000
16 -0.355455 0 0.000000
17 -0.347500 1 0.000050
18 -0.339544 1 0.000050
19 -0.331589 2 0.000100
20 -0.323634 0 0.000000
21 -0.315678 0 0.000000
22 -0.307723 1 0.000050
23 -0.299767 0 0.000000
24 -0.291812 1 0.000050
25 -0.283857 2 0.000100
26 -0.275901 2 0.000100
27 -0.267946 3 0.000150
28 -0.259991 1 0.000050
29 -0.252035 3 0.000150
30 -0.244080 1 0.000050
31 -0.236125 2 0.000100
32 -0.228169 2 0.000100
33 -0.220214 5 0.000250
34 -0.212258 4 0.000200
35 -0.204303 4 0.000200
36 -0.196348 28 0.001400
37 -0.188392 37 0.001850
38 -0.180437 61 0.003050
39 -0.172482 55 0.002750
40 -0.164526 73 0.003650
41 -0.156571 95 0.004750
42 -0.148616 192 0.009600
43 -0.140660 240 0.012000
44 -0.132705 173 0.008650
45 -0.124749 170 0.008500
46 -0.116794 151 0.007550
47 -0.108839 187 0.009350
48 -0.100883 221 0.011050
49 -0.092928 387 0.019350
50 -0.084973 712 0.035600
51 -0.077017 603 0.030150
52 -0.069062 410 0.020500
53 -0.061106 405 0.020250
54 -0.053151 499 0.024950
55 -0.045196 747 0.037350
56 -0.037240 602 0.030100
57 -0.029285 563 0.028150
58 -0.021330 815 0.040750
59 -0.013374 2796 0.139800
60 -0.005419 2537 0.126850
61 0.002536 744 0.037200
62 0.010492 727 0.036350
63 0.018447 813 0.040650
64 0.026403 653 0.032650
65 0.034358 422 0.021100
66 0.042313 427 0.021350
67 0.050269 508 0.025400
68 0.058224 507 0.025350
69 0.066179 327 0.016350
70 0.074135 259 0.012950
71 0.082090 181 0.009050
72 0.090046 177 0.008850
73 0.098001 169 0.008450
74 0.105956 187 0.009350
75 0.113912 293 0.014650
76 0.121867 221 0.011050
77 0.129822 123 0.006150
78 0.137778 73 0.003650
79 0.145733 102 0.005100
80 0.153688 104 0.005200
81 0.161644 88 0.004400
82 0.169599 30 0.001500
83 0.177555 17 0.000850
84 0.185510 7 0.000350
85 0.193465 7 0.000350
86 0.201421 3 0.000150
87 0.209376 11 0.000550
88 0.217331 5 0.000250
89 0.225287 1 0.000050
90 0.233242 1 0.000050
91 0.241198 7 0.000350
92 0.249153 1 0.000050
93 0.257108 2 0.000100
94 0.265064 2 0.000100
95 0.273019 1 0.000050
96 0.280974 1 0.000050
97 0.288930 0 0.000000
98 0.296885 1 0.000050
99 0.304840 1 0.000050
