0 0.013499 4 0.000200
1 0.023254 10 0.000500
2 0.033009 0 0.000000
3 0.042764 9 0.000450
4 0.052518 17 0.000850
5 0.062273 6 0.000300
6 0.072028 9 0.000450
7 0.081783 9 0.000450
8 0.091538 12 0.000600
9 0.101292 9 0.000450
10 0.111047 4 0.000200
11 0.120802 8 0.000400
12 0.130557 20 0.001000
13 0.140312 10 0.000500
14 0.150066 7 0.000350
15 0.159821 15 0.000750
16 0.169576 14 0.000700
17 0.179331 25 0.001250
18 0.189085 20 0.001000
19 0.198840 17 0.000850
20 0.208595 30 0.001500
21 0.218350 27 0.001350
22 0.228105 30 0.001500
23 0.237859 19 0.000950
24 0.247614 40 0.002000
25 0.257369 36 0.001800
26 0.267124 43 0.002150
27 0.276879 63 0.003150
28 0.286633 65 0.003250
29 0.296388 64 0.003200
30 0.306143 66 0.003300
31 0.315898 73 0.003650
32 0.325653 84 0.004200
33 0.335407 92 0.004600
34 0.345162 74 0.003700
35 0.354917 86 0.004300
36 0.364672 124 0.006200
37 0.374426 124 0.006200
38 0.384181 168 0.008400
39 0.393936 185 0.009250
40 0.403691 227 0.011350
41 0.413446 253 0.012650
42 0.423200 321 0.016050
43 0.432955 380 0.019000
44 0.442710 394 0.019700
45 0.452465 610 0.030500
46 0.462220 750 0.037500
47 0.471974 1063 0.053150
48 0.481729 1768 0.088400
49 0.491484 3149 0.157450
50 0.501239 2726 0.136300
51 0.510993 1500 0.075000
52 0.520748 922 0.046100
53 0.530503 648 0.032400
54 0.540258 439 0.021950
55 0.550013 397 0.019850
56 0.559767 363 0.018150
57 0.569522 319 0.015950
58 0.579277 319 0.015950
59 0.589032 172 0.008600
60 0.598787 150 0.007500
61 0.608541 168 0.008400
62 0.618296 130 0.006500
63 0.628051 100 0.005000
64 0.637806 78 0.003900
65 0.647561 91 0.004550
66 0.657315 93 0.004650
67 0.667070 83 0.004150
68 0.676825 104 0.005200
69 0.686580 57 0.002850
70 0.696334 41 0.002050
71 0.706089 42 0.002100
72 0.715844 38 0.001900
73 0.725599 23 0.001150
74 0.735354 27 0.001350
75 0.745108 22 0.001100
76 0.754863 32 0.001600
77 0.764618 32 0.001600
78 0.774373 21 0.001050
79 0.784128 20 0.001000
80 0.793882 17 0.000850
81 0.803637 15 0.000750
82 0.813392 13 0.000650
83 0.823147 16 0.000800
84 0.832902 10 0.000500
85 0.842656 22 0.001100
86 0.852411 13 0.000650
87 0.862166 7 0.000350
88 0.871921 9 0.000450
89 0.881675 9 0.000450
90 0.891430 9 0.000450
91 0.901185 13 0.000650
92 0.910940 13 0.000650
93 0.920695 11 0.000550
94 0.930449 12 0.000600
95 0.940204 7 0.000350
96 0.949959 3 0.000150
97 0.959714 4 0.000200
98 0.969469 6 0.000300
99 0.979223 1 0.000050
