0 0.030905 8 0.000400
1 0.040387 0 0.000000
2 0.049868 2 0.000100
3 0.059349 6 0.000300
4 0.068831 13 0.000650
5 0.078312 3 0.000150
6 0.087793 4 0.000200
7 0.097274 3 0.000150
8 0.106756 10 0.000500
9 0.116237 24 0.001200
10 0.125718 7 0.000350
11 0.135199 9 0.000450
12 0.144681 34 0.001700
13 0.154162 7 0.000350
14 0.163643 27 0.001350
15 0.173125 35 0.001750
16 0.182606 7 0.000350
17 0.192087 27 0.001350
18 0.201568 18 0.000900
19 0.211050 25 0.001250
20 0.220531 29 0.001450
21 0.230012 37 0.001850
22 0.239493 19 0.000950
23 0.248975 21 0.001050
24 0.258456 50 0.002500
25 0.267937 37 0.001850
26 0.277418 58 0.002900
27 0.286900 38 0.001900
28 0.296381 66 0.003300
29 0.305862 81 0.004050
30 0.315344 54 0.002700
31 0.324825 104 0.005200
32 0.334306 89 0.004450
33 0.343787 78 0.003900
34 0.353269 58 0.002900
35 0.362750 136 0.006800
36 0.372231 111 0.005550
37 0.381712 147 0.007350
38 0.391194 162 0.008100
39 0.400675 193 0.009650
40 0.410156 192 0.009600
41 0.419638 259 0.012950
42 0.429119 308 0.015400
43 0.438600 487 0.024350
44 0.448081 532 0.026600
45 0.457563 508 0.025400
46 0.467044 696 0.034800
47 0.476525 1080 0.054000
48 0.486006 1694 0.084700
49 0.495488 3199 0.159950
50 0.504969 2546 0.127300
51 0.514450 1389 0.069450
52 0.523932 1000 0.050000
53 0.533413 606 0.030300
54 0.542894 448 0.022400
55 0.552375 468 0.023400
56 0.561857 320 0.016000
57 0.571338 317 0.015850
58 0.580819 293 0.014650
59 0.590300 200 0.010000
60 0.599782 176 0.008800
61 0.609263 132 0.006600
62 0.618744 134 0.006700
63 0.628226 128 0.006400
64 0.637707 98 0.004900
65 0.647188 56 0.002800
66 0.656669 66 0.003300
67 0.666151 54 0.002700
68 0.675632 131 0.006550
69 0.685113 95 0.004750
70 0.694594 60 0.003000
71 0.704076 19 0.000950
72 0.713557 38 0.001900
73 0.723038 24 0.001200
74 0.732520 48 0.002400
75 0.742001 26 0.001300
76 0.751482 36 0.001800
77 0.760963 16 0.000800
78 0.770445 24 0.001200
79 0.779926 32 0.001600
80 0.789407 14 0.000700
81 0.798888 8 0.000400
82 0.808370 27 0.001350
83 0.817851 23 0.001150
84 0.827332 11 0.000550
85 0.836814 29 0.001450
86 0.846295 3 0.000150
87 0.855776 4 0.000200
88 0.865257 23 0.001150
89 0.874739 9 0.000450
90 0.884220 15 0.000750
91 0.893701 4 0.000200
92 0.903182 5 0.000250
93 0.912664 17 0.000850
94 0.922145 18 0.000900
95 0.931626 5 0.000250
96 0.941108 0 0.000000
97 0.950589 0 0.000000
98 0.960070 12 0.000600
99 0.969551 1 0.000050
