0 0.015998 4 0.000200
1 0.025934 5 0.000250
2 0.035871 6 0.000300
3 0.045807 10 0.000500
4 0.055743 3 0.000150
5 0.065679 7 0.000350
6 0.075615 4 0.000200
7 0.085552 2 0.000100
8 0.095488 3 0.000150
9 0.105424 3 0.000150
10 0.115360 3 0.000150
11 0.125296 6 0.000300
12 0.135232 0 0.000000
13 0.145169 1 0.000050
14 0.155105 2 0.000100
15 0.165041 1 0.000050
16 0.174977 1 0.000050
17 0.184913 3 0.000150
18 0.194850 3 0.000150
19 0.204786 4 0.000200
20 0.214722 4 0.000200
21 0.224658 1 0.000050
22 0.234594 4 0.000200
23 0.244530 32 0.001600
24 0.254467 28 0.001400
25 0.264403 17 0.000850
26 0.274339 29 0.001450
27 0.284275 24 0.001200
28 0.294211 31 0.001550
29 0.304147 38 0.001900
30 0.314084 113 0.005650
31 0.324020 154 0.007700
32 0.333956 117 0.005850
33 0.343892 97 0.004850
34 0.353828 23 0.001150
35 0.363765 15 0.000750
36 0.373701 32 0.001600
37 0.383637 13 0.000650
38 0.393573 20 0.001000
39 0.403509 30 0.001500
40 0.413445 31 0.001550
41 0.423382 30 0.001500
42 0.433318 30 0.001500
43 0.443254 37 0.001850
44 0.453190 58 0.002900
45 0.463126 62 0.003100
46 0.473063 66 0.003300
47 0.482999 107 0.005350
48 0.492935 113 0.005650
49 0.502871 115 0.005750
50 0.512807 121 0.006050
51 0.522743 159 0.007950
52 0.532680 208 0.010400
53 0.542616 293 0.014650
54 0.552552 392 0.019600
55 0.562488 537 0.026850
56 0.572424 1117 0.055850
57 0.582361 2162 0.108100
58 0.592297 2583 0.129150
59 0.602233 1406 0.070300
60 0.612169 933 0.046650
61 0.622105 738 0.036900
62 0.632041 460 0.023000
63 0.641978 356 0.017800
64 0.651914 303 0.015150
65 0.661850 228 0.011400
66 0.671786 221 0.011050
67 0.681722 202 0.010100
68 0.691658 170 0.008500
69 0.701595 162 0.008100
70 0.711531 186 0.009300
71 0.721467 137 0.006850
72 0.731403 159 0.007950
73 0.741339 146 0.007300
74 0.751276 194 0.009700
75 0.761212 181 0.009050
76 0.771148 176 0.008800
77 0.781084 157 0.007850
78 0.791020 175 0.008750
79 0.800956 167 0.008350
80 0.810893 203 0.010150
81 0.820829 252 0.012600
82 0.830765 230 0.011500
83 0.840701 228 0.011400
84 0.850637 315 0.015750
85 0.860574 430 0.021500
86 0.870510 360 0.018000
87 0.880446 393 0.019650
88 0.890382 258 0.012900
89 0.900318 239 0.011950
90 0.910254 280 0.014000
91 0.920191 312 0.015600
92 0.930127 193 0.009650
93 0.940063 142 0.007100
94 0.949999 72 0.003600
95 0.959935 43 0.002150
96 0.969871 41 0.002050
97 0.979808 26 0.001300
98 0.989744 11 0.000550
99 0.999680 1 0.000050
