0 0.030905 8 0.000133
1 0.040900 0 0.000000
2 0.050895 4 0.000067
3 0.060889 12 0.000200
4 0.070884 5 0.000083
5 0.080879 3 0.000050
6 0.090873 6 0.000100
7 0.100868 1 0.000017
8 0.110863 10 0.000167
9 0.120857 28 0.000467
10 0.130852 5 0.000083
11 0.140847 41 0.000683
12 0.150841 4 0.000067
13 0.160836 29 0.000483
14 0.170831 62 0.001033
15 0.180825 22 0.000367
16 0.190820 72 0.001200
17 0.200815 21 0.000350
18 0.210809 31 0.000517
19 0.220804 47 0.000783
20 0.230799 45 0.000750
21 0.240793 36 0.000600
22 0.250788 33 0.000550
23 0.260783 61 0.001017
24 0.270777 88 0.001467
25 0.280772 61 0.001017
26 0.290767 111 0.001850
27 0.300761 139 0.002317
28 0.310756 93 0.001550
29 0.320751 244 0.004067
30 0.330745 298 0.004967
31 0.340740 119 0.001983
32 0.350735 97 0.001617
33 0.360729 151 0.002517
34 0.370724 134 0.002233
35 0.380719 181 0.003017
36 0.390714 171 0.002850
37 0.400708 215 0.003583
38 0.410703 218 0.003633
39 0.420698 390 0.006500
40 0.430692 406 0.006767
41 0.440687 567 0.009450
42 0.450682 712 0.011867
43 0.460676 807 0.013450
44 0.470671 1159 0.019317
45 0.480666 2106 0.035100
46 0.490660 4459 0.074317
47 0.500655 11888 0.198133
48 0.510650 7772 0.129533
49 0.520644 2773 0.046217
50 0.530639 1422 0.023700
51 0.540634 1138 0.018967
52 0.550628 978 0.016300
53 0.560623 912 0.015200
54 0.570618 984 0.016400
55 0.580612 2095 0.034917
56 0.590607 2720 0.045333
57 0.600602 2204 0.036733
58 0.610596 1181 0.019683
59 0.620591 971 0.016183
60 0.630586 730 0.012167
61 0.640580 523 0.008717
62 0.650575 368 0.006133
63 0.660570 396 0.006600
64 0.670564 333 0.005550
65 0.680559 313 0.005217
66 0.690554 282 0.004700
67 0.700548 216 0.003600
68 0.710543 204 0.003400
69 0.720538 182 0.003033
70 0.730532 198 0.003300
71 0.740527 132 0.002200
72 0.750522 184 0.003067
73 0.760516 302 0.005033
74 0.770511 179 0.002983
75 0.780506 121 0.002017
76 0.790500 162 0.002700
77 0.800495 235 0.003917
78 0.810490 153 0.002550
79 0.820484 226 0.003767
80 0.830479 285 0.004750
81 0.840474 310 0.005167
82 0.850468 261 0.004350
83 0.860463 407 0.006783
84 0.870458 444 0.007400
85 0.880452 383 0.006383
86 0.890447 310 0.005167
87 0.900442 231 0.003850
88 0.910436 309 0.005150
89 0.920431 262 0.004367
90 0.930426 245 0.004083
91 0.940420 184 0.003067
92 0.950415 182 0.003033
93 0.960410 65 0.001083
94 0.970404 64 0.001067
95 0.980399 36 0.000600
96 0.990394 28 0.000467
97 1.000388 3 0.000050
98 1.010383 0 0.000000
99 1.020378 2 0.000033
