0 0.004892 1 0.000050
1 0.012996 0 0.000000
2 0.021101 0 0.000000
3 0.029205 0 0.000000
4 0.037310 0 0.000000
5 0.045414 0 0.000000
6 0.053518 0 0.000000
7 0.061623 0 0.000000
8 0.069727 0 0.000000
9 0.077832 0 0.000000
10 0.085936 0 0.000000
11 0.094041 0 0.000000
12 0.102145 0 0.000000
13 0.110250 0 0.000000
14 0.118354 1 0.000050
15 0.126459 2 0.000100
16 0.134563 0 0.000000
17 0.142668 0 0.000000
18 0.150772 0 0.000000
19 0.158877 0 0.000000
20 0.166981 0 0.000000
21 0.175086 0 0.000000
22 0.183190 0 0.000000
23 0.191295 0 0.000000
24 0.199399 0 0.000000
25 0.207504 4 0.000200
26 0.215608 6 0.000300
27 0.223713 2 0.000100
28 0.231817 1 0.000050
29 0.239922 1 0.000050
30 0.248026 2 0.000100
31 0.256130 1 0.000050
32 0.264235 0 0.000000
33 0.272339 1 0.000050
34 0.280444 1 0.000050
35 0.288548 3 0.000150
36 0.296653 4 0.000200
37 0.304757 21 0.001050
38 0.312862 34 0.001700
39 0.320966 53 0.002650
40 0.329071 67 0.003350
41 0.337175 45 0.002250
42 0.345280 46 0.002300
43 0.353384 122 0.006100
44 0.361489 116 0.005800
45 0.369593 299 0.014950
46 0.377698 189 0.009450
47 0.385802 196 0.009800
48 0.393907 159 0.007950
49 0.402011 214 0.010700
50 0.410116 302 0.015100
51 0.418220 439 0.021950
52 0.426325 939 0.046950
53 0.434429 444 0.022200
54 0.442534 361 0.018050
55 0.450638 407 0.020350
56 0.458742 565 0.028250
57 0.466847 790 0.039500
58 0.474951 615 0.030750
59 0.483056 582 0.029100
60 0.491160 657 0.032850
61 0.499265 4381 0.219050
62 0.507369 712 0.035600
63 0.515474 616 0.030800
64 0.523578 949 0.047450
65 0.531683 844 0.042200
66 0.539787 459 0.022950
67 0.547892 407 0.020350
68 0.555996 490 0.024500
69 0.564101 493 0.024650
70 0.572205 610 0.030500
71 0.580310 309 0.015450
72 0.588414 269 0.013450
73 0.596519 196 0.009800
74 0.604623 231 0.011550
75 0.612728 169 0.008450
76 0.620832 333 0.016650
77 0.628937 261 0.013050
78 0.637041 93 0.004650
79 0.645146 50 0.002500
80 0.653250 107 0.005350
81 0.661354 61 0.003050
82 0.669459 112 0.005600
83 0.677563 58 0.002900
84 0.685668 29 0.001450
85 0.693772 19 0.000950
86 0.701877 23 0.001150
87 0.709981 7 0.000350
88 0.718086 1 0.000050
89 0.726190 3 0.000150
90 0.734295 1 0.000050
91 0.742399 0 0.000000
92 0.750504 0 0.000000
93 0.758608 0 0.000000
94 0.766713 0 0.000000
95 0.774817 5 0.000250
96 0.782922 1 0.000050
97 0.791026 3 0.000150
98 0.799131 5 0.000250
99 0.807235 1 0.000050
