0 0.173205 41 0.002050
1 0.181762 0 0.000000
2 0.190319 26 0.001300
3 0.198877 25 0.001250
4 0.207434 3 0.000150
5 0.215991 0 0.000000
6 0.224549 18 0.000900
7 0.233106 3 0.000150
8 0.241663 15 0.000750
9 0.250221 2 0.000100
10 0.258778 13 0.000650
11 0.267335 20 0.001000
12 0.275892 26 0.001300
13 0.284450 16 0.000800
14 0.293007 59 0.002950
15 0.301564 33 0.001650
16 0.310122 33 0.001650
17 0.318679 55 0.002750
18 0.327236 273 0.013650
19 0.335794 48 0.002400
20 0.344351 50 0.002500
21 0.352908 8 0.000400
22 0.361465 8 0.000400
23 0.370023 14 0.000700
24 0.378580 32 0.001600
25 0.387137 5 0.000250
26 0.395695 9 0.000450
27 0.404252 10 0.000500
28 0.412809 23 0.001150
29 0.421367 75 0.003750
30 0.429924 38 0.001900
31 0.438481 7 0.000350
32 0.447038 32 0.001600
33 0.455596 33 0.001650
34 0.464153 35 0.001750
35 0.472710 52 0.002600
36 0.481268 74 0.003700
37 0.489825 82 0.004100
38 0.498382 126 0.006300
39 0.506940 124 0.006200
40 0.515497 77 0.003850
41 0.524054 165 0.008250
42 0.532611 161 0.008050
43 0.541169 210 0.010500
44 0.549726 281 0.014050
45 0.558283 327 0.016350
46 0.566841 456 0.022800
47 0.575398 832 0.041600
48 0.583955 1635 0.081750
49 0.592513 2258 0.112900
50 0.601070 1701 0.085050
51 0.609627 1001 0.050050
52 0.618185 816 0.040800
53 0.626742 485 0.024250
54 0.635299 534 0.026700
55 0.643856 343 0.017150
56 0.652414 237 0.011850
57 0.660971 267 0.013350
58 0.669528 197 0.009850
59 0.678086 251 0.012550
60 0.686643 103 0.005150
61 0.695200 209 0.010450
62 0.703758 108 0.005400
63 0.712315 166 0.008300
64 0.720872 137 0.006850
65 0.729429 134 0.006700
66 0.737987 107 0.005350
67 0.746544 75 0.003750
68 0.755101 197 0.009850
69 0.763659 213 0.010650
70 0.772216 109 0.005450
71 0.780773 97 0.004850
72 0.789331 119 0.005950
73 0.797888 165 0.008250
74 0.806445 145 0.007250
75 0.815002 121 0.006050
76 0.823560 205 0.010250
77 0.832117 232 0.011600
78 0.840674 236 0.011800
79 0.849232 227 0.011350
80 0.857789 270 0.013500
81 0.866346 337 0.016850
82 0.874904 370 0.018500
83 0.883461 343 0.017150
84 0.892018 248 0.012400
85 0.900575 187 0.009350
86 0.909133 280 0.014000
87 0.917690 144 0.007200
88 0.926247 302 0.015100
89 0.934805 138 0.006900
90 0.943362 204 0.010200
91 0.951919 107 0.005350
92 0.960477 49 0.002450
93 0.969034 65 0.003250
94 0.977591 18 0.000900
95 0.986148 39 0.001950
96 0.994706 9 0.000450
97 1.003263 3 0.000150
98 1.011820 0 0.000000
99 1.020378 2 0.000100
