0 0.004892 3 0.000050
1 0.014940 6 0.000100
2 0.024988 15 0.000250
3 0.035037 7 0.000117
4 0.045085 21 0.000350
5 0.055133 18 0.000300
6 0.065182 15 0.000250
7 0.075230 12 0.000200
8 0.085279 14 0.000233
9 0.095327 13 0.000217
10 0.105375 11 0.000183
11 0.115424 9 0.000150
12 0.125472 20 0.000333
13 0.135520 19 0.000317
14 0.145569 11 0.000183
15 0.155617 14 0.000233
16 0.165665 14 0.000233
17 0.175714 17 0.000283
18 0.185762 29 0.000483
19 0.195811 19 0.000317
20 0.205859 35 0.000583
21 0.215907 46 0.000767
22 0.225956 31 0.000517
23 0.236004 30 0.000500
24 0.246052 71 0.001183
25 0.256101 69 0.001150
26 0.266149 57 0.000950
27 0.276198 98 0.001633
28 0.286246 96 0.001600
29 0.296294 102 0.001700
30 0.306343 173 0.002883
31 0.316391 222 0.003700
32 0.326439 370 0.006167
33 0.336488 227 0.003783
34 0.346536 228 0.003800
35 0.356584 281 0.004683
36 0.366633 448 0.007467
37 0.376681 433 0.007217
38 0.386730 404 0.006733
39 0.396778 445 0.007417
40 0.406826 622 0.010367
41 0.416875 830 0.013833
42 0.426923 1481 0.024683
43 0.436971 899 0.014983
44 0.447020 1002 0.016700
45 0.457068 1438 0.023967
46 0.467117 1946 0.032433
47 0.477165 2188 0.036467
48 0.487213 3599 0.059983
49 0.497262 7906 0.131767
50 0.507310 2874 0.047900
51 0.517358 2081 0.034683
52 0.527407 2196 0.036600
53 0.537455 1330 0.022167
54 0.547503 1307 0.021783
55 0.557552 1412 0.023533
56 0.567600 1888 0.031467
57 0.577649 2376 0.039600
58 0.587697 3279 0.054650
59 0.597745 2280 0.038000
60 0.607794 1513 0.025217
61 0.617842 1298 0.021633
62 0.627890 989 0.016483
63 0.637939 585 0.009750
64 0.647987 506 0.008433
65 0.658036 460 0.007667
66 0.668084 463 0.007717
67 0.678132 335 0.005583
68 0.688181 276 0.004600
69 0.698229 238 0.003967
70 0.708277 235 0.003917
71 0.718326 189 0.003150
72 0.728374 167 0.002783
73 0.738423 206 0.003433
74 0.748471 188 0.003133
75 0.758519 232 0.003867
76 0.768568 212 0.003533
77 0.778616 180 0.003000
78 0.788664 206 0.003433
79 0.798713 180 0.003000
80 0.808761 213 0.003550
81 0.818809 249 0.004150
82 0.828858 268 0.004467
83 0.838906 249 0.004150
84 0.848955 311 0.005183
85 0.859003 442 0.007367
86 0.869051 376 0.006267
87 0.879100 420 0.007000
88 0.889148 261 0.004350
89 0.899196 253 0.004217
90 0.909245 309 0.005150
91 0.919293 313 0.005217
92 0.929341 216 0.003600
93 0.939390 161 0.002683
94 0.949438 79 0.001317
95 0.959487 48 0.000800
96 0.969535 48 0.000800
97 0.979583 27 0.000450
98 0.989632 11 0.000183
99 0.999680 1 0.000017
