0 0.421964 2 0.000100
1 0.424003 0 0.000000
2 0.426042 0 0.000000
3 0.428081 0 0.000000
4 0.430120 0 0.000000
5 0.432160 0 0.000000
6 0.434199 0 0.000000
7 0.436238 9 0.000450
8 0.438277 0 0.000000
9 0.440316 6 0.000300
10 0.442355 13 0.000650
11 0.444394 8 0.000400
12 0.446434 6 0.000300
13 0.448473 11 0.000550
14 0.450512 18 0.000900
15 0.452551 12 0.000600
16 0.454590 15 0.000750
17 0.456629 21 0.001050
18 0.458668 23 0.001150
19 0.460708 21 0.001050
20 0.462747 28 0.001400
21 0.464786 57 0.002850
22 0.466825 30 0.001500
23 0.468864 26 0.001300
24 0.470903 33 0.001650
25 0.472942 59 0.002950
26 0.474982 66 0.003300
27 0.477021 41 0.002050
28 0.479060 66 0.003300
29 0.481099 101 0.005050
30 0.483138 187 0.009350
31 0.485177 112 0.005600
32 0.487216 148 0.007400
33 0.489256 196 0.009800
34 0.491295 269 0.013450
35 0.493334 202 0.010100
36 0.495373 444 0.022200
37 0.497412 569 0.028450
38 0.499451 748 0.037400
39 0.501490 893 0.044650
40 0.503530 1195 0.059750
41 0.505569 2169 0.108450
42 0.507608 2723 0.136150
43 0.509647 1886 0.094300
44 0.511686 1716 0.085800
45 0.513725 1425 0.071250
46 0.515764 982 0.049100
47 0.517804 617 0.030850
48 0.519843 392 0.019600
49 0.521882 376 0.018800
50 0.523921 340 0.017000
51 0.525960 320 0.016000
52 0.527999 179 0.008950
53 0.530038 115 0.005750
54 0.532078 133 0.006650
55 0.534117 98 0.004900
56 0.536156 86 0.004300
57 0.538195 67 0.003350
58 0.540234 83 0.004150
59 0.542273 87 0.004350
60 0.544312 101 0.005050
61 0.546352 57 0.002850
62 0.548391 53 0.002650
63 0.550430 25 0.001250
64 0.552469 60 0.003000
65 0.554508 24 0.001200
66 0.556547 19 0.000950
67 0.558586 21 0.001050
68 0.560626 14 0.000700
69 0.562665 13 0.000650
70 0.564704 12 0.000600
71 0.566743 32 0.001600
72 0.568782 7 0.000350
73 0.570821 34 0.001700
74 0.572860 23 0.001150
75 0.574899 16 0.000800
76 0.576939 10 0.000500
77 0.578978 9 0.000450
78 0.581017 10 0.000500
79 0.583056 6 0.000300
80 0.585095 13 0.000650
81 0.587134 1 0.000050
82 0.589173 3 0.000150
83 0.591213 0 0.000000
84 0.593252 2 0.000100
85 0.595291 1 0.000050
86 0.597330 0 0.000000
87 0.599369 0 0.000000
88 0.601408 0 0.000000
89 0.603447 0 0.000000
90 0.605487 4 0.000200
91 0.607526 0 0.000000
92 0.609565 0 0.000000
93 0.611604 0 0.000000
94 0.613643 0 0.000000
95 0.615682 0 0.000000
96 0.617721 0 0.000000
97 0.619761 0 0.000000
98 0.621800 0 0.000000
99 0.623839 1 0.000050
