0 -0.398074 2 0.000033
1 -0.389228 0 0.000000
2 -0.380381 0 0.000000
3 -0.371535 1 0.000017
4 -0.362688 1 0.000017
5 -0.353841 3 0.000050
6 -0.344995 0 0.000000
7 -0.336148 1 0.000017
8 -0.327302 1 0.000017
9 -0.318455 0 0.000000
10 -0.309608 2 0.000033
11 -0.300762 2 0.000033
12 -0.291915 2 0.000033
13 -0.283068 2 0.000033
14 -0.274222 3 0.000050
15 -0.265375 6 0.000100
16 -0.256529 2 0.000033
17 -0.247682 5 0.000083
18 -0.238835 2 0.000033
19 -0.229989 4 0.000067
20 -0.221142 0 0.000000
21 -0.212296 6 0.000100
22 -0.203449 10 0.000167
23 -0.194602 33 0.000550
24 -0.185756 53 0.000883
25 -0.176909 79 0.001317
26 -0.168062 81 0.001350
27 -0.159216 68 0.001133
28 -0.150369 179 0.002983
29 -0.141523 231 0.003850
30 -0.132676 224 0.003733
31 -0.123829 206 0.003433
32 -0.114983 166 0.002767
33 -0.106136 227 0.003783
34 -0.097290 375 0.006250
35 -0.088443 706 0.011767
36 -0.079596 610 0.010167
37 -0.070750 474 0.007900
38 -0.061903 436 0.007267
39 -0.053056 531 0.008850
40 -0.044210 783 0.013050
41 -0.035363 1073 0.017883
42 -0.026517 2834 0.047233
43 -0.017670 14629 0.243817
44 -0.008823 25242 0.420700
45 0.000023 3323 0.055383
46 0.008870 1372 0.022867
47 0.017716 1145 0.019083
48 0.026563 651 0.010850
49 0.035410 457 0.007617
50 0.044256 387 0.006450
51 0.053103 515 0.008583
52 0.061950 461 0.007683
53 0.070796 387 0.006450
54 0.079643 257 0.004283
55 0.088489 214 0.003567
56 0.097336 168 0.002800
57 0.106183 262 0.004367
58 0.115029 358 0.005967
59 0.123876 168 0.002800
60 0.132722 132 0.002200
61 0.141569 72 0.001200
62 0.150416 105 0.001750
63 0.159262 119 0.001983
64 0.168109 62 0.001033
65 0.176956 23 0.000383
66 0.185802 9 0.000150
67 0.194649 9 0.000150
68 0.203495 5 0.000083
69 0.212342 6 0.000100
70 0.221189 5 0.000083
71 0.230035 10 0.000167
72 0.238882 3 0.000050
73 0.247728 0 0.000000
74 0.256575 6 0.000100
75 0.265422 1 0.000017
76 0.274268 1 0.000017
77 0.283115 2 0.000033
78 0.291962 0 0.000000
79 0.300808 2 0.000033
80 0.309655 1 0.000017
81 0.318501 3 0.000050
82 0.327348 0 0.000000
83 0.336195 2 0.000033
84 0.345041 0 0.000000
85 0.353888 0 0.000000
86 0.362734 0 0.000000
87 0.371581 0 0.000000
88 0.380428 0 0.000000
89 0.389274 0 0.000000
90 0.398121 1 0.000017
91 0.406968 0 0.000000
92 0.415814 0 0.000000
93 0.424661 0 0.000000
94 0.433507 0 0.000000
95 0.442354 0 0.000000
96 0.451201 0 0.000000
97 0.460047 0 0.000000
98 0.468894 0 0.000000
99 0.477740 1 0.000017
