0 0.000000 51924 0.865400
1 0.002305 2065 0.034417
2 0.004611 1765 0.029417
3 0.006916 1033 0.017217
4 0.009222 504 0.008400
5 0.011527 550 0.009167
6 0.013832 532 0.008867
7 0.016138 401 0.006683
8 0.018443 324 0.005400
9 0.020749 180 0.003000
10 0.023054 150 0.002500
11 0.025360 148 0.002467
12 0.027665 146 0.002433
13 0.029970 79 0.001317
14 0.032276 45 0.000750
15 0.034581 34 0.000567
16 0.036887 19 0.000317
17 0.039192 7 0.000117
18 0.041497 6 0.000100
19 0.043803 5 0.000083
20 0.046108 4 0.000067
21 0.048414 6 0.000100
22 0.050719 6 0.000100
23 0.053025 7 0.000117
24 0.055330 5 0.000083
25 0.057635 4 0.000067
26 0.059941 3 0.000050
27 0.062246 1 0.000017
28 0.064552 5 0.000083
29 0.066857 3 0.000050
30 0.069162 5 0.000083
31 0.071468 3 0.000050
32 0.073773 1 0.000017
33 0.076079 0 0.000000
34 0.078384 5 0.000083
35 0.080689 2 0.000033
36 0.082995 0 0.000000
37 0.085300 0 0.000000
38 0.087606 1 0.000017
39 0.089911 3 0.000050
40 0.092217 1 0.000017
41 0.094522 1 0.000017
42 0.096827 0 0.000000
43 0.099133 1 0.000017
44 0.101438 1 0.000017
45 0.103744 1 0.000017
46 0.106049 2 0.000033
47 0.108354 0 0.000000
48 0.110660 1 0.000017
49 0.112965 0 0.000000
50 0.115271 1 0.000017
51 0.117576 1 0.000017
52 0.119882 1 0.000017
53 0.122187 0 0.000000
54 0.124492 2 0.000033
55 0.126798 0 0.000000
56 0.129103 1 0.000017
57 0.131409 0 0.000000
58 0.133714 0 0.000000
59 0.136019 1 0.000017
60 0.138325 0 0.000000
61 0.140630 0 0.000000
62 0.142936 0 0.000000
63 0.145241 0 0.000000
64 0.147546 0 0.000000
65 0.149852 0 0.000000
66 0.152157 1 0.000017
67 0.154463 0 0.000000
68 0.156768 1 0.000017
69 0.159074 0 0.000000
70 0.161379 0 0.000000
71 0.163684 1 0.000017
72 0.165990 0 0.000000
73 0.168295 0 0.000000
74 0.170601 0 0.000000
75 0.172906 0 0.000000
76 0.175211 0 0.000000
77 0.177517 0 0.000000
78 0.179822 0 0.000000
79 0.182128 0 0.000000
80 0.184433 0 0.000000
81 0.186739 0 0.000000
82 0.189044 0 0.000000
83 0.191349 0 0.000000
84 0.193655 0 0.000000
85 0.195960 0 0.000000
86 0.198266 0 0.000000
87 0.200571 0 0.000000
88 0.202876 0 0.000000
89 0.205182 0 0.000000
90 0.207487 0 0.000000
91 0.209793 0 0.000000
92 0.212098 0 0.000000
93 0.214403 0 0.000000
94 0.216709 0 0.000000
95 0.219014 0 0.000000
96 0.221320 0 0.000000
97 0.223625 0 0.000000
98 0.225931 1 0.000017
99 0.228236 0 0.000000
