0 -0.055048 1 0.000050
1 -0.054115 1 0.000050
2 -0.053182 0 0.000000
3 -0.052249 0 0.000000
4 -0.051316 0 0.000000
5 -0.050383 0 0.000000
6 -0.049450 0 0.000000
7 -0.048517 2 0.000100
8 -0.047584 0 0.000000
9 -0.046651 1 0.000050
10 -0.045718 2 0.000100
11 -0.044785 2 0.000100
12 -0.043852 2 0.000100
13 -0.042919 0 0.000000
14 -0.041986 2 0.000100
15 -0.041053 1 0.000050
16 -0.040120 0 0.000000
17 -0.039187 3 0.000150
18 -0.038254 1 0.000050
19 -0.037321 2 0.000100
20 -0.036388 4 0.000200
21 -0.035455 8 0.000400
22 -0.034522 14 0.000700
23 -0.033589 15 0.000750
24 -0.032656 12 0.000600
25 -0.031723 19 0.000950
26 -0.030790 32 0.001600
27 -0.029857 40 0.002000
28 -0.028924 57 0.002850
29 -0.027991 62 0.003100
30 -0.027058 66 0.003300
31 -0.026125 76 0.003800
32 -0.025192 100 0.005000
33 -0.024259 89 0.004450
34 -0.023326 126 0.006300
35 -0.022393 142 0.007100
36 -0.021460 168 0.008400
37 -0.020527 184 0.009200
38 -0.019594 296 0.014800
39 -0.018661 323 0.016150
40 -0.017728 417 0.020850
41 -0.016795 424 0.021200
42 -0.015862 510 0.025500
43 -0.014929 630 0.031500
44 -0.013996 721 0.036050
45 -0.013063 975 0.048750
46 -0.012130 1177 0.058850
47 -0.011197 1512 0.075600
48 -0.010264 1778 0.088900
49 -0.009331 1763 0.088150
50 -0.008398 1798 0.089900
51 -0.007465 1466 0.073300
52 -0.006532 1199 0.059950
53 -0.005599 914 0.045700
54 -0.004666 574 0.028700
55 -0.003733 436 0.021800
56 -0.002800 336 0.016800
57 -0.001867 303 0.015150
58 -0.000934 220 0.011000
59 -0.000001 161 0.008050
60 0.000932 159 0.007950
61 0.001865 118 0.005900
62 0.002798 105 0.005250
63 0.003731 76 0.003800
64 0.004664 53 0.002650
65 0.005597 52 0.002600
66 0.006530 34 0.001700
67 0.007463 28 0.001400
68 0.008396 37 0.001850
69 0.009329 22 0.001100
70 0.010262 29 0.001450
71 0.011195 24 0.001200
72 0.012128 11 0.000550
73 0.013061 10 0.000500
74 0.013994 10 0.000500
75 0.014927 8 0.000400
76 0.015860 3 0.000150
77 0.016793 7 0.000350
78 0.017726 2 0.000100
79 0.018659 4 0.000200
80 0.019592 2 0.000100
81 0.020525 1 0.000050
82 0.021458 4 0.000200
83 0.022391 0 0.000000
84 0.023324 3 0.000150
85 0.024257 6 0.000300
86 0.025190 6 0.000300
87 0.026123 1 0.000050
88 0.027056 2 0.000100
89 0.027989 4 0.000200
90 0.028922 2 0.000100
91 0.029855 4 0.000200
92 0.030788 3 0.000150
93 0.031721 1 0.000050
94 0.032654 0 0.000000
95 0.033587 1 0.000050
96 0.034520 0 0.000000
97 0.035453 0 0.000000
98 0.036386 0 0.000000
99 0.037319 1 0.000050
