0 -0.086562 1 0.000050
1 -0.085251 1 0.000050
2 -0.083941 0 0.000000
3 -0.082631 0 0.000000
4 -0.081321 0 0.000000
5 -0.080011 0 0.000000
6 -0.078701 0 0.000000
7 -0.077391 0 0.000000
8 -0.076081 0 0.000000
9 -0.074771 0 0.000000
10 -0.073461 1 0.000050
11 -0.072151 0 0.000000
12 -0.070841 0 0.000000
13 -0.069531 0 0.000000
14 -0.068221 0 0.000000
15 -0.066911 0 0.000000
16 -0.065601 0 0.000000
17 -0.064291 0 0.000000
18 -0.062981 0 0.000000
19 -0.061670 0 0.000000
20 -0.060360 0 0.000000
21 -0.059050 0 0.000000
22 -0.057740 0 0.000000
23 -0.056430 1 0.000050
24 -0.055120 0 0.000000
25 -0.053810 0 0.000000
26 -0.052500 0 0.000000
27 -0.051190 0 0.000000
28 -0.049880 0 0.000000
29 -0.048570 0 0.000000
30 -0.047260 1 0.000050
31 -0.045950 0 0.000000
32 -0.044640 0 0.000000
33 -0.043330 1 0.000050
34 -0.042020 1 0.000050
35 -0.040710 1 0.000050
36 -0.039400 5 0.000250
37 -0.038089 12 0.000600
38 -0.036779 14 0.000700
39 -0.035469 18 0.000900
40 -0.034159 13 0.000650
41 -0.032849 5 0.000250
42 -0.031539 11 0.000550
43 -0.030229 16 0.000800
44 -0.028919 17 0.000850
45 -0.027609 30 0.001500
46 -0.026299 39 0.001950
47 -0.024989 66 0.003300
48 -0.023679 64 0.003200
49 -0.022369 93 0.004650
50 -0.021059 123 0.006150
51 -0.019749 139 0.006950
52 -0.018439 138 0.006900
53 -0.017129 192 0.009600
54 -0.015819 241 0.012050
55 -0.014509 347 0.017350
56 -0.013198 631 0.031550
57 -0.011888 917 0.045850
58 -0.010578 1412 0.070600
59 -0.009268 2097 0.104850
60 -0.007958 3129 0.156450
61 -0.006648 3294 0.164700
62 -0.005338 2385 0.119250
63 -0.004028 1318 0.065900
64 -0.002718 918 0.045900
65 -0.001408 662 0.033100
66 -0.000098 413 0.020650
67 0.001212 256 0.012800
68 0.002522 195 0.009750
69 0.003832 109 0.005450
70 0.005142 110 0.005500
71 0.006452 94 0.004700
72 0.007762 71 0.003550
73 0.009072 96 0.004800
74 0.010383 68 0.003400
75 0.011693 57 0.002850
76 0.013003 41 0.002050
77 0.014313 34 0.001700
78 0.015623 13 0.000650
79 0.016933 9 0.000450
80 0.018243 8 0.000400
81 0.019553 13 0.000650
82 0.020863 9 0.000450
83 0.022173 5 0.000250
84 0.023483 5 0.000250
85 0.024793 2 0.000100
86 0.026103 5 0.000250
87 0.027413 9 0.000450
88 0.028723 10 0.000500
89 0.030033 2 0.000100
90 0.031343 1 0.000050
91 0.032653 2 0.000100
92 0.033963 3 0.000150
93 0.035274 4 0.000200
94 0.036584 1 0.000050
95 0.037894 0 0.000000
96 0.039204 0 0.000000
97 0.040514 0 0.000000
98 0.041824 1 0.000050
99 0.043134 0 0.000000
