0 -0.398074 2 0.000100
1 -0.389228 0 0.000000
2 -0.380381 0 0.000000
3 -0.371535 1 0.000050
4 -0.362688 1 0.000050
5 -0.353841 3 0.000150
6 -0.344995 0 0.000000
7 -0.336148 1 0.000050
8 -0.327302 1 0.000050
9 -0.318455 0 0.000000
10 -0.309608 2 0.000100
11 -0.300762 2 0.000100
12 -0.291915 2 0.000100
13 -0.283068 2 0.000100
14 -0.274222 3 0.000150
15 -0.265375 6 0.000300
16 -0.256529 2 0.000100
17 -0.247682 5 0.000250
18 -0.238835 2 0.000100
19 -0.229989 4 0.000200
20 -0.221142 0 0.000000
21 -0.212296 6 0.000300
22 -0.203449 10 0.000500
23 -0.194602 33 0.001650
24 -0.185756 53 0.002650
25 -0.176909 79 0.003950
26 -0.168062 81 0.004050
27 -0.159216 68 0.003400
28 -0.150369 179 0.008950
29 -0.141523 231 0.011550
30 -0.132676 224 0.011200
31 -0.123829 206 0.010300
32 -0.114983 166 0.008300
33 -0.106136 227 0.011350
34 -0.097290 375 0.018750
35 -0.088443 704 0.035200
36 -0.079596 609 0.030450
37 -0.070750 474 0.023700
38 -0.061903 433 0.021650
39 -0.053056 523 0.026150
40 -0.044210 730 0.036500
41 -0.035363 675 0.033750
42 -0.026517 668 0.033400
43 -0.017670 1092 0.054600
44 -0.008823 4001 0.200050
45 0.000023 1334 0.066700
46 0.008870 900 0.045000
47 0.017716 1071 0.053550
48 0.026563 602 0.030100
49 0.035410 450 0.022500
50 0.044256 387 0.019350
51 0.053103 515 0.025750
52 0.061950 461 0.023050
53 0.070796 387 0.019350
54 0.079643 257 0.012850
55 0.088489 214 0.010700
56 0.097336 168 0.008400
57 0.106183 262 0.013100
58 0.115029 358 0.017900
59 0.123876 168 0.008400
60 0.132722 132 0.006600
61 0.141569 72 0.003600
62 0.150416 105 0.005250
63 0.159262 119 0.005950
64 0.168109 62 0.003100
65 0.176956 23 0.001150
66 0.185802 9 0.000450
67 0.194649 9 0.000450
68 0.203495 5 0.000250
69 0.212342 6 0.000300
70 0.221189 5 0.000250
71 0.230035 10 0.000500
72 0.238882 3 0.000150
73 0.247728 0 0.000000
74 0.256575 6 0.000300
75 0.265422 1 0.000050
76 0.274268 1 0.000050
77 0.283115 2 0.000100
78 0.291962 0 0.000000
79 0.300808 2 0.000100
80 0.309655 1 0.000050
81 0.318501 3 0.000150
82 0.327348 0 0.000000
83 0.336195 2 0.000100
84 0.345041 0 0.000000
85 0.353888 0 0.000000
86 0.362734 0 0.000000
87 0.371581 0 0.000000
88 0.380428 0 0.000000
89 0.389274 0 0.000000
90 0.398121 1 0.000050
91 0.406968 0 0.000000
92 0.415814 0 0.000000
93 0.424661 0 0.000000
94 0.433507 0 0.000000
95 0.442354 0 0.000000
96 0.451201 0 0.000000
97 0.460047 0 0.000000
98 0.468894 0 0.000000
99 0.477740 1 0.000050
