0 0.008626 4 0.000067
1 0.018812 3 0.000050
2 0.028999 15 0.000250
3 0.039185 14 0.000233
4 0.049372 16 0.000267
5 0.059558 9 0.000150
6 0.069745 10 0.000167
7 0.079931 18 0.000300
8 0.090117 19 0.000317
9 0.100304 7 0.000117
10 0.110490 22 0.000367
11 0.120677 16 0.000267
12 0.130863 13 0.000217
13 0.141050 15 0.000250
14 0.151236 19 0.000317
15 0.161423 14 0.000233
16 0.171609 21 0.000350
17 0.181796 34 0.000567
18 0.191982 32 0.000533
19 0.202168 38 0.000633
20 0.212355 36 0.000600
21 0.222541 27 0.000450
22 0.232728 25 0.000417
23 0.242914 38 0.000633
24 0.253101 54 0.000900
25 0.263287 81 0.001350
26 0.273474 69 0.001150
27 0.283660 74 0.001233
28 0.293846 109 0.001817
29 0.304033 112 0.001867
30 0.314219 159 0.002650
31 0.324406 233 0.003883
32 0.334592 245 0.004083
33 0.344779 167 0.002783
34 0.354965 149 0.002483
35 0.365152 162 0.002700
36 0.375338 166 0.002767
37 0.385524 200 0.003333
38 0.395711 186 0.003100
39 0.405897 217 0.003617
40 0.416084 299 0.004983
41 0.426270 335 0.005583
42 0.436457 382 0.006367
43 0.446643 547 0.009117
44 0.456830 836 0.013933
45 0.467016 1164 0.019400
46 0.477202 1769 0.029483
47 0.487389 3560 0.059333
48 0.497575 11439 0.190650
49 0.507762 8822 0.147033
50 0.517948 3351 0.055850
51 0.528135 1540 0.025667
52 0.538321 1118 0.018633
53 0.548508 903 0.015050
54 0.558694 965 0.016083
55 0.568880 973 0.016217
56 0.579067 1169 0.019483
57 0.589253 2516 0.041933
58 0.599440 2793 0.046550
59 0.609626 1785 0.029750
60 0.619813 1183 0.019717
61 0.629999 839 0.013983
62 0.640186 580 0.009667
63 0.650372 455 0.007583
64 0.660558 403 0.006717
65 0.670745 358 0.005967
66 0.680931 299 0.004983
67 0.691118 235 0.003917
68 0.701304 229 0.003817
69 0.711491 217 0.003617
70 0.721677 177 0.002950
71 0.731864 174 0.002900
72 0.742050 212 0.003533
73 0.752236 210 0.003500
74 0.762423 156 0.002600
75 0.772609 216 0.003600
76 0.782796 216 0.003600
77 0.792982 205 0.003417
78 0.803169 195 0.003250
79 0.813355 160 0.002667
80 0.823542 190 0.003167
81 0.833728 247 0.004117
82 0.843915 234 0.003900
83 0.854101 296 0.004933
84 0.864287 341 0.005683
85 0.874474 409 0.006817
86 0.884660 441 0.007350
87 0.894847 338 0.005633
88 0.905033 229 0.003817
89 0.915220 318 0.005300
90 0.925406 299 0.004983
91 0.935592 338 0.005633
92 0.945779 221 0.003683
93 0.955965 101 0.001683
94 0.966152 41 0.000683
95 0.976338 48 0.000800
96 0.986525 44 0.000733
97 0.996711 20 0.000333
98 1.006898 11 0.000183
99 1.017084 1 0.000017
