0 0.011833 4 0.000200
1 0.021602 6 0.000300
2 0.031371 2 0.000100
3 0.041141 6 0.000300
4 0.050910 14 0.000700
5 0.060680 6 0.000300
6 0.070449 9 0.000450
7 0.080218 12 0.000600
8 0.089988 9 0.000450
9 0.099757 14 0.000700
10 0.109527 10 0.000500
11 0.119296 12 0.000600
12 0.129065 12 0.000600
13 0.138835 12 0.000600
14 0.148604 12 0.000600
15 0.158373 21 0.001050
16 0.168143 12 0.000600
17 0.177912 22 0.001100
18 0.187682 23 0.001150
19 0.197451 27 0.001350
20 0.207220 36 0.001800
21 0.216990 33 0.001650
22 0.226759 24 0.001200
23 0.236528 23 0.001150
24 0.246298 31 0.001550
25 0.256067 31 0.001550
26 0.265837 37 0.001850
27 0.275606 41 0.002050
28 0.285375 59 0.002950
29 0.295145 58 0.002900
30 0.304914 59 0.002950
31 0.314683 71 0.003550
32 0.324453 92 0.004600
33 0.334222 85 0.004250
34 0.343992 88 0.004400
35 0.353761 83 0.004150
36 0.363530 137 0.006850
37 0.373300 129 0.006450
38 0.383069 181 0.009050
39 0.392838 165 0.008250
40 0.402608 231 0.011550
41 0.412377 261 0.013050
42 0.422147 281 0.014050
43 0.431916 354 0.017700
44 0.441685 405 0.020250
45 0.451455 577 0.028850
46 0.461224 716 0.035800
47 0.470993 996 0.049800
48 0.480763 1663 0.083150
49 0.490532 3085 0.154250
50 0.500302 2805 0.140250
51 0.510071 1603 0.080150
52 0.519840 957 0.047850
53 0.529610 667 0.033350
54 0.539379 468 0.023400
55 0.549148 394 0.019700
56 0.558918 361 0.018050
57 0.568687 341 0.017050
58 0.578457 304 0.015200
59 0.588226 174 0.008700
60 0.597995 173 0.008650
61 0.607765 147 0.007350
62 0.617534 157 0.007850
63 0.627304 114 0.005700
64 0.637073 97 0.004850
65 0.646842 111 0.005550
66 0.656612 90 0.004500
67 0.666381 80 0.004000
68 0.676150 79 0.003950
69 0.685920 56 0.002800
70 0.695689 45 0.002250
71 0.705459 32 0.001600
72 0.715228 32 0.001600
73 0.724997 40 0.002000
74 0.734767 35 0.001750
75 0.744536 36 0.001800
76 0.754305 22 0.001100
77 0.764075 33 0.001650
78 0.773844 31 0.001550
79 0.783614 28 0.001400
80 0.793383 21 0.001050
81 0.803152 17 0.000850
82 0.812922 15 0.000750
83 0.822691 22 0.001100
84 0.832460 13 0.000650
85 0.842230 15 0.000750
86 0.851999 10 0.000500
87 0.861769 9 0.000450
88 0.871538 8 0.000400
89 0.881307 4 0.000200
90 0.891077 10 0.000500
91 0.900846 10 0.000500
92 0.910616 15 0.000750
93 0.920385 12 0.000600
94 0.930154 10 0.000500
95 0.939924 5 0.000250
96 0.949693 6 0.000300
97 0.959462 3 0.000150
98 0.969232 5 0.000250
99 0.979001 1 0.000050
