0 0.433728 3 0.000150
1 0.435377 0 0.000000
2 0.437025 0 0.000000
3 0.438673 3 0.000150
4 0.440322 1 0.000050
5 0.441970 1 0.000050
6 0.443618 0 0.000000
7 0.445266 1 0.000050
8 0.446915 4 0.000200
9 0.448563 2 0.000100
10 0.450211 12 0.000600
11 0.451860 11 0.000550
12 0.453508 21 0.001050
13 0.455156 20 0.001000
14 0.456805 21 0.001050
15 0.458453 20 0.001000
16 0.460101 33 0.001650
17 0.461750 31 0.001550
18 0.463398 29 0.001450
19 0.465046 50 0.002500
20 0.466695 48 0.002400
21 0.468343 67 0.003350
22 0.469991 62 0.003100
23 0.471639 75 0.003750
24 0.473288 57 0.002850
25 0.474936 66 0.003300
26 0.476584 77 0.003850
27 0.478233 95 0.004750
28 0.479881 77 0.003850
29 0.481529 100 0.005000
30 0.483178 124 0.006200
31 0.484826 118 0.005900
32 0.486474 182 0.009100
33 0.488123 177 0.008850
34 0.489771 197 0.009850
35 0.491419 272 0.013600
36 0.493068 315 0.015750
37 0.494716 415 0.020750
38 0.496364 623 0.031150
39 0.498012 697 0.034850
40 0.499661 816 0.040800
41 0.501309 1228 0.061400
42 0.502957 1697 0.084850
43 0.504606 1876 0.093800
44 0.506254 1782 0.089100
45 0.507902 1328 0.066400
46 0.509551 1136 0.056800
47 0.511199 976 0.048800
48 0.512847 967 0.048350
49 0.514496 675 0.033750
50 0.516144 505 0.025250
51 0.517792 468 0.023400
52 0.519441 361 0.018050
53 0.521089 310 0.015500
54 0.522737 211 0.010550
55 0.524385 212 0.010600
56 0.526034 160 0.008000
57 0.527682 108 0.005400
58 0.529330 96 0.004800
59 0.530979 73 0.003650
60 0.532627 60 0.003000
61 0.534275 50 0.002500
62 0.535924 42 0.002100
63 0.537572 67 0.003350
64 0.539220 42 0.002100
65 0.540869 41 0.002050
66 0.542517 42 0.002100
67 0.544165 42 0.002100
68 0.545814 49 0.002450
69 0.547462 46 0.002300
70 0.549110 18 0.000900
71 0.550758 19 0.000950
72 0.552407 31 0.001550
73 0.554055 31 0.001550
74 0.555703 19 0.000950
75 0.557352 19 0.000950
76 0.559000 13 0.000650
77 0.560648 27 0.001350
78 0.562297 27 0.001350
79 0.563945 16 0.000800
80 0.565593 24 0.001200
81 0.567242 25 0.001250
82 0.568890 17 0.000850
83 0.570538 24 0.001200
84 0.572186 11 0.000550
85 0.573835 8 0.000400
86 0.575483 11 0.000550
87 0.577131 13 0.000650
88 0.578780 4 0.000200
89 0.580428 14 0.000700
90 0.582076 10 0.000500
91 0.583725 8 0.000400
92 0.585373 3 0.000150
93 0.587021 3 0.000150
94 0.588670 7 0.000350
95 0.590318 7 0.000350
96 0.591966 5 0.000250
97 0.593615 6 0.000300
98 0.595263 6 0.000300
99 0.596911 1 0.000050
