0 0.018451 5 0.000250
1 0.028366 6 0.000300
2 0.038281 5 0.000250
3 0.048195 7 0.000350
4 0.058110 4 0.000200
5 0.068025 0 0.000000
6 0.077939 2 0.000100
7 0.087854 3 0.000150
8 0.097768 1 0.000050
9 0.107683 7 0.000350
10 0.117598 3 0.000150
11 0.127512 1 0.000050
12 0.137427 2 0.000100
13 0.147342 3 0.000150
14 0.157256 1 0.000050
15 0.167171 3 0.000150
16 0.177086 1 0.000050
17 0.187000 3 0.000150
18 0.196915 5 0.000250
19 0.206829 3 0.000150
20 0.216744 3 0.000150
21 0.226659 3 0.000150
22 0.236573 5 0.000250
23 0.246488 16 0.000800
24 0.256403 28 0.001400
25 0.266317 40 0.002000
26 0.276232 31 0.001550
27 0.286146 37 0.001850
28 0.296061 42 0.002100
29 0.305976 94 0.004700
30 0.315890 85 0.004250
31 0.325805 144 0.007200
32 0.335720 119 0.005950
33 0.345634 86 0.004300
34 0.355549 20 0.001000
35 0.365464 22 0.001100
36 0.375378 28 0.001400
37 0.385293 26 0.001300
38 0.395207 17 0.000850
39 0.405122 24 0.001200
40 0.415037 31 0.001550
41 0.424951 32 0.001600
42 0.434866 23 0.001150
43 0.444781 50 0.002500
44 0.454695 64 0.003200
45 0.464610 65 0.003250
46 0.474524 53 0.002650
47 0.484439 94 0.004700
48 0.494354 142 0.007100
49 0.504268 115 0.005750
50 0.514183 161 0.008050
51 0.524098 165 0.008250
52 0.534012 221 0.011050
53 0.543927 322 0.016100
54 0.553842 446 0.022300
55 0.563756 555 0.027750
56 0.573671 1260 0.063000
57 0.583585 2245 0.112250
58 0.593500 2518 0.125900
59 0.603415 1213 0.060650
60 0.613329 931 0.046550
61 0.623244 759 0.037950
62 0.633159 413 0.020650
63 0.643073 351 0.017550
64 0.652988 300 0.015000
65 0.662902 243 0.012150
66 0.672817 200 0.010000
67 0.682732 169 0.008450
68 0.692646 183 0.009150
69 0.702561 167 0.008350
70 0.712476 147 0.007350
71 0.722390 142 0.007100
72 0.732305 153 0.007650
73 0.742220 172 0.008600
74 0.752134 163 0.008150
75 0.762049 159 0.007950
76 0.771963 201 0.010050
77 0.781878 172 0.008600
78 0.791793 137 0.006850
79 0.801707 137 0.006850
80 0.811622 201 0.010050
81 0.821537 240 0.012000
82 0.831451 211 0.010550
83 0.841366 254 0.012700
84 0.851280 313 0.015650
85 0.861195 474 0.023700
86 0.871110 354 0.017700
87 0.881024 354 0.017700
88 0.890939 240 0.012000
89 0.900854 280 0.014000
90 0.910768 296 0.014800
91 0.920683 295 0.014750
92 0.930598 195 0.009750
93 0.940512 125 0.006250
94 0.950427 50 0.002500
95 0.960341 36 0.001800
96 0.970256 38 0.001900
97 0.980171 22 0.001100
98 0.990085 12 0.000600
99 1.000000 1 0.000050
