0 0.008626 4 0.000200
1 0.018669 1 0.000050
2 0.028712 6 0.000300
3 0.038756 8 0.000400
4 0.048799 11 0.000550
5 0.058842 2 0.000100
6 0.068885 9 0.000450
7 0.078928 12 0.000600
8 0.088972 12 0.000600
9 0.099015 8 0.000400
10 0.109058 19 0.000950
11 0.119101 13 0.000650
12 0.129144 11 0.000550
13 0.139188 12 0.000600
14 0.149231 17 0.000850
15 0.159274 13 0.000650
16 0.169317 15 0.000750
17 0.179361 30 0.001500
18 0.189404 29 0.001450
19 0.199447 29 0.001450
20 0.209490 36 0.001800
21 0.219533 27 0.001350
22 0.229577 22 0.001100
23 0.239620 22 0.001100
24 0.249663 28 0.001400
25 0.259706 30 0.001500
26 0.269749 41 0.002050
27 0.279793 40 0.002000
28 0.289836 51 0.002550
29 0.299879 72 0.003600
30 0.309922 69 0.003450
31 0.319965 81 0.004050
32 0.330009 71 0.003550
33 0.340052 94 0.004700
34 0.350095 97 0.004850
35 0.360138 131 0.006550
36 0.370182 117 0.005850
37 0.380225 171 0.008550
38 0.390268 162 0.008100
39 0.400311 164 0.008200
40 0.410354 250 0.012500
41 0.420398 272 0.013600
42 0.430441 312 0.015600
43 0.440484 402 0.020100
44 0.450527 452 0.022600
45 0.460570 587 0.029350
46 0.470614 837 0.041850
47 0.480657 1166 0.058300
48 0.490700 1995 0.099750
49 0.500743 3283 0.164150
50 0.510786 2440 0.122000
51 0.520830 1332 0.066600
52 0.530873 823 0.041150
53 0.540916 581 0.029050
54 0.550959 413 0.020650
55 0.561003 383 0.019150
56 0.571046 368 0.018400
57 0.581089 331 0.016550
58 0.591132 247 0.012350
59 0.601175 169 0.008450
60 0.611219 170 0.008500
61 0.621262 169 0.008450
62 0.631305 130 0.006500
63 0.641348 94 0.004700
64 0.651391 106 0.005300
65 0.661435 81 0.004050
66 0.671478 80 0.004000
67 0.681521 109 0.005450
68 0.691564 67 0.003350
69 0.701608 44 0.002200
70 0.711651 40 0.002000
71 0.721694 31 0.001550
72 0.731737 36 0.001800
73 0.741780 48 0.002400
74 0.751824 33 0.001650
75 0.761867 21 0.001050
76 0.771910 42 0.002100
77 0.781953 23 0.001150
78 0.791996 25 0.001250
79 0.802040 24 0.001200
80 0.812083 13 0.000650
81 0.822126 32 0.001600
82 0.832169 11 0.000550
83 0.842212 14 0.000700
84 0.852256 17 0.000850
85 0.862299 11 0.000550
86 0.872342 8 0.000400
87 0.882385 10 0.000500
88 0.892429 8 0.000400
89 0.902472 7 0.000350
90 0.912515 14 0.000700
91 0.922558 11 0.000550
92 0.932601 8 0.000400
93 0.942645 9 0.000450
94 0.952688 7 0.000350
95 0.962731 5 0.000250
96 0.972774 6 0.000300
97 0.982817 4 0.000200
98 0.992861 1 0.000050
99 1.002904 1 0.000050
