0 0.028342 11 0.000550
1 0.038329 5 0.000250
2 0.048316 5 0.000250
3 0.058304 6 0.000300
4 0.068291 3 0.000150
5 0.078278 6 0.000300
6 0.088266 4 0.000200
7 0.098253 1 0.000050
8 0.108240 2 0.000100
9 0.118228 2 0.000100
10 0.128215 2 0.000100
11 0.138202 5 0.000250
12 0.148189 1 0.000050
13 0.158177 1 0.000050
14 0.168164 2 0.000100
15 0.178151 5 0.000250
16 0.188139 0 0.000000
17 0.198126 3 0.000150
18 0.208113 5 0.000250
19 0.218100 2 0.000100
20 0.228088 2 0.000100
21 0.238075 6 0.000300
22 0.248062 20 0.001000
23 0.258050 19 0.000950
24 0.268037 56 0.002800
25 0.278024 23 0.001150
26 0.288012 47 0.002350
27 0.297999 40 0.002000
28 0.307986 33 0.001650
29 0.317973 134 0.006700
30 0.327961 147 0.007350
31 0.337948 124 0.006200
32 0.347935 69 0.003450
33 0.357923 27 0.001350
34 0.367910 30 0.001500
35 0.377897 25 0.001250
36 0.387884 29 0.001450
37 0.397872 16 0.000800
38 0.407859 20 0.001000
39 0.417846 26 0.001300
40 0.427834 26 0.001300
41 0.437821 22 0.001100
42 0.447808 50 0.002500
43 0.457796 58 0.002900
44 0.467783 49 0.002450
45 0.477770 52 0.002600
46 0.487757 87 0.004350
47 0.497745 128 0.006400
48 0.507732 118 0.005900
49 0.517719 133 0.006650
50 0.527707 169 0.008450
51 0.537694 203 0.010150
52 0.547681 280 0.014000
53 0.557668 387 0.019350
54 0.567656 496 0.024800
55 0.577643 675 0.033750
56 0.587630 1910 0.095500
57 0.597618 2726 0.136300
58 0.607605 1762 0.088100
59 0.617592 1010 0.050500
60 0.627580 784 0.039200
61 0.637567 544 0.027200
62 0.647554 351 0.017550
63 0.657541 333 0.016650
64 0.667529 294 0.014700
65 0.677516 186 0.009300
66 0.687503 170 0.008500
67 0.697491 180 0.009000
68 0.707478 180 0.009000
69 0.717465 139 0.006950
70 0.727452 142 0.007100
71 0.737440 155 0.007750
72 0.747427 170 0.008500
73 0.757414 156 0.007800
74 0.767402 143 0.007150
75 0.777389 164 0.008200
76 0.787376 205 0.010250
77 0.797364 176 0.008800
78 0.807351 151 0.007550
79 0.817338 148 0.007400
80 0.827325 187 0.009350
81 0.837313 237 0.011850
82 0.847300 210 0.010500
83 0.857287 287 0.014350
84 0.867275 335 0.016750
85 0.877262 419 0.020950
86 0.887249 427 0.021350
87 0.897236 282 0.014100
88 0.907224 227 0.011350
89 0.917211 271 0.013550
90 0.927198 308 0.015400
91 0.937186 306 0.015300
92 0.947173 199 0.009950
93 0.957160 82 0.004100
94 0.967148 39 0.001950
95 0.977135 37 0.001850
96 0.987122 42 0.002100
97 0.997109 18 0.000900
98 1.007097 10 0.000500
99 1.017084 1 0.000050
