0 0.011833 7 0.000117
1 0.021814 9 0.000150
2 0.031796 10 0.000167
3 0.041777 14 0.000233
4 0.051759 17 0.000283
5 0.061740 8 0.000133
6 0.071722 10 0.000167
7 0.081703 15 0.000250
8 0.091685 15 0.000250
9 0.101666 14 0.000233
10 0.111648 17 0.000283
11 0.121629 20 0.000333
12 0.131611 13 0.000217
13 0.141592 16 0.000267
14 0.151574 17 0.000283
15 0.161555 23 0.000383
16 0.171537 20 0.000333
17 0.181518 22 0.000367
18 0.191500 27 0.000450
19 0.201481 37 0.000617
20 0.211462 46 0.000767
21 0.221444 42 0.000700
22 0.231425 33 0.000550
23 0.241407 36 0.000600
24 0.251388 56 0.000933
25 0.261370 77 0.001283
26 0.271351 80 0.001333
27 0.281333 83 0.001383
28 0.291314 110 0.001833
29 0.301296 127 0.002117
30 0.311277 236 0.003933
31 0.321259 247 0.004117
32 0.331240 338 0.005633
33 0.341222 261 0.004350
34 0.351203 267 0.004450
35 0.361185 315 0.005250
36 0.371166 506 0.008433
37 0.381148 444 0.007400
38 0.391129 392 0.006533
39 0.401111 526 0.008767
40 0.411092 685 0.011417
41 0.421074 1206 0.020100
42 0.431055 1085 0.018083
43 0.441037 870 0.014500
44 0.451018 1247 0.020783
45 0.461000 1564 0.026067
46 0.470981 1989 0.033150
47 0.480963 2494 0.041567
48 0.490944 4232 0.070533
49 0.500926 7327 0.122117
50 0.510907 2570 0.042833
51 0.520889 2179 0.036317
52 0.530870 1854 0.030900
53 0.540852 1269 0.021150
54 0.550833 1343 0.022383
55 0.560815 1503 0.025050
56 0.570796 1957 0.032617
57 0.580778 2582 0.043033
58 0.590759 3167 0.052783
59 0.600740 1936 0.032267
60 0.610722 1292 0.021533
61 0.620703 1453 0.024217
62 0.630685 792 0.013200
63 0.640666 575 0.009583
64 0.650648 531 0.008850
65 0.660629 435 0.007250
66 0.670611 413 0.006883
67 0.680592 283 0.004717
68 0.690574 254 0.004233
69 0.700555 246 0.004100
70 0.710537 171 0.002850
71 0.720518 196 0.003267
72 0.730500 187 0.003117
73 0.740481 199 0.003317
74 0.750463 199 0.003317
75 0.760444 180 0.003000
76 0.770426 251 0.004183
77 0.780407 195 0.003250
78 0.790389 191 0.003183
79 0.800370 144 0.002400
80 0.810352 222 0.003700
81 0.820333 269 0.004483
82 0.830315 219 0.003650
83 0.840296 269 0.004483
84 0.850278 310 0.005167
85 0.860259 486 0.008100
86 0.870241 375 0.006250
87 0.880222 367 0.006117
88 0.890204 249 0.004150
89 0.900185 279 0.004650
90 0.910167 320 0.005333
91 0.920148 317 0.005283
92 0.930130 206 0.003433
93 0.940111 137 0.002283
94 0.950093 56 0.000933
95 0.960074 40 0.000667
96 0.970056 44 0.000733
97 0.980037 23 0.000383
98 0.990019 12 0.000200
99 1.000000 1 0.000017
