0 0.102781 1 0.000050
1 0.111663 0 0.000000
2 0.120544 4 0.000200
3 0.129425 2 0.000100
4 0.138306 0 0.000000
5 0.147188 0 0.000000
6 0.156069 0 0.000000
7 0.164950 0 0.000000
8 0.173831 0 0.000000
9 0.182713 0 0.000000
10 0.191594 0 0.000000
11 0.200475 2 0.000100
12 0.209357 2 0.000100
13 0.218238 11 0.000550
14 0.227119 8 0.000400
15 0.236000 1 0.000050
16 0.244882 1 0.000050
17 0.253763 1 0.000050
18 0.262644 0 0.000000
19 0.271525 3 0.000150
20 0.280407 0 0.000000
21 0.289288 6 0.000300
22 0.298169 16 0.000800
23 0.307050 25 0.001250
24 0.315932 49 0.002450
25 0.324813 86 0.004300
26 0.333694 71 0.003550
27 0.342575 61 0.003050
28 0.351457 123 0.006150
29 0.360338 142 0.007100
30 0.369219 323 0.016150
31 0.378100 184 0.009200
32 0.386982 218 0.010900
33 0.395863 184 0.009200
34 0.404744 288 0.014400
35 0.413625 372 0.018600
36 0.422507 852 0.042600
37 0.431388 632 0.031600
38 0.440269 379 0.018950
39 0.449151 477 0.023850
40 0.458032 616 0.030800
41 0.466913 935 0.046750
42 0.475794 580 0.029000
43 0.484676 640 0.032000
44 0.493557 1681 0.084050
45 0.502438 3525 0.176250
46 0.511319 764 0.038200
47 0.520201 833 0.041650
48 0.529082 1082 0.054100
49 0.537963 524 0.026200
50 0.546844 449 0.022450
51 0.555726 517 0.025850
52 0.564607 603 0.030150
53 0.573488 518 0.025900
54 0.582369 312 0.015600
55 0.591251 228 0.011400
56 0.600132 205 0.010250
57 0.609013 226 0.011300
58 0.617894 246 0.012300
59 0.626776 384 0.019200
60 0.635657 108 0.005400
61 0.644538 62 0.003100
62 0.653419 122 0.006100
63 0.662301 76 0.003800
64 0.671182 121 0.006050
65 0.680063 32 0.001600
66 0.688945 23 0.001150
67 0.697826 22 0.001100
68 0.706707 12 0.000600
69 0.715588 2 0.000100
70 0.724470 0 0.000000
71 0.733351 0 0.000000
72 0.742232 1 0.000050
73 0.751113 2 0.000100
74 0.759995 0 0.000000
75 0.768876 3 0.000150
76 0.777757 2 0.000100
77 0.786638 4 0.000200
78 0.795520 8 0.000400
79 0.804401 3 0.000150
80 0.813282 2 0.000100
81 0.822163 0 0.000000
82 0.831045 0 0.000000
83 0.839926 0 0.000000
84 0.848807 0 0.000000
85 0.857688 0 0.000000
86 0.866570 1 0.000050
87 0.875451 0 0.000000
88 0.884332 0 0.000000
89 0.893214 1 0.000050
90 0.902095 0 0.000000
91 0.910976 0 0.000000
92 0.919857 0 0.000000
93 0.928739 0 0.000000
94 0.937620 0 0.000000
95 0.946501 0 0.000000
96 0.955382 0 0.000000
97 0.964264 0 0.000000
98 0.973145 1 0.000050
99 0.982026 0 0.000000
