0 -0.114521 1 0.000050
1 -0.112450 1 0.000050
2 -0.110378 0 0.000000
3 -0.108307 0 0.000000
4 -0.106236 1 0.000050
5 -0.104165 0 0.000000
6 -0.102093 0 0.000000
7 -0.100022 0 0.000000
8 -0.097951 4 0.000200
9 -0.095880 2 0.000100
10 -0.093808 1 0.000050
11 -0.091737 1 0.000050
12 -0.089666 4 0.000200
13 -0.087595 2 0.000100
14 -0.085523 3 0.000150
15 -0.083452 1 0.000050
16 -0.081381 3 0.000150
17 -0.079310 1 0.000050
18 -0.077239 2 0.000100
19 -0.075167 3 0.000150
20 -0.073096 3 0.000150
21 -0.071025 3 0.000150
22 -0.068954 4 0.000200
23 -0.066882 2 0.000100
24 -0.064811 5 0.000250
25 -0.062740 1 0.000050
26 -0.060669 1 0.000050
27 -0.058597 3 0.000150
28 -0.056526 7 0.000350
29 -0.054455 5 0.000250
30 -0.052384 7 0.000350
31 -0.050312 6 0.000300
32 -0.048241 16 0.000800
33 -0.046170 13 0.000650
34 -0.044099 16 0.000800
35 -0.042027 23 0.001150
36 -0.039956 25 0.001250
37 -0.037885 50 0.002500
38 -0.035814 55 0.002750
39 -0.033742 50 0.002500
40 -0.031671 87 0.004350
41 -0.029600 114 0.005700
42 -0.027529 192 0.009600
43 -0.025457 291 0.014550
44 -0.023386 450 0.022500
45 -0.021315 666 0.033300
46 -0.019244 1085 0.054250
47 -0.017173 1233 0.061650
48 -0.015101 1457 0.072850
49 -0.013030 2198 0.109900
50 -0.010959 2820 0.141000
51 -0.008888 2488 0.124400
52 -0.006816 1884 0.094200
53 -0.004745 1364 0.068200
54 -0.002674 939 0.046950
55 -0.000603 731 0.036550
56 0.001469 415 0.020750
57 0.003540 339 0.016950
58 0.005611 240 0.012000
59 0.007682 204 0.010200
60 0.009754 144 0.007200
61 0.011825 88 0.004400
62 0.013896 54 0.002700
63 0.015967 39 0.001950
64 0.018039 23 0.001150
65 0.020110 12 0.000600
66 0.022181 6 0.000300
67 0.024252 10 0.000500
68 0.026324 10 0.000500
69 0.028395 6 0.000300
70 0.030466 7 0.000350
71 0.032537 8 0.000400
72 0.034609 9 0.000450
73 0.036680 7 0.000350
74 0.038751 9 0.000450
75 0.040822 4 0.000200
76 0.042893 6 0.000300
77 0.044965 5 0.000250
78 0.047036 2 0.000100
79 0.049107 6 0.000300
80 0.051178 5 0.000250
81 0.053250 2 0.000100
82 0.055321 4 0.000200
83 0.057392 2 0.000100
84 0.059463 1 0.000050
85 0.061535 0 0.000000
86 0.063606 0 0.000000
87 0.065677 0 0.000000
88 0.067748 1 0.000050
89 0.069820 0 0.000000
90 0.071891 1 0.000050
91 0.073962 1 0.000050
92 0.076033 0 0.000000
93 0.078105 0 0.000000
94 0.080176 1 0.000050
95 0.082247 0 0.000000
96 0.084318 3 0.000150
97 0.086390 0 0.000000
98 0.088461 1 0.000050
99 0.090532 1 0.000050
