0 -0.420776 1 0.000017
1 -0.412931 0 0.000000
2 -0.405087 1 0.000017
3 -0.397242 0 0.000000
4 -0.389398 1 0.000017
5 -0.381554 1 0.000017
6 -0.373709 2 0.000033
7 -0.365865 0 0.000000
8 -0.358021 0 0.000000
9 -0.350176 0 0.000000
10 -0.342332 0 0.000000
11 -0.334488 0 0.000000
12 -0.326643 1 0.000017
13 -0.318799 2 0.000033
14 -0.310955 1 0.000017
15 -0.303110 0 0.000000
16 -0.295266 0 0.000000
17 -0.287422 3 0.000050
18 -0.279577 7 0.000117
19 -0.271733 2 0.000033
20 -0.263889 4 0.000067
21 -0.256044 0 0.000000
22 -0.248200 3 0.000050
23 -0.240356 1 0.000017
24 -0.232511 3 0.000050
25 -0.224667 7 0.000117
26 -0.216823 7 0.000117
27 -0.208978 15 0.000250
28 -0.201134 24 0.000400
29 -0.193289 70 0.001167
30 -0.185445 61 0.001017
31 -0.177601 64 0.001067
32 -0.169756 62 0.001033
33 -0.161912 69 0.001150
34 -0.154068 104 0.001733
35 -0.146223 214 0.003567
36 -0.138379 308 0.005133
37 -0.130535 185 0.003083
38 -0.122690 142 0.002367
39 -0.114846 149 0.002483
40 -0.107002 230 0.003833
41 -0.099157 307 0.005117
42 -0.091313 679 0.011317
43 -0.083469 744 0.012400
44 -0.075624 445 0.007417
45 -0.067780 358 0.005967
46 -0.059936 390 0.006500
47 -0.052091 593 0.009883
48 -0.044247 854 0.014233
49 -0.036403 1039 0.017317
50 -0.028558 2430 0.040500
51 -0.020714 8570 0.142833
52 -0.012870 21949 0.365817
53 -0.005025 9770 0.162833
54 0.002819 2606 0.043433
55 0.010664 1453 0.024217
56 0.018508 1138 0.018967
57 0.026352 584 0.009733
58 0.034197 378 0.006300
59 0.042041 410 0.006833
60 0.049885 443 0.007383
61 0.057730 588 0.009800
62 0.065574 374 0.006233
63 0.073418 316 0.005267
64 0.081263 186 0.003100
65 0.089107 198 0.003300
66 0.096951 186 0.003100
67 0.104796 275 0.004583
68 0.112640 264 0.004400
69 0.120484 187 0.003117
70 0.128329 95 0.001583
71 0.136173 73 0.001217
72 0.144017 79 0.001317
73 0.151862 93 0.001550
74 0.159706 89 0.001483
75 0.167550 40 0.000667
76 0.175395 20 0.000333
77 0.183239 9 0.000150
78 0.191083 6 0.000100
79 0.198928 11 0.000183
80 0.206772 7 0.000117
81 0.214617 2 0.000033
82 0.222461 1 0.000017
83 0.230305 1 0.000017
84 0.238150 2 0.000033
85 0.245994 0 0.000000
86 0.253838 4 0.000067
87 0.261683 2 0.000033
88 0.269527 2 0.000033
89 0.277371 0 0.000000
90 0.285216 2 0.000033
91 0.293060 1 0.000017
92 0.300904 1 0.000017
93 0.308749 1 0.000017
94 0.316593 0 0.000000
95 0.324437 0 0.000000
96 0.332282 0 0.000000
97 0.340126 0 0.000000
98 0.347970 0 0.000000
99 0.355815 1 0.000017
