0 -0.420776 1 0.000050
1 -0.412931 0 0.000000
2 -0.405087 1 0.000050
3 -0.397242 0 0.000000
4 -0.389398 1 0.000050
5 -0.381554 1 0.000050
6 -0.373709 2 0.000100
7 -0.365865 0 0.000000
8 -0.358021 0 0.000000
9 -0.350176 0 0.000000
10 -0.342332 0 0.000000
11 -0.334488 0 0.000000
12 -0.326643 1 0.000050
13 -0.318799 2 0.000100
14 -0.310955 1 0.000050
15 -0.303110 0 0.000000
16 -0.295266 0 0.000000
17 -0.287422 3 0.000150
18 -0.279577 7 0.000350
19 -0.271733 2 0.000100
20 -0.263889 4 0.000200
21 -0.256044 0 0.000000
22 -0.248200 3 0.000150
23 -0.240356 1 0.000050
24 -0.232511 3 0.000150
25 -0.224667 7 0.000350
26 -0.216823 7 0.000350
27 -0.208978 15 0.000750
28 -0.201134 24 0.001200
29 -0.193289 70 0.003500
30 -0.185445 61 0.003050
31 -0.177601 64 0.003200
32 -0.169756 62 0.003100
33 -0.161912 69 0.003450
34 -0.154068 104 0.005200
35 -0.146223 214 0.010700
36 -0.138379 308 0.015400
37 -0.130535 185 0.009250
38 -0.122690 141 0.007050
39 -0.114846 147 0.007350
40 -0.107002 228 0.011400
41 -0.099157 299 0.014950
42 -0.091313 668 0.033400
43 -0.083469 735 0.036750
44 -0.075624 435 0.021750
45 -0.067780 331 0.016550
46 -0.059936 359 0.017950
47 -0.052091 526 0.026300
48 -0.044247 686 0.034300
49 -0.036403 538 0.026900
50 -0.028558 691 0.034550
51 -0.020714 1148 0.057400
52 -0.012870 2838 0.141900
53 -0.005025 1390 0.069500
54 0.002819 862 0.043100
55 0.010664 1032 0.051600
56 0.018508 993 0.049650
57 0.026352 494 0.024700
58 0.034197 327 0.016350
59 0.042041 383 0.019150
60 0.049885 422 0.021100
61 0.057730 585 0.029250
62 0.065574 372 0.018600
63 0.073418 314 0.015700
64 0.081263 183 0.009150
65 0.089107 196 0.009800
66 0.096951 186 0.009300
67 0.104796 275 0.013750
68 0.112640 264 0.013200
69 0.120484 187 0.009350
70 0.128329 95 0.004750
71 0.136173 73 0.003650
72 0.144017 79 0.003950
73 0.151862 93 0.004650
74 0.159706 89 0.004450
75 0.167550 40 0.002000
76 0.175395 20 0.001000
77 0.183239 9 0.000450
78 0.191083 6 0.000300
79 0.198928 11 0.000550
80 0.206772 7 0.000350
81 0.214617 2 0.000100
82 0.222461 1 0.000050
83 0.230305 1 0.000050
84 0.238150 2 0.000100
85 0.245994 0 0.000000
86 0.253838 4 0.000200
87 0.261683 2 0.000100
88 0.269527 2 0.000100
89 0.277371 0 0.000000
90 0.285216 2 0.000100
91 0.293060 1 0.000050
92 0.300904 1 0.000050
93 0.308749 1 0.000050
94 0.316593 0 0.000000
95 0.324437 0 0.000000
96 0.332282 0 0.000000
97 0.340126 0 0.000000
98 0.347970 0 0.000000
99 0.355815 1 0.000050
