0 0.000000 50598 0.843300
1 0.001788 2150 0.035833
2 0.003577 1474 0.024567
3 0.005365 1391 0.023183
4 0.007154 963 0.016050
5 0.008942 545 0.009083
6 0.010730 442 0.007367
7 0.012519 397 0.006617
8 0.014307 334 0.005567
9 0.016096 282 0.004700
10 0.017884 361 0.006017
11 0.019672 210 0.003500
12 0.021461 138 0.002300
13 0.023249 121 0.002017
14 0.025038 103 0.001717
15 0.026826 107 0.001783
16 0.028614 67 0.001117
17 0.030403 56 0.000933
18 0.032191 48 0.000800
19 0.033980 48 0.000800
20 0.035768 41 0.000683
21 0.037556 15 0.000250
22 0.039345 16 0.000267
23 0.041133 16 0.000267
24 0.042922 11 0.000183
25 0.044710 7 0.000117
26 0.046499 5 0.000083
27 0.048287 1 0.000017
28 0.050075 4 0.000067
29 0.051864 2 0.000033
30 0.053652 1 0.000017
31 0.055441 1 0.000017
32 0.057229 3 0.000050
33 0.059017 2 0.000033
34 0.060806 0 0.000000
35 0.062594 0 0.000000
36 0.064383 2 0.000033
37 0.066171 3 0.000050
38 0.067959 5 0.000083
39 0.069748 0 0.000000
40 0.071536 2 0.000033
41 0.073325 3 0.000050
42 0.075113 3 0.000050
43 0.076901 3 0.000050
44 0.078690 1 0.000017
45 0.080478 2 0.000033
46 0.082267 2 0.000033
47 0.084055 0 0.000000
48 0.085843 1 0.000017
49 0.087632 0 0.000000
50 0.089420 1 0.000017
51 0.091209 0 0.000000
52 0.092997 1 0.000017
53 0.094785 0 0.000000
54 0.096574 1 0.000017
55 0.098362 1 0.000017
56 0.100151 1 0.000017
57 0.101939 0 0.000000
58 0.103727 0 0.000000
59 0.105516 1 0.000017
60 0.107304 0 0.000000
61 0.109093 0 0.000000
62 0.110881 0 0.000000
63 0.112669 0 0.000000
64 0.114458 0 0.000000
65 0.116246 0 0.000000
66 0.118035 0 0.000000
67 0.119823 0 0.000000
68 0.121612 0 0.000000
69 0.123400 0 0.000000
70 0.125188 1 0.000017
71 0.126977 0 0.000000
72 0.128765 0 0.000000
73 0.130554 0 0.000000
74 0.132342 0 0.000000
75 0.134130 1 0.000017
76 0.135919 1 0.000017
77 0.137707 0 0.000000
78 0.139496 0 0.000000
79 0.141284 0 0.000000
80 0.143072 1 0.000017
81 0.144861 0 0.000000
82 0.146649 1 0.000017
83 0.148438 0 0.000000
84 0.150226 0 0.000000
85 0.152014 0 0.000000
86 0.153803 0 0.000000
87 0.155591 0 0.000000
88 0.157380 0 0.000000
89 0.159168 0 0.000000
90 0.160956 0 0.000000
91 0.162745 1 0.000017
92 0.164533 0 0.000000
93 0.166322 0 0.000000
94 0.168110 0 0.000000
95 0.169898 0 0.000000
96 0.171687 0 0.000000
97 0.173475 0 0.000000
98 0.175264 0 0.000000
99 0.177052 1 0.000017
