0 -0.119351 1 0.000050
1 -0.117567 0 0.000000
2 -0.115782 0 0.000000
3 -0.113997 0 0.000000
4 -0.112212 0 0.000000
5 -0.110427 0 0.000000
6 -0.108642 0 0.000000
7 -0.106857 0 0.000000
8 -0.105072 1 0.000050
9 -0.103287 0 0.000000
10 -0.101503 0 0.000000
11 -0.099718 0 0.000000
12 -0.097933 0 0.000000
13 -0.096148 0 0.000000
14 -0.094363 0 0.000000
15 -0.092578 1 0.000050
16 -0.090793 0 0.000000
17 -0.089008 1 0.000050
18 -0.087223 0 0.000000
19 -0.085439 0 0.000000
20 -0.083654 1 0.000050
21 -0.081869 0 0.000000
22 -0.080084 0 0.000000
23 -0.078299 0 0.000000
24 -0.076514 1 0.000050
25 -0.074729 0 0.000000
26 -0.072944 1 0.000050
27 -0.071159 0 0.000000
28 -0.069375 0 0.000000
29 -0.067590 2 0.000100
30 -0.065805 1 0.000050
31 -0.064020 3 0.000150
32 -0.062235 8 0.000400
33 -0.060450 3 0.000150
34 -0.058665 3 0.000150
35 -0.056880 2 0.000100
36 -0.055095 4 0.000200
37 -0.053311 6 0.000300
38 -0.051526 8 0.000400
39 -0.049741 4 0.000200
40 -0.047956 6 0.000300
41 -0.046171 2 0.000100
42 -0.044386 11 0.000550
43 -0.042601 10 0.000500
44 -0.040816 15 0.000750
45 -0.039031 28 0.001400
46 -0.037247 35 0.001750
47 -0.035462 33 0.001650
48 -0.033677 38 0.001900
49 -0.031892 63 0.003150
50 -0.030107 88 0.004400
51 -0.028322 88 0.004400
52 -0.026537 108 0.005400
53 -0.024752 124 0.006200
54 -0.022967 207 0.010350
55 -0.021183 270 0.013500
56 -0.019398 466 0.023300
57 -0.017613 549 0.027450
58 -0.015828 889 0.044450
59 -0.014043 1444 0.072200
60 -0.012258 1929 0.096450
61 -0.010473 2282 0.114100
62 -0.008688 2548 0.127400
63 -0.006903 2649 0.132450
64 -0.005119 2174 0.108700
65 -0.003334 1465 0.073250
66 -0.001549 714 0.035700
67 0.000236 451 0.022550
68 0.002021 296 0.014800
69 0.003806 245 0.012250
70 0.005591 174 0.008700
71 0.007376 113 0.005650
72 0.009161 78 0.003900
73 0.010945 49 0.002450
74 0.012730 48 0.002400
75 0.014515 33 0.001650
76 0.016300 25 0.001250
77 0.018085 29 0.001450
78 0.019870 21 0.001050
79 0.021655 27 0.001350
80 0.023440 18 0.000900
81 0.025225 10 0.000500
82 0.027009 21 0.001050
83 0.028794 14 0.000700
84 0.030579 8 0.000400
85 0.032364 16 0.000800
86 0.034149 6 0.000300
87 0.035934 6 0.000300
88 0.037719 3 0.000150
89 0.039504 4 0.000200
90 0.041289 4 0.000200
91 0.043073 0 0.000000
92 0.044858 3 0.000150
93 0.046643 3 0.000150
94 0.048428 2 0.000100
95 0.050213 3 0.000150
96 0.051998 1 0.000050
97 0.053783 0 0.000000
98 0.055568 2 0.000100
99 0.057353 1 0.000050
