0 0.120812 5 0.000250
1 0.128681 1 0.000050
2 0.136550 0 0.000000
3 0.144419 0 0.000000
4 0.152288 0 0.000000
5 0.160157 0 0.000000
6 0.168026 0 0.000000
7 0.175895 0 0.000000
8 0.183764 0 0.000000
9 0.191632 0 0.000000
10 0.199501 0 0.000000
11 0.207370 0 0.000000
12 0.215239 6 0.000300
13 0.223108 9 0.000450
14 0.230977 2 0.000100
15 0.238846 1 0.000050
16 0.246715 1 0.000050
17 0.254584 2 0.000100
18 0.262453 1 0.000050
19 0.270322 1 0.000050
20 0.278191 2 0.000100
21 0.286059 3 0.000150
22 0.293928 7 0.000350
23 0.301797 21 0.001050
24 0.309666 27 0.001350
25 0.317535 59 0.002950
26 0.325404 84 0.004200
27 0.333273 66 0.003300
28 0.341142 41 0.002050
29 0.349011 67 0.003350
30 0.356880 144 0.007200
31 0.364749 148 0.007400
32 0.372618 371 0.018550
33 0.380486 157 0.007850
34 0.388355 170 0.008500
35 0.396224 153 0.007650
36 0.404093 261 0.013050
37 0.411962 350 0.017500
38 0.419831 565 0.028250
39 0.427700 747 0.037350
40 0.435569 424 0.021200
41 0.443438 324 0.016200
42 0.451307 390 0.019500
43 0.459176 529 0.026450
44 0.467045 815 0.040750
45 0.474914 560 0.028000
46 0.482782 556 0.027800
47 0.490651 583 0.029150
48 0.498520 4065 0.203250
49 0.506389 756 0.037800
50 0.514258 670 0.033500
51 0.522127 948 0.047400
52 0.529996 944 0.047200
53 0.537865 446 0.022300
54 0.545734 433 0.021650
55 0.553603 446 0.022300
56 0.561472 434 0.021700
57 0.569341 671 0.033550
58 0.577209 344 0.017200
59 0.585078 291 0.014550
60 0.592947 197 0.009850
61 0.600816 261 0.013050
62 0.608685 216 0.010800
63 0.616554 183 0.009150
64 0.624423 379 0.018950
65 0.632292 132 0.006600
66 0.640161 77 0.003850
67 0.648030 62 0.003100
68 0.655899 103 0.005150
69 0.663768 62 0.003100
70 0.671636 98 0.004900
71 0.679505 41 0.002050
72 0.687374 23 0.001150
73 0.695243 17 0.000850
74 0.703112 19 0.000950
75 0.710981 9 0.000450
76 0.718850 1 0.000050
77 0.726719 0 0.000000
78 0.734588 0 0.000000
79 0.742457 2 0.000100
80 0.750326 0 0.000000
81 0.758195 0 0.000000
82 0.766063 1 0.000050
83 0.773932 3 0.000150
84 0.781801 0 0.000000
85 0.789670 3 0.000150
86 0.797539 6 0.000300
87 0.805408 3 0.000150
88 0.813277 0 0.000000
89 0.821146 0 0.000000
90 0.829015 0 0.000000
91 0.836884 0 0.000000
92 0.844753 0 0.000000
93 0.852622 0 0.000000
94 0.860490 0 0.000000
95 0.868359 0 0.000000
96 0.876228 0 0.000000
97 0.884097 0 0.000000
98 0.891966 1 0.000050
99 0.899835 0 0.000000
