0 0.078944 12 0.000600
1 0.088303 4 0.000200
2 0.097661 8 0.000400
3 0.107020 2 0.000100
4 0.116379 6 0.000300
5 0.125738 1 0.000050
6 0.135097 4 0.000200
7 0.144455 4 0.000200
8 0.153814 5 0.000250
9 0.163173 5 0.000250
10 0.172532 4 0.000200
11 0.181891 8 0.000400
12 0.191250 4 0.000200
13 0.200608 10 0.000500
14 0.209967 4 0.000200
15 0.219326 18 0.000900
16 0.228685 8 0.000400
17 0.238044 19 0.000950
18 0.247402 15 0.000750
19 0.256761 17 0.000850
20 0.266120 42 0.002100
21 0.275479 33 0.001650
22 0.284838 36 0.001800
23 0.294197 37 0.001850
24 0.303555 38 0.001900
25 0.312914 57 0.002850
26 0.322273 96 0.004800
27 0.331632 161 0.008050
28 0.340991 137 0.006850
29 0.350349 35 0.001750
30 0.359708 17 0.000850
31 0.369067 11 0.000550
32 0.378426 21 0.001050
33 0.387785 29 0.001450
34 0.397144 14 0.000700
35 0.406502 25 0.001250
36 0.415861 33 0.001650
37 0.425220 23 0.001150
38 0.434579 36 0.001800
39 0.443938 31 0.001550
40 0.453297 41 0.002050
41 0.462655 48 0.002400
42 0.472014 46 0.002300
43 0.481373 75 0.003750
44 0.490732 89 0.004450
45 0.500091 74 0.003700
46 0.509449 125 0.006250
47 0.518808 109 0.005450
48 0.528167 157 0.007850
49 0.537526 235 0.011750
50 0.546885 270 0.013500
51 0.556243 329 0.016450
52 0.565602 452 0.022600
53 0.574961 617 0.030850
54 0.584320 1250 0.062500
55 0.593679 2600 0.130000
56 0.603038 2315 0.115750
57 0.612396 1244 0.062200
58 0.621755 835 0.041750
59 0.631114 624 0.031200
60 0.640473 454 0.022700
61 0.649832 352 0.017600
62 0.659190 301 0.015050
63 0.668549 219 0.010950
64 0.677908 203 0.010150
65 0.687267 205 0.010250
66 0.696626 153 0.007650
67 0.705985 143 0.007150
68 0.715343 124 0.006200
69 0.724702 153 0.007650
70 0.734061 140 0.007000
71 0.743420 130 0.006500
72 0.752779 129 0.006450
73 0.762137 162 0.008100
74 0.771496 178 0.008900
75 0.780855 151 0.007550
76 0.790214 129 0.006450
77 0.799573 140 0.007000
78 0.808932 126 0.006300
79 0.818290 133 0.006650
80 0.827649 162 0.008100
81 0.837008 170 0.008500
82 0.846367 224 0.011200
83 0.855726 265 0.013250
84 0.865084 270 0.013500
85 0.874443 392 0.019600
86 0.883802 346 0.017300
87 0.893161 320 0.016000
88 0.902520 253 0.012650
89 0.911879 236 0.011800
90 0.921237 282 0.014100
91 0.930596 298 0.014900
92 0.939955 209 0.010450
93 0.949314 121 0.006050
94 0.958673 47 0.002350
95 0.968032 44 0.002200
96 0.977390 16 0.000800
97 0.986749 10 0.000500
98 0.996108 4 0.000200
99 1.005467 1 0.000050
