0 0.009706 9 0.000150
1 0.019702 8 0.000133
2 0.029699 13 0.000217
3 0.039695 8 0.000133
4 0.049692 22 0.000367
5 0.059688 12 0.000200
6 0.069685 11 0.000183
7 0.079681 20 0.000333
8 0.089678 14 0.000233
9 0.099674 18 0.000300
10 0.109671 8 0.000133
11 0.119667 14 0.000233
12 0.129664 17 0.000283
13 0.139660 15 0.000250
14 0.149657 8 0.000133
15 0.159653 16 0.000267
16 0.169650 10 0.000167
17 0.179646 19 0.000317
18 0.189643 29 0.000483
19 0.199639 27 0.000450
20 0.209636 41 0.000683
21 0.219632 32 0.000533
22 0.229629 36 0.000600
23 0.239625 32 0.000533
24 0.249622 60 0.001000
25 0.259618 75 0.001250
26 0.269615 75 0.001250
27 0.279611 89 0.001483
28 0.289608 102 0.001700
29 0.299604 123 0.002050
30 0.309601 225 0.003750
31 0.319597 232 0.003867
32 0.329594 395 0.006583
33 0.339590 262 0.004367
34 0.349587 231 0.003850
35 0.359583 331 0.005517
36 0.369580 591 0.009850
37 0.379577 403 0.006717
38 0.389573 369 0.006150
39 0.399570 524 0.008733
40 0.409566 712 0.011867
41 0.419563 1095 0.018250
42 0.429559 1185 0.019750
43 0.439556 842 0.014033
44 0.449552 1092 0.018200
45 0.459549 1531 0.025517
46 0.469545 1987 0.033117
47 0.479542 2360 0.039333
48 0.489538 4005 0.066750
49 0.499535 7423 0.123717
50 0.509531 2676 0.044600
51 0.519528 2332 0.038867
52 0.529524 2017 0.033617
53 0.539521 1309 0.021817
54 0.549517 1312 0.021867
55 0.559514 1476 0.024600
56 0.569510 2027 0.033783
57 0.579507 2684 0.044733
58 0.589503 3320 0.055333
59 0.599500 2201 0.036683
60 0.609496 1321 0.022017
61 0.619493 1308 0.021800
62 0.629489 837 0.013950
63 0.639486 566 0.009433
64 0.649482 495 0.008250
65 0.659479 425 0.007083
66 0.669475 401 0.006683
67 0.679472 332 0.005533
68 0.689468 224 0.003733
69 0.699465 202 0.003367
70 0.709461 203 0.003383
71 0.719458 185 0.003083
72 0.729454 185 0.003083
73 0.739451 181 0.003017
74 0.749447 197 0.003283
75 0.759444 182 0.003033
76 0.769440 191 0.003183
77 0.779437 168 0.002800
78 0.789433 175 0.002917
79 0.799430 171 0.002850
80 0.809426 174 0.002900
81 0.819423 238 0.003967
82 0.829419 220 0.003667
83 0.839416 221 0.003683
84 0.849412 327 0.005450
85 0.859409 446 0.007433
86 0.869405 365 0.006083
87 0.879402 375 0.006250
88 0.889398 249 0.004150
89 0.899395 260 0.004333
90 0.909391 271 0.004517
91 0.919388 285 0.004750
92 0.929385 233 0.003883
93 0.939381 138 0.002300
94 0.949378 44 0.000733
95 0.959374 27 0.000450
96 0.969371 35 0.000583
97 0.979367 20 0.000333
98 0.989364 9 0.000150
99 0.999360 2 0.000033
