0 0.023434 5 0.000250
1 0.033193 3 0.000150
2 0.042953 3 0.000150
3 0.052712 5 0.000250
4 0.062472 11 0.000550
5 0.072231 6 0.000300
6 0.081991 7 0.000350
7 0.091750 14 0.000700
8 0.101510 14 0.000700
9 0.111269 17 0.000850
10 0.121029 10 0.000500
11 0.130789 13 0.000650
12 0.140548 10 0.000500
13 0.150308 10 0.000500
14 0.160067 14 0.000700
15 0.169827 13 0.000650
16 0.179586 20 0.001000
17 0.189346 15 0.000750
18 0.199105 22 0.001100
19 0.208865 26 0.001300
20 0.218624 25 0.001250
21 0.228384 13 0.000650
22 0.238143 18 0.000900
23 0.247903 22 0.001100
24 0.257662 28 0.001400
25 0.267422 24 0.001200
26 0.277181 46 0.002300
27 0.286941 49 0.002450
28 0.296700 53 0.002650
29 0.306460 76 0.003800
30 0.316219 61 0.003050
31 0.325979 104 0.005200
32 0.335739 77 0.003850
33 0.345498 76 0.003800
34 0.355258 94 0.004700
35 0.365017 149 0.007450
36 0.374777 153 0.007650
37 0.384536 139 0.006950
38 0.394296 175 0.008750
39 0.404055 205 0.010250
40 0.413815 255 0.012750
41 0.423574 265 0.013250
42 0.433334 308 0.015400
43 0.443093 369 0.018450
44 0.452853 427 0.021350
45 0.462612 594 0.029700
46 0.472372 874 0.043700
47 0.482131 1070 0.053500
48 0.491891 2063 0.103150
49 0.501650 3421 0.171050
50 0.511410 2140 0.107000
51 0.521169 1465 0.073250
52 0.530929 914 0.045700
53 0.540689 569 0.028450
54 0.550448 483 0.024150
55 0.560208 409 0.020450
56 0.569967 321 0.016050
57 0.579727 328 0.016400
58 0.589486 239 0.011950
59 0.599246 187 0.009350
60 0.609005 151 0.007550
61 0.618765 148 0.007400
62 0.628524 136 0.006800
63 0.638284 109 0.005450
64 0.648043 91 0.004550
65 0.657803 99 0.004950
66 0.667562 66 0.003300
67 0.677322 78 0.003900
68 0.687081 65 0.003250
69 0.696841 55 0.002750
70 0.706600 44 0.002200
71 0.716360 45 0.002250
72 0.726120 22 0.001100
73 0.735879 27 0.001350
74 0.745638 29 0.001450
75 0.755398 23 0.001150
76 0.765158 16 0.000800
77 0.774917 22 0.001100
78 0.784677 33 0.001650
79 0.794436 25 0.001250
80 0.804196 24 0.001200
81 0.813955 16 0.000800
82 0.823715 24 0.001200
83 0.833474 10 0.000500
84 0.843234 13 0.000650
85 0.852993 14 0.000700
86 0.862753 12 0.000600
87 0.872512 6 0.000300
88 0.882272 9 0.000450
89 0.892031 11 0.000550
90 0.901791 4 0.000200
91 0.911550 7 0.000350
92 0.921310 8 0.000400
93 0.931069 12 0.000600
94 0.940829 7 0.000350
95 0.950589 2 0.000100
96 0.960348 5 0.000250
97 0.970108 1 0.000050
98 0.979867 5 0.000250
99 0.989627 0 0.000000
