0 0.023434 5 0.000083
1 0.033353 3 0.000050
2 0.043273 3 0.000050
3 0.053192 5 0.000083
4 0.063112 11 0.000183
5 0.073031 14 0.000233
6 0.082951 15 0.000250
7 0.092870 18 0.000300
8 0.102790 23 0.000383
9 0.112709 19 0.000317
10 0.122629 12 0.000200
11 0.132549 19 0.000317
12 0.142468 13 0.000217
13 0.152388 19 0.000317
14 0.162307 19 0.000317
15 0.172227 16 0.000267
16 0.182146 28 0.000467
17 0.192066 23 0.000383
18 0.201985 31 0.000517
19 0.211905 37 0.000617
20 0.221824 35 0.000583
21 0.231744 30 0.000500
22 0.241663 34 0.000567
23 0.251583 47 0.000783
24 0.261502 64 0.001067
25 0.271422 61 0.001017
26 0.281341 89 0.001483
27 0.291261 88 0.001467
28 0.301180 111 0.001850
29 0.311100 122 0.002033
30 0.321020 170 0.002833
31 0.330939 259 0.004317
32 0.340859 225 0.003750
33 0.350778 121 0.002017
34 0.360698 145 0.002417
35 0.370617 165 0.002750
36 0.380537 176 0.002933
37 0.390456 192 0.003200
38 0.400376 220 0.003667
39 0.410295 267 0.004450
40 0.420215 292 0.004867
41 0.430134 333 0.005550
42 0.440054 376 0.006267
43 0.449973 463 0.007717
44 0.459893 609 0.010150
45 0.469812 948 0.015800
46 0.479732 1366 0.022767
47 0.489651 3032 0.050533
48 0.499571 9203 0.153383
49 0.509490 13416 0.223600
50 0.519410 2664 0.044400
51 0.529330 1633 0.027217
52 0.539249 1098 0.018300
53 0.549169 870 0.014500
54 0.559088 902 0.015033
55 0.569008 944 0.015733
56 0.578927 1160 0.019333
57 0.588847 2383 0.039717
58 0.598766 3006 0.050100
59 0.608686 1833 0.030550
60 0.618605 1162 0.019367
61 0.628525 801 0.013350
62 0.638444 608 0.010133
63 0.648364 504 0.008400
64 0.658283 410 0.006833
65 0.668203 299 0.004983
66 0.678122 292 0.004867
67 0.688042 277 0.004617
68 0.697961 215 0.003583
69 0.707881 179 0.002983
70 0.717800 191 0.003183
71 0.727720 177 0.002950
72 0.737640 176 0.002933
73 0.747559 168 0.002800
74 0.757479 171 0.002850
75 0.767398 218 0.003633
76 0.777318 181 0.003017
77 0.787237 176 0.002933
78 0.797157 171 0.002850
79 0.807076 159 0.002650
80 0.816996 157 0.002617
81 0.826915 188 0.003133
82 0.836835 190 0.003167
83 0.846754 260 0.004333
84 0.856674 283 0.004717
85 0.866593 322 0.005367
86 0.876513 451 0.007517
87 0.886432 338 0.005633
88 0.896352 323 0.005383
89 0.906271 251 0.004183
90 0.916191 273 0.004550
91 0.926111 351 0.005850
92 0.936030 270 0.004500
93 0.945950 167 0.002783
94 0.955869 61 0.001017
95 0.965789 51 0.000850
96 0.975708 26 0.000433
97 0.985628 11 0.000183
98 0.995547 6 0.000100
99 1.005467 1 0.000017
