0 0.457620 3 0.000150
1 0.459090 0 0.000000
2 0.460559 0 0.000000
3 0.462029 2 0.000100
4 0.463498 0 0.000000
5 0.464967 1 0.000050
6 0.466437 4 0.000200
7 0.467906 6 0.000300
8 0.469375 7 0.000350
9 0.470845 11 0.000550
10 0.472314 11 0.000550
11 0.473783 6 0.000300
12 0.475253 8 0.000400
13 0.476722 13 0.000650
14 0.478191 17 0.000850
15 0.479661 13 0.000650
16 0.481130 22 0.001100
17 0.482600 33 0.001650
18 0.484069 34 0.001700
19 0.485538 59 0.002950
20 0.487008 70 0.003500
21 0.488477 90 0.004500
22 0.489946 93 0.004650
23 0.491416 152 0.007600
24 0.492885 177 0.008850
25 0.494354 173 0.008650
26 0.495824 174 0.008700
27 0.497293 189 0.009450
28 0.498762 368 0.018400
29 0.500232 327 0.016350
30 0.501701 437 0.021850
31 0.503171 586 0.029300
32 0.504640 820 0.041000
33 0.506109 1122 0.056100
34 0.507579 1652 0.082600
35 0.509048 2068 0.103400
36 0.510517 2527 0.126350
37 0.511987 2374 0.118700
38 0.513456 1776 0.088800
39 0.514925 1200 0.060000
40 0.516395 870 0.043500
41 0.517864 572 0.028600
42 0.519333 309 0.015450
43 0.520803 218 0.010900
44 0.522272 118 0.005900
45 0.523742 153 0.007650
46 0.525211 117 0.005850
47 0.526680 75 0.003750
48 0.528150 66 0.003300
49 0.529619 77 0.003850
50 0.531088 78 0.003900
51 0.532558 65 0.003250
52 0.534027 63 0.003150
53 0.535496 48 0.002400
54 0.536966 49 0.002450
55 0.538435 44 0.002200
56 0.539905 43 0.002150
57 0.541374 36 0.001800
58 0.542843 23 0.001150
59 0.544313 33 0.001650
60 0.545782 30 0.001500
61 0.547251 30 0.001500
62 0.548721 31 0.001550
63 0.550190 33 0.001650
64 0.551659 13 0.000650
65 0.553129 5 0.000250
66 0.554598 12 0.000600
67 0.556067 5 0.000250
68 0.557537 8 0.000400
69 0.559006 24 0.001200
70 0.560476 10 0.000500
71 0.561945 15 0.000750
72 0.563414 3 0.000150
73 0.564884 3 0.000150
74 0.566353 9 0.000450
75 0.567822 9 0.000450
76 0.569292 12 0.000600
77 0.570761 18 0.000900
78 0.572230 13 0.000650
79 0.573700 6 0.000300
80 0.575169 1 0.000050
81 0.576639 3 0.000150
82 0.578108 4 0.000200
83 0.579577 0 0.000000
84 0.581047 1 0.000050
85 0.582516 0 0.000000
86 0.583985 0 0.000000
87 0.585455 6 0.000300
88 0.586924 1 0.000050
89 0.588393 2 0.000100
90 0.589863 2 0.000100
91 0.591332 1 0.000050
92 0.592801 0 0.000000
93 0.594271 0 0.000000
94 0.595740 2 0.000100
95 0.597210 0 0.000000
96 0.598679 0 0.000000
97 0.600148 2 0.000100
98 0.601618 3 0.000150
99 0.603087 1 0.000050
