0 0.009706 4 0.000200
1 0.019702 6 0.000300
2 0.029699 8 0.000400
3 0.039695 6 0.000300
4 0.049692 8 0.000400
5 0.059688 0 0.000000
6 0.069685 3 0.000150
7 0.079681 6 0.000300
8 0.089678 1 0.000050
9 0.099674 5 0.000250
10 0.109671 2 0.000100
11 0.119667 1 0.000050
12 0.129664 1 0.000050
13 0.139660 6 0.000300
14 0.149657 3 0.000150
15 0.159653 3 0.000150
16 0.169650 4 0.000200
17 0.179646 2 0.000100
18 0.189643 10 0.000500
19 0.199639 7 0.000350
20 0.209636 7 0.000350
21 0.219632 3 0.000150
22 0.229629 8 0.000400
23 0.239625 14 0.000700
24 0.249622 30 0.001500
25 0.259618 39 0.001950
26 0.269615 27 0.001350
27 0.279611 31 0.001550
28 0.289608 32 0.001600
29 0.299604 22 0.001100
30 0.309601 120 0.006000
31 0.319597 78 0.003900
32 0.329594 198 0.009900
33 0.339590 102 0.005100
34 0.349587 43 0.002150
35 0.359583 12 0.000600
36 0.369580 24 0.001200
37 0.379577 25 0.001250
38 0.389573 19 0.000950
39 0.399570 20 0.001000
40 0.409566 24 0.001200
41 0.419563 38 0.001900
42 0.429559 39 0.001950
43 0.439556 33 0.001650
44 0.449552 47 0.002350
45 0.459549 67 0.003350
46 0.469545 77 0.003850
47 0.479542 87 0.004350
48 0.489538 103 0.005150
49 0.499535 130 0.006500
50 0.509531 118 0.005900
51 0.519528 170 0.008500
52 0.529524 222 0.011100
53 0.539521 302 0.015100
54 0.549517 389 0.019450
55 0.559514 525 0.026250
56 0.569510 928 0.046400
57 0.579507 2048 0.102400
58 0.589503 2855 0.142750
59 0.599500 1719 0.085950
60 0.609496 908 0.045400
61 0.619493 796 0.039800
62 0.629489 478 0.023900
63 0.639486 379 0.018950
64 0.649482 297 0.014850
65 0.659479 251 0.012550
66 0.669475 204 0.010200
67 0.679472 212 0.010600
68 0.689468 165 0.008250
69 0.699465 135 0.006750
70 0.709461 165 0.008250
71 0.719458 138 0.006900
72 0.729454 153 0.007650
73 0.739451 153 0.007650
74 0.749447 175 0.008750
75 0.759444 155 0.007750
76 0.769440 161 0.008050
77 0.779437 137 0.006850
78 0.789433 147 0.007350
79 0.799430 149 0.007450
80 0.809426 154 0.007700
81 0.819423 216 0.010800
82 0.829419 202 0.010100
83 0.839416 211 0.010550
84 0.849412 320 0.016000
85 0.859409 440 0.022000
86 0.869405 359 0.017950
87 0.879402 365 0.018250
88 0.889398 244 0.012200
89 0.899395 250 0.012500
90 0.909391 264 0.013200
91 0.919388 276 0.013800
92 0.929385 220 0.011000
93 0.939381 134 0.006700
94 0.949378 42 0.002100
95 0.959374 25 0.001250
96 0.969371 28 0.001400
97 0.979367 20 0.001000
98 0.989364 9 0.000450
99 0.999360 2 0.000100
