0 0.011722 5 0.000250
1 0.021492 3 0.000150
2 0.031263 5 0.000250
3 0.041033 4 0.000200
4 0.050804 11 0.000550
5 0.060574 13 0.000650
6 0.070345 8 0.000400
7 0.080115 13 0.000650
8 0.089886 13 0.000650
9 0.099656 13 0.000650
10 0.109427 5 0.000250
11 0.119197 8 0.000400
12 0.128968 15 0.000750
13 0.138738 9 0.000450
14 0.148509 6 0.000300
15 0.158279 11 0.000550
16 0.168050 7 0.000350
17 0.177820 14 0.000700
18 0.187591 20 0.001000
19 0.197361 16 0.000800
20 0.207132 29 0.001450
21 0.216902 23 0.001150
22 0.226673 26 0.001300
23 0.236443 15 0.000750
24 0.246214 21 0.001050
25 0.255984 32 0.001600
26 0.265755 42 0.002100
27 0.275525 43 0.002150
28 0.285296 63 0.003150
29 0.295066 75 0.003750
30 0.304837 62 0.003100
31 0.314607 64 0.003200
32 0.324378 84 0.004200
33 0.334148 106 0.005300
34 0.343919 93 0.004650
35 0.353689 84 0.004200
36 0.363460 164 0.008200
37 0.373230 119 0.005950
38 0.383001 186 0.009300
39 0.392771 161 0.008050
40 0.402542 241 0.012050
41 0.412312 269 0.013450
42 0.422083 269 0.013450
43 0.431853 362 0.018100
44 0.441624 399 0.019950
45 0.451394 547 0.027350
46 0.461165 776 0.038800
47 0.470935 952 0.047600
48 0.480706 1754 0.087700
49 0.490476 3130 0.156500
50 0.500247 2828 0.141400
51 0.510017 1628 0.081400
52 0.519788 1024 0.051200
53 0.529558 636 0.031800
54 0.539329 482 0.024100
55 0.549099 389 0.019450
56 0.558870 350 0.017500
57 0.568640 309 0.015450
58 0.578411 253 0.012650
59 0.588181 191 0.009550
60 0.597952 164 0.008200
61 0.607722 143 0.007150
62 0.617493 145 0.007250
63 0.627263 109 0.005450
64 0.637034 98 0.004900
65 0.646804 99 0.004950
66 0.656575 83 0.004150
67 0.666345 65 0.003250
68 0.676116 82 0.004100
69 0.685886 48 0.002400
70 0.695657 36 0.001800
71 0.705427 32 0.001600
72 0.715198 37 0.001850
73 0.724968 38 0.001900
74 0.734739 32 0.001600
75 0.744509 21 0.001050
76 0.754280 19 0.000950
77 0.764050 30 0.001500
78 0.773821 25 0.001250
79 0.783591 29 0.001450
80 0.793362 19 0.000950
81 0.803132 18 0.000900
82 0.812903 18 0.000900
83 0.822673 26 0.001300
84 0.832444 10 0.000500
85 0.842214 8 0.000400
86 0.851985 7 0.000350
87 0.861755 6 0.000300
88 0.871526 7 0.000350
89 0.881296 12 0.000600
90 0.891067 1 0.000050
91 0.900837 10 0.000500
92 0.910608 6 0.000300
93 0.920378 10 0.000500
94 0.930149 12 0.000600
95 0.939919 5 0.000250
96 0.949690 1 0.000050
97 0.959460 2 0.000100
98 0.969231 5 0.000250
99 0.979001 2 0.000100
