0 -0.379732 1 0.000050
1 -0.372672 3 0.000150
2 -0.365611 0 0.000000
3 -0.358551 0 0.000000
4 -0.351490 2 0.000100
5 -0.344430 0 0.000000
6 -0.337369 0 0.000000
7 -0.330308 2 0.000100
8 -0.323248 2 0.000100
9 -0.316187 2 0.000100
10 -0.309127 0 0.000000
11 -0.302066 2 0.000100
12 -0.295006 3 0.000150
13 -0.287945 6 0.000300
14 -0.280885 4 0.000200
15 -0.273824 1 0.000050
16 -0.266764 5 0.000250
17 -0.259703 0 0.000000
18 -0.252643 1 0.000050
19 -0.245582 0 0.000000
20 -0.238522 2 0.000100
21 -0.231461 3 0.000150
22 -0.224401 3 0.000150
23 -0.217340 14 0.000700
24 -0.210280 6 0.000300
25 -0.203219 5 0.000250
26 -0.196159 5 0.000250
27 -0.189098 11 0.000550
28 -0.182038 11 0.000550
29 -0.174977 11 0.000550
30 -0.167917 6 0.000300
31 -0.160856 20 0.001000
32 -0.153796 13 0.000650
33 -0.146735 21 0.001050
34 -0.139675 19 0.000950
35 -0.132614 29 0.001450
36 -0.125554 24 0.001200
37 -0.118493 44 0.002200
38 -0.111433 89 0.004450
39 -0.104372 90 0.004500
40 -0.097312 101 0.005050
41 -0.090251 138 0.006900
42 -0.083190 198 0.009900
43 -0.076130 233 0.011650
44 -0.069069 252 0.012600
45 -0.062009 228 0.011400
46 -0.054948 284 0.014200
47 -0.047888 203 0.010150
48 -0.040827 323 0.016150
49 -0.033767 502 0.025100
50 -0.026706 740 0.037000
51 -0.019646 1448 0.072400
52 -0.012585 3391 0.169550
53 -0.005525 4346 0.217300
54 0.001536 2593 0.129650
55 0.008596 1349 0.067450
56 0.015657 741 0.037050
57 0.022717 468 0.023400
58 0.029778 245 0.012250
59 0.036838 237 0.011850
60 0.043899 176 0.008800
61 0.050959 158 0.007900
62 0.058020 151 0.007550
63 0.065080 108 0.005400
64 0.072141 100 0.005000
65 0.079201 122 0.006100
66 0.086262 101 0.005050
67 0.093322 99 0.004950
68 0.100383 56 0.002800
69 0.107443 67 0.003350
70 0.114504 46 0.002300
71 0.121564 40 0.002000
72 0.128625 45 0.002250
73 0.135685 26 0.001300
74 0.142746 24 0.001200
75 0.149807 27 0.001350
76 0.156867 24 0.001200
77 0.163928 30 0.001500
78 0.170988 11 0.000550
79 0.178049 12 0.000600
80 0.185109 10 0.000500
81 0.192170 11 0.000550
82 0.199230 12 0.000600
83 0.206291 6 0.000300
84 0.213351 7 0.000350
85 0.220412 7 0.000350
86 0.227472 13 0.000650
87 0.234533 7 0.000350
88 0.241593 9 0.000450
89 0.248654 3 0.000150
90 0.255714 1 0.000050
91 0.262775 4 0.000200
92 0.269835 0 0.000000
93 0.276896 1 0.000050
94 0.283956 3 0.000150
95 0.291017 2 0.000100
96 0.298077 0 0.000000
97 0.305138 0 0.000000
98 0.312198 1 0.000050
99 0.319259 0 0.000000
