0 -0.494141 1 0.000050
1 -0.485237 0 0.000000
2 -0.476333 0 0.000000
3 -0.467429 0 0.000000
4 -0.458525 0 0.000000
5 -0.449621 0 0.000000
6 -0.440717 0 0.000000
7 -0.431813 0 0.000000
8 -0.422909 0 0.000000
9 -0.414005 0 0.000000
10 -0.405101 0 0.000000
11 -0.396196 1 0.000050
12 -0.387292 0 0.000000
13 -0.378388 0 0.000000
14 -0.369484 0 0.000000
15 -0.360580 0 0.000000
16 -0.351676 0 0.000000
17 -0.342772 0 0.000000
18 -0.333868 1 0.000050
19 -0.324964 0 0.000000
20 -0.316060 0 0.000000
21 -0.307155 2 0.000100
22 -0.298251 10 0.000500
23 -0.289347 0 0.000000
24 -0.280443 6 0.000300
25 -0.271539 2 0.000100
26 -0.262635 1 0.000050
27 -0.253731 1 0.000050
28 -0.244827 3 0.000150
29 -0.235923 5 0.000250
30 -0.227019 6 0.000300
31 -0.218115 8 0.000400
32 -0.209210 22 0.001100
33 -0.200306 25 0.001250
34 -0.191402 52 0.002600
35 -0.182498 93 0.004650
36 -0.173594 54 0.002700
37 -0.164690 68 0.003400
38 -0.155786 160 0.008000
39 -0.146882 181 0.009050
40 -0.137978 350 0.017500
41 -0.129074 197 0.009850
42 -0.120169 170 0.008500
43 -0.111265 174 0.008700
44 -0.102361 311 0.015550
45 -0.093457 619 0.030950
46 -0.084553 737 0.036850
47 -0.075649 534 0.026700
48 -0.066745 417 0.020850
49 -0.057841 427 0.021350
50 -0.048937 756 0.037800
51 -0.040033 895 0.044750
52 -0.031128 733 0.036650
53 -0.022224 1009 0.050450
54 -0.013320 2936 0.146800
55 -0.004416 1482 0.074100
56 0.004488 1063 0.053150
57 0.013392 910 0.045500
58 0.022296 803 0.040150
59 0.031200 518 0.025900
60 0.040104 446 0.022300
61 0.049008 553 0.027650
62 0.057912 772 0.038600
63 0.066817 484 0.024200
64 0.075721 252 0.012600
65 0.084625 180 0.009000
66 0.093529 219 0.010950
67 0.102433 218 0.010900
68 0.111337 329 0.016450
69 0.120241 200 0.010000
70 0.129145 135 0.006750
71 0.138049 104 0.005200
72 0.146953 122 0.006100
73 0.155857 96 0.004800
74 0.164762 73 0.003650
75 0.173666 20 0.001000
76 0.182570 17 0.000850
77 0.191474 8 0.000400
78 0.200378 4 0.000200
79 0.209282 2 0.000100
80 0.218186 1 0.000050
81 0.227090 3 0.000150
82 0.235994 4 0.000200
83 0.244898 1 0.000050
84 0.253803 0 0.000000
85 0.262707 2 0.000100
86 0.271611 1 0.000050
87 0.280515 4 0.000200
88 0.289419 4 0.000200
89 0.298323 0 0.000000
90 0.307227 0 0.000000
91 0.316131 0 0.000000
92 0.325035 0 0.000000
93 0.333939 0 0.000000
94 0.342844 1 0.000050
95 0.351748 0 0.000000
96 0.360652 1 0.000050
97 0.369556 0 0.000000
98 0.378460 0 0.000000
99 0.387364 1 0.000050
