0 -0.494141 1 0.000017
1 -0.485237 0 0.000000
2 -0.476333 0 0.000000
3 -0.467429 0 0.000000
4 -0.458525 0 0.000000
5 -0.449621 0 0.000000
6 -0.440717 0 0.000000
7 -0.431813 0 0.000000
8 -0.422909 0 0.000000
9 -0.414005 0 0.000000
10 -0.405101 0 0.000000
11 -0.396196 1 0.000017
12 -0.387292 1 0.000017
13 -0.378388 0 0.000000
14 -0.369484 3 0.000050
15 -0.360580 0 0.000000
16 -0.351676 4 0.000067
17 -0.342772 1 0.000017
18 -0.333868 5 0.000083
19 -0.324964 4 0.000067
20 -0.316060 4 0.000067
21 -0.307155 3 0.000050
22 -0.298251 13 0.000217
23 -0.289347 11 0.000183
24 -0.280443 14 0.000233
25 -0.271539 4 0.000067
26 -0.262635 9 0.000150
27 -0.253731 9 0.000150
28 -0.244827 11 0.000183
29 -0.235923 14 0.000233
30 -0.227019 14 0.000233
31 -0.218115 34 0.000567
32 -0.209210 35 0.000583
33 -0.200306 50 0.000833
34 -0.191402 78 0.001300
35 -0.182498 123 0.002050
36 -0.173594 80 0.001333
37 -0.164690 99 0.001650
38 -0.155786 207 0.003450
39 -0.146882 234 0.003900
40 -0.137978 413 0.006883
41 -0.129074 286 0.004767
42 -0.120169 255 0.004250
43 -0.111265 355 0.005917
44 -0.102361 506 0.008433
45 -0.093457 884 0.014733
46 -0.084553 1103 0.018383
47 -0.075649 994 0.016567
48 -0.066745 856 0.014267
49 -0.057841 976 0.016267
50 -0.048937 1346 0.022433
51 -0.040033 1846 0.030767
52 -0.031128 2180 0.036333
53 -0.022224 4276 0.071267
54 -0.013320 11751 0.195850
55 -0.004416 11686 0.194767
56 0.004488 5972 0.099533
57 0.013392 2941 0.049017
58 0.022296 1870 0.031167
59 0.031200 1143 0.019050
60 0.040104 975 0.016250
61 0.049008 982 0.016367
62 0.057912 1095 0.018250
63 0.066817 732 0.012200
64 0.075721 488 0.008133
65 0.084625 405 0.006750
66 0.093529 413 0.006883
67 0.102433 348 0.005800
68 0.111337 439 0.007317
69 0.120241 283 0.004717
70 0.129145 220 0.003667
71 0.138049 170 0.002833
72 0.146953 175 0.002917
73 0.155857 149 0.002483
74 0.164762 115 0.001917
75 0.173666 41 0.000683
76 0.182570 47 0.000783
77 0.191474 35 0.000583
78 0.200378 25 0.000417
79 0.209282 13 0.000217
80 0.218186 13 0.000217
81 0.227090 25 0.000417
82 0.235994 23 0.000383
83 0.244898 14 0.000233
84 0.253803 13 0.000217
85 0.262707 12 0.000200
86 0.271611 7 0.000117
87 0.280515 12 0.000200
88 0.289419 9 0.000150
89 0.298323 3 0.000050
90 0.307227 4 0.000067
91 0.316131 4 0.000067
92 0.325035 1 0.000017
93 0.333939 1 0.000017
94 0.342844 2 0.000033
95 0.351748 0 0.000000
96 0.360652 1 0.000017
97 0.369556 0 0.000000
98 0.378460 0 0.000000
99 0.387364 1 0.000017
