0 -0.351160 2 0.000100
1 -0.344123 1 0.000050
2 -0.337086 0 0.000000
3 -0.330049 3 0.000150
4 -0.323012 1 0.000050
5 -0.315975 1 0.000050
6 -0.308938 1 0.000050
7 -0.301901 0 0.000000
8 -0.294864 0 0.000000
9 -0.287827 3 0.000150
10 -0.280790 3 0.000150
11 -0.273753 1 0.000050
12 -0.266716 2 0.000100
13 -0.259679 4 0.000200
14 -0.252642 5 0.000250
15 -0.245605 4 0.000200
16 -0.238569 9 0.000450
17 -0.231532 2 0.000100
18 -0.224495 3 0.000150
19 -0.217458 9 0.000450
20 -0.210421 4 0.000200
21 -0.203384 11 0.000550
22 -0.196347 12 0.000600
23 -0.189310 14 0.000700
24 -0.182273 13 0.000650
25 -0.175236 11 0.000550
26 -0.168199 11 0.000550
27 -0.161162 16 0.000800
28 -0.154125 20 0.001000
29 -0.147088 21 0.001050
30 -0.140051 25 0.001250
31 -0.133014 38 0.001900
32 -0.125977 41 0.002050
33 -0.118941 28 0.001400
34 -0.111904 43 0.002150
35 -0.104867 58 0.002900
36 -0.097830 82 0.004100
37 -0.090793 83 0.004150
38 -0.083756 93 0.004650
39 -0.076719 119 0.005950
40 -0.069682 99 0.004950
41 -0.062645 142 0.007100
42 -0.055608 172 0.008600
43 -0.048571 225 0.011250
44 -0.041534 368 0.018400
45 -0.034497 444 0.022200
46 -0.027460 684 0.034200
47 -0.020423 1469 0.073450
48 -0.013386 3227 0.161350
49 -0.006349 4415 0.220750
50 0.000687 3423 0.171150
51 0.007724 1561 0.078050
52 0.014761 716 0.035800
53 0.021798 438 0.021900
54 0.028835 284 0.014200
55 0.035872 225 0.011250
56 0.042909 227 0.011350
57 0.049946 177 0.008850
58 0.056983 117 0.005850
59 0.064020 93 0.004650
60 0.071057 89 0.004450
61 0.078094 71 0.003550
62 0.085131 77 0.003850
63 0.092168 71 0.003550
64 0.099205 41 0.002050
65 0.106242 50 0.002500
66 0.113279 28 0.001400
67 0.120315 27 0.001350
68 0.127352 24 0.001200
69 0.134389 26 0.001300
70 0.141426 29 0.001450
71 0.148463 20 0.001000
72 0.155500 15 0.000750
73 0.162537 10 0.000500
74 0.169574 5 0.000250
75 0.176611 9 0.000450
76 0.183648 12 0.000600
77 0.190685 9 0.000450
78 0.197722 8 0.000400
79 0.204759 6 0.000300
80 0.211796 3 0.000150
81 0.218833 3 0.000150
82 0.225870 3 0.000150
83 0.232907 6 0.000300
84 0.239943 5 0.000250
85 0.246980 7 0.000350
86 0.254017 10 0.000500
87 0.261054 4 0.000200
88 0.268091 4 0.000200
89 0.275128 5 0.000250
90 0.282165 5 0.000250
91 0.289202 1 0.000050
92 0.296239 3 0.000150
93 0.303276 3 0.000150
94 0.310313 2 0.000100
95 0.317350 3 0.000150
96 0.324387 0 0.000000
97 0.331424 2 0.000100
98 0.338461 0 0.000000
99 0.345498 1 0.000050
