0 0.000000 46141 0.769017
1 0.002466 4488 0.074800
2 0.004933 2834 0.047233
3 0.007399 1667 0.027783
4 0.009866 979 0.016317
5 0.012332 825 0.013750
6 0.014799 629 0.010483
7 0.017265 555 0.009250
8 0.019731 384 0.006400
9 0.022198 354 0.005900
10 0.024664 198 0.003300
11 0.027131 168 0.002800
12 0.029597 116 0.001933
13 0.032063 129 0.002150
14 0.034530 80 0.001333
15 0.036996 61 0.001017
16 0.039463 47 0.000783
17 0.041929 32 0.000533
18 0.044396 32 0.000533
19 0.046862 24 0.000400
20 0.049328 15 0.000250
21 0.051795 24 0.000400
22 0.054261 25 0.000417
23 0.056728 17 0.000283
24 0.059194 15 0.000250
25 0.061661 12 0.000200
26 0.064127 9 0.000150
27 0.066593 14 0.000233
28 0.069060 11 0.000183
29 0.071526 6 0.000100
30 0.073993 8 0.000133
31 0.076459 14 0.000233
32 0.078926 10 0.000167
33 0.081392 11 0.000183
34 0.083858 16 0.000267
35 0.086325 6 0.000100
36 0.088791 3 0.000050
37 0.091258 3 0.000050
38 0.093724 4 0.000067
39 0.096190 3 0.000050
40 0.098657 4 0.000067
41 0.101123 3 0.000050
42 0.103590 3 0.000050
43 0.106056 3 0.000050
44 0.108523 2 0.000033
45 0.110989 1 0.000017
46 0.113455 0 0.000000
47 0.115922 1 0.000017
48 0.118388 3 0.000050
49 0.120855 3 0.000050
50 0.123321 0 0.000000
51 0.125788 0 0.000000
52 0.128254 0 0.000000
53 0.130720 0 0.000000
54 0.133187 4 0.000067
55 0.135653 0 0.000000
56 0.138120 0 0.000000
57 0.140586 0 0.000000
58 0.143052 1 0.000017
59 0.145519 0 0.000000
60 0.147985 1 0.000017
61 0.150452 1 0.000017
62 0.152918 0 0.000000
63 0.155385 0 0.000000
64 0.157851 0 0.000000
65 0.160317 0 0.000000
66 0.162784 0 0.000000
67 0.165250 0 0.000000
68 0.167717 0 0.000000
69 0.170183 0 0.000000
70 0.172650 0 0.000000
71 0.175116 0 0.000000
72 0.177582 0 0.000000
73 0.180049 0 0.000000
74 0.182515 0 0.000000
75 0.184982 0 0.000000
76 0.187448 0 0.000000
77 0.189915 0 0.000000
78 0.192381 0 0.000000
79 0.194847 0 0.000000
80 0.197314 0 0.000000
81 0.199780 0 0.000000
82 0.202247 0 0.000000
83 0.204713 0 0.000000
84 0.207179 0 0.000000
85 0.209646 0 0.000000
86 0.212112 0 0.000000
87 0.214579 0 0.000000
88 0.217045 0 0.000000
89 0.219512 0 0.000000
90 0.221978 0 0.000000
91 0.224444 0 0.000000
92 0.226911 0 0.000000
93 0.229377 0 0.000000
94 0.231844 0 0.000000
95 0.234310 0 0.000000
96 0.236777 0 0.000000
97 0.239243 0 0.000000
98 0.241709 0 0.000000
99 0.244176 1 0.000017
