0 0.133114 19 0.000950
1 0.140373 0 0.000000
2 0.147633 8 0.000400
3 0.154892 0 0.000000
4 0.162152 0 0.000000
5 0.169411 0 0.000000
6 0.176671 2 0.000100
7 0.183930 3 0.000150
8 0.191189 8 0.000400
9 0.198449 21 0.001050
10 0.205708 0 0.000000
11 0.212968 15 0.000750
12 0.220227 8 0.000400
13 0.227487 5 0.000250
14 0.234746 0 0.000000
15 0.242006 0 0.000000
16 0.249265 7 0.000350
17 0.256524 139 0.006950
18 0.263784 21 0.001050
19 0.271043 0 0.000000
20 0.278303 22 0.001100
21 0.285562 176 0.008800
22 0.292822 61 0.003050
23 0.300081 9 0.000450
24 0.307340 23 0.001150
25 0.314600 31 0.001550
26 0.321859 34 0.001700
27 0.329119 6 0.000300
28 0.336378 110 0.005500
29 0.343638 40 0.002000
30 0.350897 18 0.000900
31 0.358157 283 0.014150
32 0.365416 28 0.001400
33 0.372675 353 0.017650
34 0.379935 85 0.004250
35 0.387194 120 0.006000
36 0.394454 46 0.002300
37 0.401713 60 0.003000
38 0.408973 249 0.012450
39 0.416232 111 0.005550
40 0.423491 67 0.003350
41 0.430751 602 0.030100
42 0.438010 512 0.025600
43 0.445270 320 0.016000
44 0.452529 286 0.014300
45 0.459789 360 0.018000
46 0.467048 408 0.020400
47 0.474307 916 0.045800
48 0.481567 669 0.033450
49 0.488826 1636 0.081800
50 0.496086 2397 0.119850
51 0.503345 2506 0.125300
52 0.510605 902 0.045100
53 0.517864 811 0.040550
54 0.525123 737 0.036850
55 0.532383 708 0.035400
56 0.539642 527 0.026350
57 0.546902 407 0.020350
58 0.554161 406 0.020300
59 0.561421 124 0.006200
60 0.568680 119 0.005950
61 0.575940 139 0.006950
62 0.583199 121 0.006050
63 0.590458 278 0.013900
64 0.597718 48 0.002400
65 0.604977 158 0.007900
66 0.612237 321 0.016050
67 0.619496 46 0.002300
68 0.626756 341 0.017050
69 0.634015 26 0.001300
70 0.641274 79 0.003950
71 0.648534 78 0.003900
72 0.655793 308 0.015400
73 0.663053 25 0.001250
74 0.670312 14 0.000700
75 0.677572 28 0.001400
76 0.684831 31 0.001550
77 0.692091 48 0.002400
78 0.699350 70 0.003500
79 0.706609 70 0.003500
80 0.713869 0 0.000000
81 0.721128 50 0.002500
82 0.728388 17 0.000850
83 0.735647 77 0.003850
84 0.742907 24 0.001200
85 0.750166 19 0.000950
86 0.757425 16 0.000800
87 0.764685 0 0.000000
88 0.771944 0 0.000000
89 0.779204 0 0.000000
90 0.786463 0 0.000000
91 0.793723 0 0.000000
92 0.800982 4 0.000200
93 0.808241 0 0.000000
94 0.815501 0 0.000000
95 0.822760 18 0.000900
96 0.830020 0 0.000000
97 0.837279 0 0.000000
98 0.844539 4 0.000200
99 0.851798 1 0.000050
