0 0.004892 1 0.000050
1 0.013945 0 0.000000
2 0.022999 0 0.000000
3 0.032052 0 0.000000
4 0.041106 0 0.000000
5 0.050160 0 0.000000
6 0.059213 0 0.000000
7 0.068267 0 0.000000
8 0.077321 0 0.000000
9 0.086374 0 0.000000
10 0.095428 0 0.000000
11 0.104481 0 0.000000
12 0.113535 1 0.000050
13 0.122589 0 0.000000
14 0.131642 0 0.000000
15 0.140696 0 0.000000
16 0.149750 0 0.000000
17 0.158803 0 0.000000
18 0.167857 0 0.000000
19 0.176910 0 0.000000
20 0.185964 0 0.000000
21 0.195018 2 0.000100
22 0.204071 3 0.000150
23 0.213125 8 0.000400
24 0.222179 4 0.000200
25 0.231232 2 0.000100
26 0.240286 3 0.000150
27 0.249339 0 0.000000
28 0.258393 1 0.000050
29 0.267447 2 0.000100
30 0.276500 1 0.000050
31 0.285554 3 0.000150
32 0.294607 14 0.000700
33 0.303661 21 0.001050
34 0.312715 56 0.002800
35 0.321768 70 0.003500
36 0.330822 86 0.004300
37 0.339876 57 0.002850
38 0.348929 84 0.004200
39 0.357983 183 0.009150
40 0.367036 272 0.013600
41 0.376090 237 0.011850
42 0.385144 209 0.010450
43 0.394197 171 0.008550
44 0.403251 271 0.013550
45 0.412305 389 0.019450
46 0.421358 825 0.041250
47 0.430412 791 0.039550
48 0.439465 356 0.017800
49 0.448519 398 0.019900
50 0.457573 567 0.028350
51 0.466626 1005 0.050250
52 0.475680 662 0.033100
53 0.484734 643 0.032150
54 0.493787 3662 0.183100
55 0.502841 1253 0.062650
56 0.511894 748 0.037400
57 0.520948 982 0.049100
58 0.530002 1019 0.050950
59 0.539055 479 0.023950
60 0.548109 496 0.024800
61 0.557163 508 0.025400
62 0.566216 798 0.039900
63 0.575270 474 0.023700
64 0.584323 337 0.016850
65 0.593377 187 0.009350
66 0.602431 287 0.014350
67 0.611484 210 0.010500
68 0.620538 343 0.017150
69 0.629591 256 0.012800
70 0.638645 99 0.004950
71 0.647699 97 0.004850
72 0.656752 117 0.005850
73 0.665806 85 0.004250
74 0.674860 67 0.003350
75 0.683913 27 0.001350
76 0.692967 18 0.000900
77 0.702020 20 0.001000
78 0.711074 8 0.000400
79 0.720128 3 0.000150
80 0.729181 1 0.000050
81 0.738235 1 0.000050
82 0.747289 3 0.000150
83 0.756342 0 0.000000
84 0.765396 1 0.000050
85 0.774449 2 0.000100
86 0.783503 2 0.000100
87 0.792557 5 0.000250
88 0.801610 4 0.000200
89 0.810664 0 0.000000
90 0.819718 0 0.000000
91 0.828771 0 0.000000
92 0.837825 0 0.000000
93 0.846878 0 0.000000
94 0.855932 0 0.000000
95 0.864986 0 0.000000
96 0.874039 1 0.000050
97 0.883093 0 0.000000
98 0.892146 1 0.000050
99 0.901200 1 0.000050
