0 0.071751 2 0.000033
1 0.080908 0 0.000000
2 0.090065 24 0.000400
3 0.099223 7 0.000117
4 0.108380 2 0.000033
5 0.117537 0 0.000000
6 0.126694 19 0.000317
7 0.135851 15 0.000250
8 0.145008 22 0.000367
9 0.154165 0 0.000000
10 0.163323 11 0.000183
11 0.172480 2 0.000033
12 0.181637 8 0.000133
13 0.190794 17 0.000283
14 0.199951 12 0.000200
15 0.209108 27 0.000450
16 0.218266 8 0.000133
17 0.227423 11 0.000183
18 0.236580 16 0.000267
19 0.245737 32 0.000533
20 0.254894 145 0.002417
21 0.264051 32 0.000533
22 0.273208 14 0.000233
23 0.282366 184 0.003067
24 0.291523 143 0.002383
25 0.300680 24 0.000400
26 0.309837 77 0.001283
27 0.318994 274 0.004567
28 0.328151 131 0.002183
29 0.337309 172 0.002867
30 0.346466 49 0.000817
31 0.355623 303 0.005050
32 0.364780 43 0.000717
33 0.373937 391 0.006517
34 0.383094 178 0.002967
35 0.392251 58 0.000967
36 0.401409 76 0.001267
37 0.410566 496 0.008267
38 0.419723 103 0.001717
39 0.428880 618 0.010300
40 0.438037 549 0.009150
41 0.447194 465 0.007750
42 0.456352 496 0.008267
43 0.465509 514 0.008567
44 0.474666 1186 0.019767
45 0.483823 1652 0.027533
46 0.492980 4565 0.076083
47 0.502137 14430 0.240500
48 0.511294 6634 0.110567
49 0.520452 1991 0.033183
50 0.529609 1330 0.022167
51 0.538766 889 0.014817
52 0.547923 997 0.016617
53 0.557080 578 0.009633
54 0.566237 889 0.014817
55 0.575395 1116 0.018600
56 0.584552 2408 0.040133
57 0.593709 2596 0.043267
58 0.602866 1464 0.024400
59 0.612023 1493 0.024883
60 0.621180 944 0.015733
61 0.630337 450 0.007500
62 0.639495 321 0.005350
63 0.648652 328 0.005467
64 0.657809 836 0.013933
65 0.666966 261 0.004350
66 0.676123 145 0.002417
67 0.685280 148 0.002467
68 0.694438 404 0.006733
69 0.703595 565 0.009417
70 0.712752 217 0.003617
71 0.721909 841 0.014017
72 0.731066 304 0.005067
73 0.740223 112 0.001867
74 0.749381 29 0.000483
75 0.758538 139 0.002317
76 0.767695 112 0.001867
77 0.776852 119 0.001983
78 0.786009 125 0.002083
79 0.795166 47 0.000783
80 0.804323 233 0.003883
81 0.813481 181 0.003017
82 0.822638 286 0.004767
83 0.831795 126 0.002100
84 0.840952 240 0.004000
85 0.850109 202 0.003367
86 0.859266 360 0.006000
87 0.868424 227 0.003783
88 0.877581 286 0.004767
89 0.886738 281 0.004683
90 0.895895 346 0.005767
91 0.905052 102 0.001700
92 0.914209 184 0.003067
93 0.923366 182 0.003033
94 0.932524 175 0.002917
95 0.941681 94 0.001567
96 0.950838 51 0.000850
97 0.959995 4 0.000067
98 0.969152 4 0.000067
99 0.978309 1 0.000017
