0 0.004892 3 0.000050
1 0.014937 10 0.000167
2 0.024982 11 0.000183
3 0.035027 9 0.000150
4 0.045072 15 0.000250
5 0.055117 15 0.000250
6 0.065162 12 0.000200
7 0.075208 20 0.000333
8 0.085253 26 0.000433
9 0.095298 7 0.000117
10 0.105343 19 0.000317
11 0.115388 12 0.000200
12 0.125433 19 0.000317
13 0.135478 8 0.000133
14 0.145524 13 0.000217
15 0.155569 23 0.000383
16 0.165614 15 0.000250
17 0.175659 15 0.000250
18 0.185704 22 0.000367
19 0.195749 27 0.000450
20 0.205794 35 0.000583
21 0.215839 44 0.000733
22 0.225885 43 0.000717
23 0.235930 31 0.000517
24 0.245975 73 0.001217
25 0.256020 65 0.001083
26 0.266065 75 0.001250
27 0.276110 89 0.001483
28 0.286155 93 0.001550
29 0.296201 99 0.001650
30 0.306246 168 0.002800
31 0.316291 221 0.003683
32 0.326336 382 0.006367
33 0.336381 271 0.004517
34 0.346426 206 0.003433
35 0.356471 316 0.005267
36 0.366517 434 0.007233
37 0.376562 400 0.006667
38 0.386607 379 0.006317
39 0.396652 427 0.007117
40 0.406697 642 0.010700
41 0.416742 848 0.014133
42 0.426787 1402 0.023367
43 0.436832 848 0.014133
44 0.446878 999 0.016650
45 0.456923 1347 0.022450
46 0.466968 2058 0.034300
47 0.477013 2220 0.037000
48 0.487058 3682 0.061367
49 0.497103 7643 0.127383
50 0.507148 2925 0.048750
51 0.517194 2188 0.036467
52 0.527239 2268 0.037800
53 0.537284 1384 0.023067
54 0.547329 1288 0.021467
55 0.557374 1412 0.023533
56 0.567419 2006 0.033433
57 0.577464 2671 0.044517
58 0.587510 3244 0.054067
59 0.597555 2647 0.044117
60 0.607600 1391 0.023183
61 0.617645 1242 0.020700
62 0.627690 1053 0.017550
63 0.637735 593 0.009883
64 0.647780 479 0.007983
65 0.657825 426 0.007100
66 0.667871 399 0.006650
67 0.677916 309 0.005150
68 0.687961 240 0.004000
69 0.698006 251 0.004183
70 0.708051 202 0.003367
71 0.718096 163 0.002717
72 0.728141 158 0.002633
73 0.738187 207 0.003450
74 0.748232 185 0.003083
75 0.758277 195 0.003250
76 0.768322 180 0.003000
77 0.778367 178 0.002967
78 0.788412 170 0.002833
79 0.798457 176 0.002933
80 0.808503 178 0.002967
81 0.818548 203 0.003383
82 0.828593 230 0.003833
83 0.838638 238 0.003967
84 0.848683 326 0.005433
85 0.858728 408 0.006800
86 0.868773 389 0.006483
87 0.878819 366 0.006100
88 0.888864 245 0.004083
89 0.898909 237 0.003950
90 0.908954 263 0.004383
91 0.918999 290 0.004833
92 0.929044 245 0.004083
93 0.939089 147 0.002450
94 0.949134 56 0.000933
95 0.959180 45 0.000750
96 0.969225 35 0.000583
97 0.979270 20 0.000333
98 0.989315 7 0.000117
99 0.999360 1 0.000017
