0 0.479502 8 0.000400
1 0.480394 2 0.000100
2 0.481287 0 0.000000
3 0.482179 0 0.000000
4 0.483071 0 0.000000
5 0.483964 0 0.000000
6 0.484856 26 0.001300
7 0.485749 13 0.000650
8 0.486641 1 0.000050
9 0.487534 4 0.000200
10 0.488426 20 0.001000
11 0.489318 17 0.000850
12 0.490211 11 0.000550
13 0.491103 2 0.000100
14 0.491996 27 0.001350
15 0.492888 89 0.004450
16 0.493781 47 0.002350
17 0.494673 65 0.003250
18 0.495566 80 0.004000
19 0.496458 359 0.017950
20 0.497350 117 0.005850
21 0.498243 146 0.007300
22 0.499135 149 0.007450
23 0.500028 347 0.017350
24 0.500920 247 0.012350
25 0.501813 627 0.031350
26 0.502705 372 0.018600
27 0.503597 487 0.024350
28 0.504490 620 0.031000
29 0.505382 1256 0.062800
30 0.506275 1096 0.054800
31 0.507167 994 0.049700
32 0.508060 1146 0.057300
33 0.508952 2321 0.116050
34 0.509845 1695 0.084750
35 0.510737 1334 0.066700
36 0.511629 1278 0.063900
37 0.512522 652 0.032600
38 0.513414 431 0.021550
39 0.514307 558 0.027900
40 0.515199 543 0.027150
41 0.516092 400 0.020000
42 0.516984 270 0.013500
43 0.517876 435 0.021750
44 0.518769 144 0.007200
45 0.519661 135 0.006750
46 0.520554 51 0.002550
47 0.521446 94 0.004700
48 0.522339 180 0.009000
49 0.523231 93 0.004650
50 0.524123 121 0.006050
51 0.525016 64 0.003200
52 0.525908 60 0.003000
53 0.526801 75 0.003750
54 0.527693 52 0.002600
55 0.528586 64 0.003200
56 0.529478 38 0.001900
57 0.530371 34 0.001700
58 0.531263 38 0.001900
59 0.532155 43 0.002150
60 0.533048 104 0.005200
61 0.533940 24 0.001200
62 0.534833 32 0.001600
63 0.535725 27 0.001350
64 0.536618 14 0.000700
65 0.537510 10 0.000500
66 0.538402 7 0.000350
67 0.539295 6 0.000300
68 0.540187 26 0.001300
69 0.541080 12 0.000600
70 0.541972 12 0.000600
71 0.542865 9 0.000450
72 0.543757 5 0.000250
73 0.544650 18 0.000900
74 0.545542 3 0.000150
75 0.546434 0 0.000000
76 0.547327 6 0.000300
77 0.548219 24 0.001200
78 0.549112 18 0.000900
79 0.550004 7 0.000350
80 0.550897 4 0.000200
81 0.551789 17 0.000850
82 0.552682 5 0.000250
83 0.553574 1 0.000050
84 0.554466 5 0.000250
85 0.555359 9 0.000450
86 0.556251 2 0.000100
87 0.557144 3 0.000150
88 0.558036 0 0.000000
89 0.558929 0 0.000000
90 0.559821 2 0.000100
91 0.560713 0 0.000000
92 0.561606 1 0.000050
93 0.562498 0 0.000000
94 0.563391 0 0.000000
95 0.564283 0 0.000000
96 0.565176 0 0.000000
97 0.566068 0 0.000000
98 0.566960 6 0.000300
99 0.567853 3 0.000150
