0 0.013721 2 0.000100
1 0.023427 3 0.000150
2 0.033132 5 0.000250
3 0.042838 3 0.000150
4 0.052543 18 0.000900
5 0.062249 11 0.000550
6 0.071954 10 0.000500
7 0.081659 15 0.000750
8 0.091365 12 0.000600
9 0.101070 6 0.000300
10 0.110776 7 0.000350
11 0.120481 10 0.000500
12 0.130186 14 0.000700
13 0.139892 9 0.000450
14 0.149597 6 0.000300
15 0.159303 20 0.001000
16 0.169008 14 0.000700
17 0.178713 9 0.000450
18 0.188419 22 0.001100
19 0.198124 14 0.000700
20 0.207830 29 0.001450
21 0.217535 33 0.001650
22 0.227240 23 0.001150
23 0.236946 18 0.000900
24 0.246651 39 0.001950
25 0.256357 36 0.001800
26 0.266062 44 0.002200
27 0.275768 48 0.002400
28 0.285473 55 0.002750
29 0.295178 57 0.002850
30 0.304884 56 0.002800
31 0.314589 62 0.003100
32 0.324295 93 0.004650
33 0.334000 85 0.004250
34 0.343705 78 0.003900
35 0.353411 79 0.003950
36 0.363116 138 0.006900
37 0.372822 104 0.005200
38 0.382527 144 0.007200
39 0.392232 160 0.008000
40 0.401938 226 0.011300
41 0.411643 210 0.010500
42 0.421349 249 0.012450
43 0.431054 330 0.016500
44 0.440759 379 0.018950
45 0.450465 541 0.027050
46 0.460170 695 0.034750
47 0.469876 972 0.048600
48 0.479581 1600 0.080000
49 0.489287 3080 0.154000
50 0.498992 2997 0.149850
51 0.508697 1695 0.084750
52 0.518403 1056 0.052800
53 0.528108 752 0.037600
54 0.537814 530 0.026500
55 0.547519 349 0.017450
56 0.557224 366 0.018300
57 0.566930 347 0.017350
58 0.576635 303 0.015150
59 0.586341 188 0.009400
60 0.596046 169 0.008450
61 0.605751 116 0.005800
62 0.615457 140 0.007000
63 0.625162 120 0.006000
64 0.634868 98 0.004900
65 0.644573 92 0.004600
66 0.654278 82 0.004100
67 0.663984 57 0.002850
68 0.673689 75 0.003750
69 0.683395 44 0.002200
70 0.693100 47 0.002350
71 0.702806 33 0.001650
72 0.712511 38 0.001900
73 0.722216 32 0.001600
74 0.731922 20 0.001000
75 0.741627 36 0.001800
76 0.751333 27 0.001350
77 0.761038 31 0.001550
78 0.770743 33 0.001650
79 0.780449 26 0.001300
80 0.790154 23 0.001150
81 0.799860 16 0.000800
82 0.809565 10 0.000500
83 0.819270 16 0.000800
84 0.828976 15 0.000750
85 0.838681 20 0.001000
86 0.848387 15 0.000750
87 0.858092 10 0.000500
88 0.867797 6 0.000300
89 0.877503 6 0.000300
90 0.887208 9 0.000450
91 0.896914 11 0.000550
92 0.906619 16 0.000800
93 0.916324 11 0.000550
94 0.926030 14 0.000700
95 0.935735 12 0.000600
96 0.945441 7 0.000350
97 0.955146 4 0.000200
98 0.964851 6 0.000300
99 0.974557 1 0.000050
