0 0.071751 2 0.000100
1 0.080908 0 0.000000
2 0.090065 24 0.001200
3 0.099223 7 0.000350
4 0.108380 2 0.000100
5 0.117537 0 0.000000
6 0.126694 0 0.000000
7 0.135851 15 0.000750
8 0.145008 14 0.000700
9 0.154165 0 0.000000
10 0.163323 11 0.000550
11 0.172480 0 0.000000
12 0.181637 5 0.000250
13 0.190794 0 0.000000
14 0.199951 0 0.000000
15 0.209108 12 0.000600
16 0.218266 0 0.000000
17 0.227423 6 0.000300
18 0.236580 16 0.000800
19 0.245737 25 0.001250
20 0.254894 6 0.000300
21 0.264051 11 0.000550
22 0.273208 1 0.000050
23 0.282366 2 0.000100
24 0.291523 79 0.003950
25 0.300680 15 0.000750
26 0.309837 28 0.001400
27 0.318994 235 0.011750
28 0.328151 119 0.005950
29 0.337309 45 0.002250
30 0.346466 14 0.000700
31 0.355623 23 0.001150
32 0.364780 7 0.000350
33 0.373937 19 0.000950
34 0.383094 10 0.000500
35 0.392251 3 0.000150
36 0.401409 3 0.000150
37 0.410566 181 0.009050
38 0.419723 13 0.000650
39 0.428880 3 0.000150
40 0.438037 22 0.001100
41 0.447194 27 0.001350
42 0.456352 41 0.002050
43 0.465509 28 0.001400
44 0.474666 38 0.001900
45 0.483823 20 0.001000
46 0.492980 202 0.010100
47 0.502137 297 0.014850
48 0.511294 102 0.005100
49 0.520452 63 0.003150
50 0.529609 114 0.005700
51 0.538766 151 0.007550
52 0.547923 359 0.017950
53 0.557080 224 0.011200
54 0.566237 750 0.037500
55 0.575395 924 0.046200
56 0.584552 2070 0.103500
57 0.593709 2527 0.126350
58 0.602866 1295 0.064750
59 0.612023 1162 0.058100
60 0.621180 585 0.029250
61 0.630337 407 0.020350
62 0.639495 241 0.012050
63 0.648652 235 0.011750
64 0.657809 537 0.026850
65 0.666966 228 0.011400
66 0.676123 112 0.005600
67 0.685280 108 0.005400
68 0.694438 354 0.017700
69 0.703595 441 0.022050
70 0.712752 217 0.010850
71 0.721909 774 0.038700
72 0.731066 234 0.011700
73 0.740223 81 0.004050
74 0.749381 10 0.000500
75 0.758538 123 0.006150
76 0.767695 112 0.005600
77 0.776852 119 0.005950
78 0.786009 125 0.006250
79 0.795166 47 0.002350
80 0.804323 229 0.011450
81 0.813481 181 0.009050
82 0.822638 268 0.013400
83 0.831795 126 0.006300
84 0.840952 240 0.012000
85 0.850109 197 0.009850
86 0.859266 360 0.018000
87 0.868424 227 0.011350
88 0.877581 286 0.014300
89 0.886738 281 0.014050
90 0.895895 346 0.017300
91 0.905052 102 0.005100
92 0.914209 184 0.009200
93 0.923366 182 0.009100
94 0.932524 175 0.008750
95 0.941681 94 0.004700
96 0.950838 51 0.002550
97 0.959995 4 0.000200
98 0.969152 4 0.000200
99 0.978309 1 0.000050
