0 0.013012 8 0.000400
1 0.022975 9 0.000450
2 0.032938 3 0.000150
3 0.042901 4 0.000200
4 0.052864 3 0.000150
5 0.062828 0 0.000000
6 0.072791 6 0.000300
7 0.082754 9 0.000450
8 0.092717 6 0.000300
9 0.102680 4 0.000200
10 0.112643 5 0.000250
11 0.122606 5 0.000250
12 0.132569 4 0.000200
13 0.142532 2 0.000100
14 0.152496 3 0.000150
15 0.162459 4 0.000200
16 0.172422 2 0.000100
17 0.182385 2 0.000100
18 0.192348 7 0.000350
19 0.202311 5 0.000250
20 0.212274 5 0.000250
21 0.222237 7 0.000350
22 0.232200 9 0.000450
23 0.242164 25 0.001250
24 0.252127 28 0.001400
25 0.262090 30 0.001500
26 0.272053 33 0.001650
27 0.282016 35 0.001750
28 0.291979 27 0.001350
29 0.301942 29 0.001450
30 0.311905 120 0.006000
31 0.321868 98 0.004900
32 0.331832 176 0.008800
33 0.341795 63 0.003150
34 0.351758 34 0.001700
35 0.361721 11 0.000550
36 0.371684 19 0.000950
37 0.381647 21 0.001050
38 0.391610 15 0.000750
39 0.401573 24 0.001200
40 0.411536 27 0.001350
41 0.421500 33 0.001650
42 0.431463 24 0.001200
43 0.441426 49 0.002450
44 0.451389 64 0.003200
45 0.461352 45 0.002250
46 0.471315 72 0.003600
47 0.481278 76 0.003800
48 0.491241 135 0.006750
49 0.501204 106 0.005300
50 0.511168 152 0.007600
51 0.521131 180 0.009000
52 0.531094 206 0.010300
53 0.541057 276 0.013800
54 0.551020 376 0.018800
55 0.560983 551 0.027550
56 0.570946 1046 0.052300
57 0.580909 2210 0.110500
58 0.590872 2951 0.147550
59 0.600836 1618 0.080900
60 0.610799 883 0.044150
61 0.620762 786 0.039300
62 0.630725 472 0.023600
63 0.640688 332 0.016600
64 0.650651 261 0.013050
65 0.660614 223 0.011150
66 0.670577 228 0.011400
67 0.680541 179 0.008950
68 0.690504 179 0.008950
69 0.700467 167 0.008350
70 0.710430 161 0.008050
71 0.720393 128 0.006400
72 0.730356 135 0.006750
73 0.740319 171 0.008550
74 0.750282 148 0.007400
75 0.760245 157 0.007850
76 0.770208 147 0.007350
77 0.780172 139 0.006950
78 0.790135 149 0.007450
79 0.800098 141 0.007050
80 0.810061 173 0.008650
81 0.820024 197 0.009850
82 0.829987 217 0.010850
83 0.839950 217 0.010850
84 0.849913 329 0.016450
85 0.859877 392 0.019600
86 0.869840 367 0.018350
87 0.879803 338 0.016900
88 0.889766 240 0.012000
89 0.899729 223 0.011150
90 0.909692 244 0.012200
91 0.919655 284 0.014200
92 0.929618 215 0.010750
93 0.939581 134 0.006700
94 0.949544 53 0.002650
95 0.959508 36 0.001800
96 0.969471 32 0.001600
97 0.979434 18 0.000900
98 0.989397 7 0.000350
99 0.999360 1 0.000050
