0 -0.119562 1 0.000050
1 -0.117524 0 0.000000
2 -0.115486 0 0.000000
3 -0.113448 0 0.000000
4 -0.111411 0 0.000000
5 -0.109373 0 0.000000
6 -0.107335 0 0.000000
7 -0.105297 0 0.000000
8 -0.103259 0 0.000000
9 -0.101221 0 0.000000
10 -0.099183 1 0.000050
11 -0.097145 0 0.000000
12 -0.095107 0 0.000000
13 -0.093069 0 0.000000
14 -0.091031 1 0.000050
15 -0.088993 1 0.000050
16 -0.086955 0 0.000000
17 -0.084917 0 0.000000
18 -0.082879 0 0.000000
19 -0.080841 0 0.000000
20 -0.078803 0 0.000000
21 -0.076765 0 0.000000
22 -0.074727 0 0.000000
23 -0.072689 0 0.000000
24 -0.070651 2 0.000100
25 -0.068613 0 0.000000
26 -0.066575 1 0.000050
27 -0.064538 1 0.000050
28 -0.062500 2 0.000100
29 -0.060462 5 0.000250
30 -0.058424 4 0.000200
31 -0.056386 6 0.000300
32 -0.054348 11 0.000550
33 -0.052310 11 0.000550
34 -0.050272 12 0.000600
35 -0.048234 8 0.000400
36 -0.046196 18 0.000900
37 -0.044158 17 0.000850
38 -0.042120 19 0.000950
39 -0.040082 15 0.000750
40 -0.038044 24 0.001200
41 -0.036006 53 0.002650
42 -0.033968 47 0.002350
43 -0.031930 51 0.002550
44 -0.029892 62 0.003100
45 -0.027854 106 0.005300
46 -0.025816 156 0.007800
47 -0.023778 210 0.010500
48 -0.021740 275 0.013750
49 -0.019703 433 0.021650
50 -0.017665 542 0.027100
51 -0.015627 782 0.039100
52 -0.013589 1191 0.059550
53 -0.011551 1818 0.090900
54 -0.009513 2837 0.141850
55 -0.007475 3656 0.182800
56 -0.005437 2851 0.142550
57 -0.003399 1655 0.082750
58 -0.001361 935 0.046750
59 0.000677 610 0.030500
60 0.002715 441 0.022050
61 0.004753 256 0.012800
62 0.006791 188 0.009400
63 0.008829 144 0.007200
64 0.010867 89 0.004450
65 0.012905 81 0.004050
66 0.014943 54 0.002700
67 0.016981 45 0.002250
68 0.019019 45 0.002250
69 0.021057 37 0.001850
70 0.023095 28 0.001400
71 0.025132 31 0.001550
72 0.027170 19 0.000950
73 0.029208 27 0.001350
74 0.031246 13 0.000650
75 0.033284 8 0.000400
76 0.035322 12 0.000600
77 0.037360 8 0.000400
78 0.039398 11 0.000550
79 0.041436 5 0.000250
80 0.043474 3 0.000150
81 0.045512 2 0.000100
82 0.047550 3 0.000150
83 0.049588 4 0.000200
84 0.051626 1 0.000050
85 0.053664 5 0.000250
86 0.055702 1 0.000050
87 0.057740 0 0.000000
88 0.059778 1 0.000050
89 0.061816 0 0.000000
90 0.063854 0 0.000000
91 0.065892 3 0.000150
92 0.067930 1 0.000050
93 0.069967 0 0.000000
94 0.072005 0 0.000000
95 0.074043 2 0.000100
96 0.076081 1 0.000050
97 0.078119 0 0.000000
98 0.080157 0 0.000000
99 0.082195 1 0.000050
