0 0.000000 51072 0.851200
1 0.001666 2001 0.033350
2 0.003332 1623 0.027050
3 0.004998 1269 0.021150
4 0.006663 719 0.011983
5 0.008329 413 0.006883
6 0.009995 318 0.005300
7 0.011661 315 0.005250
8 0.013327 367 0.006117
9 0.014993 393 0.006550
10 0.016659 358 0.005967
11 0.018325 252 0.004200
12 0.019990 164 0.002733
13 0.021656 117 0.001950
14 0.023322 119 0.001983
15 0.024988 107 0.001783
16 0.026654 94 0.001567
17 0.028320 73 0.001217
18 0.029986 56 0.000933
19 0.031652 41 0.000683
20 0.033317 22 0.000367
21 0.034983 13 0.000217
22 0.036649 18 0.000300
23 0.038315 9 0.000150
24 0.039981 8 0.000133
25 0.041647 8 0.000133
26 0.043313 0 0.000000
27 0.044979 0 0.000000
28 0.046644 3 0.000050
29 0.048310 3 0.000050
30 0.049976 3 0.000050
31 0.051642 2 0.000033
32 0.053308 2 0.000033
33 0.054974 3 0.000050
34 0.056640 0 0.000000
35 0.058306 1 0.000017
36 0.059971 1 0.000017
37 0.061637 2 0.000033
38 0.063303 0 0.000000
39 0.064969 2 0.000033
40 0.066635 2 0.000033
41 0.068301 3 0.000050
42 0.069967 0 0.000000
43 0.071632 0 0.000000
44 0.073298 2 0.000033
45 0.074964 2 0.000033
46 0.076630 4 0.000067
47 0.078296 0 0.000000
48 0.079962 0 0.000000
49 0.081628 1 0.000017
50 0.083294 2 0.000033
51 0.084959 1 0.000017
52 0.086625 1 0.000017
53 0.088291 2 0.000033
54 0.089957 0 0.000000
55 0.091623 1 0.000017
56 0.093289 0 0.000000
57 0.094955 0 0.000000
58 0.096621 1 0.000017
59 0.098286 0 0.000000
60 0.099952 1 0.000017
61 0.101618 1 0.000017
62 0.103284 1 0.000017
63 0.104950 0 0.000000
64 0.106616 0 0.000000
65 0.108282 1 0.000017
66 0.109948 0 0.000000
67 0.111613 0 0.000000
68 0.113279 0 0.000000
69 0.114945 0 0.000000
70 0.116611 1 0.000017
71 0.118277 0 0.000000
72 0.119943 0 0.000000
73 0.121609 0 0.000000
74 0.123275 0 0.000000
75 0.124940 1 0.000017
76 0.126606 0 0.000000
77 0.128272 0 0.000000
78 0.129938 0 0.000000
79 0.131604 0 0.000000
80 0.133270 0 0.000000
81 0.134936 0 0.000000
82 0.136601 0 0.000000
83 0.138267 0 0.000000
84 0.139933 0 0.000000
85 0.141599 0 0.000000
86 0.143265 0 0.000000
87 0.144931 0 0.000000
88 0.146597 0 0.000000
89 0.148263 0 0.000000
90 0.149928 0 0.000000
91 0.151594 0 0.000000
92 0.153260 0 0.000000
93 0.154926 0 0.000000
94 0.156592 0 0.000000
95 0.158258 0 0.000000
96 0.159924 0 0.000000
97 0.161590 0 0.000000
98 0.163255 0 0.000000
99 0.164921 1 0.000017
