0 -0.406105 1 0.000050
1 -0.398773 0 0.000000
2 -0.391441 0 0.000000
3 -0.384110 0 0.000000
4 -0.376778 0 0.000000
5 -0.369446 0 0.000000
6 -0.362114 1 0.000050
7 -0.354783 0 0.000000
8 -0.347451 1 0.000050
9 -0.340119 0 0.000000
10 -0.332787 1 0.000050
11 -0.325456 1 0.000050
12 -0.318124 0 0.000000
13 -0.310792 0 0.000000
14 -0.303460 1 0.000050
15 -0.296129 2 0.000100
16 -0.288797 0 0.000000
17 -0.281465 4 0.000200
18 -0.274133 1 0.000050
19 -0.266801 3 0.000150
20 -0.259470 3 0.000150
21 -0.252138 1 0.000050
22 -0.244806 1 0.000050
23 -0.237474 2 0.000100
24 -0.230143 1 0.000050
25 -0.222811 2 0.000100
26 -0.215479 0 0.000000
27 -0.208147 8 0.000400
28 -0.200816 13 0.000650
29 -0.193484 10 0.000500
30 -0.186152 24 0.001200
31 -0.178820 46 0.002300
32 -0.171488 61 0.003050
33 -0.164157 51 0.002550
34 -0.156825 68 0.003400
35 -0.149493 102 0.005100
36 -0.142161 177 0.008850
37 -0.134830 209 0.010450
38 -0.127498 195 0.009750
39 -0.120166 153 0.007650
40 -0.112834 167 0.008350
41 -0.105503 153 0.007650
42 -0.098171 161 0.008050
43 -0.090839 270 0.013500
44 -0.083507 353 0.017650
45 -0.076175 586 0.029300
46 -0.068844 530 0.026500
47 -0.061512 370 0.018500
48 -0.054180 385 0.019250
49 -0.046848 424 0.021200
50 -0.039517 506 0.025300
51 -0.032185 507 0.025350
52 -0.024853 583 0.029150
53 -0.017521 705 0.035250
54 -0.010190 1649 0.082450
55 -0.002858 3820 0.191000
56 0.004474 951 0.047550
57 0.011806 595 0.029750
58 0.019138 625 0.031250
59 0.026469 713 0.035650
60 0.033801 675 0.033750
61 0.041133 367 0.018350
62 0.048465 382 0.019100
63 0.055796 405 0.020250
64 0.063128 396 0.019800
65 0.070460 365 0.018250
66 0.077792 320 0.016000
67 0.085123 236 0.011800
68 0.092455 179 0.008950
69 0.099787 140 0.007000
70 0.107119 141 0.007050
71 0.114451 188 0.009400
72 0.121782 250 0.012500
73 0.129114 208 0.010400
74 0.136446 110 0.005500
75 0.143778 88 0.004400
76 0.151109 90 0.004500
77 0.158441 92 0.004600
78 0.165773 59 0.002950
79 0.173105 38 0.001900
80 0.180436 25 0.001250
81 0.187768 14 0.000700
82 0.195100 6 0.000300
83 0.202432 5 0.000250
84 0.209764 0 0.000000
85 0.217095 5 0.000250
86 0.224427 3 0.000150
87 0.231759 3 0.000150
88 0.239091 1 0.000050
89 0.246422 1 0.000050
90 0.253754 1 0.000050
91 0.261086 0 0.000000
92 0.268418 1 0.000050
93 0.275749 2 0.000100
94 0.283081 2 0.000100
95 0.290413 1 0.000050
96 0.297745 2 0.000100
97 0.305076 1 0.000050
98 0.312408 1 0.000050
99 0.319740 1 0.000050
