0 -0.096557 3 0.000150
1 -0.094580 0 0.000000
2 -0.092602 0 0.000000
3 -0.090625 0 0.000000
4 -0.088648 2 0.000100
5 -0.086670 0 0.000000
6 -0.084693 2 0.000100
7 -0.082716 0 0.000000
8 -0.080739 6 0.000300
9 -0.078761 1 0.000050
10 -0.076784 1 0.000050
11 -0.074807 3 0.000150
12 -0.072830 1 0.000050
13 -0.070852 3 0.000150
14 -0.068875 4 0.000200
15 -0.066898 3 0.000150
16 -0.064920 3 0.000150
17 -0.062943 1 0.000050
18 -0.060966 4 0.000200
19 -0.058989 5 0.000250
20 -0.057011 4 0.000200
21 -0.055034 2 0.000100
22 -0.053057 2 0.000100
23 -0.051079 0 0.000000
24 -0.049102 13 0.000650
25 -0.047125 5 0.000250
26 -0.045148 6 0.000300
27 -0.043170 10 0.000500
28 -0.041193 14 0.000700
29 -0.039216 10 0.000500
30 -0.037239 24 0.001200
31 -0.035261 25 0.001250
32 -0.033284 28 0.001400
33 -0.031307 37 0.001850
34 -0.029329 39 0.001950
35 -0.027352 48 0.002400
36 -0.025375 69 0.003450
37 -0.023398 60 0.003000
38 -0.021420 81 0.004050
39 -0.019443 104 0.005200
40 -0.017466 135 0.006750
41 -0.015488 188 0.009400
42 -0.013511 277 0.013850
43 -0.011534 362 0.018100
44 -0.009557 485 0.024250
45 -0.007579 711 0.035550
46 -0.005602 1245 0.062250
47 -0.003625 2509 0.125450
48 -0.001648 4178 0.208900
49 0.000330 3664 0.183200
50 0.002307 2030 0.101500
51 0.004284 1085 0.054250
52 0.006262 693 0.034650
53 0.008239 504 0.025200
54 0.010216 343 0.017150
55 0.012193 230 0.011500
56 0.014171 153 0.007650
57 0.016148 108 0.005400
58 0.018125 86 0.004300
59 0.020103 63 0.003150
60 0.022080 54 0.002700
61 0.024057 44 0.002200
62 0.026034 33 0.001650
63 0.028012 31 0.001550
64 0.029989 23 0.001150
65 0.031966 14 0.000700
66 0.033944 24 0.001200
67 0.035921 17 0.000850
68 0.037898 11 0.000550
69 0.039875 8 0.000400
70 0.041853 5 0.000250
71 0.043830 8 0.000400
72 0.045807 7 0.000350
73 0.047784 4 0.000200
74 0.049762 6 0.000300
75 0.051739 2 0.000100
76 0.053716 5 0.000250
77 0.055694 3 0.000150
78 0.057671 2 0.000100
79 0.059648 1 0.000050
80 0.061625 4 0.000200
81 0.063603 1 0.000050
82 0.065580 3 0.000150
83 0.067557 0 0.000000
84 0.069535 1 0.000050
85 0.071512 2 0.000100
86 0.073489 0 0.000000
87 0.075466 2 0.000100
88 0.077444 2 0.000100
89 0.079421 0 0.000000
90 0.081398 1 0.000050
91 0.083375 1 0.000050
92 0.085353 1 0.000050
93 0.087330 3 0.000150
94 0.089307 0 0.000000
95 0.091285 3 0.000150
96 0.093262 1 0.000050
97 0.095239 0 0.000000
98 0.097216 1 0.000050
99 0.099194 0 0.000000
