0 -0.406105 1 0.000017
1 -0.398773 0 0.000000
2 -0.391441 0 0.000000
3 -0.384110 0 0.000000
4 -0.376778 0 0.000000
5 -0.369446 0 0.000000
6 -0.362114 1 0.000017
7 -0.354783 0 0.000000
8 -0.347451 1 0.000017
9 -0.340119 0 0.000000
10 -0.332787 1 0.000017
11 -0.325456 1 0.000017
12 -0.318124 0 0.000000
13 -0.310792 0 0.000000
14 -0.303460 1 0.000017
15 -0.296129 2 0.000033
16 -0.288797 0 0.000000
17 -0.281465 4 0.000067
18 -0.274133 1 0.000017
19 -0.266801 3 0.000050
20 -0.259470 3 0.000050
21 -0.252138 1 0.000017
22 -0.244806 1 0.000017
23 -0.237474 2 0.000033
24 -0.230143 1 0.000017
25 -0.222811 2 0.000033
26 -0.215479 0 0.000000
27 -0.208147 8 0.000133
28 -0.200816 13 0.000217
29 -0.193484 10 0.000167
30 -0.186152 24 0.000400
31 -0.178820 46 0.000767
32 -0.171488 61 0.001017
33 -0.164157 51 0.000850
34 -0.156825 68 0.001133
35 -0.149493 102 0.001700
36 -0.142161 177 0.002950
37 -0.134830 209 0.003483
38 -0.127498 195 0.003250
39 -0.120166 154 0.002567
40 -0.112834 167 0.002783
41 -0.105503 154 0.002567
42 -0.098171 164 0.002733
43 -0.090839 276 0.004600
44 -0.083507 361 0.006017
45 -0.076175 594 0.009900
46 -0.068844 544 0.009067
47 -0.061512 402 0.006700
48 -0.054180 438 0.007300
49 -0.046848 516 0.008600
50 -0.039517 711 0.011850
51 -0.032185 934 0.015567
52 -0.024853 1944 0.032400
53 -0.017521 5127 0.085450
54 -0.010190 15548 0.259133
55 -0.002858 18636 0.310600
56 0.004474 4067 0.067783
57 0.011806 1431 0.023850
58 0.019138 962 0.016033
59 0.026469 874 0.014567
60 0.033801 772 0.012867
61 0.041133 402 0.006700
62 0.048465 410 0.006833
63 0.055796 415 0.006917
64 0.063128 407 0.006783
65 0.070460 372 0.006200
66 0.077792 325 0.005417
67 0.085123 242 0.004033
68 0.092455 182 0.003033
69 0.099787 140 0.002333
70 0.107119 141 0.002350
71 0.114451 188 0.003133
72 0.121782 250 0.004167
73 0.129114 208 0.003467
74 0.136446 110 0.001833
75 0.143778 88 0.001467
76 0.151109 90 0.001500
77 0.158441 92 0.001533
78 0.165773 59 0.000983
79 0.173105 38 0.000633
80 0.180436 25 0.000417
81 0.187768 14 0.000233
82 0.195100 6 0.000100
83 0.202432 5 0.000083
84 0.209764 0 0.000000
85 0.217095 5 0.000083
86 0.224427 3 0.000050
87 0.231759 3 0.000050
88 0.239091 1 0.000017
89 0.246422 1 0.000017
90 0.253754 1 0.000017
91 0.261086 0 0.000000
92 0.268418 1 0.000017
93 0.275749 2 0.000033
94 0.283081 2 0.000033
95 0.290413 1 0.000017
96 0.297745 2 0.000033
97 0.305076 1 0.000017
98 0.312408 1 0.000017
99 0.319740 1 0.000017
