0 0.016277 4 0.000200
1 0.026001 6 0.000300
2 0.035726 11 0.000550
3 0.045450 7 0.000350
4 0.055175 13 0.000650
5 0.064899 7 0.000350
6 0.074624 4 0.000200
7 0.084348 10 0.000500
8 0.094073 10 0.000500
9 0.103797 12 0.000600
10 0.113522 9 0.000450
11 0.123246 6 0.000300
12 0.132971 12 0.000600
13 0.142695 11 0.000550
14 0.152420 13 0.000650
15 0.162144 19 0.000950
16 0.171869 22 0.001100
17 0.181593 24 0.001200
18 0.191318 17 0.000850
19 0.201042 25 0.001250
20 0.210767 31 0.001550
21 0.220491 39 0.001950
22 0.230216 30 0.001500
23 0.239940 21 0.001050
24 0.249665 24 0.001200
25 0.259389 34 0.001700
26 0.269114 43 0.002150
27 0.278838 71 0.003550
28 0.288563 60 0.003000
29 0.298287 73 0.003650
30 0.308012 82 0.004100
31 0.317736 76 0.003800
32 0.327460 68 0.003400
33 0.337185 91 0.004550
34 0.346909 83 0.004150
35 0.356634 129 0.006450
36 0.366358 123 0.006150
37 0.376083 136 0.006800
38 0.385807 165 0.008250
39 0.395532 182 0.009100
40 0.405256 257 0.012850
41 0.414981 248 0.012400
42 0.424705 281 0.014050
43 0.434430 382 0.019100
44 0.444154 456 0.022800
45 0.453879 576 0.028800
46 0.463603 738 0.036900
47 0.473328 1188 0.059400
48 0.483052 1947 0.097350
49 0.492777 3135 0.156750
50 0.502501 2604 0.130200
51 0.512226 1399 0.069950
52 0.521950 817 0.040850
53 0.531675 592 0.029600
54 0.541399 422 0.021100
55 0.551124 402 0.020100
56 0.560848 404 0.020200
57 0.570573 333 0.016650
58 0.580297 239 0.011950
59 0.590022 190 0.009500
60 0.599746 161 0.008050
61 0.609471 140 0.007000
62 0.619195 137 0.006850
63 0.628920 104 0.005200
64 0.638644 95 0.004750
65 0.648369 111 0.005550
66 0.658093 78 0.003900
67 0.667818 85 0.004250
68 0.677542 75 0.003750
69 0.687267 59 0.002950
70 0.696991 55 0.002750
71 0.706716 42 0.002100
72 0.716440 47 0.002350
73 0.726164 37 0.001850
74 0.735889 43 0.002150
75 0.745613 25 0.001250
76 0.755338 20 0.001000
77 0.765062 32 0.001600
78 0.774787 19 0.000950
79 0.784511 20 0.001000
80 0.794236 15 0.000750
81 0.803960 12 0.000600
82 0.813685 10 0.000500
83 0.823409 26 0.001300
84 0.833134 16 0.000800
85 0.842858 13 0.000650
86 0.852583 12 0.000600
87 0.862307 6 0.000300
88 0.872032 6 0.000300
89 0.881756 6 0.000300
90 0.891481 8 0.000400
91 0.901205 11 0.000550
92 0.910930 16 0.000800
93 0.920654 14 0.000700
94 0.930379 10 0.000500
95 0.940103 5 0.000250
96 0.949828 4 0.000200
97 0.959552 4 0.000200
98 0.969277 7 0.000350
99 0.979001 1 0.000050
