0 0.010452 6 0.000300
1 0.020444 5 0.000250
2 0.030437 6 0.000300
3 0.040429 5 0.000250
4 0.050421 7 0.000350
5 0.060413 1 0.000050
6 0.070405 4 0.000200
7 0.080398 6 0.000300
8 0.090390 4 0.000200
9 0.100382 1 0.000050
10 0.110374 1 0.000050
11 0.120366 4 0.000200
12 0.130359 8 0.000400
13 0.140351 1 0.000050
14 0.150343 1 0.000050
15 0.160335 4 0.000200
16 0.170327 2 0.000100
17 0.180320 1 0.000050
18 0.190312 4 0.000200
19 0.200304 3 0.000150
20 0.210296 2 0.000100
21 0.220288 4 0.000200
22 0.230281 0 0.000000
23 0.240273 3 0.000150
24 0.250265 29 0.001450
25 0.260257 20 0.001000
26 0.270249 40 0.002000
27 0.280242 33 0.001650
28 0.290234 30 0.001500
29 0.300226 33 0.001650
30 0.310218 140 0.007000
31 0.320210 67 0.003350
32 0.330203 170 0.008500
33 0.340195 118 0.005900
34 0.350187 49 0.002450
35 0.360179 15 0.000750
36 0.370171 28 0.001400
37 0.380164 14 0.000700
38 0.390156 17 0.000850
39 0.400148 21 0.001050
40 0.410140 26 0.001300
41 0.420132 30 0.001500
42 0.430125 28 0.001400
43 0.440117 33 0.001650
44 0.450109 45 0.002250
45 0.460101 53 0.002650
46 0.470093 71 0.003550
47 0.480086 75 0.003750
48 0.490078 133 0.006650
49 0.500070 109 0.005450
50 0.510062 130 0.006500
51 0.520054 178 0.008900
52 0.530047 212 0.010600
53 0.540039 248 0.012400
54 0.550031 389 0.019450
55 0.560023 486 0.024300
56 0.570015 849 0.042450
57 0.580008 1861 0.093050
58 0.590000 2687 0.134350
59 0.599992 1463 0.073150
60 0.609984 986 0.049300
61 0.619976 856 0.042800
62 0.629969 477 0.023850
63 0.639961 393 0.019650
64 0.649953 341 0.017050
65 0.659945 251 0.012550
66 0.669937 246 0.012300
67 0.679930 206 0.010300
68 0.689922 188 0.009400
69 0.699914 181 0.009050
70 0.709906 142 0.007100
71 0.719898 168 0.008400
72 0.729891 160 0.008000
73 0.739883 161 0.008050
74 0.749875 152 0.007600
75 0.759867 195 0.009750
76 0.769859 159 0.007950
77 0.779852 166 0.008300
78 0.789844 167 0.008350
79 0.799836 161 0.008050
80 0.809828 152 0.007600
81 0.819820 214 0.010700
82 0.829813 233 0.011650
83 0.839805 261 0.013050
84 0.849797 324 0.016200
85 0.859789 462 0.023100
86 0.869781 395 0.019750
87 0.879774 390 0.019500
88 0.889766 301 0.015050
89 0.899758 285 0.014250
90 0.909750 310 0.015500
91 0.919742 321 0.016050
92 0.929735 221 0.011050
93 0.939727 166 0.008300
94 0.949719 68 0.003400
95 0.959711 55 0.002750
96 0.969703 41 0.002050
97 0.979696 22 0.001100
98 0.989688 9 0.000450
99 0.999680 1 0.000050
