0 0.094818 2 0.000100
1 0.102091 0 0.000000
2 0.109363 0 0.000000
3 0.116636 0 0.000000
4 0.123908 0 0.000000
5 0.131181 0 0.000000
6 0.138453 0 0.000000
7 0.145726 0 0.000000
8 0.152999 0 0.000000
9 0.160271 0 0.000000
10 0.167544 0 0.000000
11 0.174816 0 0.000000
12 0.182089 0 0.000000
13 0.189361 1 0.000050
14 0.196634 0 0.000000
15 0.203906 3 0.000150
16 0.211179 3 0.000150
17 0.218451 8 0.000400
18 0.225724 3 0.000150
19 0.232997 3 0.000150
20 0.240269 0 0.000000
21 0.247542 0 0.000000
22 0.254814 0 0.000000
23 0.262087 0 0.000000
24 0.269359 1 0.000050
25 0.276632 0 0.000000
26 0.283904 0 0.000000
27 0.291177 3 0.000150
28 0.298449 8 0.000400
29 0.305722 18 0.000900
30 0.312995 27 0.001350
31 0.320267 51 0.002550
32 0.327540 72 0.003600
33 0.334812 42 0.002100
34 0.342085 38 0.001900
35 0.349357 64 0.003200
36 0.356630 140 0.007000
37 0.363902 123 0.006150
38 0.371175 277 0.013850
39 0.378447 146 0.007300
40 0.385720 187 0.009350
41 0.392993 141 0.007050
42 0.400265 178 0.008900
43 0.407538 249 0.012450
44 0.414810 314 0.015700
45 0.422083 594 0.029700
46 0.429355 713 0.035650
47 0.436628 336 0.016800
48 0.443900 297 0.014850
49 0.451173 347 0.017350
50 0.458445 478 0.023900
51 0.465718 622 0.031100
52 0.472990 616 0.030800
53 0.480263 542 0.027100
54 0.487536 565 0.028250
55 0.494808 1005 0.050250
56 0.502081 4237 0.211850
57 0.509353 586 0.029300
58 0.516626 631 0.031550
59 0.523898 814 0.040700
60 0.531171 774 0.038700
61 0.538443 391 0.019550
62 0.545716 366 0.018300
63 0.552988 390 0.019500
64 0.560261 364 0.018200
65 0.567534 578 0.028900
66 0.574806 365 0.018250
67 0.582079 315 0.015750
68 0.589351 228 0.011400
69 0.596624 202 0.010100
70 0.603896 189 0.009450
71 0.611169 159 0.007950
72 0.618441 198 0.009900
73 0.625714 371 0.018550
74 0.632986 121 0.006050
75 0.640259 82 0.004100
76 0.647532 45 0.002250
77 0.654804 95 0.004750
78 0.662077 59 0.002950
79 0.669349 91 0.004550
80 0.676622 45 0.002250
81 0.683894 29 0.001450
82 0.691167 15 0.000750
83 0.698439 14 0.000700
84 0.705712 11 0.000550
85 0.712984 3 0.000150
86 0.720257 0 0.000000
87 0.727530 0 0.000000
88 0.734802 1 0.000050
89 0.742075 0 0.000000
90 0.749347 0 0.000000
91 0.756620 0 0.000000
92 0.763892 0 0.000000
93 0.771165 0 0.000000
94 0.778437 0 0.000000
95 0.785710 3 0.000150
96 0.792982 2 0.000100
97 0.800255 8 0.000400
98 0.807527 0 0.000000
99 0.814800 1 0.000050
