0 0.018971 5 0.000250
1 0.028691 1 0.000050
2 0.038411 2 0.000100
3 0.048131 16 0.000800
4 0.057851 8 0.000400
5 0.067572 12 0.000600
6 0.077292 5 0.000250
7 0.087012 4 0.000200
8 0.096732 23 0.001150
9 0.106452 11 0.000550
10 0.116172 4 0.000200
11 0.125892 9 0.000450
12 0.135612 8 0.000400
13 0.145332 22 0.001100
14 0.155052 19 0.000950
15 0.164773 26 0.001300
16 0.174493 46 0.002300
17 0.184213 17 0.000850
18 0.193933 22 0.001100
19 0.203653 31 0.001550
20 0.213373 18 0.000900
21 0.223093 27 0.001350
22 0.232813 11 0.000550
23 0.242533 34 0.001700
24 0.252253 42 0.002100
25 0.261974 31 0.001550
26 0.271694 47 0.002350
27 0.281414 78 0.003900
28 0.291134 64 0.003200
29 0.300854 64 0.003200
30 0.310574 77 0.003850
31 0.320294 63 0.003150
32 0.330014 101 0.005050
33 0.339734 70 0.003500
34 0.349454 105 0.005250
35 0.359175 128 0.006400
36 0.368895 141 0.007050
37 0.378615 146 0.007300
38 0.388335 166 0.008300
39 0.398055 232 0.011600
40 0.407775 211 0.010550
41 0.417495 299 0.014950
42 0.427215 277 0.013850
43 0.436935 422 0.021100
44 0.446656 461 0.023050
45 0.456376 636 0.031800
46 0.466096 849 0.042450
47 0.475816 1276 0.063800
48 0.485536 2116 0.105800
49 0.495256 3302 0.165100
50 0.504976 2136 0.106800
51 0.514696 1258 0.062900
52 0.524416 712 0.035600
53 0.534136 556 0.027800
54 0.543857 374 0.018700
55 0.553577 397 0.019850
56 0.563297 420 0.021000
57 0.573017 344 0.017200
58 0.582737 266 0.013300
59 0.592457 155 0.007750
60 0.602177 174 0.008700
61 0.611897 126 0.006300
62 0.621617 165 0.008250
63 0.631338 96 0.004800
64 0.641058 86 0.004300
65 0.650778 103 0.005150
66 0.660498 103 0.005150
67 0.670218 82 0.004100
68 0.679938 52 0.002600
69 0.689658 60 0.003000
70 0.699378 42 0.002100
71 0.709098 38 0.001900
72 0.718818 73 0.003650
73 0.728539 31 0.001550
74 0.738259 27 0.001350
75 0.747979 24 0.001200
76 0.757699 43 0.002150
77 0.767419 19 0.000950
78 0.777139 23 0.001150
79 0.786859 30 0.001500
80 0.796579 17 0.000850
81 0.806299 13 0.000650
82 0.816019 21 0.001050
83 0.825740 9 0.000450
84 0.835460 10 0.000500
85 0.845180 20 0.001000
86 0.854900 15 0.000750
87 0.864620 0 0.000000
88 0.874340 4 0.000200
89 0.884060 12 0.000600
90 0.893780 11 0.000550
91 0.903500 8 0.000400
92 0.913220 12 0.000600
93 0.922941 21 0.001050
94 0.932661 12 0.000600
95 0.942381 2 0.000100
96 0.952101 6 0.000300
97 0.961821 3 0.000150
98 0.971541 2 0.000100
99 0.981261 2 0.000100
