0 0.011225 8 0.000400
1 0.021397 0 0.000000
2 0.031570 9 0.000450
3 0.041742 0 0.000000
4 0.051914 4 0.000200
5 0.062087 9 0.000450
6 0.072259 8 0.000400
7 0.082432 2 0.000100
8 0.092604 0 0.000000
9 0.102777 5 0.000250
10 0.112949 10 0.000500
11 0.123121 3 0.000150
12 0.133294 0 0.000000
13 0.143466 3 0.000150
14 0.153639 7 0.000350
15 0.163811 0 0.000000
16 0.173984 0 0.000000
17 0.184156 4 0.000200
18 0.194328 0 0.000000
19 0.204501 6 0.000300
20 0.214673 4 0.000200
21 0.224846 6 0.000300
22 0.235018 10 0.000500
23 0.245191 18 0.000900
24 0.255363 3 0.000150
25 0.265535 29 0.001450
26 0.275708 11 0.000550
27 0.285880 55 0.002750
28 0.296053 41 0.002050
29 0.306225 59 0.002950
30 0.316398 139 0.006950
31 0.326570 167 0.008350
32 0.336742 109 0.005450
33 0.346915 67 0.003350
34 0.357087 23 0.001150
35 0.367260 18 0.000900
36 0.377432 28 0.001400
37 0.387605 14 0.000700
38 0.397777 12 0.000600
39 0.407949 26 0.001300
40 0.418122 27 0.001350
41 0.428294 29 0.001450
42 0.438467 27 0.001350
43 0.448639 44 0.002200
44 0.458812 56 0.002800
45 0.468984 43 0.002150
46 0.479156 83 0.004150
47 0.489329 128 0.006400
48 0.499501 97 0.004850
49 0.509674 128 0.006400
50 0.519846 112 0.005600
51 0.530019 201 0.010050
52 0.540191 261 0.013050
53 0.550363 315 0.015750
54 0.560536 388 0.019400
55 0.570708 621 0.031050
56 0.580881 1386 0.069300
57 0.591053 2459 0.122950
58 0.601226 2009 0.100450
59 0.611398 1270 0.063500
60 0.621570 896 0.044800
61 0.631743 609 0.030450
62 0.641915 423 0.021150
63 0.652088 394 0.019700
64 0.662260 260 0.013000
65 0.672433 271 0.013550
66 0.682605 220 0.011000
67 0.692777 200 0.010000
68 0.702950 181 0.009050
69 0.713122 154 0.007700
70 0.723295 189 0.009450
71 0.733467 144 0.007200
72 0.743640 179 0.008950
73 0.753812 184 0.009200
74 0.763984 124 0.006200
75 0.774157 156 0.007800
76 0.784329 209 0.010450
77 0.794502 125 0.006250
78 0.804674 154 0.007700
79 0.814847 165 0.008250
80 0.825019 194 0.009700
81 0.835191 222 0.011100
82 0.845364 264 0.013200
83 0.855536 332 0.016600
84 0.865709 451 0.022550
85 0.875881 467 0.023350
86 0.886054 351 0.017550
87 0.896226 262 0.013100
88 0.906398 239 0.011950
89 0.916571 279 0.013950
90 0.926743 374 0.018700
91 0.936916 245 0.012250
92 0.947088 219 0.010950
93 0.957261 131 0.006550
94 0.967433 60 0.003000
95 0.977605 40 0.002000
96 0.987778 4 0.000200
97 0.997950 26 0.001300
98 1.008123 1 0.000050
99 1.018295 1 0.000050
