0 0.398107 2 0.000100
1 0.400223 0 0.000000
2 0.402338 0 0.000000
3 0.404453 0 0.000000
4 0.406568 5 0.000250
5 0.408683 5 0.000250
6 0.410799 0 0.000000
7 0.412914 0 0.000000
8 0.415029 0 0.000000
9 0.417144 0 0.000000
10 0.419260 0 0.000000
11 0.421375 7 0.000350
12 0.423490 10 0.000500
13 0.425605 3 0.000150
14 0.427721 5 0.000250
15 0.429836 4 0.000200
16 0.431951 4 0.000200
17 0.434066 18 0.000900
18 0.436182 9 0.000450
19 0.438297 7 0.000350
20 0.440412 12 0.000600
21 0.442527 32 0.001600
22 0.444643 19 0.000950
23 0.446758 23 0.001150
24 0.448873 32 0.001600
25 0.450988 31 0.001550
26 0.453104 29 0.001450
27 0.455219 45 0.002250
28 0.457334 31 0.001550
29 0.459449 45 0.002250
30 0.461565 41 0.002050
31 0.463680 64 0.003200
32 0.465795 49 0.002450
33 0.467910 63 0.003150
34 0.470026 83 0.004150
35 0.472141 77 0.003850
36 0.474256 107 0.005350
37 0.476371 124 0.006200
38 0.478487 139 0.006950
39 0.480602 133 0.006650
40 0.482717 221 0.011050
41 0.484832 233 0.011650
42 0.486948 261 0.013050
43 0.489063 446 0.022300
44 0.491178 563 0.028150
45 0.493293 757 0.037850
46 0.495409 1074 0.053700
47 0.497524 1769 0.088450
48 0.499639 2166 0.108300
49 0.501754 2359 0.117950
50 0.503869 2183 0.109150
51 0.505985 1505 0.075250
52 0.508100 1175 0.058750
53 0.510215 914 0.045700
54 0.512330 540 0.027000
55 0.514446 428 0.021400
56 0.516561 355 0.017750
57 0.518676 242 0.012100
58 0.520791 200 0.010000
59 0.522907 166 0.008300
60 0.525022 176 0.008800
61 0.527137 139 0.006950
62 0.529252 75 0.003750
63 0.531368 88 0.004400
64 0.533483 87 0.004350
65 0.535598 39 0.001950
66 0.537713 47 0.002350
67 0.539829 48 0.002400
68 0.541944 32 0.001600
69 0.544059 23 0.001150
70 0.546174 48 0.002400
71 0.548290 35 0.001750
72 0.550405 56 0.002800
73 0.552520 31 0.001550
74 0.554635 25 0.001250
75 0.556751 29 0.001450
76 0.558866 13 0.000650
77 0.560981 26 0.001300
78 0.563096 16 0.000800
79 0.565212 16 0.000800
80 0.567327 34 0.001700
81 0.569442 12 0.000600
82 0.571557 3 0.000150
83 0.573673 16 0.000800
84 0.575788 16 0.000800
85 0.577903 8 0.000400
86 0.580018 10 0.000500
87 0.582134 4 0.000200
88 0.584249 5 0.000250
89 0.586364 2 0.000100
90 0.588479 4 0.000200
91 0.590595 3 0.000150
92 0.592710 5 0.000250
93 0.594825 1 0.000050
94 0.596940 4 0.000200
95 0.599055 5 0.000250
96 0.601171 2 0.000100
97 0.603286 0 0.000000
98 0.605401 1 0.000050
99 0.607516 1 0.000050
