0 0.011225 12 0.000200
1 0.021397 1 0.000017
2 0.031570 10 0.000167
3 0.041742 6 0.000100
4 0.051914 22 0.000367
5 0.062087 19 0.000317
6 0.072259 17 0.000283
7 0.082432 3 0.000050
8 0.092604 16 0.000267
9 0.102777 21 0.000350
10 0.112949 19 0.000317
11 0.123121 11 0.000183
12 0.133294 9 0.000150
13 0.143466 22 0.000367
14 0.153639 28 0.000467
15 0.163811 27 0.000450
16 0.173984 46 0.000767
17 0.184156 21 0.000350
18 0.194328 28 0.000467
19 0.204501 35 0.000583
20 0.214673 21 0.000350
21 0.224846 37 0.000617
22 0.235018 21 0.000350
23 0.245191 62 0.001033
24 0.255363 33 0.000550
25 0.265535 67 0.001117
26 0.275708 94 0.001567
27 0.285880 114 0.001900
28 0.296053 119 0.001983
29 0.306225 132 0.002200
30 0.316398 207 0.003450
31 0.326570 264 0.004400
32 0.336742 175 0.002917
33 0.346915 167 0.002783
34 0.357087 173 0.002883
35 0.367260 158 0.002633
36 0.377432 179 0.002983
37 0.387605 183 0.003050
38 0.397777 265 0.004417
39 0.407949 247 0.004117
40 0.418122 366 0.006100
41 0.428294 344 0.005733
42 0.438467 617 0.010283
43 0.448639 698 0.011633
44 0.458812 966 0.016100
45 0.468984 1597 0.026617
46 0.479156 2573 0.042883
47 0.489329 7580 0.126333
48 0.499501 12393 0.206550
49 0.509674 4394 0.073233
50 0.519846 1868 0.031133
51 0.530019 1130 0.018833
52 0.540191 892 0.014867
53 0.550363 891 0.014850
54 0.560536 899 0.014983
55 0.570708 1051 0.017517
56 0.580881 1689 0.028150
57 0.591053 2663 0.044383
58 0.601226 2191 0.036517
59 0.611398 1410 0.023500
60 0.621570 1066 0.017767
61 0.631743 723 0.012050
62 0.641915 497 0.008283
63 0.652088 518 0.008633
64 0.662260 353 0.005883
65 0.672433 348 0.005800
66 0.682605 274 0.004567
67 0.692777 265 0.004417
68 0.702950 221 0.003683
69 0.713122 220 0.003667
70 0.723295 223 0.003717
71 0.733467 188 0.003133
72 0.743640 199 0.003317
73 0.753812 232 0.003867
74 0.763984 146 0.002433
75 0.774157 175 0.002917
76 0.784329 236 0.003933
77 0.794502 149 0.002483
78 0.804674 163 0.002717
79 0.814847 190 0.003167
80 0.825019 203 0.003383
81 0.835191 232 0.003867
82 0.845364 284 0.004733
83 0.855536 347 0.005783
84 0.865709 452 0.007533
85 0.875881 473 0.007883
86 0.886054 363 0.006050
87 0.896226 272 0.004533
88 0.906398 248 0.004133
89 0.916571 301 0.005017
90 0.926743 387 0.006450
91 0.936916 252 0.004200
92 0.947088 227 0.003783
93 0.957261 134 0.002233
94 0.967433 60 0.001000
95 0.977605 44 0.000733
96 0.987778 4 0.000067
97 0.997950 26 0.000433
98 1.008123 1 0.000017
99 1.018295 1 0.000017
