0 0.010452 8 0.000133
1 0.020444 11 0.000183
2 0.030437 9 0.000150
3 0.040429 17 0.000283
4 0.050421 20 0.000333
5 0.060413 11 0.000183
6 0.070405 8 0.000133
7 0.080398 14 0.000233
8 0.090390 14 0.000233
9 0.100382 15 0.000250
10 0.110374 10 0.000167
11 0.120366 11 0.000183
12 0.130359 20 0.000333
13 0.140351 11 0.000183
14 0.150343 13 0.000217
15 0.160335 26 0.000433
16 0.170327 25 0.000417
17 0.180320 21 0.000350
18 0.190312 25 0.000417
19 0.200304 32 0.000533
20 0.210296 37 0.000617
21 0.220288 54 0.000900
22 0.230281 33 0.000550
23 0.240273 24 0.000400
24 0.250265 57 0.000950
25 0.260257 54 0.000900
26 0.270249 89 0.001483
27 0.280242 108 0.001800
28 0.290234 99 0.001650
29 0.300226 129 0.002150
30 0.310218 255 0.004250
31 0.320210 221 0.003683
32 0.330203 326 0.005433
33 0.340195 263 0.004383
34 0.350187 236 0.003933
35 0.360179 348 0.005800
36 0.370171 489 0.008150
37 0.380164 403 0.006717
38 0.390156 408 0.006800
39 0.400148 488 0.008133
40 0.410140 705 0.011750
41 0.420132 1081 0.018017
42 0.430125 1160 0.019333
43 0.440117 854 0.014233
44 0.450109 1116 0.018600
45 0.460101 1412 0.023533
46 0.470093 2024 0.033733
47 0.480086 2498 0.041633
48 0.490078 4082 0.068033
49 0.500070 7802 0.130033
50 0.510062 2586 0.043100
51 0.520054 2145 0.035750
52 0.530047 1842 0.030700
53 0.540039 1222 0.020367
54 0.550031 1298 0.021633
55 0.560023 1415 0.023583
56 0.570015 1923 0.032050
57 0.580008 2525 0.042083
58 0.590000 3173 0.052883
59 0.599992 1903 0.031717
60 0.609984 1359 0.022650
61 0.619976 1384 0.023067
62 0.629969 854 0.014233
63 0.639961 589 0.009817
64 0.649953 530 0.008833
65 0.659945 430 0.007167
66 0.669937 454 0.007567
67 0.679930 315 0.005250
68 0.689922 261 0.004350
69 0.699914 262 0.004367
70 0.709906 189 0.003150
71 0.719898 217 0.003617
72 0.729891 200 0.003333
73 0.739883 196 0.003267
74 0.749875 176 0.002933
75 0.759867 226 0.003767
76 0.769859 181 0.003017
77 0.779852 189 0.003150
78 0.789844 186 0.003100
79 0.799836 182 0.003033
80 0.809828 164 0.002733
81 0.819820 234 0.003900
82 0.829813 253 0.004217
83 0.839805 278 0.004633
84 0.849797 335 0.005583
85 0.859789 470 0.007833
86 0.869781 401 0.006683
87 0.879774 395 0.006583
88 0.889766 311 0.005183
89 0.899758 296 0.004933
90 0.909750 323 0.005383
91 0.919742 338 0.005633
92 0.929735 231 0.003850
93 0.939727 171 0.002850
94 0.949719 72 0.001200
95 0.959711 60 0.001000
96 0.969703 48 0.000800
97 0.979696 22 0.000367
98 0.989688 9 0.000150
99 0.999680 1 0.000017
