0 -0.049047 2 0.000100
1 -0.048155 0 0.000000
2 -0.047263 2 0.000100
3 -0.046371 3 0.000150
4 -0.045478 2 0.000100
5 -0.044586 0 0.000000
6 -0.043694 1 0.000050
7 -0.042802 4 0.000200
8 -0.041910 2 0.000100
9 -0.041018 2 0.000100
10 -0.040126 0 0.000000
11 -0.039234 5 0.000250
12 -0.038341 10 0.000500
13 -0.037449 2 0.000100
14 -0.036557 4 0.000200
15 -0.035665 7 0.000350
16 -0.034773 8 0.000400
17 -0.033881 10 0.000500
18 -0.032989 9 0.000450
19 -0.032097 9 0.000450
20 -0.031204 14 0.000700
21 -0.030312 12 0.000600
22 -0.029420 10 0.000500
23 -0.028528 25 0.001250
24 -0.027636 31 0.001550
25 -0.026744 31 0.001550
26 -0.025852 36 0.001800
27 -0.024960 73 0.003650
28 -0.024067 58 0.002900
29 -0.023175 54 0.002700
30 -0.022283 66 0.003300
31 -0.021391 73 0.003650
32 -0.020499 80 0.004000
33 -0.019607 85 0.004250
34 -0.018715 123 0.006150
35 -0.017822 155 0.007750
36 -0.016930 199 0.009950
37 -0.016038 202 0.010100
38 -0.015146 280 0.014000
39 -0.014254 343 0.017150
40 -0.013362 334 0.016700
41 -0.012470 439 0.021950
42 -0.011578 535 0.026750
43 -0.010685 644 0.032200
44 -0.009793 840 0.042000
45 -0.008901 1009 0.050450
46 -0.008009 1099 0.054950
47 -0.007117 1266 0.063300
48 -0.006225 1505 0.075250
49 -0.005333 1560 0.078000
50 -0.004441 1627 0.081350
51 -0.003548 1421 0.071050
52 -0.002656 1209 0.060450
53 -0.001764 962 0.048100
54 -0.000872 769 0.038450
55 0.000020 565 0.028250
56 0.000912 405 0.020250
57 0.001804 313 0.015650
58 0.002696 313 0.015650
59 0.003589 236 0.011800
60 0.004481 184 0.009200
61 0.005373 131 0.006550
62 0.006265 122 0.006100
63 0.007157 87 0.004350
64 0.008049 72 0.003600
65 0.008941 62 0.003100
66 0.009833 48 0.002400
67 0.010726 51 0.002550
68 0.011618 23 0.001150
69 0.012510 39 0.001950
70 0.013402 13 0.000650
71 0.014294 14 0.000700
72 0.015186 10 0.000500
73 0.016078 7 0.000350
74 0.016971 3 0.000150
75 0.017863 7 0.000350
76 0.018755 4 0.000200
77 0.019647 7 0.000350
78 0.020539 3 0.000150
79 0.021431 2 0.000100
80 0.022323 7 0.000350
81 0.023215 6 0.000300
82 0.024108 0 0.000000
83 0.025000 2 0.000100
84 0.025892 2 0.000100
85 0.026784 0 0.000000
86 0.027676 0 0.000000
87 0.028568 1 0.000050
88 0.029460 0 0.000000
89 0.030352 4 0.000200
90 0.031245 0 0.000000
91 0.032137 1 0.000050
92 0.033029 0 0.000000
93 0.033921 1 0.000050
94 0.034813 0 0.000000
95 0.035705 1 0.000050
96 0.036597 0 0.000000
97 0.037489 1 0.000050
98 0.038382 1 0.000050
99 0.039274 1 0.000050
