0 0.000000 52217 0.870283
1 0.002552 2473 0.041217
2 0.005104 1760 0.029333
3 0.007656 670 0.011167
4 0.010208 492 0.008200
5 0.012760 568 0.009467
6 0.015312 613 0.010217
7 0.017863 332 0.005533
8 0.020415 191 0.003183
9 0.022967 172 0.002867
10 0.025519 171 0.002850
11 0.028071 123 0.002050
12 0.030623 85 0.001417
13 0.033175 38 0.000633
14 0.035727 15 0.000250
15 0.038279 6 0.000100
16 0.040831 4 0.000067
17 0.043383 6 0.000100
18 0.045935 8 0.000133
19 0.048487 6 0.000100
20 0.051038 5 0.000083
21 0.053590 5 0.000083
22 0.056142 4 0.000067
23 0.058694 2 0.000033
24 0.061246 2 0.000033
25 0.063798 1 0.000017
26 0.066350 1 0.000017
27 0.068902 2 0.000033
28 0.071454 1 0.000017
29 0.074006 3 0.000050
30 0.076558 2 0.000033
31 0.079110 1 0.000017
32 0.081662 0 0.000000
33 0.084213 1 0.000017
34 0.086765 2 0.000033
35 0.089317 0 0.000000
36 0.091869 2 0.000033
37 0.094421 1 0.000017
38 0.096973 1 0.000017
39 0.099525 0 0.000000
40 0.102077 0 0.000000
41 0.104629 0 0.000000
42 0.107181 0 0.000000
43 0.109733 0 0.000000
44 0.112285 0 0.000000
45 0.114837 0 0.000000
46 0.117388 0 0.000000
47 0.119940 0 0.000000
48 0.122492 2 0.000033
49 0.125044 0 0.000000
50 0.127596 0 0.000000
51 0.130148 3 0.000050
52 0.132700 0 0.000000
53 0.135252 3 0.000050
54 0.137804 0 0.000000
55 0.140356 0 0.000000
56 0.142908 0 0.000000
57 0.145460 0 0.000000
58 0.148012 0 0.000000
59 0.150563 0 0.000000
60 0.153115 0 0.000000
61 0.155667 2 0.000033
62 0.158219 0 0.000000
63 0.160771 0 0.000000
64 0.163323 1 0.000017
65 0.165875 0 0.000000
66 0.168427 0 0.000000
67 0.170979 0 0.000000
68 0.173531 0 0.000000
69 0.176083 1 0.000017
70 0.178635 0 0.000000
71 0.181187 0 0.000000
72 0.183738 0 0.000000
73 0.186290 0 0.000000
74 0.188842 0 0.000000
75 0.191394 0 0.000000
76 0.193946 0 0.000000
77 0.196498 0 0.000000
78 0.199050 0 0.000000
79 0.201602 0 0.000000
80 0.204154 0 0.000000
81 0.206706 0 0.000000
82 0.209258 0 0.000000
83 0.211810 0 0.000000
84 0.214362 0 0.000000
85 0.216913 0 0.000000
86 0.219465 0 0.000000
87 0.222017 1 0.000017
88 0.224569 0 0.000000
89 0.227121 0 0.000000
90 0.229673 0 0.000000
91 0.232225 0 0.000000
92 0.234777 0 0.000000
93 0.237329 0 0.000000
94 0.239881 0 0.000000
95 0.242433 0 0.000000
96 0.244985 0 0.000000
97 0.247537 0 0.000000
98 0.250088 0 0.000000
99 0.252640 1 0.000017
