0 -0.472260 1 0.000050
1 -0.462412 0 0.000000
2 -0.452565 0 0.000000
3 -0.442717 0 0.000000
4 -0.432870 0 0.000000
5 -0.423023 0 0.000000
6 -0.413175 1 0.000050
7 -0.403328 2 0.000100
8 -0.393480 0 0.000000
9 -0.383633 0 0.000000
10 -0.373785 4 0.000200
11 -0.363938 2 0.000100
12 -0.354091 2 0.000100
13 -0.344243 0 0.000000
14 -0.334396 0 0.000000
15 -0.324548 0 0.000000
16 -0.314701 1 0.000050
17 -0.304854 0 0.000000
18 -0.295006 1 0.000050
19 -0.285159 2 0.000100
20 -0.275311 3 0.000150
21 -0.265464 3 0.000150
22 -0.255617 1 0.000050
23 -0.245769 3 0.000150
24 -0.235922 2 0.000100
25 -0.226074 6 0.000300
26 -0.216227 2 0.000100
27 -0.206380 3 0.000150
28 -0.196532 14 0.000700
29 -0.186685 57 0.002850
30 -0.176837 75 0.003750
31 -0.166990 98 0.004900
32 -0.157143 103 0.005150
33 -0.147295 163 0.008150
34 -0.137448 255 0.012750
35 -0.127600 217 0.010850
36 -0.117753 225 0.011250
37 -0.107906 233 0.011650
38 -0.098058 248 0.012400
39 -0.088211 449 0.022450
40 -0.078363 881 0.044050
41 -0.068516 638 0.031900
42 -0.058669 493 0.024650
43 -0.048821 574 0.028700
44 -0.038974 756 0.037800
45 -0.029126 794 0.039700
46 -0.019279 1153 0.057650
47 -0.009432 3557 0.177850
48 0.000416 1764 0.088200
49 0.010263 884 0.044200
50 0.020111 1135 0.056750
51 0.029958 940 0.047000
52 0.039805 522 0.026100
53 0.049653 501 0.025050
54 0.059500 612 0.030600
55 0.069348 523 0.026150
56 0.079195 344 0.017200
57 0.089042 256 0.012800
58 0.098890 164 0.008200
59 0.108737 193 0.009650
60 0.118585 403 0.020150
61 0.128432 260 0.013000
62 0.138279 104 0.005200
63 0.148127 98 0.004900
64 0.157974 121 0.006050
65 0.167822 72 0.003600
66 0.177669 30 0.001500
67 0.187517 12 0.000600
68 0.197364 6 0.000300
69 0.207211 7 0.000350
70 0.217059 6 0.000300
71 0.226906 6 0.000300
72 0.236754 4 0.000200
73 0.246601 1 0.000050
74 0.256448 0 0.000000
75 0.266296 1 0.000050
76 0.276143 2 0.000100
77 0.285991 1 0.000050
78 0.295838 1 0.000050
79 0.305685 3 0.000150
80 0.315533 0 0.000000
81 0.325380 0 0.000000
82 0.335228 0 0.000000
83 0.345075 0 0.000000
84 0.354922 0 0.000000
85 0.364770 0 0.000000
86 0.374617 0 0.000000
87 0.384465 0 0.000000
88 0.394312 0 0.000000
89 0.404159 0 0.000000
90 0.414007 1 0.000050
91 0.423854 0 0.000000
92 0.433702 0 0.000000
93 0.443549 0 0.000000
94 0.453396 0 0.000000
95 0.463244 0 0.000000
96 0.473091 0 0.000000
97 0.482939 0 0.000000
98 0.492786 0 0.000000
99 0.502633 1 0.000050
