0 -0.076933 1 0.000050
1 -0.075783 0 0.000000
2 -0.074633 0 0.000000
3 -0.073483 0 0.000000
4 -0.072333 0 0.000000
5 -0.071183 1 0.000050
6 -0.070033 0 0.000000
7 -0.068883 0 0.000000
8 -0.067733 0 0.000000
9 -0.066583 0 0.000000
10 -0.065434 0 0.000000
11 -0.064284 0 0.000000
12 -0.063134 1 0.000050
13 -0.061984 0 0.000000
14 -0.060834 1 0.000050
15 -0.059684 0 0.000000
16 -0.058534 1 0.000050
17 -0.057384 1 0.000050
18 -0.056234 1 0.000050
19 -0.055084 0 0.000000
20 -0.053934 2 0.000100
21 -0.052784 2 0.000100
22 -0.051634 1 0.000050
23 -0.050484 1 0.000050
24 -0.049334 1 0.000050
25 -0.048184 0 0.000000
26 -0.047034 4 0.000200
27 -0.045884 5 0.000250
28 -0.044734 4 0.000200
29 -0.043584 3 0.000150
30 -0.042434 1 0.000050
31 -0.041284 4 0.000200
32 -0.040134 10 0.000500
33 -0.038984 16 0.000800
34 -0.037834 11 0.000550
35 -0.036684 10 0.000500
36 -0.035534 25 0.001250
37 -0.034384 18 0.000900
38 -0.033234 11 0.000550
39 -0.032084 28 0.001400
40 -0.030934 27 0.001350
41 -0.029784 21 0.001050
42 -0.028634 32 0.001600
43 -0.027484 41 0.002050
44 -0.026334 37 0.001850
45 -0.025184 59 0.002950
46 -0.024034 103 0.005150
47 -0.022885 103 0.005150
48 -0.021735 106 0.005300
49 -0.020585 125 0.006250
50 -0.019435 178 0.008900
51 -0.018285 250 0.012500
52 -0.017135 272 0.013600
53 -0.015985 354 0.017700
54 -0.014835 388 0.019400
55 -0.013685 531 0.026550
56 -0.012535 629 0.031450
57 -0.011385 897 0.044850
58 -0.010235 1417 0.070850
59 -0.009085 1887 0.094350
60 -0.007935 2034 0.101700
61 -0.006785 2125 0.106250
62 -0.005635 1795 0.089750
63 -0.004485 1668 0.083400
64 -0.003335 1266 0.063300
65 -0.002185 900 0.045000
66 -0.001035 564 0.028200
67 0.000115 459 0.022950
68 0.001265 302 0.015100
69 0.002415 244 0.012200
70 0.003565 192 0.009600
71 0.004715 171 0.008550
72 0.005865 128 0.006400
73 0.007015 87 0.004350
74 0.008165 68 0.003400
75 0.009315 83 0.004150
76 0.010465 46 0.002300
77 0.011615 22 0.001100
78 0.012765 33 0.001650
79 0.013915 26 0.001300
80 0.015065 24 0.001200
81 0.016215 26 0.001300
82 0.017365 23 0.001150
83 0.018514 20 0.001000
84 0.019664 11 0.000550
85 0.020814 18 0.000900
86 0.021964 11 0.000550
87 0.023114 8 0.000400
88 0.024264 6 0.000300
89 0.025414 6 0.000300
90 0.026564 5 0.000250
91 0.027714 2 0.000100
92 0.028864 0 0.000000
93 0.030014 0 0.000000
94 0.031164 1 0.000050
95 0.032314 1 0.000050
96 0.033464 0 0.000000
97 0.034614 0 0.000000
98 0.035764 3 0.000150
99 0.036914 1 0.000050
