0 -0.472260 1 0.000017
1 -0.462412 0 0.000000
2 -0.452565 0 0.000000
3 -0.442717 0 0.000000
4 -0.432870 0 0.000000
5 -0.423023 0 0.000000
6 -0.413175 1 0.000017
7 -0.403328 2 0.000033
8 -0.393480 0 0.000000
9 -0.383633 0 0.000000
10 -0.373785 4 0.000067
11 -0.363938 2 0.000033
12 -0.354091 2 0.000033
13 -0.344243 0 0.000000
14 -0.334396 0 0.000000
15 -0.324548 0 0.000000
16 -0.314701 1 0.000017
17 -0.304854 0 0.000000
18 -0.295006 1 0.000017
19 -0.285159 2 0.000033
20 -0.275311 3 0.000050
21 -0.265464 3 0.000050
22 -0.255617 1 0.000017
23 -0.245769 3 0.000050
24 -0.235922 2 0.000033
25 -0.226074 6 0.000100
26 -0.216227 2 0.000033
27 -0.206380 3 0.000050
28 -0.196532 14 0.000233
29 -0.186685 57 0.000950
30 -0.176837 75 0.001250
31 -0.166990 98 0.001633
32 -0.157143 103 0.001717
33 -0.147295 163 0.002717
34 -0.137448 255 0.004250
35 -0.127600 217 0.003617
36 -0.117753 225 0.003750
37 -0.107906 233 0.003883
38 -0.098058 248 0.004133
39 -0.088211 449 0.007483
40 -0.078363 883 0.014717
41 -0.068516 640 0.010667
42 -0.058669 503 0.008383
43 -0.048821 623 0.010383
44 -0.038974 1001 0.016683
45 -0.029126 1997 0.033283
46 -0.019279 9196 0.153267
47 -0.009432 29620 0.493667
48 0.000416 5608 0.093467
49 0.010263 1319 0.021983
50 0.020111 1223 0.020383
51 0.029958 956 0.015933
52 0.039805 522 0.008700
53 0.049653 501 0.008350
54 0.059500 612 0.010200
55 0.069348 523 0.008717
56 0.079195 344 0.005733
57 0.089042 256 0.004267
58 0.098890 164 0.002733
59 0.108737 193 0.003217
60 0.118585 403 0.006717
61 0.128432 260 0.004333
62 0.138279 104 0.001733
63 0.148127 98 0.001633
64 0.157974 121 0.002017
65 0.167822 72 0.001200
66 0.177669 30 0.000500
67 0.187517 12 0.000200
68 0.197364 6 0.000100
69 0.207211 7 0.000117
70 0.217059 6 0.000100
71 0.226906 6 0.000100
72 0.236754 4 0.000067
73 0.246601 1 0.000017
74 0.256448 0 0.000000
75 0.266296 1 0.000017
76 0.276143 2 0.000033
77 0.285991 1 0.000017
78 0.295838 1 0.000017
79 0.305685 3 0.000050
80 0.315533 0 0.000000
81 0.325380 0 0.000000
82 0.335228 0 0.000000
83 0.345075 0 0.000000
84 0.354922 0 0.000000
85 0.364770 0 0.000000
86 0.374617 0 0.000000
87 0.384465 0 0.000000
88 0.394312 0 0.000000
89 0.404159 0 0.000000
90 0.414007 1 0.000017
91 0.423854 0 0.000000
92 0.433702 0 0.000000
93 0.443549 0 0.000000
94 0.453396 0 0.000000
95 0.463244 0 0.000000
96 0.473091 0 0.000000
97 0.482939 0 0.000000
98 0.492786 0 0.000000
99 0.502633 1 0.000017
