0 0.049640 15 0.000750
1 0.059266 5 0.000250
2 0.068892 5 0.000250
3 0.078519 1 0.000050
4 0.088145 2 0.000100
5 0.097772 3 0.000150
6 0.107398 5 0.000250
7 0.117025 6 0.000300
8 0.126651 3 0.000150
9 0.136277 2 0.000100
10 0.145904 4 0.000200
11 0.155530 5 0.000250
12 0.165157 5 0.000250
13 0.174783 3 0.000150
14 0.184409 1 0.000050
15 0.194036 9 0.000450
16 0.203662 3 0.000150
17 0.213289 1 0.000050
18 0.222915 5 0.000250
19 0.232542 4 0.000200
20 0.242168 2 0.000100
21 0.251794 15 0.000750
22 0.261421 27 0.001350
23 0.271047 15 0.000750
24 0.280674 41 0.002050
25 0.290300 39 0.001950
26 0.299926 25 0.001250
27 0.309553 36 0.001800
28 0.319179 110 0.005500
29 0.328806 115 0.005750
30 0.338432 152 0.007600
31 0.348059 97 0.004850
32 0.357685 32 0.001600
33 0.367311 26 0.001300
34 0.376938 19 0.000950
35 0.386564 19 0.000950
36 0.396191 13 0.000650
37 0.405817 19 0.000950
38 0.415444 23 0.001150
39 0.425070 24 0.001200
40 0.434696 25 0.001250
41 0.444323 40 0.002000
42 0.453949 44 0.002200
43 0.463576 61 0.003050
44 0.473202 70 0.003500
45 0.482828 77 0.003850
46 0.492455 120 0.006000
47 0.502081 140 0.007000
48 0.511708 126 0.006300
49 0.521334 149 0.007450
50 0.530961 175 0.008750
51 0.540587 240 0.012000
52 0.550213 295 0.014750
53 0.559840 431 0.021550
54 0.569466 505 0.025250
55 0.579093 1298 0.064900
56 0.588719 2435 0.121750
57 0.598346 2273 0.113650
58 0.607972 1216 0.060800
59 0.617598 885 0.044250
60 0.627225 683 0.034150
61 0.636851 461 0.023050
62 0.646478 364 0.018200
63 0.656104 261 0.013050
64 0.665731 231 0.011550
65 0.675357 221 0.011050
66 0.684983 182 0.009100
67 0.694610 175 0.008750
68 0.704236 140 0.007000
69 0.713863 165 0.008250
70 0.723489 132 0.006600
71 0.733115 126 0.006300
72 0.742742 147 0.007350
73 0.752368 160 0.008000
74 0.761995 171 0.008550
75 0.771621 157 0.007850
76 0.781248 197 0.009850
77 0.790874 175 0.008750
78 0.800500 139 0.006950
79 0.810127 151 0.007550
80 0.819753 182 0.009100
81 0.829380 241 0.012050
82 0.839006 224 0.011200
83 0.848633 282 0.014100
84 0.858259 297 0.014850
85 0.867885 350 0.017500
86 0.877512 463 0.023150
87 0.887138 303 0.015150
88 0.896765 224 0.011200
89 0.906391 237 0.011850
90 0.916017 278 0.013900
91 0.925644 270 0.013500
92 0.935270 221 0.011050
93 0.944897 201 0.010050
94 0.954523 104 0.005200
95 0.964150 55 0.002750
96 0.973776 48 0.002400
97 0.983402 29 0.001450
98 0.993029 11 0.000550
99 1.002655 1 0.000050
