0 0.425600 3 0.000150
1 0.427212 2 0.000100
2 0.428824 1 0.000050
3 0.430436 1 0.000050
4 0.432048 0 0.000000
5 0.433660 1 0.000050
6 0.435272 0 0.000000
7 0.436884 0 0.000000
8 0.438496 0 0.000000
9 0.440108 3 0.000150
10 0.441720 1 0.000050
11 0.443332 3 0.000150
12 0.444944 2 0.000100
13 0.446556 1 0.000050
14 0.448168 2 0.000100
15 0.449780 2 0.000100
16 0.451392 3 0.000150
17 0.453004 2 0.000100
18 0.454616 14 0.000700
19 0.456228 6 0.000300
20 0.457840 15 0.000750
21 0.459452 8 0.000400
22 0.461064 19 0.000950
23 0.462676 31 0.001550
24 0.464288 38 0.001900
25 0.465900 54 0.002700
26 0.467512 69 0.003450
27 0.469124 90 0.004500
28 0.470736 54 0.002700
29 0.472348 69 0.003450
30 0.473960 61 0.003050
31 0.475572 67 0.003350
32 0.477184 85 0.004250
33 0.478796 102 0.005100
34 0.480408 132 0.006600
35 0.482020 153 0.007650
36 0.483632 201 0.010050
37 0.485244 216 0.010800
38 0.486856 272 0.013600
39 0.488468 324 0.016200
40 0.490080 351 0.017550
41 0.491692 468 0.023400
42 0.493304 575 0.028750
43 0.494916 736 0.036800
44 0.496528 870 0.043500
45 0.498140 1206 0.060300
46 0.499752 1224 0.061200
47 0.501364 1596 0.079800
48 0.502976 1988 0.099400
49 0.504588 1852 0.092600
50 0.506200 1547 0.077350
51 0.507812 1056 0.052800
52 0.509424 747 0.037350
53 0.511036 609 0.030450
54 0.512648 490 0.024500
55 0.514260 462 0.023100
56 0.515872 308 0.015400
57 0.517484 213 0.010650
58 0.519096 178 0.008900
59 0.520708 154 0.007700
60 0.522320 106 0.005300
61 0.523932 123 0.006150
62 0.525544 100 0.005000
63 0.527156 82 0.004100
64 0.528768 81 0.004050
65 0.530380 55 0.002750
66 0.531992 53 0.002650
67 0.533604 46 0.002300
68 0.535216 36 0.001800
69 0.536828 52 0.002600
70 0.538440 33 0.001650
71 0.540052 37 0.001850
72 0.541664 26 0.001300
73 0.543276 36 0.001800
74 0.544888 30 0.001500
75 0.546500 35 0.001750
76 0.548112 21 0.001050
77 0.549724 27 0.001350
78 0.551336 32 0.001600
79 0.552948 29 0.001450
80 0.554560 25 0.001250
81 0.556172 24 0.001200
82 0.557784 15 0.000750
83 0.559396 12 0.000600
84 0.561008 11 0.000550
85 0.562620 15 0.000750
86 0.564232 16 0.000800
87 0.565844 9 0.000450
88 0.567456 8 0.000400
89 0.569068 9 0.000450
90 0.570680 6 0.000300
91 0.572292 11 0.000550
92 0.573904 7 0.000350
93 0.575516 14 0.000700
94 0.577128 9 0.000450
95 0.578740 5 0.000250
96 0.580352 6 0.000300
97 0.581964 14 0.000700
98 0.583576 6 0.000300
99 0.585188 1 0.000050
