0 0.029659 2 0.000100
1 0.039287 1 0.000050
2 0.048915 9 0.000450
3 0.058543 8 0.000400
4 0.068171 7 0.000350
5 0.077799 10 0.000500
6 0.087427 16 0.000800
7 0.097055 16 0.000800
8 0.106683 7 0.000350
9 0.116311 12 0.000600
10 0.125939 14 0.000700
11 0.135567 14 0.000700
12 0.145195 13 0.000650
13 0.154823 11 0.000550
14 0.164451 16 0.000800
15 0.174078 18 0.000900
16 0.183706 20 0.001000
17 0.193334 24 0.001200
18 0.202962 23 0.001150
19 0.212590 19 0.000950
20 0.222218 28 0.001400
21 0.231846 31 0.001550
22 0.241474 33 0.001650
23 0.251102 30 0.001500
24 0.260730 34 0.001700
25 0.270358 27 0.001350
26 0.279986 40 0.002000
27 0.289614 51 0.002550
28 0.299242 54 0.002700
29 0.308870 52 0.002600
30 0.318498 68 0.003400
31 0.328126 83 0.004150
32 0.337754 75 0.003750
33 0.347382 85 0.004250
34 0.357010 109 0.005450
35 0.366638 131 0.006550
36 0.376266 138 0.006900
37 0.385894 167 0.008350
38 0.395521 182 0.009100
39 0.405149 169 0.008450
40 0.414777 210 0.010500
41 0.424405 271 0.013550
42 0.434033 315 0.015750
43 0.443661 372 0.018600
44 0.453289 499 0.024950
45 0.462917 616 0.030800
46 0.472545 808 0.040400
47 0.482173 1163 0.058150
48 0.491801 2292 0.114600
49 0.501429 3580 0.179000
50 0.511057 2052 0.102600
51 0.520685 1203 0.060150
52 0.530313 750 0.037500
53 0.539941 595 0.029750
54 0.549569 450 0.022500
55 0.559197 400 0.020000
56 0.568825 331 0.016550
57 0.578453 264 0.013200
58 0.588081 193 0.009650
59 0.597709 191 0.009550
60 0.607336 132 0.006600
61 0.616964 176 0.008800
62 0.626592 124 0.006200
63 0.636220 103 0.005150
64 0.645848 113 0.005650
65 0.655476 106 0.005300
66 0.665104 96 0.004800
67 0.674732 78 0.003900
68 0.684360 70 0.003500
69 0.693988 51 0.002550
70 0.703616 32 0.001600
71 0.713244 48 0.002400
72 0.722872 46 0.002300
73 0.732500 31 0.001550
74 0.742128 32 0.001600
75 0.751756 41 0.002050
76 0.761384 22 0.001100
77 0.771012 31 0.001550
78 0.780640 22 0.001100
79 0.790268 29 0.001450
80 0.799896 24 0.001200
81 0.809524 19 0.000950
82 0.819151 17 0.000850
83 0.828779 12 0.000600
84 0.838407 12 0.000600
85 0.848035 16 0.000800
86 0.857663 6 0.000300
87 0.867291 13 0.000650
88 0.876919 10 0.000500
89 0.886547 6 0.000300
90 0.896175 14 0.000700
91 0.905803 11 0.000550
92 0.915431 15 0.000750
93 0.925059 10 0.000500
94 0.934687 9 0.000450
95 0.944315 9 0.000450
96 0.953943 6 0.000300
97 0.963571 3 0.000150
98 0.973199 2 0.000100
99 0.982827 1 0.000050
