0 0.016499 3 0.000150
1 0.026160 4 0.000200
2 0.035820 7 0.000350
3 0.045481 13 0.000650
4 0.055141 21 0.001050
5 0.064802 9 0.000450
6 0.074462 13 0.000650
7 0.084123 6 0.000300
8 0.093783 7 0.000350
9 0.103444 12 0.000600
10 0.113104 12 0.000600
11 0.122765 10 0.000500
12 0.132425 11 0.000550
13 0.142086 14 0.000700
14 0.151746 18 0.000900
15 0.161407 11 0.000550
16 0.171067 19 0.000950
17 0.180728 20 0.001000
18 0.190388 22 0.001100
19 0.200049 28 0.001400
20 0.209709 28 0.001400
21 0.219370 37 0.001850
22 0.229030 26 0.001300
23 0.238691 15 0.000750
24 0.248352 38 0.001900
25 0.258012 38 0.001900
26 0.267673 41 0.002050
27 0.277333 51 0.002550
28 0.286994 60 0.003000
29 0.296654 61 0.003050
30 0.306315 57 0.002850
31 0.315975 70 0.003500
32 0.325636 88 0.004400
33 0.335296 91 0.004550
34 0.344957 78 0.003900
35 0.354617 92 0.004600
36 0.364278 124 0.006200
37 0.373938 142 0.007100
38 0.383599 169 0.008450
39 0.393259 185 0.009250
40 0.402920 205 0.010250
41 0.412580 257 0.012850
42 0.422241 279 0.013950
43 0.431901 355 0.017750
44 0.441562 401 0.020050
45 0.451222 560 0.028000
46 0.460883 682 0.034100
47 0.470543 926 0.046300
48 0.480204 1687 0.084350
49 0.489864 2982 0.149100
50 0.499525 2955 0.147750
51 0.509186 1583 0.079150
52 0.518846 992 0.049600
53 0.528507 680 0.034000
54 0.538167 510 0.025500
55 0.547828 370 0.018500
56 0.557488 347 0.017350
57 0.567149 347 0.017350
58 0.576809 263 0.013150
59 0.586470 186 0.009300
60 0.596130 160 0.008000
61 0.605791 144 0.007200
62 0.615451 143 0.007150
63 0.625112 119 0.005950
64 0.634772 114 0.005700
65 0.644433 110 0.005500
66 0.654093 91 0.004550
67 0.663754 75 0.003750
68 0.673414 91 0.004550
69 0.683075 76 0.003800
70 0.692735 47 0.002350
71 0.702396 47 0.002350
72 0.712056 35 0.001750
73 0.721717 29 0.001450
74 0.731377 32 0.001600
75 0.741038 31 0.001550
76 0.750698 27 0.001350
77 0.760359 33 0.001650
78 0.770019 35 0.001750
79 0.779680 29 0.001450
80 0.789341 26 0.001300
81 0.799001 11 0.000550
82 0.808662 16 0.000800
83 0.818322 12 0.000600
84 0.827983 11 0.000550
85 0.837643 15 0.000750
86 0.847304 19 0.000950
87 0.856964 5 0.000250
88 0.866625 7 0.000350
89 0.876285 4 0.000200
90 0.885946 9 0.000450
91 0.895606 12 0.000600
92 0.905267 16 0.000800
93 0.914927 9 0.000450
94 0.924588 12 0.000600
95 0.934248 10 0.000500
96 0.943909 8 0.000400
97 0.953569 6 0.000300
98 0.963230 5 0.000250
99 0.972890 1 0.000050
