0 0.005290 2 0.000033
1 0.015337 11 0.000183
2 0.025385 13 0.000217
3 0.035432 12 0.000200
4 0.045480 17 0.000283
5 0.055528 21 0.000350
6 0.065575 16 0.000267
7 0.075623 16 0.000267
8 0.085670 12 0.000200
9 0.095718 14 0.000233
10 0.105766 14 0.000233
11 0.115813 13 0.000217
12 0.125861 23 0.000383
13 0.135908 17 0.000283
14 0.145956 23 0.000383
15 0.156003 20 0.000333
16 0.166051 13 0.000217
17 0.176099 27 0.000450
18 0.186146 30 0.000500
19 0.196194 32 0.000533
20 0.206241 33 0.000550
21 0.216289 45 0.000750
22 0.226336 30 0.000500
23 0.236384 29 0.000483
24 0.246432 66 0.001100
25 0.256479 59 0.000983
26 0.266527 73 0.001217
27 0.276574 90 0.001500
28 0.286622 91 0.001517
29 0.296670 113 0.001883
30 0.306717 182 0.003033
31 0.316765 244 0.004067
32 0.326812 367 0.006117
33 0.336860 250 0.004167
34 0.346907 227 0.003783
35 0.356955 307 0.005117
36 0.367003 451 0.007517
37 0.377050 436 0.007267
38 0.387098 425 0.007083
39 0.397145 434 0.007233
40 0.407193 612 0.010200
41 0.417240 872 0.014533
42 0.427288 1353 0.022550
43 0.437336 883 0.014717
44 0.447383 983 0.016383
45 0.457431 1361 0.022683
46 0.467478 1940 0.032333
47 0.477526 2254 0.037567
48 0.487574 3706 0.061767
49 0.497621 8024 0.133733
50 0.507669 2827 0.047117
51 0.517716 2171 0.036183
52 0.527764 2196 0.036600
53 0.537811 1344 0.022400
54 0.547859 1271 0.021183
55 0.557907 1397 0.023283
56 0.567954 1881 0.031350
57 0.578002 2559 0.042650
58 0.588049 3034 0.050567
59 0.598097 2292 0.038200
60 0.608144 1460 0.024333
61 0.618192 1260 0.021000
62 0.628240 1050 0.017500
63 0.638287 576 0.009600
64 0.648335 475 0.007917
65 0.658382 427 0.007117
66 0.668430 417 0.006950
67 0.678478 335 0.005583
68 0.688525 267 0.004450
69 0.698573 251 0.004183
70 0.708620 205 0.003417
71 0.718668 161 0.002683
72 0.728715 176 0.002933
73 0.738763 214 0.003567
74 0.748811 181 0.003017
75 0.758858 199 0.003317
76 0.768906 208 0.003467
77 0.778953 223 0.003717
78 0.789001 203 0.003383
79 0.799048 188 0.003133
80 0.809096 183 0.003050
81 0.819144 238 0.003967
82 0.829191 251 0.004183
83 0.839239 243 0.004050
84 0.849286 332 0.005533
85 0.859334 429 0.007150
86 0.869382 390 0.006500
87 0.879429 388 0.006467
88 0.889477 276 0.004600
89 0.899524 268 0.004467
90 0.909572 295 0.004917
91 0.919619 348 0.005800
92 0.929667 255 0.004250
93 0.939715 165 0.002750
94 0.949762 69 0.001150
95 0.959810 54 0.000900
96 0.969857 48 0.000800
97 0.979905 26 0.000433
98 0.989952 7 0.000117
99 1.000000 1 0.000017
