0 0.010879 5 0.000250
1 0.020868 11 0.000550
2 0.030857 5 0.000250
3 0.040846 2 0.000100
4 0.050835 4 0.000200
5 0.060824 3 0.000150
6 0.070813 5 0.000250
7 0.080802 3 0.000150
8 0.090791 4 0.000200
9 0.100780 4 0.000200
10 0.110769 1 0.000050
11 0.120758 3 0.000150
12 0.130746 3 0.000150
13 0.140735 7 0.000350
14 0.150724 2 0.000100
15 0.160713 2 0.000100
16 0.170702 1 0.000050
17 0.180691 8 0.000400
18 0.190680 4 0.000200
19 0.200669 5 0.000250
20 0.210658 4 0.000200
21 0.220647 1 0.000050
22 0.230636 1 0.000050
23 0.240625 15 0.000750
24 0.250614 34 0.001700
25 0.260603 23 0.001150
26 0.270592 33 0.001650
27 0.280581 35 0.001750
28 0.290570 28 0.001400
29 0.300559 26 0.001300
30 0.310548 148 0.007400
31 0.320537 73 0.003650
32 0.330526 157 0.007850
33 0.340515 107 0.005350
34 0.350504 42 0.002100
35 0.360493 9 0.000450
36 0.370482 20 0.001000
37 0.380471 21 0.001050
38 0.390460 11 0.000550
39 0.400449 23 0.001150
40 0.410438 29 0.001450
41 0.420427 27 0.001350
42 0.430416 31 0.001550
43 0.440405 39 0.001950
44 0.450393 46 0.002300
45 0.460382 51 0.002550
46 0.470371 76 0.003800
47 0.480360 100 0.005000
48 0.490349 128 0.006400
49 0.500338 137 0.006850
50 0.510327 128 0.006400
51 0.520316 197 0.009850
52 0.530305 195 0.009750
53 0.540294 256 0.012800
54 0.550283 391 0.019550
55 0.560272 513 0.025650
56 0.570261 941 0.047050
57 0.580250 2055 0.102750
58 0.590239 2619 0.130950
59 0.600228 1570 0.078500
60 0.610217 942 0.047100
61 0.620206 817 0.040850
62 0.630195 495 0.024750
63 0.640184 354 0.017700
64 0.650173 280 0.014000
65 0.660162 238 0.011900
66 0.670151 208 0.010400
67 0.680140 193 0.009650
68 0.690129 192 0.009600
69 0.700118 167 0.008350
70 0.710107 157 0.007850
71 0.720096 118 0.005900
72 0.730085 154 0.007700
73 0.740074 174 0.008700
74 0.750063 152 0.007600
75 0.760051 155 0.007750
76 0.770040 188 0.009400
77 0.780029 176 0.008800
78 0.790018 176 0.008800
79 0.800007 170 0.008500
80 0.809996 168 0.008400
81 0.819985 240 0.012000
82 0.829974 213 0.010650
83 0.839963 239 0.011950
84 0.849952 317 0.015850
85 0.859941 445 0.022250
86 0.869930 358 0.017900
87 0.879919 372 0.018600
88 0.889908 266 0.013300
89 0.899897 256 0.012800
90 0.909886 283 0.014150
91 0.919875 336 0.016800
92 0.929864 235 0.011750
93 0.939853 154 0.007700
94 0.949842 62 0.003100
95 0.959831 50 0.002500
96 0.969820 45 0.002250
97 0.979809 26 0.001300
98 0.989798 7 0.000350
99 0.999787 0 0.000000
