0 0.029659 2 0.000033
1 0.039487 1 0.000017
2 0.049316 25 0.000417
3 0.059144 12 0.000200
4 0.068972 13 0.000217
5 0.078800 10 0.000167
6 0.088629 19 0.000317
7 0.098457 19 0.000317
8 0.108285 17 0.000283
9 0.118113 14 0.000233
10 0.127942 22 0.000367
11 0.137770 13 0.000217
12 0.147598 20 0.000333
13 0.157426 11 0.000183
14 0.167255 24 0.000400
15 0.177083 23 0.000383
16 0.186911 25 0.000417
17 0.196739 31 0.000517
18 0.206568 25 0.000417
19 0.216396 23 0.000383
20 0.226224 36 0.000600
21 0.236052 38 0.000633
22 0.245881 39 0.000650
23 0.255709 50 0.000833
24 0.265537 50 0.000833
25 0.275365 72 0.001200
26 0.285194 90 0.001500
27 0.295022 79 0.001317
28 0.304850 79 0.001317
29 0.314678 148 0.002467
30 0.324506 191 0.003183
31 0.334335 223 0.003717
32 0.344163 232 0.003867
33 0.353991 143 0.002383
34 0.363819 141 0.002350
35 0.373648 151 0.002517
36 0.383476 195 0.003250
37 0.393304 198 0.003300
38 0.403132 188 0.003133
39 0.412961 233 0.003883
40 0.422789 302 0.005033
41 0.432617 349 0.005817
42 0.442445 411 0.006850
43 0.452274 605 0.010083
44 0.462102 994 0.016567
45 0.471930 1415 0.023583
46 0.481758 2737 0.045617
47 0.491587 7599 0.126650
48 0.501415 12606 0.210100
49 0.511243 4398 0.073300
50 0.521071 1970 0.032833
51 0.530900 1193 0.019883
52 0.540728 1027 0.017117
53 0.550556 910 0.015167
54 0.560384 913 0.015217
55 0.570213 928 0.015467
56 0.580041 1751 0.029183
57 0.589869 2770 0.046167
58 0.599697 2311 0.038517
59 0.609526 1287 0.021450
60 0.619354 1086 0.018100
61 0.629182 729 0.012150
62 0.639010 523 0.008717
63 0.648838 470 0.007833
64 0.658667 354 0.005900
65 0.668495 326 0.005433
66 0.678323 293 0.004883
67 0.688151 263 0.004383
68 0.697980 196 0.003267
69 0.707808 182 0.003033
70 0.717636 225 0.003750
71 0.727464 157 0.002617
72 0.737293 172 0.002867
73 0.747121 184 0.003067
74 0.756949 212 0.003533
75 0.766777 186 0.003100
76 0.776606 225 0.003750
77 0.786434 200 0.003333
78 0.796262 189 0.003150
79 0.806090 162 0.002700
80 0.815919 198 0.003300
81 0.825747 236 0.003933
82 0.835575 244 0.004067
83 0.845403 273 0.004550
84 0.855232 338 0.005633
85 0.865060 324 0.005400
86 0.874888 480 0.008000
87 0.884716 359 0.005983
88 0.894545 242 0.004033
89 0.904373 242 0.004033
90 0.914201 295 0.004917
91 0.924029 283 0.004717
92 0.933858 265 0.004417
93 0.943686 206 0.003433
94 0.953514 121 0.002017
95 0.963342 64 0.001067
96 0.973171 52 0.000867
97 0.982999 31 0.000517
98 0.992827 11 0.000183
99 1.002655 1 0.000017
