0 0.005290 1 0.000050
1 0.015337 0 0.000000
2 0.025385 0 0.000000
3 0.035432 0 0.000000
4 0.045480 0 0.000000
5 0.055528 0 0.000000
6 0.065575 0 0.000000
7 0.075623 0 0.000000
8 0.085670 2 0.000100
9 0.095718 0 0.000000
10 0.105766 0 0.000000
11 0.115813 2 0.000100
12 0.125861 7 0.000350
13 0.135908 0 0.000000
14 0.145956 0 0.000000
15 0.156003 1 0.000050
16 0.166051 0 0.000000
17 0.176099 0 0.000000
18 0.186146 0 0.000000
19 0.196194 2 0.000100
20 0.206241 2 0.000100
21 0.216289 4 0.000200
22 0.226336 3 0.000150
23 0.236384 1 0.000050
24 0.246432 0 0.000000
25 0.256479 1 0.000050
26 0.266527 0 0.000000
27 0.276574 0 0.000000
28 0.286622 4 0.000200
29 0.296670 13 0.000650
30 0.306717 32 0.001600
31 0.316765 67 0.003350
32 0.326812 100 0.005000
33 0.336860 60 0.003000
34 0.346907 83 0.004150
35 0.356955 173 0.008650
36 0.367003 315 0.015750
37 0.377050 253 0.012650
38 0.387098 226 0.011300
39 0.397145 220 0.011000
40 0.407193 342 0.017100
41 0.417240 566 0.028300
42 0.427288 1015 0.050750
43 0.437336 439 0.021950
44 0.447383 427 0.021350
45 0.457431 650 0.032500
46 0.467478 985 0.049250
47 0.477526 660 0.033000
48 0.487574 776 0.038800
49 0.497621 4671 0.233550
50 0.507669 908 0.045400
51 0.517716 876 0.043800
52 0.527764 1294 0.064700
53 0.537811 575 0.028750
54 0.547859 513 0.025650
55 0.557907 575 0.028750
56 0.567954 782 0.039100
57 0.578002 413 0.020650
58 0.588049 281 0.014050
59 0.598097 247 0.012350
60 0.608144 255 0.012750
61 0.618192 315 0.015750
62 0.628240 350 0.017500
63 0.638287 94 0.004700
64 0.648335 86 0.004300
65 0.658382 94 0.004700
66 0.668430 122 0.006100
67 0.678478 43 0.002150
68 0.688525 18 0.000900
69 0.698573 28 0.001400
70 0.708620 9 0.000450
71 0.718668 0 0.000000
72 0.728715 2 0.000100
73 0.738763 1 0.000050
74 0.748811 0 0.000000
75 0.758858 0 0.000000
76 0.768906 3 0.000150
77 0.778953 5 0.000250
78 0.789001 3 0.000150
79 0.799048 3 0.000150
80 0.809096 0 0.000000
81 0.819144 0 0.000000
82 0.829191 0 0.000000
83 0.839239 0 0.000000
84 0.849286 0 0.000000
85 0.859334 0 0.000000
86 0.869382 0 0.000000
87 0.879429 0 0.000000
88 0.889477 0 0.000000
89 0.899524 1 0.000050
90 0.909572 0 0.000000
91 0.919619 0 0.000000
92 0.929667 0 0.000000
93 0.939715 0 0.000000
94 0.949762 0 0.000000
95 0.959810 0 0.000000
96 0.969857 0 0.000000
97 0.979905 0 0.000000
98 0.989952 0 0.000000
99 1.000000 1 0.000050
