0 -0.347097 4 0.000200
1 -0.339943 0 0.000000
2 -0.332790 1 0.000050
3 -0.325636 3 0.000150
4 -0.318482 1 0.000050
5 -0.311329 1 0.000050
6 -0.304175 1 0.000050
7 -0.297021 2 0.000100
8 -0.289868 0 0.000000
9 -0.282714 2 0.000100
10 -0.275560 2 0.000100
11 -0.268406 3 0.000150
12 -0.261253 1 0.000050
13 -0.254099 6 0.000300
14 -0.246945 5 0.000250
15 -0.239792 5 0.000250
16 -0.232638 4 0.000200
17 -0.225484 8 0.000400
18 -0.218330 6 0.000300
19 -0.211177 8 0.000400
20 -0.204023 6 0.000300
21 -0.196869 17 0.000850
22 -0.189716 12 0.000600
23 -0.182562 9 0.000450
24 -0.175408 6 0.000300
25 -0.168254 16 0.000800
26 -0.161101 11 0.000550
27 -0.153947 20 0.001000
28 -0.146793 31 0.001550
29 -0.139640 33 0.001650
30 -0.132486 50 0.002500
31 -0.125332 48 0.002400
32 -0.118178 42 0.002100
33 -0.111025 64 0.003200
34 -0.103871 77 0.003850
35 -0.096717 90 0.004500
36 -0.089564 82 0.004100
37 -0.082410 101 0.005050
38 -0.075256 103 0.005150
39 -0.068103 128 0.006400
40 -0.060949 173 0.008650
41 -0.053795 238 0.011900
42 -0.046641 274 0.013700
43 -0.039488 375 0.018750
44 -0.032334 592 0.029600
45 -0.025180 1318 0.065900
46 -0.018027 3706 0.185300
47 -0.010873 5644 0.282200
48 -0.003719 3086 0.154300
49 0.003435 1145 0.057250
50 0.010588 448 0.022400
51 0.017742 359 0.017950
52 0.024896 299 0.014950
53 0.032049 195 0.009750
54 0.039203 186 0.009300
55 0.046357 228 0.011400
56 0.053511 110 0.005500
57 0.060664 81 0.004050
58 0.067818 72 0.003600
59 0.074972 63 0.003150
60 0.082125 48 0.002400
61 0.089279 47 0.002350
62 0.096433 38 0.001900
63 0.103587 38 0.001900
64 0.110740 22 0.001100
65 0.117894 23 0.001150
66 0.125048 25 0.001250
67 0.132201 14 0.000700
68 0.139355 12 0.000600
69 0.146509 15 0.000750
70 0.153663 9 0.000450
71 0.160816 10 0.000500
72 0.167970 9 0.000450
73 0.175124 11 0.000550
74 0.182277 14 0.000700
75 0.189431 5 0.000250
76 0.196585 9 0.000450
77 0.203738 5 0.000250
78 0.210892 6 0.000300
79 0.218046 3 0.000150
80 0.225200 1 0.000050
81 0.232353 3 0.000150
82 0.239507 2 0.000100
83 0.246661 2 0.000100
84 0.253814 2 0.000100
85 0.260968 2 0.000100
86 0.268122 5 0.000250
87 0.275276 3 0.000150
88 0.282429 4 0.000200
89 0.289583 2 0.000100
90 0.296737 1 0.000050
91 0.303890 2 0.000100
92 0.311044 2 0.000100
93 0.318198 0 0.000000
94 0.325352 1 0.000050
95 0.332505 0 0.000000
96 0.339659 0 0.000000
97 0.346813 0 0.000000
98 0.353966 3 0.000150
99 0.361120 1 0.000050
