0 -0.361038 1 0.000050
1 -0.354494 1 0.000050
2 -0.347950 0 0.000000
3 -0.341406 2 0.000100
4 -0.334861 2 0.000100
5 -0.328317 0 0.000000
6 -0.321773 1 0.000050
7 -0.315228 0 0.000000
8 -0.308684 2 0.000100
9 -0.302140 3 0.000150
10 -0.295596 2 0.000100
11 -0.289051 1 0.000050
12 -0.282507 4 0.000200
13 -0.275963 2 0.000100
14 -0.269418 3 0.000150
15 -0.262874 0 0.000000
16 -0.256330 0 0.000000
17 -0.249786 2 0.000100
18 -0.243241 1 0.000050
19 -0.236697 0 0.000000
20 -0.230153 4 0.000200
21 -0.223608 9 0.000450
22 -0.217064 3 0.000150
23 -0.210520 6 0.000300
24 -0.203975 7 0.000350
25 -0.197431 9 0.000450
26 -0.190887 14 0.000700
27 -0.184343 10 0.000500
28 -0.177798 9 0.000450
29 -0.171254 12 0.000600
30 -0.164710 12 0.000600
31 -0.158165 17 0.000850
32 -0.151621 13 0.000650
33 -0.145077 27 0.001350
34 -0.138533 20 0.001000
35 -0.131988 22 0.001100
36 -0.125444 42 0.002100
37 -0.118900 46 0.002300
38 -0.112355 65 0.003250
39 -0.105811 101 0.005050
40 -0.099267 177 0.008850
41 -0.092723 142 0.007100
42 -0.086178 163 0.008150
43 -0.079634 193 0.009650
44 -0.073090 220 0.011000
45 -0.066545 190 0.009500
46 -0.060001 184 0.009200
47 -0.053457 248 0.012400
48 -0.046912 249 0.012450
49 -0.040368 364 0.018200
50 -0.033824 427 0.021350
51 -0.027280 831 0.041550
52 -0.020735 2167 0.108350
53 -0.014191 4470 0.223500
54 -0.007647 4154 0.207700
55 -0.001102 1842 0.092100
56 0.005442 896 0.044800
57 0.011986 416 0.020800
58 0.018530 262 0.013100
59 0.025075 220 0.011000
60 0.031619 231 0.011550
61 0.038163 154 0.007700
62 0.044708 142 0.007100
63 0.051252 134 0.006700
64 0.057796 119 0.005950
65 0.064340 123 0.006150
66 0.070885 99 0.004950
67 0.077429 85 0.004250
68 0.083973 69 0.003450
69 0.090518 57 0.002850
70 0.097062 75 0.003750
71 0.103606 56 0.002800
72 0.110151 65 0.003250
73 0.116695 49 0.002450
74 0.123239 29 0.001450
75 0.129783 40 0.002000
76 0.136328 25 0.001250
77 0.142872 19 0.000950
78 0.149416 24 0.001200
79 0.155961 7 0.000350
80 0.162505 18 0.000900
81 0.169049 10 0.000500
82 0.175593 9 0.000450
83 0.182138 12 0.000600
84 0.188682 2 0.000100
85 0.195226 5 0.000250
86 0.201771 8 0.000400
87 0.208315 6 0.000300
88 0.214859 10 0.000500
89 0.221403 7 0.000350
90 0.227948 4 0.000200
91 0.234492 3 0.000150
92 0.241036 2 0.000100
93 0.247581 3 0.000150
94 0.254125 3 0.000150
95 0.260669 1 0.000050
96 0.267213 2 0.000100
97 0.273758 1 0.000050
98 0.280302 2 0.000100
99 0.286846 0 0.000000
