0 -0.446849 1 0.000017
1 -0.437198 0 0.000000
2 -0.427546 0 0.000000
3 -0.417895 0 0.000000
4 -0.408244 0 0.000000
5 -0.398592 0 0.000000
6 -0.388941 0 0.000000
7 -0.379290 1 0.000017
8 -0.369639 2 0.000033
9 -0.359987 2 0.000033
10 -0.350336 3 0.000050
11 -0.340685 4 0.000067
12 -0.331034 4 0.000067
13 -0.321382 4 0.000067
14 -0.311731 6 0.000100
15 -0.302080 7 0.000117
16 -0.292429 4 0.000067
17 -0.282777 11 0.000183
18 -0.273126 14 0.000233
19 -0.263475 6 0.000100
20 -0.253824 9 0.000150
21 -0.244172 11 0.000183
22 -0.234521 9 0.000150
23 -0.224870 27 0.000450
24 -0.215219 25 0.000417
25 -0.205567 38 0.000633
26 -0.195916 65 0.001083
27 -0.186265 124 0.002067
28 -0.176613 103 0.001717
29 -0.166962 117 0.001950
30 -0.157311 211 0.003517
31 -0.147660 272 0.004533
32 -0.138008 384 0.006400
33 -0.128357 341 0.005683
34 -0.118706 345 0.005750
35 -0.109055 433 0.007217
36 -0.099403 657 0.010950
37 -0.089752 1283 0.021383
38 -0.080101 1246 0.020767
39 -0.070450 924 0.015400
40 -0.060798 1016 0.016933
41 -0.051147 1443 0.024050
42 -0.041496 1811 0.030183
43 -0.031845 2603 0.043383
44 -0.022193 8017 0.133617
45 -0.012542 17355 0.289250
46 -0.002891 7655 0.127583
47 0.006761 2722 0.045367
48 0.016412 2284 0.038067
49 0.026063 1406 0.023433
50 0.035714 958 0.015967
51 0.045366 987 0.016450
52 0.055017 1015 0.016917
53 0.064668 786 0.013100
54 0.074319 525 0.008750
55 0.083971 340 0.005667
56 0.093622 357 0.005950
57 0.103273 345 0.005750
58 0.112924 577 0.009617
59 0.122576 288 0.004800
60 0.132227 152 0.002533
61 0.141878 160 0.002667
62 0.151529 125 0.002083
63 0.161181 115 0.001917
64 0.170832 59 0.000983
65 0.180483 35 0.000583
66 0.190134 32 0.000533
67 0.199786 22 0.000367
68 0.209437 25 0.000417
69 0.219088 20 0.000333
70 0.228740 9 0.000150
71 0.238391 7 0.000117
72 0.248042 8 0.000133
73 0.257693 8 0.000133
74 0.267345 8 0.000133
75 0.276996 9 0.000150
76 0.286647 4 0.000067
77 0.296298 7 0.000117
78 0.305950 4 0.000067
79 0.315601 1 0.000017
80 0.325252 1 0.000017
81 0.334903 0 0.000000
82 0.344555 0 0.000000
83 0.354206 4 0.000067
84 0.363857 0 0.000000
85 0.373508 0 0.000000
86 0.383160 1 0.000017
87 0.392811 0 0.000000
88 0.402462 0 0.000000
89 0.412113 0 0.000000
90 0.421765 0 0.000000
91 0.431416 0 0.000000
92 0.441067 0 0.000000
93 0.450719 0 0.000000
94 0.460370 0 0.000000
95 0.470021 0 0.000000
96 0.479672 0 0.000000
97 0.489324 0 0.000000
98 0.498975 0 0.000000
99 0.508626 1 0.000017
