0 0.000000 46853 0.780883
1 0.002613 4210 0.070167
2 0.005226 3069 0.051150
3 0.007839 1375 0.022917
4 0.010453 937 0.015617
5 0.013066 974 0.016233
6 0.015679 622 0.010367
7 0.018292 463 0.007717
8 0.020905 348 0.005800
9 0.023518 222 0.003700
10 0.026131 199 0.003317
11 0.028745 134 0.002233
12 0.031358 128 0.002133
13 0.033971 84 0.001400
14 0.036584 58 0.000967
15 0.039197 39 0.000650
16 0.041810 40 0.000667
17 0.044423 33 0.000550
18 0.047036 29 0.000483
19 0.049650 17 0.000283
20 0.052263 9 0.000150
21 0.054876 13 0.000217
22 0.057489 9 0.000150
23 0.060102 11 0.000183
24 0.062715 5 0.000083
25 0.065328 9 0.000150
26 0.067942 8 0.000133
27 0.070555 10 0.000167
28 0.073168 12 0.000200
29 0.075781 4 0.000067
30 0.078394 13 0.000217
31 0.081007 6 0.000100
32 0.083620 4 0.000067
33 0.086234 4 0.000067
34 0.088847 8 0.000133
35 0.091460 6 0.000100
36 0.094073 2 0.000033
37 0.096686 5 0.000083
38 0.099299 0 0.000000
39 0.101912 4 0.000067
40 0.104525 3 0.000050
41 0.107139 3 0.000050
42 0.109752 0 0.000000
43 0.112365 2 0.000033
44 0.114978 1 0.000017
45 0.117591 2 0.000033
46 0.120204 1 0.000017
47 0.122817 1 0.000017
48 0.125431 0 0.000000
49 0.128044 6 0.000100
50 0.130657 1 0.000017
51 0.133270 0 0.000000
52 0.135883 0 0.000000
53 0.138496 1 0.000017
54 0.141109 0 0.000000
55 0.143723 0 0.000000
56 0.146336 1 0.000017
57 0.148949 0 0.000000
58 0.151562 0 0.000000
59 0.154175 0 0.000000
60 0.156788 0 0.000000
61 0.159401 0 0.000000
62 0.162014 0 0.000000
63 0.164628 0 0.000000
64 0.167241 0 0.000000
65 0.169854 0 0.000000
66 0.172467 0 0.000000
67 0.175080 0 0.000000
68 0.177693 0 0.000000
69 0.180306 0 0.000000
70 0.182920 0 0.000000
71 0.185533 0 0.000000
72 0.188146 0 0.000000
73 0.190759 0 0.000000
74 0.193372 0 0.000000
75 0.195985 0 0.000000
76 0.198598 1 0.000017
77 0.201212 0 0.000000
78 0.203825 0 0.000000
79 0.206438 0 0.000000
80 0.209051 0 0.000000
81 0.211664 0 0.000000
82 0.214277 0 0.000000
83 0.216890 0 0.000000
84 0.219503 0 0.000000
85 0.222117 0 0.000000
86 0.224730 0 0.000000
87 0.227343 0 0.000000
88 0.229956 0 0.000000
89 0.232569 0 0.000000
90 0.235182 0 0.000000
91 0.237795 0 0.000000
92 0.240409 0 0.000000
93 0.243022 0 0.000000
94 0.245635 0 0.000000
95 0.248248 0 0.000000
96 0.250861 0 0.000000
97 0.253474 0 0.000000
98 0.256087 0 0.000000
99 0.258701 1 0.000017
