0 -0.446849 1 0.000050
1 -0.437198 0 0.000000
2 -0.427546 0 0.000000
3 -0.417895 0 0.000000
4 -0.408244 0 0.000000
5 -0.398592 0 0.000000
6 -0.388941 0 0.000000
7 -0.379290 1 0.000050
8 -0.369639 1 0.000050
9 -0.359987 1 0.000050
10 -0.350336 0 0.000000
11 -0.340685 0 0.000000
12 -0.331034 1 0.000050
13 -0.321382 0 0.000000
14 -0.311731 2 0.000100
15 -0.302080 1 0.000050
16 -0.292429 2 0.000100
17 -0.282777 5 0.000250
18 -0.273126 5 0.000250
19 -0.263475 3 0.000150
20 -0.253824 1 0.000050
21 -0.244172 2 0.000100
22 -0.234521 0 0.000000
23 -0.224870 6 0.000300
24 -0.215219 11 0.000550
25 -0.205567 15 0.000750
26 -0.195916 30 0.001500
27 -0.186265 92 0.004600
28 -0.176613 80 0.004000
29 -0.166962 78 0.003900
30 -0.157311 167 0.008350
31 -0.147660 199 0.009950
32 -0.138008 309 0.015450
33 -0.128357 210 0.010500
34 -0.118706 205 0.010250
35 -0.109055 195 0.009750
36 -0.099403 306 0.015300
37 -0.089752 937 0.046850
38 -0.080101 811 0.040550
39 -0.070450 463 0.023150
40 -0.060798 487 0.024350
41 -0.051147 714 0.035700
42 -0.041496 801 0.040050
43 -0.031845 763 0.038150
44 -0.022193 1027 0.051350
45 -0.012542 3333 0.166650
46 -0.002891 1471 0.073550
47 0.006761 958 0.047900
48 0.016412 1380 0.069000
49 0.026063 722 0.036100
50 0.035714 457 0.022850
51 0.045366 495 0.024750
52 0.055017 712 0.035600
53 0.064668 516 0.025800
54 0.074319 304 0.015200
55 0.083971 196 0.009800
56 0.093622 186 0.009300
57 0.103273 208 0.010400
58 0.112924 474 0.023700
59 0.122576 208 0.010400
60 0.132227 86 0.004300
61 0.141878 107 0.005350
62 0.151529 93 0.004650
63 0.161181 80 0.004000
64 0.170832 29 0.001450
65 0.180483 4 0.000200
66 0.190134 15 0.000750
67 0.199786 6 0.000300
68 0.209437 7 0.000350
69 0.219088 5 0.000250
70 0.228740 0 0.000000
71 0.238391 2 0.000100
72 0.248042 0 0.000000
73 0.257693 3 0.000150
74 0.267345 0 0.000000
75 0.276996 1 0.000050
76 0.286647 1 0.000050
77 0.296298 4 0.000200
78 0.305950 2 0.000100
79 0.315601 1 0.000050
80 0.325252 0 0.000000
81 0.334903 0 0.000000
82 0.344555 0 0.000000
83 0.354206 0 0.000000
84 0.363857 0 0.000000
85 0.373508 0 0.000000
86 0.383160 1 0.000050
87 0.392811 0 0.000000
88 0.402462 0 0.000000
89 0.412113 0 0.000000
90 0.421765 0 0.000000
91 0.431416 0 0.000000
92 0.441067 0 0.000000
93 0.450719 0 0.000000
94 0.460370 0 0.000000
95 0.470021 0 0.000000
96 0.479672 0 0.000000
97 0.489324 0 0.000000
98 0.498975 0 0.000000
99 0.508626 1 0.000050
