0 0.106990 1 0.000050
1 0.116011 0 0.000000
2 0.125031 1 0.000050
3 0.134051 1 0.000050
4 0.143072 0 0.000000
5 0.152092 1 0.000050
6 0.161112 0 0.000000
7 0.170133 0 0.000000
8 0.179153 0 0.000000
9 0.188173 1 0.000050
10 0.197193 0 0.000000
11 0.206214 3 0.000150
12 0.215234 5 0.000250
13 0.224254 8 0.000400
14 0.233275 2 0.000100
15 0.242295 1 0.000050
16 0.251315 1 0.000050
17 0.260336 1 0.000050
18 0.269356 0 0.000000
19 0.278376 1 0.000050
20 0.287396 2 0.000100
21 0.296417 8 0.000400
22 0.305437 29 0.001450
23 0.314457 48 0.002400
24 0.323478 71 0.003550
25 0.332498 72 0.003600
26 0.341518 60 0.003000
27 0.350539 106 0.005300
28 0.359559 157 0.007850
29 0.368579 329 0.016450
30 0.377599 213 0.010650
31 0.386620 200 0.010000
32 0.395640 213 0.010650
33 0.404660 295 0.014750
34 0.413681 416 0.020800
35 0.422701 937 0.046850
36 0.431721 680 0.034000
37 0.440742 371 0.018550
38 0.449762 486 0.024300
39 0.458782 591 0.029550
40 0.467802 947 0.047350
41 0.476823 621 0.031050
42 0.485843 694 0.034700
43 0.494863 3825 0.191250
44 0.503884 1019 0.050950
45 0.512904 735 0.036750
46 0.521924 1084 0.054200
47 0.530945 967 0.048350
48 0.539965 518 0.025900
49 0.548985 492 0.024600
50 0.558005 499 0.024950
51 0.567026 790 0.039500
52 0.576046 415 0.020750
53 0.585066 289 0.014450
54 0.594087 217 0.010850
55 0.603107 252 0.012600
56 0.612127 203 0.010150
57 0.621148 396 0.019800
58 0.630168 225 0.011250
59 0.639188 88 0.004400
60 0.648208 66 0.003300
61 0.657229 101 0.005050
62 0.666249 74 0.003700
63 0.675269 79 0.003950
64 0.684290 27 0.001350
65 0.693310 21 0.001050
66 0.702330 22 0.001100
67 0.711350 6 0.000300
68 0.720371 0 0.000000
69 0.729391 1 0.000050
70 0.738411 0 0.000000
71 0.747432 1 0.000050
72 0.756452 0 0.000000
73 0.765472 0 0.000000
74 0.774493 0 0.000000
75 0.783513 0 0.000000
76 0.792533 9 0.000450
77 0.801553 2 0.000100
78 0.810574 1 0.000050
79 0.819594 0 0.000000
80 0.828614 0 0.000000
81 0.837635 0 0.000000
82 0.846655 0 0.000000
83 0.855675 0 0.000000
84 0.864696 0 0.000000
85 0.873716 1 0.000050
86 0.882736 1 0.000050
87 0.891756 0 0.000000
88 0.900777 0 0.000000
89 0.909797 0 0.000000
90 0.918817 0 0.000000
91 0.927838 0 0.000000
92 0.936858 0 0.000000
93 0.945878 0 0.000000
94 0.954899 0 0.000000
95 0.963919 0 0.000000
96 0.972939 0 0.000000
97 0.981959 0 0.000000
98 0.990980 0 0.000000
99 1.000000 1 0.000050
