0 0.013721 3 0.000150
1 0.023474 5 0.000250
2 0.033227 4 0.000200
3 0.042979 10 0.000500
4 0.052732 5 0.000250
5 0.062484 9 0.000450
6 0.072237 9 0.000450
7 0.081989 9 0.000450
8 0.091742 8 0.000400
9 0.101494 6 0.000300
10 0.111247 8 0.000400
11 0.120999 5 0.000250
12 0.130752 10 0.000500
13 0.140505 3 0.000150
14 0.150257 10 0.000500
15 0.160010 9 0.000450
16 0.169762 15 0.000750
17 0.179515 14 0.000700
18 0.189267 20 0.001000
19 0.199020 16 0.000800
20 0.208772 39 0.001950
21 0.218525 29 0.001450
22 0.228277 32 0.001600
23 0.238030 27 0.001350
24 0.247783 24 0.001200
25 0.257535 32 0.001600
26 0.267288 41 0.002050
27 0.277040 54 0.002700
28 0.286793 41 0.002050
29 0.296545 49 0.002450
30 0.306298 66 0.003300
31 0.316050 65 0.003250
32 0.325803 89 0.004450
33 0.335555 101 0.005050
34 0.345308 87 0.004350
35 0.355061 101 0.005050
36 0.364813 126 0.006300
37 0.374566 116 0.005800
38 0.384318 142 0.007100
39 0.394071 190 0.009500
40 0.403823 230 0.011500
41 0.413576 234 0.011700
42 0.423328 293 0.014650
43 0.433081 355 0.017750
44 0.442833 413 0.020650
45 0.452586 585 0.029250
46 0.462339 752 0.037600
47 0.472091 1063 0.053150
48 0.481844 1867 0.093350
49 0.491596 3283 0.164150
50 0.501349 2751 0.137550
51 0.511101 1533 0.076650
52 0.520854 908 0.045400
53 0.530606 628 0.031400
54 0.540359 493 0.024650
55 0.550111 351 0.017550
56 0.559864 355 0.017750
57 0.569617 302 0.015100
58 0.579369 283 0.014150
59 0.589122 154 0.007700
60 0.598874 193 0.009650
61 0.608627 146 0.007300
62 0.618379 135 0.006750
63 0.628132 121 0.006050
64 0.637884 86 0.004300
65 0.647637 97 0.004850
66 0.657389 75 0.003750
67 0.667142 70 0.003500
68 0.676895 68 0.003400
69 0.686647 61 0.003050
70 0.696400 51 0.002550
71 0.706152 34 0.001700
72 0.715905 33 0.001650
73 0.725657 31 0.001550
74 0.735410 26 0.001300
75 0.745162 27 0.001350
76 0.754915 20 0.001000
77 0.764667 29 0.001450
78 0.774420 28 0.001400
79 0.784173 13 0.000650
80 0.793925 17 0.000850
81 0.803678 18 0.000900
82 0.813430 18 0.000900
83 0.823183 20 0.001000
84 0.832935 14 0.000700
85 0.842688 14 0.000700
86 0.852440 13 0.000650
87 0.862193 9 0.000450
88 0.871945 5 0.000250
89 0.881698 8 0.000400
90 0.891451 7 0.000350
91 0.901203 5 0.000250
92 0.910956 7 0.000350
93 0.920708 8 0.000400
94 0.930461 9 0.000450
95 0.940213 9 0.000450
96 0.949966 1 0.000050
97 0.959718 5 0.000250
98 0.969471 6 0.000300
99 0.979223 1 0.000050
