0 0.454209 1 0.000050
1 0.455557 0 0.000000
2 0.456905 6 0.000300
3 0.458253 0 0.000000
4 0.459601 0 0.000000
5 0.460949 0 0.000000
6 0.462297 2 0.000100
7 0.463645 20 0.001000
8 0.464993 0 0.000000
9 0.466341 14 0.000700
10 0.467689 0 0.000000
11 0.469036 0 0.000000
12 0.470384 9 0.000450
13 0.471732 19 0.000950
14 0.473080 51 0.002550
15 0.474428 6 0.000300
16 0.475776 9 0.000450
17 0.477124 58 0.002900
18 0.478472 6 0.000300
19 0.479820 17 0.000850
20 0.481168 47 0.002350
21 0.482516 128 0.006400
22 0.483864 46 0.002300
23 0.485212 67 0.003350
24 0.486560 28 0.001400
25 0.487908 60 0.003000
26 0.489256 56 0.002800
27 0.490604 149 0.007450
28 0.491952 155 0.007750
29 0.493299 63 0.003150
30 0.494647 144 0.007200
31 0.495995 115 0.005750
32 0.497343 240 0.012000
33 0.498691 297 0.014850
34 0.500039 685 0.034250
35 0.501387 522 0.026100
36 0.502735 988 0.049400
37 0.504083 1056 0.052800
38 0.505431 777 0.038850
39 0.506779 1909 0.095450
40 0.508127 1630 0.081500
41 0.509475 2725 0.136250
42 0.510823 2014 0.100700
43 0.512171 1924 0.096200
44 0.513519 772 0.038600
45 0.514867 535 0.026750
46 0.516215 507 0.025350
47 0.517563 343 0.017150
48 0.518910 210 0.010500
49 0.520258 97 0.004850
50 0.521606 157 0.007850
51 0.522954 64 0.003200
52 0.524302 104 0.005200
53 0.525650 81 0.004050
54 0.526998 75 0.003750
55 0.528346 67 0.003350
56 0.529694 82 0.004100
57 0.531042 67 0.003350
58 0.532390 48 0.002400
59 0.533738 80 0.004000
60 0.535086 53 0.002650
61 0.536434 36 0.001800
62 0.537782 32 0.001600
63 0.539130 55 0.002750
64 0.540478 10 0.000500
65 0.541826 47 0.002350
66 0.543173 15 0.000750
67 0.544521 17 0.000850
68 0.545869 18 0.000900
69 0.547217 39 0.001950
70 0.548565 8 0.000400
71 0.549913 13 0.000650
72 0.551261 35 0.001750
73 0.552609 76 0.003800
74 0.553957 19 0.000950
75 0.555305 2 0.000100
76 0.556653 41 0.002050
77 0.558001 10 0.000500
78 0.559349 11 0.000550
79 0.560697 1 0.000050
80 0.562045 27 0.001350
81 0.563393 11 0.000550
82 0.564741 7 0.000350
83 0.566089 8 0.000400
84 0.567436 18 0.000900
85 0.568784 0 0.000000
86 0.570132 4 0.000200
87 0.571480 14 0.000700
88 0.572828 3 0.000150
89 0.574176 7 0.000350
90 0.575524 0 0.000000
91 0.576872 7 0.000350
92 0.578220 1 0.000050
93 0.579568 0 0.000000
94 0.580916 1 0.000050
95 0.582264 3 0.000150
96 0.583612 4 0.000200
97 0.584960 11 0.000550
98 0.586308 3 0.000150
99 0.587656 1 0.000050
