0 0.012905 4 0.000200
1 0.022875 5 0.000250
2 0.032844 2 0.000100
3 0.042814 4 0.000200
4 0.052784 3 0.000150
5 0.062753 3 0.000150
6 0.072723 4 0.000200
7 0.082692 4 0.000200
8 0.092662 3 0.000150
9 0.102632 4 0.000200
10 0.112601 2 0.000100
11 0.122571 2 0.000100
12 0.132540 6 0.000300
13 0.142510 1 0.000050
14 0.152479 2 0.000100
15 0.162449 5 0.000250
16 0.172419 2 0.000100
17 0.182388 3 0.000150
18 0.192358 4 0.000200
19 0.202327 9 0.000450
20 0.212297 9 0.000450
21 0.222266 9 0.000450
22 0.232236 10 0.000500
23 0.242206 19 0.000950
24 0.252175 24 0.001200
25 0.262145 31 0.001550
26 0.272114 40 0.002000
27 0.282084 40 0.002000
28 0.292053 18 0.000900
29 0.302023 40 0.002000
30 0.311993 118 0.005900
31 0.321962 126 0.006300
32 0.331932 183 0.009150
33 0.341901 95 0.004750
34 0.351871 27 0.001350
35 0.361840 18 0.000900
36 0.371810 21 0.001050
37 0.381780 16 0.000800
38 0.391749 13 0.000650
39 0.401719 14 0.000700
40 0.411688 36 0.001800
41 0.421658 26 0.001300
42 0.431628 19 0.000950
43 0.441597 28 0.001400
44 0.451567 50 0.002500
45 0.461536 44 0.002200
46 0.471506 79 0.003950
47 0.481475 87 0.004350
48 0.491445 127 0.006350
49 0.501415 114 0.005700
50 0.511384 141 0.007050
51 0.521354 164 0.008200
52 0.531323 223 0.011150
53 0.541293 291 0.014550
54 0.551262 400 0.020000
55 0.561232 556 0.027800
56 0.571202 1104 0.055200
57 0.581171 2213 0.110650
58 0.591141 2886 0.144300
59 0.601110 1532 0.076600
60 0.611080 897 0.044850
61 0.621049 741 0.037050
62 0.631019 443 0.022150
63 0.640989 341 0.017050
64 0.650958 264 0.013200
65 0.660928 209 0.010450
66 0.670897 208 0.010400
67 0.680867 212 0.010600
68 0.690836 172 0.008600
69 0.700806 175 0.008750
70 0.710776 120 0.006000
71 0.720745 134 0.006700
72 0.730715 148 0.007400
73 0.740684 157 0.007850
74 0.750654 161 0.008050
75 0.760624 166 0.008300
76 0.770593 176 0.008800
77 0.780563 181 0.009050
78 0.790532 162 0.008100
79 0.800502 141 0.007050
80 0.810471 160 0.008000
81 0.820441 188 0.009400
82 0.830411 186 0.009300
83 0.840380 221 0.011050
84 0.850350 285 0.014250
85 0.860319 472 0.023600
86 0.870289 333 0.016650
87 0.880258 390 0.019500
88 0.890228 260 0.013000
89 0.900198 228 0.011400
90 0.910167 251 0.012550
91 0.920137 298 0.014900
92 0.930106 189 0.009450
93 0.940076 132 0.006600
94 0.950045 47 0.002350
95 0.960015 27 0.001350
96 0.969985 35 0.001750
97 0.979954 17 0.000850
98 0.989924 9 0.000450
99 0.999893 1 0.000050
