0 0.012905 7 0.000117
1 0.022876 10 0.000167
2 0.032847 6 0.000100
3 0.042817 14 0.000233
4 0.052788 8 0.000133
5 0.062759 12 0.000200
6 0.072729 13 0.000217
7 0.082700 14 0.000233
8 0.092671 11 0.000183
9 0.102641 13 0.000217
10 0.112612 8 0.000133
11 0.122583 10 0.000167
12 0.132553 14 0.000233
13 0.142524 5 0.000083
14 0.152494 15 0.000250
15 0.162465 15 0.000250
16 0.172436 20 0.000333
17 0.182406 15 0.000250
18 0.192377 23 0.000383
19 0.202348 44 0.000733
20 0.212318 44 0.000733
21 0.222289 49 0.000817
22 0.232260 41 0.000683
23 0.242230 46 0.000767
24 0.252201 55 0.000917
25 0.262172 71 0.001183
26 0.272142 81 0.001350
27 0.282113 93 0.001550
28 0.292084 74 0.001233
29 0.302054 128 0.002133
30 0.312025 223 0.003717
31 0.321996 284 0.004733
32 0.331966 368 0.006133
33 0.341937 254 0.004233
34 0.351908 269 0.004483
35 0.361878 317 0.005283
36 0.371849 514 0.008567
37 0.381820 383 0.006383
38 0.391790 388 0.006467
39 0.401761 565 0.009417
40 0.411731 708 0.011800
41 0.421702 1304 0.021733
42 0.431673 1088 0.018133
43 0.441643 881 0.014683
44 0.451614 1182 0.019700
45 0.461585 1586 0.026433
46 0.471555 2034 0.033900
47 0.481526 2704 0.045067
48 0.491497 4398 0.073300
49 0.501467 6942 0.115700
50 0.511438 2499 0.041650
51 0.521409 2253 0.037550
52 0.531379 1856 0.030933
53 0.541350 1336 0.022267
54 0.551321 1319 0.021983
55 0.561291 1538 0.025633
56 0.571262 2143 0.035717
57 0.581233 2815 0.046917
58 0.591203 3320 0.055333
59 0.601174 1975 0.032917
60 0.611145 1265 0.021083
61 0.621115 1336 0.022267
62 0.631086 743 0.012383
63 0.641056 529 0.008817
64 0.651027 452 0.007533
65 0.660998 355 0.005917
66 0.670968 390 0.006500
67 0.680939 314 0.005233
68 0.690910 251 0.004183
69 0.700880 246 0.004100
70 0.710851 161 0.002683
71 0.720822 163 0.002717
72 0.730792 172 0.002867
73 0.740763 194 0.003233
74 0.750734 187 0.003117
75 0.760704 191 0.003183
76 0.770675 205 0.003417
77 0.780646 197 0.003283
78 0.790616 189 0.003150
79 0.800587 158 0.002633
80 0.810558 178 0.002967
81 0.820528 207 0.003450
82 0.830499 212 0.003533
83 0.840470 227 0.003783
84 0.850440 301 0.005017
85 0.860411 499 0.008317
86 0.870382 322 0.005367
87 0.880352 397 0.006617
88 0.890323 267 0.004450
89 0.900293 238 0.003967
90 0.910264 257 0.004283
91 0.920235 300 0.005000
92 0.930205 201 0.003350
93 0.940176 144 0.002400
94 0.950147 46 0.000767
95 0.960117 31 0.000517
96 0.970088 42 0.000700
97 0.980059 19 0.000317
98 0.990029 8 0.000133
99 1.000000 1 0.000017
