0 0.064390 12 0.000200
1 0.073817 8 0.000133
2 0.083245 9 0.000150
3 0.092672 0 0.000000
4 0.102099 0 0.000000
5 0.111527 18 0.000300
6 0.120954 15 0.000250
7 0.130381 0 0.000000
8 0.139808 0 0.000000
9 0.149236 5 0.000083
10 0.158663 16 0.000267
11 0.168090 1 0.000017
12 0.177518 0 0.000000
13 0.186945 17 0.000283
14 0.196372 0 0.000000
15 0.205800 41 0.000683
16 0.215227 2 0.000033
17 0.224654 5 0.000083
18 0.234081 3 0.000050
19 0.243509 36 0.000600
20 0.252936 19 0.000317
21 0.262363 109 0.001817
22 0.271791 111 0.001850
23 0.281218 195 0.003250
24 0.290645 15 0.000250
25 0.300073 69 0.001150
26 0.309500 64 0.001067
27 0.318927 274 0.004567
28 0.328354 228 0.003800
29 0.337782 158 0.002633
30 0.347209 61 0.001017
31 0.356636 372 0.006200
32 0.366064 215 0.003583
33 0.375491 147 0.002450
34 0.384918 193 0.003217
35 0.394346 56 0.000933
36 0.403773 81 0.001350
37 0.413200 397 0.006617
38 0.422627 147 0.002450
39 0.432055 687 0.011450
40 0.441482 712 0.011867
41 0.450909 251 0.004183
42 0.460337 467 0.007783
43 0.469764 953 0.015883
44 0.479191 1217 0.020283
45 0.488619 2282 0.038033
46 0.498046 8131 0.135517
47 0.507473 14461 0.241017
48 0.516900 2455 0.040917
49 0.526328 1636 0.027267
50 0.535755 1219 0.020317
51 0.545182 1137 0.018950
52 0.554610 759 0.012650
53 0.564037 952 0.015867
54 0.573464 792 0.013200
55 0.582891 1425 0.023750
56 0.592319 3218 0.053633
57 0.601746 2022 0.033700
58 0.611173 1347 0.022450
59 0.620601 1030 0.017167
60 0.630028 535 0.008917
61 0.639455 601 0.010017
62 0.648883 470 0.007833
63 0.658310 537 0.008950
64 0.667737 559 0.009317
65 0.677165 101 0.001683
66 0.686592 142 0.002367
67 0.696019 265 0.004417
68 0.705446 464 0.007733
69 0.714874 165 0.002750
70 0.724301 706 0.011767
71 0.733728 747 0.012450
72 0.743156 57 0.000950
73 0.752583 137 0.002283
74 0.762010 54 0.000900
75 0.771438 155 0.002583
76 0.780865 86 0.001433
77 0.790292 141 0.002350
78 0.799719 163 0.002717
79 0.809147 214 0.003567
80 0.818574 94 0.001567
81 0.828001 287 0.004783
82 0.837429 171 0.002850
83 0.846856 291 0.004850
84 0.856283 181 0.003017
85 0.865710 321 0.005350
86 0.875138 292 0.004867
87 0.884565 276 0.004600
88 0.893992 250 0.004167
89 0.903420 200 0.003333
90 0.912847 332 0.005533
91 0.922274 218 0.003633
92 0.931702 141 0.002350
93 0.941129 164 0.002733
94 0.950556 152 0.002533
95 0.959983 38 0.000633
96 0.969411 23 0.000383
97 0.978838 9 0.000150
98 0.988265 9 0.000150
99 0.997693 0 0.000000
