0 0.064390 12 0.000600
1 0.073817 8 0.000400
2 0.083245 2 0.000100
3 0.092672 0 0.000000
4 0.102099 0 0.000000
5 0.111527 9 0.000450
6 0.120954 13 0.000650
7 0.130381 0 0.000000
8 0.139808 0 0.000000
9 0.149236 5 0.000250
10 0.158663 12 0.000600
11 0.168090 0 0.000000
12 0.177518 0 0.000000
13 0.186945 0 0.000000
14 0.196372 0 0.000000
15 0.205800 11 0.000550
16 0.215227 2 0.000100
17 0.224654 0 0.000000
18 0.234081 3 0.000150
19 0.243509 23 0.001150
20 0.252936 11 0.000550
21 0.262363 23 0.001150
22 0.271791 16 0.000800
23 0.281218 61 0.003050
24 0.290645 13 0.000650
25 0.300073 18 0.000900
26 0.309500 40 0.002000
27 0.318927 227 0.011350
28 0.328354 148 0.007400
29 0.337782 88 0.004400
30 0.347209 19 0.000950
31 0.356636 13 0.000650
32 0.366064 0 0.000000
33 0.375491 3 0.000150
34 0.384918 10 0.000500
35 0.394346 8 0.000400
36 0.403773 3 0.000150
37 0.413200 173 0.008650
38 0.422627 14 0.000700
39 0.432055 2 0.000100
40 0.441482 3 0.000150
41 0.450909 17 0.000850
42 0.460337 43 0.002150
43 0.469764 33 0.001650
44 0.479191 39 0.001950
45 0.488619 179 0.008950
46 0.498046 90 0.004500
47 0.507473 257 0.012850
48 0.516900 119 0.005950
49 0.526328 78 0.003900
50 0.535755 98 0.004900
51 0.545182 365 0.018250
52 0.554610 228 0.011400
53 0.564037 517 0.025850
54 0.573464 593 0.029650
55 0.582891 1243 0.062150
56 0.592319 2956 0.147800
57 0.601746 1903 0.095150
58 0.611173 919 0.045950
59 0.620601 962 0.048100
60 0.630028 453 0.022650
61 0.639455 390 0.019500
62 0.648883 264 0.013200
63 0.658310 233 0.011650
64 0.667737 489 0.024450
65 0.677165 69 0.003450
66 0.686592 110 0.005500
67 0.696019 228 0.011400
68 0.705446 440 0.022000
69 0.714874 100 0.005000
70 0.724301 706 0.035300
71 0.733728 625 0.031250
72 0.743156 55 0.002750
73 0.752583 45 0.002250
74 0.762010 12 0.000600
75 0.771438 155 0.007750
76 0.780865 62 0.003100
77 0.790292 141 0.007050
78 0.799719 157 0.007850
79 0.809147 214 0.010700
80 0.818574 79 0.003950
81 0.828001 287 0.014350
82 0.837429 167 0.008350
83 0.846856 291 0.014550
84 0.856283 173 0.008650
85 0.865710 321 0.016050
86 0.875138 292 0.014600
87 0.884565 276 0.013800
88 0.893992 250 0.012500
89 0.903420 198 0.009900
90 0.912847 332 0.016600
91 0.922274 218 0.010900
92 0.931702 141 0.007050
93 0.941129 164 0.008200
94 0.950556 152 0.007600
95 0.959983 38 0.001900
96 0.969411 23 0.001150
97 0.978838 9 0.000450
98 0.988265 9 0.000450
99 0.997693 0 0.000000
