0 0.084152 7 0.000350
1 0.092458 0 0.000000
2 0.100763 0 0.000000
3 0.109069 0 0.000000
4 0.117375 11 0.000550
5 0.125681 0 0.000000
6 0.133987 0 0.000000
7 0.142293 0 0.000000
8 0.150599 0 0.000000
9 0.158905 4 0.000200
10 0.167211 1 0.000050
11 0.175517 0 0.000000
12 0.183822 15 0.000750
13 0.192128 2 0.000100
14 0.200434 0 0.000000
15 0.208740 30 0.001500
16 0.217046 0 0.000000
17 0.225352 5 0.000250
18 0.233658 0 0.000000
19 0.241964 10 0.000500
20 0.250270 10 0.000500
21 0.258576 1 0.000050
22 0.266881 167 0.008350
23 0.275187 18 0.000900
24 0.283493 131 0.006550
25 0.291799 1 0.000050
26 0.300105 51 0.002550
27 0.308411 24 0.001200
28 0.316717 37 0.001850
29 0.325023 18 0.000900
30 0.333329 81 0.004050
31 0.341635 69 0.003450
32 0.349940 46 0.002300
33 0.358246 347 0.017350
34 0.366552 215 0.010750
35 0.374858 144 0.007200
36 0.383164 167 0.008350
37 0.391470 44 0.002200
38 0.399776 68 0.003400
39 0.408082 237 0.011850
40 0.416388 28 0.001400
41 0.424693 149 0.007450
42 0.432999 655 0.032750
43 0.441305 697 0.034850
44 0.449611 198 0.009900
45 0.457917 272 0.013600
46 0.466223 466 0.023300
47 0.474529 662 0.033100
48 0.482835 918 0.045900
49 0.491141 1256 0.062800
50 0.499447 2463 0.123150
51 0.507752 3060 0.153000
52 0.516058 1077 0.053850
53 0.524364 964 0.048200
54 0.532670 927 0.046350
55 0.540976 442 0.022100
56 0.549282 484 0.024200
57 0.557588 405 0.020250
58 0.565894 333 0.016650
59 0.574200 163 0.008150
60 0.582506 152 0.007600
61 0.590811 75 0.003750
62 0.599117 274 0.013700
63 0.607423 186 0.009300
64 0.615729 329 0.016450
65 0.624035 64 0.003200
66 0.632341 42 0.002100
67 0.640647 211 0.010550
68 0.648953 206 0.010300
69 0.657259 302 0.015100
70 0.665564 70 0.003500
71 0.673870 14 0.000700
72 0.682176 26 0.001300
73 0.690482 36 0.001800
74 0.698788 27 0.001350
75 0.707094 24 0.001200
76 0.715400 65 0.003250
77 0.723706 0 0.000000
78 0.732012 105 0.005250
79 0.740318 19 0.000950
80 0.748623 30 0.001500
81 0.756929 69 0.003450
82 0.765235 35 0.001750
83 0.773541 0 0.000000
84 0.781847 24 0.001200
85 0.790153 0 0.000000
86 0.798459 0 0.000000
87 0.806765 6 0.000300
88 0.815071 15 0.000750
89 0.823377 0 0.000000
90 0.831682 0 0.000000
91 0.839988 4 0.000200
92 0.848294 0 0.000000
93 0.856600 8 0.000400
94 0.864906 0 0.000000
95 0.873212 0 0.000000
96 0.881518 0 0.000000
97 0.889824 0 0.000000
98 0.898130 0 0.000000
99 0.906435 2 0.000100
