initializing
training size    : 359556
testing size     : 20000
epoch count      : 10
sub epoch size   : 5

epoch_learning_rate_decay   : 8
learning_rate_decay         : 0.250000

training



epoch [0 0] from [10 5]
training time per iterations 3.285770[ms]
testing on 20000 items
testing done
average error 0.005731
min error     0.000000
max error     0.286513
saving best net
best net saved to networks/disc8x8x3/net_6_depth/trained/, with error 0.005731



epoch [0 1] from [10 5]
training time per iterations 3.276550[ms]
testing on 20000 items
testing done
average error 0.004054
min error     0.000000
max error     0.189685
saving best net
best net saved to networks/disc8x8x3/net_6_depth/trained/, with error 0.004054



epoch [0 2] from [10 5]
training time per iterations 3.252771[ms]
testing on 20000 items
testing done
average error 0.003092
min error     0.000000
max error     0.164509
saving best net
best net saved to networks/disc8x8x3/net_6_depth/trained/, with error 0.003092



epoch [0 3] from [10 5]
training time per iterations 3.268457[ms]
testing on 20000 items
testing done
average error 0.002821
min error     0.000000
max error     0.171612
saving best net
best net saved to networks/disc8x8x3/net_6_depth/trained/, with error 0.002821



epoch [0 4] from [10 5]
training time per iterations 3.275201[ms]
testing on 20000 items
testing done
average error 0.002760
min error     0.000000
max error     0.167355
saving best net
best net saved to networks/disc8x8x3/net_6_depth/trained/, with error 0.002760



epoch [1 0] from [10 5]
training time per iterations 3.256664[ms]
testing on 20000 items
testing done
average error 0.002565
min error     0.000000
max error     0.172564
saving best net
best net saved to networks/disc8x8x3/net_6_depth/trained/, with error 0.002565



epoch [1 1] from [10 5]
training time per iterations 3.268638[ms]
testing on 20000 items
testing done
average error 0.002217
min error     0.000000
max error     0.164272
saving best net
best net saved to networks/disc8x8x3/net_6_depth/trained/, with error 0.002217



epoch [1 2] from [10 5]
training time per iterations 3.259793[ms]
testing on 20000 items
testing done
average error 0.002268
min error     0.000000
max error     0.170189



epoch [1 3] from [10 5]
training time per iterations 3.254773[ms]
testing on 20000 items
testing done
average error 0.002101
min error     0.000000
max error     0.167530
saving best net
best net saved to networks/disc8x8x3/net_6_depth/trained/, with error 0.002101



epoch [1 4] from [10 5]
training time per iterations 3.258556[ms]
testing on 20000 items
testing done
average error 0.002022
min error     0.000000
max error     0.162733
saving best net
best net saved to networks/disc8x8x3/net_6_depth/trained/, with error 0.002022



epoch [2 0] from [10 5]
training time per iterations 3.263562[ms]
testing on 20000 items
testing done
average error 0.002041
min error     0.000000
max error     0.169366



epoch [2 1] from [10 5]
training time per iterations 3.270765[ms]
testing on 20000 items
testing done
average error 0.002027
min error     0.000000
max error     0.166149



epoch [2 2] from [10 5]
training time per iterations 3.249948[ms]
testing on 20000 items
testing done
average error 0.001968
min error     0.000000
max error     0.170448
saving best net
best net saved to networks/disc8x8x3/net_6_depth/trained/, with error 0.001968



epoch [2 3] from [10 5]
training time per iterations 3.255496[ms]
testing on 20000 items
testing done
average error 0.001935
min error     0.000000
max error     0.162919
saving best net
best net saved to networks/disc8x8x3/net_6_depth/trained/, with error 0.001935



epoch [2 4] from [10 5]
training time per iterations 3.256484[ms]
testing on 20000 items
testing done
average error 0.001891
min error     0.000000
max error     0.175784
saving best net
best net saved to networks/disc8x8x3/net_6_depth/trained/, with error 0.001891



epoch [3 0] from [10 5]
training time per iterations 3.248613[ms]
testing on 20000 items
testing done
average error 0.002029
min error     0.000000
max error     0.175022



epoch [3 1] from [10 5]
training time per iterations 3.253828[ms]
testing on 20000 items
testing done
average error 0.001892
min error     0.000000
max error     0.170812



epoch [3 2] from [10 5]
training time per iterations 3.256957[ms]
testing on 20000 items
testing done
average error 0.001935
min error     0.000000
max error     0.164351



epoch [3 3] from [10 5]
training time per iterations 3.254147[ms]
testing on 20000 items
testing done
average error 0.001839
min error     0.000000
max error     0.176691
saving best net
best net saved to networks/disc8x8x3/net_6_depth/trained/, with error 0.001839



epoch [3 4] from [10 5]
training time per iterations 3.254592[ms]
testing on 20000 items
testing done
average error 0.001847
min error     0.000000
max error     0.172315



epoch [4 0] from [10 5]
training time per iterations 3.251686[ms]
testing on 20000 items
testing done
average error 0.001818
min error     0.000000
max error     0.170775
saving best net
best net saved to networks/disc8x8x3/net_6_depth/trained/, with error 0.001818



epoch [4 1] from [10 5]
training time per iterations 3.251213[ms]
testing on 20000 items
testing done
average error 0.001879
min error     0.000000
max error     0.175061



epoch [4 2] from [10 5]
training time per iterations 3.259863[ms]
testing on 20000 items
testing done
average error 0.001859
min error     0.000000
max error     0.178302



epoch [4 3] from [10 5]
training time per iterations 3.270543[ms]
testing on 20000 items
testing done
average error 0.001897
min error     0.000000
max error     0.173928



epoch [4 4] from [10 5]
training time per iterations 3.260530[ms]
testing on 20000 items
testing done
average error 0.001774
min error     0.000000
max error     0.167618
saving best net
best net saved to networks/disc8x8x3/net_6_depth/trained/, with error 0.001774



epoch [5 0] from [10 5]
training time per iterations 3.256094[ms]
testing on 20000 items
testing done
average error 0.001929
min error     0.000000
max error     0.172384



epoch [5 1] from [10 5]
training time per iterations 3.260002[ms]
testing on 20000 items
testing done
average error 0.001900
min error     0.000000
max error     0.166547



epoch [5 2] from [10 5]
training time per iterations 3.254036[ms]
testing on 20000 items
testing done
average error 0.001975
min error     0.000000
max error     0.169771



epoch [5 3] from [10 5]
training time per iterations 3.265634[ms]
testing on 20000 items
testing done
average error 0.001771
min error     0.000000
max error     0.172296
saving best net
best net saved to networks/disc8x8x3/net_6_depth/trained/, with error 0.001771



epoch [5 4] from [10 5]
training time per iterations 3.255093[ms]
testing on 20000 items
testing done
average error 0.001808
min error     0.000000
max error     0.174489



epoch [6 0] from [10 5]
training time per iterations 3.264035[ms]
testing on 20000 items
testing done
average error 0.001747
min error     0.000000
max error     0.173475
saving best net
best net saved to networks/disc8x8x3/net_6_depth/trained/, with error 0.001747



epoch [6 1] from [10 5]
training time per iterations 3.258987[ms]
testing on 20000 items
testing done
average error 0.001785
min error     0.000000
max error     0.175766



epoch [6 2] from [10 5]
training time per iterations 3.260878[ms]
testing on 20000 items
testing done
average error 0.001740
min error     0.000000
max error     0.161550
saving best net
best net saved to networks/disc8x8x3/net_6_depth/trained/, with error 0.001740



epoch [6 3] from [10 5]
training time per iterations 3.250448[ms]
testing on 20000 items
testing done
average error 0.001860
min error     0.000000
max error     0.172838



epoch [6 4] from [10 5]
training time per iterations 3.261573[ms]
testing on 20000 items
testing done
average error 0.001788
min error     0.000000
max error     0.180738



epoch [7 0] from [10 5]
training time per iterations 3.264939[ms]
testing on 20000 items
testing done
average error 0.001773
min error     0.000000
max error     0.168073



epoch [7 1] from [10 5]
training time per iterations 3.263492[ms]
testing on 20000 items
testing done
average error 0.001830
min error     0.000000
max error     0.182864



epoch [7 2] from [10 5]
training time per iterations 3.253202[ms]
testing on 20000 items
testing done
average error 0.001825
min error     0.000000
max error     0.181090



epoch [7 3] from [10 5]
training time per iterations 3.246332[ms]
testing on 20000 items
testing done
average error 0.001726
min error     0.000000
max error     0.162702
saving best net
best net saved to networks/disc8x8x3/net_6_depth/trained/, with error 0.001726



epoch [7 4] from [10 5]
training time per iterations 3.257874[ms]
testing on 20000 items
testing done
average error 0.001730
min error     0.000000
max error     0.167943
setting learning rate to 0.000050



epoch [8 0] from [10 5]
training time per iterations 3.274993[ms]
testing on 20000 items
testing done
average error 0.001771
min error     0.000000
max error     0.171433



epoch [8 1] from [10 5]
training time per iterations 3.254912[ms]
testing on 20000 items
testing done
average error 0.001726
min error     0.000000
max error     0.173015



epoch [8 2] from [10 5]
training time per iterations 3.256164[ms]
testing on 20000 items
testing done
average error 0.001737
min error     0.000000
max error     0.172988



epoch [8 3] from [10 5]
training time per iterations 3.252771[ms]
testing on 20000 items
testing done
average error 0.001733
min error     0.000000
max error     0.167257



epoch [8 4] from [10 5]
training time per iterations 3.252242[ms]
testing on 20000 items
testing done
average error 0.001705
min error     0.000000
max error     0.169244
saving best net
best net saved to networks/disc8x8x3/net_6_depth/trained/, with error 0.001705



epoch [9 0] from [10 5]
training time per iterations 3.249503[ms]
testing on 20000 items
testing done
average error 0.001738
min error     0.000000
max error     0.177082



epoch [9 1] from [10 5]
training time per iterations 3.259960[ms]
testing on 20000 items
testing done
average error 0.001751
min error     0.000000
max error     0.171162



epoch [9 2] from [10 5]
training time per iterations 3.257930[ms]
testing on 20000 items
testing done
average error 0.001762
min error     0.000000
max error     0.170272



epoch [9 3] from [10 5]
training time per iterations 3.259029[ms]
testing on 20000 items
testing done
average error 0.001725
min error     0.000000
max error     0.166610



epoch [9 4] from [10 5]
training time per iterations 3.261073[ms]
testing on 20000 items
testing done
average error 0.001707
min error     0.000000
max error     0.168904
training done
