0.000000 0 0 0.005731 0.000000 0.286513 0.005533 0.000000 0.282419
0.200000 0 1 0.004054 0.000000 0.189685 0.003964 0.000000 0.257290
0.400000 0 2 0.003092 0.000000 0.164509 0.003029 0.000000 0.259749
0.600000 0 3 0.002821 0.000000 0.171612 0.002756 0.000000 0.170468
0.800000 0 4 0.002760 0.000000 0.167355 0.002746 0.000000 0.156407
1.000000 1 0 0.002565 0.000000 0.172564 0.002532 0.000000 0.169847
1.200000 1 1 0.002217 0.000000 0.164272 0.002168 0.000000 0.224018
1.400000 1 2 0.002268 0.000000 0.170189 0.002244 0.000000 0.170189
1.600000 1 3 0.002101 0.000000 0.167530 0.002043 0.000000 0.151822
1.800000 1 4 0.002022 0.000000 0.162733 0.002000 0.000000 0.222628
2.000000 2 0 0.002041 0.000000 0.169366 0.001964 0.000000 0.226557
2.200000 2 1 0.002027 0.000000 0.166149 0.001993 0.000000 0.176398
2.400000 2 2 0.001968 0.000000 0.170448 0.001925 0.000000 0.166842
2.600000 2 3 0.001935 0.000000 0.162919 0.001882 0.000000 0.223818
2.800000 2 4 0.001891 0.000000 0.175784 0.001848 0.000000 0.170987
3.000000 3 0 0.002029 0.000000 0.175022 0.001979 0.000000 0.217644
3.200000 3 1 0.001892 0.000000 0.170812 0.001806 0.000000 0.179032
3.400000 3 2 0.001935 0.000000 0.164351 0.001909 0.000000 0.249255
3.600000 3 3 0.001839 0.000000 0.176691 0.001795 0.000000 0.262642
3.800000 3 4 0.001847 0.000000 0.172315 0.001815 0.000000 0.263076
4.000000 4 0 0.001818 0.000000 0.170775 0.001764 0.000000 0.164534
4.200000 4 1 0.001879 0.000000 0.175061 0.001860 0.000000 0.149812
4.400000 4 2 0.001859 0.000000 0.178302 0.001808 0.000000 0.259629
4.600000 4 3 0.001897 0.000000 0.173928 0.001883 0.000000 0.180012
4.800000 4 4 0.001774 0.000000 0.167618 0.001705 0.000000 0.153088
5.000000 5 0 0.001929 0.000000 0.172384 0.001900 0.000000 0.147179
5.200000 5 1 0.001900 0.000000 0.166547 0.001846 0.000000 0.152996
5.400000 5 2 0.001975 0.000000 0.169771 0.001946 0.000000 0.229087
5.600000 5 3 0.001771 0.000000 0.172296 0.001751 0.000000 0.250748
5.800000 5 4 0.001808 0.000000 0.174489 0.001764 0.000000 0.161699
6.000000 6 0 0.001747 0.000000 0.173475 0.001763 0.000000 0.253666
6.200000 6 1 0.001785 0.000000 0.175766 0.001741 0.000000 0.225109
6.400000 6 2 0.001740 0.000000 0.161550 0.001722 0.000000 0.153854
6.600000 6 3 0.001860 0.000000 0.172838 0.001852 0.000000 0.248644
6.800000 6 4 0.001788 0.000000 0.180738 0.001760 0.000000 0.256356
7.000000 7 0 0.001773 0.000000 0.168073 0.001731 0.000000 0.167071
7.200000 7 1 0.001830 0.000000 0.182864 0.001783 0.000000 0.182864
7.400000 7 2 0.001825 0.000000 0.181090 0.001805 0.000000 0.224295
7.600000 7 3 0.001726 0.000000 0.162702 0.001680 0.000000 0.165372
7.800000 7 4 0.001730 0.000000 0.167943 0.001683 0.000000 0.237229
8.000000 8 0 0.001771 0.000000 0.171433 0.001694 0.000000 0.232670
8.200000 8 1 0.001726 0.000000 0.173015 0.001693 0.000000 0.247710
8.400000 8 2 0.001737 0.000000 0.172988 0.001723 0.000000 0.234963
8.600000 8 3 0.001733 0.000000 0.167257 0.001690 0.000000 0.170232
8.800000 8 4 0.001705 0.000000 0.169244 0.001637 0.000000 0.172060
9.000000 9 0 0.001738 0.000000 0.177082 0.001694 0.000000 0.252321
9.200000 9 1 0.001751 0.000000 0.171162 0.001741 0.000000 0.198372
9.400000 9 2 0.001762 0.000000 0.170272 0.001733 0.000000 0.145738
9.600000 9 3 0.001725 0.000000 0.166610 0.001696 0.000000 0.232883
9.800000 9 4 0.001707 0.000000 0.168904 0.001641 0.000000 0.159057
