0 -0.139196 1 0.000050
1 -0.137122 0 0.000000
2 -0.135048 0 0.000000
3 -0.132974 0 0.000000
4 -0.130900 0 0.000000
5 -0.128826 0 0.000000
6 -0.126752 0 0.000000
7 -0.124678 0 0.000000
8 -0.122604 0 0.000000
9 -0.120530 0 0.000000
10 -0.118456 0 0.000000
11 -0.116382 0 0.000000
12 -0.114308 0 0.000000
13 -0.112234 0 0.000000
14 -0.110160 0 0.000000
15 -0.108086 0 0.000000
16 -0.106012 0 0.000000
17 -0.103938 0 0.000000
18 -0.101864 1 0.000050
19 -0.099790 0 0.000000
20 -0.097716 0 0.000000
21 -0.095642 0 0.000000
22 -0.093568 1 0.000050
23 -0.091494 2 0.000100
24 -0.089420 1 0.000050
25 -0.087346 2 0.000100
26 -0.085272 1 0.000050
27 -0.083198 1 0.000050
28 -0.081124 4 0.000200
29 -0.079050 7 0.000350
30 -0.076976 3 0.000150
31 -0.074902 2 0.000100
32 -0.072828 5 0.000250
33 -0.070754 8 0.000400
34 -0.068680 6 0.000300
35 -0.066606 10 0.000500
36 -0.064532 13 0.000650
37 -0.062458 18 0.000900
38 -0.060384 6 0.000300
39 -0.058310 9 0.000450
40 -0.056236 9 0.000450
41 -0.054162 18 0.000900
42 -0.052088 27 0.001350
43 -0.050014 30 0.001500
44 -0.047940 31 0.001550
45 -0.045866 21 0.001050
46 -0.043792 34 0.001700
47 -0.041718 35 0.001750
48 -0.039644 57 0.002850
49 -0.037570 64 0.003200
50 -0.035496 65 0.003250
51 -0.033422 80 0.004000
52 -0.031348 105 0.005250
53 -0.029274 113 0.005650
54 -0.027200 176 0.008800
55 -0.025126 206 0.010300
56 -0.023052 291 0.014550
57 -0.020978 347 0.017350
58 -0.018904 578 0.028900
59 -0.016830 875 0.043750
60 -0.014756 1289 0.064450
61 -0.012682 1929 0.096450
62 -0.010608 2226 0.111300
63 -0.008534 2663 0.133150
64 -0.006460 2486 0.124300
65 -0.004386 2092 0.104600
66 -0.002312 1333 0.066650
67 -0.000238 860 0.043000
68 0.001836 509 0.025450
69 0.003910 309 0.015450
70 0.005984 241 0.012050
71 0.008058 161 0.008050
72 0.010132 119 0.005950
73 0.012206 103 0.005150
74 0.014280 78 0.003900
75 0.016354 33 0.001650
76 0.018428 36 0.001800
77 0.020502 32 0.001600
78 0.022576 17 0.000850
79 0.024650 24 0.001200
80 0.026724 23 0.001150
81 0.028798 29 0.001450
82 0.030872 23 0.001150
83 0.032946 12 0.000600
84 0.035020 11 0.000550
85 0.037094 14 0.000700
86 0.039168 11 0.000550
87 0.041242 9 0.000450
88 0.043316 9 0.000450
89 0.045390 9 0.000450
90 0.047464 7 0.000350
91 0.049538 4 0.000200
92 0.051612 12 0.000600
93 0.053686 5 0.000250
94 0.055761 5 0.000250
95 0.057835 5 0.000250
96 0.059909 5 0.000250
97 0.061983 1 0.000050
98 0.064057 3 0.000150
99 0.066131 0 0.000000
