0 0.000000 50368 0.839467
1 0.001674 2079 0.034650
2 0.003347 1691 0.028183
3 0.005021 1695 0.028250
4 0.006694 756 0.012600
5 0.008368 466 0.007767
6 0.010041 375 0.006250
7 0.011715 288 0.004800
8 0.013388 465 0.007750
9 0.015062 497 0.008283
10 0.016735 255 0.004250
11 0.018409 167 0.002783
12 0.020082 159 0.002650
13 0.021756 111 0.001850
14 0.023430 99 0.001650
15 0.025103 79 0.001317
16 0.026777 84 0.001400
17 0.028450 109 0.001817
18 0.030124 78 0.001300
19 0.031797 37 0.000617
20 0.033471 23 0.000383
21 0.035144 11 0.000183
22 0.036818 8 0.000133
23 0.038491 14 0.000233
24 0.040165 12 0.000200
25 0.041838 5 0.000083
26 0.043512 1 0.000017
27 0.045185 3 0.000050
28 0.046859 2 0.000033
29 0.048533 5 0.000083
30 0.050206 4 0.000067
31 0.051880 3 0.000050
32 0.053553 1 0.000017
33 0.055227 1 0.000017
34 0.056900 0 0.000000
35 0.058574 1 0.000017
36 0.060247 1 0.000017
37 0.061921 0 0.000000
38 0.063594 1 0.000017
39 0.065268 0 0.000000
40 0.066941 1 0.000017
41 0.068615 3 0.000050
42 0.070289 0 0.000000
43 0.071962 2 0.000033
44 0.073636 6 0.000100
45 0.075309 3 0.000050
46 0.076983 3 0.000050
47 0.078656 0 0.000000
48 0.080330 5 0.000083
49 0.082003 0 0.000000
50 0.083677 3 0.000050
51 0.085350 2 0.000033
52 0.087024 3 0.000050
53 0.088697 2 0.000033
54 0.090371 1 0.000017
55 0.092045 0 0.000000
56 0.093718 0 0.000000
57 0.095392 1 0.000017
58 0.097065 0 0.000000
59 0.098739 3 0.000050
60 0.100412 0 0.000000
61 0.102086 0 0.000000
62 0.103759 1 0.000017
63 0.105433 0 0.000000
64 0.107106 0 0.000000
65 0.108780 0 0.000000
66 0.110453 0 0.000000
67 0.112127 0 0.000000
68 0.113800 0 0.000000
69 0.115474 0 0.000000
70 0.117148 0 0.000000
71 0.118821 0 0.000000
72 0.120495 0 0.000000
73 0.122168 0 0.000000
74 0.123842 0 0.000000
75 0.125515 0 0.000000
76 0.127189 0 0.000000
77 0.128862 1 0.000017
78 0.130536 0 0.000000
79 0.132209 0 0.000000
80 0.133883 1 0.000017
81 0.135556 0 0.000000
82 0.137230 0 0.000000
83 0.138904 1 0.000017
84 0.140577 0 0.000000
85 0.142251 0 0.000000
86 0.143924 0 0.000000
87 0.145598 0 0.000000
88 0.147271 1 0.000017
89 0.148945 1 0.000017
90 0.150618 0 0.000000
91 0.152292 0 0.000000
92 0.153965 0 0.000000
93 0.155639 0 0.000000
94 0.157312 1 0.000017
95 0.158986 0 0.000000
96 0.160660 0 0.000000
97 0.162333 0 0.000000
98 0.164007 0 0.000000
99 0.165680 1 0.000017
