0 -0.062815 1 0.000050
1 -0.061515 2 0.000100
2 -0.060215 0 0.000000
3 -0.058915 4 0.000200
4 -0.057615 1 0.000050
5 -0.056315 2 0.000100
6 -0.055015 1 0.000050
7 -0.053716 2 0.000100
8 -0.052416 6 0.000300
9 -0.051116 4 0.000200
10 -0.049816 13 0.000650
11 -0.048516 7 0.000350
12 -0.047216 3 0.000150
13 -0.045916 10 0.000500
14 -0.044616 15 0.000750
15 -0.043316 15 0.000750
16 -0.042016 17 0.000850
17 -0.040716 28 0.001400
18 -0.039416 37 0.001850
19 -0.038116 34 0.001700
20 -0.036817 42 0.002100
21 -0.035517 26 0.001300
22 -0.034217 40 0.002000
23 -0.032917 46 0.002300
24 -0.031617 52 0.002600
25 -0.030317 61 0.003050
26 -0.029017 97 0.004850
27 -0.027717 103 0.005150
28 -0.026417 102 0.005100
29 -0.025117 118 0.005900
30 -0.023817 148 0.007400
31 -0.022517 207 0.010350
32 -0.021218 222 0.011100
33 -0.019918 257 0.012850
34 -0.018618 353 0.017650
35 -0.017318 512 0.025600
36 -0.016018 576 0.028800
37 -0.014718 680 0.034000
38 -0.013418 810 0.040500
39 -0.012118 1063 0.053150
40 -0.010818 1086 0.054300
41 -0.009518 1209 0.060450
42 -0.008218 1371 0.068550
43 -0.006918 1478 0.073900
44 -0.005618 1466 0.073300
45 -0.004319 1326 0.066300
46 -0.003019 1175 0.058750
47 -0.001719 1072 0.053600
48 -0.000419 807 0.040350
49 0.000881 600 0.030000
50 0.002181 571 0.028550
51 0.003481 420 0.021000
52 0.004781 329 0.016450
53 0.006081 219 0.010950
54 0.007381 180 0.009000
55 0.008681 148 0.007400
56 0.009981 140 0.007000
57 0.011281 83 0.004150
58 0.012580 64 0.003200
59 0.013880 58 0.002900
60 0.015180 85 0.004250
61 0.016480 65 0.003250
62 0.017780 68 0.003400
63 0.019080 51 0.002550
64 0.020380 43 0.002150
65 0.021680 13 0.000650
66 0.022980 13 0.000650
67 0.024280 18 0.000900
68 0.025580 20 0.001000
69 0.026880 13 0.000650
70 0.028180 10 0.000500
71 0.029479 14 0.000700
72 0.030779 7 0.000350
73 0.032079 6 0.000300
74 0.033379 4 0.000200
75 0.034679 3 0.000150
76 0.035979 7 0.000350
77 0.037279 1 0.000050
78 0.038579 4 0.000200
79 0.039879 2 0.000100
80 0.041179 6 0.000300
81 0.042479 3 0.000150
82 0.043779 2 0.000100
83 0.045079 2 0.000100
84 0.046378 2 0.000100
85 0.047678 3 0.000150
86 0.048978 3 0.000150
87 0.050278 2 0.000100
88 0.051578 1 0.000050
89 0.052878 0 0.000000
90 0.054178 1 0.000050
91 0.055478 2 0.000100
92 0.056778 0 0.000000
93 0.058078 1 0.000050
94 0.059378 0 0.000000
95 0.060678 2 0.000100
96 0.061977 3 0.000150
97 0.063277 0 0.000000
98 0.064577 0 0.000000
99 0.065877 1 0.000050
