0 -0.398378 1 0.000050
1 -0.390243 1 0.000050
2 -0.382107 1 0.000050
3 -0.373972 1 0.000050
4 -0.365836 1 0.000050
5 -0.357701 0 0.000000
6 -0.349565 0 0.000000
7 -0.341430 0 0.000000
8 -0.333294 0 0.000000
9 -0.325159 1 0.000050
10 -0.317023 0 0.000000
11 -0.308888 1 0.000050
12 -0.300752 3 0.000150
13 -0.292617 5 0.000250
14 -0.284481 3 0.000150
15 -0.276346 9 0.000450
16 -0.268210 4 0.000200
17 -0.260075 1 0.000050
18 -0.251939 2 0.000100
19 -0.243804 0 0.000000
20 -0.235668 2 0.000100
21 -0.227532 4 0.000200
22 -0.219397 2 0.000100
23 -0.211261 6 0.000300
24 -0.203126 14 0.000700
25 -0.194990 13 0.000650
26 -0.186855 42 0.002100
27 -0.178719 70 0.003500
28 -0.170584 81 0.004050
29 -0.162448 61 0.003050
30 -0.154313 99 0.004950
31 -0.146177 159 0.007950
32 -0.138042 158 0.007900
33 -0.129906 274 0.013700
34 -0.121771 174 0.008700
35 -0.113635 155 0.007750
36 -0.105500 199 0.009950
37 -0.097364 279 0.013950
38 -0.089229 443 0.022150
39 -0.081093 824 0.041200
40 -0.072958 623 0.031150
41 -0.064822 405 0.020250
42 -0.056687 382 0.019100
43 -0.048551 511 0.025550
44 -0.040415 686 0.034300
45 -0.032280 642 0.032100
46 -0.024144 778 0.038900
47 -0.016009 951 0.047550
48 -0.007873 3118 0.155900
49 0.000262 1330 0.066500
50 0.008398 837 0.041850
51 0.016533 855 0.042750
52 0.024669 1082 0.054100
53 0.032804 553 0.027650
54 0.040940 368 0.018400
55 0.049075 388 0.019400
56 0.057211 440 0.022000
57 0.065346 575 0.028750
58 0.073482 436 0.021800
59 0.081617 249 0.012450
60 0.089753 194 0.009700
61 0.097888 169 0.008450
62 0.106024 171 0.008550
63 0.114159 329 0.016450
64 0.122295 308 0.015400
65 0.130430 123 0.006150
66 0.138566 67 0.003350
67 0.146701 72 0.003600
68 0.154837 73 0.003650
69 0.162973 71 0.003550
70 0.171108 65 0.003250
71 0.179244 11 0.000550
72 0.187379 4 0.000200
73 0.195515 12 0.000600
74 0.203650 3 0.000150
75 0.211786 3 0.000150
76 0.219921 6 0.000300
77 0.228057 1 0.000050
78 0.236192 1 0.000050
79 0.244328 0 0.000000
80 0.252463 0 0.000000
81 0.260599 0 0.000000
82 0.268734 2 0.000100
83 0.276870 2 0.000100
84 0.285005 2 0.000100
85 0.293141 3 0.000150
86 0.301276 0 0.000000
87 0.309412 4 0.000200
88 0.317547 0 0.000000
89 0.325683 0 0.000000
90 0.333818 0 0.000000
91 0.341954 0 0.000000
92 0.350090 0 0.000000
93 0.358225 0 0.000000
94 0.366361 0 0.000000
95 0.374496 0 0.000000
96 0.382632 1 0.000050
97 0.390767 0 0.000000
98 0.398903 0 0.000000
99 0.407038 1 0.000050
