0 -0.398378 1 0.000017
1 -0.390243 1 0.000017
2 -0.382107 1 0.000017
3 -0.373972 1 0.000017
4 -0.365836 1 0.000017
5 -0.357701 0 0.000000
6 -0.349565 0 0.000000
7 -0.341430 0 0.000000
8 -0.333294 0 0.000000
9 -0.325159 1 0.000017
10 -0.317023 0 0.000000
11 -0.308888 1 0.000017
12 -0.300752 3 0.000050
13 -0.292617 5 0.000083
14 -0.284481 3 0.000050
15 -0.276346 9 0.000150
16 -0.268210 4 0.000067
17 -0.260075 1 0.000017
18 -0.251939 2 0.000033
19 -0.243804 0 0.000000
20 -0.235668 2 0.000033
21 -0.227532 4 0.000067
22 -0.219397 2 0.000033
23 -0.211261 6 0.000100
24 -0.203126 14 0.000233
25 -0.194990 13 0.000217
26 -0.186855 42 0.000700
27 -0.178719 70 0.001167
28 -0.170584 81 0.001350
29 -0.162448 61 0.001017
30 -0.154313 99 0.001650
31 -0.146177 160 0.002667
32 -0.138042 158 0.002633
33 -0.129906 274 0.004567
34 -0.121771 174 0.002900
35 -0.113635 155 0.002583
36 -0.105500 200 0.003333
37 -0.097364 282 0.004700
38 -0.089229 448 0.007467
39 -0.081093 840 0.014000
40 -0.072958 651 0.010850
41 -0.064822 458 0.007633
42 -0.056687 488 0.008133
43 -0.048551 698 0.011633
44 -0.040415 1150 0.019167
45 -0.032280 1709 0.028483
46 -0.024144 4128 0.068800
47 -0.016009 13589 0.226483
48 -0.007873 19083 0.318050
49 0.000262 5648 0.094133
50 0.008398 1909 0.031817
51 0.016533 1223 0.020383
52 0.024669 1258 0.020967
53 0.032804 626 0.010433
54 0.040940 419 0.006983
55 0.049075 425 0.007083
56 0.057211 457 0.007617
57 0.065346 579 0.009650
58 0.073482 436 0.007267
59 0.081617 249 0.004150
60 0.089753 194 0.003233
61 0.097888 169 0.002817
62 0.106024 171 0.002850
63 0.114159 329 0.005483
64 0.122295 308 0.005133
65 0.130430 123 0.002050
66 0.138566 67 0.001117
67 0.146701 72 0.001200
68 0.154837 73 0.001217
69 0.162973 71 0.001183
70 0.171108 65 0.001083
71 0.179244 11 0.000183
72 0.187379 4 0.000067
73 0.195515 12 0.000200
74 0.203650 3 0.000050
75 0.211786 3 0.000050
76 0.219921 6 0.000100
77 0.228057 1 0.000017
78 0.236192 1 0.000017
79 0.244328 0 0.000000
80 0.252463 0 0.000000
81 0.260599 0 0.000000
82 0.268734 2 0.000033
83 0.276870 2 0.000033
84 0.285005 2 0.000033
85 0.293141 3 0.000050
86 0.301276 0 0.000000
87 0.309412 4 0.000067
88 0.317547 0 0.000000
89 0.325683 0 0.000000
90 0.333818 0 0.000000
91 0.341954 0 0.000000
92 0.350090 0 0.000000
93 0.358225 0 0.000000
94 0.366361 0 0.000000
95 0.374496 0 0.000000
96 0.382632 1 0.000017
97 0.390767 0 0.000000
98 0.398903 0 0.000000
99 0.407038 1 0.000017
