0 0.108299 2 0.000100
1 0.116339 1 0.000050
2 0.124379 1 0.000050
3 0.132419 1 0.000050
4 0.140459 0 0.000000
5 0.148499 0 0.000000
6 0.156539 0 0.000000
7 0.164580 0 0.000000
8 0.172620 0 0.000000
9 0.180660 0 0.000000
10 0.188700 1 0.000050
11 0.196740 4 0.000200
12 0.204780 4 0.000200
13 0.212820 5 0.000250
14 0.220861 8 0.000400
15 0.228901 1 0.000050
16 0.236941 2 0.000100
17 0.244981 3 0.000150
18 0.253021 0 0.000000
19 0.261061 0 0.000000
20 0.269101 1 0.000050
21 0.277141 0 0.000000
22 0.285182 1 0.000050
23 0.293222 5 0.000250
24 0.301262 13 0.000650
25 0.309302 27 0.001350
26 0.317342 51 0.002550
27 0.325382 70 0.003500
28 0.333422 65 0.003250
29 0.341463 51 0.002550
30 0.349503 88 0.004400
31 0.357543 140 0.007000
32 0.365583 163 0.008150
33 0.373623 305 0.015250
34 0.381663 141 0.007050
35 0.389703 170 0.008500
36 0.397743 191 0.009550
37 0.405784 300 0.015000
38 0.413824 342 0.017100
39 0.421864 796 0.039800
40 0.429904 697 0.034850
41 0.437944 364 0.018200
42 0.445984 342 0.017100
43 0.454024 502 0.025100
44 0.462064 592 0.029600
45 0.470105 848 0.042400
46 0.478145 501 0.025050
47 0.486185 542 0.027100
48 0.494225 1103 0.055150
49 0.502265 3695 0.184750
50 0.510305 703 0.035150
51 0.518345 638 0.031900
52 0.526386 1187 0.059350
53 0.534426 686 0.034300
54 0.542466 418 0.020900
55 0.550506 418 0.020900
56 0.558546 448 0.022400
57 0.566586 672 0.033600
58 0.574626 484 0.024200
59 0.582666 311 0.015550
60 0.590707 219 0.010950
61 0.598747 192 0.009600
62 0.606787 226 0.011300
63 0.614827 187 0.009350
64 0.622867 430 0.021500
65 0.630907 175 0.008750
66 0.638947 76 0.003800
67 0.646987 59 0.002950
68 0.655028 77 0.003850
69 0.663068 40 0.002000
70 0.671108 112 0.005600
71 0.679148 27 0.001350
72 0.687188 19 0.000950
73 0.695228 10 0.000500
74 0.703268 17 0.000850
75 0.711309 10 0.000500
76 0.719349 0 0.000000
77 0.727389 0 0.000000
78 0.735429 1 0.000050
79 0.743469 0 0.000000
80 0.751509 0 0.000000
81 0.759549 0 0.000000
82 0.767589 3 0.000150
83 0.775630 1 0.000050
84 0.783670 1 0.000050
85 0.791710 6 0.000300
86 0.799750 4 0.000200
87 0.807790 2 0.000100
88 0.815830 0 0.000000
89 0.823870 0 0.000000
90 0.831910 0 0.000000
91 0.839951 0 0.000000
92 0.847991 0 0.000000
93 0.856031 0 0.000000
94 0.864071 0 0.000000
95 0.872111 0 0.000000
96 0.880151 0 0.000000
97 0.888191 0 0.000000
98 0.896232 2 0.000100
99 0.904272 0 0.000000
