0 0.465050 4 0.000200
1 0.466320 3 0.000150
2 0.467591 2 0.000100
3 0.468862 0 0.000000
4 0.470132 0 0.000000
5 0.471403 0 0.000000
6 0.472674 0 0.000000
7 0.473944 1 0.000050
8 0.475215 1 0.000050
9 0.476486 5 0.000250
10 0.477757 3 0.000150
11 0.479027 15 0.000750
12 0.480298 15 0.000750
13 0.481569 20 0.001000
14 0.482839 26 0.001300
15 0.484110 63 0.003150
16 0.485381 68 0.003400
17 0.486651 84 0.004200
18 0.487922 98 0.004900
19 0.489193 112 0.005600
20 0.490463 172 0.008600
21 0.491734 285 0.014250
22 0.493005 264 0.013200
23 0.494276 298 0.014900
24 0.495546 432 0.021600
25 0.496817 483 0.024150
26 0.498088 572 0.028600
27 0.499358 722 0.036100
28 0.500629 1226 0.061300
29 0.501900 2223 0.111150
30 0.503170 2515 0.125750
31 0.504441 2069 0.103450
32 0.505712 1596 0.079800
33 0.506982 1343 0.067150
34 0.508253 1172 0.058600
35 0.509524 1065 0.053250
36 0.510795 526 0.026300
37 0.512065 407 0.020350
38 0.513336 269 0.013450
39 0.514607 200 0.010000
40 0.515877 167 0.008350
41 0.517148 111 0.005550
42 0.518419 144 0.007200
43 0.519689 102 0.005100
44 0.520960 61 0.003050
45 0.522231 51 0.002550
46 0.523501 74 0.003700
47 0.524772 58 0.002900
48 0.526043 61 0.003050
49 0.527313 54 0.002700
50 0.528584 49 0.002450
51 0.529855 75 0.003750
52 0.531126 33 0.001650
53 0.532396 47 0.002350
54 0.533667 55 0.002750
55 0.534938 31 0.001550
56 0.536208 31 0.001550
57 0.537479 27 0.001350
58 0.538750 28 0.001400
59 0.540020 15 0.000750
60 0.541291 22 0.001100
61 0.542562 19 0.000950
62 0.543832 24 0.001200
63 0.545103 21 0.001050
64 0.546374 25 0.001250
65 0.547645 10 0.000500
66 0.548915 6 0.000300
67 0.550186 29 0.001450
68 0.551457 13 0.000650
69 0.552727 20 0.001000
70 0.553998 23 0.001150
71 0.555269 15 0.000750
72 0.556539 8 0.000400
73 0.557810 4 0.000200
74 0.559081 15 0.000750
75 0.560351 3 0.000150
76 0.561622 18 0.000900
77 0.562893 10 0.000500
78 0.564164 5 0.000250
79 0.565434 6 0.000300
80 0.566705 2 0.000100
81 0.567976 6 0.000300
82 0.569246 10 0.000500
83 0.570517 3 0.000150
84 0.571788 1 0.000050
85 0.573058 6 0.000300
86 0.574329 11 0.000550
87 0.575600 3 0.000150
88 0.576870 1 0.000050
89 0.578141 1 0.000050
90 0.579412 8 0.000400
91 0.580683 5 0.000250
92 0.581953 1 0.000050
93 0.583224 3 0.000150
94 0.584495 1 0.000050
95 0.585765 0 0.000000
96 0.587036 0 0.000000
97 0.588307 1 0.000050
98 0.589577 7 0.000350
99 0.590848 1 0.000050
