0 0.042839 11 0.000550
1 0.052526 2 0.000100
2 0.062214 3 0.000150
3 0.071902 4 0.000200
4 0.081590 0 0.000000
5 0.091277 1 0.000050
6 0.100965 12 0.000600
7 0.110653 7 0.000350
8 0.120340 6 0.000300
9 0.130028 9 0.000450
10 0.139716 2 0.000100
11 0.149404 0 0.000000
12 0.159091 0 0.000000
13 0.168779 3 0.000150
14 0.178467 1 0.000050
15 0.188154 3 0.000150
16 0.197842 9 0.000450
17 0.207530 13 0.000650
18 0.217218 9 0.000450
19 0.226905 10 0.000500
20 0.236593 7 0.000350
21 0.246281 6 0.000300
22 0.255968 46 0.002300
23 0.265656 35 0.001750
24 0.275344 37 0.001850
25 0.285032 43 0.002150
26 0.294719 39 0.001950
27 0.304407 56 0.002800
28 0.314095 111 0.005550
29 0.323782 175 0.008750
30 0.333470 126 0.006300
31 0.343158 72 0.003600
32 0.352846 20 0.001000
33 0.362533 8 0.000400
34 0.372221 15 0.000750
35 0.381909 16 0.000800
36 0.391596 17 0.000850
37 0.401284 16 0.000800
38 0.410972 26 0.001300
39 0.420660 23 0.001150
40 0.430347 24 0.001200
41 0.440035 31 0.001550
42 0.449723 25 0.001250
43 0.459410 53 0.002650
44 0.469098 61 0.003050
45 0.478786 71 0.003550
46 0.488474 89 0.004450
47 0.498161 92 0.004600
48 0.507849 115 0.005750
49 0.517537 156 0.007800
50 0.527224 145 0.007250
51 0.536912 233 0.011650
52 0.546600 286 0.014300
53 0.556288 350 0.017500
54 0.565975 478 0.023900
55 0.575663 774 0.038700
56 0.585351 2178 0.108900
57 0.595038 2862 0.143100
58 0.604726 1665 0.083250
59 0.614414 1042 0.052100
60 0.624102 699 0.034950
61 0.633789 462 0.023100
62 0.643477 343 0.017150
63 0.653165 309 0.015450
64 0.662852 267 0.013350
65 0.672540 227 0.011350
66 0.682228 225 0.011250
67 0.691916 177 0.008850
68 0.701603 150 0.007500
69 0.711291 159 0.007950
70 0.720979 152 0.007600
71 0.730666 122 0.006100
72 0.740354 170 0.008500
73 0.750042 149 0.007450
74 0.759730 122 0.006100
75 0.769417 153 0.007650
76 0.779105 138 0.006900
77 0.788793 185 0.009250
78 0.798480 172 0.008600
79 0.808168 146 0.007300
80 0.817856 188 0.009400
81 0.827544 174 0.008700
82 0.837231 164 0.008200
83 0.846919 216 0.010800
84 0.856607 246 0.012300
85 0.866294 285 0.014250
86 0.875982 370 0.018500
87 0.885670 372 0.018600
88 0.895358 248 0.012400
89 0.905045 208 0.010400
90 0.914733 259 0.012950
91 0.924421 345 0.017250
92 0.934108 212 0.010600
93 0.943796 188 0.009400
94 0.953484 97 0.004850
95 0.963172 89 0.004450
96 0.972859 47 0.002350
97 0.982547 29 0.001450
98 0.992235 6 0.000300
99 1.001922 1 0.000050
