0 0.030643 1 0.000050
1 0.040309 4 0.000200
2 0.049976 1 0.000050
3 0.059642 6 0.000300
4 0.069309 3 0.000150
5 0.078975 5 0.000250
6 0.088641 2 0.000100
7 0.098308 23 0.001150
8 0.107974 15 0.000750
9 0.117641 10 0.000500
10 0.127307 7 0.000350
11 0.136974 12 0.000600
12 0.146640 12 0.000600
13 0.156307 26 0.001300
14 0.165973 16 0.000800
15 0.175640 18 0.000900
16 0.185306 18 0.000900
17 0.194972 13 0.000650
18 0.204639 26 0.001300
19 0.214305 27 0.001350
20 0.223972 17 0.000850
21 0.233638 34 0.001700
22 0.243305 36 0.001800
23 0.252971 31 0.001550
24 0.262638 44 0.002200
25 0.272304 45 0.002250
26 0.281970 48 0.002400
27 0.291637 31 0.001550
28 0.301303 57 0.002850
29 0.310970 73 0.003650
30 0.320636 77 0.003850
31 0.330303 53 0.002650
32 0.339969 93 0.004650
33 0.349636 94 0.004700
34 0.359302 102 0.005100
35 0.368969 128 0.006400
36 0.378635 123 0.006150
37 0.388301 171 0.008550
38 0.397968 184 0.009200
39 0.407634 216 0.010800
40 0.417301 211 0.010550
41 0.426967 243 0.012150
42 0.436634 319 0.015950
43 0.446300 385 0.019250
44 0.455967 483 0.024150
45 0.465633 618 0.030900
46 0.475300 898 0.044900
47 0.484966 1596 0.079800
48 0.494632 2455 0.122750
49 0.504299 2994 0.149700
50 0.513965 1865 0.093250
51 0.523632 1213 0.060650
52 0.533298 844 0.042200
53 0.542965 620 0.031000
54 0.552631 404 0.020200
55 0.562298 361 0.018050
56 0.571964 359 0.017950
57 0.581630 348 0.017400
58 0.591297 175 0.008750
59 0.600963 153 0.007650
60 0.610630 173 0.008650
61 0.620296 144 0.007200
62 0.629963 121 0.006050
63 0.639629 118 0.005900
64 0.649296 95 0.004750
65 0.658962 96 0.004800
66 0.668629 82 0.004100
67 0.678295 86 0.004300
68 0.687961 62 0.003100
69 0.697628 55 0.002750
70 0.707294 52 0.002600
71 0.716961 57 0.002850
72 0.726627 54 0.002700
73 0.736294 27 0.001350
74 0.745960 22 0.001100
75 0.755627 23 0.001150
76 0.765293 26 0.001300
77 0.774960 18 0.000900
78 0.784626 25 0.001250
79 0.794292 27 0.001350
80 0.803959 19 0.000950
81 0.813625 18 0.000900
82 0.823292 15 0.000750
83 0.832958 16 0.000800
84 0.842625 19 0.000950
85 0.852291 6 0.000300
86 0.861958 12 0.000600
87 0.871624 17 0.000850
88 0.881290 11 0.000550
89 0.890957 13 0.000650
90 0.900623 9 0.000450
91 0.910290 9 0.000450
92 0.919956 5 0.000250
93 0.929623 8 0.000400
94 0.939289 7 0.000350
95 0.948956 3 0.000150
96 0.958622 2 0.000100
97 0.968288 1 0.000050
98 0.977955 0 0.000000
99 0.987621 1 0.000050
