0 0.012166 5 0.000250
1 0.021934 5 0.000250
2 0.031703 9 0.000450
3 0.041471 5 0.000250
4 0.051239 13 0.000650
5 0.061007 10 0.000500
6 0.070776 4 0.000200
7 0.080544 11 0.000550
8 0.090312 4 0.000200
9 0.100080 15 0.000750
10 0.109849 7 0.000350
11 0.119617 4 0.000200
12 0.129385 6 0.000300
13 0.139153 10 0.000500
14 0.148922 12 0.000600
15 0.158690 21 0.001050
16 0.168458 15 0.000750
17 0.178226 17 0.000850
18 0.187995 10 0.000500
19 0.197763 27 0.001350
20 0.207531 23 0.001150
21 0.217299 32 0.001600
22 0.227068 24 0.001200
23 0.236836 24 0.001200
24 0.246604 34 0.001700
25 0.256372 28 0.001400
26 0.266141 42 0.002100
27 0.275909 68 0.003400
28 0.285677 56 0.002800
29 0.295445 68 0.003400
30 0.305214 66 0.003300
31 0.314982 61 0.003050
32 0.324750 95 0.004750
33 0.334518 82 0.004100
34 0.344287 82 0.004100
35 0.354055 76 0.003800
36 0.363823 116 0.005800
37 0.373591 115 0.005750
38 0.383360 175 0.008750
39 0.393128 178 0.008900
40 0.402896 229 0.011450
41 0.412665 251 0.012550
42 0.422433 272 0.013600
43 0.432201 325 0.016250
44 0.441969 418 0.020900
45 0.451738 542 0.027100
46 0.461506 729 0.036450
47 0.471274 1035 0.051750
48 0.481042 1832 0.091600
49 0.490811 3201 0.160050
50 0.500579 2714 0.135700
51 0.510347 1605 0.080250
52 0.520115 917 0.045850
53 0.529884 680 0.034000
54 0.539652 481 0.024050
55 0.549420 379 0.018950
56 0.559188 386 0.019300
57 0.568957 319 0.015950
58 0.578725 297 0.014850
59 0.588493 153 0.007650
60 0.598261 174 0.008700
61 0.608030 145 0.007250
62 0.617798 133 0.006650
63 0.627566 110 0.005500
64 0.637334 105 0.005250
65 0.647103 124 0.006200
66 0.656871 81 0.004050
67 0.666639 77 0.003850
68 0.676407 84 0.004200
69 0.686176 71 0.003550
70 0.695944 50 0.002500
71 0.705712 41 0.002050
72 0.715480 37 0.001850
73 0.725249 28 0.001400
74 0.735017 20 0.001000
75 0.744785 23 0.001150
76 0.754553 21 0.001050
77 0.764322 21 0.001050
78 0.774090 27 0.001350
79 0.783858 27 0.001350
80 0.793626 20 0.001000
81 0.803395 15 0.000750
82 0.813163 14 0.000700
83 0.822931 12 0.000600
84 0.832700 18 0.000900
85 0.842468 21 0.001050
86 0.852236 9 0.000450
87 0.862004 6 0.000300
88 0.871773 5 0.000250
89 0.881541 4 0.000200
90 0.891309 8 0.000400
91 0.901077 7 0.000350
92 0.910846 7 0.000350
93 0.920614 8 0.000400
94 0.930382 19 0.000950
95 0.940150 4 0.000200
96 0.949919 0 0.000000
97 0.959687 1 0.000050
98 0.969455 2 0.000100
99 0.979223 1 0.000050
