0 0.030643 1 0.000017
1 0.040454 10 0.000167
2 0.050265 8 0.000133
3 0.060076 8 0.000133
4 0.069886 8 0.000133
5 0.079697 5 0.000083
6 0.089508 4 0.000067
7 0.099319 36 0.000600
8 0.109130 20 0.000333
9 0.118941 16 0.000267
10 0.128752 17 0.000283
11 0.138563 15 0.000250
12 0.148374 16 0.000267
13 0.158185 21 0.000350
14 0.167995 21 0.000350
15 0.177806 19 0.000317
16 0.187617 22 0.000367
17 0.197428 26 0.000433
18 0.207239 35 0.000583
19 0.217050 36 0.000600
20 0.226861 33 0.000550
21 0.236672 42 0.000700
22 0.246483 38 0.000633
23 0.256294 89 0.001483
24 0.266104 85 0.001417
25 0.275915 87 0.001450
26 0.285726 73 0.001217
27 0.295537 87 0.001450
28 0.305348 131 0.002183
29 0.315159 196 0.003267
30 0.324970 235 0.003917
31 0.334781 182 0.003033
32 0.344592 164 0.002733
33 0.354403 133 0.002217
34 0.364214 122 0.002033
35 0.374024 132 0.002200
36 0.383835 164 0.002733
37 0.393646 190 0.003167
38 0.403457 229 0.003817
39 0.413268 247 0.004117
40 0.423079 270 0.004500
41 0.432890 303 0.005050
42 0.442701 399 0.006650
43 0.452512 507 0.008450
44 0.462323 609 0.010150
45 0.472133 893 0.014883
46 0.481944 2107 0.035117
47 0.491755 6202 0.103367
48 0.501566 15792 0.263200
49 0.511377 4036 0.067267
50 0.521188 1927 0.032117
51 0.530999 1379 0.022983
52 0.540810 1104 0.018400
53 0.550621 860 0.014333
54 0.560432 821 0.013683
55 0.570243 980 0.016333
56 0.580054 1671 0.027850
57 0.589864 2983 0.049717
58 0.599675 2558 0.042633
59 0.609486 1482 0.024700
60 0.619297 1009 0.016817
61 0.629108 675 0.011250
62 0.638919 521 0.008683
63 0.648730 429 0.007150
64 0.658541 364 0.006067
65 0.668352 333 0.005550
66 0.678163 318 0.005300
67 0.687973 256 0.004267
68 0.697784 228 0.003800
69 0.707595 208 0.003467
70 0.717406 213 0.003550
71 0.727217 190 0.003167
72 0.737028 163 0.002717
73 0.746839 195 0.003250
74 0.756650 153 0.002550
75 0.766461 173 0.002883
76 0.776272 158 0.002633
77 0.786083 199 0.003317
78 0.795893 203 0.003383
79 0.805704 171 0.002850
80 0.815515 192 0.003200
81 0.825326 218 0.003633
82 0.835137 168 0.002800
83 0.844948 221 0.003683
84 0.854759 270 0.004500
85 0.864570 259 0.004317
86 0.874381 417 0.006950
87 0.884192 385 0.006417
88 0.894002 274 0.004567
89 0.903813 210 0.003500
90 0.913624 277 0.004617
91 0.923435 353 0.005883
92 0.933246 232 0.003867
93 0.943057 197 0.003283
94 0.952868 104 0.001733
95 0.962679 93 0.001550
96 0.972490 45 0.000750
97 0.982301 33 0.000550
98 0.992112 6 0.000100
99 1.001922 1 0.000017
