0 0.020265 7 0.000350
1 0.030152 6 0.000300
2 0.040040 5 0.000250
3 0.049928 2 0.000100
4 0.059815 0 0.000000
5 0.069703 1 0.000050
6 0.079591 10 0.000500
7 0.089478 7 0.000350
8 0.099366 7 0.000350
9 0.109254 3 0.000150
10 0.119142 2 0.000100
11 0.129029 3 0.000150
12 0.138917 3 0.000150
13 0.148805 1 0.000050
14 0.158692 2 0.000100
15 0.168580 3 0.000150
16 0.178468 2 0.000100
17 0.188355 2 0.000100
18 0.198243 9 0.000450
19 0.208131 5 0.000250
20 0.218019 3 0.000150
21 0.227906 12 0.000600
22 0.237794 13 0.000650
23 0.247682 32 0.001600
24 0.257569 36 0.001800
25 0.267457 40 0.002000
26 0.277345 56 0.002800
27 0.287232 30 0.001500
28 0.297120 30 0.001500
29 0.307008 75 0.003750
30 0.316896 73 0.003650
31 0.326783 216 0.010800
32 0.336671 94 0.004700
33 0.346559 78 0.003900
34 0.356446 8 0.000400
35 0.366334 18 0.000900
36 0.376222 14 0.000700
37 0.386109 19 0.000950
38 0.395997 11 0.000550
39 0.405885 32 0.001600
40 0.415773 27 0.001350
41 0.425660 25 0.001250
42 0.435548 27 0.001350
43 0.445436 33 0.001650
44 0.455323 53 0.002650
45 0.465211 76 0.003800
46 0.475099 70 0.003500
47 0.484986 94 0.004700
48 0.494874 125 0.006250
49 0.504762 110 0.005500
50 0.514650 146 0.007300
51 0.524537 213 0.010650
52 0.534425 234 0.011700
53 0.544313 323 0.016150
54 0.554200 446 0.022300
55 0.564088 562 0.028100
56 0.573976 1465 0.073250
57 0.583863 2321 0.116050
58 0.593751 2614 0.130700
59 0.603639 1326 0.066300
60 0.613527 846 0.042300
61 0.623414 648 0.032400
62 0.633302 429 0.021450
63 0.643190 301 0.015050
64 0.653077 269 0.013450
65 0.662965 229 0.011450
66 0.672853 200 0.010000
67 0.682740 213 0.010650
68 0.692628 167 0.008350
69 0.702516 136 0.006800
70 0.712403 176 0.008800
71 0.722291 147 0.007350
72 0.732179 156 0.007800
73 0.742067 168 0.008400
74 0.751954 140 0.007000
75 0.761842 142 0.007100
76 0.771730 171 0.008550
77 0.781617 151 0.007550
78 0.791505 148 0.007400
79 0.801393 150 0.007500
80 0.811280 177 0.008850
81 0.821168 215 0.010750
82 0.831056 178 0.008900
83 0.840944 228 0.011400
84 0.850831 298 0.014900
85 0.860719 432 0.021600
86 0.870607 327 0.016350
87 0.880494 364 0.018200
88 0.890382 220 0.011000
89 0.900270 242 0.012100
90 0.910158 275 0.013750
91 0.920045 274 0.013700
92 0.929933 234 0.011700
93 0.939821 136 0.006800
94 0.949708 50 0.002500
95 0.959596 27 0.001350
96 0.969484 47 0.002350
97 0.979371 20 0.001000
98 0.989259 9 0.000450
99 0.999147 0 0.000000
