0 0.012166 7 0.000117
1 0.022136 10 0.000167
2 0.032105 18 0.000300
3 0.042075 8 0.000133
4 0.052044 17 0.000283
5 0.062014 7 0.000117
6 0.071983 14 0.000233
7 0.081953 12 0.000200
8 0.091922 12 0.000200
9 0.101892 23 0.000383
10 0.111861 11 0.000183
11 0.121831 9 0.000150
12 0.131800 8 0.000133
13 0.141770 20 0.000333
14 0.151739 10 0.000167
15 0.161709 24 0.000400
16 0.171678 20 0.000333
17 0.181648 15 0.000250
18 0.191617 28 0.000467
19 0.201587 39 0.000650
20 0.211556 39 0.000650
21 0.221526 40 0.000667
22 0.231495 38 0.000633
23 0.241465 53 0.000883
24 0.251434 70 0.001167
25 0.261404 68 0.001133
26 0.271373 110 0.001833
27 0.281343 111 0.001850
28 0.291312 94 0.001567
29 0.301282 126 0.002100
30 0.311251 204 0.003400
31 0.321221 252 0.004200
32 0.331190 371 0.006183
33 0.341160 238 0.003967
34 0.351129 265 0.004417
35 0.361099 293 0.004883
36 0.371068 495 0.008250
37 0.381038 365 0.006083
38 0.391007 390 0.006500
39 0.400977 569 0.009483
40 0.410946 690 0.011500
41 0.420916 1245 0.020750
42 0.430885 1080 0.018000
43 0.440855 860 0.014333
44 0.450824 1142 0.019033
45 0.460794 1571 0.026183
46 0.470763 1996 0.033267
47 0.480733 2612 0.043533
48 0.490702 4224 0.070400
49 0.500672 7061 0.117683
50 0.510641 2602 0.043367
51 0.520611 2212 0.036867
52 0.530580 2012 0.033533
53 0.540550 1296 0.021600
54 0.550519 1301 0.021683
55 0.560489 1457 0.024283
56 0.570458 2170 0.036167
57 0.580428 2797 0.046617
58 0.590397 3259 0.054317
59 0.600367 2084 0.034733
60 0.610336 1256 0.020933
61 0.620306 1404 0.023400
62 0.630275 800 0.013333
63 0.640245 532 0.008867
64 0.650214 467 0.007783
65 0.660184 388 0.006467
66 0.670153 423 0.007050
67 0.680123 320 0.005333
68 0.690092 239 0.003983
69 0.700062 220 0.003667
70 0.710031 226 0.003767
71 0.720001 177 0.002950
72 0.729970 189 0.003150
73 0.739940 191 0.003183
74 0.749909 169 0.002817
75 0.759879 168 0.002800
76 0.769848 177 0.002950
77 0.779818 190 0.003167
78 0.789787 192 0.003200
79 0.799757 170 0.002833
80 0.809726 192 0.003200
81 0.819696 216 0.003600
82 0.829665 203 0.003383
83 0.839635 242 0.004033
84 0.849604 303 0.005050
85 0.859574 438 0.007300
86 0.869543 347 0.005783
87 0.879513 362 0.006033
88 0.889482 235 0.003917
89 0.899452 256 0.004267
90 0.909421 289 0.004817
91 0.919391 277 0.004617
92 0.929360 263 0.004383
93 0.939330 147 0.002450
94 0.949299 50 0.000833
95 0.959269 29 0.000483
96 0.969238 49 0.000817
97 0.979208 21 0.000350
98 0.989177 9 0.000150
99 0.999147 0 0.000000
