initializing
training size    : 359556
testing size     : 20000
epoch count      : 10
sub epoch size   : 5

epoch_learning_rate_decay   : 8
learning_rate_decay         : 0.250000

training



epoch [0 0] from [10 5]
training time per iterations 3.969657[ms]
testing on 20000 items
testing done
average error 0.002411
min error     0.000000
max error     0.252682
saving best net
best net saved to networks/disc16x16x3_no_gaussian/net_6_depth/trained/, with error 0.002411



epoch [0 1] from [10 5]
training time per iterations 3.998053[ms]
testing on 20000 items
testing done
average error 0.002277
min error     0.000000
max error     0.274867
saving best net
best net saved to networks/disc16x16x3_no_gaussian/net_6_depth/trained/, with error 0.002277



epoch [0 2] from [10 5]
training time per iterations 3.956613[ms]
testing on 20000 items
testing done
average error 0.001969
min error     0.000000
max error     0.259660
saving best net
best net saved to networks/disc16x16x3_no_gaussian/net_6_depth/trained/, with error 0.001969



epoch [0 3] from [10 5]
training time per iterations 4.004798[ms]
testing on 20000 items
testing done
average error 0.001942
min error     0.000000
max error     0.259455
saving best net
best net saved to networks/disc16x16x3_no_gaussian/net_6_depth/trained/, with error 0.001942



epoch [0 4] from [10 5]
training time per iterations 4.008858[ms]
testing on 20000 items
testing done
average error 0.002040
min error     0.000000
max error     0.256590



epoch [1 0] from [10 5]
training time per iterations 3.996134[ms]
testing on 20000 items
testing done
average error 0.001998
min error     0.000000
max error     0.252409



epoch [1 1] from [10 5]
training time per iterations 4.003282[ms]
testing on 20000 items
testing done
average error 0.002003
min error     0.000000
max error     0.256150



epoch [1 2] from [10 5]
training time per iterations 3.966486[ms]
testing on 20000 items
testing done
average error 0.001852
min error     0.000000
max error     0.266499
saving best net
best net saved to networks/disc16x16x3_no_gaussian/net_6_depth/trained/, with error 0.001852



epoch [1 3] from [10 5]
training time per iterations 3.974315[ms]
testing on 20000 items
testing done
average error 0.001959
min error     0.000000
max error     0.267871



epoch [1 4] from [10 5]
training time per iterations 3.995383[ms]
testing on 20000 items
testing done
average error 0.001907
min error     0.000000
max error     0.265631



epoch [2 0] from [10 5]
training time per iterations 3.956279[ms]
testing on 20000 items
testing done
average error 0.001999
min error     0.000000
max error     0.256178



epoch [2 1] from [10 5]
training time per iterations 3.996190[ms]
testing on 20000 items
testing done
average error 0.001813
min error     0.000000
max error     0.246736
saving best net
best net saved to networks/disc16x16x3_no_gaussian/net_6_depth/trained/, with error 0.001813



epoch [2 2] from [10 5]
training time per iterations 3.971353[ms]
testing on 20000 items
testing done
average error 0.001912
min error     0.000000
max error     0.287367



epoch [2 3] from [10 5]
training time per iterations 3.981088[ms]
testing on 20000 items
testing done
average error 0.001873
min error     0.000000
max error     0.248958



epoch [2 4] from [10 5]
training time per iterations 3.985246[ms]
testing on 20000 items
testing done
average error 0.001892
min error     0.000000
max error     0.242907



epoch [3 0] from [10 5]
training time per iterations 3.954430[ms]
testing on 20000 items
testing done
average error 0.001735
min error     0.000000
max error     0.231832
saving best net
best net saved to networks/disc16x16x3_no_gaussian/net_6_depth/trained/, with error 0.001735



epoch [3 1] from [10 5]
training time per iterations 3.972188[ms]
testing on 20000 items
testing done
average error 0.001828
min error     0.000000
max error     0.246686



epoch [3 2] from [10 5]
training time per iterations 3.942109[ms]
testing on 20000 items
testing done
average error 0.001785
min error     0.000000
max error     0.253276



epoch [3 3] from [10 5]
training time per iterations 3.975637[ms]
testing on 20000 items
testing done
average error 0.001748
min error     0.000000
max error     0.267784



epoch [3 4] from [10 5]
training time per iterations 3.992741[ms]
testing on 20000 items
testing done
average error 0.001875
min error     0.000000
max error     0.263893



epoch [4 0] from [10 5]
training time per iterations 3.980059[ms]
testing on 20000 items
testing done
average error 0.001715
min error     0.000000
max error     0.250405
saving best net
best net saved to networks/disc16x16x3_no_gaussian/net_6_depth/trained/, with error 0.001715



epoch [4 1] from [10 5]
training time per iterations 4.026477[ms]
testing on 20000 items
testing done
average error 0.001933
min error     0.000000
max error     0.265469



epoch [4 2] from [10 5]
training time per iterations 4.045668[ms]
testing on 20000 items
testing done
average error 0.001872
min error     0.000000
max error     0.250570



epoch [4 3] from [10 5]
training time per iterations 3.999360[ms]
testing on 20000 items
testing done
average error 0.001759
min error     0.000000
max error     0.233856



epoch [4 4] from [10 5]
training time per iterations 4.003115[ms]
testing on 20000 items
testing done
average error 0.001735
min error     0.000000
max error     0.254440



epoch [5 0] from [10 5]
training time per iterations 3.979558[ms]
testing on 20000 items
testing done
average error 0.001862
min error     0.000000
max error     0.240377



epoch [5 1] from [10 5]
training time per iterations 3.987012[ms]
testing on 20000 items
testing done
average error 0.001822
min error     0.000000
max error     0.224195



epoch [5 2] from [10 5]
training time per iterations 4.012140[ms]
testing on 20000 items
testing done
average error 0.001663
min error     0.000000
max error     0.244490
saving best net
best net saved to networks/disc16x16x3_no_gaussian/net_6_depth/trained/, with error 0.001663



epoch [5 3] from [10 5]
training time per iterations 3.995536[ms]
testing on 20000 items
testing done
average error 0.001738
min error     0.000000
max error     0.227593



epoch [5 4] from [10 5]
training time per iterations 4.005590[ms]
testing on 20000 items
testing done
average error 0.001772
min error     0.000000
max error     0.235410



epoch [6 0] from [10 5]
training time per iterations 3.943180[ms]
testing on 20000 items
testing done
average error 0.001844
min error     0.000000
max error     0.261728



epoch [6 1] from [10 5]
training time per iterations 3.973648[ms]
testing on 20000 items
testing done
average error 0.001775
min error     0.000000
max error     0.240310



epoch [6 2] from [10 5]
training time per iterations 3.991809[ms]
testing on 20000 items
testing done
average error 0.001745
min error     0.000000
max error     0.249438



epoch [6 3] from [10 5]
training time per iterations 3.993617[ms]
testing on 20000 items
testing done
average error 0.001731
min error     0.000000
max error     0.232796



epoch [6 4] from [10 5]
training time per iterations 3.962634[ms]
testing on 20000 items
testing done
average error 0.001766
min error     0.000000
max error     0.239825



epoch [7 0] from [10 5]
training time per iterations 3.999235[ms]
testing on 20000 items
testing done
average error 0.001768
min error     0.000000
max error     0.246273



epoch [7 1] from [10 5]
training time per iterations 3.988124[ms]
testing on 20000 items
testing done
average error 0.001766
min error     0.000000
max error     0.262928



epoch [7 2] from [10 5]
training time per iterations 4.010096[ms]
testing on 20000 items
testing done
average error 0.001707
min error     0.000000
max error     0.241903



epoch [7 3] from [10 5]
training time per iterations 4.021151[ms]
testing on 20000 items
testing done
average error 0.001732
min error     0.000000
max error     0.237006



epoch [7 4] from [10 5]
training time per iterations 3.991058[ms]
testing on 20000 items
testing done
average error 0.001835
min error     0.000000
max error     0.241960
setting learning rate to 0.000050



epoch [8 0] from [10 5]
training time per iterations 3.998790[ms]
testing on 20000 items
testing done
average error 0.001717
min error     0.000000
max error     0.241625



epoch [8 1] from [10 5]
training time per iterations 4.009108[ms]
testing on 20000 items
testing done
average error 0.001743
min error     0.000000
max error     0.247918



epoch [8 2] from [10 5]
training time per iterations 4.005771[ms]
testing on 20000 items
testing done
average error 0.001722
min error     0.000000
max error     0.250232



epoch [8 3] from [10 5]
training time per iterations 3.975706[ms]
testing on 20000 items
testing done
average error 0.001764
min error     0.000000
max error     0.239979



epoch [8 4] from [10 5]
training time per iterations 3.971061[ms]
testing on 20000 items
testing done
average error 0.001717
min error     0.000000
max error     0.236702



epoch [9 0] from [10 5]
training time per iterations 3.960715[ms]
testing on 20000 items
testing done
average error 0.001711
min error     0.000000
max error     0.243035



epoch [9 1] from [10 5]
training time per iterations 3.997302[ms]
testing on 20000 items
testing done
average error 0.001753
min error     0.000000
max error     0.245125



epoch [9 2] from [10 5]
training time per iterations 4.013670[ms]
testing on 20000 items
testing done
average error 0.001728
min error     0.000000
max error     0.244734



epoch [9 3] from [10 5]
training time per iterations 3.941970[ms]
testing on 20000 items
testing done
average error 0.001751
min error     0.000000
max error     0.244084



epoch [9 4] from [10 5]
training time per iterations 3.999847[ms]
testing on 20000 items
testing done
average error 0.001798
min error     0.000000
max error     0.247946
training done
