0.000000 0 0 0.002411 0.000000 0.252682 0.002466 0.000000 0.156369
0.200000 0 1 0.002277 0.000000 0.274867 0.002275 0.000000 0.187708
0.400000 0 2 0.001969 0.000000 0.259660 0.002015 0.000000 0.182823
0.600000 0 3 0.001942 0.000000 0.259455 0.001987 0.000000 0.159495
0.800000 0 4 0.002040 0.000000 0.256590 0.002082 0.000000 0.261977
1.000000 1 0 0.001998 0.000000 0.252409 0.002009 0.000000 0.224986
1.200000 1 1 0.002003 0.000000 0.256150 0.001995 0.000000 0.259790
1.400000 1 2 0.001852 0.000000 0.266499 0.001883 0.000000 0.194724
1.600000 1 3 0.001959 0.000000 0.267871 0.001984 0.000000 0.243557
1.800000 1 4 0.001907 0.000000 0.265631 0.001950 0.000000 0.217548
2.000000 2 0 0.001999 0.000000 0.256178 0.002017 0.000000 0.256178
2.200000 2 1 0.001813 0.000000 0.246736 0.001845 0.000000 0.246736
2.400000 2 2 0.001912 0.000000 0.287367 0.001969 0.000000 0.279735
2.600000 2 3 0.001873 0.000000 0.248958 0.001896 0.000000 0.143732
2.800000 2 4 0.001892 0.000000 0.242907 0.001908 0.000000 0.202539
3.000000 3 0 0.001735 0.000000 0.231832 0.001797 0.000000 0.236954
3.200000 3 1 0.001828 0.000000 0.246686 0.001843 0.000000 0.191423
3.400000 3 2 0.001785 0.000000 0.253276 0.001825 0.000000 0.157597
3.600000 3 3 0.001748 0.000000 0.267784 0.001778 0.000000 0.209614
3.800000 3 4 0.001875 0.000000 0.263893 0.001878 0.000000 0.150497
4.000000 4 0 0.001715 0.000000 0.250405 0.001738 0.000000 0.243283
4.200000 4 1 0.001933 0.000000 0.265469 0.001958 0.000000 0.158310
4.400000 4 2 0.001872 0.000000 0.250570 0.001898 0.000000 0.243446
4.600000 4 3 0.001759 0.000000 0.233856 0.001787 0.000000 0.233772
4.800000 4 4 0.001735 0.000000 0.254440 0.001737 0.000000 0.134519
5.000000 5 0 0.001862 0.000000 0.240377 0.001877 0.000000 0.193397
5.200000 5 1 0.001822 0.000000 0.224195 0.001835 0.000000 0.160824
5.400000 5 2 0.001663 0.000000 0.244490 0.001721 0.000000 0.190990
5.600000 5 3 0.001738 0.000000 0.227593 0.001755 0.000000 0.231025
5.800000 5 4 0.001772 0.000000 0.235410 0.001813 0.000000 0.244449
6.000000 6 0 0.001844 0.000000 0.261728 0.001863 0.000000 0.222548
6.200000 6 1 0.001775 0.000000 0.240310 0.001786 0.000000 0.119122
6.400000 6 2 0.001745 0.000000 0.249438 0.001745 0.000000 0.150207
6.600000 6 3 0.001731 0.000000 0.232796 0.001762 0.000000 0.157093
6.800000 6 4 0.001766 0.000000 0.239825 0.001803 0.000000 0.198089
7.000000 7 0 0.001768 0.000000 0.246273 0.001788 0.000000 0.193254
7.200000 7 1 0.001766 0.000000 0.262928 0.001768 0.000000 0.161794
7.400000 7 2 0.001707 0.000000 0.241903 0.001696 0.000000 0.134608
7.600000 7 3 0.001732 0.000000 0.237006 0.001734 0.000000 0.189446
7.800000 7 4 0.001835 0.000000 0.241960 0.001858 0.000000 0.241960
8.000000 8 0 0.001717 0.000000 0.241625 0.001757 0.000000 0.246853
8.200000 8 1 0.001743 0.000000 0.247918 0.001749 0.000000 0.208450
8.400000 8 2 0.001722 0.000000 0.250232 0.001763 0.000000 0.189974
8.600000 8 3 0.001764 0.000000 0.239979 0.001793 0.000000 0.238856
8.800000 8 4 0.001717 0.000000 0.236702 0.001764 0.000000 0.239765
9.000000 9 0 0.001711 0.000000 0.243035 0.001730 0.000000 0.248279
9.200000 9 1 0.001753 0.000000 0.245125 0.001796 0.000000 0.156033
9.400000 9 2 0.001728 0.000000 0.244734 0.001783 0.000000 0.237694
9.600000 9 3 0.001751 0.000000 0.244084 0.001736 0.000000 0.132359
9.800000 9 4 0.001798 0.000000 0.247946 0.001854 0.000000 0.247946
