0 -0.437024 1 0.000017
1 -0.428934 0 0.000000
2 -0.420844 0 0.000000
3 -0.412753 0 0.000000
4 -0.404663 0 0.000000
5 -0.396573 1 0.000017
6 -0.388483 0 0.000000
7 -0.380393 0 0.000000
8 -0.372302 0 0.000000
9 -0.364212 0 0.000000
10 -0.356122 2 0.000033
11 -0.348032 2 0.000033
12 -0.339941 1 0.000017
13 -0.331851 1 0.000017
14 -0.323761 0 0.000000
15 -0.315671 0 0.000000
16 -0.307581 1 0.000017
17 -0.299490 4 0.000067
18 -0.291400 3 0.000050
19 -0.283310 4 0.000067
20 -0.275220 3 0.000050
21 -0.267129 3 0.000050
22 -0.259039 4 0.000067
23 -0.250949 3 0.000050
24 -0.242859 2 0.000033
25 -0.234768 3 0.000050
26 -0.226678 0 0.000000
27 -0.218588 2 0.000033
28 -0.210498 8 0.000133
29 -0.202408 16 0.000267
30 -0.194317 25 0.000417
31 -0.186227 34 0.000567
32 -0.178137 81 0.001350
33 -0.170047 56 0.000933
34 -0.161956 69 0.001150
35 -0.153866 89 0.001483
36 -0.145776 185 0.003083
37 -0.137686 271 0.004517
38 -0.129595 202 0.003367
39 -0.121505 185 0.003083
40 -0.113415 167 0.002783
41 -0.105325 186 0.003100
42 -0.097235 249 0.004150
43 -0.089144 450 0.007500
44 -0.081054 685 0.011417
45 -0.072964 718 0.011967
46 -0.064874 543 0.009050
47 -0.056783 447 0.007450
48 -0.048693 659 0.010983
49 -0.040603 1109 0.018483
50 -0.032513 1423 0.023717
51 -0.024423 2685 0.044750
52 -0.016332 6969 0.116150
53 -0.008242 20726 0.345433
54 -0.000152 9609 0.160150
55 0.007938 3346 0.055767
56 0.016029 1756 0.029267
57 0.024119 1376 0.022933
58 0.032209 882 0.014700
59 0.040299 507 0.008450
60 0.048390 467 0.007783
61 0.056480 696 0.011600
62 0.064570 568 0.009467
63 0.072660 343 0.005717
64 0.080750 270 0.004500
65 0.088841 187 0.003117
66 0.096931 204 0.003400
67 0.105021 202 0.003367
68 0.113111 259 0.004317
69 0.121202 306 0.005100
70 0.129292 201 0.003350
71 0.137382 83 0.001383
72 0.145472 85 0.001417
73 0.153563 104 0.001733
74 0.161653 108 0.001800
75 0.169743 60 0.001000
76 0.177833 26 0.000433
77 0.185923 26 0.000433
78 0.194014 10 0.000167
79 0.202104 7 0.000117
80 0.210194 7 0.000117
81 0.218284 8 0.000133
82 0.226375 2 0.000033
83 0.234465 2 0.000033
84 0.242555 4 0.000067
85 0.250645 2 0.000033
86 0.258735 1 0.000017
87 0.266826 0 0.000000
88 0.274916 0 0.000000
89 0.283006 1 0.000017
90 0.291096 2 0.000033
91 0.299187 1 0.000017
92 0.307277 0 0.000000
93 0.315367 1 0.000017
94 0.323457 1 0.000017
95 0.331547 2 0.000033
96 0.339638 0 0.000000
97 0.347728 0 0.000000
98 0.355818 1 0.000017
99 0.363908 0 0.000000
