0 -0.437024 1 0.000050
1 -0.428934 0 0.000000
2 -0.420844 0 0.000000
3 -0.412753 0 0.000000
4 -0.404663 0 0.000000
5 -0.396573 1 0.000050
6 -0.388483 0 0.000000
7 -0.380393 0 0.000000
8 -0.372302 0 0.000000
9 -0.364212 0 0.000000
10 -0.356122 2 0.000100
11 -0.348032 2 0.000100
12 -0.339941 1 0.000050
13 -0.331851 1 0.000050
14 -0.323761 0 0.000000
15 -0.315671 0 0.000000
16 -0.307581 1 0.000050
17 -0.299490 4 0.000200
18 -0.291400 3 0.000150
19 -0.283310 4 0.000200
20 -0.275220 3 0.000150
21 -0.267129 3 0.000150
22 -0.259039 4 0.000200
23 -0.250949 3 0.000150
24 -0.242859 2 0.000100
25 -0.234768 3 0.000150
26 -0.226678 0 0.000000
27 -0.218588 2 0.000100
28 -0.210498 8 0.000400
29 -0.202408 16 0.000800
30 -0.194317 25 0.001250
31 -0.186227 34 0.001700
32 -0.178137 76 0.003800
33 -0.170047 49 0.002450
34 -0.161956 64 0.003200
35 -0.153866 80 0.004000
36 -0.145776 170 0.008500
37 -0.137686 261 0.013050
38 -0.129595 188 0.009400
39 -0.121505 173 0.008650
40 -0.113415 153 0.007650
41 -0.105325 172 0.008600
42 -0.097235 233 0.011650
43 -0.089144 427 0.021350
44 -0.081054 648 0.032400
45 -0.072964 639 0.031950
46 -0.064874 412 0.020600
47 -0.056783 331 0.016550
48 -0.048693 451 0.022550
49 -0.040603 741 0.037050
50 -0.032513 667 0.033350
51 -0.024423 658 0.032900
52 -0.016332 926 0.046300
53 -0.008242 3325 0.166250
54 -0.000152 1487 0.074350
55 0.007938 820 0.041000
56 0.016029 878 0.043900
57 0.024119 952 0.047600
58 0.032209 625 0.031250
59 0.040299 356 0.017800
60 0.048390 370 0.018500
61 0.056480 609 0.030450
62 0.064570 530 0.026500
63 0.072660 314 0.015700
64 0.080750 256 0.012800
65 0.088841 176 0.008800
66 0.096931 195 0.009750
67 0.105021 199 0.009950
68 0.113111 251 0.012550
69 0.121202 300 0.015000
70 0.129292 197 0.009850
71 0.137382 76 0.003800
72 0.145472 77 0.003850
73 0.153563 102 0.005100
74 0.161653 106 0.005300
75 0.169743 59 0.002950
76 0.177833 24 0.001200
77 0.185923 22 0.001100
78 0.194014 10 0.000500
79 0.202104 7 0.000350
80 0.210194 7 0.000350
81 0.218284 8 0.000400
82 0.226375 2 0.000100
83 0.234465 2 0.000100
84 0.242555 4 0.000200
85 0.250645 2 0.000100
86 0.258735 1 0.000050
87 0.266826 0 0.000000
88 0.274916 0 0.000000
89 0.283006 1 0.000050
90 0.291096 2 0.000100
91 0.299187 1 0.000050
92 0.307277 0 0.000000
93 0.315367 1 0.000050
94 0.323457 1 0.000050
95 0.331547 2 0.000100
96 0.339638 0 0.000000
97 0.347728 0 0.000000
98 0.355818 1 0.000050
99 0.363908 0 0.000000
