0 0.000000 50466 0.841100
1 0.001929 2303 0.038383
2 0.003858 2219 0.036983
3 0.005788 1146 0.019100
4 0.007717 595 0.009917
5 0.009646 455 0.007583
6 0.011575 404 0.006733
7 0.013504 454 0.007567
8 0.015434 505 0.008417
9 0.017363 379 0.006317
10 0.019292 190 0.003167
11 0.021221 148 0.002467
12 0.023150 127 0.002117
13 0.025080 125 0.002083
14 0.027009 122 0.002033
15 0.028938 103 0.001717
16 0.030867 62 0.001033
17 0.032796 35 0.000583
18 0.034725 33 0.000550
19 0.036655 20 0.000333
20 0.038584 16 0.000267
21 0.040513 7 0.000117
22 0.042442 11 0.000183
23 0.044371 4 0.000067
24 0.046301 5 0.000083
25 0.048230 6 0.000100
26 0.050159 3 0.000050
27 0.052088 2 0.000033
28 0.054017 2 0.000033
29 0.055947 3 0.000050
30 0.057876 2 0.000033
31 0.059805 5 0.000083
32 0.061734 3 0.000050
33 0.063663 2 0.000033
34 0.065593 2 0.000033
35 0.067522 2 0.000033
36 0.069451 2 0.000033
37 0.071380 2 0.000033
38 0.073309 1 0.000017
39 0.075239 2 0.000033
40 0.077168 1 0.000017
41 0.079097 2 0.000033
42 0.081026 1 0.000017
43 0.082955 2 0.000033
44 0.084884 2 0.000033
45 0.086814 2 0.000033
46 0.088743 4 0.000067
47 0.090672 0 0.000000
48 0.092601 0 0.000000
49 0.094530 0 0.000000
50 0.096460 0 0.000000
51 0.098389 1 0.000017
52 0.100318 0 0.000000
53 0.102247 0 0.000000
54 0.104176 0 0.000000
55 0.106106 1 0.000017
56 0.108035 1 0.000017
57 0.109964 1 0.000017
58 0.111893 2 0.000033
59 0.113822 0 0.000000
60 0.115752 2 0.000033
61 0.117681 0 0.000000
62 0.119610 1 0.000017
63 0.121539 0 0.000000
64 0.123468 0 0.000000
65 0.125398 1 0.000017
66 0.127327 0 0.000000
67 0.129256 0 0.000000
68 0.131185 1 0.000017
69 0.133114 0 0.000000
70 0.135044 0 0.000000
71 0.136973 0 0.000000
72 0.138902 0 0.000000
73 0.140831 0 0.000000
74 0.142760 0 0.000000
75 0.144689 0 0.000000
76 0.146619 0 0.000000
77 0.148548 0 0.000000
78 0.150477 0 0.000000
79 0.152406 0 0.000000
80 0.154335 1 0.000017
81 0.156265 0 0.000000
82 0.158194 0 0.000000
83 0.160123 0 0.000000
84 0.162052 0 0.000000
85 0.163981 0 0.000000
86 0.165911 0 0.000000
87 0.167840 0 0.000000
88 0.169769 0 0.000000
89 0.171698 0 0.000000
90 0.173627 0 0.000000
91 0.175557 0 0.000000
92 0.177486 0 0.000000
93 0.179415 0 0.000000
94 0.181344 0 0.000000
95 0.183273 0 0.000000
96 0.185203 0 0.000000
97 0.187132 0 0.000000
98 0.189061 0 0.000000
99 0.190990 1 0.000017
