0 -0.171369 2 0.000100
1 -0.167937 0 0.000000
2 -0.164505 1 0.000050
3 -0.161073 0 0.000000
4 -0.157641 0 0.000000
5 -0.154210 0 0.000000
6 -0.150778 4 0.000200
7 -0.147346 1 0.000050
8 -0.143914 4 0.000200
9 -0.140482 3 0.000150
10 -0.137050 2 0.000100
11 -0.133618 2 0.000100
12 -0.130186 1 0.000050
13 -0.126754 1 0.000050
14 -0.123322 4 0.000200
15 -0.119890 4 0.000200
16 -0.116459 3 0.000150
17 -0.113027 4 0.000200
18 -0.109595 3 0.000150
19 -0.106163 0 0.000000
20 -0.102731 1 0.000050
21 -0.099299 4 0.000200
22 -0.095867 3 0.000150
23 -0.092435 3 0.000150
24 -0.089003 10 0.000500
25 -0.085571 4 0.000200
26 -0.082139 6 0.000300
27 -0.078708 8 0.000400
28 -0.075276 10 0.000500
29 -0.071844 8 0.000400
30 -0.068412 19 0.000950
31 -0.064980 17 0.000850
32 -0.061548 16 0.000800
33 -0.058116 25 0.001250
34 -0.054684 34 0.001700
35 -0.051252 25 0.001250
36 -0.047820 29 0.001450
37 -0.044389 44 0.002200
38 -0.040957 76 0.003800
39 -0.037525 75 0.003750
40 -0.034093 117 0.005850
41 -0.030661 140 0.007000
42 -0.027229 220 0.011000
43 -0.023797 333 0.016650
44 -0.020365 535 0.026750
45 -0.016933 750 0.037500
46 -0.013501 1466 0.073300
47 -0.010069 2697 0.134850
48 -0.006638 4420 0.221000
49 -0.003206 3754 0.187700
50 0.000226 1903 0.095150
51 0.003658 1040 0.052000
52 0.007090 680 0.034000
53 0.010522 411 0.020550
54 0.013954 264 0.013200
55 0.017386 197 0.009850
56 0.020818 106 0.005300
57 0.024250 93 0.004650
58 0.027682 52 0.002600
59 0.031113 52 0.002600
60 0.034545 45 0.002250
61 0.037977 36 0.001800
62 0.041409 35 0.001750
63 0.044841 23 0.001150
64 0.048273 30 0.001500
65 0.051705 22 0.001100
66 0.055137 26 0.001300
67 0.058569 14 0.000700
68 0.062001 18 0.000900
69 0.065433 6 0.000300
70 0.068864 12 0.000600
71 0.072296 12 0.000600
72 0.075728 4 0.000200
73 0.079160 7 0.000350
74 0.082592 2 0.000100
75 0.086024 0 0.000000
76 0.089456 2 0.000100
77 0.092888 3 0.000150
78 0.096320 1 0.000050
79 0.099752 3 0.000150
80 0.103184 2 0.000100
81 0.106615 1 0.000050
82 0.110047 0 0.000000
83 0.113479 2 0.000100
84 0.116911 0 0.000000
85 0.120343 1 0.000050
86 0.123775 0 0.000000
87 0.127207 1 0.000050
88 0.130639 0 0.000000
89 0.134071 0 0.000000
90 0.137503 1 0.000050
91 0.140934 1 0.000050
92 0.144366 1 0.000050
93 0.147798 0 0.000000
94 0.151230 1 0.000050
95 0.154662 0 0.000000
96 0.158094 1 0.000050
97 0.161526 0 0.000000
98 0.164958 0 0.000000
99 0.168390 1 0.000050
