0 -0.177083 1 0.000050
1 -0.173350 3 0.000150
2 -0.169616 2 0.000100
3 -0.165883 3 0.000150
4 -0.162149 2 0.000100
5 -0.158416 3 0.000150
6 -0.154683 1 0.000050
7 -0.150949 4 0.000200
8 -0.147216 1 0.000050
9 -0.143483 3 0.000150
10 -0.139749 4 0.000200
11 -0.136016 5 0.000250
12 -0.132283 2 0.000100
13 -0.128549 4 0.000200
14 -0.124816 2 0.000100
15 -0.121083 2 0.000100
16 -0.117349 4 0.000200
17 -0.113616 1 0.000050
18 -0.109883 4 0.000200
19 -0.106149 4 0.000200
20 -0.102416 4 0.000200
21 -0.098682 9 0.000450
22 -0.094949 3 0.000150
23 -0.091216 0 0.000000
24 -0.087482 4 0.000200
25 -0.083749 6 0.000300
26 -0.080016 7 0.000350
27 -0.076282 7 0.000350
28 -0.072549 18 0.000900
29 -0.068816 32 0.001600
30 -0.065082 29 0.001450
31 -0.061349 45 0.002250
32 -0.057616 31 0.001550
33 -0.053882 22 0.001100
34 -0.050149 43 0.002150
35 -0.046416 53 0.002650
36 -0.042682 62 0.003100
37 -0.038949 69 0.003450
38 -0.035215 115 0.005750
39 -0.031482 149 0.007450
40 -0.027749 233 0.011650
41 -0.024015 375 0.018750
42 -0.020282 552 0.027600
43 -0.016549 860 0.043000
44 -0.012815 1498 0.074900
45 -0.009082 2716 0.135800
46 -0.005349 4047 0.202350
47 -0.001615 3662 0.183100
48 0.002118 1998 0.099900
49 0.005851 1142 0.057100
50 0.009585 697 0.034850
51 0.013318 398 0.019900
52 0.017051 248 0.012400
53 0.020785 179 0.008950
54 0.024518 119 0.005950
55 0.028252 110 0.005500
56 0.031985 87 0.004350
57 0.035718 63 0.003150
58 0.039452 60 0.003000
59 0.043185 22 0.001100
60 0.046918 26 0.001300
61 0.050652 12 0.000600
62 0.054385 26 0.001300
63 0.058118 17 0.000850
64 0.061852 13 0.000650
65 0.065585 9 0.000450
66 0.069318 6 0.000300
67 0.073052 4 0.000200
68 0.076785 5 0.000250
69 0.080518 3 0.000150
70 0.084252 3 0.000150
71 0.087985 5 0.000250
72 0.091719 1 0.000050
73 0.095452 2 0.000100
74 0.099185 3 0.000150
75 0.102919 2 0.000100
76 0.106652 0 0.000000
77 0.110385 2 0.000100
78 0.114119 1 0.000050
79 0.117852 4 0.000200
80 0.121585 3 0.000150
81 0.125319 0 0.000000
82 0.129052 0 0.000000
83 0.132785 1 0.000050
84 0.136519 6 0.000300
85 0.140252 0 0.000000
86 0.143985 3 0.000150
87 0.147719 4 0.000200
88 0.151452 2 0.000100
89 0.155186 0 0.000000
90 0.158919 0 0.000000
91 0.162652 0 0.000000
92 0.166386 2 0.000100
93 0.170119 0 0.000000
94 0.173852 0 0.000000
95 0.177586 2 0.000100
96 0.181319 0 0.000000
97 0.185052 3 0.000150
98 0.188786 1 0.000050
99 0.192519 0 0.000000
