0 0.053521 4 0.000067
1 0.063009 14 0.000233
2 0.072497 2 0.000033
3 0.081985 18 0.000300
4 0.091473 2 0.000033
5 0.100961 12 0.000200
6 0.110449 2 0.000033
7 0.119937 14 0.000233
8 0.129425 17 0.000283
9 0.138913 2 0.000033
10 0.148401 49 0.000817
11 0.157889 43 0.000717
12 0.167377 52 0.000867
13 0.176865 27 0.000450
14 0.186353 39 0.000650
15 0.195841 54 0.000900
16 0.205329 8 0.000133
17 0.214817 19 0.000317
18 0.224305 45 0.000750
19 0.233793 66 0.001100
20 0.243281 23 0.000383
21 0.252770 59 0.000983
22 0.262258 59 0.000983
23 0.271746 65 0.001083
24 0.281234 68 0.001133
25 0.290722 116 0.001933
26 0.300210 67 0.001117
27 0.309698 108 0.001800
28 0.319186 248 0.004133
29 0.328674 219 0.003650
30 0.338162 206 0.003433
31 0.347650 101 0.001683
32 0.357138 107 0.001783
33 0.366626 101 0.001683
34 0.376114 157 0.002617
35 0.385602 153 0.002550
36 0.395090 252 0.004200
37 0.404578 198 0.003300
38 0.414066 217 0.003617
39 0.423554 295 0.004917
40 0.433042 366 0.006100
41 0.442530 466 0.007767
42 0.452018 721 0.012017
43 0.461506 707 0.011783
44 0.470994 1412 0.023533
45 0.480482 2087 0.034783
46 0.489970 5767 0.096117
47 0.499458 13123 0.218717
48 0.508946 5616 0.093600
49 0.518434 2461 0.041017
50 0.527922 1656 0.027600
51 0.537410 1064 0.017733
52 0.546898 851 0.014183
53 0.556386 748 0.012467
54 0.565874 969 0.016150
55 0.575362 1259 0.020983
56 0.584850 2578 0.042967
57 0.594338 2488 0.041467
58 0.603826 1543 0.025717
59 0.613314 1172 0.019533
60 0.622802 747 0.012450
61 0.632290 635 0.010583
62 0.641778 399 0.006650
63 0.651266 277 0.004617
64 0.660754 339 0.005650
65 0.670242 414 0.006900
66 0.679730 208 0.003467
67 0.689218 239 0.003983
68 0.698706 181 0.003017
69 0.708194 202 0.003367
70 0.717682 202 0.003367
71 0.727171 129 0.002150
72 0.736659 112 0.001867
73 0.746147 244 0.004067
74 0.755635 218 0.003633
75 0.765123 158 0.002633
76 0.774611 140 0.002333
77 0.784099 194 0.003233
78 0.793587 229 0.003817
79 0.803075 144 0.002400
80 0.812563 148 0.002467
81 0.822051 168 0.002800
82 0.831539 245 0.004083
83 0.841027 282 0.004700
84 0.850515 313 0.005217
85 0.860003 403 0.006717
86 0.869491 392 0.006533
87 0.878979 416 0.006933
88 0.888467 303 0.005050
89 0.897955 202 0.003367
90 0.907443 250 0.004167
91 0.916931 287 0.004783
92 0.926419 355 0.005917
93 0.935907 172 0.002867
94 0.945395 137 0.002283
95 0.954883 47 0.000783
96 0.964371 51 0.000850
97 0.973859 27 0.000450
98 0.983347 28 0.000467
99 0.992835 1 0.000017
