0 0.053521 4 0.000200
1 0.062682 14 0.000700
2 0.071844 2 0.000100
3 0.081005 15 0.000750
4 0.090167 3 0.000150
5 0.099328 14 0.000700
6 0.108489 2 0.000100
7 0.117651 3 0.000150
8 0.126812 25 0.001250
9 0.135974 3 0.000150
10 0.145135 24 0.001200
11 0.154296 24 0.001200
12 0.163458 15 0.000750
13 0.172619 46 0.002300
14 0.181781 11 0.000550
15 0.190942 22 0.001100
16 0.200103 23 0.001150
17 0.209265 10 0.000500
18 0.218426 32 0.001600
19 0.227587 21 0.001050
20 0.236749 39 0.001950
21 0.245910 39 0.001950
22 0.255072 24 0.001200
23 0.264233 25 0.001250
24 0.273394 66 0.003300
25 0.282556 26 0.001300
26 0.291717 41 0.002050
27 0.300879 37 0.001850
28 0.310040 71 0.003550
29 0.319201 61 0.003050
30 0.328363 107 0.005350
31 0.337524 80 0.004000
32 0.346686 88 0.004400
33 0.355847 74 0.003700
34 0.365008 86 0.004300
35 0.374170 123 0.006150
36 0.383331 154 0.007700
37 0.392493 194 0.009700
38 0.401654 180 0.009000
39 0.410815 141 0.007050
40 0.419977 245 0.012250
41 0.429138 279 0.013950
42 0.438299 489 0.024450
43 0.447461 409 0.020450
44 0.456622 549 0.027450
45 0.465784 569 0.028450
46 0.474945 1016 0.050800
47 0.484106 1380 0.069000
48 0.493268 2745 0.137250
49 0.502429 2942 0.147100
50 0.511591 1571 0.078550
51 0.520752 1108 0.055400
52 0.529913 811 0.040550
53 0.539075 544 0.027200
54 0.548236 421 0.021050
55 0.557398 307 0.015350
56 0.566559 393 0.019650
57 0.575720 239 0.011950
58 0.584882 244 0.012200
59 0.594043 197 0.009850
60 0.603204 122 0.006100
61 0.612366 183 0.009150
62 0.621527 86 0.004300
63 0.630689 118 0.005900
64 0.639850 122 0.006100
65 0.649011 52 0.002600
66 0.658173 56 0.002800
67 0.667334 98 0.004900
68 0.676496 108 0.005400
69 0.685657 60 0.003000
70 0.694818 44 0.002200
71 0.703980 3 0.000150
72 0.713141 20 0.001000
73 0.722303 54 0.002700
74 0.731464 9 0.000450
75 0.740625 29 0.001450
76 0.749787 50 0.002500
77 0.758948 40 0.002000
78 0.768110 21 0.001050
79 0.777271 14 0.000700
80 0.786432 36 0.001800
81 0.795594 19 0.000950
82 0.804755 18 0.000900
83 0.813917 9 0.000450
84 0.823078 14 0.000700
85 0.832239 19 0.000950
86 0.841401 27 0.001350
87 0.850562 37 0.001850
88 0.859723 17 0.000850
89 0.868885 4 0.000200
90 0.878046 14 0.000700
91 0.887208 14 0.000700
92 0.896369 1 0.000050
93 0.905530 12 0.000600
94 0.914692 11 0.000550
95 0.923853 14 0.000700
96 0.933015 8 0.000400
97 0.942176 0 0.000000
98 0.951337 8 0.000400
99 0.960499 2 0.000100
