0 0.018025 7 0.000350
1 0.027944 8 0.000400
2 0.037863 4 0.000200
3 0.047782 5 0.000250
4 0.057701 5 0.000250
5 0.067619 5 0.000250
6 0.077538 9 0.000450
7 0.087457 5 0.000250
8 0.097376 6 0.000300
9 0.107295 3 0.000150
10 0.117214 1 0.000050
11 0.127133 4 0.000200
12 0.137052 3 0.000150
13 0.146971 2 0.000100
14 0.156890 5 0.000250
15 0.166809 4 0.000200
16 0.176728 2 0.000100
17 0.186647 4 0.000200
18 0.196566 3 0.000150
19 0.206485 3 0.000150
20 0.216404 0 0.000000
21 0.226323 3 0.000150
22 0.236242 6 0.000300
23 0.246160 19 0.000950
24 0.256079 30 0.001500
25 0.265998 25 0.001250
26 0.275917 31 0.001550
27 0.285836 29 0.001450
28 0.295755 35 0.001750
29 0.305674 77 0.003850
30 0.315593 99 0.004950
31 0.325512 163 0.008150
32 0.335431 125 0.006250
33 0.345350 76 0.003800
34 0.355269 19 0.000950
35 0.365188 16 0.000800
36 0.375107 22 0.001100
37 0.385026 13 0.000650
38 0.394945 19 0.000950
39 0.404864 33 0.001650
40 0.414782 33 0.001650
41 0.424701 25 0.001250
42 0.434620 34 0.001700
43 0.444539 51 0.002550
44 0.454458 56 0.002800
45 0.464377 61 0.003050
46 0.474296 83 0.004150
47 0.484215 97 0.004850
48 0.494134 142 0.007100
49 0.504053 120 0.006000
50 0.513972 155 0.007750
51 0.523891 188 0.009400
52 0.533810 226 0.011300
53 0.543729 298 0.014900
54 0.553648 447 0.022350
55 0.563567 567 0.028350
56 0.573485 1273 0.063650
57 0.583404 2220 0.111000
58 0.593323 2502 0.125100
59 0.603242 1304 0.065200
60 0.613161 951 0.047550
61 0.623080 718 0.035900
62 0.632999 452 0.022600
63 0.642918 317 0.015850
64 0.652837 266 0.013300
65 0.662756 215 0.010750
66 0.672675 230 0.011500
67 0.682594 168 0.008400
68 0.692513 172 0.008600
69 0.702432 155 0.007750
70 0.712351 145 0.007250
71 0.722270 171 0.008550
72 0.732189 166 0.008300
73 0.742108 147 0.007350
74 0.752026 160 0.008000
75 0.761945 166 0.008300
76 0.771864 186 0.009300
77 0.781783 156 0.007800
78 0.791702 165 0.008250
79 0.801621 156 0.007800
80 0.811540 180 0.009000
81 0.821459 259 0.012950
82 0.831378 199 0.009950
83 0.841297 233 0.011650
84 0.851216 303 0.015150
85 0.861135 442 0.022100
86 0.871054 364 0.018200
87 0.880973 355 0.017750
88 0.890892 278 0.013900
89 0.900811 229 0.011450
90 0.910730 276 0.013800
91 0.920648 274 0.013700
92 0.930567 239 0.011950
93 0.940486 137 0.006850
94 0.950405 45 0.002250
95 0.960324 46 0.002300
96 0.970243 44 0.002200
97 0.980162 18 0.000900
98 0.990081 6 0.000300
99 1.000000 1 0.000050
