0 0.011944 6 0.000100
1 0.021924 11 0.000183
2 0.031905 15 0.000250
3 0.041885 10 0.000167
4 0.051865 19 0.000317
5 0.061846 16 0.000267
6 0.071826 14 0.000233
7 0.081806 19 0.000317
8 0.091787 18 0.000300
9 0.101767 19 0.000317
10 0.111747 9 0.000150
11 0.121728 20 0.000333
12 0.131708 13 0.000217
13 0.141689 11 0.000183
14 0.151669 20 0.000333
15 0.161649 22 0.000367
16 0.171630 23 0.000383
17 0.181610 24 0.000400
18 0.191590 31 0.000517
19 0.201571 33 0.000550
20 0.211551 56 0.000933
21 0.221531 47 0.000783
22 0.231512 31 0.000517
23 0.241492 44 0.000733
24 0.251473 62 0.001033
25 0.261453 62 0.001033
26 0.271433 69 0.001150
27 0.281414 94 0.001567
28 0.291394 92 0.001533
29 0.301374 110 0.001833
30 0.311355 230 0.003833
31 0.321335 278 0.004633
32 0.331316 325 0.005417
33 0.341296 254 0.004233
34 0.351276 245 0.004083
35 0.361257 357 0.005950
36 0.371237 521 0.008683
37 0.381217 391 0.006517
38 0.391198 379 0.006317
39 0.401178 506 0.008433
40 0.411158 641 0.010683
41 0.421139 1236 0.020600
42 0.431119 1119 0.018650
43 0.441100 847 0.014117
44 0.451080 1132 0.018867
45 0.461060 1526 0.025433
46 0.471041 2066 0.034433
47 0.481021 2599 0.043317
48 0.491001 4276 0.071267
49 0.500982 7332 0.122200
50 0.510962 2428 0.040467
51 0.520942 2208 0.036800
52 0.530923 1865 0.031083
53 0.540903 1290 0.021500
54 0.550884 1347 0.022450
55 0.560864 1496 0.024933
56 0.570844 2042 0.034033
57 0.580825 2659 0.044317
58 0.590805 3092 0.051533
59 0.600785 2012 0.033533
60 0.610766 1363 0.022717
61 0.620746 1378 0.022967
62 0.630726 838 0.013967
63 0.640707 526 0.008767
64 0.650687 497 0.008283
65 0.660668 385 0.006417
66 0.670648 449 0.007483
67 0.680628 281 0.004683
68 0.690609 237 0.003950
69 0.700589 224 0.003733
70 0.710569 197 0.003283
71 0.720550 203 0.003383
72 0.730530 203 0.003383
73 0.740511 180 0.003000
74 0.750491 191 0.003183
75 0.760471 186 0.003100
76 0.770452 231 0.003850
77 0.780432 168 0.002800
78 0.790412 199 0.003317
79 0.800393 162 0.002700
80 0.810373 210 0.003500
81 0.820353 272 0.004533
82 0.830334 224 0.003733
83 0.840314 245 0.004083
84 0.850295 329 0.005483
85 0.860275 432 0.007200
86 0.870255 400 0.006667
87 0.880236 369 0.006150
88 0.890216 293 0.004883
89 0.900196 234 0.003900
90 0.910177 303 0.005050
91 0.920157 283 0.004717
92 0.930137 268 0.004467
93 0.940118 144 0.002400
94 0.950098 51 0.000850
95 0.960079 50 0.000833
96 0.970059 50 0.000833
97 0.980039 19 0.000317
98 0.990020 6 0.000100
99 1.000000 1 0.000017
