0 0.149631 27 0.001350
1 0.158148 16 0.000800
2 0.166666 16 0.000800
3 0.175183 0 0.000000
4 0.183700 0 0.000000
5 0.192217 46 0.002300
6 0.200734 1 0.000050
7 0.209252 1 0.000050
8 0.217769 4 0.000200
9 0.226286 19 0.000950
10 0.234803 7 0.000350
11 0.243320 2 0.000100
12 0.251838 18 0.000900
13 0.260355 30 0.001500
14 0.268872 26 0.001300
15 0.277389 14 0.000700
16 0.285906 18 0.000900
17 0.294424 65 0.003250
18 0.302941 35 0.001750
19 0.311458 30 0.001500
20 0.319975 95 0.004750
21 0.328493 186 0.009300
22 0.337010 100 0.005000
23 0.345527 34 0.001700
24 0.354044 13 0.000650
25 0.362561 18 0.000900
26 0.371079 21 0.001050
27 0.379596 22 0.001100
28 0.388113 9 0.000450
29 0.396630 6 0.000300
30 0.405147 25 0.001250
31 0.413665 61 0.003050
32 0.422182 17 0.000850
33 0.430699 15 0.000750
34 0.439216 29 0.001450
35 0.447734 21 0.001050
36 0.456251 57 0.002850
37 0.464768 46 0.002300
38 0.473285 94 0.004700
39 0.481802 45 0.002250
40 0.490320 113 0.005650
41 0.498837 152 0.007600
42 0.507354 121 0.006050
43 0.515871 118 0.005900
44 0.524388 144 0.007200
45 0.532906 217 0.010850
46 0.541423 236 0.011800
47 0.549940 363 0.018150
48 0.558457 341 0.017050
49 0.566975 523 0.026150
50 0.575492 884 0.044200
51 0.584009 2028 0.101400
52 0.592526 1979 0.098950
53 0.601043 1654 0.082700
54 0.609561 993 0.049650
55 0.618078 800 0.040000
56 0.626595 502 0.025100
57 0.635112 362 0.018100
58 0.643629 278 0.013900
59 0.652147 192 0.009600
60 0.660664 231 0.011550
61 0.669181 254 0.012700
62 0.677698 181 0.009050
63 0.686215 133 0.006650
64 0.694733 154 0.007700
65 0.703250 137 0.006850
66 0.711767 151 0.007550
67 0.720284 175 0.008750
68 0.728801 85 0.004250
69 0.737319 74 0.003700
70 0.745836 175 0.008750
71 0.754353 168 0.008400
72 0.762870 130 0.006500
73 0.771388 83 0.004150
74 0.779905 118 0.005900
75 0.788422 196 0.009800
76 0.796939 175 0.008750
77 0.805456 93 0.004650
78 0.813974 142 0.007100
79 0.822491 104 0.005200
80 0.831008 228 0.011400
81 0.839525 189 0.009450
82 0.848042 285 0.014250
83 0.856560 313 0.015650
84 0.865077 333 0.016650
85 0.873594 344 0.017200
86 0.882111 311 0.015550
87 0.890629 270 0.013500
88 0.899146 180 0.009000
89 0.907663 216 0.010800
90 0.916180 277 0.013850
91 0.924697 291 0.014550
92 0.933215 203 0.010150
93 0.941732 105 0.005250
94 0.950249 94 0.004700
95 0.958766 30 0.001500
96 0.967283 39 0.001950
97 0.975801 15 0.000750
98 0.984318 28 0.001400
99 0.992835 1 0.000050
