0 0.105739 2 0.000100
1 0.113568 0 0.000000
2 0.121398 1 0.000050
3 0.129227 3 0.000150
4 0.137056 0 0.000000
5 0.144885 0 0.000000
6 0.152715 0 0.000000
7 0.160544 0 0.000000
8 0.168373 0 0.000000
9 0.176203 0 0.000000
10 0.184032 1 0.000050
11 0.191861 0 0.000000
12 0.199690 5 0.000250
13 0.207520 3 0.000150
14 0.215349 7 0.000350
15 0.223178 6 0.000300
16 0.231008 1 0.000050
17 0.238837 2 0.000100
18 0.246666 2 0.000100
19 0.254495 1 0.000050
20 0.262325 0 0.000000
21 0.270154 0 0.000000
22 0.277983 2 0.000100
23 0.285812 2 0.000100
24 0.293642 8 0.000400
25 0.301471 27 0.001350
26 0.309300 20 0.001000
27 0.317130 37 0.001850
28 0.324959 76 0.003800
29 0.332788 57 0.002850
30 0.340617 50 0.002500
31 0.348447 68 0.003400
32 0.356276 143 0.007150
33 0.364105 140 0.007000
34 0.371934 307 0.015350
35 0.379764 168 0.008400
36 0.387593 165 0.008250
37 0.395422 161 0.008050
38 0.403252 232 0.011600
39 0.411081 271 0.013550
40 0.418910 454 0.022700
41 0.426739 881 0.044050
42 0.434569 445 0.022250
43 0.442398 312 0.015600
44 0.450227 347 0.017350
45 0.458056 505 0.025250
46 0.465886 779 0.038950
47 0.473715 635 0.031750
48 0.481544 531 0.026550
49 0.489374 644 0.032200
50 0.497203 4235 0.211750
51 0.505032 808 0.040400
52 0.512861 590 0.029500
53 0.520691 708 0.035400
54 0.528520 1050 0.052500
55 0.536349 511 0.025550
56 0.544178 409 0.020450
57 0.552008 424 0.021200
58 0.559837 439 0.021950
59 0.567666 658 0.032900
60 0.575496 387 0.019350
61 0.583325 285 0.014250
62 0.591154 226 0.011300
63 0.598983 200 0.010000
64 0.606813 233 0.011650
65 0.614642 184 0.009200
66 0.622471 362 0.018100
67 0.630300 209 0.010450
68 0.638130 85 0.004250
69 0.645959 69 0.003450
70 0.653788 110 0.005500
71 0.661618 62 0.003100
72 0.669447 112 0.005600
73 0.677276 46 0.002300
74 0.685105 16 0.000800
75 0.692935 23 0.001150
76 0.700764 21 0.001050
77 0.708593 16 0.000800
78 0.716422 1 0.000050
79 0.724252 0 0.000000
80 0.732081 1 0.000050
81 0.739910 2 0.000100
82 0.747740 0 0.000000
83 0.755569 2 0.000100
84 0.763398 1 0.000050
85 0.771227 2 0.000100
86 0.779057 2 0.000100
87 0.786886 2 0.000100
88 0.794715 3 0.000150
89 0.802545 2 0.000100
90 0.810374 0 0.000000
91 0.818203 0 0.000000
92 0.826032 0 0.000000
93 0.833862 0 0.000000
94 0.841691 0 0.000000
95 0.849520 0 0.000000
96 0.857349 1 0.000050
97 0.865179 0 0.000000
98 0.873008 1 0.000050
99 0.880837 1 0.000050
