0 0.437296 1 0.000050
1 0.438949 0 0.000000
2 0.440601 0 0.000000
3 0.442254 1 0.000050
4 0.443906 0 0.000000
5 0.445559 2 0.000100
6 0.447211 0 0.000000
7 0.448864 0 0.000000
8 0.450516 0 0.000000
9 0.452168 3 0.000150
10 0.453821 9 0.000450
11 0.455473 13 0.000650
12 0.457126 13 0.000650
13 0.458778 23 0.001150
14 0.460431 4 0.000200
15 0.462083 12 0.000600
16 0.463736 35 0.001750
17 0.465388 30 0.001500
18 0.467040 24 0.001200
19 0.468693 39 0.001950
20 0.470345 55 0.002750
21 0.471998 34 0.001700
22 0.473650 55 0.002750
23 0.475303 98 0.004900
24 0.476955 101 0.005050
25 0.478608 75 0.003750
26 0.480260 144 0.007200
27 0.481912 83 0.004150
28 0.483565 106 0.005300
29 0.485217 161 0.008050
30 0.486870 152 0.007600
31 0.488522 273 0.013650
32 0.490175 397 0.019850
33 0.491827 437 0.021850
34 0.493480 576 0.028800
35 0.495132 631 0.031550
36 0.496785 887 0.044350
37 0.498437 928 0.046400
38 0.500089 1525 0.076250
39 0.501742 1516 0.075800
40 0.503394 1985 0.099250
41 0.505047 1792 0.089600
42 0.506699 1763 0.088150
43 0.508352 1133 0.056650
44 0.510004 992 0.049600
45 0.511657 742 0.037100
46 0.513309 474 0.023700
47 0.514961 393 0.019650
48 0.516614 337 0.016850
49 0.518266 286 0.014300
50 0.519919 218 0.010900
51 0.521571 232 0.011600
52 0.523224 136 0.006800
53 0.524876 119 0.005950
54 0.526529 125 0.006250
55 0.528181 133 0.006650
56 0.529833 112 0.005600
57 0.531486 62 0.003100
58 0.533138 65 0.003250
59 0.534791 46 0.002300
60 0.536443 83 0.004150
61 0.538096 19 0.000950
62 0.539748 64 0.003200
63 0.541401 31 0.001550
64 0.543053 60 0.003000
65 0.544706 3 0.000150
66 0.546358 28 0.001400
67 0.548010 15 0.000750
68 0.549663 19 0.000950
69 0.551315 6 0.000300
70 0.552968 24 0.001200
71 0.554620 7 0.000350
72 0.556273 0 0.000000
73 0.557925 7 0.000350
74 0.559578 8 0.000400
75 0.561230 5 0.000250
76 0.562882 0 0.000000
77 0.564535 15 0.000750
78 0.566187 3 0.000150
79 0.567840 2 0.000100
80 0.569492 3 0.000150
81 0.571145 2 0.000100
82 0.572797 1 0.000050
83 0.574450 0 0.000000
84 0.576102 0 0.000000
85 0.577754 0 0.000000
86 0.579407 2 0.000100
87 0.581059 0 0.000000
88 0.582712 0 0.000000
89 0.584364 0 0.000000
90 0.586017 0 0.000000
91 0.587669 0 0.000000
92 0.589322 2 0.000100
93 0.590974 0 0.000000
94 0.592626 0 0.000000
95 0.594279 0 0.000000
96 0.595931 0 0.000000
97 0.597584 0 0.000000
98 0.599236 0 0.000000
99 0.600889 3 0.000150
