0 0.011944 5 0.000250
1 0.021714 3 0.000150
2 0.031485 5 0.000250
3 0.041255 8 0.000400
4 0.051026 12 0.000600
5 0.060796 13 0.000650
6 0.070567 8 0.000400
7 0.080337 9 0.000450
8 0.090108 11 0.000550
9 0.099878 13 0.000650
10 0.109649 10 0.000500
11 0.119419 13 0.000650
12 0.129190 9 0.000450
13 0.138960 8 0.000400
14 0.148731 7 0.000350
15 0.158501 26 0.001300
16 0.168272 15 0.000750
17 0.178042 18 0.000900
18 0.187813 29 0.001450
19 0.197583 15 0.000750
20 0.207354 35 0.001750
21 0.217124 44 0.002200
22 0.226895 35 0.001750
23 0.236665 34 0.001700
24 0.246436 23 0.001150
25 0.256206 36 0.001800
26 0.265977 30 0.001500
27 0.275747 54 0.002700
28 0.285518 53 0.002650
29 0.295288 53 0.002650
30 0.305059 47 0.002350
31 0.314829 78 0.003900
32 0.324600 80 0.004000
33 0.334370 81 0.004050
34 0.344141 96 0.004800
35 0.353911 96 0.004800
36 0.363682 153 0.007650
37 0.373452 135 0.006750
38 0.383223 159 0.007950
39 0.392993 166 0.008300
40 0.402764 208 0.010400
41 0.412534 253 0.012650
42 0.422305 288 0.014400
43 0.432075 357 0.017850
44 0.441846 415 0.020750
45 0.451616 551 0.027550
46 0.461387 703 0.035150
47 0.471157 1032 0.051600
48 0.480928 1747 0.087350
49 0.490698 3051 0.152550
50 0.500469 2835 0.141750
51 0.510239 1542 0.077100
52 0.520010 961 0.048050
53 0.529780 670 0.033500
54 0.539551 508 0.025400
55 0.549321 371 0.018550
56 0.559092 387 0.019350
57 0.568862 333 0.016650
58 0.578633 303 0.015150
59 0.588403 158 0.007900
60 0.598174 157 0.007850
61 0.607944 135 0.006750
62 0.617715 137 0.006850
63 0.627485 128 0.006400
64 0.637256 90 0.004500
65 0.647026 111 0.005550
66 0.656797 82 0.004100
67 0.666567 75 0.003750
68 0.676338 83 0.004150
69 0.686108 51 0.002550
70 0.695879 36 0.001800
71 0.705649 27 0.001350
72 0.715420 42 0.002100
73 0.725190 42 0.002100
74 0.734961 23 0.001150
75 0.744731 32 0.001600
76 0.754502 29 0.001450
77 0.764272 29 0.001450
78 0.774043 16 0.000800
79 0.783813 23 0.001150
80 0.793584 20 0.001000
81 0.803354 18 0.000900
82 0.813125 22 0.001100
83 0.822895 15 0.000750
84 0.832666 18 0.000900
85 0.842436 25 0.001250
86 0.852207 20 0.001000
87 0.861977 7 0.000350
88 0.871748 10 0.000500
89 0.881518 9 0.000450
90 0.891289 7 0.000350
91 0.901059 16 0.000800
92 0.910830 12 0.000600
93 0.920600 13 0.000650
94 0.930371 19 0.000950
95 0.940141 8 0.000400
96 0.949912 4 0.000200
97 0.959682 4 0.000200
98 0.969453 6 0.000300
99 0.979223 1 0.000050
