initializing
training size    : 359556
testing size     : 20000
epoch count      : 10
sub epoch size   : 5

epoch_learning_rate_decay   : 8
learning_rate_decay         : 0.250000

training



epoch [0 0] from [10 5]
training time per iterations 3.382793[ms]
testing on 20000 items
testing done
average error 0.003490
min error     0.000000
max error     0.256525
saving best net
best net saved to networks/disc8x8x3_no_gaussian/net_7_depth/trained/, with error 0.003490



epoch [0 1] from [10 5]
training time per iterations 3.379664[ms]
testing on 20000 items
testing done
average error 0.003134
min error     0.000000
max error     0.257821
saving best net
best net saved to networks/disc8x8x3_no_gaussian/net_7_depth/trained/, with error 0.003134



epoch [0 2] from [10 5]
training time per iterations 3.390997[ms]
testing on 20000 items
testing done
average error 0.003182
min error     0.000000
max error     0.257071



epoch [0 3] from [10 5]
training time per iterations 3.385379[ms]
testing on 20000 items
testing done
average error 0.002967
min error     0.000000
max error     0.236060
saving best net
best net saved to networks/disc8x8x3_no_gaussian/net_7_depth/trained/, with error 0.002967



epoch [0 4] from [10 5]
training time per iterations 3.378649[ms]
testing on 20000 items
testing done
average error 0.003058
min error     0.000000
max error     0.248708



epoch [1 0] from [10 5]
training time per iterations 3.379664[ms]
testing on 20000 items
testing done
average error 0.002991
min error     0.000000
max error     0.245897



epoch [1 1] from [10 5]
training time per iterations 3.382528[ms]
testing on 20000 items
testing done
average error 0.002954
min error     0.000000
max error     0.272446
saving best net
best net saved to networks/disc8x8x3_no_gaussian/net_7_depth/trained/, with error 0.002954



epoch [1 2] from [10 5]
training time per iterations 3.382264[ms]
testing on 20000 items
testing done
average error 0.002889
min error     0.000000
max error     0.258386
saving best net
best net saved to networks/disc8x8x3_no_gaussian/net_7_depth/trained/, with error 0.002889



epoch [1 3] from [10 5]
training time per iterations 3.387326[ms]
testing on 20000 items
testing done
average error 0.002893
min error     0.000000
max error     0.263963



epoch [1 4] from [10 5]
training time per iterations 3.371974[ms]
testing on 20000 items
testing done
average error 0.002876
min error     0.000000
max error     0.243814
saving best net
best net saved to networks/disc8x8x3_no_gaussian/net_7_depth/trained/, with error 0.002876



epoch [2 0] from [10 5]
training time per iterations 3.380901[ms]
testing on 20000 items
testing done
average error 0.002920
min error     0.000000
max error     0.251417



epoch [2 1] from [10 5]
training time per iterations 3.386172[ms]
testing on 20000 items
testing done
average error 0.002854
min error     0.000000
max error     0.242153
saving best net
best net saved to networks/disc8x8x3_no_gaussian/net_7_depth/trained/, with error 0.002854



epoch [2 2] from [10 5]
training time per iterations 3.389676[ms]
testing on 20000 items
testing done
average error 0.002915
min error     0.000000
max error     0.261914



epoch [2 3] from [10 5]
training time per iterations 3.374574[ms]
testing on 20000 items
testing done
average error 0.002791
min error     0.000000
max error     0.255412
saving best net
best net saved to networks/disc8x8x3_no_gaussian/net_7_depth/trained/, with error 0.002791



epoch [2 4] from [10 5]
training time per iterations 3.376896[ms]
testing on 20000 items
testing done
average error 0.002851
min error     0.000000
max error     0.247596



epoch [3 0] from [10 5]
training time per iterations 3.374824[ms]
testing on 20000 items
testing done
average error 0.002779
min error     0.000000
max error     0.249753
saving best net
best net saved to networks/disc8x8x3_no_gaussian/net_7_depth/trained/, with error 0.002779



epoch [3 1] from [10 5]
training time per iterations 3.374254[ms]
testing on 20000 items
testing done
average error 0.002784
min error     0.000000
max error     0.237654



epoch [3 2] from [10 5]
training time per iterations 3.380943[ms]
testing on 20000 items
testing done
average error 0.002901
min error     0.000000
max error     0.247388



epoch [3 3] from [10 5]
training time per iterations 3.385421[ms]
testing on 20000 items
testing done
average error 0.002847
min error     0.000000
max error     0.249288



epoch [3 4] from [10 5]
training time per iterations 3.385490[ms]
testing on 20000 items
testing done
average error 0.002918
min error     0.000000
max error     0.245866



epoch [4 0] from [10 5]
training time per iterations 3.389036[ms]
testing on 20000 items
testing done
average error 0.002854
min error     0.000000
max error     0.247099



epoch [4 1] from [10 5]
training time per iterations 3.377842[ms]
testing on 20000 items
testing done
average error 0.002746
min error     0.000000
max error     0.247691
saving best net
best net saved to networks/disc8x8x3_no_gaussian/net_7_depth/trained/, with error 0.002746



epoch [4 2] from [10 5]
training time per iterations 3.379177[ms]
testing on 20000 items
testing done
average error 0.002862
min error     0.000000
max error     0.263929



epoch [4 3] from [10 5]
training time per iterations 3.386130[ms]
testing on 20000 items
testing done
average error 0.002754
min error     0.000000
max error     0.251317



epoch [4 4] from [10 5]
training time per iterations 3.381124[ms]
testing on 20000 items
testing done
average error 0.002781
min error     0.000000
max error     0.234440



epoch [5 0] from [10 5]
training time per iterations 3.391456[ms]
testing on 20000 items
testing done
average error 0.002738
min error     0.000000
max error     0.230717
saving best net
best net saved to networks/disc8x8x3_no_gaussian/net_7_depth/trained/, with error 0.002738



epoch [5 1] from [10 5]
training time per iterations 3.373434[ms]
testing on 20000 items
testing done
average error 0.002764
min error     0.000000
max error     0.246142



epoch [5 2] from [10 5]
training time per iterations 3.378287[ms]
testing on 20000 items
testing done
average error 0.002765
min error     0.000000
max error     0.244181



epoch [5 3] from [10 5]
training time per iterations 3.376410[ms]
testing on 20000 items
testing done
average error 0.002803
min error     0.000000
max error     0.253422



epoch [5 4] from [10 5]
training time per iterations 3.378718[ms]
testing on 20000 items
testing done
average error 0.002912
min error     0.000000
max error     0.246792



epoch [6 0] from [10 5]
training time per iterations 3.381096[ms]
testing on 20000 items
testing done
average error 0.002706
min error     0.000000
max error     0.240463
saving best net
best net saved to networks/disc8x8x3_no_gaussian/net_7_depth/trained/, with error 0.002706



epoch [6 1] from [10 5]
training time per iterations 3.378955[ms]
testing on 20000 items
testing done
average error 0.002798
min error     0.000000
max error     0.254847



epoch [6 2] from [10 5]
training time per iterations 3.377898[ms]
testing on 20000 items
testing done
average error 0.002776
min error     0.000000
max error     0.251235



epoch [6 3] from [10 5]
training time per iterations 3.407740[ms]
testing on 20000 items
testing done
average error 0.002820
min error     0.000000
max error     0.260231



epoch [6 4] from [10 5]
training time per iterations 3.379594[ms]
testing on 20000 items
testing done
average error 0.002711
min error     0.000000
max error     0.243743



epoch [7 0] from [10 5]
training time per iterations 3.380206[ms]
testing on 20000 items
testing done
average error 0.002902
min error     0.000000
max error     0.243836



epoch [7 1] from [10 5]
training time per iterations 3.381291[ms]
testing on 20000 items
testing done
average error 0.002715
min error     0.000000
max error     0.241286



epoch [7 2] from [10 5]
training time per iterations 3.378218[ms]
testing on 20000 items
testing done
average error 0.002751
min error     0.000000
max error     0.245361



epoch [7 3] from [10 5]
training time per iterations 3.384392[ms]
testing on 20000 items
testing done
average error 0.002856
min error     0.000000
max error     0.249443



epoch [7 4] from [10 5]
training time per iterations 3.378440[ms]
testing on 20000 items
testing done
average error 0.002739
min error     0.000000
max error     0.249104
setting learning rate to 0.000050



epoch [8 0] from [10 5]
training time per iterations 3.387131[ms]
testing on 20000 items
testing done
average error 0.002766
min error     0.000000
max error     0.248089



epoch [8 1] from [10 5]
training time per iterations 3.380568[ms]
testing on 20000 items
testing done
average error 0.002735
min error     0.000000
max error     0.241198



epoch [8 2] from [10 5]
training time per iterations 3.383154[ms]
testing on 20000 items
testing done
average error 0.002696
min error     0.000000
max error     0.244241
saving best net
best net saved to networks/disc8x8x3_no_gaussian/net_7_depth/trained/, with error 0.002696



epoch [8 3] from [10 5]
training time per iterations 3.375242[ms]
testing on 20000 items
testing done
average error 0.002751
min error     0.000000
max error     0.249913



epoch [8 4] from [10 5]
training time per iterations 3.380860[ms]
testing on 20000 items
testing done
average error 0.002720
min error     0.000000
max error     0.241217



epoch [9 0] from [10 5]
training time per iterations 3.383891[ms]
testing on 20000 items
testing done
average error 0.002739
min error     0.000000
max error     0.245280



epoch [9 1] from [10 5]
training time per iterations 3.380415[ms]
testing on 20000 items
testing done
average error 0.002701
min error     0.000000
max error     0.239181



epoch [9 2] from [10 5]
training time per iterations 3.382667[ms]
testing on 20000 items
testing done
average error 0.002704
min error     0.000000
max error     0.243470



epoch [9 3] from [10 5]
training time per iterations 3.372961[ms]
testing on 20000 items
testing done
average error 0.002783
min error     0.000000
max error     0.247026



epoch [9 4] from [10 5]
training time per iterations 3.390149[ms]
testing on 20000 items
testing done
average error 0.002796
min error     0.000000
max error     0.242830
training done
