0.000000 0 0 0.003490 0.000000 0.256525 0.003512 0.000000 0.259949
0.200000 0 1 0.003134 0.000000 0.257821 0.003164 0.000000 0.157885
0.400000 0 2 0.003182 0.000000 0.257071 0.003211 0.000000 0.225050
0.600000 0 3 0.002967 0.000000 0.236060 0.003029 0.000000 0.156666
0.800000 0 4 0.003058 0.000000 0.248708 0.003080 0.000000 0.248707
1.000000 1 0 0.002991 0.000000 0.245897 0.002994 0.000000 0.182191
1.200000 1 1 0.002954 0.000000 0.272446 0.002955 0.000000 0.210947
1.400000 1 2 0.002889 0.000000 0.258386 0.002890 0.000000 0.155138
1.600000 1 3 0.002893 0.000000 0.263963 0.002907 0.000000 0.176284
1.800000 1 4 0.002876 0.000000 0.243814 0.002953 0.000000 0.237074
2.000000 2 0 0.002920 0.000000 0.251417 0.002851 0.000000 0.163714
2.200000 2 1 0.002854 0.000000 0.242153 0.002910 0.000000 0.146861
2.400000 2 2 0.002915 0.000000 0.261914 0.002942 0.000000 0.261914
2.600000 2 3 0.002791 0.000000 0.255412 0.002787 0.000000 0.157602
2.800000 2 4 0.002851 0.000000 0.247596 0.002869 0.000000 0.242166
3.000000 3 0 0.002779 0.000000 0.249753 0.002809 0.000000 0.157904
3.200000 3 1 0.002784 0.000000 0.237654 0.002768 0.000000 0.145657
3.400000 3 2 0.002901 0.000000 0.247388 0.002939 0.000000 0.170729
3.600000 3 3 0.002847 0.000000 0.249288 0.002866 0.000000 0.229623
3.800000 3 4 0.002918 0.000000 0.245866 0.002970 0.000000 0.233097
4.000000 4 0 0.002854 0.000000 0.247099 0.002906 0.000000 0.230372
4.200000 4 1 0.002746 0.000000 0.247691 0.002782 0.000000 0.230245
4.400000 4 2 0.002862 0.000000 0.263929 0.002891 0.000000 0.210180
4.600000 4 3 0.002754 0.000000 0.251317 0.002789 0.000000 0.213630
4.800000 4 4 0.002781 0.000000 0.234440 0.002787 0.000000 0.182605
5.000000 5 0 0.002738 0.000000 0.230717 0.002761 0.000000 0.170982
5.200000 5 1 0.002764 0.000000 0.246142 0.002852 0.000000 0.244548
5.400000 5 2 0.002765 0.000000 0.244181 0.002768 0.000000 0.171494
5.600000 5 3 0.002803 0.000000 0.253422 0.002891 0.000000 0.202949
5.800000 5 4 0.002912 0.000000 0.246792 0.002941 0.000000 0.152968
6.000000 6 0 0.002706 0.000000 0.240463 0.002779 0.000000 0.213706
6.200000 6 1 0.002798 0.000000 0.254847 0.002851 0.000000 0.263034
6.400000 6 2 0.002776 0.000000 0.251235 0.002851 0.000000 0.153537
6.600000 6 3 0.002820 0.000000 0.260231 0.002840 0.000000 0.215105
6.800000 6 4 0.002711 0.000000 0.243743 0.002739 0.000000 0.147745
7.000000 7 0 0.002902 0.000000 0.243836 0.002949 0.000000 0.201279
7.200000 7 1 0.002715 0.000000 0.241286 0.002765 0.000000 0.177745
7.400000 7 2 0.002751 0.000000 0.245361 0.002812 0.000000 0.256581
7.600000 7 3 0.002856 0.000000 0.249443 0.002865 0.000000 0.231422
7.800000 7 4 0.002739 0.000000 0.249104 0.002740 0.000000 0.209644
8.000000 8 0 0.002766 0.000000 0.248089 0.002905 0.000000 0.165519
8.200000 8 1 0.002735 0.000000 0.241198 0.002753 0.000000 0.218795
8.400000 8 2 0.002696 0.000000 0.244241 0.002697 0.000000 0.258701
8.600000 8 3 0.002751 0.000000 0.249913 0.002772 0.000000 0.254927
8.800000 8 4 0.002720 0.000000 0.241217 0.002756 0.000000 0.153616
9.000000 9 0 0.002739 0.000000 0.245280 0.002784 0.000000 0.151790
9.200000 9 1 0.002701 0.000000 0.239181 0.002744 0.000000 0.225376
9.400000 9 2 0.002704 0.000000 0.243470 0.002721 0.000000 0.251575
9.600000 9 3 0.002783 0.000000 0.247026 0.002835 0.000000 0.155936
9.800000 9 4 0.002796 0.000000 0.242830 0.002755 0.000000 0.197003
