initializing
training size    : 359556
testing size     : 20000
epoch count      : 10
sub epoch size   : 5

epoch_learning_rate_decay   : 8
learning_rate_decay         : 0.250000

training



epoch [0 0] from [10 5]
training time per iterations 5.794079[ms]
testing on 20000 items
testing done
average error 0.002265
min error     0.000000
max error     0.162022
saving best net
best net saved to networks/disc40x20x3/net_6/trained/, with error 0.002265



epoch [0 1] from [10 5]
training time per iterations 5.800170[ms]
testing on 20000 items
testing done
average error 0.001918
min error     0.000000
max error     0.164952
saving best net
best net saved to networks/disc40x20x3/net_6/trained/, with error 0.001918



epoch [0 2] from [10 5]
training time per iterations 5.794454[ms]
testing on 20000 items
testing done
average error 0.001835
min error     0.000000
max error     0.166738
saving best net
best net saved to networks/disc40x20x3/net_6/trained/, with error 0.001835



epoch [0 3] from [10 5]
training time per iterations 5.807206[ms]
testing on 20000 items
testing done
average error 0.001727
min error     0.000000
max error     0.159012
saving best net
best net saved to networks/disc40x20x3/net_6/trained/, with error 0.001727



epoch [0 4] from [10 5]
training time per iterations 5.802019[ms]
testing on 20000 items
testing done
average error 0.001767
min error     0.000000
max error     0.170993



epoch [1 0] from [10 5]
training time per iterations 5.801936[ms]
testing on 20000 items
testing done
average error 0.001711
min error     0.000000
max error     0.157583
saving best net
best net saved to networks/disc40x20x3/net_6/trained/, with error 0.001711



epoch [1 1] from [10 5]
training time per iterations 5.794983[ms]
testing on 20000 items
testing done
average error 0.001629
min error     0.000000
max error     0.164919
saving best net
best net saved to networks/disc40x20x3/net_6/trained/, with error 0.001629



epoch [1 2] from [10 5]
training time per iterations 5.796332[ms]
testing on 20000 items
testing done
average error 0.001792
min error     0.000000
max error     0.169425



epoch [1 3] from [10 5]
training time per iterations 5.798682[ms]
testing on 20000 items
testing done
average error 0.001851
min error     0.000000
max error     0.176490



epoch [1 4] from [10 5]
training time per iterations 5.793828[ms]
testing on 20000 items
testing done
average error 0.001647
min error     0.000000
max error     0.174150



epoch [2 0] from [10 5]
training time per iterations 5.800726[ms]
testing on 20000 items
testing done
average error 0.001608
min error     0.000000
max error     0.174814
saving best net
best net saved to networks/disc40x20x3/net_6/trained/, with error 0.001608



epoch [2 1] from [10 5]
training time per iterations 5.793592[ms]
testing on 20000 items
testing done
average error 0.001779
min error     0.000000
max error     0.187825



epoch [2 2] from [10 5]
training time per iterations 5.802520[ms]
testing on 20000 items
testing done
average error 0.001553
min error     0.000000
max error     0.171487
saving best net
best net saved to networks/disc40x20x3/net_6/trained/, with error 0.001553



epoch [2 3] from [10 5]
training time per iterations 5.811489[ms]
testing on 20000 items
testing done
average error 0.001587
min error     0.000000
max error     0.172089



epoch [2 4] from [10 5]
training time per iterations 5.811684[ms]
testing on 20000 items
testing done
average error 0.001746
min error     0.000000
max error     0.172007



epoch [3 0] from [10 5]
training time per iterations 5.810113[ms]
testing on 20000 items
testing done
average error 0.001782
min error     0.000000
max error     0.161055



epoch [3 1] from [10 5]
training time per iterations 5.793940[ms]
testing on 20000 items
testing done
average error 0.001801
min error     0.000000
max error     0.166223



epoch [3 2] from [10 5]
training time per iterations 5.799516[ms]
testing on 20000 items
testing done
average error 0.001631
min error     0.000000
max error     0.169940



epoch [3 3] from [10 5]
training time per iterations 5.804856[ms]
testing on 20000 items
testing done
average error 0.001580
min error     0.000000
max error     0.173532



epoch [3 4] from [10 5]
training time per iterations 5.806302[ms]
testing on 20000 items
testing done
average error 0.001631
min error     0.000000
max error     0.156644



epoch [4 0] from [10 5]
training time per iterations 5.796165[ms]
testing on 20000 items
testing done
average error 0.001628
min error     0.000000
max error     0.169643



epoch [4 1] from [10 5]
training time per iterations 5.799766[ms]
testing on 20000 items
testing done
average error 0.001638
min error     0.000000
max error     0.170824



epoch [4 2] from [10 5]
training time per iterations 5.798751[ms]
testing on 20000 items
testing done
average error 0.001573
min error     0.000000
max error     0.173008



epoch [4 3] from [10 5]
training time per iterations 5.797750[ms]
testing on 20000 items
testing done
average error 0.001560
min error     0.000000
max error     0.168123



epoch [4 4] from [10 5]
training time per iterations 5.797945[ms]
testing on 20000 items
testing done
average error 0.001660
min error     0.000000
max error     0.175202



epoch [5 0] from [10 5]
training time per iterations 5.808152[ms]
testing on 20000 items
testing done
average error 0.001633
min error     0.000000
max error     0.163876



epoch [5 1] from [10 5]
training time per iterations 5.795831[ms]
testing on 20000 items
testing done
average error 0.001687
min error     0.000000
max error     0.178087



epoch [5 2] from [10 5]
training time per iterations 5.794844[ms]
testing on 20000 items
testing done
average error 0.001652
min error     0.000000
max error     0.169414



epoch [5 3] from [10 5]
training time per iterations 5.798125[ms]
testing on 20000 items
testing done
average error 0.001532
min error     0.000000
max error     0.183611
saving best net
best net saved to networks/disc40x20x3/net_6/trained/, with error 0.001532



epoch [5 4] from [10 5]
training time per iterations 5.802881[ms]
testing on 20000 items
testing done
average error 0.001602
min error     0.000000
max error     0.159502



epoch [6 0] from [10 5]
training time per iterations 5.795150[ms]
testing on 20000 items
testing done
average error 0.001631
min error     0.000000
max error     0.171740



epoch [6 1] from [10 5]
training time per iterations 5.798306[ms]
testing on 20000 items
testing done
average error 0.001648
min error     0.000000
max error     0.173502



epoch [6 2] from [10 5]
training time per iterations 5.797444[ms]
testing on 20000 items
testing done
average error 0.001644
min error     0.000000
max error     0.163888



epoch [6 3] from [10 5]
training time per iterations 5.791047[ms]
testing on 20000 items
testing done
average error 0.001662
min error     0.000000
max error     0.155681



epoch [6 4] from [10 5]
training time per iterations 5.806719[ms]
testing on 20000 items
testing done
average error 0.001728
min error     0.000000
max error     0.161554



epoch [7 0] from [10 5]
training time per iterations 5.799363[ms]
testing on 20000 items
testing done
average error 0.001582
min error     0.000000
max error     0.181803



epoch [7 1] from [10 5]
training time per iterations 5.798835[ms]
testing on 20000 items
testing done
average error 0.001666
min error     0.000000
max error     0.159054



epoch [7 2] from [10 5]
training time per iterations 5.781383[ms]
testing on 20000 items
testing done
average error 0.001565
min error     0.000000
max error     0.178582



epoch [7 3] from [10 5]
training time per iterations 5.793286[ms]
testing on 20000 items
testing done
average error 0.001577
min error     0.000000
max error     0.181873



epoch [7 4] from [10 5]
training time per iterations 5.795191[ms]
testing on 20000 items
testing done
average error 0.001614
min error     0.000000
max error     0.170611
setting learning rate to 0.000050



epoch [8 0] from [10 5]
training time per iterations 5.784817[ms]
testing on 20000 items
testing done
average error 0.001611
min error     0.000000
max error     0.170844



epoch [8 1] from [10 5]
training time per iterations 5.795692[ms]
testing on 20000 items
testing done
average error 0.001568
min error     0.000000
max error     0.172849



epoch [8 2] from [10 5]
training time per iterations 5.791826[ms]
testing on 20000 items
testing done
average error 0.001546
min error     0.000000
max error     0.176056



epoch [8 3] from [10 5]
training time per iterations 5.789198[ms]
testing on 20000 items
testing done
average error 0.001584
min error     0.000000
max error     0.167353



epoch [8 4] from [10 5]
training time per iterations 5.781730[ms]
testing on 20000 items
testing done
average error 0.001573
min error     0.000000
max error     0.174886



epoch [9 0] from [10 5]
training time per iterations 5.780840[ms]
testing on 20000 items
testing done
average error 0.001661
min error     0.000000
max error     0.159795



epoch [9 1] from [10 5]
training time per iterations 5.789559[ms]
testing on 20000 items
testing done
average error 0.001583
min error     0.000000
max error     0.177356



epoch [9 2] from [10 5]
training time per iterations 5.796860[ms]
testing on 20000 items
testing done
average error 0.001560
min error     0.000000
max error     0.172797



epoch [9 3] from [10 5]
training time per iterations 5.787001[ms]
testing on 20000 items
testing done
average error 0.001561
min error     0.000000
max error     0.169600



epoch [9 4] from [10 5]
training time per iterations 5.791047[ms]
testing on 20000 items
testing done
average error 0.001556
min error     0.000000
max error     0.172985
training done
