0.000000 0 0 0.002265 0.000000 0.162022 0.002268 0.000000 0.178728
0.200000 0 1 0.001918 0.000000 0.164952 0.001965 0.000000 0.213927
0.400000 0 2 0.001835 0.000000 0.166738 0.001868 0.000000 0.263618
0.600000 0 3 0.001727 0.000000 0.159012 0.001707 0.000000 0.245100
0.800000 0 4 0.001767 0.000000 0.170993 0.001792 0.000000 0.199032
1.000000 1 0 0.001711 0.000000 0.157583 0.001717 0.000000 0.259813
1.200000 1 1 0.001629 0.000000 0.164919 0.001676 0.000000 0.261979
1.400000 1 2 0.001792 0.000000 0.169425 0.001803 0.000000 0.149901
1.600000 1 3 0.001851 0.000000 0.176490 0.001903 0.000000 0.170139
1.800000 1 4 0.001647 0.000000 0.174150 0.001643 0.000000 0.222992
2.000000 2 0 0.001608 0.000000 0.174814 0.001625 0.000000 0.167661
2.200000 2 1 0.001779 0.000000 0.187825 0.001779 0.000000 0.162320
2.400000 2 2 0.001553 0.000000 0.171487 0.001541 0.000000 0.176467
2.600000 2 3 0.001587 0.000000 0.172089 0.001614 0.000000 0.245134
2.800000 2 4 0.001746 0.000000 0.172007 0.001764 0.000000 0.165025
3.000000 3 0 0.001782 0.000000 0.161055 0.001799 0.000000 0.164304
3.200000 3 1 0.001801 0.000000 0.166223 0.001817 0.000000 0.149020
3.400000 3 2 0.001631 0.000000 0.169940 0.001644 0.000000 0.222054
3.600000 3 3 0.001580 0.000000 0.173532 0.001642 0.000000 0.173532
3.800000 3 4 0.001631 0.000000 0.156644 0.001670 0.000000 0.187388
4.000000 4 0 0.001628 0.000000 0.169643 0.001615 0.000000 0.146633
4.200000 4 1 0.001638 0.000000 0.170824 0.001658 0.000000 0.168689
4.400000 4 2 0.001573 0.000000 0.173008 0.001600 0.000000 0.225370
4.600000 4 3 0.001560 0.000000 0.168123 0.001561 0.000000 0.155514
4.800000 4 4 0.001660 0.000000 0.175202 0.001682 0.000000 0.183954
5.000000 5 0 0.001633 0.000000 0.163876 0.001669 0.000000 0.231723
5.200000 5 1 0.001687 0.000000 0.178087 0.001654 0.000000 0.224117
5.400000 5 2 0.001652 0.000000 0.169414 0.001631 0.000000 0.185865
5.600000 5 3 0.001532 0.000000 0.183611 0.001554 0.000000 0.168864
5.800000 5 4 0.001602 0.000000 0.159502 0.001659 0.000000 0.244903
6.000000 6 0 0.001631 0.000000 0.171740 0.001652 0.000000 0.226708
6.200000 6 1 0.001648 0.000000 0.173502 0.001665 0.000000 0.224665
6.400000 6 2 0.001644 0.000000 0.163888 0.001648 0.000000 0.133015
6.600000 6 3 0.001662 0.000000 0.155681 0.001676 0.000000 0.247460
6.800000 6 4 0.001728 0.000000 0.161554 0.001732 0.000000 0.238552
7.000000 7 0 0.001582 0.000000 0.181803 0.001604 0.000000 0.164566
7.200000 7 1 0.001666 0.000000 0.159054 0.001715 0.000000 0.224920
7.400000 7 2 0.001565 0.000000 0.178582 0.001607 0.000000 0.166114
7.600000 7 3 0.001577 0.000000 0.181873 0.001593 0.000000 0.210661
7.800000 7 4 0.001614 0.000000 0.170611 0.001610 0.000000 0.237866
8.000000 8 0 0.001611 0.000000 0.170844 0.001625 0.000000 0.170844
8.200000 8 1 0.001568 0.000000 0.172849 0.001607 0.000000 0.248562
8.400000 8 2 0.001546 0.000000 0.176056 0.001566 0.000000 0.218800
8.600000 8 3 0.001584 0.000000 0.167353 0.001629 0.000000 0.235553
8.800000 8 4 0.001573 0.000000 0.174886 0.001589 0.000000 0.218050
9.000000 9 0 0.001661 0.000000 0.159795 0.001669 0.000000 0.240287
9.200000 9 1 0.001583 0.000000 0.177356 0.001637 0.000000 0.220037
9.400000 9 2 0.001560 0.000000 0.172797 0.001591 0.000000 0.160304
9.600000 9 3 0.001561 0.000000 0.169600 0.001577 0.000000 0.216675
9.800000 9 4 0.001556 0.000000 0.172985 0.001563 0.000000 0.234614
