0 0.000000 51712 0.861867
1 0.002242 2332 0.038867
2 0.004485 1652 0.027533
3 0.006727 1142 0.019033
4 0.008970 428 0.007133
5 0.011212 549 0.009150
6 0.013455 490 0.008167
7 0.015697 344 0.005733
8 0.017940 312 0.005200
9 0.020182 279 0.004650
10 0.022424 231 0.003850
11 0.024667 135 0.002250
12 0.026909 108 0.001800
13 0.029152 95 0.001583
14 0.031394 62 0.001033
15 0.033637 26 0.000433
16 0.035879 9 0.000150
17 0.038122 9 0.000150
18 0.040364 10 0.000167
19 0.042606 4 0.000067
20 0.044849 15 0.000250
21 0.047091 4 0.000067
22 0.049334 6 0.000100
23 0.051576 3 0.000050
24 0.053819 3 0.000050
25 0.056061 2 0.000033
26 0.058304 0 0.000000
27 0.060546 1 0.000017
28 0.062789 2 0.000033
29 0.065031 1 0.000017
30 0.067273 0 0.000000
31 0.069516 2 0.000033
32 0.071758 4 0.000067
33 0.074001 2 0.000033
34 0.076243 2 0.000033
35 0.078486 1 0.000017
36 0.080728 0 0.000000
37 0.082971 2 0.000033
38 0.085213 1 0.000017
39 0.087455 2 0.000033
40 0.089698 1 0.000017
41 0.091940 1 0.000017
42 0.094183 2 0.000033
43 0.096425 1 0.000017
44 0.098668 3 0.000050
45 0.100910 0 0.000000
46 0.103153 0 0.000000
47 0.105395 0 0.000000
48 0.107637 0 0.000000
49 0.109880 0 0.000000
50 0.112122 0 0.000000
51 0.114365 3 0.000050
52 0.116607 0 0.000000
53 0.118850 0 0.000000
54 0.121092 0 0.000000
55 0.123335 0 0.000000
56 0.125577 0 0.000000
57 0.127819 0 0.000000
58 0.130062 0 0.000000
59 0.132304 1 0.000017
60 0.134547 0 0.000000
61 0.136789 0 0.000000
62 0.139032 1 0.000017
63 0.141274 0 0.000000
64 0.143517 0 0.000000
65 0.145759 1 0.000017
66 0.148001 0 0.000000
67 0.150244 1 0.000017
68 0.152486 0 0.000000
69 0.154729 0 0.000000
70 0.156971 0 0.000000
71 0.159214 0 0.000000
72 0.161456 0 0.000000
73 0.163699 0 0.000000
74 0.165941 0 0.000000
75 0.168184 1 0.000017
76 0.170426 0 0.000000
77 0.172668 0 0.000000
78 0.174911 0 0.000000
79 0.177153 0 0.000000
80 0.179396 1 0.000017
81 0.181638 0 0.000000
82 0.183881 0 0.000000
83 0.186123 0 0.000000
84 0.188366 0 0.000000
85 0.190608 0 0.000000
86 0.192850 0 0.000000
87 0.195093 0 0.000000
88 0.197335 0 0.000000
89 0.199578 0 0.000000
90 0.201820 0 0.000000
91 0.204063 0 0.000000
92 0.206305 0 0.000000
93 0.208548 0 0.000000
94 0.210790 0 0.000000
95 0.213032 0 0.000000
96 0.215275 0 0.000000
97 0.217517 0 0.000000
98 0.219760 0 0.000000
99 0.222002 1 0.000017
