0 -0.090557 1 0.000050
1 -0.088983 0 0.000000
2 -0.087408 0 0.000000
3 -0.085834 0 0.000000
4 -0.084259 0 0.000000
5 -0.082685 0 0.000000
6 -0.081110 0 0.000000
7 -0.079536 0 0.000000
8 -0.077961 0 0.000000
9 -0.076387 0 0.000000
10 -0.074812 0 0.000000
11 -0.073238 0 0.000000
12 -0.071663 0 0.000000
13 -0.070089 0 0.000000
14 -0.068514 0 0.000000
15 -0.066940 1 0.000050
16 -0.065365 0 0.000000
17 -0.063791 0 0.000000
18 -0.062216 0 0.000000
19 -0.060642 1 0.000050
20 -0.059067 0 0.000000
21 -0.057493 1 0.000050
22 -0.055918 2 0.000100
23 -0.054344 1 0.000050
24 -0.052769 0 0.000000
25 -0.051195 1 0.000050
26 -0.049620 2 0.000100
27 -0.048046 2 0.000100
28 -0.046471 1 0.000050
29 -0.044897 0 0.000000
30 -0.043322 2 0.000100
31 -0.041748 3 0.000150
32 -0.040173 4 0.000200
33 -0.038599 2 0.000100
34 -0.037025 7 0.000350
35 -0.035450 8 0.000400
36 -0.033876 8 0.000400
37 -0.032301 11 0.000550
38 -0.030727 24 0.001200
39 -0.029152 20 0.001000
40 -0.027578 26 0.001300
41 -0.026003 26 0.001300
42 -0.024429 38 0.001900
43 -0.022854 52 0.002600
44 -0.021280 84 0.004200
45 -0.019705 67 0.003350
46 -0.018131 92 0.004600
47 -0.016556 126 0.006300
48 -0.014982 211 0.010550
49 -0.013407 316 0.015800
50 -0.011833 460 0.023000
51 -0.010258 921 0.046050
52 -0.008684 1570 0.078500
53 -0.007109 2526 0.126300
54 -0.005535 3653 0.182650
55 -0.003960 3632 0.181600
56 -0.002386 2381 0.119050
57 -0.000811 1398 0.069900
58 0.000763 711 0.035550
59 0.002338 520 0.026000
60 0.003912 251 0.012550
61 0.005487 201 0.010050
62 0.007061 113 0.005650
63 0.008636 108 0.005400
64 0.010210 82 0.004100
65 0.011785 73 0.003650
66 0.013359 40 0.002000
67 0.014934 30 0.001500
68 0.016508 28 0.001400
69 0.018083 18 0.000900
70 0.019657 21 0.001050
71 0.021232 23 0.001150
72 0.022806 10 0.000500
73 0.024381 7 0.000350
74 0.025955 11 0.000550
75 0.027530 9 0.000450
76 0.029104 8 0.000400
77 0.030679 6 0.000300
78 0.032253 11 0.000550
79 0.033828 6 0.000300
80 0.035402 4 0.000200
81 0.036977 5 0.000250
82 0.038551 4 0.000200
83 0.040126 4 0.000200
84 0.041700 1 0.000050
85 0.043275 5 0.000250
86 0.044849 2 0.000100
87 0.046424 4 0.000200
88 0.047998 1 0.000050
89 0.049573 1 0.000050
90 0.051147 0 0.000000
91 0.052722 0 0.000000
92 0.054296 0 0.000000
93 0.055871 0 0.000000
94 0.057445 0 0.000000
95 0.059019 0 0.000000
96 0.060594 0 0.000000
97 0.062168 0 0.000000
98 0.063743 0 0.000000
99 0.065317 1 0.000050
