0 -0.471171 1 0.000050
1 -0.462494 0 0.000000
2 -0.453816 0 0.000000
3 -0.445139 0 0.000000
4 -0.436461 0 0.000000
5 -0.427784 1 0.000050
6 -0.419106 1 0.000050
7 -0.410429 0 0.000000
8 -0.401752 0 0.000000
9 -0.393074 0 0.000000
10 -0.384397 0 0.000000
11 -0.375719 0 0.000000
12 -0.367042 1 0.000050
13 -0.358364 0 0.000000
14 -0.349687 1 0.000050
15 -0.341009 1 0.000050
16 -0.332332 0 0.000000
17 -0.323654 1 0.000050
18 -0.314977 1 0.000050
19 -0.306300 2 0.000100
20 -0.297622 3 0.000150
21 -0.288945 1 0.000050
22 -0.280267 3 0.000150
23 -0.271590 6 0.000300
24 -0.262912 1 0.000050
25 -0.254235 0 0.000000
26 -0.245557 1 0.000050
27 -0.236880 6 0.000300
28 -0.228203 2 0.000100
29 -0.219525 8 0.000400
30 -0.210848 7 0.000350
31 -0.202170 12 0.000600
32 -0.193493 18 0.000900
33 -0.184815 68 0.003400
34 -0.176138 101 0.005050
35 -0.167460 74 0.003700
36 -0.158783 127 0.006350
37 -0.150106 212 0.010600
38 -0.141428 242 0.012100
39 -0.132751 197 0.009850
40 -0.124073 149 0.007450
41 -0.115396 147 0.007350
42 -0.106718 156 0.007800
43 -0.098041 327 0.016350
44 -0.089363 677 0.033850
45 -0.080686 692 0.034600
46 -0.072008 478 0.023900
47 -0.063331 406 0.020300
48 -0.054654 637 0.031850
49 -0.045976 698 0.034900
50 -0.037299 668 0.033400
51 -0.028621 678 0.033900
52 -0.019944 1109 0.055450
53 -0.011266 3866 0.193300
54 -0.002589 1023 0.051150
55 0.006089 929 0.046450
56 0.014766 963 0.048150
57 0.023443 934 0.046700
58 0.032121 419 0.020950
59 0.040798 449 0.022450
60 0.049476 607 0.030350
61 0.058153 508 0.025400
62 0.066831 374 0.018700
63 0.075508 240 0.012000
64 0.084186 196 0.009800
65 0.092863 146 0.007300
66 0.101540 222 0.011100
67 0.110218 372 0.018600
68 0.118895 260 0.013000
69 0.127573 122 0.006100
70 0.136250 78 0.003900
71 0.144928 132 0.006600
72 0.153605 108 0.005400
73 0.162283 53 0.002650
74 0.170960 29 0.001450
75 0.179638 10 0.000500
76 0.188315 2 0.000100
77 0.196992 3 0.000150
78 0.205670 7 0.000350
79 0.214347 8 0.000400
80 0.223025 4 0.000200
81 0.231702 1 0.000050
82 0.240380 0 0.000000
83 0.249057 3 0.000150
84 0.257735 0 0.000000
85 0.266412 0 0.000000
86 0.275089 1 0.000050
87 0.283767 0 0.000000
88 0.292444 2 0.000100
89 0.301122 0 0.000000
90 0.309799 4 0.000200
91 0.318477 0 0.000000
92 0.327154 0 0.000000
93 0.335832 1 0.000050
94 0.344509 0 0.000000
95 0.353186 0 0.000000
96 0.361864 0 0.000000
97 0.370541 1 0.000050
98 0.379219 2 0.000100
99 0.387896 0 0.000000
