0 -0.057590 1 0.000050
1 -0.056507 1 0.000050
2 -0.055424 0 0.000000
3 -0.054342 0 0.000000
4 -0.053259 0 0.000000
5 -0.052176 0 0.000000
6 -0.051094 2 0.000100
7 -0.050011 2 0.000100
8 -0.048929 2 0.000100
9 -0.047846 4 0.000200
10 -0.046763 2 0.000100
11 -0.045681 3 0.000150
12 -0.044598 1 0.000050
13 -0.043516 2 0.000100
14 -0.042433 6 0.000300
15 -0.041350 1 0.000050
16 -0.040268 1 0.000050
17 -0.039185 1 0.000050
18 -0.038103 1 0.000050
19 -0.037020 7 0.000350
20 -0.035937 10 0.000500
21 -0.034855 13 0.000650
22 -0.033772 11 0.000550
23 -0.032690 6 0.000300
24 -0.031607 11 0.000550
25 -0.030524 17 0.000850
26 -0.029442 15 0.000750
27 -0.028359 19 0.000950
28 -0.027277 26 0.001300
29 -0.026194 39 0.001950
30 -0.025111 73 0.003650
31 -0.024029 63 0.003150
32 -0.022946 74 0.003700
33 -0.021863 100 0.005000
34 -0.020781 133 0.006650
35 -0.019698 134 0.006700
36 -0.018616 156 0.007800
37 -0.017533 205 0.010250
38 -0.016450 246 0.012300
39 -0.015368 302 0.015100
40 -0.014285 341 0.017050
41 -0.013203 500 0.025000
42 -0.012120 558 0.027900
43 -0.011037 740 0.037000
44 -0.009955 941 0.047050
45 -0.008872 1183 0.059150
46 -0.007790 1541 0.077050
47 -0.006707 2129 0.106450
48 -0.005624 2254 0.112700
49 -0.004542 1933 0.096650
50 -0.003459 1498 0.074900
51 -0.002377 1072 0.053600
52 -0.001294 834 0.041700
53 -0.000211 648 0.032400
54 0.000871 480 0.024000
55 0.001954 288 0.014400
56 0.003036 235 0.011750
57 0.004119 182 0.009100
58 0.005202 130 0.006500
59 0.006284 163 0.008150
60 0.007367 148 0.007400
61 0.008450 138 0.006900
62 0.009532 81 0.004050
63 0.010615 69 0.003450
64 0.011697 49 0.002450
65 0.012780 26 0.001300
66 0.013863 11 0.000550
67 0.014945 27 0.001350
68 0.016028 18 0.000900
69 0.017110 4 0.000200
70 0.018193 10 0.000500
71 0.019276 4 0.000200
72 0.020358 11 0.000550
73 0.021441 4 0.000200
74 0.022523 6 0.000300
75 0.023606 2 0.000100
76 0.024689 7 0.000350
77 0.025771 5 0.000250
78 0.026854 5 0.000250
79 0.027936 6 0.000300
80 0.029019 1 0.000050
81 0.030102 4 0.000200
82 0.031184 4 0.000200
83 0.032267 1 0.000050
84 0.033349 0 0.000000
85 0.034432 2 0.000100
86 0.035515 1 0.000050
87 0.036597 2 0.000100
88 0.037680 2 0.000100
89 0.038763 3 0.000150
90 0.039845 1 0.000050
91 0.040928 2 0.000100
92 0.042010 2 0.000100
93 0.043093 0 0.000000
94 0.044176 1 0.000050
95 0.045258 2 0.000100
96 0.046341 0 0.000000
97 0.047423 0 0.000000
98 0.048506 0 0.000000
99 0.049589 1 0.000050
