0 -0.471171 1 0.000017
1 -0.462494 0 0.000000
2 -0.453816 0 0.000000
3 -0.445139 0 0.000000
4 -0.436461 0 0.000000
5 -0.427784 1 0.000017
6 -0.419106 1 0.000017
7 -0.410429 0 0.000000
8 -0.401752 0 0.000000
9 -0.393074 0 0.000000
10 -0.384397 0 0.000000
11 -0.375719 0 0.000000
12 -0.367042 1 0.000017
13 -0.358364 0 0.000000
14 -0.349687 1 0.000017
15 -0.341009 1 0.000017
16 -0.332332 0 0.000000
17 -0.323654 1 0.000017
18 -0.314977 1 0.000017
19 -0.306300 2 0.000033
20 -0.297622 3 0.000050
21 -0.288945 1 0.000017
22 -0.280267 3 0.000050
23 -0.271590 6 0.000100
24 -0.262912 1 0.000017
25 -0.254235 0 0.000000
26 -0.245557 1 0.000017
27 -0.236880 6 0.000100
28 -0.228203 2 0.000033
29 -0.219525 8 0.000133
30 -0.210848 7 0.000117
31 -0.202170 12 0.000200
32 -0.193493 18 0.000300
33 -0.184815 68 0.001133
34 -0.176138 101 0.001683
35 -0.167460 74 0.001233
36 -0.158783 127 0.002117
37 -0.150106 212 0.003533
38 -0.141428 242 0.004033
39 -0.132751 197 0.003283
40 -0.124073 149 0.002483
41 -0.115396 147 0.002450
42 -0.106718 156 0.002600
43 -0.098041 328 0.005467
44 -0.089363 677 0.011283
45 -0.080686 692 0.011533
46 -0.072008 479 0.007983
47 -0.063331 411 0.006850
48 -0.054654 656 0.010933
49 -0.045976 726 0.012100
50 -0.037299 819 0.013650
51 -0.028621 1413 0.023550
52 -0.019944 4414 0.073567
53 -0.011266 28184 0.469733
54 -0.002589 10850 0.180833
55 0.006089 2178 0.036300
56 0.014766 1175 0.019583
57 0.023443 1013 0.016883
58 0.032121 464 0.007733
59 0.040798 471 0.007850
60 0.049476 609 0.010150
61 0.058153 509 0.008483
62 0.066831 374 0.006233
63 0.075508 240 0.004000
64 0.084186 196 0.003267
65 0.092863 146 0.002433
66 0.101540 222 0.003700
67 0.110218 372 0.006200
68 0.118895 260 0.004333
69 0.127573 122 0.002033
70 0.136250 78 0.001300
71 0.144928 132 0.002200
72 0.153605 108 0.001800
73 0.162283 53 0.000883
74 0.170960 29 0.000483
75 0.179638 10 0.000167
76 0.188315 2 0.000033
77 0.196992 3 0.000050
78 0.205670 7 0.000117
79 0.214347 8 0.000133
80 0.223025 4 0.000067
81 0.231702 1 0.000017
82 0.240380 0 0.000000
83 0.249057 3 0.000050
84 0.257735 0 0.000000
85 0.266412 0 0.000000
86 0.275089 1 0.000017
87 0.283767 0 0.000000
88 0.292444 2 0.000033
89 0.301122 0 0.000000
90 0.309799 4 0.000067
91 0.318477 0 0.000000
92 0.327154 0 0.000000
93 0.335832 1 0.000017
94 0.344509 0 0.000000
95 0.353186 0 0.000000
96 0.361864 0 0.000000
97 0.370541 1 0.000017
98 0.379219 2 0.000033
99 0.387896 0 0.000000
