0 0.432384 1 0.000050
1 0.434088 5 0.000250
2 0.435792 2 0.000100
3 0.437496 1 0.000050
4 0.439200 2 0.000100
5 0.440904 2 0.000100
6 0.442608 4 0.000200
7 0.444312 1 0.000050
8 0.446016 7 0.000350
9 0.447720 5 0.000250
10 0.449424 4 0.000200
11 0.451128 11 0.000550
12 0.452832 11 0.000550
13 0.454536 15 0.000750
14 0.456240 23 0.001150
15 0.457944 18 0.000900
16 0.459647 25 0.001250
17 0.461351 32 0.001600
18 0.463055 32 0.001600
19 0.464759 56 0.002800
20 0.466463 44 0.002200
21 0.468167 44 0.002200
22 0.469871 27 0.001350
23 0.471575 31 0.001550
24 0.473279 34 0.001700
25 0.474983 48 0.002400
26 0.476687 52 0.002600
27 0.478391 78 0.003900
28 0.480095 98 0.004900
29 0.481799 98 0.004900
30 0.483503 118 0.005900
31 0.485207 115 0.005750
32 0.486911 156 0.007800
33 0.488615 229 0.011450
34 0.490319 171 0.008550
35 0.492023 248 0.012400
36 0.493726 258 0.012900
37 0.495430 333 0.016650
38 0.497134 314 0.015700
39 0.498838 398 0.019900
40 0.500542 532 0.026600
41 0.502246 884 0.044200
42 0.503950 1081 0.054050
43 0.505654 1313 0.065650
44 0.507358 2041 0.102050
45 0.509062 2324 0.116200
46 0.510766 1759 0.087950
47 0.512470 1383 0.069150
48 0.514174 1134 0.056700
49 0.515878 919 0.045950
50 0.517582 668 0.033400
51 0.519286 466 0.023300
52 0.520990 340 0.017000
53 0.522694 255 0.012750
54 0.524398 190 0.009500
55 0.526101 146 0.007300
56 0.527805 135 0.006750
57 0.529509 115 0.005750
58 0.531213 104 0.005200
59 0.532917 72 0.003600
60 0.534621 83 0.004150
61 0.536325 48 0.002400
62 0.538029 60 0.003000
63 0.539733 78 0.003900
64 0.541437 75 0.003750
65 0.543141 40 0.002000
66 0.544845 35 0.001750
67 0.546549 48 0.002400
68 0.548253 53 0.002650
69 0.549957 55 0.002750
70 0.551661 37 0.001850
71 0.553365 36 0.001800
72 0.555069 42 0.002100
73 0.556773 47 0.002350
74 0.558477 23 0.001150
75 0.560180 8 0.000400
76 0.561884 18 0.000900
77 0.563588 22 0.001100
78 0.565292 20 0.001000
79 0.566996 10 0.000500
80 0.568700 14 0.000700
81 0.570404 9 0.000450
82 0.572108 6 0.000300
83 0.573812 8 0.000400
84 0.575516 26 0.001300
85 0.577220 16 0.000800
86 0.578924 11 0.000550
87 0.580628 8 0.000400
88 0.582332 7 0.000350
89 0.584036 6 0.000300
90 0.585740 8 0.000400
91 0.587444 3 0.000150
92 0.589148 7 0.000350
93 0.590852 8 0.000400
94 0.592556 4 0.000200
95 0.594259 4 0.000200
96 0.595963 2 0.000100
97 0.597667 2 0.000100
98 0.599371 0 0.000000
99 0.601075 1 0.000050
