0 0.029868 10 0.000500
1 0.039775 6 0.000300
2 0.049682 7 0.000350
3 0.059589 6 0.000300
4 0.069495 9 0.000450
5 0.079402 6 0.000300
6 0.089309 1 0.000050
7 0.099216 1 0.000050
8 0.109123 4 0.000200
9 0.119029 2 0.000100
10 0.128936 2 0.000100
11 0.138843 3 0.000150
12 0.148750 4 0.000200
13 0.158656 4 0.000200
14 0.168563 3 0.000150
15 0.178470 2 0.000100
16 0.188377 2 0.000100
17 0.198284 3 0.000150
18 0.208190 4 0.000200
19 0.218097 3 0.000150
20 0.228004 5 0.000250
21 0.237911 12 0.000600
22 0.247817 13 0.000650
23 0.257724 17 0.000850
24 0.267631 31 0.001550
25 0.277538 37 0.001850
26 0.287445 34 0.001700
27 0.297351 45 0.002250
28 0.307258 60 0.003000
29 0.317165 158 0.007900
30 0.327072 149 0.007450
31 0.336978 103 0.005150
32 0.346885 43 0.002150
33 0.356792 21 0.001050
34 0.366699 13 0.000650
35 0.376606 17 0.000850
36 0.386512 18 0.000900
37 0.396419 28 0.001400
38 0.406326 30 0.001500
39 0.416233 24 0.001200
40 0.426139 31 0.001550
41 0.436046 23 0.001150
42 0.445953 35 0.001750
43 0.455860 49 0.002450
44 0.465767 60 0.003000
45 0.475673 65 0.003250
46 0.485580 120 0.006000
47 0.495487 126 0.006300
48 0.505394 125 0.006250
49 0.515301 112 0.005600
50 0.525207 153 0.007650
51 0.535114 239 0.011950
52 0.545021 247 0.012350
53 0.554928 393 0.019650
54 0.564834 541 0.027050
55 0.574741 780 0.039000
56 0.584648 2099 0.104950
57 0.594555 2538 0.126900
58 0.604461 1633 0.081650
59 0.614368 940 0.047000
60 0.624275 795 0.039750
61 0.634182 522 0.026100
62 0.644089 356 0.017800
63 0.653995 296 0.014800
64 0.663902 244 0.012200
65 0.673809 191 0.009550
66 0.683716 185 0.009250
67 0.693622 186 0.009300
68 0.703529 165 0.008250
69 0.713436 169 0.008450
70 0.723343 168 0.008400
71 0.733250 154 0.007700
72 0.743156 164 0.008200
73 0.753063 186 0.009300
74 0.762970 145 0.007250
75 0.772877 162 0.008100
76 0.782784 192 0.009600
77 0.792690 171 0.008550
78 0.802597 166 0.008300
79 0.812504 161 0.008050
80 0.822411 208 0.010400
81 0.832317 194 0.009700
82 0.842224 242 0.012100
83 0.852131 294 0.014700
84 0.862038 311 0.015550
85 0.871944 401 0.020050
86 0.881851 412 0.020600
87 0.891758 306 0.015300
88 0.901665 239 0.011950
89 0.911572 271 0.013550
90 0.921478 247 0.012350
91 0.931385 269 0.013450
92 0.941292 229 0.011450
93 0.951199 169 0.008450
94 0.961106 71 0.003550
95 0.971012 38 0.001900
96 0.980919 42 0.002100
97 0.990826 24 0.001200
98 1.000733 5 0.000250
99 1.010639 1 0.000050
