0 0.004892 5 0.000083
1 0.014937 4 0.000067
2 0.024982 12 0.000200
3 0.035027 14 0.000233
4 0.045072 9 0.000150
5 0.055117 11 0.000183
6 0.065162 4 0.000067
7 0.075208 18 0.000300
8 0.085253 15 0.000250
9 0.095298 12 0.000200
10 0.105343 17 0.000283
11 0.115388 16 0.000267
12 0.125433 14 0.000233
13 0.135478 10 0.000167
14 0.145524 13 0.000217
15 0.155569 24 0.000400
16 0.165614 19 0.000317
17 0.175659 28 0.000467
18 0.185704 23 0.000383
19 0.195749 20 0.000333
20 0.205794 45 0.000750
21 0.215839 49 0.000817
22 0.225885 31 0.000517
23 0.235930 26 0.000433
24 0.245975 55 0.000917
25 0.256020 73 0.001217
26 0.266065 67 0.001117
27 0.276110 96 0.001600
28 0.286155 82 0.001367
29 0.296201 106 0.001767
30 0.306246 177 0.002950
31 0.316291 249 0.004150
32 0.326336 400 0.006667
33 0.336381 246 0.004100
34 0.346426 226 0.003767
35 0.356471 295 0.004917
36 0.366517 459 0.007650
37 0.376562 430 0.007167
38 0.386607 401 0.006683
39 0.396652 454 0.007567
40 0.406697 636 0.010600
41 0.416742 858 0.014300
42 0.426787 1384 0.023067
43 0.436832 870 0.014500
44 0.446878 1041 0.017350
45 0.456923 1376 0.022933
46 0.466968 1899 0.031650
47 0.477013 2166 0.036100
48 0.487058 3637 0.060617
49 0.497103 7826 0.130433
50 0.507148 2912 0.048533
51 0.517194 2096 0.034933
52 0.527239 2293 0.038217
53 0.537284 1326 0.022100
54 0.547329 1269 0.021150
55 0.557374 1463 0.024383
56 0.567419 1833 0.030550
57 0.577464 2404 0.040067
58 0.587510 3189 0.053150
59 0.597555 2394 0.039900
60 0.607600 1452 0.024200
61 0.617645 1269 0.021150
62 0.627690 1085 0.018083
63 0.637735 574 0.009567
64 0.647780 530 0.008833
65 0.657825 482 0.008033
66 0.667871 384 0.006400
67 0.677916 317 0.005283
68 0.687961 264 0.004400
69 0.698006 234 0.003900
70 0.708051 224 0.003733
71 0.718096 217 0.003617
72 0.728141 181 0.003017
73 0.738187 214 0.003567
74 0.748232 197 0.003283
75 0.758277 189 0.003150
76 0.768322 218 0.003633
77 0.778367 188 0.003133
78 0.788412 200 0.003333
79 0.798457 152 0.002533
80 0.808503 208 0.003467
81 0.818548 252 0.004200
82 0.828593 223 0.003717
83 0.838638 267 0.004450
84 0.848683 300 0.005000
85 0.858728 432 0.007200
86 0.868773 466 0.007767
87 0.878819 393 0.006550
88 0.888864 272 0.004533
89 0.898909 271 0.004517
90 0.908954 283 0.004717
91 0.918999 313 0.005217
92 0.929044 257 0.004283
93 0.939089 164 0.002733
94 0.949134 79 0.001317
95 0.959180 43 0.000717
96 0.969225 47 0.000783
97 0.979270 26 0.000433
98 0.989315 5 0.000083
99 0.999360 1 0.000017
