0 0.004892 1 0.000050
1 0.013973 0 0.000000
2 0.023055 0 0.000000
3 0.032137 0 0.000000
4 0.041219 0 0.000000
5 0.050300 0 0.000000
6 0.059382 0 0.000000
7 0.068464 0 0.000000
8 0.077546 0 0.000000
9 0.086628 0 0.000000
10 0.095709 0 0.000000
11 0.104791 1 0.000050
12 0.113873 0 0.000000
13 0.122955 2 0.000100
14 0.132036 1 0.000050
15 0.141118 0 0.000000
16 0.150200 0 0.000000
17 0.159282 0 0.000000
18 0.168364 0 0.000000
19 0.177445 0 0.000000
20 0.186527 0 0.000000
21 0.195609 0 0.000000
22 0.204691 3 0.000150
23 0.213772 7 0.000350
24 0.222854 8 0.000400
25 0.231936 1 0.000050
26 0.241018 2 0.000100
27 0.250100 1 0.000050
28 0.259181 1 0.000050
29 0.268263 1 0.000050
30 0.277345 1 0.000050
31 0.286427 1 0.000050
32 0.295508 5 0.000250
33 0.304590 25 0.001250
34 0.313672 49 0.002450
35 0.322754 70 0.003500
36 0.331835 82 0.004100
37 0.340917 51 0.002550
38 0.349999 112 0.005600
39 0.359081 145 0.007250
40 0.368163 317 0.015850
41 0.377244 203 0.010150
42 0.386326 197 0.009850
43 0.395408 181 0.009050
44 0.404490 297 0.014850
45 0.413571 380 0.019000
46 0.422653 935 0.046750
47 0.431735 583 0.029150
48 0.440817 375 0.018750
49 0.449899 488 0.024400
50 0.458980 671 0.033550
51 0.468062 898 0.044900
52 0.477144 604 0.030200
53 0.486226 678 0.033900
54 0.495307 4222 0.211100
55 0.504389 982 0.049100
56 0.513471 690 0.034500
57 0.522553 992 0.049600
58 0.531635 953 0.047650
59 0.540716 515 0.025750
60 0.549798 493 0.024650
61 0.558880 537 0.026850
62 0.567962 722 0.036100
63 0.577043 361 0.018050
64 0.586125 338 0.016900
65 0.595207 227 0.011350
66 0.604289 285 0.014250
67 0.613371 201 0.010050
68 0.622452 436 0.021800
69 0.631534 163 0.008150
70 0.640616 86 0.004300
71 0.649698 95 0.004750
72 0.658779 105 0.005250
73 0.667861 99 0.004950
74 0.676943 45 0.002250
75 0.686025 23 0.001150
76 0.695107 12 0.000600
77 0.704188 20 0.001000
78 0.713270 4 0.000200
79 0.722352 0 0.000000
80 0.731434 0 0.000000
81 0.740515 0 0.000000
82 0.749597 0 0.000000
83 0.758679 0 0.000000
84 0.767761 1 0.000050
85 0.776842 3 0.000150
86 0.785924 1 0.000050
87 0.795006 5 0.000250
88 0.804088 2 0.000100
89 0.813169 0 0.000000
90 0.822251 0 0.000000
91 0.831333 0 0.000000
92 0.840415 0 0.000000
93 0.849497 0 0.000000
94 0.858578 0 0.000000
95 0.867660 1 0.000050
96 0.876742 1 0.000050
97 0.885824 0 0.000000
98 0.894905 2 0.000100
99 0.903987 1 0.000050
