0 0.016852 3 0.000150
1 0.026776 9 0.000450
2 0.036700 8 0.000400
3 0.046625 2 0.000100
4 0.056549 3 0.000150
5 0.066473 2 0.000100
6 0.076398 6 0.000300
7 0.086322 3 0.000150
8 0.096246 1 0.000050
9 0.106171 6 0.000300
10 0.116095 4 0.000200
11 0.126019 4 0.000200
12 0.135944 2 0.000100
13 0.145868 3 0.000150
14 0.155792 5 0.000250
15 0.165716 2 0.000100
16 0.175641 2 0.000100
17 0.185565 4 0.000200
18 0.195489 1 0.000050
19 0.205414 2 0.000100
20 0.215338 4 0.000200
21 0.225262 2 0.000100
22 0.235187 3 0.000150
23 0.245111 16 0.000800
24 0.255035 35 0.001750
25 0.264960 23 0.001150
26 0.274884 40 0.002000
27 0.284808 31 0.001550
28 0.294733 29 0.001450
29 0.304657 65 0.003250
30 0.314581 97 0.004850
31 0.324506 152 0.007600
32 0.334430 137 0.006850
33 0.344354 86 0.004300
34 0.354279 18 0.000900
35 0.364203 11 0.000550
36 0.374127 16 0.000800
37 0.384052 18 0.000900
38 0.393976 26 0.001300
39 0.403900 27 0.001350
40 0.413825 24 0.001200
41 0.423749 34 0.001700
42 0.433673 21 0.001050
43 0.443598 53 0.002650
44 0.453522 50 0.002500
45 0.463446 58 0.002900
46 0.473371 62 0.003100
47 0.483295 119 0.005950
48 0.493219 126 0.006300
49 0.503144 129 0.006450
50 0.513068 126 0.006300
51 0.522992 185 0.009250
52 0.532917 214 0.010700
53 0.542841 267 0.013350
54 0.552765 407 0.020350
55 0.562690 561 0.028050
56 0.572614 1103 0.055150
57 0.582538 2203 0.110150
58 0.592463 2617 0.130850
59 0.602387 1315 0.065750
60 0.612311 916 0.045800
61 0.622236 748 0.037400
62 0.632160 499 0.024950
63 0.642084 290 0.014500
64 0.652009 298 0.014900
65 0.661933 233 0.011650
66 0.671857 201 0.010050
67 0.681782 181 0.009050
68 0.691706 181 0.009050
69 0.701630 170 0.008500
70 0.711555 153 0.007650
71 0.721479 166 0.008300
72 0.731403 164 0.008200
73 0.741328 185 0.009250
74 0.751252 153 0.007650
75 0.761176 186 0.009300
76 0.771101 178 0.008900
77 0.781025 143 0.007150
78 0.790949 177 0.008850
79 0.800874 135 0.006750
80 0.810798 210 0.010500
81 0.820722 226 0.011300
82 0.830647 212 0.010600
83 0.840571 245 0.012250
84 0.850495 290 0.014500
85 0.860420 469 0.023450
86 0.870344 386 0.019300
87 0.880268 380 0.019000
88 0.890193 254 0.012700
89 0.900117 268 0.013400
90 0.910041 253 0.012650
91 0.919965 305 0.015250
92 0.929890 228 0.011400
93 0.939814 153 0.007650
94 0.949738 67 0.003350
95 0.959663 41 0.002050
96 0.969587 43 0.002150
97 0.979511 25 0.001250
98 0.989436 5 0.000250
99 0.999360 1 0.000050
