0 0.011833 6 0.000300
1 0.021604 3 0.000150
2 0.031376 4 0.000200
3 0.041148 5 0.000250
4 0.050919 8 0.000400
5 0.060691 4 0.000200
6 0.070462 7 0.000350
7 0.080234 16 0.000800
8 0.090006 6 0.000300
9 0.099777 10 0.000500
10 0.109549 9 0.000450
11 0.119321 12 0.000600
12 0.129092 9 0.000450
13 0.138864 10 0.000500
14 0.148635 6 0.000300
15 0.158407 21 0.001050
16 0.168179 19 0.000950
17 0.177950 25 0.001250
18 0.187722 18 0.000900
19 0.197494 25 0.001250
20 0.207265 33 0.001650
21 0.217037 31 0.001550
22 0.226808 25 0.001250
23 0.236580 22 0.001100
24 0.246352 33 0.001650
25 0.256123 37 0.001850
26 0.265895 39 0.001950
27 0.275667 52 0.002600
28 0.285438 44 0.002200
29 0.295210 75 0.003750
30 0.304981 54 0.002700
31 0.314753 109 0.005450
32 0.324525 87 0.004350
33 0.334296 81 0.004050
34 0.344068 70 0.003500
35 0.353840 91 0.004550
36 0.363611 137 0.006850
37 0.373383 144 0.007200
38 0.383154 178 0.008900
39 0.392926 179 0.008950
40 0.402698 225 0.011250
41 0.412469 247 0.012350
42 0.422241 296 0.014800
43 0.432012 368 0.018400
44 0.441784 429 0.021450
45 0.451556 548 0.027400
46 0.461327 677 0.033850
47 0.471099 960 0.048000
48 0.480871 1707 0.085350
49 0.490642 3178 0.158900
50 0.500414 2746 0.137300
51 0.510185 1603 0.080150
52 0.519957 1005 0.050250
53 0.529729 669 0.033450
54 0.539500 459 0.022950
55 0.549272 358 0.017900
56 0.559044 375 0.018750
57 0.568815 335 0.016750
58 0.578587 281 0.014050
59 0.588358 171 0.008550
60 0.598130 160 0.008000
61 0.607902 135 0.006750
62 0.617673 135 0.006750
63 0.627445 116 0.005800
64 0.637217 111 0.005550
65 0.646988 111 0.005550
66 0.656760 91 0.004550
67 0.666531 74 0.003700
68 0.676303 77 0.003850
69 0.686075 62 0.003100
70 0.695846 47 0.002350
71 0.705618 40 0.002000
72 0.715390 44 0.002200
73 0.725161 39 0.001950
74 0.734933 27 0.001350
75 0.744704 27 0.001350
76 0.754476 20 0.001000
77 0.764248 34 0.001700
78 0.774019 25 0.001250
79 0.783791 17 0.000850
80 0.793563 15 0.000750
81 0.803334 24 0.001200
82 0.813106 18 0.000900
83 0.822877 15 0.000750
84 0.832649 14 0.000700
85 0.842421 21 0.001050
86 0.852192 13 0.000650
87 0.861964 8 0.000400
88 0.871736 5 0.000250
89 0.881507 10 0.000500
90 0.891279 10 0.000500
91 0.901050 14 0.000700
92 0.910822 11 0.000550
93 0.920594 15 0.000750
94 0.930365 19 0.000950
95 0.940137 5 0.000250
96 0.949908 4 0.000200
97 0.959680 2 0.000100
98 0.969452 3 0.000150
99 0.979223 1 0.000050
