0 0.016278 7 0.000350
1 0.026073 0 0.000000
2 0.035869 0 0.000000
3 0.045664 6 0.000300
4 0.055460 10 0.000500
5 0.065255 8 0.000400
6 0.075051 3 0.000150
7 0.084846 5 0.000250
8 0.094642 17 0.000850
9 0.104437 12 0.000600
10 0.114233 17 0.000850
11 0.124028 8 0.000400
12 0.133824 7 0.000350
13 0.143619 13 0.000650
14 0.153414 16 0.000800
15 0.163210 11 0.000550
16 0.173005 16 0.000800
17 0.182801 29 0.001450
18 0.192596 21 0.001050
19 0.202392 28 0.001400
20 0.212187 31 0.001550
21 0.221983 33 0.001650
22 0.231778 27 0.001350
23 0.241574 31 0.001550
24 0.251369 28 0.001400
25 0.261165 49 0.002450
26 0.270960 44 0.002200
27 0.280756 51 0.002550
28 0.290551 43 0.002150
29 0.300347 60 0.003000
30 0.310142 75 0.003750
31 0.319938 88 0.004400
32 0.329733 91 0.004550
33 0.339529 78 0.003900
34 0.349324 83 0.004150
35 0.359119 103 0.005150
36 0.368915 125 0.006250
37 0.378710 168 0.008400
38 0.388506 195 0.009750
39 0.398301 201 0.010050
40 0.408097 238 0.011900
41 0.417892 232 0.011600
42 0.427688 341 0.017050
43 0.437483 394 0.019700
44 0.447279 448 0.022400
45 0.457074 549 0.027450
46 0.466870 750 0.037500
47 0.476665 1086 0.054300
48 0.486461 1707 0.085350
49 0.496256 3258 0.162900
50 0.506052 2510 0.125500
51 0.515847 1501 0.075050
52 0.525643 910 0.045500
53 0.535438 675 0.033750
54 0.545234 441 0.022050
55 0.555029 357 0.017850
56 0.564824 364 0.018200
57 0.574620 379 0.018950
58 0.584415 234 0.011700
59 0.594211 154 0.007700
60 0.604006 142 0.007100
61 0.613802 144 0.007200
62 0.623597 133 0.006650
63 0.633393 148 0.007400
64 0.643188 99 0.004950
65 0.652984 125 0.006250
66 0.662779 92 0.004600
67 0.672575 70 0.003500
68 0.682370 70 0.003500
69 0.692166 51 0.002550
70 0.701961 48 0.002400
71 0.711757 53 0.002650
72 0.721552 40 0.002000
73 0.731348 32 0.001600
74 0.741143 31 0.001550
75 0.750939 25 0.001250
76 0.760734 25 0.001250
77 0.770530 22 0.001100
78 0.780325 29 0.001450
79 0.790120 27 0.001350
80 0.799916 13 0.000650
81 0.809711 14 0.000700
82 0.819507 32 0.001600
83 0.829302 12 0.000600
84 0.839098 12 0.000600
85 0.848893 24 0.001200
86 0.858689 16 0.000800
87 0.868484 12 0.000600
88 0.878280 5 0.000250
89 0.888075 7 0.000350
90 0.897871 11 0.000550
91 0.907666 21 0.001050
92 0.917462 14 0.000700
93 0.927257 14 0.000700
94 0.937053 11 0.000550
95 0.946848 5 0.000250
96 0.956644 1 0.000050
97 0.966439 1 0.000050
98 0.976234 2 0.000100
99 0.986030 1 0.000050
