0 0.016278 7 0.000117
1 0.026322 8 0.000133
2 0.036366 8 0.000133
3 0.046410 13 0.000217
4 0.056454 18 0.000300
5 0.066498 12 0.000200
6 0.076542 10 0.000167
7 0.086586 9 0.000150
8 0.096630 18 0.000300
9 0.106674 17 0.000283
10 0.116718 19 0.000317
11 0.126762 11 0.000183
12 0.136806 10 0.000167
13 0.146851 16 0.000267
14 0.156895 24 0.000400
15 0.166939 10 0.000167
16 0.176983 28 0.000467
17 0.187027 31 0.000517
18 0.197071 22 0.000367
19 0.207115 37 0.000617
20 0.217159 38 0.000633
21 0.227203 33 0.000550
22 0.237247 38 0.000633
23 0.247291 47 0.000783
24 0.257335 59 0.000983
25 0.267379 76 0.001267
26 0.277423 88 0.001467
27 0.287467 81 0.001350
28 0.297511 101 0.001683
29 0.307555 139 0.002317
30 0.317600 247 0.004117
31 0.327644 249 0.004150
32 0.337688 174 0.002900
33 0.347732 124 0.002067
34 0.357776 129 0.002150
35 0.367820 139 0.002317
36 0.377864 186 0.003100
37 0.387908 219 0.003650
38 0.397952 231 0.003850
39 0.407996 271 0.004517
40 0.418040 267 0.004450
41 0.428084 392 0.006533
42 0.438128 451 0.007517
43 0.448172 574 0.009567
44 0.458216 846 0.014100
45 0.468260 1083 0.018050
46 0.478304 1912 0.031867
47 0.488348 3588 0.059800
48 0.498393 9190 0.153167
49 0.508437 11031 0.183850
50 0.518481 3217 0.053617
51 0.528525 1520 0.025333
52 0.538569 1164 0.019400
53 0.548613 1015 0.016917
54 0.558657 888 0.014800
55 0.568701 1043 0.017383
56 0.578745 1661 0.027683
57 0.588789 2734 0.045567
58 0.598833 2420 0.040333
59 0.608877 1385 0.023083
60 0.618921 950 0.015833
61 0.628965 844 0.014067
62 0.639009 584 0.009733
63 0.649053 428 0.007133
64 0.659097 381 0.006350
65 0.669141 303 0.005050
66 0.679186 258 0.004300
67 0.689230 238 0.003967
68 0.699274 208 0.003467
69 0.709318 246 0.004100
70 0.719362 217 0.003617
71 0.729406 206 0.003433
72 0.739450 185 0.003083
73 0.749494 202 0.003367
74 0.759538 195 0.003250
75 0.769582 178 0.002967
76 0.779626 221 0.003683
77 0.789670 187 0.003117
78 0.799714 205 0.003417
79 0.809758 162 0.002700
80 0.819802 245 0.004083
81 0.829846 205 0.003417
82 0.839890 233 0.003883
83 0.849935 317 0.005283
84 0.859979 318 0.005300
85 0.870023 397 0.006617
86 0.880067 444 0.007400
87 0.890111 331 0.005517
88 0.900155 261 0.004350
89 0.910199 303 0.005050
90 0.920243 268 0.004467
91 0.930287 287 0.004783
92 0.940331 229 0.003817
93 0.950375 195 0.003250
94 0.960419 77 0.001283
95 0.970463 36 0.000600
96 0.980507 48 0.000800
97 0.990551 24 0.000400
98 1.000595 5 0.000083
99 1.010639 1 0.000017
