0.000000 0 0 0.002296 0.000000 0.182637 0.002280 0.000000 0.247454
0.200000 0 1 0.002185 0.000000 0.194408 0.002170 0.000000 0.271931
0.400000 0 2 0.002087 0.000000 0.180611 0.002054 0.000000 0.245458
0.600000 0 3 0.001953 0.000000 0.181368 0.001939 0.000000 0.219616
0.800000 0 4 0.001957 0.000000 0.193055 0.002004 0.000000 0.183361
1.000000 1 0 0.001876 0.000000 0.171237 0.001859 0.000000 0.169584
1.200000 1 1 0.002041 0.000000 0.184648 0.002096 0.000000 0.250474
1.400000 1 2 0.001936 0.000000 0.186894 0.001903 0.000000 0.135984
1.600000 1 3 0.001877 0.000000 0.202100 0.001824 0.000000 0.151132
1.800000 1 4 0.001929 0.000000 0.203858 0.001924 0.000000 0.265890
2.000000 2 0 0.001854 0.000000 0.203912 0.001844 0.000000 0.179444
2.200000 2 1 0.001793 0.000000 0.184801 0.001797 0.000000 0.243845
2.400000 2 2 0.001963 0.000000 0.188859 0.001935 0.000000 0.232101
2.600000 2 3 0.001787 0.000000 0.188353 0.001752 0.000000 0.159392
2.800000 2 4 0.001933 0.000000 0.215810 0.001959 0.000000 0.282763
3.000000 3 0 0.001816 0.000000 0.187130 0.001786 0.000000 0.242008
3.200000 3 1 0.001769 0.000000 0.191167 0.001746 0.000000 0.151611
3.400000 3 2 0.001734 0.000000 0.178351 0.001700 0.000000 0.152162
3.600000 3 3 0.001792 0.000000 0.196054 0.001814 0.000000 0.256475
3.800000 3 4 0.001781 0.000000 0.196663 0.001743 0.000000 0.195087
4.000000 4 0 0.001840 0.000000 0.195023 0.001843 0.000000 0.191983
4.200000 4 1 0.001926 0.000000 0.175673 0.001893 0.000000 0.188292
4.400000 4 2 0.001839 0.000000 0.187964 0.001848 0.000000 0.186038
4.600000 4 3 0.001833 0.000000 0.183605 0.001844 0.000000 0.241199
4.800000 4 4 0.001791 0.000000 0.187771 0.001774 0.000000 0.147117
5.000000 5 0 0.001812 0.000000 0.181424 0.001841 0.000000 0.237995
5.200000 5 1 0.001885 0.000000 0.193446 0.001883 0.000000 0.170993
5.400000 5 2 0.001761 0.000000 0.196602 0.001767 0.000000 0.158288
5.600000 5 3 0.001745 0.000000 0.182469 0.001736 0.000000 0.231644
5.800000 5 4 0.001759 0.000000 0.190304 0.001730 0.000000 0.148985
6.000000 6 0 0.001784 0.000000 0.174963 0.001795 0.000000 0.228200
6.200000 6 1 0.001904 0.000000 0.218168 0.001924 0.000000 0.222854
6.400000 6 2 0.001776 0.000000 0.186125 0.001749 0.000000 0.150395
6.600000 6 3 0.001804 0.000000 0.204460 0.001794 0.000000 0.160977
6.800000 6 4 0.001845 0.000000 0.184266 0.001837 0.000000 0.230648
7.000000 7 0 0.001757 0.000000 0.207264 0.001730 0.000000 0.214599
7.200000 7 1 0.001693 0.000000 0.199237 0.001668 0.000000 0.157404
7.400000 7 2 0.001841 0.000000 0.189372 0.001876 0.000000 0.195089
7.600000 7 3 0.001752 0.000000 0.197164 0.001732 0.000000 0.163010
7.800000 7 4 0.001888 0.000000 0.211616 0.001854 0.000000 0.144755
8.000000 8 0 0.001827 0.000000 0.199438 0.001815 0.000000 0.249000
8.200000 8 1 0.001780 0.000000 0.199833 0.001797 0.000000 0.245978
8.400000 8 2 0.001688 0.000000 0.196345 0.001704 0.000000 0.230892
8.600000 8 3 0.001784 0.000000 0.197951 0.001761 0.000000 0.204914
8.800000 8 4 0.001719 0.000000 0.187543 0.001702 0.000000 0.229098
9.000000 9 0 0.001735 0.000000 0.193021 0.001722 0.000000 0.247874
9.200000 9 1 0.001737 0.000000 0.188616 0.001721 0.000000 0.164166
9.400000 9 2 0.001788 0.000000 0.181815 0.001782 0.000000 0.221774
9.600000 9 3 0.001734 0.000000 0.198667 0.001717 0.000000 0.178901
9.800000 9 4 0.001767 0.000000 0.196950 0.001779 0.000000 0.157127
