initializing
training size    : 359556
testing size     : 20000
epoch count      : 10
sub epoch size   : 5

epoch_learning_rate_decay   : 8
learning_rate_decay         : 0.250000

training



epoch [0 0] from [10 5]
training time per iterations 1.291597[ms]
testing on 20000 items
testing done
average error 0.003733
min error     0.000000
max error     0.252899
saving best net
best net saved to networks/disc8x8x3_no_gaussian/net_4_depth/trained/, with error 0.003733



epoch [0 1] from [10 5]
training time per iterations 1.288412[ms]
testing on 20000 items
testing done
average error 0.003387
min error     0.000000
max error     0.242368
saving best net
best net saved to networks/disc8x8x3_no_gaussian/net_4_depth/trained/, with error 0.003387



epoch [0 2] from [10 5]
training time per iterations 1.286243[ms]
testing on 20000 items
testing done
average error 0.003187
min error     0.000000
max error     0.229526
saving best net
best net saved to networks/disc8x8x3_no_gaussian/net_4_depth/trained/, with error 0.003187



epoch [0 3] from [10 5]
training time per iterations 1.284936[ms]
testing on 20000 items
testing done
average error 0.003211
min error     0.000000
max error     0.250873



epoch [0 4] from [10 5]
training time per iterations 1.285102[ms]
testing on 20000 items
testing done
average error 0.003103
min error     0.000000
max error     0.249411
saving best net
best net saved to networks/disc8x8x3_no_gaussian/net_4_depth/trained/, with error 0.003103



epoch [1 0] from [10 5]
training time per iterations 1.285937[ms]
testing on 20000 items
testing done
average error 0.003057
min error     0.000000
max error     0.246697
saving best net
best net saved to networks/disc8x8x3_no_gaussian/net_4_depth/trained/, with error 0.003057



epoch [1 1] from [10 5]
training time per iterations 1.294767[ms]
testing on 20000 items
testing done
average error 0.003005
min error     0.000000
max error     0.237228
saving best net
best net saved to networks/disc8x8x3_no_gaussian/net_4_depth/trained/, with error 0.003005



epoch [1 2] from [10 5]
training time per iterations 1.297729[ms]
testing on 20000 items
testing done
average error 0.003082
min error     0.000000
max error     0.244244



epoch [1 3] from [10 5]
training time per iterations 1.292167[ms]
testing on 20000 items
testing done
average error 0.003028
min error     0.000000
max error     0.244948



epoch [1 4] from [10 5]
training time per iterations 1.286702[ms]
testing on 20000 items
testing done
average error 0.002987
min error     0.000000
max error     0.231593
saving best net
best net saved to networks/disc8x8x3_no_gaussian/net_4_depth/trained/, with error 0.002987



epoch [2 0] from [10 5]
training time per iterations 1.289497[ms]
testing on 20000 items
testing done
average error 0.002925
min error     0.000000
max error     0.240510
saving best net
best net saved to networks/disc8x8x3_no_gaussian/net_4_depth/trained/, with error 0.002925



epoch [2 1] from [10 5]
training time per iterations 1.286757[ms]
testing on 20000 items
testing done
average error 0.002906
min error     0.000000
max error     0.238780
saving best net
best net saved to networks/disc8x8x3_no_gaussian/net_4_depth/trained/, with error 0.002906



epoch [2 2] from [10 5]
training time per iterations 1.288148[ms]
testing on 20000 items
testing done
average error 0.002941
min error     0.000000
max error     0.236846



epoch [2 3] from [10 5]
training time per iterations 1.290109[ms]
testing on 20000 items
testing done
average error 0.002965
min error     0.000000
max error     0.229787



epoch [2 4] from [10 5]
training time per iterations 1.289344[ms]
testing on 20000 items
testing done
average error 0.002875
min error     0.000000
max error     0.237928
saving best net
best net saved to networks/disc8x8x3_no_gaussian/net_4_depth/trained/, with error 0.002875



epoch [3 0] from [10 5]
training time per iterations 1.283656[ms]
testing on 20000 items
testing done
average error 0.002975
min error     0.000000
max error     0.231370



epoch [3 1] from [10 5]
training time per iterations 1.281195[ms]
testing on 20000 items
testing done
average error 0.002845
min error     0.000000
max error     0.237245
saving best net
best net saved to networks/disc8x8x3_no_gaussian/net_4_depth/trained/, with error 0.002845



epoch [3 2] from [10 5]
training time per iterations 1.279846[ms]
testing on 20000 items
testing done
average error 0.002866
min error     0.000000
max error     0.238647



epoch [3 3] from [10 5]
training time per iterations 1.290484[ms]
testing on 20000 items
testing done
average error 0.002910
min error     0.000000
max error     0.225031



epoch [3 4] from [10 5]
training time per iterations 1.288982[ms]
testing on 20000 items
testing done
average error 0.003033
min error     0.000000
max error     0.239792



epoch [4 0] from [10 5]
training time per iterations 1.282224[ms]
testing on 20000 items
testing done
average error 0.002875
min error     0.000000
max error     0.243260



epoch [4 1] from [10 5]
training time per iterations 1.283462[ms]
testing on 20000 items
testing done
average error 0.002820
min error     0.000000
max error     0.227821
saving best net
best net saved to networks/disc8x8x3_no_gaussian/net_4_depth/trained/, with error 0.002820



epoch [4 2] from [10 5]
training time per iterations 1.287091[ms]
testing on 20000 items
testing done
average error 0.002837
min error     0.000000
max error     0.223620



epoch [4 3] from [10 5]
training time per iterations 1.284741[ms]
testing on 20000 items
testing done
average error 0.002844
min error     0.000000
max error     0.221008



epoch [4 4] from [10 5]
training time per iterations 1.286688[ms]
testing on 20000 items
testing done
average error 0.002834
min error     0.000000
max error     0.234462



epoch [5 0] from [10 5]
training time per iterations 1.283809[ms]
testing on 20000 items
testing done
average error 0.002925
min error     0.000000
max error     0.231285



epoch [5 1] from [10 5]
training time per iterations 1.280055[ms]
testing on 20000 items
testing done
average error 0.002822
min error     0.000000
max error     0.218777



epoch [5 2] from [10 5]
training time per iterations 1.286368[ms]
testing on 20000 items
testing done
average error 0.002872
min error     0.000000
max error     0.228540



epoch [5 3] from [10 5]
training time per iterations 1.285130[ms]
testing on 20000 items
testing done
average error 0.002837
min error     0.000000
max error     0.206034



epoch [5 4] from [10 5]
training time per iterations 1.284949[ms]
testing on 20000 items
testing done
average error 0.002887
min error     0.000000
max error     0.220168



epoch [6 0] from [10 5]
training time per iterations 1.289441[ms]
testing on 20000 items
testing done
average error 0.002886
min error     0.000000
max error     0.213591



epoch [6 1] from [10 5]
training time per iterations 1.284644[ms]
testing on 20000 items
testing done
average error 0.002769
min error     0.000000
max error     0.212044
saving best net
best net saved to networks/disc8x8x3_no_gaussian/net_4_depth/trained/, with error 0.002769



epoch [6 2] from [10 5]
training time per iterations 1.283309[ms]
testing on 20000 items
testing done
average error 0.002745
min error     0.000000
max error     0.212114
saving best net
best net saved to networks/disc8x8x3_no_gaussian/net_4_depth/trained/, with error 0.002745



epoch [6 3] from [10 5]
training time per iterations 1.288329[ms]
testing on 20000 items
testing done
average error 0.002866
min error     0.000000
max error     0.225069



epoch [6 4] from [10 5]
training time per iterations 1.281153[ms]
testing on 20000 items
testing done
average error 0.002756
min error     0.000000
max error     0.214696



epoch [7 0] from [10 5]
training time per iterations 1.287703[ms]
testing on 20000 items
testing done
average error 0.002812
min error     0.000000
max error     0.222668



epoch [7 1] from [10 5]
training time per iterations 1.283142[ms]
testing on 20000 items
testing done
average error 0.002756
min error     0.000000
max error     0.208484



epoch [7 2] from [10 5]
training time per iterations 1.281195[ms]
testing on 20000 items
testing done
average error 0.002731
min error     0.000000
max error     0.215748
saving best net
best net saved to networks/disc8x8x3_no_gaussian/net_4_depth/trained/, with error 0.002731



epoch [7 3] from [10 5]
training time per iterations 1.279762[ms]
testing on 20000 items
testing done
average error 0.002832
min error     0.000000
max error     0.207452



epoch [7 4] from [10 5]
training time per iterations 1.283726[ms]
testing on 20000 items
testing done
average error 0.002759
min error     0.000000
max error     0.207052
setting learning rate to 0.000050



epoch [8 0] from [10 5]
training time per iterations 1.288829[ms]
testing on 20000 items
testing done
average error 0.002770
min error     0.000000
max error     0.213856



epoch [8 1] from [10 5]
training time per iterations 1.286535[ms]
testing on 20000 items
testing done
average error 0.002803
min error     0.000000
max error     0.212693



epoch [8 2] from [10 5]
training time per iterations 1.284866[ms]
testing on 20000 items
testing done
average error 0.002785
min error     0.000000
max error     0.213757



epoch [8 3] from [10 5]
training time per iterations 1.281139[ms]
testing on 20000 items
testing done
average error 0.002807
min error     0.000000
max error     0.217552



epoch [8 4] from [10 5]
training time per iterations 1.286618[ms]
testing on 20000 items
testing done
average error 0.002861
min error     0.000000
max error     0.217356



epoch [9 0] from [10 5]
training time per iterations 1.288801[ms]
testing on 20000 items
testing done
average error 0.002779
min error     0.000000
max error     0.217076



epoch [9 1] from [10 5]
training time per iterations 1.284324[ms]
testing on 20000 items
testing done
average error 0.002798
min error     0.000000
max error     0.216911



epoch [9 2] from [10 5]
training time per iterations 1.281556[ms]
testing on 20000 items
testing done
average error 0.002852
min error     0.000000
max error     0.220005



epoch [9 3] from [10 5]
training time per iterations 1.279721[ms]
testing on 20000 items
testing done
average error 0.002767
min error     0.000000
max error     0.218225



epoch [9 4] from [10 5]
training time per iterations 1.283740[ms]
testing on 20000 items
testing done
average error 0.002801
min error     0.000000
max error     0.215331
training done
