0.000000 0 0 0.003733 0.000000 0.252899 0.003726 0.000000 0.263672
0.200000 0 1 0.003387 0.000000 0.242368 0.003369 0.000000 0.163265
0.400000 0 2 0.003187 0.000000 0.229526 0.003109 0.000000 0.160297
0.600000 0 3 0.003211 0.000000 0.250873 0.003112 0.000000 0.166969
0.800000 0 4 0.003103 0.000000 0.249411 0.003045 0.000000 0.158821
1.000000 1 0 0.003057 0.000000 0.246697 0.002991 0.000000 0.154773
1.200000 1 1 0.003005 0.000000 0.237228 0.003014 0.000000 0.216337
1.400000 1 2 0.003082 0.000000 0.244244 0.003057 0.000000 0.251379
1.600000 1 3 0.003028 0.000000 0.244948 0.003036 0.000000 0.242332
1.800000 1 4 0.002987 0.000000 0.231593 0.002976 0.000000 0.158977
2.000000 2 0 0.002925 0.000000 0.240510 0.002893 0.000000 0.227343
2.200000 2 1 0.002906 0.000000 0.238780 0.002924 0.000000 0.244930
2.400000 2 2 0.002941 0.000000 0.236846 0.002873 0.000000 0.202667
2.600000 2 3 0.002965 0.000000 0.229787 0.002941 0.000000 0.239605
2.800000 2 4 0.002875 0.000000 0.237928 0.002906 0.000000 0.163144
3.000000 3 0 0.002975 0.000000 0.231370 0.002947 0.000000 0.240982
3.200000 3 1 0.002845 0.000000 0.237245 0.002810 0.000000 0.242211
3.400000 3 2 0.002866 0.000000 0.238647 0.002841 0.000000 0.210128
3.600000 3 3 0.002910 0.000000 0.225031 0.002889 0.000000 0.240721
3.800000 3 4 0.003033 0.000000 0.239792 0.002977 0.000000 0.170375
4.000000 4 0 0.002875 0.000000 0.243260 0.002849 0.000000 0.145940
4.200000 4 1 0.002820 0.000000 0.227821 0.002783 0.000000 0.152609
4.400000 4 2 0.002837 0.000000 0.223620 0.002811 0.000000 0.214470
4.600000 4 3 0.002844 0.000000 0.221008 0.002752 0.000000 0.246153
4.800000 4 4 0.002834 0.000000 0.234462 0.002799 0.000000 0.252988
5.000000 5 0 0.002925 0.000000 0.231285 0.002829 0.000000 0.196428
5.200000 5 1 0.002822 0.000000 0.218777 0.002855 0.000000 0.186468
5.400000 5 2 0.002872 0.000000 0.228540 0.002850 0.000000 0.205549
5.600000 5 3 0.002837 0.000000 0.206034 0.002779 0.000000 0.170121
5.800000 5 4 0.002887 0.000000 0.220168 0.002835 0.000000 0.202775
6.000000 6 0 0.002886 0.000000 0.213591 0.002837 0.000000 0.171608
6.200000 6 1 0.002769 0.000000 0.212044 0.002742 0.000000 0.170388
6.400000 6 2 0.002745 0.000000 0.212114 0.002687 0.000000 0.233024
6.600000 6 3 0.002866 0.000000 0.225069 0.002872 0.000000 0.232134
6.800000 6 4 0.002756 0.000000 0.214696 0.002704 0.000000 0.230618
7.000000 7 0 0.002812 0.000000 0.222668 0.002755 0.000000 0.225203
7.200000 7 1 0.002756 0.000000 0.208484 0.002757 0.000000 0.153999
7.400000 7 2 0.002731 0.000000 0.215748 0.002693 0.000000 0.222457
7.600000 7 3 0.002832 0.000000 0.207452 0.002798 0.000000 0.191376
7.800000 7 4 0.002759 0.000000 0.207052 0.002707 0.000000 0.149716
8.000000 8 0 0.002770 0.000000 0.213856 0.002795 0.000000 0.252444
8.200000 8 1 0.002803 0.000000 0.212693 0.002761 0.000000 0.156066
8.400000 8 2 0.002785 0.000000 0.213757 0.002693 0.000000 0.174915
8.600000 8 3 0.002807 0.000000 0.217552 0.002793 0.000000 0.180677
8.800000 8 4 0.002861 0.000000 0.217356 0.002851 0.000000 0.218169
9.000000 9 0 0.002779 0.000000 0.217076 0.002731 0.000000 0.200188
9.200000 9 1 0.002798 0.000000 0.216911 0.002707 0.000000 0.195815
9.400000 9 2 0.002852 0.000000 0.220005 0.002747 0.000000 0.171521
9.600000 9 3 0.002767 0.000000 0.218225 0.002747 0.000000 0.157685
9.800000 9 4 0.002801 0.000000 0.215331 0.002745 0.000000 0.209917
