0 -0.488782 1 0.000017
1 -0.480013 0 0.000000
2 -0.471245 0 0.000000
3 -0.462476 0 0.000000
4 -0.453707 0 0.000000
5 -0.444938 0 0.000000
6 -0.436170 0 0.000000
7 -0.427401 0 0.000000
8 -0.418632 0 0.000000
9 -0.409864 0 0.000000
10 -0.401095 1 0.000017
11 -0.392326 0 0.000000
12 -0.383557 2 0.000033
13 -0.374789 0 0.000000
14 -0.366020 1 0.000017
15 -0.357251 0 0.000000
16 -0.348482 0 0.000000
17 -0.339714 0 0.000000
18 -0.330945 1 0.000017
19 -0.322176 0 0.000000
20 -0.313407 0 0.000000
21 -0.304639 1 0.000017
22 -0.295870 4 0.000067
23 -0.287101 6 0.000100
24 -0.278333 7 0.000117
25 -0.269564 2 0.000033
26 -0.260795 3 0.000050
27 -0.252026 1 0.000017
28 -0.243258 1 0.000017
29 -0.234489 3 0.000050
30 -0.225720 3 0.000050
31 -0.216951 8 0.000133
32 -0.208183 10 0.000167
33 -0.199414 27 0.000450
34 -0.190645 59 0.000983
35 -0.181876 72 0.001200
36 -0.173108 78 0.001300
37 -0.164339 82 0.001367
38 -0.155570 151 0.002517
39 -0.146801 209 0.003483
40 -0.138033 202 0.003367
41 -0.129264 214 0.003567
42 -0.120495 173 0.002883
43 -0.111726 184 0.003067
44 -0.102958 281 0.004683
45 -0.094189 535 0.008917
46 -0.085420 621 0.010350
47 -0.076652 698 0.011633
48 -0.067883 434 0.007233
49 -0.059114 492 0.008200
50 -0.050345 681 0.011350
51 -0.041577 839 0.013983
52 -0.032808 1075 0.017917
53 -0.024039 2185 0.036417
54 -0.015270 8027 0.133783
55 -0.006502 28537 0.475617
56 0.002267 6322 0.105367
57 0.011036 1771 0.029517
58 0.019805 1153 0.019217
59 0.028573 738 0.012300
60 0.037342 471 0.007850
61 0.046111 490 0.008167
62 0.054879 530 0.008833
63 0.063648 513 0.008550
64 0.072417 290 0.004833
65 0.081186 258 0.004300
66 0.089954 179 0.002983
67 0.098723 210 0.003500
68 0.107492 255 0.004250
69 0.116261 231 0.003850
70 0.125029 200 0.003333
71 0.133798 112 0.001867
72 0.142567 91 0.001517
73 0.151336 90 0.001500
74 0.160104 72 0.001200
75 0.168873 49 0.000817
76 0.177642 12 0.000200
77 0.186411 9 0.000150
78 0.195179 6 0.000100
79 0.203948 4 0.000067
80 0.212717 5 0.000083
81 0.221485 4 0.000067
82 0.230254 1 0.000017
83 0.239023 1 0.000017
84 0.247792 2 0.000033
85 0.256560 4 0.000067
86 0.265329 2 0.000033
87 0.274098 3 0.000050
88 0.282867 1 0.000017
89 0.291635 2 0.000033
90 0.300404 1 0.000017
91 0.309173 2 0.000033
92 0.317942 1 0.000017
93 0.326710 0 0.000000
94 0.335479 0 0.000000
95 0.344248 0 0.000000
96 0.353016 0 0.000000
97 0.361785 0 0.000000
98 0.370554 3 0.000050
99 0.379323 1 0.000017
