0 0.000000 51894 0.864900
1 0.002413 2337 0.038950
2 0.004826 1749 0.029150
3 0.007240 1007 0.016783
4 0.009653 565 0.009417
5 0.012066 493 0.008217
6 0.014479 477 0.007950
7 0.016892 361 0.006017
8 0.019306 284 0.004733
9 0.021719 209 0.003483
10 0.024132 156 0.002600
11 0.026545 114 0.001900
12 0.028959 111 0.001850
13 0.031372 58 0.000967
14 0.033785 49 0.000817
15 0.036198 33 0.000550
16 0.038611 14 0.000233
17 0.041025 11 0.000183
18 0.043438 6 0.000100
19 0.045851 6 0.000100
20 0.048264 8 0.000133
21 0.050677 2 0.000033
22 0.053091 1 0.000017
23 0.055504 3 0.000050
24 0.057917 1 0.000017
25 0.060330 0 0.000000
26 0.062744 1 0.000017
27 0.065157 4 0.000067
28 0.067570 4 0.000067
29 0.069983 3 0.000050
30 0.072396 3 0.000050
31 0.074810 7 0.000117
32 0.077223 1 0.000017
33 0.079636 6 0.000100
34 0.082049 1 0.000017
35 0.084462 5 0.000083
36 0.086876 1 0.000017
37 0.089289 1 0.000017
38 0.091702 1 0.000017
39 0.094115 1 0.000017
40 0.096528 1 0.000017
41 0.098942 0 0.000000
42 0.101355 1 0.000017
43 0.103768 1 0.000017
44 0.106181 0 0.000000
45 0.108595 0 0.000000
46 0.111008 0 0.000000
47 0.113421 0 0.000000
48 0.115834 0 0.000000
49 0.118247 0 0.000000
50 0.120661 0 0.000000
51 0.123074 0 0.000000
52 0.125487 0 0.000000
53 0.127900 1 0.000017
54 0.130313 0 0.000000
55 0.132727 0 0.000000
56 0.135140 0 0.000000
57 0.137553 1 0.000017
58 0.139966 1 0.000017
59 0.142380 3 0.000050
60 0.144793 1 0.000017
61 0.147206 0 0.000000
62 0.149619 0 0.000000
63 0.152032 0 0.000000
64 0.154446 0 0.000000
65 0.156859 1 0.000017
66 0.159272 0 0.000000
67 0.161685 0 0.000000
68 0.164098 0 0.000000
69 0.166512 0 0.000000
70 0.168925 0 0.000000
71 0.171338 0 0.000000
72 0.173751 0 0.000000
73 0.176164 0 0.000000
74 0.178578 0 0.000000
75 0.180991 0 0.000000
76 0.183404 0 0.000000
77 0.185817 0 0.000000
78 0.188231 0 0.000000
79 0.190644 0 0.000000
80 0.193057 0 0.000000
81 0.195470 0 0.000000
82 0.197883 0 0.000000
83 0.200297 0 0.000000
84 0.202710 0 0.000000
85 0.205123 0 0.000000
86 0.207536 0 0.000000
87 0.209949 0 0.000000
88 0.212363 0 0.000000
89 0.214776 0 0.000000
90 0.217189 0 0.000000
91 0.219602 0 0.000000
92 0.222016 0 0.000000
93 0.224429 0 0.000000
94 0.226842 0 0.000000
95 0.229255 0 0.000000
96 0.231668 0 0.000000
97 0.234082 0 0.000000
98 0.236495 0 0.000000
99 0.238908 1 0.000017
