0 -0.066547 2 0.000100
1 -0.065156 0 0.000000
2 -0.063764 2 0.000100
3 -0.062373 4 0.000200
4 -0.060982 2 0.000100
5 -0.059590 1 0.000050
6 -0.058199 0 0.000000
7 -0.056808 3 0.000150
8 -0.055416 3 0.000150
9 -0.054025 1 0.000050
10 -0.052633 2 0.000100
11 -0.051242 7 0.000350
12 -0.049851 7 0.000350
13 -0.048459 3 0.000150
14 -0.047068 1 0.000050
15 -0.045677 2 0.000100
16 -0.044285 5 0.000250
17 -0.042894 9 0.000450
18 -0.041502 13 0.000650
19 -0.040111 6 0.000300
20 -0.038720 7 0.000350
21 -0.037328 10 0.000500
22 -0.035937 11 0.000550
23 -0.034546 9 0.000450
24 -0.033154 9 0.000450
25 -0.031763 15 0.000750
26 -0.030371 30 0.001500
27 -0.028980 24 0.001200
28 -0.027589 30 0.001500
29 -0.026197 27 0.001350
30 -0.024806 42 0.002100
31 -0.023415 47 0.002350
32 -0.022023 55 0.002750
33 -0.020632 77 0.003850
34 -0.019240 118 0.005900
35 -0.017849 171 0.008550
36 -0.016458 194 0.009700
37 -0.015066 228 0.011400
38 -0.013675 314 0.015700
39 -0.012283 368 0.018400
40 -0.010892 533 0.026650
41 -0.009501 619 0.030950
42 -0.008109 934 0.046700
43 -0.006718 1324 0.066200
44 -0.005327 1596 0.079800
45 -0.003935 2180 0.109000
46 -0.002544 2485 0.124250
47 -0.001152 2269 0.113450
48 0.000239 1607 0.080350
49 0.001630 1116 0.055800
50 0.003022 803 0.040150
51 0.004413 699 0.034950
52 0.005804 467 0.023350
53 0.007196 360 0.018000
54 0.008587 230 0.011500
55 0.009979 189 0.009450
56 0.011370 153 0.007650
57 0.012761 143 0.007150
58 0.014153 86 0.004300
59 0.015544 69 0.003450
60 0.016935 59 0.002950
61 0.018327 33 0.001650
62 0.019718 33 0.001650
63 0.021110 26 0.001300
64 0.022501 16 0.000800
65 0.023892 12 0.000600
66 0.025284 17 0.000850
67 0.026675 7 0.000350
68 0.028066 9 0.000450
69 0.029458 3 0.000150
70 0.030849 7 0.000350
71 0.032241 11 0.000550
72 0.033632 4 0.000200
73 0.035023 14 0.000700
74 0.036415 2 0.000100
75 0.037806 1 0.000050
76 0.039197 3 0.000150
77 0.040589 3 0.000150
78 0.041980 4 0.000200
79 0.043372 7 0.000350
80 0.044763 3 0.000150
81 0.046154 0 0.000000
82 0.047546 0 0.000000
83 0.048937 0 0.000000
84 0.050329 1 0.000050
85 0.051720 0 0.000000
86 0.053111 0 0.000000
87 0.054503 0 0.000000
88 0.055894 1 0.000050
89 0.057285 0 0.000000
90 0.058677 0 0.000000
91 0.060068 0 0.000000
92 0.061460 0 0.000000
93 0.062851 0 0.000000
94 0.064242 0 0.000000
95 0.065634 0 0.000000
96 0.067025 2 0.000100
97 0.068416 0 0.000000
98 0.069808 0 0.000000
99 0.071199 1 0.000050
