0 -0.157107 1 0.000050
1 -0.154966 2 0.000100
2 -0.152825 0 0.000000
3 -0.150684 0 0.000000
4 -0.148543 0 0.000000
5 -0.146401 0 0.000000
6 -0.144260 0 0.000000
7 -0.142119 0 0.000000
8 -0.139978 0 0.000000
9 -0.137837 0 0.000000
10 -0.135696 0 0.000000
11 -0.133555 0 0.000000
12 -0.131414 0 0.000000
13 -0.129273 0 0.000000
14 -0.127132 1 0.000050
15 -0.124990 0 0.000000
16 -0.122849 0 0.000000
17 -0.120708 0 0.000000
18 -0.118567 0 0.000000
19 -0.116426 0 0.000000
20 -0.114285 0 0.000000
21 -0.112144 0 0.000000
22 -0.110003 0 0.000000
23 -0.107862 1 0.000050
24 -0.105721 0 0.000000
25 -0.103580 0 0.000000
26 -0.101438 0 0.000000
27 -0.099297 0 0.000000
28 -0.097156 0 0.000000
29 -0.095015 0 0.000000
30 -0.092874 0 0.000000
31 -0.090733 0 0.000000
32 -0.088592 0 0.000000
33 -0.086451 0 0.000000
34 -0.084310 0 0.000000
35 -0.082169 1 0.000050
36 -0.080028 3 0.000150
37 -0.077886 1 0.000050
38 -0.075745 1 0.000050
39 -0.073604 0 0.000000
40 -0.071463 1 0.000050
41 -0.069322 2 0.000100
42 -0.067181 0 0.000000
43 -0.065040 0 0.000000
44 -0.062899 3 0.000150
45 -0.060758 1 0.000050
46 -0.058617 3 0.000150
47 -0.056475 0 0.000000
48 -0.054334 1 0.000050
49 -0.052193 1 0.000050
50 -0.050052 2 0.000100
51 -0.047911 5 0.000250
52 -0.045770 5 0.000250
53 -0.043629 8 0.000400
54 -0.041488 14 0.000700
55 -0.039347 9 0.000450
56 -0.037206 9 0.000450
57 -0.035065 29 0.001450
58 -0.032923 37 0.001850
59 -0.030782 52 0.002600
60 -0.028641 79 0.003950
61 -0.026500 90 0.004500
62 -0.024359 72 0.003600
63 -0.022218 99 0.004950
64 -0.020077 168 0.008400
65 -0.017936 221 0.011050
66 -0.015795 340 0.017000
67 -0.013654 418 0.020900
68 -0.011512 637 0.031850
69 -0.009371 1203 0.060150
70 -0.007230 2121 0.106050
71 -0.005089 3759 0.187950
72 -0.002948 4289 0.214450
73 -0.000807 2802 0.140100
74 0.001334 1485 0.074250
75 0.003475 688 0.034400
76 0.005616 362 0.018100
77 0.007757 254 0.012700
78 0.009898 204 0.010200
79 0.012040 135 0.006750
80 0.014181 90 0.004500
81 0.016322 39 0.001950
82 0.018463 48 0.002400
83 0.020604 37 0.001850
84 0.022745 42 0.002100
85 0.024886 25 0.001250
86 0.027027 29 0.001450
87 0.029168 22 0.001100
88 0.031309 13 0.000650
89 0.033450 11 0.000550
90 0.035592 7 0.000350
91 0.037733 3 0.000150
92 0.039874 1 0.000050
93 0.042015 3 0.000150
94 0.044156 1 0.000050
95 0.046297 1 0.000050
96 0.048438 4 0.000200
97 0.050579 2 0.000100
98 0.052720 2 0.000100
99 0.054861 1 0.000050
