0 -0.488782 1 0.000050
1 -0.480013 0 0.000000
2 -0.471245 0 0.000000
3 -0.462476 0 0.000000
4 -0.453707 0 0.000000
5 -0.444938 0 0.000000
6 -0.436170 0 0.000000
7 -0.427401 0 0.000000
8 -0.418632 0 0.000000
9 -0.409864 0 0.000000
10 -0.401095 1 0.000050
11 -0.392326 0 0.000000
12 -0.383557 2 0.000100
13 -0.374789 0 0.000000
14 -0.366020 1 0.000050
15 -0.357251 0 0.000000
16 -0.348482 0 0.000000
17 -0.339714 0 0.000000
18 -0.330945 1 0.000050
19 -0.322176 0 0.000000
20 -0.313407 0 0.000000
21 -0.304639 1 0.000050
22 -0.295870 4 0.000200
23 -0.287101 6 0.000300
24 -0.278333 7 0.000350
25 -0.269564 2 0.000100
26 -0.260795 3 0.000150
27 -0.252026 1 0.000050
28 -0.243258 1 0.000050
29 -0.234489 3 0.000150
30 -0.225720 3 0.000150
31 -0.216951 8 0.000400
32 -0.208183 10 0.000500
33 -0.199414 27 0.001350
34 -0.190645 59 0.002950
35 -0.181876 72 0.003600
36 -0.173108 78 0.003900
37 -0.164339 81 0.004050
38 -0.155570 149 0.007450
39 -0.146801 209 0.010450
40 -0.138033 202 0.010100
41 -0.129264 213 0.010650
42 -0.120495 173 0.008650
43 -0.111726 183 0.009150
44 -0.102958 281 0.014050
45 -0.094189 535 0.026750
46 -0.085420 616 0.030800
47 -0.076652 696 0.034800
48 -0.067883 417 0.020850
49 -0.059114 473 0.023650
50 -0.050345 634 0.031700
51 -0.041577 718 0.035900
52 -0.032808 648 0.032400
53 -0.024039 918 0.045900
54 -0.015270 1695 0.084750
55 -0.006502 3537 0.176850
56 0.002267 932 0.046600
57 0.011036 807 0.040350
58 0.019805 896 0.044800
59 0.028573 637 0.031850
60 0.037342 441 0.022050
61 0.046111 478 0.023900
62 0.054879 529 0.026450
63 0.063648 510 0.025500
64 0.072417 290 0.014500
65 0.081186 258 0.012900
66 0.089954 179 0.008950
67 0.098723 210 0.010500
68 0.107492 255 0.012750
69 0.116261 231 0.011550
70 0.125029 200 0.010000
71 0.133798 112 0.005600
72 0.142567 91 0.004550
73 0.151336 90 0.004500
74 0.160104 72 0.003600
75 0.168873 49 0.002450
76 0.177642 12 0.000600
77 0.186411 9 0.000450
78 0.195179 6 0.000300
79 0.203948 4 0.000200
80 0.212717 5 0.000250
81 0.221485 4 0.000200
82 0.230254 1 0.000050
83 0.239023 1 0.000050
84 0.247792 2 0.000100
85 0.256560 4 0.000200
86 0.265329 2 0.000100
87 0.274098 3 0.000150
88 0.282867 1 0.000050
89 0.291635 2 0.000100
90 0.300404 1 0.000050
91 0.309173 2 0.000100
92 0.317942 1 0.000050
93 0.326710 0 0.000000
94 0.335479 0 0.000000
95 0.344248 0 0.000000
96 0.353016 0 0.000000
97 0.361785 0 0.000000
98 0.370554 3 0.000150
99 0.379323 1 0.000050
