0 0.434675 1 0.000050
1 0.436303 2 0.000100
2 0.437931 3 0.000150
3 0.439560 1 0.000050
4 0.441188 1 0.000050
5 0.442816 1 0.000050
6 0.444444 0 0.000000
7 0.446072 0 0.000000
8 0.447700 0 0.000000
9 0.449328 0 0.000000
10 0.450956 0 0.000000
11 0.452584 2 0.000100
12 0.454212 3 0.000150
13 0.455840 5 0.000250
14 0.457468 13 0.000650
15 0.459096 8 0.000400
16 0.460725 8 0.000400
17 0.462353 20 0.001000
18 0.463981 16 0.000800
19 0.465609 10 0.000500
20 0.467237 17 0.000850
21 0.468865 14 0.000700
22 0.470493 11 0.000550
23 0.472121 21 0.001050
24 0.473749 31 0.001550
25 0.475377 36 0.001800
26 0.477005 51 0.002550
27 0.478633 45 0.002250
28 0.480261 80 0.004000
29 0.481889 111 0.005550
30 0.483518 106 0.005300
31 0.485146 114 0.005700
32 0.486774 155 0.007750
33 0.488402 181 0.009050
34 0.490030 204 0.010200
35 0.491658 179 0.008950
36 0.493286 272 0.013600
37 0.494914 325 0.016250
38 0.496542 333 0.016650
39 0.498170 446 0.022300
40 0.499798 646 0.032300
41 0.501426 926 0.046300
42 0.503054 1369 0.068450
43 0.504683 1788 0.089400
44 0.506311 1870 0.093500
45 0.507939 1661 0.083050
46 0.509567 1188 0.059400
47 0.511195 1156 0.057800
48 0.512823 1189 0.059450
49 0.514451 1021 0.051050
50 0.516079 873 0.043650
51 0.517707 610 0.030500
52 0.519335 481 0.024050
53 0.520963 367 0.018350
54 0.522591 269 0.013450
55 0.524219 283 0.014150
56 0.525848 112 0.005600
57 0.527476 127 0.006350
58 0.529104 94 0.004700
59 0.530732 72 0.003600
60 0.532360 65 0.003250
61 0.533988 89 0.004450
62 0.535616 51 0.002550
63 0.537244 48 0.002400
64 0.538872 60 0.003000
65 0.540500 65 0.003250
66 0.542128 63 0.003150
67 0.543756 59 0.002950
68 0.545384 49 0.002450
69 0.547013 49 0.002450
70 0.548641 38 0.001900
71 0.550269 53 0.002650
72 0.551897 30 0.001500
73 0.553525 24 0.001200
74 0.555153 27 0.001350
75 0.556781 27 0.001350
76 0.558409 32 0.001600
77 0.560037 27 0.001350
78 0.561665 36 0.001800
79 0.563293 17 0.000850
80 0.564921 4 0.000200
81 0.566549 12 0.000600
82 0.568177 18 0.000900
83 0.569806 5 0.000250
84 0.571434 8 0.000400
85 0.573062 10 0.000500
86 0.574690 12 0.000600
87 0.576318 3 0.000150
88 0.577946 18 0.000900
89 0.579574 14 0.000700
90 0.581202 8 0.000400
91 0.582830 11 0.000550
92 0.584458 4 0.000200
93 0.586086 1 0.000050
94 0.587714 13 0.000650
95 0.589342 5 0.000250
96 0.590971 6 0.000300
97 0.592599 8 0.000400
98 0.594227 2 0.000100
99 0.595855 1 0.000050
