0 0.012457 1 0.000050
1 0.021434 0 0.000000
2 0.030411 0 0.000000
3 0.039388 0 0.000000
4 0.048365 0 0.000000
5 0.057343 0 0.000000
6 0.066320 0 0.000000
7 0.075297 0 0.000000
8 0.084274 0 0.000000
9 0.093251 0 0.000000
10 0.102229 1 0.000050
11 0.111206 0 0.000000
12 0.120183 2 0.000100
13 0.129160 1 0.000050
14 0.138138 0 0.000000
15 0.147115 0 0.000000
16 0.156092 0 0.000000
17 0.165069 0 0.000000
18 0.174046 0 0.000000
19 0.183024 0 0.000000
20 0.192001 0 0.000000
21 0.200978 2 0.000100
22 0.209955 7 0.000350
23 0.218932 7 0.000350
24 0.227910 4 0.000200
25 0.236887 4 0.000200
26 0.245864 2 0.000100
27 0.254841 0 0.000000
28 0.263818 0 0.000000
29 0.272796 0 0.000000
30 0.281773 4 0.000200
31 0.290750 8 0.000400
32 0.299727 16 0.000800
33 0.308704 28 0.001400
34 0.317682 56 0.002800
35 0.326659 100 0.005000
36 0.335636 49 0.002450
37 0.344613 55 0.002750
38 0.353591 128 0.006400
39 0.362568 174 0.008700
40 0.371545 344 0.017200
41 0.380522 173 0.008650
42 0.389499 192 0.009600
43 0.398477 228 0.011400
44 0.407454 300 0.015000
45 0.416431 452 0.022600
46 0.425408 1022 0.051100
47 0.434385 456 0.022800
48 0.443363 386 0.019300
49 0.452340 528 0.026400
50 0.461317 662 0.033100
51 0.470294 890 0.044500
52 0.479271 583 0.029150
53 0.488249 706 0.035300
54 0.497226 4272 0.213600
55 0.506203 930 0.046500
56 0.515180 711 0.035550
57 0.524157 1116 0.055800
58 0.533135 763 0.038150
59 0.542112 527 0.026350
60 0.551089 495 0.024750
61 0.560066 512 0.025600
62 0.569044 723 0.036150
63 0.578021 361 0.018050
64 0.586998 317 0.015850
65 0.595975 224 0.011200
66 0.604952 223 0.011150
67 0.613930 168 0.008400
68 0.622907 442 0.022100
69 0.631884 137 0.006850
70 0.640861 80 0.004000
71 0.649838 103 0.005150
72 0.658816 85 0.004250
73 0.667793 101 0.005050
74 0.676770 51 0.002550
75 0.685747 19 0.000950
76 0.694724 14 0.000700
77 0.703702 22 0.001100
78 0.712679 6 0.000300
79 0.721656 0 0.000000
80 0.730633 1 0.000050
81 0.739610 0 0.000000
82 0.748588 1 0.000050
83 0.757565 0 0.000000
84 0.766542 3 0.000150
85 0.775519 1 0.000050
86 0.784496 5 0.000250
87 0.793474 6 0.000300
88 0.802451 5 0.000250
89 0.811428 0 0.000000
90 0.820405 0 0.000000
91 0.829383 0 0.000000
92 0.838360 0 0.000000
93 0.847337 0 0.000000
94 0.856314 1 0.000050
95 0.865291 0 0.000000
96 0.874269 1 0.000050
97 0.883246 1 0.000050
98 0.892223 2 0.000100
99 0.901200 0 0.000000
