0 0.031060 2 0.000100
1 0.040482 0 0.000000
2 0.049904 8 0.000400
3 0.059326 7 0.000350
4 0.068749 8 0.000400
5 0.078171 7 0.000350
6 0.087593 12 0.000600
7 0.097015 21 0.001050
8 0.106437 9 0.000450
9 0.115859 12 0.000600
10 0.125281 12 0.000600
11 0.134703 12 0.000600
12 0.144125 7 0.000350
13 0.153547 7 0.000350
14 0.162969 17 0.000850
15 0.172391 18 0.000900
16 0.181813 24 0.001200
17 0.191235 29 0.001450
18 0.200657 22 0.001100
19 0.210079 22 0.001100
20 0.219501 24 0.001200
21 0.228923 14 0.000700
22 0.238345 32 0.001600
23 0.247767 36 0.001800
24 0.257189 36 0.001800
25 0.266611 41 0.002050
26 0.276033 52 0.002600
27 0.285455 39 0.001950
28 0.294877 55 0.002750
29 0.304299 71 0.003550
30 0.313721 72 0.003600
31 0.323143 87 0.004350
32 0.332565 65 0.003250
33 0.341987 73 0.003650
34 0.351409 91 0.004550
35 0.360831 109 0.005450
36 0.370253 112 0.005600
37 0.379675 144 0.007200
38 0.389097 186 0.009300
39 0.398519 158 0.007900
40 0.407941 270 0.013500
41 0.417363 233 0.011650
42 0.426785 309 0.015450
43 0.436207 364 0.018200
44 0.445629 385 0.019250
45 0.455051 513 0.025650
46 0.464473 690 0.034500
47 0.473895 1041 0.052050
48 0.483317 1461 0.073050
49 0.492739 2951 0.147550
50 0.502161 3043 0.152150
51 0.511583 1606 0.080300
52 0.521005 952 0.047600
53 0.530427 667 0.033350
54 0.539849 484 0.024200
55 0.549271 398 0.019900
56 0.558693 385 0.019250
57 0.568115 314 0.015700
58 0.577537 326 0.016300
59 0.586960 158 0.007900
60 0.596382 170 0.008500
61 0.605804 124 0.006200
62 0.615226 132 0.006600
63 0.624648 150 0.007500
64 0.634070 109 0.005450
65 0.643492 110 0.005500
66 0.652914 98 0.004900
67 0.662336 74 0.003700
68 0.671758 64 0.003200
69 0.681180 73 0.003650
70 0.690602 52 0.002600
71 0.700024 48 0.002400
72 0.709446 36 0.001800
73 0.718868 45 0.002250
74 0.728290 43 0.002150
75 0.737712 27 0.001350
76 0.747134 25 0.001250
77 0.756556 33 0.001650
78 0.765978 28 0.001400
79 0.775400 30 0.001500
80 0.784822 20 0.001000
81 0.794244 17 0.000850
82 0.803666 15 0.000750
83 0.813088 16 0.000800
84 0.822510 18 0.000900
85 0.831932 15 0.000750
86 0.841354 15 0.000750
87 0.850776 8 0.000400
88 0.860198 8 0.000400
89 0.869620 13 0.000650
90 0.879042 7 0.000350
91 0.888464 14 0.000700
92 0.897886 12 0.000600
93 0.907308 15 0.000750
94 0.916730 14 0.000700
95 0.926152 5 0.000250
96 0.935574 7 0.000350
97 0.944996 4 0.000200
98 0.954418 3 0.000150
99 0.963840 0 0.000000
