0 0.011722 2 0.000100
1 0.021480 6 0.000300
2 0.031238 6 0.000300
3 0.040996 4 0.000200
4 0.050754 11 0.000550
5 0.060512 9 0.000450
6 0.070271 5 0.000250
7 0.080029 15 0.000750
8 0.089787 12 0.000600
9 0.099545 8 0.000400
10 0.109303 5 0.000250
11 0.119061 7 0.000350
12 0.128819 13 0.000650
13 0.138578 10 0.000500
14 0.148336 13 0.000650
15 0.158094 13 0.000650
16 0.167852 19 0.000950
17 0.177610 28 0.001400
18 0.187368 23 0.001150
19 0.197127 22 0.001100
20 0.206885 31 0.001550
21 0.216643 37 0.001850
22 0.226401 26 0.001300
23 0.236159 21 0.001050
24 0.245917 29 0.001450
25 0.255675 41 0.002050
26 0.265434 32 0.001600
27 0.275192 55 0.002750
28 0.284950 56 0.002800
29 0.294708 65 0.003250
30 0.304466 67 0.003350
31 0.314224 67 0.003350
32 0.323983 88 0.004400
33 0.333741 85 0.004250
34 0.343499 91 0.004550
35 0.353257 82 0.004100
36 0.363015 129 0.006450
37 0.372773 118 0.005900
38 0.382531 177 0.008850
39 0.392290 176 0.008800
40 0.402048 244 0.012200
41 0.411806 253 0.012650
42 0.421564 275 0.013750
43 0.431322 356 0.017800
44 0.441080 409 0.020450
45 0.450839 564 0.028200
46 0.460597 689 0.034450
47 0.470355 954 0.047700
48 0.480113 1637 0.081850
49 0.489871 3055 0.152750
50 0.499629 2971 0.148550
51 0.509387 1584 0.079200
52 0.519146 961 0.048050
53 0.528904 677 0.033850
54 0.538662 496 0.024800
55 0.548420 399 0.019950
56 0.558178 381 0.019050
57 0.567936 326 0.016300
58 0.577695 275 0.013750
59 0.587453 169 0.008450
60 0.597211 162 0.008100
61 0.606969 121 0.006050
62 0.616727 158 0.007900
63 0.626485 130 0.006500
64 0.636244 95 0.004750
65 0.646002 120 0.006000
66 0.655760 80 0.004000
67 0.665518 78 0.003900
68 0.675276 82 0.004100
69 0.685034 62 0.003100
70 0.694793 44 0.002200
71 0.704551 36 0.001800
72 0.714309 44 0.002200
73 0.724067 37 0.001850
74 0.733825 32 0.001600
75 0.743583 41 0.002050
76 0.753341 32 0.001600
77 0.763100 31 0.001550
78 0.772858 20 0.001000
79 0.782616 15 0.000750
80 0.792374 17 0.000850
81 0.802132 10 0.000500
82 0.811890 19 0.000950
83 0.821648 21 0.001050
84 0.831407 15 0.000750
85 0.841165 13 0.000650
86 0.850923 7 0.000350
87 0.860681 8 0.000400
88 0.870439 4 0.000200
89 0.880197 9 0.000450
90 0.889956 6 0.000300
91 0.899714 13 0.000650
92 0.909472 15 0.000750
93 0.919230 11 0.000550
94 0.928988 15 0.000750
95 0.938746 5 0.000250
96 0.948505 5 0.000250
97 0.958263 1 0.000050
98 0.968021 6 0.000300
99 0.977779 1 0.000050
