0 0.031060 2 0.000033
1 0.040844 0 0.000000
2 0.050627 11 0.000183
3 0.060411 15 0.000250
4 0.070194 16 0.000267
5 0.079978 14 0.000233
6 0.089761 24 0.000400
7 0.099545 22 0.000367
8 0.109328 15 0.000250
9 0.119111 15 0.000250
10 0.128895 21 0.000350
11 0.138678 17 0.000283
12 0.148462 11 0.000183
13 0.158245 18 0.000300
14 0.168029 21 0.000350
15 0.177812 25 0.000417
16 0.187596 33 0.000550
17 0.197379 24 0.000400
18 0.207162 23 0.000383
19 0.216946 29 0.000483
20 0.226729 18 0.000300
21 0.236513 33 0.000550
22 0.246296 40 0.000667
23 0.256080 60 0.001000
24 0.265863 72 0.001200
25 0.275647 88 0.001467
26 0.285430 82 0.001367
27 0.295213 91 0.001517
28 0.304997 118 0.001967
29 0.314780 132 0.002200
30 0.324564 183 0.003050
31 0.334347 243 0.004050
32 0.344131 180 0.003000
33 0.353914 155 0.002583
34 0.363698 132 0.002200
35 0.373481 151 0.002517
36 0.383264 196 0.003267
37 0.393048 189 0.003150
38 0.402831 237 0.003950
39 0.412615 288 0.004800
40 0.422398 321 0.005350
41 0.432182 381 0.006350
42 0.441965 459 0.007650
43 0.451749 556 0.009267
44 0.461532 774 0.012900
45 0.471315 1321 0.022017
46 0.481099 2266 0.037767
47 0.490882 4773 0.079550
48 0.500666 12127 0.202117
49 0.510449 7474 0.124567
50 0.520233 2607 0.043450
51 0.530016 1293 0.021550
52 0.539800 1108 0.018467
53 0.549583 936 0.015600
54 0.559366 964 0.016067
55 0.569150 1159 0.019317
56 0.578933 1970 0.032833
57 0.588717 2705 0.045083
58 0.598500 2261 0.037683
59 0.608284 1216 0.020267
60 0.618067 904 0.015067
61 0.627850 799 0.013317
62 0.637634 448 0.007467
63 0.647417 444 0.007400
64 0.657201 366 0.006100
65 0.666984 290 0.004833
66 0.676768 288 0.004800
67 0.686551 209 0.003483
68 0.696335 222 0.003700
69 0.706118 192 0.003200
70 0.715901 192 0.003200
71 0.725685 182 0.003033
72 0.735468 158 0.002633
73 0.745252 213 0.003550
74 0.755035 212 0.003533
75 0.764819 196 0.003267
76 0.774602 223 0.003717
77 0.784386 196 0.003267
78 0.794169 151 0.002517
79 0.803952 167 0.002783
80 0.813736 239 0.003983
81 0.823519 231 0.003850
82 0.833303 256 0.004267
83 0.843086 270 0.004500
84 0.852870 351 0.005850
85 0.862653 371 0.006183
86 0.872437 408 0.006800
87 0.882220 381 0.006350
88 0.892003 229 0.003817
89 0.901787 243 0.004050
90 0.911570 340 0.005667
91 0.921354 297 0.004950
92 0.931137 186 0.003100
93 0.940921 193 0.003217
94 0.950704 111 0.001850
95 0.960488 56 0.000933
96 0.970271 51 0.000850
97 0.980054 15 0.000250
98 0.989838 4 0.000067
99 0.999621 1 0.000017
