0 0.059906 9 0.000450
1 0.069398 10 0.000500
2 0.078890 4 0.000200
3 0.088382 7 0.000350
4 0.097874 6 0.000300
5 0.107367 4 0.000200
6 0.116859 4 0.000200
7 0.126351 6 0.000300
8 0.135843 6 0.000300
9 0.145335 7 0.000350
10 0.154827 2 0.000100
11 0.164319 2 0.000100
12 0.173811 3 0.000150
13 0.183303 2 0.000100
14 0.192795 1 0.000050
15 0.202287 2 0.000100
16 0.211779 3 0.000150
17 0.221271 4 0.000200
18 0.230763 1 0.000050
19 0.240256 3 0.000150
20 0.249748 6 0.000300
21 0.259240 33 0.001650
22 0.268732 21 0.001050
23 0.278224 34 0.001700
24 0.287716 44 0.002200
25 0.297208 35 0.001750
26 0.306700 42 0.002100
27 0.316192 61 0.003050
28 0.325684 96 0.004800
29 0.335176 167 0.008350
30 0.344668 103 0.005150
31 0.354160 41 0.002050
32 0.363652 27 0.001350
33 0.373145 25 0.001250
34 0.382637 23 0.001150
35 0.392129 12 0.000600
36 0.401621 14 0.000700
37 0.411113 29 0.001450
38 0.420605 33 0.001650
39 0.430097 26 0.001300
40 0.439589 49 0.002450
41 0.449081 43 0.002150
42 0.458573 47 0.002350
43 0.468065 67 0.003350
44 0.477557 71 0.003550
45 0.487049 115 0.005750
46 0.496541 106 0.005300
47 0.506034 110 0.005500
48 0.515526 116 0.005800
49 0.525018 163 0.008150
50 0.534510 190 0.009500
51 0.544002 290 0.014500
52 0.553494 369 0.018450
53 0.562986 500 0.025000
54 0.572478 992 0.049600
55 0.581970 1829 0.091450
56 0.591462 2465 0.123250
57 0.600954 1799 0.089950
58 0.610446 955 0.047750
59 0.619938 780 0.039000
60 0.629431 533 0.026650
61 0.638923 318 0.015900
62 0.648415 327 0.016350
63 0.657907 264 0.013200
64 0.667399 209 0.010450
65 0.676891 200 0.010000
66 0.686383 152 0.007600
67 0.695875 166 0.008300
68 0.705367 151 0.007550
69 0.714859 132 0.006600
70 0.724351 139 0.006950
71 0.733843 131 0.006550
72 0.743335 163 0.008150
73 0.752827 190 0.009500
74 0.762320 141 0.007050
75 0.771812 196 0.009800
76 0.781304 159 0.007950
77 0.790796 153 0.007650
78 0.800288 145 0.007250
79 0.809780 172 0.008600
80 0.819272 219 0.010950
81 0.828764 226 0.011300
82 0.838256 228 0.011400
83 0.847748 308 0.015400
84 0.857240 377 0.018850
85 0.866732 317 0.015850
86 0.876224 405 0.020250
87 0.885716 266 0.013300
88 0.895209 238 0.011900
89 0.904701 228 0.011400
90 0.914193 334 0.016700
91 0.923685 236 0.011800
92 0.933177 170 0.008500
93 0.942669 185 0.009250
94 0.952161 88 0.004400
95 0.961653 53 0.002650
96 0.971145 48 0.002400
97 0.980637 14 0.000700
98 0.990129 4 0.000200
99 0.999621 1 0.000050
