0 0.016425 10 0.000500
1 0.026357 9 0.000450
2 0.036289 7 0.000350
3 0.046221 1 0.000050
4 0.056152 4 0.000200
5 0.066084 1 0.000050
6 0.076016 6 0.000300
7 0.085948 4 0.000200
8 0.095880 6 0.000300
9 0.105812 8 0.000400
10 0.115744 2 0.000100
11 0.125676 4 0.000200
12 0.135607 1 0.000050
13 0.145539 3 0.000150
14 0.155471 5 0.000250
15 0.165403 1 0.000050
16 0.175335 1 0.000050
17 0.185267 4 0.000200
18 0.195199 1 0.000050
19 0.205130 4 0.000200
20 0.215062 1 0.000050
21 0.224994 3 0.000150
22 0.234926 8 0.000400
23 0.244858 22 0.001100
24 0.254790 28 0.001400
25 0.264722 29 0.001450
26 0.274654 40 0.002000
27 0.284585 28 0.001400
28 0.294517 25 0.001250
29 0.304449 63 0.003150
30 0.314381 96 0.004800
31 0.324313 134 0.006700
32 0.334245 144 0.007200
33 0.344177 82 0.004100
34 0.354109 15 0.000750
35 0.364040 15 0.000750
36 0.373972 20 0.001000
37 0.383904 16 0.000800
38 0.393836 15 0.000750
39 0.403768 30 0.001500
40 0.413700 31 0.001550
41 0.423632 33 0.001650
42 0.433563 34 0.001700
43 0.443495 39 0.001950
44 0.453427 59 0.002950
45 0.463359 68 0.003400
46 0.473291 70 0.003500
47 0.483223 104 0.005200
48 0.493155 126 0.006300
49 0.503087 114 0.005700
50 0.513018 137 0.006850
51 0.522950 178 0.008900
52 0.532882 195 0.009750
53 0.542814 287 0.014350
54 0.552746 409 0.020450
55 0.562678 555 0.027750
56 0.572610 1134 0.056700
57 0.582542 2164 0.108200
58 0.592473 2732 0.136600
59 0.602405 1304 0.065200
60 0.612337 929 0.046450
61 0.622269 683 0.034150
62 0.632201 436 0.021800
63 0.642133 345 0.017250
64 0.652065 292 0.014600
65 0.661996 224 0.011200
66 0.671928 217 0.010850
67 0.681860 176 0.008800
68 0.691792 174 0.008700
69 0.701724 166 0.008300
70 0.711656 138 0.006900
71 0.721588 151 0.007550
72 0.731520 145 0.007250
73 0.741451 192 0.009600
74 0.751383 155 0.007750
75 0.761315 187 0.009350
76 0.771247 179 0.008950
77 0.781179 159 0.007950
78 0.791111 161 0.008050
79 0.801043 135 0.006750
80 0.810975 208 0.010400
81 0.820906 240 0.012000
82 0.830838 235 0.011750
83 0.840770 283 0.014150
84 0.850702 254 0.012700
85 0.860634 467 0.023350
86 0.870566 346 0.017300
87 0.880498 365 0.018250
88 0.890429 275 0.013750
89 0.900361 263 0.013150
90 0.910293 287 0.014350
91 0.920225 313 0.015650
92 0.930157 238 0.011900
93 0.940089 152 0.007600
94 0.950021 52 0.002600
95 0.959953 48 0.002400
96 0.969884 39 0.001950
97 0.979816 15 0.000750
98 0.989748 6 0.000300
99 0.999680 1 0.000050
