0 0.011722 9 0.000150
1 0.021701 15 0.000250
2 0.031680 15 0.000250
3 0.041660 6 0.000100
4 0.051639 15 0.000250
5 0.061618 12 0.000200
6 0.071598 5 0.000083
7 0.081577 23 0.000383
8 0.091557 19 0.000317
9 0.101536 18 0.000300
10 0.111515 7 0.000117
11 0.121495 15 0.000250
12 0.131474 13 0.000217
13 0.141454 14 0.000233
14 0.151433 19 0.000317
15 0.161412 18 0.000300
16 0.171392 23 0.000383
17 0.181371 30 0.000500
18 0.191350 23 0.000383
19 0.201330 31 0.000517
20 0.211309 46 0.000767
21 0.221289 42 0.000700
22 0.231268 35 0.000583
23 0.241247 40 0.000667
24 0.251227 76 0.001267
25 0.261206 61 0.001017
26 0.271185 83 0.001383
27 0.281165 87 0.001450
28 0.291144 98 0.001633
29 0.301124 130 0.002167
30 0.311103 216 0.003600
31 0.321082 281 0.004683
32 0.331062 324 0.005400
33 0.341041 236 0.003933
34 0.351020 225 0.003750
35 0.361000 343 0.005717
36 0.370979 499 0.008317
37 0.380959 402 0.006700
38 0.390938 399 0.006650
39 0.400917 572 0.009533
40 0.410897 665 0.011083
41 0.420876 1230 0.020500
42 0.430855 1121 0.018683
43 0.440835 863 0.014383
44 0.450814 1181 0.019683
45 0.460794 1514 0.025233
46 0.470773 2018 0.033633
47 0.480752 2529 0.042150
48 0.490732 4334 0.072233
49 0.500711 7276 0.121267
50 0.510691 2503 0.041717
51 0.520670 2183 0.036383
52 0.530649 1847 0.030783
53 0.540629 1305 0.021750
54 0.550608 1373 0.022883
55 0.560587 1427 0.023783
56 0.570567 2004 0.033400
57 0.580546 2632 0.043867
58 0.590526 3228 0.053800
59 0.600505 1969 0.032817
60 0.610484 1267 0.021117
61 0.620464 1349 0.022483
62 0.630443 794 0.013233
63 0.640422 547 0.009117
64 0.650402 537 0.008950
65 0.660381 377 0.006283
66 0.670361 429 0.007150
67 0.680340 280 0.004667
68 0.690319 242 0.004033
69 0.700299 242 0.004033
70 0.710278 185 0.003083
71 0.720257 197 0.003283
72 0.730237 176 0.002933
73 0.740216 223 0.003717
74 0.750196 203 0.003383
75 0.760175 209 0.003483
76 0.770154 220 0.003667
77 0.780134 171 0.002850
78 0.790113 188 0.003133
79 0.800092 142 0.002367
80 0.810072 234 0.003900
81 0.820051 255 0.004250
82 0.830031 263 0.004383
83 0.840010 279 0.004650
84 0.849989 270 0.004500
85 0.859969 481 0.008017
86 0.869948 359 0.005983
87 0.879928 364 0.006067
88 0.889907 290 0.004833
89 0.899886 277 0.004617
90 0.909866 307 0.005117
91 0.919845 331 0.005517
92 0.929824 247 0.004117
93 0.939804 164 0.002733
94 0.949783 57 0.000950
95 0.959763 53 0.000883
96 0.969742 42 0.000700
97 0.979721 15 0.000250
98 0.989701 6 0.000100
99 0.999680 1 0.000017
