initializing
training size    : 359556
testing size     : 20000
epoch count      : 10
sub epoch size   : 5

epoch_learning_rate_decay   : 8
learning_rate_decay         : 0.250000

training



epoch [0 0] from [10 5]
training time per iterations 4.196618[ms]
testing on 20000 items
testing done
average error 0.002595
min error     0.000000
max error     0.167637
saving best net
best net saved to networks/disc16x16x3/net_4/trained/, with error 0.002595



epoch [0 1] from [10 5]
training time per iterations 4.195867[ms]
testing on 20000 items
testing done
average error 0.002204
min error     0.000000
max error     0.176212
saving best net
best net saved to networks/disc16x16x3/net_4/trained/, with error 0.002204



epoch [0 2] from [10 5]
training time per iterations 4.195728[ms]
testing on 20000 items
testing done
average error 0.001971
min error     0.000000
max error     0.189457
saving best net
best net saved to networks/disc16x16x3/net_4/trained/, with error 0.001971



epoch [0 3] from [10 5]
training time per iterations 4.196632[ms]
testing on 20000 items
testing done
average error 0.001924
min error     0.000000
max error     0.171056
saving best net
best net saved to networks/disc16x16x3/net_4/trained/, with error 0.001924



epoch [0 4] from [10 5]
training time per iterations 4.196924[ms]
testing on 20000 items
testing done
average error 0.001866
min error     0.000000
max error     0.182742
saving best net
best net saved to networks/disc16x16x3/net_4/trained/, with error 0.001866



epoch [1 0] from [10 5]
training time per iterations 4.197522[ms]
testing on 20000 items
testing done
average error 0.001796
min error     0.000000
max error     0.192056
saving best net
best net saved to networks/disc16x16x3/net_4/trained/, with error 0.001796



epoch [1 1] from [10 5]
training time per iterations 4.198259[ms]
testing on 20000 items
testing done
average error 0.001763
min error     0.000000
max error     0.179585
saving best net
best net saved to networks/disc16x16x3/net_4/trained/, with error 0.001763



epoch [1 2] from [10 5]
training time per iterations 4.199594[ms]
testing on 20000 items
testing done
average error 0.001759
min error     0.000000
max error     0.179024
saving best net
best net saved to networks/disc16x16x3/net_4/trained/, with error 0.001759



epoch [1 3] from [10 5]
training time per iterations 4.198773[ms]
testing on 20000 items
testing done
average error 0.001794
min error     0.000000
max error     0.201895



epoch [1 4] from [10 5]
training time per iterations 4.199232[ms]
testing on 20000 items
testing done
average error 0.001776
min error     0.000000
max error     0.193931



epoch [2 0] from [10 5]
training time per iterations 4.200025[ms]
testing on 20000 items
testing done
average error 0.001836
min error     0.000000
max error     0.184335



epoch [2 1] from [10 5]
training time per iterations 4.199163[ms]
testing on 20000 items
testing done
average error 0.001715
min error     0.000000
max error     0.174034
saving best net
best net saved to networks/disc16x16x3/net_4/trained/, with error 0.001715



epoch [2 2] from [10 5]
training time per iterations 4.119717[ms]
testing on 20000 items
testing done
average error 0.001722
min error     0.000000
max error     0.201979



epoch [2 3] from [10 5]
training time per iterations 4.061075[ms]
testing on 20000 items
testing done
average error 0.001663
min error     0.000000
max error     0.183677
saving best net
best net saved to networks/disc16x16x3/net_4/trained/, with error 0.001663



epoch [2 4] from [10 5]
training time per iterations 4.122332[ms]
testing on 20000 items
testing done
average error 0.001738
min error     0.000000
max error     0.192440



epoch [3 0] from [10 5]
training time per iterations 4.067250[ms]
testing on 20000 items
testing done
average error 0.001646
min error     0.000000
max error     0.194189
saving best net
best net saved to networks/disc16x16x3/net_4/trained/, with error 0.001646



epoch [3 1] from [10 5]
training time per iterations 4.135640[ms]
testing on 20000 items
testing done
average error 0.001671
min error     0.000000
max error     0.193726



epoch [3 2] from [10 5]
training time per iterations 4.073243[ms]
testing on 20000 items
testing done
average error 0.001661
min error     0.000000
max error     0.170469



epoch [3 3] from [10 5]
training time per iterations 4.097801[ms]
testing on 20000 items
testing done
average error 0.001682
min error     0.000000
max error     0.190838



epoch [3 4] from [10 5]
training time per iterations 4.125614[ms]
testing on 20000 items
testing done
average error 0.001604
min error     0.000000
max error     0.179432
saving best net
best net saved to networks/disc16x16x3/net_4/trained/, with error 0.001604



epoch [4 0] from [10 5]
training time per iterations 4.065720[ms]
testing on 20000 items
testing done
average error 0.001604
min error     0.000000
max error     0.182550
saving best net
best net saved to networks/disc16x16x3/net_4/trained/, with error 0.001604



epoch [4 1] from [10 5]
training time per iterations 4.128381[ms]
testing on 20000 items
testing done
average error 0.001787
min error     0.000000
max error     0.168086



epoch [4 2] from [10 5]
training time per iterations 4.069308[ms]
testing on 20000 items
testing done
average error 0.001631
min error     0.000000
max error     0.186411



epoch [4 3] from [10 5]
training time per iterations 4.127686[ms]
testing on 20000 items
testing done
average error 0.001578
min error     0.000000
max error     0.182273
saving best net
best net saved to networks/disc16x16x3/net_4/trained/, with error 0.001578



epoch [4 4] from [10 5]
training time per iterations 4.062230[ms]
testing on 20000 items
testing done
average error 0.001652
min error     0.000000
max error     0.176114



epoch [5 0] from [10 5]
training time per iterations 4.116505[ms]
testing on 20000 items
testing done
average error 0.001722
min error     0.000000
max error     0.166361



epoch [5 1] from [10 5]
training time per iterations 4.098705[ms]
testing on 20000 items
testing done
average error 0.001630
min error     0.000000
max error     0.184989



epoch [5 2] from [10 5]
training time per iterations 4.064872[ms]
testing on 20000 items
testing done
average error 0.001732
min error     0.000000
max error     0.190434



epoch [5 3] from [10 5]
training time per iterations 4.119092[ms]
testing on 20000 items
testing done
average error 0.001650
min error     0.000000
max error     0.185573



epoch [5 4] from [10 5]
training time per iterations 4.061465[ms]
testing on 20000 items
testing done
average error 0.001618
min error     0.000000
max error     0.180795



epoch [6 0] from [10 5]
training time per iterations 4.120343[ms]
testing on 20000 items
testing done
average error 0.001577
min error     0.000000
max error     0.173199
saving best net
best net saved to networks/disc16x16x3/net_4/trained/, with error 0.001577



epoch [6 1] from [10 5]
training time per iterations 4.061868[ms]
testing on 20000 items
testing done
average error 0.001599
min error     0.000000
max error     0.179233



epoch [6 2] from [10 5]
training time per iterations 4.121233[ms]
testing on 20000 items
testing done
average error 0.001827
min error     0.000000
max error     0.182421



epoch [6 3] from [10 5]
training time per iterations 4.076066[ms]
testing on 20000 items
testing done
average error 0.001636
min error     0.000000
max error     0.194824



epoch [6 4] from [10 5]
training time per iterations 4.084034[ms]
testing on 20000 items
testing done
average error 0.001625
min error     0.000000
max error     0.176369



epoch [7 0] from [10 5]
training time per iterations 4.119801[ms]
testing on 20000 items
testing done
average error 0.001609
min error     0.000000
max error     0.193078



epoch [7 1] from [10 5]
training time per iterations 4.063662[ms]
testing on 20000 items
testing done
average error 0.001766
min error     0.000000
max error     0.185389



epoch [7 2] from [10 5]
training time per iterations 4.120023[ms]
testing on 20000 items
testing done
average error 0.001597
min error     0.000000
max error     0.206400



epoch [7 3] from [10 5]
training time per iterations 4.062869[ms]
testing on 20000 items
testing done
average error 0.001559
min error     0.000000
max error     0.180838
saving best net
best net saved to networks/disc16x16x3/net_4/trained/, with error 0.001559



epoch [7 4] from [10 5]
training time per iterations 4.119704[ms]
testing on 20000 items
testing done
average error 0.001710
min error     0.000000
max error     0.174429
setting learning rate to 0.000050



epoch [8 0] from [10 5]
training time per iterations 4.062911[ms]
testing on 20000 items
testing done
average error 0.001688
min error     0.000000
max error     0.177325



epoch [8 1] from [10 5]
training time per iterations 4.106757[ms]
testing on 20000 items
testing done
average error 0.001639
min error     0.000000
max error     0.181095



epoch [8 2] from [10 5]
training time per iterations 4.110456[ms]
testing on 20000 items
testing done
average error 0.001631
min error     0.000000
max error     0.183364



epoch [8 3] from [10 5]
training time per iterations 4.065400[ms]
testing on 20000 items
testing done
average error 0.001646
min error     0.000000
max error     0.181974



epoch [8 4] from [10 5]
training time per iterations 4.122735[ms]
testing on 20000 items
testing done
average error 0.001675
min error     0.000000
max error     0.183892



epoch [9 0] from [10 5]
training time per iterations 4.063843[ms]
testing on 20000 items
testing done
average error 0.001612
min error     0.000000
max error     0.178618



epoch [9 1] from [10 5]
training time per iterations 4.122095[ms]
testing on 20000 items
testing done
average error 0.001607
min error     0.000000
max error     0.185737



epoch [9 2] from [10 5]
training time per iterations 4.062814[ms]
testing on 20000 items
testing done
average error 0.001621
min error     0.000000
max error     0.185762



epoch [9 3] from [10 5]
training time per iterations 4.121039[ms]
testing on 20000 items
testing done
average error 0.001625
min error     0.000000
max error     0.183607



epoch [9 4] from [10 5]
training time per iterations 4.086079[ms]
testing on 20000 items
testing done
average error 0.001638
min error     0.000000
max error     0.181984
training done
