0.000000 0 0 0.002595 0.000000 0.167637 0.002626 0.000000 0.171060
0.200000 0 1 0.002204 0.000000 0.176212 0.002231 0.000000 0.245167
0.400000 0 2 0.001971 0.000000 0.189457 0.001974 0.000000 0.170566
0.600000 0 3 0.001924 0.000000 0.171056 0.001922 0.000000 0.190300
0.800000 0 4 0.001866 0.000000 0.182742 0.001869 0.000000 0.168709
1.000000 1 0 0.001796 0.000000 0.192056 0.001805 0.000000 0.165470
1.200000 1 1 0.001763 0.000000 0.179585 0.001741 0.000000 0.208019
1.400000 1 2 0.001759 0.000000 0.179024 0.001763 0.000000 0.191430
1.600000 1 3 0.001794 0.000000 0.201895 0.001806 0.000000 0.195346
1.800000 1 4 0.001776 0.000000 0.193931 0.001745 0.000000 0.163002
2.000000 2 0 0.001836 0.000000 0.184335 0.001864 0.000000 0.231679
2.200000 2 1 0.001715 0.000000 0.174034 0.001714 0.000000 0.183325
2.400000 2 2 0.001722 0.000000 0.201979 0.001715 0.000000 0.205165
2.600000 2 3 0.001663 0.000000 0.183677 0.001650 0.000000 0.169016
2.800000 2 4 0.001738 0.000000 0.192440 0.001721 0.000000 0.211746
3.000000 3 0 0.001646 0.000000 0.194189 0.001630 0.000000 0.227212
3.200000 3 1 0.001671 0.000000 0.193726 0.001672 0.000000 0.161139
3.400000 3 2 0.001661 0.000000 0.170469 0.001692 0.000000 0.227004
3.600000 3 3 0.001682 0.000000 0.190838 0.001679 0.000000 0.238247
3.800000 3 4 0.001604 0.000000 0.179432 0.001591 0.000000 0.225771
4.000000 4 0 0.001604 0.000000 0.182550 0.001581 0.000000 0.144784
4.200000 4 1 0.001787 0.000000 0.168086 0.001786 0.000000 0.130387
4.400000 4 2 0.001631 0.000000 0.186411 0.001657 0.000000 0.236140
4.600000 4 3 0.001578 0.000000 0.182273 0.001567 0.000000 0.123313
4.800000 4 4 0.001652 0.000000 0.176114 0.001653 0.000000 0.181191
5.000000 5 0 0.001722 0.000000 0.166361 0.001717 0.000000 0.135344
5.200000 5 1 0.001630 0.000000 0.184989 0.001643 0.000000 0.219305
5.400000 5 2 0.001732 0.000000 0.190434 0.001740 0.000000 0.241180
5.600000 5 3 0.001650 0.000000 0.185573 0.001664 0.000000 0.230944
5.800000 5 4 0.001618 0.000000 0.180795 0.001605 0.000000 0.221608
6.000000 6 0 0.001577 0.000000 0.173199 0.001585 0.000000 0.176625
6.200000 6 1 0.001599 0.000000 0.179233 0.001597 0.000000 0.214536
6.400000 6 2 0.001827 0.000000 0.182421 0.001820 0.000000 0.227056
6.600000 6 3 0.001636 0.000000 0.194824 0.001619 0.000000 0.241234
6.800000 6 4 0.001625 0.000000 0.176369 0.001619 0.000000 0.195644
7.000000 7 0 0.001609 0.000000 0.193078 0.001626 0.000000 0.223802
7.200000 7 1 0.001766 0.000000 0.185389 0.001789 0.000000 0.187777
7.400000 7 2 0.001597 0.000000 0.206400 0.001608 0.000000 0.243353
7.600000 7 3 0.001559 0.000000 0.180838 0.001563 0.000000 0.222002
7.800000 7 4 0.001710 0.000000 0.174429 0.001725 0.000000 0.218468
8.000000 8 0 0.001688 0.000000 0.177325 0.001691 0.000000 0.222257
8.200000 8 1 0.001639 0.000000 0.181095 0.001613 0.000000 0.154160
8.400000 8 2 0.001631 0.000000 0.183364 0.001635 0.000000 0.162893
8.600000 8 3 0.001646 0.000000 0.181974 0.001671 0.000000 0.155220
8.800000 8 4 0.001675 0.000000 0.183892 0.001671 0.000000 0.174806
9.000000 9 0 0.001612 0.000000 0.178618 0.001621 0.000000 0.174907
9.200000 9 1 0.001607 0.000000 0.185737 0.001570 0.000000 0.188094
9.400000 9 2 0.001621 0.000000 0.185762 0.001650 0.000000 0.229812
9.600000 9 3 0.001625 0.000000 0.183607 0.001610 0.000000 0.230745
9.800000 9 4 0.001638 0.000000 0.181984 0.001611 0.000000 0.223815
