0 -0.414264 1 0.000050
1 -0.405810 0 0.000000
2 -0.397357 0 0.000000
3 -0.388903 0 0.000000
4 -0.380449 3 0.000150
5 -0.371996 0 0.000000
6 -0.363542 0 0.000000
7 -0.355089 0 0.000000
8 -0.346635 2 0.000100
9 -0.338181 0 0.000000
10 -0.329728 0 0.000000
11 -0.321274 0 0.000000
12 -0.312820 1 0.000050
13 -0.304367 0 0.000000
14 -0.295913 2 0.000100
15 -0.287460 1 0.000050
16 -0.279006 3 0.000150
17 -0.270552 5 0.000250
18 -0.262099 7 0.000350
19 -0.253645 0 0.000000
20 -0.245192 2 0.000100
21 -0.236738 3 0.000150
22 -0.228284 3 0.000150
23 -0.219831 2 0.000100
24 -0.211377 5 0.000250
25 -0.202923 5 0.000250
26 -0.194470 12 0.000600
27 -0.186016 33 0.001650
28 -0.177563 45 0.002250
29 -0.169109 63 0.003150
30 -0.160655 102 0.005100
31 -0.152202 153 0.007650
32 -0.143748 194 0.009700
33 -0.135295 208 0.010400
34 -0.126841 207 0.010350
35 -0.118387 189 0.009450
36 -0.109934 212 0.010600
37 -0.101480 175 0.008750
38 -0.093026 306 0.015300
39 -0.084573 497 0.024850
40 -0.076119 679 0.033950
41 -0.067666 545 0.027250
42 -0.059212 434 0.021700
43 -0.050758 492 0.024600
44 -0.042305 614 0.030700
45 -0.033851 667 0.033350
46 -0.025398 590 0.029500
47 -0.016944 983 0.049150
48 -0.008490 3611 0.180550
49 -0.000037 1934 0.096700
50 0.008417 762 0.038100
51 0.016870 814 0.040700
52 0.025324 841 0.042050
53 0.033778 583 0.029150
54 0.042231 465 0.023250
55 0.050685 489 0.024450
56 0.059139 443 0.022150
57 0.067592 451 0.022550
58 0.076046 320 0.016000
59 0.084499 235 0.011750
60 0.092953 179 0.008950
61 0.101407 137 0.006850
62 0.109860 181 0.009050
63 0.118314 249 0.012450
64 0.126767 226 0.011300
65 0.135221 156 0.007800
66 0.143675 105 0.005250
67 0.152128 128 0.006400
68 0.160582 80 0.004000
69 0.169035 55 0.002750
70 0.177489 33 0.001650
71 0.185943 12 0.000600
72 0.194396 14 0.000700
73 0.202850 8 0.000400
74 0.211304 14 0.000700
75 0.219757 3 0.000150
76 0.228211 3 0.000150
77 0.236664 0 0.000000
78 0.245118 1 0.000050
79 0.253572 3 0.000150
80 0.262025 1 0.000050
81 0.270479 0 0.000000
82 0.278933 0 0.000000
83 0.287386 1 0.000050
84 0.295840 2 0.000100
85 0.304293 3 0.000150
86 0.312747 4 0.000200
87 0.321201 0 0.000000
88 0.329654 3 0.000150
89 0.338108 1 0.000050
90 0.346561 1 0.000050
91 0.355015 0 0.000000
92 0.363469 0 0.000000
93 0.371922 0 0.000000
94 0.380376 0 0.000000
95 0.388829 0 0.000000
96 0.397283 1 0.000050
97 0.405737 2 0.000100
98 0.414190 0 0.000000
99 0.422644 1 0.000050
