0 0.000000 51418 0.856967
1 0.001804 1963 0.032717
2 0.003609 1702 0.028367
3 0.005413 1159 0.019317
4 0.007217 607 0.010117
5 0.009022 379 0.006317
6 0.010826 338 0.005633
7 0.012630 338 0.005633
8 0.014435 418 0.006967
9 0.016239 367 0.006117
10 0.018043 292 0.004867
11 0.019848 187 0.003117
12 0.021652 182 0.003033
13 0.023456 167 0.002783
14 0.025261 122 0.002033
15 0.027065 72 0.001200
16 0.028869 63 0.001050
17 0.030673 47 0.000783
18 0.032478 34 0.000567
19 0.034282 19 0.000317
20 0.036086 15 0.000250
21 0.037891 13 0.000217
22 0.039695 9 0.000150
23 0.041499 4 0.000067
24 0.043304 9 0.000150
25 0.045108 9 0.000150
26 0.046912 4 0.000067
27 0.048717 4 0.000067
28 0.050521 3 0.000050
29 0.052325 2 0.000033
30 0.054130 3 0.000050
31 0.055934 0 0.000000
32 0.057738 1 0.000017
33 0.059543 1 0.000017
34 0.061347 1 0.000017
35 0.063151 1 0.000017
36 0.064956 3 0.000050
37 0.066760 5 0.000083
38 0.068564 4 0.000067
39 0.070369 2 0.000033
40 0.072173 2 0.000033
41 0.073977 2 0.000033
42 0.075782 0 0.000000
43 0.077586 1 0.000017
44 0.079390 0 0.000000
45 0.081195 0 0.000000
46 0.082999 1 0.000017
47 0.084803 2 0.000033
48 0.086607 0 0.000000
49 0.088412 0 0.000000
50 0.090216 2 0.000033
51 0.092020 1 0.000017
52 0.093825 0 0.000000
53 0.095629 2 0.000033
54 0.097433 1 0.000017
55 0.099238 2 0.000033
56 0.101042 2 0.000033
57 0.102846 0 0.000000
58 0.104651 0 0.000000
59 0.106455 0 0.000000
60 0.108259 3 0.000050
61 0.110064 0 0.000000
62 0.111868 0 0.000000
63 0.113672 0 0.000000
64 0.115477 1 0.000017
65 0.117281 1 0.000017
66 0.119085 1 0.000017
67 0.120890 1 0.000017
68 0.122694 0 0.000000
69 0.124498 0 0.000000
70 0.126303 0 0.000000
71 0.128107 0 0.000000
72 0.129911 0 0.000000
73 0.131716 0 0.000000
74 0.133520 0 0.000000
75 0.135324 0 0.000000
76 0.137129 0 0.000000
77 0.138933 2 0.000033
78 0.140737 0 0.000000
79 0.142541 1 0.000017
80 0.144346 0 0.000000
81 0.146150 0 0.000000
82 0.147954 0 0.000000
83 0.149759 0 0.000000
84 0.151563 0 0.000000
85 0.153367 0 0.000000
86 0.155172 0 0.000000
87 0.156976 0 0.000000
88 0.158780 1 0.000017
89 0.160585 0 0.000000
90 0.162389 0 0.000000
91 0.164193 0 0.000000
92 0.165998 2 0.000033
93 0.167802 0 0.000000
94 0.169606 0 0.000000
95 0.171411 1 0.000017
96 0.173215 0 0.000000
97 0.175019 0 0.000000
98 0.176824 0 0.000000
99 0.178628 1 0.000017
