0 -0.048384 1 0.000050
1 -0.047711 0 0.000000
2 -0.047037 0 0.000000
3 -0.046364 0 0.000000
4 -0.045690 0 0.000000
5 -0.045017 1 0.000050
6 -0.044343 0 0.000000
7 -0.043670 0 0.000000
8 -0.042996 0 0.000000
9 -0.042323 0 0.000000
10 -0.041649 1 0.000050
11 -0.040976 0 0.000000
12 -0.040302 0 0.000000
13 -0.039629 0 0.000000
14 -0.038956 0 0.000000
15 -0.038282 0 0.000000
16 -0.037609 2 0.000100
17 -0.036935 0 0.000000
18 -0.036262 6 0.000300
19 -0.035588 2 0.000100
20 -0.034915 1 0.000050
21 -0.034241 3 0.000150
22 -0.033568 3 0.000150
23 -0.032894 5 0.000250
24 -0.032221 7 0.000350
25 -0.031547 5 0.000250
26 -0.030874 8 0.000400
27 -0.030200 7 0.000350
28 -0.029527 11 0.000550
29 -0.028853 9 0.000450
30 -0.028180 10 0.000500
31 -0.027506 15 0.000750
32 -0.026833 14 0.000700
33 -0.026159 24 0.001200
34 -0.025486 20 0.001000
35 -0.024813 22 0.001100
36 -0.024139 25 0.001250
37 -0.023466 33 0.001650
38 -0.022792 51 0.002550
39 -0.022119 70 0.003500
40 -0.021445 61 0.003050
41 -0.020772 102 0.005100
42 -0.020098 94 0.004700
43 -0.019425 131 0.006550
44 -0.018751 136 0.006800
45 -0.018078 191 0.009550
46 -0.017404 266 0.013300
47 -0.016731 289 0.014450
48 -0.016057 343 0.017150
49 -0.015384 444 0.022200
50 -0.014710 509 0.025450
51 -0.014037 599 0.029950
52 -0.013363 701 0.035050
53 -0.012690 824 0.041200
54 -0.012016 1040 0.052000
55 -0.011343 1145 0.057250
56 -0.010670 1401 0.070050
57 -0.009996 1407 0.070350
58 -0.009323 1441 0.072050
59 -0.008649 1458 0.072900
60 -0.007976 1306 0.065300
61 -0.007302 1069 0.053450
62 -0.006629 921 0.046050
63 -0.005955 729 0.036450
64 -0.005282 591 0.029550
65 -0.004608 432 0.021600
66 -0.003935 355 0.017750
67 -0.003261 272 0.013600
68 -0.002588 237 0.011850
69 -0.001914 199 0.009950
70 -0.001241 169 0.008450
71 -0.000567 160 0.008000
72 0.000106 115 0.005750
73 0.000780 94 0.004700
74 0.001453 82 0.004100
75 0.002127 54 0.002700
76 0.002800 39 0.001950
77 0.003473 37 0.001850
78 0.004147 33 0.001650
79 0.004820 26 0.001300
80 0.005494 12 0.000600
81 0.006167 16 0.000800
82 0.006841 14 0.000700
83 0.007514 12 0.000600
84 0.008188 18 0.000900
85 0.008861 14 0.000700
86 0.009535 11 0.000550
87 0.010208 12 0.000600
88 0.010882 7 0.000350
89 0.011555 1 0.000050
90 0.012229 5 0.000250
91 0.012902 3 0.000150
92 0.013576 3 0.000150
93 0.014249 4 0.000200
94 0.014923 5 0.000250
95 0.015596 2 0.000100
96 0.016269 0 0.000000
97 0.016943 1 0.000050
98 0.017616 1 0.000050
99 0.018290 1 0.000050
