0 -0.414264 1 0.000017
1 -0.405810 0 0.000000
2 -0.397357 0 0.000000
3 -0.388903 0 0.000000
4 -0.380449 3 0.000050
5 -0.371996 0 0.000000
6 -0.363542 0 0.000000
7 -0.355089 0 0.000000
8 -0.346635 2 0.000033
9 -0.338181 0 0.000000
10 -0.329728 0 0.000000
11 -0.321274 0 0.000000
12 -0.312820 1 0.000017
13 -0.304367 0 0.000000
14 -0.295913 2 0.000033
15 -0.287460 1 0.000017
16 -0.279006 3 0.000050
17 -0.270552 5 0.000083
18 -0.262099 7 0.000117
19 -0.253645 0 0.000000
20 -0.245192 2 0.000033
21 -0.236738 3 0.000050
22 -0.228284 3 0.000050
23 -0.219831 2 0.000033
24 -0.211377 5 0.000083
25 -0.202923 5 0.000083
26 -0.194470 12 0.000200
27 -0.186016 33 0.000550
28 -0.177563 45 0.000750
29 -0.169109 63 0.001050
30 -0.160655 102 0.001700
31 -0.152202 153 0.002550
32 -0.143748 194 0.003233
33 -0.135295 208 0.003467
34 -0.126841 207 0.003450
35 -0.118387 189 0.003150
36 -0.109934 212 0.003533
37 -0.101480 175 0.002917
38 -0.093026 307 0.005117
39 -0.084573 497 0.008283
40 -0.076119 679 0.011317
41 -0.067666 545 0.009083
42 -0.059212 434 0.007233
43 -0.050758 498 0.008300
44 -0.042305 663 0.011050
45 -0.033851 857 0.014283
46 -0.025398 2256 0.037600
47 -0.016944 15196 0.253267
48 -0.008490 25287 0.421450
49 -0.000037 3819 0.063650
50 0.008417 1016 0.016933
51 0.016870 856 0.014267
52 0.025324 856 0.014267
53 0.033778 585 0.009750
54 0.042231 466 0.007767
55 0.050685 489 0.008150
56 0.059139 443 0.007383
57 0.067592 451 0.007517
58 0.076046 320 0.005333
59 0.084499 235 0.003917
60 0.092953 179 0.002983
61 0.101407 137 0.002283
62 0.109860 181 0.003017
63 0.118314 249 0.004150
64 0.126767 226 0.003767
65 0.135221 156 0.002600
66 0.143675 105 0.001750
67 0.152128 128 0.002133
68 0.160582 80 0.001333
69 0.169035 55 0.000917
70 0.177489 33 0.000550
71 0.185943 12 0.000200
72 0.194396 14 0.000233
73 0.202850 8 0.000133
74 0.211304 14 0.000233
75 0.219757 3 0.000050
76 0.228211 3 0.000050
77 0.236664 0 0.000000
78 0.245118 1 0.000017
79 0.253572 3 0.000050
80 0.262025 1 0.000017
81 0.270479 0 0.000000
82 0.278933 0 0.000000
83 0.287386 1 0.000017
84 0.295840 2 0.000033
85 0.304293 3 0.000050
86 0.312747 4 0.000067
87 0.321201 0 0.000000
88 0.329654 3 0.000050
89 0.338108 1 0.000017
90 0.346561 1 0.000017
91 0.355015 0 0.000000
92 0.363469 0 0.000000
93 0.371922 0 0.000000
94 0.380376 0 0.000000
95 0.388829 0 0.000000
96 0.397283 1 0.000017
97 0.405737 2 0.000033
98 0.414190 0 0.000000
99 0.422644 1 0.000017
