0 -0.091929 1 0.000050
1 -0.090549 0 0.000000
2 -0.089169 0 0.000000
3 -0.087789 0 0.000000
4 -0.086409 0 0.000000
5 -0.085029 0 0.000000
6 -0.083649 0 0.000000
7 -0.082269 0 0.000000
8 -0.080889 0 0.000000
9 -0.079509 0 0.000000
10 -0.078130 0 0.000000
11 -0.076750 0 0.000000
12 -0.075370 0 0.000000
13 -0.073990 0 0.000000
14 -0.072610 0 0.000000
15 -0.071230 0 0.000000
16 -0.069850 0 0.000000
17 -0.068470 0 0.000000
18 -0.067090 0 0.000000
19 -0.065710 0 0.000000
20 -0.064331 0 0.000000
21 -0.062951 0 0.000000
22 -0.061571 0 0.000000
23 -0.060191 0 0.000000
24 -0.058811 0 0.000000
25 -0.057431 0 0.000000
26 -0.056051 0 0.000000
27 -0.054671 0 0.000000
28 -0.053291 0 0.000000
29 -0.051912 0 0.000000
30 -0.050532 0 0.000000
31 -0.049152 1 0.000050
32 -0.047772 1 0.000050
33 -0.046392 1 0.000050
34 -0.045012 0 0.000000
35 -0.043632 1 0.000050
36 -0.042252 4 0.000200
37 -0.040872 3 0.000150
38 -0.039492 6 0.000300
39 -0.038113 7 0.000350
40 -0.036733 8 0.000400
41 -0.035353 6 0.000300
42 -0.033973 2 0.000100
43 -0.032593 1 0.000050
44 -0.031213 10 0.000500
45 -0.029833 12 0.000600
46 -0.028453 20 0.001000
47 -0.027073 19 0.000950
48 -0.025694 29 0.001450
49 -0.024314 53 0.002650
50 -0.022934 72 0.003600
51 -0.021554 105 0.005250
52 -0.020174 109 0.005450
53 -0.018794 128 0.006400
54 -0.017414 139 0.006950
55 -0.016034 186 0.009300
56 -0.014654 285 0.014250
57 -0.013274 494 0.024700
58 -0.011895 637 0.031850
59 -0.010515 1186 0.059300
60 -0.009135 1866 0.093300
61 -0.007755 3085 0.154250
62 -0.006375 3967 0.198350
63 -0.004995 3009 0.150450
64 -0.003615 1656 0.082800
65 -0.002235 984 0.049200
66 -0.000855 581 0.029050
67 0.000524 364 0.018200
68 0.001904 289 0.014450
69 0.003284 186 0.009300
70 0.004664 129 0.006450
71 0.006044 81 0.004050
72 0.007424 64 0.003200
73 0.008804 47 0.002350
74 0.010184 35 0.001750
75 0.011564 22 0.001100
76 0.012944 26 0.001300
77 0.014323 16 0.000800
78 0.015703 11 0.000550
79 0.017083 13 0.000650
80 0.018463 10 0.000500
81 0.019843 4 0.000200
82 0.021223 5 0.000250
83 0.022603 3 0.000150
84 0.023983 4 0.000200
85 0.025363 3 0.000150
86 0.026742 4 0.000200
87 0.028122 2 0.000100
88 0.029502 2 0.000100
89 0.030882 1 0.000050
90 0.032262 2 0.000100
91 0.033642 1 0.000050
92 0.035022 0 0.000000
93 0.036402 1 0.000050
94 0.037782 0 0.000000
95 0.039162 0 0.000000
96 0.040541 0 0.000000
97 0.041921 0 0.000000
98 0.043301 0 0.000000
99 0.044681 1 0.000050
