0 0.012704 1 0.000017
1 0.022788 0 0.000000
2 0.032873 5 0.000083
3 0.042957 19 0.000317
4 0.053042 19 0.000317
5 0.063126 10 0.000167
6 0.073210 21 0.000350
7 0.083295 18 0.000300
8 0.093379 20 0.000333
9 0.103464 22 0.000367
10 0.113548 16 0.000267
11 0.123632 11 0.000183
12 0.133717 14 0.000233
13 0.143801 12 0.000200
14 0.153886 16 0.000267
15 0.163970 16 0.000267
16 0.174054 26 0.000433
17 0.184139 20 0.000333
18 0.194223 34 0.000567
19 0.204308 27 0.000450
20 0.214392 39 0.000650
21 0.224476 31 0.000517
22 0.234561 32 0.000533
23 0.244645 28 0.000467
24 0.254730 50 0.000833
25 0.264814 58 0.000967
26 0.274898 97 0.001617
27 0.284983 96 0.001600
28 0.295067 110 0.001833
29 0.305152 86 0.001433
30 0.315236 117 0.001950
31 0.325321 236 0.003933
32 0.335405 233 0.003883
33 0.345489 251 0.004183
34 0.355574 161 0.002683
35 0.365658 138 0.002300
36 0.375743 141 0.002350
37 0.385827 193 0.003217
38 0.395911 211 0.003517
39 0.405996 223 0.003717
40 0.416080 285 0.004750
41 0.426165 309 0.005150
42 0.436249 423 0.007050
43 0.446333 611 0.010183
44 0.456418 886 0.014767
45 0.466502 1149 0.019150
46 0.476587 1994 0.033233
47 0.486671 4785 0.079750
48 0.496755 11430 0.190500
49 0.506840 7704 0.128400
50 0.516924 2893 0.048217
51 0.527009 1611 0.026850
52 0.537093 1102 0.018367
53 0.547177 830 0.013833
54 0.557262 818 0.013633
55 0.567346 977 0.016283
56 0.577430 1109 0.018483
57 0.587515 2002 0.033367
58 0.597599 2680 0.044667
59 0.607684 1980 0.033000
60 0.617768 1110 0.018500
61 0.627852 902 0.015033
62 0.637937 629 0.010483
63 0.648021 506 0.008433
64 0.658106 423 0.007050
65 0.668190 342 0.005700
66 0.678275 309 0.005150
67 0.688359 294 0.004900
68 0.698443 246 0.004100
69 0.708528 234 0.003900
70 0.718612 247 0.004117
71 0.728697 174 0.002900
72 0.738781 192 0.003200
73 0.748865 196 0.003267
74 0.758950 212 0.003533
75 0.769034 206 0.003433
76 0.779119 242 0.004033
77 0.789203 197 0.003283
78 0.799287 174 0.002900
79 0.809372 166 0.002767
80 0.819456 197 0.003283
81 0.829541 244 0.004067
82 0.839625 272 0.004533
83 0.849709 248 0.004133
84 0.859794 360 0.006000
85 0.869878 420 0.007000
86 0.879963 535 0.008917
87 0.890047 441 0.007350
88 0.900131 299 0.004983
89 0.910216 230 0.003833
90 0.920300 339 0.005650
91 0.930385 420 0.007000
92 0.940469 253 0.004217
93 0.950553 126 0.002100
94 0.960638 65 0.001083
95 0.970722 44 0.000733
96 0.980807 36 0.000600
97 0.990891 27 0.000450
98 1.000975 7 0.000117
99 1.011060 0 0.000000
