0 0.012704 1 0.000050
1 0.022408 0 0.000000
2 0.032113 0 0.000000
3 0.041817 5 0.000250
4 0.051521 9 0.000450
5 0.061225 7 0.000350
6 0.070929 11 0.000550
7 0.080634 8 0.000400
8 0.090338 16 0.000800
9 0.100042 18 0.000900
10 0.109746 8 0.000400
11 0.119451 9 0.000450
12 0.129155 9 0.000450
13 0.138859 8 0.000400
14 0.148563 9 0.000450
15 0.158268 13 0.000650
16 0.167972 10 0.000500
17 0.177676 22 0.001100
18 0.187380 22 0.001100
19 0.197085 28 0.001400
20 0.206789 24 0.001200
21 0.216493 31 0.001550
22 0.226197 25 0.001250
23 0.235901 28 0.001400
24 0.245606 30 0.001500
25 0.255310 31 0.001550
26 0.265014 33 0.001650
27 0.274718 53 0.002650
28 0.284423 65 0.003250
29 0.294127 68 0.003400
30 0.303831 55 0.002750
31 0.313535 60 0.003000
32 0.323240 75 0.003750
33 0.332944 83 0.004150
34 0.342648 101 0.005050
35 0.352352 104 0.005200
36 0.362057 115 0.005750
37 0.371761 111 0.005550
38 0.381465 133 0.006650
39 0.391169 190 0.009500
40 0.400874 187 0.009350
41 0.410578 216 0.010800
42 0.420282 263 0.013150
43 0.429986 272 0.013600
44 0.439690 396 0.019800
45 0.449395 459 0.022950
46 0.459099 577 0.028850
47 0.468803 749 0.037450
48 0.478507 1066 0.053300
49 0.488212 1848 0.092400
50 0.497916 3068 0.153400
51 0.507620 2524 0.126200
52 0.517324 1450 0.072500
53 0.527029 994 0.049700
54 0.536733 609 0.030450
55 0.546437 461 0.023050
56 0.556141 358 0.017900
57 0.565845 401 0.020050
58 0.575550 317 0.015850
59 0.585254 281 0.014050
60 0.594958 191 0.009550
61 0.604662 144 0.007200
62 0.614367 121 0.006050
63 0.624071 124 0.006200
64 0.633775 129 0.006450
65 0.643479 111 0.005550
66 0.653184 128 0.006400
67 0.662888 94 0.004700
68 0.672592 83 0.004150
69 0.682296 77 0.003850
70 0.692001 62 0.003100
71 0.701705 43 0.002150
72 0.711409 59 0.002950
73 0.721113 49 0.002450
74 0.730818 27 0.001350
75 0.740522 39 0.001950
76 0.750226 32 0.001600
77 0.759930 28 0.001400
78 0.769634 32 0.001600
79 0.779339 29 0.001450
80 0.789043 38 0.001900
81 0.798747 19 0.000950
82 0.808451 23 0.001150
83 0.818156 19 0.000950
84 0.827860 15 0.000750
85 0.837564 15 0.000750
86 0.847268 16 0.000800
87 0.856973 17 0.000850
88 0.866677 11 0.000550
89 0.876381 11 0.000550
90 0.886085 2 0.000100
91 0.895790 5 0.000250
92 0.905494 8 0.000400
93 0.915198 14 0.000700
94 0.924902 25 0.001250
95 0.934606 9 0.000450
96 0.944311 12 0.000600
97 0.954015 8 0.000400
98 0.963719 7 0.000350
99 0.973423 0 0.000000
