0 0.041670 17 0.000850
1 0.051462 8 0.000400
2 0.061254 5 0.000250
3 0.071045 5 0.000250
4 0.080837 10 0.000500
5 0.090629 8 0.000400
6 0.100421 1 0.000050
7 0.110213 5 0.000250
8 0.120005 7 0.000350
9 0.129796 4 0.000200
10 0.139588 2 0.000100
11 0.149380 4 0.000200
12 0.159172 5 0.000250
13 0.168964 3 0.000150
14 0.178755 2 0.000100
15 0.188547 4 0.000200
16 0.198339 6 0.000300
17 0.208131 4 0.000200
18 0.217923 3 0.000150
19 0.227714 4 0.000200
20 0.237506 2 0.000100
21 0.247298 4 0.000200
22 0.257090 13 0.000650
23 0.266882 32 0.001600
24 0.276674 34 0.001700
25 0.286465 31 0.001550
26 0.296257 37 0.001850
27 0.306049 34 0.001700
28 0.315841 44 0.002200
29 0.325633 156 0.007800
30 0.335424 142 0.007100
31 0.345216 143 0.007150
32 0.355008 46 0.002300
33 0.364800 24 0.001200
34 0.374592 8 0.000400
35 0.384384 26 0.001300
36 0.394175 19 0.000950
37 0.403967 15 0.000750
38 0.413759 24 0.001200
39 0.423551 20 0.001000
40 0.433343 32 0.001600
41 0.443134 39 0.001950
42 0.452926 43 0.002150
43 0.462718 53 0.002650
44 0.472510 46 0.002300
45 0.482302 70 0.003500
46 0.492094 91 0.004550
47 0.501885 127 0.006350
48 0.511677 76 0.003800
49 0.521469 147 0.007350
50 0.531261 197 0.009850
51 0.541053 254 0.012700
52 0.550844 277 0.013850
53 0.560636 392 0.019600
54 0.570428 527 0.026350
55 0.580220 845 0.042250
56 0.590012 2020 0.101000
57 0.599804 2307 0.115350
58 0.609595 1630 0.081500
59 0.619387 884 0.044200
60 0.629179 731 0.036550
61 0.638971 462 0.023100
62 0.648763 374 0.018700
63 0.658554 293 0.014650
64 0.668346 248 0.012400
65 0.678138 225 0.011250
66 0.687930 206 0.010300
67 0.697722 200 0.010000
68 0.707514 177 0.008850
69 0.717305 175 0.008750
70 0.727097 157 0.007850
71 0.736889 151 0.007550
72 0.746681 150 0.007500
73 0.756473 173 0.008650
74 0.766264 163 0.008150
75 0.776056 191 0.009550
76 0.785848 186 0.009300
77 0.795640 148 0.007400
78 0.805432 148 0.007400
79 0.815223 146 0.007300
80 0.825015 192 0.009600
81 0.834807 255 0.012750
82 0.844599 223 0.011150
83 0.854391 258 0.012900
84 0.864183 379 0.018950
85 0.873974 458 0.022900
86 0.883766 479 0.023950
87 0.893558 405 0.020250
88 0.903350 249 0.012450
89 0.913142 216 0.010800
90 0.922933 328 0.016400
91 0.932725 351 0.017550
92 0.942517 232 0.011600
93 0.952309 89 0.004450
94 0.962101 55 0.002750
95 0.971893 40 0.002000
96 0.981684 35 0.001750
97 0.991476 27 0.001350
98 1.001268 7 0.000350
99 1.011060 0 0.000000
