0 0.429639 2 0.000100
1 0.431387 2 0.000100
2 0.433134 7 0.000350
3 0.434882 7 0.000350
4 0.436630 4 0.000200
5 0.438377 6 0.000300
6 0.440125 2 0.000100
7 0.441873 2 0.000100
8 0.443621 10 0.000500
9 0.445368 5 0.000250
10 0.447116 18 0.000900
11 0.448864 23 0.001150
12 0.450612 16 0.000800
13 0.452359 19 0.000950
14 0.454107 28 0.001400
15 0.455855 40 0.002000
16 0.457603 40 0.002000
17 0.459350 44 0.002200
18 0.461098 55 0.002750
19 0.462846 59 0.002950
20 0.464593 58 0.002900
21 0.466341 44 0.002200
22 0.468089 43 0.002150
23 0.469837 55 0.002750
24 0.471584 59 0.002950
25 0.473332 78 0.003900
26 0.475080 72 0.003600
27 0.476828 70 0.003500
28 0.478575 92 0.004600
29 0.480323 130 0.006500
30 0.482071 184 0.009200
31 0.483819 257 0.012850
32 0.485566 305 0.015250
33 0.487314 290 0.014500
34 0.489062 399 0.019950
35 0.490810 402 0.020100
36 0.492557 641 0.032050
37 0.494305 734 0.036700
38 0.496053 990 0.049500
39 0.497800 955 0.047750
40 0.499548 1198 0.059900
41 0.501296 1481 0.074050
42 0.503044 1754 0.087700
43 0.504791 1864 0.093200
44 0.506539 1520 0.076000
45 0.508287 997 0.049850
46 0.510035 911 0.045550
47 0.511782 795 0.039750
48 0.513530 582 0.029100
49 0.515278 417 0.020850
50 0.517026 351 0.017550
51 0.518773 250 0.012500
52 0.520521 200 0.010000
53 0.522269 191 0.009550
54 0.524016 183 0.009150
55 0.525764 121 0.006050
56 0.527512 77 0.003850
57 0.529260 78 0.003900
58 0.531007 65 0.003250
59 0.532755 67 0.003350
60 0.534503 48 0.002400
61 0.536251 41 0.002050
62 0.537998 46 0.002300
63 0.539746 39 0.001950
64 0.541494 47 0.002350
65 0.543242 34 0.001700
66 0.544989 25 0.001250
67 0.546737 22 0.001100
68 0.548485 23 0.001150
69 0.550233 17 0.000850
70 0.551980 31 0.001550
71 0.553728 22 0.001100
72 0.555476 14 0.000700
73 0.557223 27 0.001350
74 0.558971 22 0.001100
75 0.560719 14 0.000700
76 0.562467 15 0.000750
77 0.564214 6 0.000300
78 0.565962 8 0.000400
79 0.567710 24 0.001200
80 0.569458 9 0.000450
81 0.571205 14 0.000700
82 0.572953 14 0.000700
83 0.574701 4 0.000200
84 0.576449 9 0.000450
85 0.578196 7 0.000350
86 0.579944 10 0.000500
87 0.581692 12 0.000600
88 0.583440 6 0.000300
89 0.585187 3 0.000150
90 0.586935 4 0.000200
91 0.588683 7 0.000350
92 0.590430 5 0.000250
93 0.592178 5 0.000250
94 0.593926 3 0.000150
95 0.595674 3 0.000150
96 0.597421 1 0.000050
97 0.599169 3 0.000150
98 0.600917 6 0.000300
99 0.602665 1 0.000050
