0 0.015055 1 0.000050
1 0.024783 7 0.000350
2 0.034510 3 0.000150
3 0.044238 8 0.000400
4 0.053966 12 0.000600
5 0.063694 14 0.000700
6 0.073422 12 0.000600
7 0.083150 6 0.000300
8 0.092878 12 0.000600
9 0.102605 14 0.000700
10 0.112333 4 0.000200
11 0.122061 6 0.000300
12 0.131789 10 0.000500
13 0.141517 7 0.000350
14 0.151245 14 0.000700
15 0.160973 15 0.000750
16 0.170700 18 0.000900
17 0.180428 19 0.000950
18 0.190156 22 0.001100
19 0.199884 27 0.001350
20 0.209612 28 0.001400
21 0.219340 31 0.001550
22 0.229068 30 0.001500
23 0.238795 25 0.001250
24 0.248523 32 0.001600
25 0.258251 34 0.001700
26 0.267979 48 0.002400
27 0.277707 65 0.003250
28 0.287435 77 0.003850
29 0.297163 52 0.002600
30 0.306890 60 0.003000
31 0.316618 74 0.003700
32 0.326346 92 0.004600
33 0.336074 70 0.003500
34 0.345802 100 0.005000
35 0.355530 110 0.005500
36 0.365258 123 0.006150
37 0.374985 134 0.006700
38 0.384713 179 0.008950
39 0.394441 181 0.009050
40 0.404169 244 0.012200
41 0.413897 243 0.012150
42 0.423625 301 0.015050
43 0.433353 348 0.017400
44 0.443080 445 0.022250
45 0.452808 552 0.027600
46 0.462536 783 0.039150
47 0.472264 1034 0.051700
48 0.481992 1819 0.090950
49 0.491720 3131 0.156550
50 0.501447 2642 0.132100
51 0.511175 1451 0.072550
52 0.520903 948 0.047400
53 0.530631 613 0.030650
54 0.540359 438 0.021900
55 0.550087 370 0.018500
56 0.559815 371 0.018550
57 0.569543 328 0.016400
58 0.579270 307 0.015350
59 0.588998 163 0.008150
60 0.598726 140 0.007000
61 0.608454 145 0.007250
62 0.618182 142 0.007100
63 0.627910 101 0.005050
64 0.637637 112 0.005600
65 0.647365 133 0.006650
66 0.657093 94 0.004700
67 0.666821 83 0.004150
68 0.676549 79 0.003950
69 0.686277 65 0.003250
70 0.696005 50 0.002500
71 0.705732 45 0.002250
72 0.715460 44 0.002200
73 0.725188 44 0.002200
74 0.734916 31 0.001550
75 0.744644 35 0.001750
76 0.754372 26 0.001300
77 0.764100 36 0.001800
78 0.773827 28 0.001400
79 0.783555 27 0.001350
80 0.793283 21 0.001050
81 0.803011 13 0.000650
82 0.812739 18 0.000900
83 0.822467 23 0.001150
84 0.832195 17 0.000850
85 0.841922 18 0.000900
86 0.851650 14 0.000700
87 0.861378 10 0.000500
88 0.871106 8 0.000400
89 0.880834 5 0.000250
90 0.890562 4 0.000200
91 0.900290 7 0.000350
92 0.910017 8 0.000400
93 0.919745 15 0.000750
94 0.929473 25 0.001250
95 0.939201 8 0.000400
96 0.948929 5 0.000250
97 0.958657 3 0.000150
98 0.968385 10 0.000500
99 0.978112 1 0.000050
