0 0.094818 1 0.000050
1 0.102991 0 0.000000
2 0.111164 2 0.000100
3 0.119337 1 0.000050
4 0.127510 3 0.000150
5 0.135682 0 0.000000
6 0.143855 0 0.000000
7 0.152028 0 0.000000
8 0.160201 0 0.000000
9 0.168374 0 0.000000
10 0.176547 0 0.000000
11 0.184720 0 0.000000
12 0.192892 0 0.000000
13 0.201065 1 0.000050
14 0.209238 4 0.000200
15 0.217411 5 0.000250
16 0.225584 4 0.000200
17 0.233757 5 0.000250
18 0.241930 0 0.000000
19 0.250102 0 0.000000
20 0.258275 0 0.000000
21 0.266448 1 0.000050
22 0.274621 3 0.000150
23 0.282794 0 0.000000
24 0.290967 9 0.000450
25 0.299139 9 0.000450
26 0.307312 21 0.001050
27 0.315485 48 0.002400
28 0.323658 73 0.003650
29 0.331831 76 0.003800
30 0.340004 44 0.002200
31 0.348177 56 0.002800
32 0.356349 157 0.007850
33 0.364522 170 0.008500
34 0.372695 303 0.015150
35 0.380868 171 0.008550
36 0.389041 195 0.009750
37 0.397214 183 0.009150
38 0.405387 258 0.012900
39 0.413559 383 0.019150
40 0.421732 712 0.035600
41 0.429905 707 0.035350
42 0.438078 348 0.017400
43 0.446251 328 0.016400
44 0.454424 533 0.026650
45 0.462596 556 0.027800
46 0.470769 834 0.041700
47 0.478942 527 0.026350
48 0.487115 623 0.031150
49 0.495288 4277 0.213850
50 0.503461 1051 0.052550
51 0.511634 730 0.036500
52 0.519806 672 0.033600
53 0.527979 1094 0.054700
54 0.536152 445 0.022250
55 0.544325 466 0.023300
56 0.552498 433 0.021650
57 0.560671 449 0.022450
58 0.568844 655 0.032750
59 0.577016 305 0.015250
60 0.585189 280 0.014000
61 0.593362 208 0.010400
62 0.601535 227 0.011350
63 0.609708 175 0.008750
64 0.617881 185 0.009250
65 0.626054 393 0.019650
66 0.634226 100 0.005000
67 0.642399 69 0.003450
68 0.650572 84 0.004200
69 0.658745 97 0.004850
70 0.666918 82 0.004100
71 0.675091 58 0.002900
72 0.683263 20 0.001000
73 0.691436 25 0.001250
74 0.699609 27 0.001350
75 0.707782 11 0.000550
76 0.715955 2 0.000100
77 0.724128 1 0.000050
78 0.732301 0 0.000000
79 0.740473 1 0.000050
80 0.748646 0 0.000000
81 0.756819 0 0.000000
82 0.764992 0 0.000000
83 0.773165 1 0.000050
84 0.781338 5 0.000250
85 0.789510 2 0.000100
86 0.797683 6 0.000300
87 0.805856 4 0.000200
88 0.814029 1 0.000050
89 0.822202 0 0.000000
90 0.830375 0 0.000000
91 0.838548 0 0.000000
92 0.846720 0 0.000000
93 0.854893 0 0.000000
94 0.863066 0 0.000000
95 0.871239 1 0.000050
96 0.879412 1 0.000050
97 0.887585 2 0.000100
98 0.895758 1 0.000050
99 0.903930 0 0.000000
