0 0.013439 5 0.000250
1 0.023395 6 0.000300
2 0.033352 9 0.000450
3 0.043309 11 0.000550
4 0.053265 2 0.000100
5 0.063222 11 0.000550
6 0.073178 2 0.000100
7 0.083135 4 0.000200
8 0.093092 6 0.000300
9 0.103048 7 0.000350
10 0.113005 4 0.000200
11 0.122962 5 0.000250
12 0.132918 4 0.000200
13 0.142875 2 0.000100
14 0.152832 6 0.000300
15 0.162788 2 0.000100
16 0.172745 4 0.000200
17 0.182702 3 0.000150
18 0.192658 5 0.000250
19 0.202615 6 0.000300
20 0.212572 1 0.000050
21 0.222528 4 0.000200
22 0.232485 6 0.000300
23 0.242442 12 0.000600
24 0.252398 29 0.001450
25 0.262355 36 0.001800
26 0.272311 27 0.001350
27 0.282268 31 0.001550
28 0.292225 24 0.001200
29 0.302181 35 0.001750
30 0.312138 135 0.006750
31 0.322095 107 0.005350
32 0.332051 171 0.008550
33 0.342008 88 0.004400
34 0.351965 37 0.001850
35 0.361921 12 0.000600
36 0.371878 25 0.001250
37 0.381835 15 0.000750
38 0.391791 12 0.000600
39 0.401748 17 0.000850
40 0.411705 30 0.001500
41 0.421661 27 0.001350
42 0.431618 37 0.001850
43 0.441574 35 0.001750
44 0.451531 61 0.003050
45 0.461488 44 0.002200
46 0.471444 68 0.003400
47 0.481401 76 0.003800
48 0.491358 123 0.006150
49 0.501314 93 0.004650
50 0.511271 148 0.007400
51 0.521228 197 0.009850
52 0.531184 221 0.011050
53 0.541141 270 0.013500
54 0.551098 405 0.020250
55 0.561054 479 0.023950
56 0.571011 940 0.047000
57 0.580968 1903 0.095150
58 0.590924 2636 0.131800
59 0.600881 1376 0.068800
60 0.610838 926 0.046300
61 0.620794 771 0.038550
62 0.630751 484 0.024200
63 0.640707 364 0.018200
64 0.650664 292 0.014600
65 0.660621 228 0.011400
66 0.670577 226 0.011300
67 0.680534 214 0.010700
68 0.690491 215 0.010750
69 0.700447 176 0.008800
70 0.710404 178 0.008900
71 0.720361 142 0.007100
72 0.730317 161 0.008050
73 0.740274 157 0.007850
74 0.750231 183 0.009150
75 0.760187 167 0.008350
76 0.770144 211 0.010550
77 0.780101 159 0.007950
78 0.790057 159 0.007950
79 0.800014 150 0.007500
80 0.809970 155 0.007750
81 0.819927 263 0.013150
82 0.829884 242 0.012100
83 0.839840 245 0.012250
84 0.849797 336 0.016800
85 0.859754 469 0.023450
86 0.869710 421 0.021050
87 0.879667 446 0.022300
88 0.889624 280 0.014000
89 0.899580 263 0.013150
90 0.909537 300 0.015000
91 0.919494 344 0.017200
92 0.929450 231 0.011550
93 0.939407 159 0.007950
94 0.949364 63 0.003150
95 0.959320 46 0.002300
96 0.969277 37 0.001850
97 0.979234 28 0.001400
98 0.989190 12 0.000600
99 0.999147 0 0.000000
