0 0.013439 6 0.000100
1 0.023395 12 0.000200
2 0.033352 13 0.000217
3 0.043309 18 0.000300
4 0.053265 15 0.000250
5 0.063222 25 0.000417
6 0.073178 14 0.000233
7 0.083135 10 0.000167
8 0.093092 19 0.000317
9 0.103048 21 0.000350
10 0.113005 11 0.000183
11 0.122962 13 0.000217
12 0.132918 16 0.000267
13 0.142875 8 0.000133
14 0.152832 24 0.000400
15 0.162788 16 0.000267
16 0.172745 24 0.000400
17 0.182702 26 0.000433
18 0.192658 29 0.000483
19 0.202615 34 0.000567
20 0.212572 35 0.000583
21 0.222528 44 0.000733
22 0.232485 34 0.000567
23 0.242442 37 0.000617
24 0.252398 63 0.001050
25 0.262355 78 0.001300
26 0.272311 91 0.001517
27 0.282268 107 0.001783
28 0.292225 100 0.001667
29 0.302181 109 0.001817
30 0.312138 251 0.004183
31 0.322095 281 0.004683
32 0.332051 332 0.005533
33 0.342008 238 0.003967
34 0.351965 273 0.004550
35 0.361921 357 0.005950
36 0.371878 477 0.007950
37 0.381835 426 0.007100
38 0.391791 377 0.006283
39 0.401748 565 0.009417
40 0.411705 741 0.012350
41 0.421661 1244 0.020733
42 0.431618 1013 0.016883
43 0.441574 887 0.014783
44 0.451531 1173 0.019550
45 0.461488 1540 0.025667
46 0.471444 2015 0.033583
47 0.481401 2527 0.042117
48 0.491358 4327 0.072117
49 0.501314 7409 0.123483
50 0.511271 2490 0.041500
51 0.521228 2130 0.035500
52 0.531184 1816 0.030267
53 0.541141 1243 0.020717
54 0.551098 1307 0.021783
55 0.561054 1433 0.023883
56 0.571011 1938 0.032300
57 0.580968 2540 0.042333
58 0.590924 3065 0.051083
59 0.600881 1784 0.029733
60 0.610838 1264 0.021067
61 0.620794 1327 0.022117
62 0.630751 792 0.013200
63 0.640707 583 0.009717
64 0.650664 518 0.008633
65 0.660621 410 0.006833
66 0.670577 403 0.006717
67 0.680534 322 0.005367
68 0.690491 309 0.005150
69 0.700447 256 0.004267
70 0.710404 228 0.003800
71 0.720361 188 0.003133
72 0.730317 196 0.003267
73 0.740274 197 0.003283
74 0.750231 209 0.003483
75 0.760187 205 0.003417
76 0.770144 243 0.004050
77 0.780101 191 0.003183
78 0.790057 188 0.003133
79 0.800014 170 0.002833
80 0.809970 177 0.002950
81 0.819927 283 0.004717
82 0.829884 260 0.004333
83 0.839840 263 0.004383
84 0.849797 353 0.005883
85 0.859754 479 0.007983
86 0.869710 429 0.007150
87 0.879667 453 0.007550
88 0.889624 287 0.004783
89 0.899580 271 0.004517
90 0.909537 308 0.005133
91 0.919494 359 0.005983
92 0.929450 256 0.004267
93 0.939407 167 0.002783
94 0.949364 68 0.001133
95 0.959320 49 0.000817
96 0.969277 48 0.000800
97 0.979234 28 0.000467
98 0.989190 12 0.000200
99 0.999147 0 0.000000
