0 -0.069358 1 0.000050
1 -0.068093 1 0.000050
2 -0.066828 1 0.000050
3 -0.065563 0 0.000000
4 -0.064298 1 0.000050
5 -0.063033 1 0.000050
6 -0.061768 1 0.000050
7 -0.060503 3 0.000150
8 -0.059238 6 0.000300
9 -0.057973 5 0.000250
10 -0.056708 2 0.000100
11 -0.055443 1 0.000050
12 -0.054178 3 0.000150
13 -0.052913 1 0.000050
14 -0.051648 1 0.000050
15 -0.050383 2 0.000100
16 -0.049118 4 0.000200
17 -0.047853 7 0.000350
18 -0.046588 2 0.000100
19 -0.045323 7 0.000350
20 -0.044058 4 0.000200
21 -0.042793 8 0.000400
22 -0.041528 7 0.000350
23 -0.040263 6 0.000300
24 -0.038998 6 0.000300
25 -0.037733 6 0.000300
26 -0.036468 14 0.000700
27 -0.035203 10 0.000500
28 -0.033938 19 0.000950
29 -0.032673 18 0.000900
30 -0.031408 20 0.001000
31 -0.030143 32 0.001600
32 -0.028878 39 0.001950
33 -0.027613 41 0.002050
34 -0.026348 51 0.002550
35 -0.025083 63 0.003150
36 -0.023818 79 0.003950
37 -0.022553 105 0.005250
38 -0.021288 178 0.008900
39 -0.020023 176 0.008800
40 -0.018758 240 0.012000
41 -0.017494 277 0.013850
42 -0.016229 307 0.015350
43 -0.014964 407 0.020350
44 -0.013699 634 0.031700
45 -0.012434 932 0.046600
46 -0.011169 1212 0.060600
47 -0.009904 1635 0.081750
48 -0.008639 1789 0.089450
49 -0.007374 1999 0.099950
50 -0.006109 2224 0.111200
51 -0.004844 2171 0.108550
52 -0.003579 1391 0.069550
53 -0.002314 1130 0.056500
54 -0.001049 726 0.036300
55 0.000216 434 0.021700
56 0.001481 336 0.016800
57 0.002746 232 0.011600
58 0.004011 166 0.008300
59 0.005276 165 0.008250
60 0.006541 122 0.006100
61 0.007806 97 0.004850
62 0.009071 93 0.004650
63 0.010336 47 0.002350
64 0.011601 58 0.002900
65 0.012866 40 0.002000
66 0.014131 25 0.001250
67 0.015396 19 0.000950
68 0.016661 18 0.000900
69 0.017926 15 0.000750
70 0.019191 13 0.000650
71 0.020456 10 0.000500
72 0.021721 18 0.000900
73 0.022986 13 0.000650
74 0.024251 9 0.000450
75 0.025516 9 0.000450
76 0.026781 14 0.000700
77 0.028046 12 0.000600
78 0.029311 3 0.000150
79 0.030576 4 0.000200
80 0.031841 3 0.000150
81 0.033106 3 0.000150
82 0.034371 1 0.000050
83 0.035636 1 0.000050
84 0.036901 1 0.000050
85 0.038166 1 0.000050
86 0.039431 1 0.000050
87 0.040696 0 0.000000
88 0.041961 0 0.000000
89 0.043226 2 0.000100
90 0.044491 1 0.000050
91 0.045756 0 0.000000
92 0.047021 0 0.000000
93 0.048286 3 0.000150
94 0.049551 1 0.000050
95 0.050816 0 0.000000
96 0.052081 1 0.000050
97 0.053346 0 0.000000
98 0.054611 2 0.000100
99 0.055876 1 0.000050
