0 -0.476040 2 0.000100
1 -0.466390 0 0.000000
2 -0.456741 0 0.000000
3 -0.447091 0 0.000000
4 -0.437441 0 0.000000
5 -0.427792 0 0.000000
6 -0.418142 1 0.000050
7 -0.408493 0 0.000000
8 -0.398843 0 0.000000
9 -0.389194 1 0.000050
10 -0.379544 1 0.000050
11 -0.369894 1 0.000050
12 -0.360245 0 0.000000
13 -0.350595 0 0.000000
14 -0.340946 0 0.000000
15 -0.331296 0 0.000000
16 -0.321647 1 0.000050
17 -0.311997 0 0.000000
18 -0.302347 2 0.000100
19 -0.292698 4 0.000200
20 -0.283048 11 0.000550
21 -0.273399 2 0.000100
22 -0.263749 4 0.000200
23 -0.254099 2 0.000100
24 -0.244450 1 0.000050
25 -0.234800 4 0.000200
26 -0.225151 2 0.000100
27 -0.215501 12 0.000600
28 -0.205852 13 0.000650
29 -0.196202 42 0.002100
30 -0.186552 85 0.004250
31 -0.176903 81 0.004050
32 -0.167253 68 0.003400
33 -0.157604 160 0.008000
34 -0.147954 184 0.009200
35 -0.138305 323 0.016150
36 -0.128655 167 0.008350
37 -0.119005 166 0.008300
38 -0.109356 279 0.013950
39 -0.099706 458 0.022900
40 -0.090057 1043 0.052150
41 -0.080407 682 0.034100
42 -0.070758 473 0.023650
43 -0.061108 576 0.028800
44 -0.051458 611 0.030550
45 -0.041809 794 0.039700
46 -0.032159 669 0.033450
47 -0.022510 1299 0.064950
48 -0.012860 3512 0.175600
49 -0.003211 1315 0.065750
50 0.006439 1158 0.057900
51 0.016089 1123 0.056150
52 0.025738 612 0.030600
53 0.035388 453 0.022650
54 0.045037 467 0.023350
55 0.054687 622 0.031100
56 0.064336 492 0.024600
57 0.073986 268 0.013400
58 0.083636 203 0.010150
59 0.093285 252 0.012600
60 0.102935 311 0.015550
61 0.112584 386 0.019300
62 0.122234 153 0.007650
63 0.131883 87 0.004350
64 0.141533 129 0.006450
65 0.151183 84 0.004200
66 0.160832 75 0.003750
67 0.170482 19 0.000950
68 0.180131 8 0.000400
69 0.189781 8 0.000400
70 0.199430 6 0.000300
71 0.209080 11 0.000550
72 0.218730 2 0.000100
73 0.228379 0 0.000000
74 0.238029 2 0.000100
75 0.247678 0 0.000000
76 0.257328 4 0.000200
77 0.266978 4 0.000200
78 0.276627 0 0.000000
79 0.286277 2 0.000100
80 0.295926 3 0.000150
81 0.305576 3 0.000150
82 0.315225 0 0.000000
83 0.324875 0 0.000000
84 0.334525 0 0.000000
85 0.344174 0 0.000000
86 0.353824 0 0.000000
87 0.363473 0 0.000000
88 0.373123 0 0.000000
89 0.382772 0 0.000000
90 0.392422 1 0.000050
91 0.402072 0 0.000000
92 0.411721 0 0.000000
93 0.421371 0 0.000000
94 0.431020 0 0.000000
95 0.440670 0 0.000000
96 0.450319 0 0.000000
97 0.459969 0 0.000000
98 0.469619 0 0.000000
99 0.479268 1 0.000050
