0 -0.476040 2 0.000033
1 -0.466390 0 0.000000
2 -0.456741 0 0.000000
3 -0.447091 0 0.000000
4 -0.437441 0 0.000000
5 -0.427792 0 0.000000
6 -0.418142 1 0.000017
7 -0.408493 0 0.000000
8 -0.398843 0 0.000000
9 -0.389194 1 0.000017
10 -0.379544 1 0.000017
11 -0.369894 1 0.000017
12 -0.360245 0 0.000000
13 -0.350595 0 0.000000
14 -0.340946 0 0.000000
15 -0.331296 0 0.000000
16 -0.321647 1 0.000017
17 -0.311997 0 0.000000
18 -0.302347 2 0.000033
19 -0.292698 4 0.000067
20 -0.283048 11 0.000183
21 -0.273399 2 0.000033
22 -0.263749 4 0.000067
23 -0.254099 2 0.000033
24 -0.244450 1 0.000017
25 -0.234800 4 0.000067
26 -0.225151 2 0.000033
27 -0.215501 12 0.000200
28 -0.205852 13 0.000217
29 -0.196202 42 0.000700
30 -0.186552 85 0.001417
31 -0.176903 81 0.001350
32 -0.167253 68 0.001133
33 -0.157604 160 0.002667
34 -0.147954 184 0.003067
35 -0.138305 323 0.005383
36 -0.128655 167 0.002783
37 -0.119005 166 0.002767
38 -0.109356 279 0.004650
39 -0.099706 458 0.007633
40 -0.090057 1043 0.017383
41 -0.080407 682 0.011367
42 -0.070758 480 0.008000
43 -0.061108 611 0.010183
44 -0.051458 685 0.011417
45 -0.041809 1070 0.017833
46 -0.032159 2034 0.033900
47 -0.022510 7899 0.131650
48 -0.012860 27533 0.458883
49 -0.003211 7910 0.131833
50 0.006439 1956 0.032600
51 0.016089 1282 0.021367
52 0.025738 667 0.011117
53 0.035388 460 0.007667
54 0.045037 472 0.007867
55 0.054687 625 0.010417
56 0.064336 492 0.008200
57 0.073986 268 0.004467
58 0.083636 203 0.003383
59 0.093285 252 0.004200
60 0.102935 311 0.005183
61 0.112584 386 0.006433
62 0.122234 153 0.002550
63 0.131883 87 0.001450
64 0.141533 129 0.002150
65 0.151183 84 0.001400
66 0.160832 75 0.001250
67 0.170482 19 0.000317
68 0.180131 8 0.000133
69 0.189781 8 0.000133
70 0.199430 6 0.000100
71 0.209080 11 0.000183
72 0.218730 2 0.000033
73 0.228379 0 0.000000
74 0.238029 2 0.000033
75 0.247678 0 0.000000
76 0.257328 4 0.000067
77 0.266978 4 0.000067
78 0.276627 0 0.000000
79 0.286277 2 0.000033
80 0.295926 3 0.000050
81 0.305576 3 0.000050
82 0.315225 0 0.000000
83 0.324875 0 0.000000
84 0.334525 0 0.000000
85 0.344174 0 0.000000
86 0.353824 0 0.000000
87 0.363473 0 0.000000
88 0.373123 0 0.000000
89 0.382772 0 0.000000
90 0.392422 1 0.000017
91 0.402072 0 0.000000
92 0.411721 0 0.000000
93 0.421371 0 0.000000
94 0.431020 0 0.000000
95 0.440670 0 0.000000
96 0.450319 0 0.000000
97 0.459969 0 0.000000
98 0.469619 0 0.000000
99 0.479268 1 0.000017
