0 0.000000 51469 0.857817
1 0.002320 2299 0.038317
2 0.004640 1676 0.027933
3 0.006961 1324 0.022067
4 0.009281 686 0.011433
5 0.011601 642 0.010700
6 0.013921 362 0.006033
7 0.016241 369 0.006150
8 0.018561 288 0.004800
9 0.020882 233 0.003883
10 0.023202 167 0.002783
11 0.025522 115 0.001917
12 0.027842 88 0.001467
13 0.030162 71 0.001183
14 0.032483 55 0.000917
15 0.034803 35 0.000583
16 0.037123 20 0.000333
17 0.039443 13 0.000217
18 0.041763 9 0.000150
19 0.044083 16 0.000267
20 0.046404 6 0.000100
21 0.048724 0 0.000000
22 0.051044 2 0.000033
23 0.053364 2 0.000033
24 0.055684 3 0.000050
25 0.058005 0 0.000000
26 0.060325 2 0.000033
27 0.062645 0 0.000000
28 0.064965 2 0.000033
29 0.067285 5 0.000083
30 0.069605 2 0.000033
31 0.071926 3 0.000050
32 0.074246 6 0.000100
33 0.076566 4 0.000067
34 0.078886 5 0.000083
35 0.081206 0 0.000000
36 0.083527 2 0.000033
37 0.085847 3 0.000050
38 0.088167 3 0.000050
39 0.090487 1 0.000017
40 0.092807 0 0.000000
41 0.095127 1 0.000017
42 0.097448 3 0.000050
43 0.099768 0 0.000000
44 0.102088 0 0.000000
45 0.104408 0 0.000000
46 0.106728 0 0.000000
47 0.109049 0 0.000000
48 0.111369 0 0.000000
49 0.113689 0 0.000000
50 0.116009 0 0.000000
51 0.118329 0 0.000000
52 0.120649 0 0.000000
53 0.122970 0 0.000000
54 0.125290 0 0.000000
55 0.127610 0 0.000000
56 0.129930 0 0.000000
57 0.132250 1 0.000017
58 0.134571 0 0.000000
59 0.136891 0 0.000000
60 0.139211 0 0.000000
61 0.141531 1 0.000017
62 0.143851 0 0.000000
63 0.146171 1 0.000017
64 0.148492 0 0.000000
65 0.150812 0 0.000000
66 0.153132 0 0.000000
67 0.155452 0 0.000000
68 0.157772 1 0.000017
69 0.160093 0 0.000000
70 0.162413 0 0.000000
71 0.164733 0 0.000000
72 0.167053 0 0.000000
73 0.169373 1 0.000017
74 0.171693 0 0.000000
75 0.174014 0 0.000000
76 0.176334 0 0.000000
77 0.178654 0 0.000000
78 0.180974 0 0.000000
79 0.183294 0 0.000000
80 0.185615 0 0.000000
81 0.187935 0 0.000000
82 0.190255 0 0.000000
83 0.192575 0 0.000000
84 0.194895 0 0.000000
85 0.197215 0 0.000000
86 0.199536 0 0.000000
87 0.201856 0 0.000000
88 0.204176 0 0.000000
89 0.206496 0 0.000000
90 0.208816 0 0.000000
91 0.211137 0 0.000000
92 0.213457 0 0.000000
93 0.215777 0 0.000000
94 0.218097 0 0.000000
95 0.220417 0 0.000000
96 0.222737 0 0.000000
97 0.225058 2 0.000033
98 0.227378 1 0.000017
99 0.229698 0 0.000000
