0 -0.065628 1 0.000050
1 -0.064656 0 0.000000
2 -0.063685 0 0.000000
3 -0.062713 0 0.000000
4 -0.061741 0 0.000000
5 -0.060770 0 0.000000
6 -0.059798 1 0.000050
7 -0.058826 0 0.000000
8 -0.057855 0 0.000000
9 -0.056883 1 0.000050
10 -0.055912 2 0.000100
11 -0.054940 3 0.000150
12 -0.053968 4 0.000200
13 -0.052997 3 0.000150
14 -0.052025 2 0.000100
15 -0.051053 1 0.000050
16 -0.050082 2 0.000100
17 -0.049110 1 0.000050
18 -0.048138 7 0.000350
19 -0.047167 7 0.000350
20 -0.046195 3 0.000150
21 -0.045224 8 0.000400
22 -0.044252 4 0.000200
23 -0.043280 5 0.000250
24 -0.042309 8 0.000400
25 -0.041337 12 0.000600
26 -0.040365 18 0.000900
27 -0.039394 17 0.000850
28 -0.038422 19 0.000950
29 -0.037451 20 0.001000
30 -0.036479 18 0.000900
31 -0.035507 17 0.000850
32 -0.034536 21 0.001050
33 -0.033564 37 0.001850
34 -0.032592 33 0.001650
35 -0.031621 39 0.001950
36 -0.030649 45 0.002250
37 -0.029677 76 0.003800
38 -0.028706 84 0.004200
39 -0.027734 105 0.005250
40 -0.026763 108 0.005400
41 -0.025791 140 0.007000
42 -0.024819 127 0.006350
43 -0.023848 181 0.009050
44 -0.022876 217 0.010850
45 -0.021904 222 0.011100
46 -0.020933 273 0.013650
47 -0.019961 276 0.013800
48 -0.018990 400 0.020000
49 -0.018018 448 0.022400
50 -0.017046 488 0.024400
51 -0.016075 605 0.030250
52 -0.015103 704 0.035200
53 -0.014131 731 0.036550
54 -0.013160 865 0.043250
55 -0.012188 1127 0.056350
56 -0.011216 1349 0.067450
57 -0.010245 1367 0.068350
58 -0.009273 1525 0.076250
59 -0.008302 1336 0.066800
60 -0.007330 1201 0.060050
61 -0.006358 1032 0.051600
62 -0.005387 944 0.047200
63 -0.004415 705 0.035250
64 -0.003443 578 0.028900
65 -0.002472 502 0.025100
66 -0.001500 413 0.020650
67 -0.000529 311 0.015550
68 0.000443 222 0.011100
69 0.001415 171 0.008550
70 0.002386 131 0.006550
71 0.003358 132 0.006600
72 0.004330 91 0.004550
73 0.005301 86 0.004300
74 0.006273 68 0.003400
75 0.007245 53 0.002650
76 0.008216 32 0.001600
77 0.009188 51 0.002550
78 0.010159 24 0.001200
79 0.011131 15 0.000750
80 0.012103 15 0.000750
81 0.013074 14 0.000700
82 0.014046 18 0.000900
83 0.015018 15 0.000750
84 0.015989 16 0.000800
85 0.016961 5 0.000250
86 0.017932 6 0.000300
87 0.018904 3 0.000150
88 0.019876 4 0.000200
89 0.020847 5 0.000250
90 0.021819 3 0.000150
91 0.022791 4 0.000200
92 0.023762 3 0.000150
93 0.024734 5 0.000250
94 0.025706 0 0.000000
95 0.026677 2 0.000100
96 0.027649 2 0.000100
97 0.028620 2 0.000100
98 0.029592 2 0.000100
99 0.030564 1 0.000050
