0 0.018317 1 0.000017
1 0.028318 4 0.000067
2 0.038320 11 0.000183
3 0.048321 10 0.000167
4 0.058323 15 0.000250
5 0.068324 14 0.000233
6 0.078326 23 0.000383
7 0.088327 13 0.000217
8 0.098329 21 0.000350
9 0.108330 14 0.000233
10 0.118332 13 0.000217
11 0.128333 13 0.000217
12 0.138335 8 0.000133
13 0.148336 15 0.000250
14 0.158338 22 0.000367
15 0.168339 13 0.000217
16 0.178341 28 0.000467
17 0.188342 21 0.000350
18 0.198344 36 0.000600
19 0.208345 35 0.000583
20 0.218347 31 0.000517
21 0.228348 31 0.000517
22 0.238350 25 0.000417
23 0.248351 42 0.000700
24 0.258353 78 0.001300
25 0.268354 80 0.001333
26 0.278356 59 0.000983
27 0.288357 88 0.001467
28 0.298359 107 0.001783
29 0.308360 143 0.002383
30 0.318362 217 0.003617
31 0.328363 220 0.003667
32 0.338365 236 0.003933
33 0.348366 172 0.002867
34 0.358368 134 0.002233
35 0.368369 153 0.002550
36 0.378371 142 0.002367
37 0.388372 199 0.003317
38 0.398374 179 0.002983
39 0.408375 240 0.004000
40 0.418377 261 0.004350
41 0.428378 323 0.005383
42 0.438380 342 0.005700
43 0.448381 527 0.008783
44 0.458383 639 0.010650
45 0.468384 964 0.016067
46 0.478386 1399 0.023317
47 0.488387 2702 0.045033
48 0.498389 7280 0.121333
49 0.508390 15109 0.251817
50 0.518392 3032 0.050533
51 0.528393 1605 0.026750
52 0.538395 1120 0.018667
53 0.548396 879 0.014650
54 0.558398 940 0.015667
55 0.568399 929 0.015483
56 0.578401 1151 0.019183
57 0.588402 2387 0.039783
58 0.598404 3274 0.054567
59 0.608405 1674 0.027900
60 0.618407 1119 0.018650
61 0.628408 853 0.014217
62 0.638410 599 0.009983
63 0.648411 416 0.006933
64 0.658413 370 0.006167
65 0.668414 338 0.005633
66 0.678416 301 0.005017
67 0.688417 236 0.003933
68 0.698419 207 0.003450
69 0.708420 176 0.002933
70 0.718422 216 0.003600
71 0.728423 186 0.003100
72 0.738425 166 0.002767
73 0.748426 176 0.002933
74 0.758428 197 0.003283
75 0.768429 176 0.002933
76 0.778431 176 0.002933
77 0.788432 208 0.003467
78 0.798434 181 0.003017
79 0.808435 147 0.002450
80 0.818437 160 0.002667
81 0.828438 164 0.002733
82 0.838440 220 0.003667
83 0.848441 234 0.003900
84 0.858443 295 0.004917
85 0.868444 286 0.004767
86 0.878446 477 0.007950
87 0.888447 384 0.006400
88 0.898449 351 0.005850
89 0.908450 203 0.003383
90 0.918452 254 0.004233
91 0.928453 349 0.005817
92 0.938455 275 0.004583
93 0.948456 194 0.003233
94 0.958458 95 0.001583
95 0.968459 67 0.001117
96 0.978461 53 0.000883
97 0.988462 34 0.000567
98 0.998464 17 0.000283
99 1.008465 1 0.000017
