0 0.044542 10 0.000500
1 0.054278 2 0.000100
2 0.064015 4 0.000200
3 0.073751 5 0.000250
4 0.083488 6 0.000300
5 0.093225 9 0.000450
6 0.102961 5 0.000250
7 0.112698 1 0.000050
8 0.122434 4 0.000200
9 0.132171 3 0.000150
10 0.141908 1 0.000050
11 0.151644 4 0.000200
12 0.161381 4 0.000200
13 0.171117 3 0.000150
14 0.180854 6 0.000300
15 0.190591 2 0.000100
16 0.200327 5 0.000250
17 0.210064 9 0.000450
18 0.219801 7 0.000350
19 0.229537 10 0.000500
20 0.239274 7 0.000350
21 0.249010 14 0.000700
22 0.258747 34 0.001700
23 0.268484 40 0.002000
24 0.278220 18 0.000900
25 0.287957 30 0.001500
26 0.297693 46 0.002300
27 0.307430 47 0.002350
28 0.317167 110 0.005500
29 0.326903 150 0.007500
30 0.336640 146 0.007300
31 0.346376 59 0.002950
32 0.356113 24 0.001200
33 0.365850 24 0.001200
34 0.375586 25 0.001250
35 0.385323 19 0.000950
36 0.395059 14 0.000700
37 0.404796 16 0.000800
38 0.414533 22 0.001100
39 0.424269 35 0.001750
40 0.434006 23 0.001150
41 0.443742 37 0.001850
42 0.453479 50 0.002500
43 0.463216 46 0.002300
44 0.472952 64 0.003200
45 0.482689 105 0.005250
46 0.492425 83 0.004150
47 0.502162 107 0.005350
48 0.511899 117 0.005850
49 0.521635 131 0.006550
50 0.531372 166 0.008300
51 0.541108 211 0.010550
52 0.550845 284 0.014200
53 0.560582 404 0.020200
54 0.570318 529 0.026450
55 0.580055 868 0.043400
56 0.589791 2398 0.119900
57 0.599528 2910 0.145500
58 0.609265 1383 0.069150
59 0.619001 928 0.046400
60 0.628738 706 0.035300
61 0.638474 478 0.023900
62 0.648211 311 0.015550
63 0.657948 268 0.013400
64 0.667684 234 0.011700
65 0.677421 226 0.011300
66 0.687157 175 0.008750
67 0.696894 157 0.007850
68 0.706631 133 0.006650
69 0.716367 169 0.008450
70 0.726104 138 0.006900
71 0.735840 141 0.007050
72 0.745577 131 0.006550
73 0.755314 156 0.007800
74 0.765050 146 0.007300
75 0.774787 127 0.006350
76 0.784523 188 0.009400
77 0.794260 165 0.008250
78 0.803997 121 0.006050
79 0.813733 130 0.006500
80 0.823470 138 0.006900
81 0.833207 191 0.009550
82 0.842943 195 0.009750
83 0.852680 246 0.012300
84 0.862416 263 0.013150
85 0.872153 326 0.016300
86 0.881890 435 0.021750
87 0.891626 360 0.018000
88 0.901363 289 0.014450
89 0.911099 196 0.009800
90 0.920836 253 0.012650
91 0.930573 338 0.016900
92 0.940309 241 0.012050
93 0.950046 160 0.008000
94 0.959782 84 0.004200
95 0.969519 63 0.003150
96 0.979256 57 0.002850
97 0.988992 24 0.001200
98 0.998729 16 0.000800
99 1.008465 1 0.000050
