0 0.016425 6 0.000300
1 0.026357 5 0.000250
2 0.036289 3 0.000150
3 0.046221 1 0.000050
4 0.056152 5 0.000250
5 0.066084 2 0.000100
6 0.076016 2 0.000100
7 0.085948 4 0.000200
8 0.095880 7 0.000350
9 0.105812 7 0.000350
10 0.115744 3 0.000150
11 0.125676 2 0.000100
12 0.135607 4 0.000200
13 0.145539 2 0.000100
14 0.155471 5 0.000250
15 0.165403 2 0.000100
16 0.175335 6 0.000300
17 0.185267 2 0.000100
18 0.195199 7 0.000350
19 0.205130 7 0.000350
20 0.215062 6 0.000300
21 0.224994 11 0.000550
22 0.234926 6 0.000300
23 0.244858 26 0.001300
24 0.254790 14 0.000700
25 0.264722 29 0.001450
26 0.274654 37 0.001850
27 0.284585 29 0.001450
28 0.294517 29 0.001450
29 0.304449 69 0.003450
30 0.314381 94 0.004700
31 0.324313 152 0.007600
32 0.334245 165 0.008250
33 0.344177 83 0.004150
34 0.354109 13 0.000650
35 0.364040 21 0.001050
36 0.373972 18 0.000900
37 0.383904 15 0.000750
38 0.393836 17 0.000850
39 0.403768 20 0.001000
40 0.413700 29 0.001450
41 0.423632 30 0.001500
42 0.433563 33 0.001650
43 0.443495 43 0.002150
44 0.453427 52 0.002600
45 0.463359 76 0.003800
46 0.473291 82 0.004100
47 0.483223 79 0.003950
48 0.493155 148 0.007400
49 0.503087 106 0.005300
50 0.513018 141 0.007050
51 0.522950 163 0.008150
52 0.532882 228 0.011400
53 0.542814 297 0.014850
54 0.552746 424 0.021200
55 0.562678 585 0.029250
56 0.572610 1291 0.064550
57 0.582542 2269 0.113450
58 0.592473 2763 0.138150
59 0.602405 1336 0.066800
60 0.612337 907 0.045350
61 0.622269 664 0.033200
62 0.632201 440 0.022000
63 0.642133 319 0.015950
64 0.652065 250 0.012500
65 0.661996 232 0.011600
66 0.671928 194 0.009700
67 0.681860 185 0.009250
68 0.691792 152 0.007600
69 0.701724 160 0.008000
70 0.711656 156 0.007800
71 0.721588 137 0.006850
72 0.731520 157 0.007850
73 0.741451 138 0.006900
74 0.751383 159 0.007950
75 0.761315 149 0.007450
76 0.771247 177 0.008850
77 0.781179 158 0.007900
78 0.791111 152 0.007600
79 0.801043 151 0.007550
80 0.810975 154 0.007700
81 0.820906 193 0.009650
82 0.830838 200 0.010000
83 0.840770 250 0.012500
84 0.850702 325 0.016250
85 0.860634 407 0.020350
86 0.870566 381 0.019050
87 0.880498 404 0.020200
88 0.890429 254 0.012700
89 0.900361 220 0.011000
90 0.910293 259 0.012950
91 0.920225 289 0.014450
92 0.930157 213 0.010650
93 0.940089 126 0.006300
94 0.950021 44 0.002200
95 0.959953 49 0.002450
96 0.969884 52 0.002600
97 0.979816 24 0.001200
98 0.989748 7 0.000350
99 0.999680 1 0.000050
