0 0.001706 1 0.000017
1 0.011787 4 0.000067
2 0.021867 15 0.000250
3 0.031948 10 0.000167
4 0.042029 11 0.000183
5 0.052109 14 0.000233
6 0.062190 10 0.000167
7 0.072270 15 0.000250
8 0.082351 15 0.000250
9 0.092431 18 0.000300
10 0.102512 12 0.000200
11 0.112592 13 0.000217
12 0.122673 13 0.000217
13 0.132753 10 0.000167
14 0.142834 16 0.000267
15 0.152914 21 0.000350
16 0.162995 12 0.000200
17 0.173076 10 0.000167
18 0.183156 30 0.000500
19 0.193237 23 0.000383
20 0.203317 44 0.000733
21 0.213398 42 0.000700
22 0.223478 46 0.000767
23 0.233559 32 0.000533
24 0.243639 60 0.001000
25 0.253720 56 0.000933
26 0.263800 63 0.001050
27 0.273881 92 0.001533
28 0.283962 105 0.001750
29 0.294042 101 0.001683
30 0.304123 158 0.002633
31 0.314203 228 0.003800
32 0.324284 339 0.005650
33 0.334364 333 0.005550
34 0.344445 254 0.004233
35 0.354525 298 0.004967
36 0.364606 334 0.005567
37 0.374686 475 0.007917
38 0.384767 412 0.006867
39 0.394848 423 0.007050
40 0.404928 572 0.009533
41 0.415009 805 0.013417
42 0.425089 1499 0.024983
43 0.435170 972 0.016200
44 0.445250 937 0.015617
45 0.455331 1345 0.022417
46 0.465411 1955 0.032583
47 0.475492 1988 0.033133
48 0.485572 3429 0.057150
49 0.495653 7712 0.128533
50 0.505733 3287 0.054783
51 0.515814 2220 0.037000
52 0.525895 2310 0.038500
53 0.535975 1465 0.024417
54 0.546056 1241 0.020683
55 0.556136 1362 0.022700
56 0.566217 1862 0.031033
57 0.576297 2521 0.042017
58 0.586378 3233 0.053883
59 0.596458 2602 0.043367
60 0.606539 1502 0.025033
61 0.616619 1248 0.020800
62 0.626700 1097 0.018283
63 0.636781 604 0.010067
64 0.646861 467 0.007783
65 0.656942 439 0.007317
66 0.667022 396 0.006600
67 0.677103 316 0.005267
68 0.687183 261 0.004350
69 0.697264 231 0.003850
70 0.707344 208 0.003467
71 0.717425 195 0.003250
72 0.727505 170 0.002833
73 0.737586 180 0.003000
74 0.747666 204 0.003400
75 0.757747 182 0.003033
76 0.767828 181 0.003017
77 0.777908 211 0.003517
78 0.787989 186 0.003100
79 0.798069 157 0.002617
80 0.808150 182 0.003033
81 0.818230 183 0.003050
82 0.828311 241 0.004017
83 0.838391 235 0.003917
84 0.848472 346 0.005767
85 0.858552 407 0.006783
86 0.868633 377 0.006283
87 0.878714 471 0.007850
88 0.888794 255 0.004250
89 0.898875 247 0.004117
90 0.908955 271 0.004517
91 0.919036 284 0.004733
92 0.929116 254 0.004233
93 0.939197 137 0.002283
94 0.949277 50 0.000833
95 0.959358 49 0.000817
96 0.969438 56 0.000933
97 0.979519 27 0.000450
98 0.989600 7 0.000117
99 0.999680 1 0.000017
