0 0.451582 7 0.000350
1 0.453036 5 0.000250
2 0.454490 4 0.000200
3 0.455944 4 0.000200
4 0.457398 7 0.000350
5 0.458852 7 0.000350
6 0.460306 1 0.000050
7 0.461760 7 0.000350
8 0.463214 5 0.000250
9 0.464668 11 0.000550
10 0.466122 8 0.000400
11 0.467576 9 0.000450
12 0.469030 3 0.000150
13 0.470484 6 0.000300
14 0.471938 27 0.001350
15 0.473392 9 0.000450
16 0.474846 10 0.000500
17 0.476300 27 0.001350
18 0.477754 24 0.001200
19 0.479208 27 0.001350
20 0.480662 31 0.001550
21 0.482116 34 0.001700
22 0.483570 34 0.001700
23 0.485024 38 0.001900
24 0.486478 34 0.001700
25 0.487932 79 0.003950
26 0.489386 75 0.003750
27 0.490840 84 0.004200
28 0.492294 90 0.004500
29 0.493748 141 0.007050
30 0.495201 137 0.006850
31 0.496655 169 0.008450
32 0.498109 208 0.010400
33 0.499563 278 0.013900
34 0.501017 338 0.016900
35 0.502471 527 0.026350
36 0.503925 552 0.027600
37 0.505379 802 0.040100
38 0.506833 1134 0.056700
39 0.508287 1349 0.067450
40 0.509741 2300 0.115000
41 0.511195 3016 0.150800
42 0.512649 2334 0.116700
43 0.514103 1725 0.086250
44 0.515557 982 0.049100
45 0.517011 618 0.030900
46 0.518465 444 0.022200
47 0.519919 239 0.011950
48 0.521373 217 0.010850
49 0.522827 197 0.009850
50 0.524281 122 0.006100
51 0.525735 132 0.006600
52 0.527189 123 0.006150
53 0.528643 104 0.005200
54 0.530097 77 0.003850
55 0.531551 79 0.003950
56 0.533005 76 0.003800
57 0.534459 69 0.003450
58 0.535913 50 0.002500
59 0.537367 41 0.002050
60 0.538821 63 0.003150
61 0.540275 57 0.002850
62 0.541729 21 0.001050
63 0.543183 46 0.002300
64 0.544637 34 0.001700
65 0.546091 40 0.002000
66 0.547545 31 0.001550
67 0.548999 41 0.002050
68 0.550453 25 0.001250
69 0.551907 19 0.000950
70 0.553361 22 0.001100
71 0.554815 28 0.001400
72 0.556269 18 0.000900
73 0.557723 6 0.000300
74 0.559177 10 0.000500
75 0.560631 25 0.001250
76 0.562085 43 0.002150
77 0.563539 29 0.001450
78 0.564993 14 0.000700
79 0.566446 25 0.001250
80 0.567900 6 0.000300
81 0.569354 15 0.000750
82 0.570808 18 0.000900
83 0.572262 11 0.000550
84 0.573716 16 0.000800
85 0.575170 17 0.000850
86 0.576624 3 0.000150
87 0.578078 6 0.000300
88 0.579532 3 0.000150
89 0.580986 1 0.000050
90 0.582440 1 0.000050
91 0.583894 1 0.000050
92 0.585348 2 0.000100
93 0.586802 1 0.000050
94 0.588256 4 0.000200
95 0.589710 4 0.000200
96 0.591164 3 0.000150
97 0.592618 3 0.000150
98 0.594072 0 0.000000
99 0.595526 1 0.000050
