0 0.018317 1 0.000050
1 0.028220 4 0.000200
2 0.038123 4 0.000200
3 0.048026 6 0.000300
4 0.057929 12 0.000600
5 0.067832 10 0.000500
6 0.077735 14 0.000700
7 0.087638 9 0.000450
8 0.097541 11 0.000550
9 0.107444 14 0.000700
10 0.117347 8 0.000400
11 0.127250 12 0.000600
12 0.137153 4 0.000200
13 0.147056 13 0.000650
14 0.156959 14 0.000700
15 0.166863 13 0.000650
16 0.176766 19 0.000950
17 0.186669 19 0.000950
18 0.196572 32 0.001600
19 0.206475 27 0.001350
20 0.216378 21 0.001050
21 0.226281 18 0.000900
22 0.236184 20 0.001000
23 0.246087 30 0.001500
24 0.255990 39 0.001950
25 0.265893 37 0.001850
26 0.275796 42 0.002100
27 0.285699 48 0.002400
28 0.295602 68 0.003400
29 0.305505 77 0.003850
30 0.315408 86 0.004300
31 0.325311 89 0.004450
32 0.335214 67 0.003350
33 0.345118 138 0.006900
34 0.355021 98 0.004900
35 0.364924 110 0.005500
36 0.374827 123 0.006150
37 0.384730 161 0.008050
38 0.394633 166 0.008300
39 0.404536 193 0.009650
40 0.414439 227 0.011350
41 0.424342 260 0.013000
42 0.434245 329 0.016450
43 0.444148 387 0.019350
44 0.454051 457 0.022850
45 0.463954 669 0.033450
46 0.473857 935 0.046750
47 0.483760 1384 0.069200
48 0.493663 2518 0.125900
49 0.503567 3418 0.170900
50 0.513470 1898 0.094900
51 0.523373 1145 0.057250
52 0.533276 778 0.038900
53 0.543179 520 0.026000
54 0.553082 395 0.019750
55 0.562985 368 0.018400
56 0.572888 335 0.016750
57 0.582791 286 0.014300
58 0.592694 177 0.008850
59 0.602597 148 0.007400
60 0.612500 153 0.007650
61 0.622403 145 0.007250
62 0.632306 117 0.005850
63 0.642209 111 0.005550
64 0.652112 100 0.005000
65 0.662015 86 0.004300
66 0.671918 87 0.004350
67 0.681822 80 0.004000
68 0.691725 57 0.002850
69 0.701628 33 0.001650
70 0.711531 45 0.002250
71 0.721434 52 0.002600
72 0.731337 39 0.001950
73 0.741240 25 0.001250
74 0.751143 34 0.001700
75 0.761046 30 0.001500
76 0.770949 31 0.001550
77 0.780852 33 0.001650
78 0.790755 21 0.001050
79 0.800658 19 0.000950
80 0.810561 25 0.001250
81 0.820464 19 0.000950
82 0.830367 9 0.000450
83 0.840270 10 0.000500
84 0.850174 13 0.000650
85 0.860077 18 0.000900
86 0.869980 12 0.000600
87 0.879883 7 0.000350
88 0.889786 11 0.000550
89 0.899689 9 0.000450
90 0.909592 7 0.000350
91 0.919495 17 0.000850
92 0.929398 9 0.000450
93 0.939301 13 0.000650
94 0.949204 5 0.000250
95 0.959107 3 0.000150
96 0.969010 3 0.000150
97 0.978913 0 0.000000
98 0.988816 1 0.000050
99 0.998719 0 0.000000
