0 0.017721 1 0.000050
1 0.027390 9 0.000450
2 0.037058 9 0.000450
3 0.046726 11 0.000550
4 0.056395 9 0.000450
5 0.066063 7 0.000350
6 0.075732 10 0.000500
7 0.085400 12 0.000600
8 0.095068 12 0.000600
9 0.104737 6 0.000300
10 0.114405 4 0.000200
11 0.124073 10 0.000500
12 0.133742 6 0.000300
13 0.143410 14 0.000700
14 0.153079 15 0.000750
15 0.162747 9 0.000450
16 0.172415 5 0.000250
17 0.182084 26 0.001300
18 0.191752 16 0.000800
19 0.201420 26 0.001300
20 0.211089 31 0.001550
21 0.220757 25 0.001250
22 0.230426 27 0.001350
23 0.240094 19 0.000950
24 0.249762 37 0.001850
25 0.259431 39 0.001950
26 0.269099 43 0.002150
27 0.278767 61 0.003050
28 0.288436 61 0.003050
29 0.298104 62 0.003100
30 0.307772 63 0.003150
31 0.317441 71 0.003550
32 0.327109 106 0.005300
33 0.336778 98 0.004900
34 0.346446 93 0.004650
35 0.356114 121 0.006050
36 0.365783 103 0.005150
37 0.375451 141 0.007050
38 0.385119 165 0.008250
39 0.394788 184 0.009200
40 0.404456 210 0.010500
41 0.414125 219 0.010950
42 0.423793 287 0.014350
43 0.433461 356 0.017800
44 0.443130 390 0.019500
45 0.452798 568 0.028400
46 0.462466 800 0.040000
47 0.472135 1049 0.052450
48 0.481803 1842 0.092100
49 0.491472 3170 0.158500
50 0.501140 2764 0.138200
51 0.510808 1584 0.079200
52 0.520477 889 0.044450
53 0.530145 634 0.031700
54 0.539814 465 0.023250
55 0.549482 335 0.016750
56 0.559150 340 0.017000
57 0.568819 336 0.016800
58 0.578487 258 0.012900
59 0.588155 155 0.007750
60 0.597824 160 0.008000
61 0.607492 139 0.006950
62 0.617160 124 0.006200
63 0.626829 126 0.006300
64 0.636497 105 0.005250
65 0.646166 99 0.004950
66 0.655834 83 0.004150
67 0.665502 85 0.004250
68 0.675171 73 0.003650
69 0.684839 60 0.003000
70 0.694507 50 0.002500
71 0.704176 38 0.001900
72 0.713844 46 0.002300
73 0.723513 33 0.001650
74 0.733181 18 0.000900
75 0.742849 41 0.002050
76 0.752518 27 0.001350
77 0.762186 32 0.001600
78 0.771855 25 0.001250
79 0.781523 22 0.001100
80 0.791191 22 0.001100
81 0.800860 12 0.000600
82 0.810528 12 0.000600
83 0.820196 18 0.000900
84 0.829865 13 0.000650
85 0.839533 15 0.000750
86 0.849201 14 0.000700
87 0.858870 8 0.000400
88 0.868538 6 0.000300
89 0.878207 8 0.000400
90 0.887875 7 0.000350
91 0.897543 12 0.000600
92 0.907212 15 0.000750
93 0.916880 8 0.000400
94 0.926548 16 0.000800
95 0.936217 2 0.000100
96 0.945885 3 0.000150
97 0.955554 1 0.000050
98 0.965222 4 0.000200
99 0.974890 0 0.000000
