0 0.001706 1 0.000050
1 0.011648 1 0.000050
2 0.021590 0 0.000000
3 0.031532 0 0.000000
4 0.041474 0 0.000000
5 0.051416 1 0.000050
6 0.061358 0 0.000000
7 0.071299 0 0.000000
8 0.081241 0 0.000000
9 0.091183 0 0.000000
10 0.101125 0 0.000000
11 0.111067 0 0.000000
12 0.121009 2 0.000100
13 0.130951 1 0.000050
14 0.140892 0 0.000000
15 0.150834 0 0.000000
16 0.160776 0 0.000000
17 0.170718 0 0.000000
18 0.180660 0 0.000000
19 0.190602 0 0.000000
20 0.200544 4 0.000200
21 0.210485 4 0.000200
22 0.220427 11 0.000550
23 0.230369 4 0.000200
24 0.240311 3 0.000150
25 0.250253 1 0.000050
26 0.260195 0 0.000000
27 0.270137 3 0.000150
28 0.280079 1 0.000050
29 0.290020 8 0.000400
30 0.299962 18 0.000900
31 0.309904 39 0.001950
32 0.319846 74 0.003700
33 0.329788 82 0.004100
34 0.339730 56 0.002800
35 0.349672 111 0.005550
36 0.359613 143 0.007150
37 0.369555 347 0.017350
38 0.379497 207 0.010350
39 0.389439 213 0.010650
40 0.399381 271 0.013550
41 0.409323 397 0.019850
42 0.419265 870 0.043500
43 0.429206 930 0.046500
44 0.439148 442 0.022100
45 0.449090 508 0.025400
46 0.459032 666 0.033300
47 0.468974 938 0.046900
48 0.478916 615 0.030750
49 0.488858 779 0.038950
50 0.498799 4255 0.212750
51 0.508741 897 0.044850
52 0.518683 1002 0.050100
53 0.528625 1258 0.062900
54 0.538567 543 0.027150
55 0.548509 526 0.026300
56 0.558451 525 0.026250
57 0.568393 817 0.040850
58 0.578334 403 0.020150
59 0.588276 277 0.013850
60 0.598218 267 0.013350
61 0.608160 261 0.013050
62 0.618102 351 0.017550
63 0.628044 351 0.017550
64 0.637986 91 0.004550
65 0.647927 88 0.004400
66 0.657869 105 0.005250
67 0.667811 95 0.004750
68 0.677753 50 0.002500
69 0.687695 24 0.001200
70 0.697637 24 0.001200
71 0.707579 10 0.000500
72 0.717520 3 0.000150
73 0.727462 2 0.000100
74 0.737404 1 0.000050
75 0.747346 0 0.000000
76 0.757288 0 0.000000
77 0.767230 4 0.000200
78 0.777172 0 0.000000
79 0.787113 4 0.000200
80 0.797055 8 0.000400
81 0.806997 3 0.000150
82 0.816939 0 0.000000
83 0.826881 0 0.000000
84 0.836823 0 0.000000
85 0.846765 0 0.000000
86 0.856707 0 0.000000
87 0.866648 2 0.000100
88 0.876590 0 0.000000
89 0.886532 0 0.000000
90 0.896474 1 0.000050
91 0.906416 0 0.000000
92 0.916358 0 0.000000
93 0.926300 0 0.000000
94 0.936241 0 0.000000
95 0.946183 0 0.000000
96 0.956125 0 0.000000
97 0.966067 0 0.000000
98 0.976009 0 0.000000
99 0.985951 1 0.000050
