initializing
training size    : 359556
testing size     : 20000
epoch count      : 10
sub epoch size   : 5

epoch_learning_rate_decay   : 8
learning_rate_decay         : 0.250000

training



epoch [0 0] from [10 5]
training time per iterations 10.705831[ms]
testing on 20000 items
testing done
average error 0.002171
min error     0.000000
max error     0.232129
saving best net
best net saved to networks/disc16x16x3/net_7_depth/trained/, with error 0.002171



epoch [0 1] from [10 5]
training time per iterations 10.705191[ms]
testing on 20000 items
testing done
average error 0.002037
min error     0.000000
max error     0.211458
saving best net
best net saved to networks/disc16x16x3/net_7_depth/trained/, with error 0.002037



epoch [0 2] from [10 5]
training time per iterations 10.705497[ms]
testing on 20000 items
testing done
average error 0.001929
min error     0.000000
max error     0.242483
saving best net
best net saved to networks/disc16x16x3/net_7_depth/trained/, with error 0.001929



epoch [0 3] from [10 5]
training time per iterations 10.705302[ms]
testing on 20000 items
testing done
average error 0.001812
min error     0.000000
max error     0.221390
saving best net
best net saved to networks/disc16x16x3/net_7_depth/trained/, with error 0.001812



epoch [0 4] from [10 5]
training time per iterations 10.707152[ms]
testing on 20000 items
testing done
average error 0.001807
min error     0.000000
max error     0.236193
saving best net
best net saved to networks/disc16x16x3/net_7_depth/trained/, with error 0.001807



epoch [1 0] from [10 5]
training time per iterations 10.707625[ms]
testing on 20000 items
testing done
average error 0.001745
min error     0.000000
max error     0.256793
saving best net
best net saved to networks/disc16x16x3/net_7_depth/trained/, with error 0.001745



epoch [1 1] from [10 5]
training time per iterations 10.707611[ms]
testing on 20000 items
testing done
average error 0.001833
min error     0.000000
max error     0.233675



epoch [1 2] from [10 5]
training time per iterations 10.706067[ms]
testing on 20000 items
testing done
average error 0.001661
min error     0.000000
max error     0.236101
saving best net
best net saved to networks/disc16x16x3/net_7_depth/trained/, with error 0.001661



epoch [1 3] from [10 5]
training time per iterations 10.705330[ms]
testing on 20000 items
testing done
average error 0.001670
min error     0.000000
max error     0.230329



epoch [1 4] from [10 5]
training time per iterations 10.706373[ms]
testing on 20000 items
testing done
average error 0.001852
min error     0.000000
max error     0.260847



epoch [2 0] from [10 5]
training time per iterations 10.702855[ms]
testing on 20000 items
testing done
average error 0.001706
min error     0.000000
max error     0.234793



epoch [2 1] from [10 5]
training time per iterations 10.705233[ms]
testing on 20000 items
testing done
average error 0.001738
min error     0.000000
max error     0.252576



epoch [2 2] from [10 5]
training time per iterations 10.704079[ms]
testing on 20000 items
testing done
average error 0.001720
min error     0.000000
max error     0.229312



epoch [2 3] from [10 5]
training time per iterations 10.703203[ms]
testing on 20000 items
testing done
average error 0.001750
min error     0.000000
max error     0.224436



epoch [2 4] from [10 5]
training time per iterations 10.703411[ms]
testing on 20000 items
testing done
average error 0.001668
min error     0.000000
max error     0.217897



epoch [3 0] from [10 5]
training time per iterations 11.075023[ms]
testing on 20000 items
testing done
average error 0.001789
min error     0.000000
max error     0.200878



epoch [3 1] from [10 5]
training time per iterations 11.077652[ms]
testing on 20000 items
testing done
average error 0.001645
min error     0.000000
max error     0.215513
saving best net
best net saved to networks/disc16x16x3/net_7_depth/trained/, with error 0.001645



epoch [3 2] from [10 5]
training time per iterations 11.074022[ms]
testing on 20000 items
testing done
average error 0.001684
min error     0.000000
max error     0.227108



epoch [3 3] from [10 5]
training time per iterations 11.074356[ms]
testing on 20000 items
testing done
average error 0.001812
min error     0.000000
max error     0.228633



epoch [3 4] from [10 5]
training time per iterations 11.076692[ms]
testing on 20000 items
testing done
average error 0.001682
min error     0.000000
max error     0.205547



epoch [4 0] from [10 5]
training time per iterations 11.076609[ms]
testing on 20000 items
testing done
average error 0.001620
min error     0.000000
max error     0.212401
saving best net
best net saved to networks/disc16x16x3/net_7_depth/trained/, with error 0.001620



epoch [4 1] from [10 5]
training time per iterations 11.077971[ms]
testing on 20000 items
testing done
average error 0.001692
min error     0.000000
max error     0.209474



epoch [4 2] from [10 5]
training time per iterations 11.074690[ms]
testing on 20000 items
testing done
average error 0.001713
min error     0.000000
max error     0.210044



epoch [4 3] from [10 5]
training time per iterations 11.074550[ms]
testing on 20000 items
testing done
average error 0.001590
min error     0.000000
max error     0.223925
saving best net
best net saved to networks/disc16x16x3/net_7_depth/trained/, with error 0.001590



epoch [4 4] from [10 5]
training time per iterations 11.076108[ms]
testing on 20000 items
testing done
average error 0.001803
min error     0.000000
max error     0.212715



epoch [5 0] from [10 5]
training time per iterations 11.073994[ms]
testing on 20000 items
testing done
average error 0.001687
min error     0.000000
max error     0.230538



epoch [5 1] from [10 5]
training time per iterations 11.073800[ms]
testing on 20000 items
testing done
average error 0.001583
min error     0.000000
max error     0.226144
saving best net
best net saved to networks/disc16x16x3/net_7_depth/trained/, with error 0.001583



epoch [5 2] from [10 5]
training time per iterations 11.075079[ms]
testing on 20000 items
testing done
average error 0.001804
min error     0.000000
max error     0.231002



epoch [5 3] from [10 5]
training time per iterations 11.071352[ms]
testing on 20000 items
testing done
average error 0.001616
min error     0.000000
max error     0.206187



epoch [5 4] from [10 5]
training time per iterations 11.072784[ms]
testing on 20000 items
testing done
average error 0.001657
min error     0.000000
max error     0.224543



epoch [6 0] from [10 5]
training time per iterations 11.071296[ms]
testing on 20000 items
testing done
average error 0.001572
min error     0.000000
max error     0.229675
saving best net
best net saved to networks/disc16x16x3/net_7_depth/trained/, with error 0.001572



epoch [6 1] from [10 5]
training time per iterations 11.072242[ms]
testing on 20000 items
testing done
average error 0.001612
min error     0.000000
max error     0.204776



epoch [6 2] from [10 5]
training time per iterations 11.073730[ms]
testing on 20000 items
testing done
average error 0.001668
min error     0.000000
max error     0.208319



epoch [6 3] from [10 5]
training time per iterations 11.072367[ms]
testing on 20000 items
testing done
average error 0.001565
min error     0.000000
max error     0.200694
saving best net
best net saved to networks/disc16x16x3/net_7_depth/trained/, with error 0.001565



epoch [6 4] from [10 5]
training time per iterations 11.072006[ms]
testing on 20000 items
testing done
average error 0.001652
min error     0.000000
max error     0.215705



epoch [7 0] from [10 5]
training time per iterations 11.071686[ms]
testing on 20000 items
testing done
average error 0.001575
min error     0.000000
max error     0.228728



epoch [7 1] from [10 5]
training time per iterations 11.071046[ms]
testing on 20000 items
testing done
average error 0.001696
min error     0.000000
max error     0.215315



epoch [7 2] from [10 5]
training time per iterations 11.068960[ms]
testing on 20000 items
testing done
average error 0.001654
min error     0.000000
max error     0.234040



epoch [7 3] from [10 5]
training time per iterations 11.069461[ms]
testing on 20000 items
testing done
average error 0.001661
min error     0.000000
max error     0.241189



epoch [7 4] from [10 5]
training time per iterations 11.070031[ms]
testing on 20000 items
testing done
average error 0.001625
min error     0.000000
max error     0.224054
setting learning rate to 0.000050



epoch [8 0] from [10 5]
training time per iterations 11.069294[ms]
testing on 20000 items
testing done
average error 0.001629
min error     0.000000
max error     0.223460



epoch [8 1] from [10 5]
training time per iterations 11.069906[ms]
testing on 20000 items
testing done
average error 0.001653
min error     0.000000
max error     0.221351



epoch [8 2] from [10 5]
training time per iterations 11.072367[ms]
testing on 20000 items
testing done
average error 0.001594
min error     0.000000
max error     0.222907



epoch [8 3] from [10 5]
training time per iterations 11.069920[ms]
testing on 20000 items
testing done
average error 0.001642
min error     0.000000
max error     0.219549



epoch [8 4] from [10 5]
training time per iterations 11.069475[ms]
testing on 20000 items
testing done
average error 0.001643
min error     0.000000
max error     0.214276



epoch [9 0] from [10 5]
training time per iterations 11.070128[ms]
testing on 20000 items
testing done
average error 0.001627
min error     0.000000
max error     0.217552



epoch [9 1] from [10 5]
training time per iterations 11.069920[ms]
testing on 20000 items
testing done
average error 0.001580
min error     0.000000
max error     0.202873



epoch [9 2] from [10 5]
training time per iterations 11.068793[ms]
testing on 20000 items
testing done
average error 0.001572
min error     0.000000
max error     0.211272



epoch [9 3] from [10 5]
training time per iterations 11.069558[ms]
testing on 20000 items
testing done
average error 0.001594
min error     0.000000
max error     0.208482



epoch [9 4] from [10 5]
training time per iterations 11.067848[ms]
testing on 20000 items
testing done
average error 0.001572
min error     0.000000
max error     0.208159
training done
