0.000000 0 0 0.002171 0.000000 0.232129 0.002169 0.000000 0.181265
0.200000 0 1 0.002037 0.000000 0.211458 0.002047 0.000000 0.143647
0.400000 0 2 0.001929 0.000000 0.242483 0.002013 0.000000 0.160548
0.600000 0 3 0.001812 0.000000 0.221390 0.001846 0.000000 0.246062
0.800000 0 4 0.001807 0.000000 0.236193 0.001846 0.000000 0.176965
1.000000 1 0 0.001745 0.000000 0.256793 0.001761 0.000000 0.232846
1.200000 1 1 0.001833 0.000000 0.233675 0.001871 0.000000 0.253257
1.400000 1 2 0.001661 0.000000 0.236101 0.001658 0.000000 0.175154
1.600000 1 3 0.001670 0.000000 0.230329 0.001641 0.000000 0.247606
1.800000 1 4 0.001852 0.000000 0.260847 0.001885 0.000000 0.167242
2.000000 2 0 0.001706 0.000000 0.234793 0.001712 0.000000 0.196824
2.200000 2 1 0.001738 0.000000 0.252576 0.001746 0.000000 0.146670
2.400000 2 2 0.001720 0.000000 0.229312 0.001706 0.000000 0.175530
2.600000 2 3 0.001750 0.000000 0.224436 0.001754 0.000000 0.183605
2.800000 2 4 0.001668 0.000000 0.217897 0.001686 0.000000 0.230608
3.000000 3 0 0.001789 0.000000 0.200878 0.001769 0.000000 0.247220
3.200000 3 1 0.001645 0.000000 0.215513 0.001663 0.000000 0.224204
3.400000 3 2 0.001684 0.000000 0.227108 0.001653 0.000000 0.184224
3.600000 3 3 0.001812 0.000000 0.228633 0.001810 0.000000 0.227488
3.800000 3 4 0.001682 0.000000 0.205547 0.001680 0.000000 0.217246
4.000000 4 0 0.001620 0.000000 0.212401 0.001630 0.000000 0.222592
4.200000 4 1 0.001692 0.000000 0.209474 0.001670 0.000000 0.170601
4.400000 4 2 0.001713 0.000000 0.210044 0.001731 0.000000 0.160378
4.600000 4 3 0.001590 0.000000 0.223925 0.001601 0.000000 0.143057
4.800000 4 4 0.001803 0.000000 0.212715 0.001801 0.000000 0.253237
5.000000 5 0 0.001687 0.000000 0.230538 0.001738 0.000000 0.241977
5.200000 5 1 0.001583 0.000000 0.226144 0.001580 0.000000 0.228207
5.400000 5 2 0.001804 0.000000 0.231002 0.001826 0.000000 0.242951
5.600000 5 3 0.001616 0.000000 0.206187 0.001622 0.000000 0.167072
5.800000 5 4 0.001657 0.000000 0.224543 0.001703 0.000000 0.215506
6.000000 6 0 0.001572 0.000000 0.229675 0.001545 0.000000 0.189806
6.200000 6 1 0.001612 0.000000 0.204776 0.001618 0.000000 0.164317
6.400000 6 2 0.001668 0.000000 0.208319 0.001702 0.000000 0.205519
6.600000 6 3 0.001565 0.000000 0.200694 0.001616 0.000000 0.228236
6.800000 6 4 0.001652 0.000000 0.215705 0.001682 0.000000 0.249232
7.000000 7 0 0.001575 0.000000 0.228728 0.001585 0.000000 0.216928
7.200000 7 1 0.001696 0.000000 0.215315 0.001699 0.000000 0.164201
7.400000 7 2 0.001654 0.000000 0.234040 0.001655 0.000000 0.250648
7.600000 7 3 0.001661 0.000000 0.241189 0.001673 0.000000 0.191784
7.800000 7 4 0.001625 0.000000 0.224054 0.001619 0.000000 0.224039
8.000000 8 0 0.001629 0.000000 0.223460 0.001625 0.000000 0.144406
8.200000 8 1 0.001653 0.000000 0.221351 0.001630 0.000000 0.231274
8.400000 8 2 0.001594 0.000000 0.222907 0.001566 0.000000 0.193680
8.600000 8 3 0.001642 0.000000 0.219549 0.001641 0.000000 0.219549
8.800000 8 4 0.001643 0.000000 0.214276 0.001634 0.000000 0.137570
9.000000 9 0 0.001627 0.000000 0.217552 0.001644 0.000000 0.154748
9.200000 9 1 0.001580 0.000000 0.202873 0.001603 0.000000 0.151952
9.400000 9 2 0.001572 0.000000 0.211272 0.001638 0.000000 0.232196
9.600000 9 3 0.001594 0.000000 0.208482 0.001612 0.000000 0.232449
9.800000 9 4 0.001572 0.000000 0.208159 0.001601 0.000000 0.237356
