0 -0.033045 1 0.000050
1 -0.032519 0 0.000000
2 -0.031994 4 0.000200
3 -0.031468 1 0.000050
4 -0.030943 0 0.000000
5 -0.030417 2 0.000100
6 -0.029891 3 0.000150
7 -0.029366 2 0.000100
8 -0.028840 2 0.000100
9 -0.028315 0 0.000000
10 -0.027789 0 0.000000
11 -0.027263 1 0.000050
12 -0.026738 4 0.000200
13 -0.026212 2 0.000100
14 -0.025687 0 0.000000
15 -0.025161 2 0.000100
16 -0.024635 3 0.000150
17 -0.024110 4 0.000200
18 -0.023584 1 0.000050
19 -0.023059 4 0.000200
20 -0.022533 9 0.000450
21 -0.022008 4 0.000200
22 -0.021482 5 0.000250
23 -0.020956 13 0.000650
24 -0.020431 14 0.000700
25 -0.019905 22 0.001100
26 -0.019380 25 0.001250
27 -0.018854 17 0.000850
28 -0.018328 29 0.001450
29 -0.017803 43 0.002150
30 -0.017277 40 0.002000
31 -0.016752 59 0.002950
32 -0.016226 64 0.003200
33 -0.015700 67 0.003350
34 -0.015175 66 0.003300
35 -0.014649 77 0.003850
36 -0.014124 103 0.005150
37 -0.013598 127 0.006350
38 -0.013073 187 0.009350
39 -0.012547 219 0.010950
40 -0.012021 211 0.010550
41 -0.011496 275 0.013750
42 -0.010970 368 0.018400
43 -0.010445 394 0.019700
44 -0.009919 426 0.021300
45 -0.009393 516 0.025800
46 -0.008868 607 0.030350
47 -0.008342 748 0.037400
48 -0.007817 784 0.039200
49 -0.007291 1003 0.050150
50 -0.006765 1220 0.061000
51 -0.006240 1493 0.074650
52 -0.005714 1742 0.087100
53 -0.005189 1608 0.080400
54 -0.004663 1489 0.074450
55 -0.004137 1279 0.063950
56 -0.003612 1076 0.053800
57 -0.003086 812 0.040600
58 -0.002561 581 0.029050
59 -0.002035 430 0.021500
60 -0.001510 360 0.018000
61 -0.000984 302 0.015100
62 -0.000458 210 0.010500
63 0.000067 152 0.007600
64 0.000593 108 0.005400
65 0.001118 114 0.005700
66 0.001644 71 0.003550
67 0.002170 47 0.002350
68 0.002695 46 0.002300
69 0.003221 65 0.003250
70 0.003746 39 0.001950
71 0.004272 25 0.001250
72 0.004798 34 0.001700
73 0.005323 16 0.000800
74 0.005849 14 0.000700
75 0.006374 13 0.000650
76 0.006900 16 0.000800
77 0.007426 12 0.000600
78 0.007951 10 0.000500
79 0.008477 7 0.000350
80 0.009002 8 0.000400
81 0.009528 5 0.000250
82 0.010053 3 0.000150
83 0.010579 3 0.000150
84 0.011105 3 0.000150
85 0.011630 4 0.000200
86 0.012156 1 0.000050
87 0.012681 3 0.000150
88 0.013207 4 0.000200
89 0.013733 4 0.000200
90 0.014258 2 0.000100
91 0.014784 2 0.000100
92 0.015309 2 0.000100
93 0.015835 4 0.000200
94 0.016361 2 0.000100
95 0.016886 0 0.000000
96 0.017412 0 0.000000
97 0.017937 0 0.000000
98 0.018463 1 0.000050
99 0.018989 0 0.000000
