0 -0.449501 1 0.000050
1 -0.440031 0 0.000000
2 -0.430561 0 0.000000
3 -0.421092 0 0.000000
4 -0.411622 0 0.000000
5 -0.402152 0 0.000000
6 -0.392683 0 0.000000
7 -0.383213 0 0.000000
8 -0.373743 0 0.000000
9 -0.364274 1 0.000050
10 -0.354804 0 0.000000
11 -0.345334 1 0.000050
12 -0.335865 0 0.000000
13 -0.326395 0 0.000000
14 -0.316925 1 0.000050
15 -0.307456 0 0.000000
16 -0.297986 0 0.000000
17 -0.288516 2 0.000100
18 -0.279047 3 0.000150
19 -0.269577 4 0.000200
20 -0.260107 4 0.000200
21 -0.250638 3 0.000150
22 -0.241168 2 0.000100
23 -0.231698 1 0.000050
24 -0.222229 4 0.000200
25 -0.212759 7 0.000350
26 -0.203289 8 0.000400
27 -0.193819 6 0.000300
28 -0.184350 27 0.001350
29 -0.174880 86 0.004300
30 -0.165410 94 0.004700
31 -0.155941 80 0.004000
32 -0.146471 142 0.007100
33 -0.137001 212 0.010600
34 -0.127532 269 0.013450
35 -0.118062 189 0.009450
36 -0.108592 182 0.009100
37 -0.099123 214 0.010700
38 -0.089653 350 0.017500
39 -0.080183 650 0.032500
40 -0.070714 747 0.037350
41 -0.061244 459 0.022950
42 -0.051774 441 0.022050
43 -0.042305 594 0.029700
44 -0.032835 741 0.037050
45 -0.023365 573 0.028650
46 -0.013896 726 0.036300
47 -0.004426 4644 0.232200
48 0.005044 1758 0.087900
49 0.014513 788 0.039400
50 0.023983 993 0.049650
51 0.033453 829 0.041450
52 0.042922 453 0.022650
53 0.052392 446 0.022300
54 0.061862 561 0.028050
55 0.071331 515 0.025750
56 0.080801 326 0.016300
57 0.090271 239 0.011950
58 0.099740 216 0.010800
59 0.109210 216 0.010800
60 0.118680 320 0.016000
61 0.128149 343 0.017150
62 0.137619 144 0.007200
63 0.147089 87 0.004350
64 0.156558 84 0.004200
65 0.166028 76 0.003800
66 0.175498 74 0.003700
67 0.184967 15 0.000750
68 0.194437 9 0.000450
69 0.203907 7 0.000350
70 0.213376 7 0.000350
71 0.222846 11 0.000550
72 0.232316 6 0.000300
73 0.241785 1 0.000050
74 0.251255 0 0.000000
75 0.260725 2 0.000100
76 0.270194 0 0.000000
77 0.279664 0 0.000000
78 0.289134 1 0.000050
79 0.298603 0 0.000000
80 0.308073 0 0.000000
81 0.317543 3 0.000150
82 0.327012 0 0.000000
83 0.336482 0 0.000000
84 0.345952 0 0.000000
85 0.355421 0 0.000000
86 0.364891 0 0.000000
87 0.374361 0 0.000000
88 0.383831 1 0.000050
89 0.393300 0 0.000000
90 0.402770 0 0.000000
91 0.412240 0 0.000000
92 0.421709 0 0.000000
93 0.431179 0 0.000000
94 0.440649 0 0.000000
95 0.450118 0 0.000000
96 0.459588 0 0.000000
97 0.469058 0 0.000000
98 0.478527 1 0.000050
99 0.487997 0 0.000000
