0 0.000000 52276 0.871267
1 0.002405 2266 0.037767
2 0.004811 1742 0.029033
3 0.007216 689 0.011483
4 0.009622 502 0.008367
5 0.012027 470 0.007833
6 0.014433 614 0.010233
7 0.016838 503 0.008383
8 0.019244 225 0.003750
9 0.021649 140 0.002333
10 0.024055 152 0.002533
11 0.026460 122 0.002033
12 0.028866 104 0.001733
13 0.031271 72 0.001200
14 0.033676 27 0.000450
15 0.036082 12 0.000200
16 0.038487 8 0.000133
17 0.040893 7 0.000117
18 0.043298 11 0.000183
19 0.045704 6 0.000100
20 0.048109 7 0.000117
21 0.050515 5 0.000083
22 0.052920 5 0.000083
23 0.055326 6 0.000100
24 0.057731 2 0.000033
25 0.060137 2 0.000033
26 0.062542 3 0.000050
27 0.064948 1 0.000017
28 0.067353 4 0.000067
29 0.069758 2 0.000033
30 0.072164 3 0.000050
31 0.074569 0 0.000000
32 0.076975 1 0.000017
33 0.079380 1 0.000017
34 0.081786 0 0.000000
35 0.084191 0 0.000000
36 0.086597 1 0.000017
37 0.089002 0 0.000000
38 0.091408 0 0.000000
39 0.093813 1 0.000017
40 0.096219 0 0.000000
41 0.098624 0 0.000000
42 0.101029 0 0.000000
43 0.103435 1 0.000017
44 0.105840 2 0.000033
45 0.108246 0 0.000000
46 0.110651 0 0.000000
47 0.113057 0 0.000000
48 0.115462 1 0.000017
49 0.117868 0 0.000000
50 0.120273 0 0.000000
51 0.122679 0 0.000000
52 0.125084 1 0.000017
53 0.127490 0 0.000000
54 0.129895 0 0.000000
55 0.132301 0 0.000000
56 0.134706 0 0.000000
57 0.137111 0 0.000000
58 0.139517 0 0.000000
59 0.141922 0 0.000000
60 0.144328 0 0.000000
61 0.146733 0 0.000000
62 0.149139 0 0.000000
63 0.151544 0 0.000000
64 0.153950 1 0.000017
65 0.156355 0 0.000000
66 0.158761 0 0.000000
67 0.161166 0 0.000000
68 0.163572 0 0.000000
69 0.165977 0 0.000000
70 0.168382 0 0.000000
71 0.170788 0 0.000000
72 0.173193 0 0.000000
73 0.175599 0 0.000000
74 0.178004 0 0.000000
75 0.180410 0 0.000000
76 0.182815 0 0.000000
77 0.185221 0 0.000000
78 0.187626 0 0.000000
79 0.190032 0 0.000000
80 0.192437 0 0.000000
81 0.194843 0 0.000000
82 0.197248 0 0.000000
83 0.199654 1 0.000017
84 0.202059 0 0.000000
85 0.204464 0 0.000000
86 0.206870 0 0.000000
87 0.209275 0 0.000000
88 0.211681 0 0.000000
89 0.214086 0 0.000000
90 0.216492 0 0.000000
91 0.218897 0 0.000000
92 0.221303 0 0.000000
93 0.223708 0 0.000000
94 0.226114 0 0.000000
95 0.228519 0 0.000000
96 0.230925 0 0.000000
97 0.233330 0 0.000000
98 0.235735 0 0.000000
99 0.238141 1 0.000017
