0 -0.042370 1 0.000050
1 -0.041533 0 0.000000
2 -0.040695 0 0.000000
3 -0.039858 0 0.000000
4 -0.039020 2 0.000100
5 -0.038183 0 0.000000
6 -0.037345 0 0.000000
7 -0.036508 0 0.000000
8 -0.035670 0 0.000000
9 -0.034833 1 0.000050
10 -0.033995 0 0.000000
11 -0.033157 1 0.000050
12 -0.032320 2 0.000100
13 -0.031482 1 0.000050
14 -0.030645 1 0.000050
15 -0.029807 2 0.000100
16 -0.028970 4 0.000200
17 -0.028132 7 0.000350
18 -0.027295 3 0.000150
19 -0.026457 16 0.000800
20 -0.025620 9 0.000450
21 -0.024782 13 0.000650
22 -0.023945 6 0.000300
23 -0.023107 12 0.000600
24 -0.022269 15 0.000750
25 -0.021432 18 0.000900
26 -0.020594 29 0.001450
27 -0.019757 22 0.001100
28 -0.018919 15 0.000750
29 -0.018082 20 0.001000
30 -0.017244 27 0.001350
31 -0.016407 36 0.001800
32 -0.015569 47 0.002350
33 -0.014732 67 0.003350
34 -0.013894 97 0.004850
35 -0.013057 116 0.005800
36 -0.012219 127 0.006350
37 -0.011381 205 0.010250
38 -0.010544 336 0.016800
39 -0.009706 356 0.017800
40 -0.008869 550 0.027500
41 -0.008031 921 0.046050
42 -0.007194 1589 0.079450
43 -0.006356 2697 0.134850
44 -0.005519 3074 0.153700
45 -0.004681 2742 0.137100
46 -0.003844 2252 0.112600
47 -0.003006 1452 0.072600
48 -0.002168 962 0.048100
49 -0.001331 677 0.033850
50 -0.000493 413 0.020650
51 0.000344 244 0.012200
52 0.001182 168 0.008400
53 0.002019 151 0.007550
54 0.002857 120 0.006000
55 0.003694 64 0.003200
56 0.004532 74 0.003700
57 0.005369 45 0.002250
58 0.006207 22 0.001100
59 0.007044 18 0.000900
60 0.007882 17 0.000850
61 0.008720 10 0.000500
62 0.009557 9 0.000450
63 0.010395 11 0.000550
64 0.011232 13 0.000650
65 0.012070 7 0.000350
66 0.012907 5 0.000250
67 0.013745 7 0.000350
68 0.014582 9 0.000450
69 0.015420 6 0.000300
70 0.016257 10 0.000500
71 0.017095 9 0.000450
72 0.017932 6 0.000300
73 0.018770 8 0.000400
74 0.019608 0 0.000000
75 0.020445 6 0.000300
76 0.021283 0 0.000000
77 0.022120 2 0.000100
78 0.022958 1 0.000050
79 0.023795 4 0.000200
80 0.024633 0 0.000000
81 0.025470 3 0.000150
82 0.026308 3 0.000150
83 0.027145 2 0.000100
84 0.027983 0 0.000000
85 0.028820 1 0.000050
86 0.029658 1 0.000050
87 0.030496 0 0.000000
88 0.031333 0 0.000000
89 0.032171 0 0.000000
90 0.033008 0 0.000000
91 0.033846 0 0.000000
92 0.034683 0 0.000000
93 0.035521 0 0.000000
94 0.036358 0 0.000000
95 0.037196 0 0.000000
96 0.038033 0 0.000000
97 0.038871 0 0.000000
98 0.039708 0 0.000000
99 0.040546 1 0.000050
