0 -0.449501 1 0.000017
1 -0.440031 0 0.000000
2 -0.430561 0 0.000000
3 -0.421092 0 0.000000
4 -0.411622 0 0.000000
5 -0.402152 0 0.000000
6 -0.392683 0 0.000000
7 -0.383213 0 0.000000
8 -0.373743 0 0.000000
9 -0.364274 1 0.000017
10 -0.354804 0 0.000000
11 -0.345334 1 0.000017
12 -0.335865 0 0.000000
13 -0.326395 0 0.000000
14 -0.316925 1 0.000017
15 -0.307456 0 0.000000
16 -0.297986 0 0.000000
17 -0.288516 2 0.000033
18 -0.279047 3 0.000050
19 -0.269577 4 0.000067
20 -0.260107 4 0.000067
21 -0.250638 3 0.000050
22 -0.241168 2 0.000033
23 -0.231698 1 0.000017
24 -0.222229 4 0.000067
25 -0.212759 7 0.000117
26 -0.203289 8 0.000133
27 -0.193819 6 0.000100
28 -0.184350 27 0.000450
29 -0.174880 86 0.001433
30 -0.165410 94 0.001567
31 -0.155941 80 0.001333
32 -0.146471 142 0.002367
33 -0.137001 212 0.003533
34 -0.127532 269 0.004483
35 -0.118062 189 0.003150
36 -0.108592 182 0.003033
37 -0.099123 214 0.003567
38 -0.089653 350 0.005833
39 -0.080183 650 0.010833
40 -0.070714 747 0.012450
41 -0.061244 459 0.007650
42 -0.051774 442 0.007367
43 -0.042305 599 0.009983
44 -0.032835 834 0.013900
45 -0.023365 1481 0.024683
46 -0.013896 24373 0.406217
47 -0.004426 19573 0.326217
48 0.005044 2090 0.034833
49 0.014513 858 0.014300
50 0.023983 1007 0.016783
51 0.033453 830 0.013833
52 0.042922 453 0.007550
53 0.052392 446 0.007433
54 0.061862 561 0.009350
55 0.071331 515 0.008583
56 0.080801 326 0.005433
57 0.090271 239 0.003983
58 0.099740 216 0.003600
59 0.109210 216 0.003600
60 0.118680 320 0.005333
61 0.128149 343 0.005717
62 0.137619 144 0.002400
63 0.147089 87 0.001450
64 0.156558 84 0.001400
65 0.166028 76 0.001267
66 0.175498 74 0.001233
67 0.184967 15 0.000250
68 0.194437 9 0.000150
69 0.203907 7 0.000117
70 0.213376 7 0.000117
71 0.222846 11 0.000183
72 0.232316 6 0.000100
73 0.241785 1 0.000017
74 0.251255 0 0.000000
75 0.260725 2 0.000033
76 0.270194 0 0.000000
77 0.279664 0 0.000000
78 0.289134 1 0.000017
79 0.298603 0 0.000000
80 0.308073 0 0.000000
81 0.317543 3 0.000050
82 0.327012 0 0.000000
83 0.336482 0 0.000000
84 0.345952 0 0.000000
85 0.355421 0 0.000000
86 0.364891 0 0.000000
87 0.374361 0 0.000000
88 0.383831 1 0.000017
89 0.393300 0 0.000000
90 0.402770 0 0.000000
91 0.412240 0 0.000000
92 0.421709 0 0.000000
93 0.431179 0 0.000000
94 0.440649 0 0.000000
95 0.450118 0 0.000000
96 0.459588 0 0.000000
97 0.469058 0 0.000000
98 0.478527 1 0.000017
99 0.487997 0 0.000000
