0 0.414437 5 0.000250
1 0.416395 8 0.000400
2 0.418354 8 0.000400
3 0.420313 9 0.000450
4 0.422271 5 0.000250
5 0.424230 8 0.000400
6 0.426189 8 0.000400
7 0.428147 8 0.000400
8 0.430106 12 0.000600
9 0.432065 17 0.000850
10 0.434023 18 0.000900
11 0.435982 33 0.001650
12 0.437941 26 0.001300
13 0.439899 26 0.001300
14 0.441858 20 0.001000
15 0.443817 24 0.001200
16 0.445775 20 0.001000
17 0.447734 12 0.000600
18 0.449692 29 0.001450
19 0.451651 38 0.001900
20 0.453610 57 0.002850
21 0.455568 35 0.001750
22 0.457527 34 0.001700
23 0.459486 38 0.001900
24 0.461444 42 0.002100
25 0.463403 50 0.002500
26 0.465362 58 0.002900
27 0.467320 91 0.004550
28 0.469279 75 0.003750
29 0.471238 71 0.003550
30 0.473196 99 0.004950
31 0.475155 98 0.004900
32 0.477114 135 0.006750
33 0.479072 148 0.007400
34 0.481031 167 0.008350
35 0.482990 216 0.010800
36 0.484948 257 0.012850
37 0.486907 351 0.017550
38 0.488866 575 0.028750
39 0.490824 759 0.037950
40 0.492783 1066 0.053300
41 0.494742 1219 0.060950
42 0.496700 2185 0.109250
43 0.498659 2898 0.144900
44 0.500618 2081 0.104050
45 0.502576 1410 0.070500
46 0.504535 1112 0.055600
47 0.506494 785 0.039250
48 0.508452 558 0.027900
49 0.510411 476 0.023800
50 0.512370 352 0.017600
51 0.514328 297 0.014850
52 0.516287 258 0.012900
53 0.518246 212 0.010600
54 0.520204 182 0.009100
55 0.522163 159 0.007950
56 0.524122 112 0.005600
57 0.526080 80 0.004000
58 0.528039 97 0.004850
59 0.529998 81 0.004050
60 0.531956 71 0.003550
61 0.533915 63 0.003150
62 0.535874 46 0.002300
63 0.537832 39 0.001950
64 0.539791 32 0.001600
65 0.541749 33 0.001650
66 0.543708 35 0.001750
67 0.545667 35 0.001750
68 0.547625 32 0.001600
69 0.549584 14 0.000700
70 0.551543 24 0.001200
71 0.553501 33 0.001650
72 0.555460 18 0.000900
73 0.557419 18 0.000900
74 0.559377 8 0.000400
75 0.561336 3 0.000150
76 0.563295 11 0.000550
77 0.565253 21 0.001050
78 0.567212 14 0.000700
79 0.569171 14 0.000700
80 0.571129 21 0.001050
81 0.573088 6 0.000300
82 0.575047 8 0.000400
83 0.577005 13 0.000650
84 0.578964 7 0.000350
85 0.580923 7 0.000350
86 0.582881 14 0.000700
87 0.584840 9 0.000450
88 0.586799 3 0.000150
89 0.588757 3 0.000150
90 0.590716 13 0.000650
91 0.592675 1 0.000050
92 0.594633 0 0.000000
93 0.596592 4 0.000200
94 0.598551 7 0.000350
95 0.600509 7 0.000350
96 0.602468 0 0.000000
97 0.604427 0 0.000000
98 0.606385 2 0.000100
99 0.608344 1 0.000050
