0 0.015465 5 0.000250
1 0.025407 11 0.000550
2 0.035348 10 0.000500
3 0.045290 6 0.000300
4 0.055231 6 0.000300
5 0.065173 0 0.000000
6 0.075114 6 0.000300
7 0.085056 6 0.000300
8 0.094998 4 0.000200
9 0.104939 10 0.000500
10 0.114881 4 0.000200
11 0.124822 4 0.000200
12 0.134764 3 0.000150
13 0.144705 4 0.000200
14 0.154647 5 0.000250
15 0.164589 5 0.000250
16 0.174530 2 0.000100
17 0.184472 2 0.000100
18 0.194413 4 0.000200
19 0.204355 1 0.000050
20 0.214296 3 0.000150
21 0.224238 3 0.000150
22 0.234179 2 0.000100
23 0.244121 17 0.000850
24 0.254063 22 0.001100
25 0.264004 25 0.001250
26 0.273946 35 0.001750
27 0.283887 26 0.001300
28 0.293829 31 0.001550
29 0.303770 49 0.002450
30 0.313712 128 0.006400
31 0.323654 124 0.006200
32 0.333595 140 0.007000
33 0.343537 87 0.004350
34 0.353478 23 0.001150
35 0.363420 17 0.000850
36 0.373361 15 0.000750
37 0.383303 15 0.000750
38 0.393245 10 0.000500
39 0.403186 22 0.001100
40 0.413128 23 0.001150
41 0.423069 45 0.002250
42 0.433011 30 0.001500
43 0.442952 47 0.002350
44 0.452894 46 0.002300
45 0.462836 72 0.003600
46 0.472777 74 0.003700
47 0.482719 81 0.004050
48 0.492660 141 0.007050
49 0.502602 99 0.004950
50 0.512543 145 0.007250
51 0.522485 186 0.009300
52 0.532426 196 0.009800
53 0.542368 284 0.014200
54 0.552310 433 0.021650
55 0.562251 556 0.027800
56 0.572193 1081 0.054050
57 0.582134 2038 0.101900
58 0.592076 2526 0.126300
59 0.602017 1291 0.064550
60 0.611959 901 0.045050
61 0.621901 782 0.039100
62 0.631842 437 0.021850
63 0.641784 342 0.017100
64 0.651725 296 0.014800
65 0.661667 253 0.012650
66 0.671608 231 0.011550
67 0.681550 195 0.009750
68 0.691491 173 0.008650
69 0.701433 172 0.008600
70 0.711375 150 0.007500
71 0.721316 144 0.007200
72 0.731258 175 0.008750
73 0.741199 178 0.008900
74 0.751141 162 0.008100
75 0.761082 176 0.008800
76 0.771024 187 0.009350
77 0.780966 175 0.008750
78 0.790907 190 0.009500
79 0.800849 149 0.007450
80 0.810790 189 0.009450
81 0.820732 265 0.013250
82 0.830673 211 0.010550
83 0.840615 251 0.012550
84 0.850557 325 0.016250
85 0.860498 473 0.023650
86 0.870440 393 0.019650
87 0.880381 409 0.020450
88 0.890323 280 0.014000
89 0.900264 255 0.012750
90 0.910206 280 0.014000
91 0.920148 335 0.016750
92 0.930089 242 0.012100
93 0.940031 134 0.006700
94 0.949972 82 0.004100
95 0.959914 40 0.002000
96 0.969855 50 0.002500
97 0.979797 20 0.001000
98 0.989738 11 0.000550
99 0.999680 1 0.000050
