0 0.004892 2 0.000033
1 0.014940 5 0.000083
2 0.024988 16 0.000267
3 0.035037 15 0.000250
4 0.045085 20 0.000333
5 0.055133 22 0.000367
6 0.065182 8 0.000133
7 0.075230 15 0.000250
8 0.085279 14 0.000233
9 0.095327 14 0.000233
10 0.105375 17 0.000283
11 0.115424 13 0.000217
12 0.125472 9 0.000150
13 0.135520 18 0.000300
14 0.145569 17 0.000283
15 0.155617 25 0.000417
16 0.165665 17 0.000283
17 0.175714 16 0.000267
18 0.185762 17 0.000283
19 0.195811 29 0.000483
20 0.205859 53 0.000883
21 0.215907 44 0.000733
22 0.225956 33 0.000550
23 0.236004 33 0.000550
24 0.246052 49 0.000817
25 0.256101 65 0.001083
26 0.266149 58 0.000967
27 0.276198 103 0.001717
28 0.286246 99 0.001650
29 0.296294 112 0.001867
30 0.306343 193 0.003217
31 0.316391 245 0.004083
32 0.326439 357 0.005950
33 0.336488 279 0.004650
34 0.346536 240 0.004000
35 0.356584 317 0.005283
36 0.366633 462 0.007700
37 0.376681 403 0.006717
38 0.386730 414 0.006900
39 0.396778 452 0.007533
40 0.406826 622 0.010367
41 0.416875 827 0.013783
42 0.426923 1296 0.021600
43 0.436971 804 0.013400
44 0.447020 1000 0.016667
45 0.457068 1405 0.023417
46 0.467117 1976 0.032933
47 0.477165 2080 0.034667
48 0.487213 3661 0.061017
49 0.497262 8049 0.134150
50 0.507310 2879 0.047983
51 0.517358 2109 0.035150
52 0.527407 2162 0.036033
53 0.537455 1304 0.021733
54 0.547503 1304 0.021733
55 0.557552 1436 0.023933
56 0.567600 1902 0.031700
57 0.577649 2394 0.039900
58 0.587697 3065 0.051083
59 0.597745 2241 0.037350
60 0.607794 1463 0.024383
61 0.617842 1343 0.022383
62 0.627890 1074 0.017900
63 0.637939 552 0.009200
64 0.647987 496 0.008267
65 0.658036 443 0.007383
66 0.668084 443 0.007383
67 0.678132 373 0.006217
68 0.688181 258 0.004300
69 0.698229 244 0.004067
70 0.708277 222 0.003700
71 0.718326 172 0.002867
72 0.728374 187 0.003117
73 0.738423 223 0.003717
74 0.748471 203 0.003383
75 0.758519 209 0.003483
76 0.768568 215 0.003583
77 0.778616 217 0.003617
78 0.788664 213 0.003550
79 0.798713 182 0.003033
80 0.808761 202 0.003367
81 0.818809 254 0.004233
82 0.828858 251 0.004183
83 0.838906 257 0.004283
84 0.848955 322 0.005367
85 0.859003 470 0.007833
86 0.869051 423 0.007050
87 0.879100 447 0.007450
88 0.889148 271 0.004517
89 0.899196 279 0.004650
90 0.909245 294 0.004900
91 0.919293 324 0.005400
92 0.929341 275 0.004583
93 0.939390 141 0.002350
94 0.949438 88 0.001467
95 0.959487 49 0.000817
96 0.969535 51 0.000850
97 0.979583 22 0.000367
98 0.989632 11 0.000183
99 0.999680 1 0.000017
