0 0.022999 15 0.000750
1 0.032944 8 0.000400
2 0.042889 6 0.000300
3 0.052835 5 0.000250
4 0.062780 4 0.000200
5 0.072725 1 0.000050
6 0.082670 6 0.000300
7 0.092615 11 0.000550
8 0.102560 6 0.000300
9 0.112505 6 0.000300
10 0.122450 3 0.000150
11 0.132396 3 0.000150
12 0.142341 6 0.000300
13 0.152286 4 0.000200
14 0.162231 4 0.000200
15 0.172176 1 0.000050
16 0.182121 1 0.000050
17 0.192066 6 0.000300
18 0.202011 1 0.000050
19 0.211957 1 0.000050
20 0.221902 0 0.000000
21 0.231847 10 0.000500
22 0.241792 12 0.000600
23 0.251737 15 0.000750
24 0.261682 13 0.000650
25 0.271627 46 0.002300
26 0.281572 32 0.001600
27 0.291518 26 0.001300
28 0.301463 30 0.001500
29 0.311408 74 0.003700
30 0.321353 124 0.006200
31 0.331298 166 0.008300
32 0.341243 93 0.004650
33 0.351188 67 0.003350
34 0.361133 16 0.000800
35 0.371079 16 0.000800
36 0.381024 17 0.000850
37 0.390969 11 0.000550
38 0.400914 11 0.000550
39 0.410859 17 0.000850
40 0.420804 33 0.001650
41 0.430749 39 0.001950
42 0.440695 31 0.001550
43 0.450640 56 0.002800
44 0.460585 42 0.002100
45 0.470530 82 0.004100
46 0.480475 71 0.003550
47 0.490420 113 0.005650
48 0.500365 123 0.006150
49 0.510310 113 0.005650
50 0.520256 148 0.007400
51 0.530201 188 0.009400
52 0.540146 219 0.010950
53 0.550091 350 0.017500
54 0.560036 410 0.020500
55 0.569981 696 0.034800
56 0.579926 1337 0.066850
57 0.589871 2285 0.114250
58 0.599817 2126 0.106300
59 0.609762 1267 0.063350
60 0.619707 815 0.040750
61 0.629652 638 0.031900
62 0.639597 390 0.019500
63 0.649542 334 0.016700
64 0.659487 305 0.015250
65 0.669432 228 0.011400
66 0.679377 229 0.011450
67 0.689323 177 0.008850
68 0.699268 167 0.008350
69 0.709213 176 0.008800
70 0.719158 147 0.007350
71 0.729103 136 0.006800
72 0.739048 196 0.009800
73 0.748993 170 0.008500
74 0.758938 153 0.007650
75 0.768884 192 0.009600
76 0.778829 166 0.008300
77 0.788774 177 0.008850
78 0.798719 175 0.008750
79 0.808664 177 0.008850
80 0.818609 188 0.009400
81 0.828554 223 0.011150
82 0.838500 229 0.011450
83 0.848445 263 0.013150
84 0.858390 292 0.014600
85 0.868335 438 0.021900
86 0.878280 454 0.022700
87 0.888225 381 0.019050
88 0.898170 266 0.013300
89 0.908115 264 0.013200
90 0.918061 283 0.014150
91 0.928006 361 0.018050
92 0.937951 243 0.012150
93 0.947896 152 0.007600
94 0.957841 62 0.003100
95 0.967786 48 0.002400
96 0.977731 43 0.002150
97 0.987676 21 0.001050
98 0.997622 17 0.000850
99 1.007567 1 0.000050
