0 0.012166 1 0.000050
1 0.021934 5 0.000250
2 0.031703 3 0.000150
3 0.041471 8 0.000400
4 0.051239 16 0.000800
5 0.061007 13 0.000650
6 0.070776 7 0.000350
7 0.080544 8 0.000400
8 0.090312 8 0.000400
9 0.100080 10 0.000500
10 0.109849 6 0.000300
11 0.119617 7 0.000350
12 0.129385 8 0.000400
13 0.139153 15 0.000750
14 0.148922 15 0.000750
15 0.158690 17 0.000850
16 0.168458 11 0.000550
17 0.178226 19 0.000950
18 0.187995 13 0.000650
19 0.197763 21 0.001050
20 0.207531 46 0.002300
21 0.217299 39 0.001950
22 0.227068 21 0.001050
23 0.236836 26 0.001300
24 0.246604 29 0.001450
25 0.256372 39 0.001950
26 0.266141 33 0.001650
27 0.275909 61 0.003050
28 0.285677 61 0.003050
29 0.295445 73 0.003650
30 0.305214 69 0.003450
31 0.314982 79 0.003950
32 0.324750 95 0.004750
33 0.334518 97 0.004850
34 0.344287 90 0.004500
35 0.354055 103 0.005150
36 0.363823 131 0.006550
37 0.373591 139 0.006950
38 0.383360 185 0.009250
39 0.393128 189 0.009450
40 0.402896 237 0.011850
41 0.412665 221 0.011050
42 0.422433 267 0.013350
43 0.432201 331 0.016550
44 0.441969 405 0.020250
45 0.451738 580 0.029000
46 0.461506 774 0.038700
47 0.471274 1014 0.050700
48 0.481042 1718 0.085900
49 0.490811 3063 0.153150
50 0.500579 2715 0.135750
51 0.510347 1525 0.076250
52 0.520115 942 0.047100
53 0.529884 675 0.033750
54 0.539652 465 0.023250
55 0.549420 367 0.018350
56 0.559188 373 0.018650
57 0.568957 323 0.016150
58 0.578725 332 0.016600
59 0.588493 184 0.009200
60 0.598261 183 0.009150
61 0.608030 139 0.006950
62 0.617798 165 0.008250
63 0.627566 130 0.006500
64 0.637334 107 0.005350
65 0.647103 97 0.004850
66 0.656871 88 0.004400
67 0.666639 70 0.003500
68 0.676407 110 0.005500
69 0.686176 60 0.003000
70 0.695944 49 0.002450
71 0.705712 42 0.002100
72 0.715480 46 0.002300
73 0.725249 23 0.001150
74 0.735017 28 0.001400
75 0.744785 36 0.001800
76 0.754553 29 0.001450
77 0.764322 30 0.001500
78 0.774090 34 0.001700
79 0.783858 20 0.001000
80 0.793626 23 0.001150
81 0.803395 11 0.000550
82 0.813163 14 0.000700
83 0.822931 24 0.001200
84 0.832700 14 0.000700
85 0.842468 14 0.000700
86 0.852236 6 0.000300
87 0.862004 8 0.000400
88 0.871773 5 0.000250
89 0.881541 14 0.000700
90 0.891309 11 0.000550
91 0.901077 8 0.000400
92 0.910846 6 0.000300
93 0.920614 3 0.000150
94 0.930382 12 0.000600
95 0.940150 3 0.000150
96 0.949919 3 0.000150
97 0.959687 6 0.000300
98 0.969455 1 0.000050
99 0.979223 1 0.000050
