0 0.004892 1 0.000050
1 0.014801 0 0.000000
2 0.024711 0 0.000000
3 0.034621 0 0.000000
4 0.044530 0 0.000000
5 0.054440 0 0.000000
6 0.064350 0 0.000000
7 0.074259 0 0.000000
8 0.084169 0 0.000000
9 0.094079 0 0.000000
10 0.103988 1 0.000050
11 0.113898 0 0.000000
12 0.123808 0 0.000000
13 0.133718 0 0.000000
14 0.143627 0 0.000000
15 0.153537 0 0.000000
16 0.163447 0 0.000000
17 0.173356 0 0.000000
18 0.183266 0 0.000000
19 0.193176 3 0.000150
20 0.203085 3 0.000150
21 0.212995 3 0.000150
22 0.222905 7 0.000350
23 0.232814 2 0.000100
24 0.242724 2 0.000100
25 0.252634 0 0.000000
26 0.262543 0 0.000000
27 0.272453 4 0.000200
28 0.282363 2 0.000100
29 0.292273 9 0.000450
30 0.302182 27 0.001350
31 0.312092 47 0.002350
32 0.322002 77 0.003850
33 0.331911 74 0.003700
34 0.341821 79 0.003950
35 0.351731 127 0.006350
36 0.361640 174 0.008700
37 0.371550 340 0.017000
38 0.381460 207 0.010350
39 0.391369 203 0.010150
40 0.401279 263 0.013150
41 0.411189 406 0.020300
42 0.421098 834 0.041700
43 0.431008 674 0.033700
44 0.440918 403 0.020150
45 0.450828 535 0.026750
46 0.460737 719 0.035950
47 0.470647 859 0.042950
48 0.480557 667 0.033350
49 0.490466 930 0.046500
50 0.500376 4691 0.234550
51 0.510286 839 0.041950
52 0.520195 1021 0.051050
53 0.530105 989 0.049450
54 0.540015 541 0.027050
55 0.549924 523 0.026150
56 0.559834 585 0.029250
57 0.569744 777 0.038850
58 0.579654 385 0.019250
59 0.589563 278 0.013900
60 0.599473 282 0.014100
61 0.609383 222 0.011100
62 0.619292 388 0.019400
63 0.629202 303 0.015150
64 0.639112 89 0.004450
65 0.649021 79 0.003950
66 0.658931 91 0.004550
67 0.668841 116 0.005800
68 0.678750 52 0.002600
69 0.688660 18 0.000900
70 0.698570 22 0.001100
71 0.708479 16 0.000800
72 0.718389 0 0.000000
73 0.728299 0 0.000000
74 0.738209 0 0.000000
75 0.748118 0 0.000000
76 0.758028 0 0.000000
77 0.767938 1 0.000050
78 0.777847 1 0.000050
79 0.787757 2 0.000100
80 0.797667 4 0.000200
81 0.807576 1 0.000050
82 0.817486 0 0.000000
83 0.827396 0 0.000000
84 0.837305 0 0.000000
85 0.847215 0 0.000000
86 0.857125 0 0.000000
87 0.867034 0 0.000000
88 0.876944 0 0.000000
89 0.886854 1 0.000050
90 0.896763 0 0.000000
91 0.906673 0 0.000000
92 0.916583 0 0.000000
93 0.926493 0 0.000000
94 0.936402 0 0.000000
95 0.946312 0 0.000000
96 0.956222 0 0.000000
97 0.966131 0 0.000000
98 0.976041 0 0.000000
99 0.985951 1 0.000050
