0 0.007636 1 0.000017
1 0.017737 9 0.000150
2 0.027837 16 0.000267
3 0.037937 14 0.000233
4 0.048038 10 0.000167
5 0.058138 24 0.000400
6 0.068238 14 0.000233
7 0.078339 12 0.000200
8 0.088439 16 0.000267
9 0.098539 17 0.000283
10 0.108639 13 0.000217
11 0.118740 13 0.000217
12 0.128840 16 0.000267
13 0.138940 20 0.000333
14 0.149041 20 0.000333
15 0.159141 18 0.000300
16 0.169241 9 0.000150
17 0.179342 26 0.000433
18 0.189442 26 0.000433
19 0.199542 21 0.000350
20 0.209643 33 0.000550
21 0.219743 46 0.000767
22 0.229843 32 0.000533
23 0.239943 36 0.000600
24 0.250044 38 0.000633
25 0.260144 61 0.001017
26 0.270244 90 0.001500
27 0.280345 80 0.001333
28 0.290445 103 0.001717
29 0.300545 111 0.001850
30 0.310646 139 0.002317
31 0.320746 206 0.003433
32 0.330846 256 0.004267
33 0.340947 209 0.003483
34 0.351047 147 0.002450
35 0.361147 147 0.002450
36 0.371247 143 0.002383
37 0.381348 200 0.003333
38 0.391448 188 0.003133
39 0.401548 231 0.003850
40 0.411649 308 0.005133
41 0.421749 326 0.005433
42 0.431849 453 0.007550
43 0.441950 524 0.008733
44 0.452050 804 0.013400
45 0.462150 1085 0.018083
46 0.472250 1673 0.027883
47 0.482351 3465 0.057750
48 0.492451 12358 0.205967
49 0.502551 7857 0.130950
50 0.512652 3174 0.052900
51 0.522752 1704 0.028400
52 0.532852 1145 0.019083
53 0.542953 961 0.016017
54 0.553053 879 0.014650
55 0.563153 899 0.014983
56 0.573254 1266 0.021100
57 0.583354 2052 0.034200
58 0.593454 2780 0.046333
59 0.603554 1862 0.031033
60 0.613655 1240 0.020667
61 0.623755 917 0.015283
62 0.633855 664 0.011067
63 0.643956 472 0.007867
64 0.654056 412 0.006867
65 0.664156 375 0.006250
66 0.674257 329 0.005483
67 0.684357 295 0.004917
68 0.694457 230 0.003833
69 0.704558 223 0.003717
70 0.714658 200 0.003333
71 0.724758 168 0.002800
72 0.734858 206 0.003433
73 0.744959 249 0.004150
74 0.755059 166 0.002767
75 0.765159 210 0.003500
76 0.775260 214 0.003567
77 0.785360 216 0.003600
78 0.795460 199 0.003317
79 0.805561 186 0.003100
80 0.815661 212 0.003533
81 0.825761 251 0.004183
82 0.835862 225 0.003750
83 0.845962 262 0.004367
84 0.856062 297 0.004950
85 0.866162 405 0.006750
86 0.876263 526 0.008767
87 0.886363 383 0.006383
88 0.896463 295 0.004917
89 0.906564 278 0.004633
90 0.916664 283 0.004717
91 0.926764 391 0.006517
92 0.936865 261 0.004350
93 0.946965 165 0.002750
94 0.957065 65 0.001083
95 0.967165 55 0.000917
96 0.977266 50 0.000833
97 0.987366 21 0.000350
98 0.997466 17 0.000283
99 1.007567 1 0.000017
