0 0.007636 1 0.000050
1 0.017508 0 0.000000
2 0.027379 5 0.000250
3 0.037250 6 0.000300
4 0.047121 7 0.000350
5 0.056993 15 0.000750
6 0.066864 13 0.000650
7 0.076735 10 0.000500
8 0.086606 4 0.000200
9 0.096477 10 0.000500
10 0.106349 8 0.000400
11 0.116220 9 0.000450
12 0.126091 8 0.000400
13 0.135962 14 0.000700
14 0.145834 18 0.000900
15 0.155705 13 0.000650
16 0.165576 10 0.000500
17 0.175447 23 0.001150
18 0.185318 20 0.001000
19 0.195190 13 0.000650
20 0.205061 27 0.001350
21 0.214932 35 0.001750
22 0.224803 41 0.002050
23 0.234675 20 0.001000
24 0.244546 23 0.001150
25 0.254417 37 0.001850
26 0.264288 50 0.002500
27 0.274159 38 0.001900
28 0.284031 48 0.002400
29 0.293902 81 0.004050
30 0.303773 77 0.003850
31 0.313644 74 0.003700
32 0.323516 81 0.004050
33 0.333387 100 0.005000
34 0.343258 93 0.004650
35 0.353129 78 0.003900
36 0.363001 139 0.006950
37 0.372872 134 0.006700
38 0.382743 169 0.008450
39 0.392614 174 0.008700
40 0.402485 225 0.011250
41 0.412357 251 0.012550
42 0.422228 245 0.012250
43 0.432099 291 0.014550
44 0.441970 370 0.018500
45 0.451842 520 0.026000
46 0.461713 675 0.033750
47 0.471584 925 0.046250
48 0.481455 1227 0.061350
49 0.491326 2363 0.118150
50 0.501198 3410 0.170500
51 0.511069 1895 0.094750
52 0.520940 1139 0.056950
53 0.530811 732 0.036600
54 0.540683 568 0.028400
55 0.550554 403 0.020150
56 0.560425 346 0.017300
57 0.570296 382 0.019100
58 0.580167 323 0.016150
59 0.590039 237 0.011850
60 0.599910 176 0.008800
61 0.609781 160 0.008000
62 0.619652 164 0.008200
63 0.629524 134 0.006700
64 0.639395 109 0.005450
65 0.649266 109 0.005450
66 0.659137 84 0.004200
67 0.669008 92 0.004600
68 0.678880 100 0.005000
69 0.688751 69 0.003450
70 0.698622 57 0.002850
71 0.708493 41 0.002050
72 0.718365 37 0.001850
73 0.728236 40 0.002000
74 0.738107 30 0.001500
75 0.747978 37 0.001850
76 0.757850 21 0.001050
77 0.767721 36 0.001800
78 0.777592 28 0.001400
79 0.787463 32 0.001600
80 0.797334 25 0.001250
81 0.807206 10 0.000500
82 0.817077 19 0.000950
83 0.826948 20 0.001000
84 0.836819 12 0.000600
85 0.846691 10 0.000500
86 0.856562 12 0.000600
87 0.866433 3 0.000150
88 0.876304 6 0.000300
89 0.886175 12 0.000600
90 0.896047 12 0.000600
91 0.905918 9 0.000450
92 0.915789 9 0.000450
93 0.925660 8 0.000400
94 0.935532 7 0.000350
95 0.945403 4 0.000200
96 0.955274 4 0.000200
97 0.965145 7 0.000350
98 0.975016 1 0.000050
99 0.984888 1 0.000050
