0 0.000000 52026 0.867100
1 0.002218 2181 0.036350
2 0.004436 1538 0.025633
3 0.006653 1127 0.018783
4 0.008871 441 0.007350
5 0.011089 504 0.008400
6 0.013307 527 0.008783
7 0.015525 365 0.006083
8 0.017742 334 0.005567
9 0.019960 238 0.003967
10 0.022178 183 0.003050
11 0.024396 87 0.001450
12 0.026614 113 0.001883
13 0.028831 99 0.001650
14 0.031049 64 0.001067
15 0.033267 42 0.000700
16 0.035485 20 0.000333
17 0.037703 10 0.000167
18 0.039920 17 0.000283
19 0.042138 20 0.000333
20 0.044356 6 0.000100
21 0.046574 7 0.000117
22 0.048792 3 0.000050
23 0.051009 3 0.000050
24 0.053227 1 0.000017
25 0.055445 1 0.000017
26 0.057663 0 0.000000
27 0.059881 2 0.000033
28 0.062098 2 0.000033
29 0.064316 0 0.000000
30 0.066534 0 0.000000
31 0.068752 1 0.000017
32 0.070970 7 0.000117
33 0.073188 3 0.000050
34 0.075405 4 0.000067
35 0.077623 1 0.000017
36 0.079841 1 0.000017
37 0.082059 2 0.000033
38 0.084277 4 0.000067
39 0.086494 1 0.000017
40 0.088712 0 0.000000
41 0.090930 1 0.000017
42 0.093148 1 0.000017
43 0.095366 1 0.000017
44 0.097583 0 0.000000
45 0.099801 0 0.000000
46 0.102019 0 0.000000
47 0.104237 1 0.000017
48 0.106455 0 0.000000
49 0.108672 0 0.000000
50 0.110890 0 0.000000
51 0.113108 0 0.000000
52 0.115326 0 0.000000
53 0.117544 0 0.000000
54 0.119761 1 0.000017
55 0.121979 0 0.000000
56 0.124197 0 0.000000
57 0.126415 0 0.000000
58 0.128633 0 0.000000
59 0.130850 0 0.000000
60 0.133068 0 0.000000
61 0.135286 0 0.000000
62 0.137504 0 0.000000
63 0.139722 1 0.000017
64 0.141939 1 0.000017
65 0.144157 3 0.000050
66 0.146375 0 0.000000
67 0.148593 0 0.000000
68 0.150811 0 0.000000
69 0.153028 0 0.000000
70 0.155246 0 0.000000
71 0.157464 1 0.000017
72 0.159682 0 0.000000
73 0.161900 0 0.000000
74 0.164117 0 0.000000
75 0.166335 1 0.000017
76 0.168553 0 0.000000
77 0.170771 0 0.000000
78 0.172989 0 0.000000
79 0.175206 0 0.000000
80 0.177424 0 0.000000
81 0.179642 0 0.000000
82 0.181860 1 0.000017
83 0.184078 0 0.000000
84 0.186295 0 0.000000
85 0.188513 0 0.000000
86 0.190731 0 0.000000
87 0.192949 0 0.000000
88 0.195167 0 0.000000
89 0.197385 0 0.000000
90 0.199602 0 0.000000
91 0.201820 0 0.000000
92 0.204038 0 0.000000
93 0.206256 0 0.000000
94 0.208474 0 0.000000
95 0.210691 0 0.000000
96 0.212909 1 0.000017
97 0.215127 0 0.000000
98 0.217345 0 0.000000
99 0.219563 1 0.000017
