0 -0.071501 1 0.000050
1 -0.070471 0 0.000000
2 -0.069441 0 0.000000
3 -0.068411 0 0.000000
4 -0.067381 0 0.000000
5 -0.066351 0 0.000000
6 -0.065321 0 0.000000
7 -0.064291 0 0.000000
8 -0.063261 0 0.000000
9 -0.062232 0 0.000000
10 -0.061202 0 0.000000
11 -0.060172 0 0.000000
12 -0.059142 0 0.000000
13 -0.058112 0 0.000000
14 -0.057082 0 0.000000
15 -0.056052 0 0.000000
16 -0.055022 0 0.000000
17 -0.053992 0 0.000000
18 -0.052962 0 0.000000
19 -0.051932 0 0.000000
20 -0.050903 0 0.000000
21 -0.049873 0 0.000000
22 -0.048843 0 0.000000
23 -0.047813 0 0.000000
24 -0.046783 0 0.000000
25 -0.045753 0 0.000000
26 -0.044723 0 0.000000
27 -0.043693 0 0.000000
28 -0.042663 0 0.000000
29 -0.041633 0 0.000000
30 -0.040603 2 0.000100
31 -0.039573 0 0.000000
32 -0.038544 1 0.000050
33 -0.037514 9 0.000450
34 -0.036484 5 0.000250
35 -0.035454 1 0.000050
36 -0.034424 3 0.000150
37 -0.033394 10 0.000500
38 -0.032364 0 0.000000
39 -0.031334 4 0.000200
40 -0.030304 5 0.000250
41 -0.029274 4 0.000200
42 -0.028244 17 0.000850
43 -0.027215 9 0.000450
44 -0.026185 8 0.000400
45 -0.025155 16 0.000800
46 -0.024125 17 0.000850
47 -0.023095 28 0.001400
48 -0.022065 41 0.002050
49 -0.021035 26 0.001300
50 -0.020005 50 0.002500
51 -0.018975 62 0.003100
52 -0.017945 73 0.003650
53 -0.016915 114 0.005700
54 -0.015886 135 0.006750
55 -0.014856 208 0.010400
56 -0.013826 216 0.010800
57 -0.012796 337 0.016850
58 -0.011766 435 0.021750
59 -0.010736 739 0.036950
60 -0.009706 1104 0.055200
61 -0.008676 2081 0.104050
62 -0.007646 4368 0.218400
63 -0.006616 4536 0.226800
64 -0.005586 2186 0.109300
65 -0.004556 1036 0.051800
66 -0.003527 536 0.026800
67 -0.002497 408 0.020400
68 -0.001467 230 0.011500
69 -0.000437 171 0.008550
70 0.000593 158 0.007900
71 0.001623 117 0.005850
72 0.002653 90 0.004500
73 0.003683 74 0.003700
74 0.004713 63 0.003150
75 0.005743 35 0.001750
76 0.006773 30 0.001500
77 0.007802 35 0.001750
78 0.008832 49 0.002450
79 0.009862 26 0.001300
80 0.010892 18 0.000900
81 0.011922 17 0.000850
82 0.012952 13 0.000650
83 0.013982 6 0.000300
84 0.015012 8 0.000400
85 0.016042 5 0.000250
86 0.017072 1 0.000050
87 0.018102 3 0.000150
88 0.019131 4 0.000200
89 0.020161 3 0.000150
90 0.021191 2 0.000100
91 0.022221 1 0.000050
92 0.023251 6 0.000300
93 0.024281 0 0.000000
94 0.025311 0 0.000000
95 0.026341 0 0.000000
96 0.027371 0 0.000000
97 0.028401 3 0.000150
98 0.029431 0 0.000000
99 0.030460 1 0.000050
