0 -0.468575 2 0.000100
1 -0.459510 0 0.000000
2 -0.450446 0 0.000000
3 -0.441381 0 0.000000
4 -0.432317 0 0.000000
5 -0.423252 0 0.000000
6 -0.414187 0 0.000000
7 -0.405123 0 0.000000
8 -0.396058 0 0.000000
9 -0.386994 2 0.000100
10 -0.377929 0 0.000000
11 -0.368864 0 0.000000
12 -0.359800 0 0.000000
13 -0.350735 1 0.000050
14 -0.341671 0 0.000000
15 -0.332606 1 0.000050
16 -0.323541 0 0.000000
17 -0.314477 2 0.000100
18 -0.305412 1 0.000050
19 -0.296348 1 0.000050
20 -0.287283 2 0.000100
21 -0.278218 9 0.000450
22 -0.269154 2 0.000100
23 -0.260089 1 0.000050
24 -0.251025 1 0.000050
25 -0.241960 1 0.000050
26 -0.232895 3 0.000150
27 -0.223831 3 0.000150
28 -0.214766 10 0.000500
29 -0.205702 14 0.000700
30 -0.196637 20 0.001000
31 -0.187573 76 0.003800
32 -0.178508 98 0.004900
33 -0.169443 55 0.002750
34 -0.160379 76 0.003800
35 -0.151314 166 0.008300
36 -0.142250 280 0.014000
37 -0.133185 229 0.011450
38 -0.124120 138 0.006900
39 -0.115056 209 0.010450
40 -0.105991 214 0.010700
41 -0.096927 307 0.015350
42 -0.087862 875 0.043750
43 -0.078797 579 0.028950
44 -0.069733 385 0.019250
45 -0.060668 402 0.020100
46 -0.051604 615 0.030750
47 -0.042539 784 0.039200
48 -0.033474 563 0.028150
49 -0.024410 799 0.039950
50 -0.015345 5411 0.270550
51 -0.006281 1018 0.050900
52 0.002784 570 0.028500
53 0.011849 1068 0.053400
54 0.020913 733 0.036650
55 0.029978 448 0.022400
56 0.039042 356 0.017800
57 0.048107 541 0.027050
58 0.057172 639 0.031950
59 0.066236 390 0.019500
60 0.075301 233 0.011650
61 0.084365 207 0.010350
62 0.093430 147 0.007350
63 0.102495 170 0.008500
64 0.111559 409 0.020450
65 0.120624 231 0.011550
66 0.129688 93 0.004650
67 0.138753 98 0.004900
68 0.147818 106 0.005300
69 0.156882 84 0.004200
70 0.165947 50 0.002500
71 0.175011 13 0.000650
72 0.184076 6 0.000300
73 0.193141 8 0.000400
74 0.202205 18 0.000900
75 0.211270 5 0.000250
76 0.220334 3 0.000150
77 0.229399 0 0.000000
78 0.238464 1 0.000050
79 0.247528 2 0.000100
80 0.256593 0 0.000000
81 0.265657 4 0.000200
82 0.274722 0 0.000000
83 0.283786 4 0.000200
84 0.292851 2 0.000100
85 0.301916 0 0.000000
86 0.310980 0 0.000000
87 0.320045 0 0.000000
88 0.329109 0 0.000000
89 0.338174 0 0.000000
90 0.347239 0 0.000000
91 0.356303 0 0.000000
92 0.365368 0 0.000000
93 0.374432 3 0.000150
94 0.383497 0 0.000000
95 0.392562 1 0.000050
96 0.401626 1 0.000050
97 0.410691 0 0.000000
98 0.419755 1 0.000050
99 0.428820 0 0.000000
