0 -0.049996 1 0.000050
1 -0.049167 0 0.000000
2 -0.048339 0 0.000000
3 -0.047510 0 0.000000
4 -0.046682 0 0.000000
5 -0.045854 0 0.000000
6 -0.045025 0 0.000000
7 -0.044197 0 0.000000
8 -0.043369 0 0.000000
9 -0.042540 0 0.000000
10 -0.041712 0 0.000000
11 -0.040883 1 0.000050
12 -0.040055 0 0.000000
13 -0.039227 2 0.000100
14 -0.038398 1 0.000050
15 -0.037570 0 0.000000
16 -0.036742 1 0.000050
17 -0.035913 1 0.000050
18 -0.035085 1 0.000050
19 -0.034257 1 0.000050
20 -0.033428 1 0.000050
21 -0.032600 2 0.000100
22 -0.031771 3 0.000150
23 -0.030943 3 0.000150
24 -0.030115 1 0.000050
25 -0.029286 1 0.000050
26 -0.028458 2 0.000100
27 -0.027630 7 0.000350
28 -0.026801 12 0.000600
29 -0.025973 16 0.000800
30 -0.025144 28 0.001400
31 -0.024316 50 0.002500
32 -0.023488 61 0.003050
33 -0.022659 68 0.003400
34 -0.021831 63 0.003150
35 -0.021003 91 0.004550
36 -0.020174 123 0.006150
37 -0.019346 155 0.007750
38 -0.018518 201 0.010050
39 -0.017689 328 0.016400
40 -0.016861 369 0.018450
41 -0.016032 443 0.022150
42 -0.015204 578 0.028900
43 -0.014376 612 0.030600
44 -0.013547 604 0.030200
45 -0.012719 626 0.031300
46 -0.011891 703 0.035150
47 -0.011062 874 0.043700
48 -0.010234 1309 0.065450
49 -0.009405 2039 0.101950
50 -0.008577 2780 0.139000
51 -0.007749 2687 0.134350
52 -0.006920 1750 0.087500
53 -0.006092 957 0.047850
54 -0.005264 591 0.029550
55 -0.004435 394 0.019700
56 -0.003607 263 0.013150
57 -0.002778 199 0.009950
58 -0.001950 161 0.008050
59 -0.001122 138 0.006900
60 -0.000293 126 0.006300
61 0.000535 97 0.004850
62 0.001363 89 0.004450
63 0.002192 55 0.002750
64 0.003020 60 0.003000
65 0.003848 34 0.001700
66 0.004677 44 0.002200
67 0.005505 30 0.001500
68 0.006334 24 0.001200
69 0.007162 20 0.001000
70 0.007990 14 0.000700
71 0.008819 8 0.000400
72 0.009647 8 0.000400
73 0.010475 8 0.000400
74 0.011304 14 0.000700
75 0.012132 11 0.000550
76 0.012961 7 0.000350
77 0.013789 5 0.000250
78 0.014617 4 0.000200
79 0.015446 7 0.000350
80 0.016274 3 0.000150
81 0.017102 5 0.000250
82 0.017931 3 0.000150
83 0.018759 6 0.000300
84 0.019587 2 0.000100
85 0.020416 2 0.000100
86 0.021244 2 0.000100
87 0.022073 3 0.000150
88 0.022901 4 0.000200
89 0.023729 0 0.000000
90 0.024558 0 0.000000
91 0.025386 0 0.000000
92 0.026214 1 0.000050
93 0.027043 1 0.000050
94 0.027871 0 0.000000
95 0.028700 0 0.000000
96 0.029528 0 0.000000
97 0.030356 0 0.000000
98 0.031185 0 0.000000
99 0.032013 1 0.000050
