0 -0.468575 2 0.000033
1 -0.459510 0 0.000000
2 -0.450446 0 0.000000
3 -0.441381 0 0.000000
4 -0.432317 0 0.000000
5 -0.423252 0 0.000000
6 -0.414187 0 0.000000
7 -0.405123 0 0.000000
8 -0.396058 0 0.000000
9 -0.386994 2 0.000033
10 -0.377929 0 0.000000
11 -0.368864 0 0.000000
12 -0.359800 0 0.000000
13 -0.350735 1 0.000017
14 -0.341671 0 0.000000
15 -0.332606 1 0.000017
16 -0.323541 0 0.000000
17 -0.314477 2 0.000033
18 -0.305412 1 0.000017
19 -0.296348 1 0.000017
20 -0.287283 2 0.000033
21 -0.278218 9 0.000150
22 -0.269154 2 0.000033
23 -0.260089 1 0.000017
24 -0.251025 1 0.000017
25 -0.241960 1 0.000017
26 -0.232895 3 0.000050
27 -0.223831 3 0.000050
28 -0.214766 10 0.000167
29 -0.205702 14 0.000233
30 -0.196637 20 0.000333
31 -0.187573 76 0.001267
32 -0.178508 98 0.001633
33 -0.169443 55 0.000917
34 -0.160379 76 0.001267
35 -0.151314 166 0.002767
36 -0.142250 280 0.004667
37 -0.133185 229 0.003817
38 -0.124120 138 0.002300
39 -0.115056 209 0.003483
40 -0.105991 214 0.003567
41 -0.096927 307 0.005117
42 -0.087862 875 0.014583
43 -0.078797 580 0.009667
44 -0.069733 385 0.006417
45 -0.060668 402 0.006700
46 -0.051604 616 0.010267
47 -0.042539 813 0.013550
48 -0.033474 704 0.011733
49 -0.024410 3160 0.052667
50 -0.015345 31095 0.518250
51 -0.006281 11976 0.199600
52 0.002784 1249 0.020817
53 0.011849 1187 0.019783
54 0.020913 758 0.012633
55 0.029978 450 0.007500
56 0.039042 356 0.005933
57 0.048107 541 0.009017
58 0.057172 639 0.010650
59 0.066236 390 0.006500
60 0.075301 233 0.003883
61 0.084365 207 0.003450
62 0.093430 147 0.002450
63 0.102495 170 0.002833
64 0.111559 409 0.006817
65 0.120624 231 0.003850
66 0.129688 93 0.001550
67 0.138753 98 0.001633
68 0.147818 106 0.001767
69 0.156882 84 0.001400
70 0.165947 50 0.000833
71 0.175011 13 0.000217
72 0.184076 6 0.000100
73 0.193141 8 0.000133
74 0.202205 18 0.000300
75 0.211270 5 0.000083
76 0.220334 3 0.000050
77 0.229399 0 0.000000
78 0.238464 1 0.000017
79 0.247528 2 0.000033
80 0.256593 0 0.000000
81 0.265657 4 0.000067
82 0.274722 0 0.000000
83 0.283786 4 0.000067
84 0.292851 2 0.000033
85 0.301916 0 0.000000
86 0.310980 0 0.000000
87 0.320045 0 0.000000
88 0.329109 0 0.000000
89 0.338174 0 0.000000
90 0.347239 0 0.000000
91 0.356303 0 0.000000
92 0.365368 0 0.000000
93 0.374432 3 0.000050
94 0.383497 0 0.000000
95 0.392562 1 0.000017
96 0.401626 1 0.000017
97 0.410691 0 0.000000
98 0.419755 1 0.000017
99 0.428820 0 0.000000
