0 0.006177 6 0.000300
1 0.016211 4 0.000200
2 0.026246 5 0.000250
3 0.036280 9 0.000450
4 0.046314 9 0.000450
5 0.056349 4 0.000200
6 0.066383 7 0.000350
7 0.076417 9 0.000450
8 0.086452 13 0.000650
9 0.096486 13 0.000650
10 0.106521 6 0.000300
11 0.116555 11 0.000550
12 0.126589 15 0.000750
13 0.136624 13 0.000650
14 0.146658 20 0.001000
15 0.156692 11 0.000550
16 0.166727 10 0.000500
17 0.176761 18 0.000900
18 0.186795 18 0.000900
19 0.196830 30 0.001500
20 0.206864 43 0.002150
21 0.216899 27 0.001350
22 0.226933 31 0.001550
23 0.236967 21 0.001050
24 0.247002 35 0.001750
25 0.257036 31 0.001550
26 0.267070 51 0.002550
27 0.277105 52 0.002600
28 0.287139 66 0.003300
29 0.297173 75 0.003750
30 0.307208 72 0.003600
31 0.317242 73 0.003650
32 0.327276 91 0.004550
33 0.337311 75 0.003750
34 0.347345 92 0.004600
35 0.357380 94 0.004700
36 0.367414 124 0.006200
37 0.377448 135 0.006750
38 0.387483 166 0.008300
39 0.397517 144 0.007200
40 0.407551 237 0.011850
41 0.417586 241 0.012050
42 0.427620 295 0.014750
43 0.437654 359 0.017950
44 0.447689 427 0.021350
45 0.457723 574 0.028700
46 0.467758 729 0.036450
47 0.477792 1121 0.056050
48 0.487826 1714 0.085700
49 0.497861 3095 0.154750
50 0.507895 2753 0.137650
51 0.517929 1547 0.077350
52 0.527964 872 0.043600
53 0.537998 676 0.033800
54 0.548032 443 0.022150
55 0.558067 355 0.017750
56 0.568101 338 0.016900
57 0.578136 378 0.018900
58 0.588170 240 0.012000
59 0.598204 188 0.009400
60 0.608239 164 0.008200
61 0.618273 142 0.007100
62 0.628307 143 0.007150
63 0.638342 104 0.005200
64 0.648376 95 0.004750
65 0.658410 104 0.005200
66 0.668445 94 0.004700
67 0.678479 80 0.004000
68 0.688514 104 0.005200
69 0.698548 64 0.003200
70 0.708582 40 0.002000
71 0.718617 39 0.001950
72 0.728651 36 0.001800
73 0.738685 32 0.001600
74 0.748720 30 0.001500
75 0.758754 33 0.001650
76 0.768788 30 0.001500
77 0.778823 32 0.001600
78 0.788857 30 0.001500
79 0.798892 31 0.001550
80 0.808926 17 0.000850
81 0.818960 33 0.001650
82 0.828995 15 0.000750
83 0.839029 11 0.000550
84 0.849063 12 0.000600
85 0.859098 12 0.000600
86 0.869132 18 0.000900
87 0.879166 12 0.000600
88 0.889201 20 0.001000
89 0.899235 16 0.000800
90 0.909270 13 0.000650
91 0.919304 16 0.000800
92 0.929338 20 0.001000
93 0.939373 9 0.000450
94 0.949407 17 0.000850
95 0.959441 8 0.000400
96 0.969476 2 0.000100
97 0.979510 8 0.000400
98 0.989544 3 0.000150
99 0.999579 0 0.000000
