0 0.028895 2 0.000100
1 0.037737 0 0.000000
2 0.046579 0 0.000000
3 0.055421 0 0.000000
4 0.064264 0 0.000000
5 0.073106 0 0.000000
6 0.081948 0 0.000000
7 0.090790 0 0.000000
8 0.099632 0 0.000000
9 0.108475 0 0.000000
10 0.117317 2 0.000100
11 0.126159 1 0.000050
12 0.135001 0 0.000000
13 0.143843 0 0.000000
14 0.152685 0 0.000000
15 0.161528 0 0.000000
16 0.170370 0 0.000000
17 0.179212 0 0.000000
18 0.188054 2 0.000100
19 0.196896 3 0.000150
20 0.205739 2 0.000100
21 0.214581 2 0.000100
22 0.223423 5 0.000250
23 0.232265 4 0.000200
24 0.241107 2 0.000100
25 0.249950 2 0.000100
26 0.258792 0 0.000000
27 0.267634 0 0.000000
28 0.276476 1 0.000050
29 0.285318 3 0.000150
30 0.294161 6 0.000300
31 0.303003 24 0.001200
32 0.311845 41 0.002050
33 0.320687 70 0.003500
34 0.329529 78 0.003900
35 0.338371 41 0.002050
36 0.347214 65 0.003250
37 0.356056 137 0.006850
38 0.364898 184 0.009200
39 0.373740 267 0.013350
40 0.382582 202 0.010100
41 0.391425 193 0.009650
42 0.400267 238 0.011900
43 0.409109 313 0.015650
44 0.417951 469 0.023450
45 0.426793 898 0.044900
46 0.435636 406 0.020300
47 0.444478 350 0.017500
48 0.453320 538 0.026900
49 0.462162 634 0.031700
50 0.471004 826 0.041300
51 0.479846 602 0.030100
52 0.488689 688 0.034400
53 0.497531 4789 0.239450
54 0.506373 800 0.040000
55 0.515215 727 0.036350
56 0.524057 990 0.049500
57 0.532900 756 0.037800
58 0.541742 444 0.022200
59 0.550584 434 0.021700
60 0.559426 525 0.026250
61 0.568268 799 0.039950
62 0.577111 329 0.016450
63 0.585953 307 0.015350
64 0.594795 195 0.009750
65 0.603637 237 0.011850
66 0.612479 215 0.010750
67 0.621322 379 0.018950
68 0.630164 235 0.011750
69 0.639006 85 0.004250
70 0.647848 79 0.003950
71 0.656690 113 0.005650
72 0.665532 69 0.003450
73 0.674375 79 0.003950
74 0.683217 34 0.001700
75 0.692059 19 0.000950
76 0.700901 16 0.000800
77 0.709743 18 0.000900
78 0.718586 2 0.000100
79 0.727428 1 0.000050
80 0.736270 0 0.000000
81 0.745112 0 0.000000
82 0.753954 0 0.000000
83 0.762797 0 0.000000
84 0.771639 2 0.000100
85 0.780481 3 0.000150
86 0.789323 6 0.000300
87 0.798165 6 0.000300
88 0.807008 0 0.000000
89 0.815850 0 0.000000
90 0.824692 0 0.000000
91 0.833534 0 0.000000
92 0.842376 0 0.000000
93 0.851218 1 0.000050
94 0.860061 0 0.000000
95 0.868903 0 0.000000
96 0.877745 0 0.000000
97 0.886587 2 0.000100
98 0.895429 2 0.000100
99 0.904272 1 0.000050
