0 0.007416 18 0.000900
1 0.017695 6 0.000300
2 0.027973 3 0.000150
3 0.038252 5 0.000250
4 0.048530 2 0.000100
5 0.058809 8 0.000400
6 0.069088 1 0.000050
7 0.079366 7 0.000350
8 0.089645 2 0.000100
9 0.099924 4 0.000200
10 0.110202 5 0.000250
11 0.120481 3 0.000150
12 0.130760 5 0.000250
13 0.141038 4 0.000200
14 0.151317 1 0.000050
15 0.161595 5 0.000250
16 0.171874 2 0.000100
17 0.182153 1 0.000050
18 0.192431 2 0.000100
19 0.202710 5 0.000250
20 0.212989 1 0.000050
21 0.223267 3 0.000150
22 0.233546 16 0.000800
23 0.243825 10 0.000500
24 0.254103 21 0.001050
25 0.264382 39 0.001950
26 0.274660 44 0.002200
27 0.284939 25 0.001250
28 0.295218 33 0.001650
29 0.305496 52 0.002600
30 0.315775 100 0.005000
31 0.326054 173 0.008650
32 0.336332 152 0.007600
33 0.346611 56 0.002800
34 0.356890 11 0.000550
35 0.367168 18 0.000900
36 0.377447 19 0.000950
37 0.387725 13 0.000650
38 0.398004 20 0.001000
39 0.408283 32 0.001600
40 0.418561 41 0.002050
41 0.428840 23 0.001150
42 0.439119 34 0.001700
43 0.449397 53 0.002650
44 0.459676 52 0.002600
45 0.469955 65 0.003250
46 0.480233 48 0.002400
47 0.490512 97 0.004850
48 0.500790 128 0.006400
49 0.511069 134 0.006700
50 0.521348 147 0.007350
51 0.531626 205 0.010250
52 0.541905 269 0.013450
53 0.552184 340 0.017000
54 0.562462 407 0.020350
55 0.572741 618 0.030900
56 0.583019 1452 0.072600
57 0.593298 2518 0.125900
58 0.603577 1877 0.093850
59 0.613855 1298 0.064900
60 0.624134 855 0.042750
61 0.634413 571 0.028550
62 0.644691 438 0.021900
63 0.654970 339 0.016950
64 0.665249 273 0.013650
65 0.675527 245 0.012250
66 0.685806 224 0.011200
67 0.696084 211 0.010550
68 0.706363 193 0.009650
69 0.716642 159 0.007950
70 0.726920 147 0.007350
71 0.737199 146 0.007300
72 0.747478 165 0.008250
73 0.757756 187 0.009350
74 0.768035 149 0.007450
75 0.778314 183 0.009150
76 0.788592 167 0.008350
77 0.798871 179 0.008950
78 0.809149 151 0.007550
79 0.819428 171 0.008550
80 0.829707 207 0.010350
81 0.839985 208 0.010400
82 0.850264 257 0.012850
83 0.860543 324 0.016200
84 0.870821 390 0.019500
85 0.881100 406 0.020300
86 0.891379 439 0.021950
87 0.901657 288 0.014400
88 0.911936 295 0.014750
89 0.922214 320 0.016000
90 0.932493 331 0.016550
91 0.942772 274 0.013700
92 0.953050 193 0.009650
93 0.963329 51 0.002550
94 0.973608 49 0.002450
95 0.983886 43 0.002150
96 0.994165 18 0.000900
97 1.004444 14 0.000700
98 1.014722 6 0.000300
99 1.025001 1 0.000050
