0 0.012166 8 0.000400
1 0.021920 5 0.000250
2 0.031673 1 0.000050
3 0.041427 6 0.000300
4 0.051181 12 0.000600
5 0.060934 9 0.000450
6 0.070688 5 0.000250
7 0.080442 14 0.000700
8 0.090195 4 0.000200
9 0.099949 14 0.000700
10 0.109703 9 0.000450
11 0.119456 8 0.000400
12 0.129210 10 0.000500
13 0.138964 19 0.000950
14 0.148717 14 0.000700
15 0.158471 14 0.000700
16 0.168225 11 0.000550
17 0.177978 14 0.000700
18 0.187732 23 0.001150
19 0.197486 29 0.001450
20 0.207239 37 0.001850
21 0.216993 40 0.002000
22 0.226747 27 0.001350
23 0.236500 30 0.001500
24 0.246254 24 0.001200
25 0.256008 44 0.002200
26 0.265761 31 0.001550
27 0.275515 64 0.003200
28 0.285269 56 0.002800
29 0.295022 74 0.003700
30 0.304776 68 0.003400
31 0.314530 76 0.003800
32 0.324283 81 0.004050
33 0.334037 93 0.004650
34 0.343791 87 0.004350
35 0.353544 88 0.004400
36 0.363298 131 0.006550
37 0.373052 114 0.005700
38 0.382805 167 0.008350
39 0.392559 163 0.008150
40 0.402313 220 0.011000
41 0.412066 254 0.012700
42 0.421820 292 0.014600
43 0.431574 343 0.017150
44 0.441327 393 0.019650
45 0.451081 570 0.028500
46 0.460835 755 0.037750
47 0.470588 1027 0.051350
48 0.480342 1622 0.081100
49 0.490096 2934 0.146700
50 0.499849 2818 0.140900
51 0.509603 1618 0.080900
52 0.519357 1017 0.050850
53 0.529110 664 0.033200
54 0.538864 486 0.024300
55 0.548618 368 0.018400
56 0.558371 362 0.018100
57 0.568125 327 0.016350
58 0.577879 292 0.014600
59 0.587632 186 0.009300
60 0.597386 174 0.008700
61 0.607140 152 0.007600
62 0.616893 144 0.007200
63 0.626647 109 0.005450
64 0.636401 90 0.004500
65 0.646154 109 0.005450
66 0.655908 94 0.004700
67 0.665662 82 0.004100
68 0.675415 99 0.004950
69 0.685169 77 0.003850
70 0.694923 37 0.001850
71 0.704676 38 0.001900
72 0.714430 34 0.001700
73 0.724184 38 0.001900
74 0.733937 27 0.001350
75 0.743691 36 0.001800
76 0.753445 30 0.001500
77 0.763198 40 0.002000
78 0.772952 24 0.001200
79 0.782706 31 0.001550
80 0.792459 21 0.001050
81 0.802213 16 0.000800
82 0.811967 22 0.001100
83 0.821720 16 0.000800
84 0.831474 7 0.000350
85 0.841228 24 0.001200
86 0.850981 12 0.000600
87 0.860735 14 0.000700
88 0.870489 16 0.000800
89 0.880242 11 0.000550
90 0.889996 12 0.000600
91 0.899750 16 0.000800
92 0.909503 21 0.001050
93 0.919257 14 0.000700
94 0.929011 14 0.000700
95 0.938764 11 0.000550
96 0.948518 2 0.000100
97 0.958272 7 0.000350
98 0.968025 6 0.000300
99 0.977779 1 0.000050
