0 0.009172 13 0.000217
1 0.019179 11 0.000183
2 0.029185 12 0.000200
3 0.039191 11 0.000183
4 0.049197 18 0.000300
5 0.059203 10 0.000167
6 0.069210 8 0.000133
7 0.079216 19 0.000317
8 0.089222 8 0.000133
9 0.099228 21 0.000350
10 0.109234 14 0.000233
11 0.119241 13 0.000217
12 0.129247 15 0.000250
13 0.139253 26 0.000433
14 0.149259 17 0.000283
15 0.159265 18 0.000300
16 0.169272 13 0.000217
17 0.179278 19 0.000317
18 0.189284 32 0.000533
19 0.199290 34 0.000567
20 0.209296 44 0.000733
21 0.219303 41 0.000683
22 0.229309 43 0.000717
23 0.239315 37 0.000617
24 0.249321 64 0.001067
25 0.259328 63 0.001050
26 0.269334 79 0.001317
27 0.279340 99 0.001650
28 0.289346 102 0.001700
29 0.299352 135 0.002250
30 0.309359 238 0.003967
31 0.319365 223 0.003717
32 0.329371 359 0.005983
33 0.339377 242 0.004033
34 0.349383 211 0.003517
35 0.359390 311 0.005183
36 0.369396 460 0.007667
37 0.379402 392 0.006533
38 0.389408 405 0.006750
39 0.399414 491 0.008183
40 0.409421 662 0.011033
41 0.419427 1026 0.017100
42 0.429433 1152 0.019200
43 0.439439 846 0.014100
44 0.449445 1118 0.018633
45 0.459452 1449 0.024150
46 0.469458 2021 0.033683
47 0.479464 2346 0.039100
48 0.489470 3909 0.065150
49 0.499476 7943 0.132383
50 0.509483 2658 0.044300
51 0.519489 2142 0.035700
52 0.529495 1961 0.032683
53 0.539501 1267 0.021117
54 0.549507 1236 0.020600
55 0.559514 1415 0.023583
56 0.569520 1982 0.033033
57 0.579526 2476 0.041267
58 0.589532 3063 0.051050
59 0.599539 1949 0.032483
60 0.609545 1453 0.024217
61 0.619551 1355 0.022583
62 0.629557 866 0.014433
63 0.639563 577 0.009617
64 0.649570 561 0.009350
65 0.659576 415 0.006917
66 0.669582 449 0.007483
67 0.679588 356 0.005933
68 0.689594 287 0.004783
69 0.699601 224 0.003733
70 0.709607 204 0.003400
71 0.719613 203 0.003383
72 0.729619 190 0.003167
73 0.739625 198 0.003300
74 0.749632 210 0.003500
75 0.759638 191 0.003183
76 0.769644 233 0.003883
77 0.779650 182 0.003033
78 0.789656 194 0.003233
79 0.799663 181 0.003017
80 0.809669 185 0.003083
81 0.819675 272 0.004533
82 0.829681 221 0.003683
83 0.839687 276 0.004600
84 0.849694 349 0.005817
85 0.859700 460 0.007667
86 0.869706 403 0.006717
87 0.879712 408 0.006800
88 0.889718 283 0.004717
89 0.899725 321 0.005350
90 0.909731 308 0.005133
91 0.919737 363 0.006050
92 0.929743 260 0.004333
93 0.939749 186 0.003100
94 0.949756 60 0.001000
95 0.959762 49 0.000817
96 0.969768 41 0.000683
97 0.979774 19 0.000317
98 0.989780 14 0.000233
99 0.999787 1 0.000017
