0 0.006177 23 0.000383
1 0.016468 10 0.000167
2 0.026759 9 0.000150
3 0.037050 15 0.000250
4 0.047341 10 0.000167
5 0.057633 13 0.000217
6 0.067924 7 0.000117
7 0.078215 19 0.000317
8 0.088506 17 0.000283
9 0.098797 13 0.000217
10 0.109088 14 0.000233
11 0.119380 14 0.000233
12 0.129671 23 0.000383
13 0.139962 19 0.000317
14 0.150253 15 0.000250
15 0.160544 18 0.000300
16 0.170835 14 0.000233
17 0.181126 21 0.000350
18 0.191418 26 0.000433
19 0.201709 36 0.000600
20 0.212000 44 0.000733
21 0.222291 33 0.000550
22 0.232582 41 0.000683
23 0.242873 39 0.000650
24 0.253164 54 0.000900
25 0.263456 77 0.001283
26 0.273747 98 0.001633
27 0.284038 93 0.001550
28 0.294329 109 0.001817
29 0.304620 120 0.002000
30 0.314911 177 0.002950
31 0.325203 251 0.004183
32 0.335494 241 0.004017
33 0.345785 156 0.002600
34 0.356076 104 0.001733
35 0.366367 139 0.002317
36 0.376658 160 0.002667
37 0.386949 186 0.003100
38 0.397241 165 0.002750
39 0.407532 276 0.004600
40 0.417823 317 0.005283
41 0.428114 343 0.005717
42 0.438405 450 0.007500
43 0.448696 646 0.010767
44 0.458987 845 0.014083
45 0.469279 1192 0.019867
46 0.479570 1725 0.028750
47 0.489861 3012 0.050200
48 0.500152 9550 0.159167
49 0.510443 11648 0.194133
50 0.520734 2838 0.047300
51 0.531026 1485 0.024750
52 0.541317 1253 0.020883
53 0.551608 905 0.015083
54 0.561899 878 0.014633
55 0.572190 1074 0.017900
56 0.582481 1820 0.030333
57 0.592772 2725 0.045417
58 0.603064 2139 0.035650
59 0.613355 1479 0.024650
60 0.623646 1027 0.017117
61 0.633937 709 0.011817
62 0.644228 549 0.009150
63 0.654519 446 0.007433
64 0.664810 361 0.006017
65 0.675102 341 0.005683
66 0.685393 339 0.005650
67 0.695684 283 0.004717
68 0.705975 233 0.003883
69 0.716266 203 0.003383
70 0.726557 186 0.003100
71 0.736849 179 0.002983
72 0.747140 197 0.003283
73 0.757431 215 0.003583
74 0.767722 181 0.003017
75 0.778013 213 0.003550
76 0.788304 205 0.003417
77 0.798595 205 0.003417
78 0.808887 175 0.002917
79 0.819178 202 0.003367
80 0.829469 222 0.003700
81 0.839760 218 0.003633
82 0.850051 265 0.004417
83 0.860342 341 0.005683
84 0.870633 408 0.006800
85 0.880925 417 0.006950
86 0.891216 458 0.007633
87 0.901507 305 0.005083
88 0.911798 312 0.005200
89 0.922089 338 0.005633
90 0.932380 345 0.005750
91 0.942672 295 0.004917
92 0.952963 205 0.003417
93 0.963254 56 0.000933
94 0.973545 54 0.000900
95 0.983836 47 0.000783
96 0.994127 21 0.000350
97 1.004418 14 0.000233
98 1.014710 6 0.000100
99 1.025001 1 0.000017
