0 0.009172 7 0.000350
1 0.019179 5 0.000250
2 0.029185 8 0.000400
3 0.039191 6 0.000300
4 0.049197 5 0.000250
5 0.059203 3 0.000150
6 0.069210 3 0.000150
7 0.079216 4 0.000200
8 0.089222 3 0.000150
9 0.099228 8 0.000400
10 0.109234 6 0.000300
11 0.119241 0 0.000000
12 0.129247 5 0.000250
13 0.139253 6 0.000300
14 0.149259 4 0.000200
15 0.159265 1 0.000050
16 0.169272 4 0.000200
17 0.179278 4 0.000200
18 0.189284 2 0.000100
19 0.199290 2 0.000100
20 0.209296 3 0.000150
21 0.219303 1 0.000050
22 0.229309 4 0.000200
23 0.239315 8 0.000400
24 0.249321 32 0.001600
25 0.259328 26 0.001300
26 0.269334 25 0.001250
27 0.279340 41 0.002050
28 0.289346 32 0.001600
29 0.299352 30 0.001500
30 0.309359 125 0.006250
31 0.319365 73 0.003650
32 0.329371 180 0.009000
33 0.339377 107 0.005350
34 0.349383 46 0.002300
35 0.359390 14 0.000700
36 0.369396 15 0.000750
37 0.379402 22 0.001100
38 0.389408 14 0.000700
39 0.399414 24 0.001200
40 0.409421 33 0.001650
41 0.419427 34 0.001700
42 0.429433 29 0.001450
43 0.439439 41 0.002050
44 0.449445 55 0.002750
45 0.459452 56 0.002800
46 0.469458 58 0.002900
47 0.479464 66 0.003300
48 0.489470 122 0.006100
49 0.499476 119 0.005950
50 0.509483 123 0.006150
51 0.519489 189 0.009450
52 0.529495 231 0.011550
53 0.539501 266 0.013300
54 0.549507 377 0.018850
55 0.559514 461 0.023050
56 0.569520 809 0.040450
57 0.579526 1851 0.092550
58 0.589532 2601 0.130050
59 0.599539 1541 0.077050
60 0.609545 1040 0.052000
61 0.619551 821 0.041050
62 0.629557 496 0.024800
63 0.639563 382 0.019100
64 0.649570 330 0.016500
65 0.659576 245 0.012250
66 0.669582 239 0.011950
67 0.679588 217 0.010850
68 0.689594 213 0.010650
69 0.699601 167 0.008350
70 0.709607 149 0.007450
71 0.719613 162 0.008100
72 0.729619 157 0.007850
73 0.739625 171 0.008550
74 0.749632 173 0.008650
75 0.759638 156 0.007800
76 0.769644 198 0.009900
77 0.779650 150 0.007500
78 0.789656 162 0.008100
79 0.799663 158 0.007900
80 0.809669 163 0.008150
81 0.819675 254 0.012700
82 0.829681 213 0.010650
83 0.839687 254 0.012700
84 0.849694 335 0.016750
85 0.859700 445 0.022250
86 0.869706 390 0.019500
87 0.879712 393 0.019650
88 0.889718 270 0.013500
89 0.899725 302 0.015100
90 0.909731 287 0.014350
91 0.919737 347 0.017350
92 0.929743 247 0.012350
93 0.939749 175 0.008750
94 0.949756 58 0.002900
95 0.959762 42 0.002100
96 0.969768 35 0.001750
97 0.979774 19 0.000950
98 0.989780 14 0.000700
99 0.999787 1 0.000050
