0 0.414276 6 0.000300
1 0.416323 2 0.000100
2 0.418370 5 0.000250
3 0.420417 1 0.000050
4 0.422464 4 0.000200
5 0.424511 6 0.000300
6 0.426558 4 0.000200
7 0.428605 2 0.000100
8 0.430652 3 0.000150
9 0.432699 4 0.000200
10 0.434746 7 0.000350
11 0.436793 3 0.000150
12 0.438840 3 0.000150
13 0.440887 6 0.000300
14 0.442934 13 0.000650
15 0.444981 6 0.000300
16 0.447028 6 0.000300
17 0.449075 32 0.001600
18 0.451122 25 0.001250
19 0.453169 16 0.000800
20 0.455216 31 0.001550
21 0.457263 43 0.002150
22 0.459310 28 0.001400
23 0.461356 46 0.002300
24 0.463403 38 0.001900
25 0.465450 30 0.001500
26 0.467497 49 0.002450
27 0.469544 63 0.003150
28 0.471591 62 0.003100
29 0.473638 43 0.002150
30 0.475685 80 0.004000
31 0.477732 95 0.004750
32 0.479779 51 0.002550
33 0.481826 90 0.004500
34 0.483873 91 0.004550
35 0.485920 118 0.005900
36 0.487967 104 0.005200
37 0.490014 146 0.007300
38 0.492061 163 0.008150
39 0.494108 154 0.007700
40 0.496155 212 0.010600
41 0.498202 237 0.011850
42 0.500249 328 0.016400
43 0.502296 521 0.026050
44 0.504343 1036 0.051800
45 0.506390 1658 0.082900
46 0.508437 2485 0.124250
47 0.510484 3923 0.196150
48 0.512530 2193 0.109650
49 0.514577 1452 0.072600
50 0.516624 873 0.043650
51 0.518671 619 0.030950
52 0.520718 405 0.020250
53 0.522765 327 0.016350
54 0.524812 210 0.010500
55 0.526859 212 0.010600
56 0.528906 216 0.010800
57 0.530953 137 0.006850
58 0.533000 119 0.005950
59 0.535047 106 0.005300
60 0.537094 73 0.003650
61 0.539141 75 0.003750
62 0.541188 107 0.005350
63 0.543235 80 0.004000
64 0.545282 51 0.002550
65 0.547329 37 0.001850
66 0.549376 42 0.002100
67 0.551423 50 0.002500
68 0.553470 33 0.001650
69 0.555517 38 0.001900
70 0.557564 38 0.001900
71 0.559611 29 0.001450
72 0.561657 25 0.001250
73 0.563704 36 0.001800
74 0.565751 18 0.000900
75 0.567798 35 0.001750
76 0.569845 17 0.000850
77 0.571892 15 0.000750
78 0.573939 24 0.001200
79 0.575986 26 0.001300
80 0.578033 27 0.001350
81 0.580080 25 0.001250
82 0.582127 20 0.001000
83 0.584174 23 0.001150
84 0.586221 15 0.000750
85 0.588268 15 0.000750
86 0.590315 4 0.000200
87 0.592362 6 0.000300
88 0.594409 10 0.000500
89 0.596456 13 0.000650
90 0.598503 6 0.000300
91 0.600550 4 0.000200
92 0.602597 8 0.000400
93 0.604644 5 0.000250
94 0.606691 5 0.000250
95 0.608738 7 0.000350
96 0.610785 2 0.000100
97 0.612831 1 0.000050
98 0.614878 6 0.000300
99 0.616925 1 0.000050
