initializing
training size    : 359556
testing size     : 20000
epoch count      : 10
sub epoch size   : 5

epoch_learning_rate_decay   : 8
learning_rate_decay         : 0.250000

training



epoch [0 0] from [10 5]
training time per iterations 3.004714[ms]
testing on 20000 items
testing done
average error 0.002102
min error     0.000000
max error     0.176952
saving best net
best net saved to networks/disc40x20x3/net_4_depth/trained/, with error 0.002102



epoch [0 1] from [10 5]
training time per iterations 3.009414[ms]
testing on 20000 items
testing done
average error 0.002230
min error     0.000000
max error     0.170848



epoch [0 2] from [10 5]
training time per iterations 3.002962[ms]
testing on 20000 items
testing done
average error 0.001929
min error     0.000000
max error     0.157588
saving best net
best net saved to networks/disc40x20x3/net_4_depth/trained/, with error 0.001929



epoch [0 3] from [10 5]
training time per iterations 2.999889[ms]
testing on 20000 items
testing done
average error 0.001692
min error     0.000000
max error     0.147351
saving best net
best net saved to networks/disc40x20x3/net_4_depth/trained/, with error 0.001692



epoch [0 4] from [10 5]
training time per iterations 3.003045[ms]
testing on 20000 items
testing done
average error 0.001854
min error     0.000000
max error     0.166529



epoch [1 0] from [10 5]
training time per iterations 3.003908[ms]
testing on 20000 items
testing done
average error 0.001665
min error     0.000000
max error     0.157501
saving best net
best net saved to networks/disc40x20x3/net_4_depth/trained/, with error 0.001665



epoch [1 1] from [10 5]
training time per iterations 3.007301[ms]
testing on 20000 items
testing done
average error 0.001732
min error     0.000000
max error     0.144044



epoch [1 2] from [10 5]
training time per iterations 3.006369[ms]
testing on 20000 items
testing done
average error 0.001731
min error     0.000000
max error     0.138790



epoch [1 3] from [10 5]
training time per iterations 3.005994[ms]
testing on 20000 items
testing done
average error 0.001681
min error     0.000000
max error     0.157702



epoch [1 4] from [10 5]
training time per iterations 3.004992[ms]
testing on 20000 items
testing done
average error 0.001839
min error     0.000000
max error     0.158243



epoch [2 0] from [10 5]
training time per iterations 3.001516[ms]
testing on 20000 items
testing done
average error 0.001718
min error     0.000000
max error     0.135405



epoch [2 1] from [10 5]
training time per iterations 3.006870[ms]
testing on 20000 items
testing done
average error 0.001626
min error     0.000000
max error     0.143217
saving best net
best net saved to networks/disc40x20x3/net_4_depth/trained/, with error 0.001626



epoch [2 2] from [10 5]
training time per iterations 3.007940[ms]
testing on 20000 items
testing done
average error 0.001916
min error     0.000000
max error     0.155336



epoch [2 3] from [10 5]
training time per iterations 2.999917[ms]
testing on 20000 items
testing done
average error 0.001833
min error     0.000000
max error     0.146117



epoch [2 4] from [10 5]
training time per iterations 3.001710[ms]
testing on 20000 items
testing done
average error 0.001697
min error     0.000000
max error     0.151658



epoch [3 0] from [10 5]
training time per iterations 3.005312[ms]
testing on 20000 items
testing done
average error 0.001958
min error     0.000000
max error     0.141564



epoch [3 1] from [10 5]
training time per iterations 3.005048[ms]
testing on 20000 items
testing done
average error 0.001575
min error     0.000000
max error     0.138777
saving best net
best net saved to networks/disc40x20x3/net_4_depth/trained/, with error 0.001575



epoch [3 2] from [10 5]
training time per iterations 3.010082[ms]
testing on 20000 items
testing done
average error 0.001657
min error     0.000000
max error     0.149907



epoch [3 3] from [10 5]
training time per iterations 3.005799[ms]
testing on 20000 items
testing done
average error 0.001623
min error     0.000000
max error     0.146893



epoch [3 4] from [10 5]
training time per iterations 3.015269[ms]
testing on 20000 items
testing done
average error 0.001604
min error     0.000000
max error     0.144323



epoch [4 0] from [10 5]
training time per iterations 3.008942[ms]
testing on 20000 items
testing done
average error 0.001734
min error     0.000000
max error     0.147683



epoch [4 1] from [10 5]
training time per iterations 3.006522[ms]
testing on 20000 items
testing done
average error 0.001657
min error     0.000000
max error     0.146237



epoch [4 2] from [10 5]
training time per iterations 3.007162[ms]
testing on 20000 items
testing done
average error 0.001682
min error     0.000000
max error     0.136315



epoch [4 3] from [10 5]
training time per iterations 3.008413[ms]
testing on 20000 items
testing done
average error 0.001723
min error     0.000000
max error     0.137679



epoch [4 4] from [10 5]
training time per iterations 3.002670[ms]
testing on 20000 items
testing done
average error 0.001628
min error     0.000000
max error     0.139472



epoch [5 0] from [10 5]
training time per iterations 3.004992[ms]
testing on 20000 items
testing done
average error 0.001632
min error     0.000000
max error     0.125355



epoch [5 1] from [10 5]
training time per iterations 3.002851[ms]
testing on 20000 items
testing done
average error 0.001610
min error     0.000000
max error     0.127313



epoch [5 2] from [10 5]
training time per iterations 3.001085[ms]
testing on 20000 items
testing done
average error 0.001587
min error     0.000000
max error     0.122168



epoch [5 3] from [10 5]
training time per iterations 3.003880[ms]
testing on 20000 items
testing done
average error 0.001763
min error     0.000000
max error     0.124761



epoch [5 4] from [10 5]
training time per iterations 3.002295[ms]
testing on 20000 items
testing done
average error 0.001831
min error     0.000000
max error     0.137732



epoch [6 0] from [10 5]
training time per iterations 3.003713[ms]
testing on 20000 items
testing done
average error 0.001739
min error     0.000000
max error     0.139062



epoch [6 1] from [10 5]
training time per iterations 3.006091[ms]
testing on 20000 items
testing done
average error 0.001539
min error     0.000000
max error     0.129386
saving best net
best net saved to networks/disc40x20x3/net_4_depth/trained/, with error 0.001539



epoch [6 2] from [10 5]
training time per iterations 3.002962[ms]
testing on 20000 items
testing done
average error 0.001655
min error     0.000000
max error     0.131133



epoch [6 3] from [10 5]
training time per iterations 3.002378[ms]
testing on 20000 items
testing done
average error 0.001628
min error     0.000000
max error     0.126643



epoch [6 4] from [10 5]
training time per iterations 3.001850[ms]
testing on 20000 items
testing done
average error 0.001630
min error     0.000000
max error     0.137949



epoch [7 0] from [10 5]
training time per iterations 3.001613[ms]
testing on 20000 items
testing done
average error 0.001626
min error     0.000000
max error     0.130427



epoch [7 1] from [10 5]
training time per iterations 3.003018[ms]
testing on 20000 items
testing done
average error 0.001714
min error     0.000000
max error     0.145522



epoch [7 2] from [10 5]
training time per iterations 3.001585[ms]
testing on 20000 items
testing done
average error 0.001536
min error     0.000000
max error     0.138338
saving best net
best net saved to networks/disc40x20x3/net_4_depth/trained/, with error 0.001536



epoch [7 3] from [10 5]
training time per iterations 3.006425[ms]
testing on 20000 items
testing done
average error 0.001733
min error     0.000000
max error     0.142093



epoch [7 4] from [10 5]
training time per iterations 3.000431[ms]
testing on 20000 items
testing done
average error 0.001653
min error     0.000000
max error     0.139815
setting learning rate to 0.000050



epoch [8 0] from [10 5]
training time per iterations 3.004380[ms]
testing on 20000 items
testing done
average error 0.001579
min error     0.000000
max error     0.131512



epoch [8 1] from [10 5]
training time per iterations 3.007273[ms]
testing on 20000 items
testing done
average error 0.001649
min error     0.000000
max error     0.147552



epoch [8 2] from [10 5]
training time per iterations 3.004241[ms]
testing on 20000 items
testing done
average error 0.001650
min error     0.000000
max error     0.142548



epoch [8 3] from [10 5]
training time per iterations 3.008928[ms]
testing on 20000 items
testing done
average error 0.001657
min error     0.000000
max error     0.141380



epoch [8 4] from [10 5]
training time per iterations 3.009609[ms]
testing on 20000 items
testing done
average error 0.001666
min error     0.000000
max error     0.137233



epoch [9 0] from [10 5]
training time per iterations 3.011306[ms]
testing on 20000 items
testing done
average error 0.001619
min error     0.000000
max error     0.140662



epoch [9 1] from [10 5]
training time per iterations 3.005715[ms]
testing on 20000 items
testing done
average error 0.001604
min error     0.000000
max error     0.142660



epoch [9 2] from [10 5]
training time per iterations 2.999778[ms]
testing on 20000 items
testing done
average error 0.001631
min error     0.000000
max error     0.144330



epoch [9 3] from [10 5]
training time per iterations 3.006842[ms]
testing on 20000 items
testing done
average error 0.001584
min error     0.000000
max error     0.142495



epoch [9 4] from [10 5]
training time per iterations 3.010012[ms]
testing on 20000 items
testing done
average error 0.001651
min error     0.000000
max error     0.137063
training done
