network init start

hyperparameters
init_weight_range 0.000000 ,xavier
learning_rate 0.000200
lambda1 0.000001
lambda2 0.000001
dropout 0.020000
minibatch size 32

   DENSE CONVOLUTION  [   40    20    48] [    3     3     8] [   40    20    56] [      3456          8][   2771200]
                RELU  [   40    20    56] [    1     1     1] [   40    20    56] [         0          0][     89600]
   DENSE CONVOLUTION  [   40    20    56] [    3     3     8] [   40    20    64] [      4032          8][   3232000]
                RELU  [   40    20    64] [    1     1     1] [   40    20    64] [         0          0][    102400]
   DENSE CONVOLUTION  [   40    20    64] [    3     3     8] [   40    20    72] [      4608          8][   3692800]
                RELU  [   40    20    72] [    1     1     1] [   40    20    72] [         0          0][    115200]
   DENSE CONVOLUTION  [   40    20    72] [    3     3     8] [   40    20    80] [      5184          8][   4153600]
                RELU  [   40    20    80] [    1     1     1] [   40    20    80] [         0          0][    128000]
         CONVOLUTION  [   40    20    80] [    1     1    32] [   40    20    32] [      2560         32][   2073600]
                RELU  [   40    20    32] [    1     1     1] [   40    20    32] [         0          0][     51200]
             DROPOUT  [   40    20    32] [    1     1     1] [   40    20    32] [         0          0][     51200]
                  FC  [   40    20    32] [    1     1     3] [    1     1     3] [     76800          3][    153606]

input_geometry  [40 20 48]
output_geometry [1 1 3]
network flops operations 16614406 FLOPS, 0.016614 GFLOPS
init DONE

