0.000000 0 0 0.002102 0.000000 0.176952 0.002063 0.000000 0.201020
0.200000 0 1 0.002230 0.000000 0.170848 0.002238 0.000000 0.261353
0.400000 0 2 0.001929 0.000000 0.157588 0.001904 0.000000 0.206829
0.600000 0 3 0.001692 0.000000 0.147351 0.001684 0.000000 0.248503
0.800000 0 4 0.001854 0.000000 0.166529 0.001841 0.000000 0.154987
1.000000 1 0 0.001665 0.000000 0.157501 0.001643 0.000000 0.243087
1.200000 1 1 0.001732 0.000000 0.144044 0.001740 0.000000 0.229634
1.400000 1 2 0.001731 0.000000 0.138790 0.001691 0.000000 0.218415
1.600000 1 3 0.001681 0.000000 0.157702 0.001660 0.000000 0.190773
1.800000 1 4 0.001839 0.000000 0.158243 0.001835 0.000000 0.169201
2.000000 2 0 0.001718 0.000000 0.135405 0.001737 0.000000 0.227107
2.200000 2 1 0.001626 0.000000 0.143217 0.001580 0.000000 0.194227
2.400000 2 2 0.001916 0.000000 0.155336 0.001948 0.000000 0.238540
2.600000 2 3 0.001833 0.000000 0.146117 0.001804 0.000000 0.165375
2.800000 2 4 0.001697 0.000000 0.151658 0.001678 0.000000 0.252613
3.000000 3 0 0.001958 0.000000 0.141564 0.001968 0.000000 0.168775
3.200000 3 1 0.001575 0.000000 0.138777 0.001556 0.000000 0.177821
3.400000 3 2 0.001657 0.000000 0.149907 0.001630 0.000000 0.193317
3.600000 3 3 0.001623 0.000000 0.146893 0.001601 0.000000 0.160287
3.800000 3 4 0.001604 0.000000 0.144323 0.001550 0.000000 0.233965
4.000000 4 0 0.001734 0.000000 0.147683 0.001733 0.000000 0.252207
4.200000 4 1 0.001657 0.000000 0.146237 0.001664 0.000000 0.225327
4.400000 4 2 0.001682 0.000000 0.136315 0.001626 0.000000 0.182201
4.600000 4 3 0.001723 0.000000 0.137679 0.001734 0.000000 0.186647
4.800000 4 4 0.001628 0.000000 0.139472 0.001586 0.000000 0.232272
5.000000 5 0 0.001632 0.000000 0.125355 0.001599 0.000000 0.249150
5.200000 5 1 0.001610 0.000000 0.127313 0.001586 0.000000 0.185396
5.400000 5 2 0.001587 0.000000 0.122168 0.001596 0.000000 0.164195
5.600000 5 3 0.001763 0.000000 0.124761 0.001756 0.000000 0.178344
5.800000 5 4 0.001831 0.000000 0.137732 0.001813 0.000000 0.192281
6.000000 6 0 0.001739 0.000000 0.139062 0.001727 0.000000 0.228360
6.200000 6 1 0.001539 0.000000 0.129386 0.001545 0.000000 0.218344
6.400000 6 2 0.001655 0.000000 0.131133 0.001651 0.000000 0.172153
6.600000 6 3 0.001628 0.000000 0.126643 0.001627 0.000000 0.194153
6.800000 6 4 0.001630 0.000000 0.137949 0.001626 0.000000 0.171451
7.000000 7 0 0.001626 0.000000 0.130427 0.001592 0.000000 0.171306
7.200000 7 1 0.001714 0.000000 0.145522 0.001666 0.000000 0.159733
7.400000 7 2 0.001536 0.000000 0.138338 0.001508 0.000000 0.215491
7.600000 7 3 0.001733 0.000000 0.142093 0.001722 0.000000 0.172548
7.800000 7 4 0.001653 0.000000 0.139815 0.001651 0.000000 0.164725
8.000000 8 0 0.001579 0.000000 0.131512 0.001545 0.000000 0.201418
8.200000 8 1 0.001649 0.000000 0.147552 0.001637 0.000000 0.144344
8.400000 8 2 0.001650 0.000000 0.142548 0.001614 0.000000 0.196293
8.600000 8 3 0.001657 0.000000 0.141380 0.001636 0.000000 0.222051
8.800000 8 4 0.001666 0.000000 0.137233 0.001651 0.000000 0.205882
9.000000 9 0 0.001619 0.000000 0.140662 0.001602 0.000000 0.210181
9.200000 9 1 0.001604 0.000000 0.142660 0.001585 0.000000 0.171525
9.400000 9 2 0.001631 0.000000 0.144330 0.001647 0.000000 0.220215
9.600000 9 3 0.001584 0.000000 0.142495 0.001589 0.000000 0.242068
9.800000 9 4 0.001651 0.000000 0.137063 0.001619 0.000000 0.213674
