initializing
training size    : 359556
testing size     : 20000
epoch count      : 10
sub epoch size   : 5

epoch_learning_rate_decay   : 8
learning_rate_decay         : 0.250000

training



epoch [0 0] from [10 5]
training time per iterations 1.731112[ms]
testing on 20000 items
testing done
average error 0.002664
min error     0.000000
max error     0.168751
saving best net
best net saved to networks/disc16x16x3/net_4_depth/trained/, with error 0.002664



epoch [0 1] from [10 5]
training time per iterations 1.734672[ms]
testing on 20000 items
testing done
average error 0.002322
min error     0.000000
max error     0.161636
saving best net
best net saved to networks/disc16x16x3/net_4_depth/trained/, with error 0.002322



epoch [0 2] from [10 5]
training time per iterations 1.729833[ms]
testing on 20000 items
testing done
average error 0.002042
min error     0.000000
max error     0.177972
saving best net
best net saved to networks/disc16x16x3/net_4_depth/trained/, with error 0.002042



epoch [0 3] from [10 5]
training time per iterations 1.722755[ms]
testing on 20000 items
testing done
average error 0.001842
min error     0.000000
max error     0.164342
saving best net
best net saved to networks/disc16x16x3/net_4_depth/trained/, with error 0.001842



epoch [0 4] from [10 5]
training time per iterations 1.711143[ms]
testing on 20000 items
testing done
average error 0.001841
min error     0.000000
max error     0.197107
saving best net
best net saved to networks/disc16x16x3/net_4_depth/trained/, with error 0.001841



epoch [1 0] from [10 5]
training time per iterations 1.705720[ms]
testing on 20000 items
testing done
average error 0.001819
min error     0.000000
max error     0.175901
saving best net
best net saved to networks/disc16x16x3/net_4_depth/trained/, with error 0.001819



epoch [1 1] from [10 5]
training time per iterations 1.699059[ms]
testing on 20000 items
testing done
average error 0.001726
min error     0.000000
max error     0.165445
saving best net
best net saved to networks/disc16x16x3/net_4_depth/trained/, with error 0.001726



epoch [1 2] from [10 5]
training time per iterations 1.699086[ms]
testing on 20000 items
testing done
average error 0.001877
min error     0.000000
max error     0.166478



epoch [1 3] from [10 5]
training time per iterations 1.692175[ms]
testing on 20000 items
testing done
average error 0.001783
min error     0.000000
max error     0.180709



epoch [1 4] from [10 5]
training time per iterations 1.690993[ms]
testing on 20000 items
testing done
average error 0.001746
min error     0.000000
max error     0.176984



epoch [2 0] from [10 5]
training time per iterations 1.691869[ms]
testing on 20000 items
testing done
average error 0.001626
min error     0.000000
max error     0.183885
saving best net
best net saved to networks/disc16x16x3/net_4_depth/trained/, with error 0.001626



epoch [2 1] from [10 5]
training time per iterations 1.690020[ms]
testing on 20000 items
testing done
average error 0.001826
min error     0.000000
max error     0.186925



epoch [2 2] from [10 5]
training time per iterations 1.689255[ms]
testing on 20000 items
testing done
average error 0.001720
min error     0.000000
max error     0.166093



epoch [2 3] from [10 5]
training time per iterations 1.691869[ms]
testing on 20000 items
testing done
average error 0.001697
min error     0.000000
max error     0.178427



epoch [2 4] from [10 5]
training time per iterations 1.693107[ms]
testing on 20000 items
testing done
average error 0.001765
min error     0.000000
max error     0.194417



epoch [3 0] from [10 5]
training time per iterations 1.694636[ms]
testing on 20000 items
testing done
average error 0.001750
min error     0.000000
max error     0.182260



epoch [3 1] from [10 5]
training time per iterations 1.690562[ms]
testing on 20000 items
testing done
average error 0.001790
min error     0.000000
max error     0.171156



epoch [3 2] from [10 5]
training time per iterations 1.689783[ms]
testing on 20000 items
testing done
average error 0.001651
min error     0.000000
max error     0.172891



epoch [3 3] from [10 5]
training time per iterations 1.691132[ms]
testing on 20000 items
testing done
average error 0.001764
min error     0.000000
max error     0.172603



epoch [3 4] from [10 5]
training time per iterations 1.690089[ms]
testing on 20000 items
testing done
average error 0.001627
min error     0.000000
max error     0.178797



epoch [4 0] from [10 5]
training time per iterations 1.692064[ms]
testing on 20000 items
testing done
average error 0.001739
min error     0.000000
max error     0.180763



epoch [4 1] from [10 5]
training time per iterations 1.688351[ms]
testing on 20000 items
testing done
average error 0.001683
min error     0.000000
max error     0.179557



epoch [4 2] from [10 5]
training time per iterations 1.697946[ms]
testing on 20000 items
testing done
average error 0.001679
min error     0.000000
max error     0.183680



epoch [4 3] from [10 5]
training time per iterations 1.692217[ms]
testing on 20000 items
testing done
average error 0.001674
min error     0.000000
max error     0.168415



epoch [4 4] from [10 5]
training time per iterations 1.689310[ms]
testing on 20000 items
testing done
average error 0.001584
min error     0.000000
max error     0.169338
saving best net
best net saved to networks/disc16x16x3/net_4_depth/trained/, with error 0.001584



epoch [5 0] from [10 5]
training time per iterations 1.689088[ms]
testing on 20000 items
testing done
average error 0.001749
min error     0.000000
max error     0.181298



epoch [5 1] from [10 5]
training time per iterations 1.692356[ms]
testing on 20000 items
testing done
average error 0.001793
min error     0.000000
max error     0.181211



epoch [5 2] from [10 5]
training time per iterations 1.689352[ms]
testing on 20000 items
testing done
average error 0.001674
min error     0.000000
max error     0.175247



epoch [5 3] from [10 5]
training time per iterations 1.692717[ms]
testing on 20000 items
testing done
average error 0.001666
min error     0.000000
max error     0.173419



epoch [5 4] from [10 5]
training time per iterations 1.690492[ms]
testing on 20000 items
testing done
average error 0.001690
min error     0.000000
max error     0.173142



epoch [6 0] from [10 5]
training time per iterations 1.690868[ms]
testing on 20000 items
testing done
average error 0.001633
min error     0.000000
max error     0.175248



epoch [6 1] from [10 5]
training time per iterations 1.688657[ms]
testing on 20000 items
testing done
average error 0.001615
min error     0.000000
max error     0.169662



epoch [6 2] from [10 5]
training time per iterations 1.684499[ms]
testing on 20000 items
testing done
average error 0.001581
min error     0.000000
max error     0.187179
saving best net
best net saved to networks/disc16x16x3/net_4_depth/trained/, with error 0.001581



epoch [6 3] from [10 5]
training time per iterations 1.688365[ms]
testing on 20000 items
testing done
average error 0.001596
min error     0.000000
max error     0.170274



epoch [6 4] from [10 5]
training time per iterations 1.689741[ms]
testing on 20000 items
testing done
average error 0.001660
min error     0.000000
max error     0.171325



epoch [7 0] from [10 5]
training time per iterations 1.692634[ms]
testing on 20000 items
testing done
average error 0.001707
min error     0.000000
max error     0.180969



epoch [7 1] from [10 5]
training time per iterations 1.688393[ms]
testing on 20000 items
testing done
average error 0.001616
min error     0.000000
max error     0.175103



epoch [7 2] from [10 5]
training time per iterations 1.694497[ms]
testing on 20000 items
testing done
average error 0.001661
min error     0.000000
max error     0.167435



epoch [7 3] from [10 5]
training time per iterations 3.907288[ms]
testing on 20000 items
testing done
average error 0.001605
min error     0.000000
max error     0.182081



epoch [7 4] from [10 5]
training time per iterations 4.205782[ms]
testing on 20000 items
testing done
average error 0.001635
min error     0.000000
max error     0.173013
setting learning rate to 0.000050



epoch [8 0] from [10 5]
training time per iterations 4.205963[ms]
testing on 20000 items
testing done
average error 0.001613
min error     0.000000
max error     0.171732



epoch [8 1] from [10 5]
training time per iterations 4.205560[ms]
testing on 20000 items
testing done
average error 0.001607
min error     0.000000
max error     0.173134



epoch [8 2] from [10 5]
training time per iterations 4.206032[ms]
testing on 20000 items
testing done
average error 0.001636
min error     0.000000
max error     0.170646



epoch [8 3] from [10 5]
training time per iterations 4.206269[ms]
testing on 20000 items
testing done
average error 0.001638
min error     0.000000
max error     0.170825



epoch [8 4] from [10 5]
training time per iterations 4.207993[ms]
testing on 20000 items
testing done
average error 0.001622
min error     0.000000
max error     0.171791



epoch [9 0] from [10 5]
training time per iterations 4.209189[ms]
testing on 20000 items
testing done
average error 0.001598
min error     0.000000
max error     0.174442



epoch [9 1] from [10 5]
training time per iterations 4.208132[ms]
testing on 20000 items
testing done
average error 0.001647
min error     0.000000
max error     0.174229



epoch [9 2] from [10 5]
training time per iterations 4.208077[ms]
testing on 20000 items
testing done
average error 0.001621
min error     0.000000
max error     0.171673



epoch [9 3] from [10 5]
training time per iterations 4.209412[ms]
testing on 20000 items
testing done
average error 0.001627
min error     0.000000
max error     0.173883



epoch [9 4] from [10 5]
training time per iterations 4.209481[ms]
testing on 20000 items
testing done
average error 0.001621
min error     0.000000
max error     0.171748
training done
