0.000000 0 0 0.002664 0.000000 0.168751 0.002615 0.000000 0.185414
0.200000 0 1 0.002322 0.000000 0.161636 0.002337 0.000000 0.250203
0.400000 0 2 0.002042 0.000000 0.177972 0.002037 0.000000 0.238052
0.600000 0 3 0.001842 0.000000 0.164342 0.001849 0.000000 0.213449
0.800000 0 4 0.001841 0.000000 0.197107 0.001832 0.000000 0.155194
1.000000 1 0 0.001819 0.000000 0.175901 0.001792 0.000000 0.186562
1.200000 1 1 0.001726 0.000000 0.165445 0.001715 0.000000 0.223151
1.400000 1 2 0.001877 0.000000 0.166478 0.001897 0.000000 0.177805
1.600000 1 3 0.001783 0.000000 0.180709 0.001745 0.000000 0.159373
1.800000 1 4 0.001746 0.000000 0.176984 0.001719 0.000000 0.196946
2.000000 2 0 0.001626 0.000000 0.183885 0.001643 0.000000 0.244754
2.200000 2 1 0.001826 0.000000 0.186925 0.001827 0.000000 0.235061
2.400000 2 2 0.001720 0.000000 0.166093 0.001734 0.000000 0.145886
2.600000 2 3 0.001697 0.000000 0.178427 0.001683 0.000000 0.188148
2.800000 2 4 0.001765 0.000000 0.194417 0.001759 0.000000 0.185299
3.000000 3 0 0.001750 0.000000 0.182260 0.001732 0.000000 0.227765
3.200000 3 1 0.001790 0.000000 0.171156 0.001798 0.000000 0.207326
3.400000 3 2 0.001651 0.000000 0.172891 0.001662 0.000000 0.249627
3.600000 3 3 0.001764 0.000000 0.172603 0.001774 0.000000 0.170355
3.800000 3 4 0.001627 0.000000 0.178797 0.001639 0.000000 0.221397
4.000000 4 0 0.001739 0.000000 0.180763 0.001750 0.000000 0.138677
4.200000 4 1 0.001683 0.000000 0.179557 0.001687 0.000000 0.253263
4.400000 4 2 0.001679 0.000000 0.183680 0.001667 0.000000 0.172200
4.600000 4 3 0.001674 0.000000 0.168415 0.001694 0.000000 0.192186
4.800000 4 4 0.001584 0.000000 0.169338 0.001603 0.000000 0.260180
5.000000 5 0 0.001749 0.000000 0.181298 0.001753 0.000000 0.233326
5.200000 5 1 0.001793 0.000000 0.181211 0.001776 0.000000 0.226085
5.400000 5 2 0.001674 0.000000 0.175247 0.001667 0.000000 0.224683
5.600000 5 3 0.001666 0.000000 0.173419 0.001679 0.000000 0.212833
5.800000 5 4 0.001690 0.000000 0.173142 0.001727 0.000000 0.183936
6.000000 6 0 0.001633 0.000000 0.175248 0.001665 0.000000 0.155813
6.200000 6 1 0.001615 0.000000 0.169662 0.001610 0.000000 0.243508
6.400000 6 2 0.001581 0.000000 0.187179 0.001570 0.000000 0.182425
6.600000 6 3 0.001596 0.000000 0.170274 0.001571 0.000000 0.144648
6.800000 6 4 0.001660 0.000000 0.171325 0.001648 0.000000 0.218992
7.000000 7 0 0.001707 0.000000 0.180969 0.001734 0.000000 0.240361
7.200000 7 1 0.001616 0.000000 0.175103 0.001631 0.000000 0.246948
7.400000 7 2 0.001661 0.000000 0.167435 0.001686 0.000000 0.228688
7.600000 7 3 0.001605 0.000000 0.182081 0.001621 0.000000 0.198675
7.800000 7 4 0.001635 0.000000 0.173013 0.001616 0.000000 0.183850
8.000000 8 0 0.001613 0.000000 0.171732 0.001643 0.000000 0.178651
8.200000 8 1 0.001607 0.000000 0.173134 0.001619 0.000000 0.242833
8.400000 8 2 0.001636 0.000000 0.170646 0.001671 0.000000 0.181267
8.600000 8 3 0.001638 0.000000 0.170825 0.001641 0.000000 0.172465
8.800000 8 4 0.001622 0.000000 0.171791 0.001611 0.000000 0.216872
9.000000 9 0 0.001598 0.000000 0.174442 0.001608 0.000000 0.168931
9.200000 9 1 0.001647 0.000000 0.174229 0.001625 0.000000 0.161635
9.400000 9 2 0.001621 0.000000 0.171673 0.001604 0.000000 0.159025
9.600000 9 3 0.001627 0.000000 0.173883 0.001626 0.000000 0.168099
9.800000 9 4 0.001621 0.000000 0.171748 0.001622 0.000000 0.169047
