0 -0.050770 3 0.000150
1 -0.049807 0 0.000000
2 -0.048844 1 0.000050
3 -0.047881 0 0.000000
4 -0.046918 0 0.000000
5 -0.045955 1 0.000050
6 -0.044992 2 0.000100
7 -0.044029 2 0.000100
8 -0.043065 1 0.000050
9 -0.042102 1 0.000050
10 -0.041139 3 0.000150
11 -0.040176 3 0.000150
12 -0.039213 4 0.000200
13 -0.038250 1 0.000050
14 -0.037287 1 0.000050
15 -0.036324 5 0.000250
16 -0.035361 3 0.000150
17 -0.034398 4 0.000200
18 -0.033435 5 0.000250
19 -0.032471 11 0.000550
20 -0.031508 14 0.000700
21 -0.030545 21 0.001050
22 -0.029582 11 0.000550
23 -0.028619 14 0.000700
24 -0.027656 28 0.001400
25 -0.026693 33 0.001650
26 -0.025730 22 0.001100
27 -0.024767 28 0.001400
28 -0.023804 38 0.001900
29 -0.022841 44 0.002200
30 -0.021877 52 0.002600
31 -0.020914 67 0.003350
32 -0.019951 66 0.003300
33 -0.018988 82 0.004100
34 -0.018025 121 0.006050
35 -0.017062 152 0.007600
36 -0.016099 201 0.010050
37 -0.015136 236 0.011800
38 -0.014173 305 0.015250
39 -0.013210 404 0.020200
40 -0.012247 535 0.026750
41 -0.011283 840 0.042000
42 -0.010320 1273 0.063650
43 -0.009357 1830 0.091500
44 -0.008394 2781 0.139050
45 -0.007431 3169 0.158450
46 -0.006468 2467 0.123350
47 -0.005505 1421 0.071050
48 -0.004542 959 0.047950
49 -0.003579 594 0.029700
50 -0.002616 459 0.022950
51 -0.001653 341 0.017050
52 -0.000689 265 0.013250
53 0.000274 192 0.009600
54 0.001237 160 0.008000
55 0.002200 123 0.006150
56 0.003163 94 0.004700
57 0.004126 88 0.004400
58 0.005089 70 0.003500
59 0.006052 43 0.002150
60 0.007015 50 0.002500
61 0.007978 50 0.002500
62 0.008941 33 0.001650
63 0.009905 27 0.001350
64 0.010868 14 0.000700
65 0.011831 13 0.000650
66 0.012794 14 0.000700
67 0.013757 12 0.000600
68 0.014720 15 0.000750
69 0.015683 11 0.000550
70 0.016646 7 0.000350
71 0.017609 8 0.000400
72 0.018572 4 0.000200
73 0.019535 5 0.000250
74 0.020499 3 0.000150
75 0.021462 6 0.000300
76 0.022425 7 0.000350
77 0.023388 4 0.000200
78 0.024351 1 0.000050
79 0.025314 6 0.000300
80 0.026277 3 0.000150
81 0.027240 0 0.000000
82 0.028203 4 0.000200
83 0.029166 0 0.000000
84 0.030129 1 0.000050
85 0.031093 0 0.000000
86 0.032056 0 0.000000
87 0.033019 2 0.000100
88 0.033982 1 0.000050
89 0.034945 1 0.000050
90 0.035908 0 0.000000
91 0.036871 1 0.000050
92 0.037834 1 0.000050
93 0.038797 0 0.000000
94 0.039760 1 0.000050
95 0.040723 0 0.000000
96 0.041687 0 0.000000
97 0.042650 0 0.000000
98 0.043613 0 0.000000
99 0.044576 1 0.000050
