0 -0.046359 2 0.000100
1 -0.045477 0 0.000000
2 -0.044595 1 0.000050
3 -0.043713 1 0.000050
4 -0.042831 0 0.000000
5 -0.041950 1 0.000050
6 -0.041068 3 0.000150
7 -0.040186 1 0.000050
8 -0.039304 1 0.000050
9 -0.038422 4 0.000200
10 -0.037540 2 0.000100
11 -0.036658 4 0.000200
12 -0.035776 7 0.000350
13 -0.034894 5 0.000250
14 -0.034012 5 0.000250
15 -0.033131 7 0.000350
16 -0.032249 8 0.000400
17 -0.031367 12 0.000600
18 -0.030485 11 0.000550
19 -0.029603 15 0.000750
20 -0.028721 20 0.001000
21 -0.027839 40 0.002000
22 -0.026957 42 0.002100
23 -0.026075 40 0.002000
24 -0.025194 76 0.003800
25 -0.024312 89 0.004450
26 -0.023430 110 0.005500
27 -0.022548 164 0.008200
28 -0.021666 154 0.007700
29 -0.020784 191 0.009550
30 -0.019902 204 0.010200
31 -0.019020 297 0.014850
32 -0.018138 318 0.015900
33 -0.017256 387 0.019350
34 -0.016375 443 0.022150
35 -0.015493 486 0.024300
36 -0.014611 676 0.033800
37 -0.013729 740 0.037000
38 -0.012847 845 0.042250
39 -0.011965 1110 0.055500
40 -0.011083 1434 0.071700
41 -0.010201 1899 0.094950
42 -0.009319 2154 0.107700
43 -0.008437 2044 0.102200
44 -0.007556 1495 0.074750
45 -0.006674 1063 0.053150
46 -0.005792 744 0.037200
47 -0.004910 548 0.027400
48 -0.004028 417 0.020850
49 -0.003146 345 0.017250
50 -0.002264 276 0.013800
51 -0.001382 210 0.010500
52 -0.000500 152 0.007600
53 0.000381 125 0.006250
54 0.001263 118 0.005900
55 0.002145 101 0.005050
56 0.003027 72 0.003600
57 0.003909 47 0.002350
58 0.004791 48 0.002400
59 0.005673 39 0.001950
60 0.006555 29 0.001450
61 0.007437 24 0.001200
62 0.008319 19 0.000950
63 0.009200 13 0.000650
64 0.010082 7 0.000350
65 0.010964 13 0.000650
66 0.011846 5 0.000250
67 0.012728 4 0.000200
68 0.013610 5 0.000250
69 0.014492 2 0.000100
70 0.015374 2 0.000100
71 0.016256 2 0.000100
72 0.017137 3 0.000150
73 0.018019 1 0.000050
74 0.018901 2 0.000100
75 0.019783 1 0.000050
76 0.020665 5 0.000250
77 0.021547 1 0.000050
78 0.022429 2 0.000100
79 0.023311 0 0.000000
80 0.024193 1 0.000050
81 0.025075 1 0.000050
82 0.025956 0 0.000000
83 0.026838 0 0.000000
84 0.027720 2 0.000100
85 0.028602 0 0.000000
86 0.029484 0 0.000000
87 0.030366 1 0.000050
88 0.031248 1 0.000050
89 0.032130 0 0.000000
90 0.033012 0 0.000000
91 0.033894 0 0.000000
92 0.034775 0 0.000000
93 0.035657 0 0.000000
94 0.036539 0 0.000000
95 0.037421 0 0.000000
96 0.038303 0 0.000000
97 0.039185 0 0.000000
98 0.040067 0 0.000000
99 0.040949 1 0.000050
