0 -0.464649 1 0.000017
1 -0.456461 0 0.000000
2 -0.448273 0 0.000000
3 -0.440085 0 0.000000
4 -0.431897 0 0.000000
5 -0.423709 0 0.000000
6 -0.415521 2 0.000033
7 -0.407332 0 0.000000
8 -0.399144 0 0.000000
9 -0.390956 0 0.000000
10 -0.382768 0 0.000000
11 -0.374580 1 0.000017
12 -0.366392 2 0.000033
13 -0.358204 1 0.000017
14 -0.350016 0 0.000000
15 -0.341828 1 0.000017
16 -0.333640 0 0.000000
17 -0.325452 0 0.000000
18 -0.317264 0 0.000000
19 -0.309075 1 0.000017
20 -0.300887 2 0.000033
21 -0.292699 1 0.000017
22 -0.284511 2 0.000033
23 -0.276323 6 0.000100
24 -0.268135 3 0.000050
25 -0.259947 0 0.000000
26 -0.251759 1 0.000017
27 -0.243571 0 0.000000
28 -0.235383 5 0.000083
29 -0.227195 2 0.000033
30 -0.219007 5 0.000083
31 -0.210818 9 0.000150
32 -0.202630 9 0.000150
33 -0.194442 20 0.000333
34 -0.186254 62 0.001033
35 -0.178066 77 0.001283
36 -0.169878 78 0.001300
37 -0.161690 95 0.001583
38 -0.153502 151 0.002517
39 -0.145314 204 0.003400
40 -0.137126 237 0.003950
41 -0.128938 176 0.002933
42 -0.120750 154 0.002567
43 -0.112562 173 0.002883
44 -0.104373 171 0.002850
45 -0.096185 268 0.004467
46 -0.087997 705 0.011750
47 -0.079809 658 0.010967
48 -0.071621 483 0.008050
49 -0.063433 372 0.006200
50 -0.055245 474 0.007900
51 -0.047057 681 0.011350
52 -0.038869 685 0.011417
53 -0.030681 1211 0.020183
54 -0.022493 4515 0.075250
55 -0.014305 26982 0.449700
56 -0.006117 12810 0.213500
57 0.002072 1680 0.028000
58 0.010260 991 0.016517
59 0.018448 990 0.016500
60 0.026636 675 0.011250
61 0.034824 380 0.006333
62 0.043012 443 0.007383
63 0.051200 473 0.007883
64 0.059388 501 0.008350
65 0.067576 346 0.005767
66 0.075764 247 0.004117
67 0.083952 186 0.003100
68 0.092140 184 0.003067
69 0.100329 156 0.002600
70 0.108517 284 0.004733
71 0.116705 342 0.005700
72 0.124893 150 0.002500
73 0.133081 85 0.001417
74 0.141269 80 0.001333
75 0.149457 98 0.001633
76 0.157645 79 0.001317
77 0.165833 50 0.000833
78 0.174021 21 0.000350
79 0.182209 13 0.000217
80 0.190397 3 0.000050
81 0.198585 12 0.000200
82 0.206774 8 0.000133
83 0.214962 10 0.000167
84 0.223150 3 0.000050
85 0.231338 0 0.000000
86 0.239526 3 0.000050
87 0.247714 1 0.000017
88 0.255902 0 0.000000
89 0.264090 3 0.000050
90 0.272278 1 0.000017
91 0.280466 0 0.000000
92 0.288654 0 0.000000
93 0.296842 0 0.000000
94 0.305031 4 0.000067
95 0.313219 1 0.000017
96 0.321407 0 0.000000
97 0.329595 0 0.000000
98 0.337783 0 0.000000
99 0.345971 1 0.000017
