0 0.000000 51766 0.862767
1 0.002181 2163 0.036050
2 0.004362 1700 0.028333
3 0.006542 1066 0.017767
4 0.008723 512 0.008533
5 0.010904 464 0.007733
6 0.013085 563 0.009383
7 0.015266 403 0.006717
8 0.017446 312 0.005200
9 0.019627 215 0.003583
10 0.021808 231 0.003850
11 0.023989 148 0.002467
12 0.026170 111 0.001850
13 0.028350 111 0.001850
14 0.030531 58 0.000967
15 0.032712 46 0.000767
16 0.034893 28 0.000467
17 0.037074 4 0.000067
18 0.039254 19 0.000317
19 0.041435 8 0.000133
20 0.043616 11 0.000183
21 0.045797 6 0.000100
22 0.047977 9 0.000150
23 0.050158 4 0.000067
24 0.052339 2 0.000033
25 0.054520 2 0.000033
26 0.056701 1 0.000017
27 0.058881 2 0.000033
28 0.061062 2 0.000033
29 0.063243 0 0.000000
30 0.065424 0 0.000000
31 0.067605 0 0.000000
32 0.069785 5 0.000083
33 0.071966 5 0.000083
34 0.074147 3 0.000050
35 0.076328 2 0.000033
36 0.078509 0 0.000000
37 0.080689 1 0.000017
38 0.082870 0 0.000000
39 0.085051 0 0.000000
40 0.087232 2 0.000033
41 0.089413 0 0.000000
42 0.091593 1 0.000017
43 0.093774 1 0.000017
44 0.095955 3 0.000050
45 0.098136 1 0.000017
46 0.100317 0 0.000000
47 0.102497 0 0.000000
48 0.104678 0 0.000000
49 0.106859 0 0.000000
50 0.109040 0 0.000000
51 0.111221 1 0.000017
52 0.113401 0 0.000000
53 0.115582 0 0.000000
54 0.117763 1 0.000017
55 0.119944 0 0.000000
56 0.122125 0 0.000000
57 0.124305 1 0.000017
58 0.126486 1 0.000017
59 0.128667 0 0.000000
60 0.130848 1 0.000017
61 0.133028 0 0.000000
62 0.135209 1 0.000017
63 0.137390 0 0.000000
64 0.139571 0 0.000000
65 0.141752 0 0.000000
66 0.143932 0 0.000000
67 0.146113 0 0.000000
68 0.148294 0 0.000000
69 0.150475 0 0.000000
70 0.152656 0 0.000000
71 0.154836 0 0.000000
72 0.157017 0 0.000000
73 0.159198 0 0.000000
74 0.161379 0 0.000000
75 0.163560 0 0.000000
76 0.165740 0 0.000000
77 0.167921 1 0.000017
78 0.170102 1 0.000017
79 0.172283 0 0.000000
80 0.174464 0 0.000000
81 0.176644 0 0.000000
82 0.178825 0 0.000000
83 0.181006 0 0.000000
84 0.183187 0 0.000000
85 0.185368 0 0.000000
86 0.187548 0 0.000000
87 0.189729 0 0.000000
88 0.191910 0 0.000000
89 0.194091 0 0.000000
90 0.196272 0 0.000000
91 0.198452 0 0.000000
92 0.200633 0 0.000000
93 0.202814 0 0.000000
94 0.204995 0 0.000000
95 0.207176 0 0.000000
96 0.209356 0 0.000000
97 0.211537 0 0.000000
98 0.213718 1 0.000017
99 0.215899 0 0.000000
