0 -0.464649 1 0.000050
1 -0.456461 0 0.000000
2 -0.448273 0 0.000000
3 -0.440085 0 0.000000
4 -0.431897 0 0.000000
5 -0.423709 0 0.000000
6 -0.415521 2 0.000100
7 -0.407332 0 0.000000
8 -0.399144 0 0.000000
9 -0.390956 0 0.000000
10 -0.382768 0 0.000000
11 -0.374580 1 0.000050
12 -0.366392 2 0.000100
13 -0.358204 1 0.000050
14 -0.350016 0 0.000000
15 -0.341828 1 0.000050
16 -0.333640 0 0.000000
17 -0.325452 0 0.000000
18 -0.317264 0 0.000000
19 -0.309075 1 0.000050
20 -0.300887 2 0.000100
21 -0.292699 1 0.000050
22 -0.284511 2 0.000100
23 -0.276323 6 0.000300
24 -0.268135 3 0.000150
25 -0.259947 0 0.000000
26 -0.251759 1 0.000050
27 -0.243571 0 0.000000
28 -0.235383 5 0.000250
29 -0.227195 2 0.000100
30 -0.219007 5 0.000250
31 -0.210818 9 0.000450
32 -0.202630 9 0.000450
33 -0.194442 20 0.001000
34 -0.186254 62 0.003100
35 -0.178066 77 0.003850
36 -0.169878 78 0.003900
37 -0.161690 95 0.004750
38 -0.153502 151 0.007550
39 -0.145314 204 0.010200
40 -0.137126 237 0.011850
41 -0.128938 176 0.008800
42 -0.120750 154 0.007700
43 -0.112562 173 0.008650
44 -0.104373 171 0.008550
45 -0.096185 268 0.013400
46 -0.087997 705 0.035250
47 -0.079809 658 0.032900
48 -0.071621 483 0.024150
49 -0.063433 372 0.018600
50 -0.055245 470 0.023500
51 -0.047057 658 0.032900
52 -0.038869 588 0.029400
53 -0.030681 538 0.026900
54 -0.022493 705 0.035250
55 -0.014305 1907 0.095350
56 -0.006117 3694 0.184700
57 0.002072 699 0.034950
58 0.010260 841 0.042050
59 0.018448 939 0.046950
60 0.026636 661 0.033050
61 0.034824 375 0.018750
62 0.043012 442 0.022100
63 0.051200 473 0.023650
64 0.059388 501 0.025050
65 0.067576 346 0.017300
66 0.075764 247 0.012350
67 0.083952 186 0.009300
68 0.092140 184 0.009200
69 0.100329 156 0.007800
70 0.108517 284 0.014200
71 0.116705 342 0.017100
72 0.124893 150 0.007500
73 0.133081 85 0.004250
74 0.141269 80 0.004000
75 0.149457 98 0.004900
76 0.157645 79 0.003950
77 0.165833 50 0.002500
78 0.174021 21 0.001050
79 0.182209 13 0.000650
80 0.190397 3 0.000150
81 0.198585 12 0.000600
82 0.206774 8 0.000400
83 0.214962 10 0.000500
84 0.223150 3 0.000150
85 0.231338 0 0.000000
86 0.239526 3 0.000150
87 0.247714 1 0.000050
88 0.255902 0 0.000000
89 0.264090 3 0.000150
90 0.272278 1 0.000050
91 0.280466 0 0.000000
92 0.288654 0 0.000000
93 0.296842 0 0.000000
94 0.305031 4 0.000200
95 0.313219 1 0.000050
96 0.321407 0 0.000000
97 0.329595 0 0.000000
98 0.337783 0 0.000000
99 0.345971 1 0.000050
