0 0.431185 3 0.000150
1 0.432953 1 0.000050
2 0.434721 2 0.000100
3 0.436488 4 0.000200
4 0.438256 7 0.000350
5 0.440024 6 0.000300
6 0.441792 4 0.000200
7 0.443559 11 0.000550
8 0.445327 14 0.000700
9 0.447095 15 0.000750
10 0.448863 15 0.000750
11 0.450631 21 0.001050
12 0.452398 15 0.000750
13 0.454166 11 0.000550
14 0.455934 22 0.001100
15 0.457702 22 0.001100
16 0.459469 12 0.000600
17 0.461237 29 0.001450
18 0.463005 45 0.002250
19 0.464773 22 0.001100
20 0.466541 21 0.001050
21 0.468308 34 0.001700
22 0.470076 55 0.002750
23 0.471844 45 0.002250
24 0.473612 34 0.001700
25 0.475379 46 0.002300
26 0.477147 59 0.002950
27 0.478915 62 0.003100
28 0.480683 91 0.004550
29 0.482451 86 0.004300
30 0.484218 104 0.005200
31 0.485986 110 0.005500
32 0.487754 152 0.007600
33 0.489522 170 0.008500
34 0.491290 200 0.010000
35 0.493057 236 0.011800
36 0.494825 332 0.016600
37 0.496593 353 0.017650
38 0.498361 411 0.020550
39 0.500128 570 0.028500
40 0.501896 646 0.032300
41 0.503664 1365 0.068250
42 0.505432 2251 0.112550
43 0.507200 2688 0.134400
44 0.508967 2242 0.112100
45 0.510735 1726 0.086300
46 0.512503 1464 0.073200
47 0.514271 837 0.041850
48 0.516038 610 0.030500
49 0.517806 391 0.019550
50 0.519574 275 0.013750
51 0.521342 282 0.014100
52 0.523110 217 0.010850
53 0.524877 177 0.008850
54 0.526645 135 0.006750
55 0.528413 124 0.006200
56 0.530181 82 0.004100
57 0.531948 99 0.004950
58 0.533716 56 0.002800
59 0.535484 88 0.004400
60 0.537252 77 0.003850
61 0.539020 65 0.003250
62 0.540787 72 0.003600
63 0.542555 40 0.002000
64 0.544323 27 0.001350
65 0.546091 27 0.001350
66 0.547858 50 0.002500
67 0.549626 49 0.002450
68 0.551394 34 0.001700
69 0.553162 31 0.001550
70 0.554930 41 0.002050
71 0.556697 35 0.001750
72 0.558465 22 0.001100
73 0.560233 3 0.000150
74 0.562001 8 0.000400
75 0.563769 8 0.000400
76 0.565536 11 0.000550
77 0.567304 9 0.000450
78 0.569072 12 0.000600
79 0.570840 12 0.000600
80 0.572607 21 0.001050
81 0.574375 11 0.000550
82 0.576143 16 0.000800
83 0.577911 20 0.001000
84 0.579679 14 0.000700
85 0.581446 6 0.000300
86 0.583214 6 0.000300
87 0.584982 11 0.000550
88 0.586750 8 0.000400
89 0.588517 13 0.000650
90 0.590285 6 0.000300
91 0.592053 6 0.000300
92 0.593821 2 0.000100
93 0.595589 2 0.000100
94 0.597356 4 0.000200
95 0.599124 3 0.000150
96 0.600892 5 0.000250
97 0.602660 2 0.000100
98 0.604427 3 0.000150
99 0.606195 1 0.000050
