0 0.001363 2 0.000100
1 0.011417 4 0.000200
2 0.021471 3 0.000150
3 0.031525 2 0.000100
4 0.041579 14 0.000700
5 0.051633 7 0.000350
6 0.061687 12 0.000600
7 0.071741 10 0.000500
8 0.081795 9 0.000450
9 0.091849 5 0.000250
10 0.101903 11 0.000550
11 0.111957 16 0.000800
12 0.122011 12 0.000600
13 0.132065 7 0.000350
14 0.142119 16 0.000800
15 0.152173 16 0.000800
16 0.162227 11 0.000550
17 0.172281 21 0.001050
18 0.182335 22 0.001100
19 0.192389 27 0.001350
20 0.202443 35 0.001750
21 0.212497 22 0.001100
22 0.222551 33 0.001650
23 0.232605 29 0.001450
24 0.242659 30 0.001500
25 0.252713 37 0.001850
26 0.262767 32 0.001600
27 0.272821 42 0.002100
28 0.282875 55 0.002750
29 0.292929 78 0.003900
30 0.302983 63 0.003150
31 0.313037 72 0.003600
32 0.323091 79 0.003950
33 0.333145 93 0.004650
34 0.343199 108 0.005400
35 0.353253 95 0.004750
36 0.363307 87 0.004350
37 0.373360 131 0.006550
38 0.383414 154 0.007700
39 0.393468 170 0.008500
40 0.403522 201 0.010050
41 0.413576 228 0.011400
42 0.423630 268 0.013400
43 0.433684 355 0.017750
44 0.443738 388 0.019400
45 0.453792 536 0.026800
46 0.463846 641 0.032050
47 0.473900 807 0.040350
48 0.483954 1349 0.067450
49 0.494008 2642 0.132100
50 0.504062 3338 0.166900
51 0.514116 1866 0.093300
52 0.524170 1113 0.055650
53 0.534224 737 0.036850
54 0.544278 524 0.026200
55 0.554332 411 0.020550
56 0.564386 379 0.018950
57 0.574440 356 0.017800
58 0.584494 295 0.014750
59 0.594548 216 0.010800
60 0.604602 174 0.008700
61 0.614656 141 0.007050
62 0.624710 150 0.007500
63 0.634764 130 0.006500
64 0.644818 116 0.005800
65 0.654872 90 0.004500
66 0.664926 86 0.004300
67 0.674980 82 0.004100
68 0.685034 98 0.004900
69 0.695088 54 0.002700
70 0.705142 47 0.002350
71 0.715196 54 0.002700
72 0.725250 38 0.001900
73 0.735304 24 0.001200
74 0.745358 32 0.001600
75 0.755412 31 0.001550
76 0.765466 30 0.001500
77 0.775520 31 0.001550
78 0.785574 24 0.001200
79 0.795628 24 0.001200
80 0.805682 19 0.000950
81 0.815736 20 0.001000
82 0.825790 19 0.000950
83 0.835844 17 0.000850
84 0.845898 13 0.000650
85 0.855952 23 0.001150
86 0.866006 16 0.000800
87 0.876060 9 0.000450
88 0.886114 1 0.000050
89 0.896168 13 0.000650
90 0.906222 13 0.000650
91 0.916276 7 0.000350
92 0.926329 10 0.000500
93 0.936383 9 0.000450
94 0.946437 9 0.000450
95 0.956491 12 0.000600
96 0.966545 4 0.000200
97 0.976599 2 0.000100
98 0.986653 5 0.000250
99 0.996707 1 0.000050
