0 0.014505 10 0.000500
1 0.024456 10 0.000500
2 0.034408 2 0.000100
3 0.044359 3 0.000150
4 0.054310 4 0.000200
5 0.064261 2 0.000100
6 0.074213 3 0.000150
7 0.084164 8 0.000400
8 0.094115 5 0.000250
9 0.104067 5 0.000250
10 0.114018 4 0.000200
11 0.123969 5 0.000250
12 0.133920 5 0.000250
13 0.143872 1 0.000050
14 0.153823 7 0.000350
15 0.163774 5 0.000250
16 0.173725 3 0.000150
17 0.183677 2 0.000100
18 0.193628 4 0.000200
19 0.203579 2 0.000100
20 0.213530 4 0.000200
21 0.223482 0 0.000000
22 0.233433 6 0.000300
23 0.243384 20 0.001000
24 0.253335 29 0.001450
25 0.263287 28 0.001400
26 0.273238 39 0.001950
27 0.283189 32 0.001600
28 0.293140 37 0.001850
29 0.303092 36 0.001800
30 0.313043 143 0.007150
31 0.322994 133 0.006650
32 0.332946 172 0.008600
33 0.342897 100 0.005000
34 0.352848 21 0.001050
35 0.362799 29 0.001450
36 0.372751 25 0.001250
37 0.382702 15 0.000750
38 0.392653 14 0.000700
39 0.402604 20 0.001000
40 0.412556 26 0.001300
41 0.422507 33 0.001650
42 0.432458 42 0.002100
43 0.442409 40 0.002000
44 0.452361 60 0.003000
45 0.462312 54 0.002700
46 0.472263 84 0.004200
47 0.482214 97 0.004850
48 0.492166 127 0.006350
49 0.502117 128 0.006400
50 0.512068 141 0.007050
51 0.522020 183 0.009150
52 0.531971 214 0.010700
53 0.541922 304 0.015200
54 0.551873 419 0.020950
55 0.561825 560 0.028000
56 0.571776 1031 0.051550
57 0.581727 2036 0.101800
58 0.591678 2749 0.137450
59 0.601630 1379 0.068950
60 0.611581 862 0.043100
61 0.621532 745 0.037250
62 0.631483 463 0.023150
63 0.641435 346 0.017300
64 0.651386 291 0.014550
65 0.661337 257 0.012850
66 0.671288 191 0.009550
67 0.681240 185 0.009250
68 0.691191 183 0.009150
69 0.701142 147 0.007350
70 0.711093 147 0.007350
71 0.721045 146 0.007300
72 0.730996 148 0.007400
73 0.740947 166 0.008300
74 0.750899 163 0.008150
75 0.760850 177 0.008850
76 0.770801 200 0.010000
77 0.780752 175 0.008750
78 0.790704 192 0.009600
79 0.800655 152 0.007600
80 0.810606 198 0.009900
81 0.820557 241 0.012050
82 0.830509 249 0.012450
83 0.840460 216 0.010800
84 0.850411 296 0.014800
85 0.860362 438 0.021900
86 0.870314 381 0.019050
87 0.880265 375 0.018750
88 0.890216 259 0.012950
89 0.900167 221 0.011050
90 0.910119 257 0.012850
91 0.920070 330 0.016500
92 0.930021 204 0.010200
93 0.939973 150 0.007500
94 0.949924 55 0.002750
95 0.959875 41 0.002050
96 0.969826 34 0.001700
97 0.979778 15 0.000750
98 0.989729 3 0.000150
99 0.999680 1 0.000050
