0 0.005290 4 0.000067
1 0.015334 9 0.000150
2 0.025378 17 0.000283
3 0.035423 8 0.000133
4 0.045467 20 0.000333
5 0.055511 15 0.000250
6 0.065556 7 0.000117
7 0.075600 16 0.000267
8 0.085645 14 0.000233
9 0.095689 15 0.000250
10 0.105733 18 0.000300
11 0.115778 15 0.000250
12 0.125822 18 0.000300
13 0.135866 17 0.000283
14 0.145911 14 0.000233
15 0.155955 25 0.000417
16 0.165999 20 0.000333
17 0.176044 20 0.000333
18 0.186088 25 0.000417
19 0.196132 30 0.000500
20 0.206177 38 0.000633
21 0.216221 47 0.000783
22 0.226265 38 0.000633
23 0.236310 37 0.000617
24 0.246354 70 0.001167
25 0.256398 69 0.001150
26 0.266443 58 0.000967
27 0.276487 94 0.001567
28 0.286531 103 0.001717
29 0.296576 114 0.001900
30 0.306620 192 0.003200
31 0.316664 242 0.004033
32 0.326709 412 0.006867
33 0.336753 288 0.004800
34 0.346798 253 0.004217
35 0.356842 280 0.004667
36 0.366886 481 0.008017
37 0.376931 411 0.006850
38 0.386975 402 0.006700
39 0.397019 446 0.007433
40 0.407064 640 0.010667
41 0.417108 864 0.014400
42 0.427152 1348 0.022467
43 0.437197 896 0.014933
44 0.447241 1040 0.017333
45 0.457285 1423 0.023717
46 0.467330 1931 0.032183
47 0.477374 2178 0.036300
48 0.487418 3622 0.060367
49 0.497463 7887 0.131450
50 0.507507 2902 0.048367
51 0.517551 2143 0.035717
52 0.527596 2212 0.036867
53 0.537640 1325 0.022083
54 0.547684 1356 0.022600
55 0.557729 1480 0.024667
56 0.567773 1817 0.030283
57 0.577817 2350 0.039167
58 0.587862 3224 0.053733
59 0.597906 2337 0.038950
60 0.607950 1379 0.022983
61 0.617995 1243 0.020717
62 0.628039 1046 0.017433
63 0.638084 566 0.009433
64 0.648128 532 0.008867
65 0.658172 443 0.007383
66 0.668217 411 0.006850
67 0.678261 312 0.005200
68 0.688305 271 0.004517
69 0.698350 242 0.004033
70 0.708394 199 0.003317
71 0.718438 182 0.003033
72 0.728483 175 0.002917
73 0.738527 210 0.003500
74 0.748571 184 0.003067
75 0.758616 206 0.003433
76 0.768660 230 0.003833
77 0.778704 207 0.003450
78 0.788749 232 0.003867
79 0.798793 174 0.002900
80 0.808837 206 0.003433
81 0.818882 245 0.004083
82 0.828926 288 0.004800
83 0.838970 231 0.003850
84 0.849015 311 0.005183
85 0.859059 418 0.006967
86 0.869103 408 0.006800
87 0.879148 404 0.006733
88 0.889192 273 0.004550
89 0.899237 223 0.003717
90 0.909281 274 0.004567
91 0.919325 344 0.005733
92 0.929370 211 0.003517
93 0.939414 178 0.002967
94 0.949458 61 0.001017
95 0.959503 43 0.000717
96 0.969547 42 0.000700
97 0.979591 15 0.000250
98 0.989636 3 0.000050
99 0.999680 1 0.000017
