0 0.012166 2 0.000100
1 0.021934 5 0.000250
2 0.031703 6 0.000300
3 0.041471 7 0.000350
4 0.051239 18 0.000900
5 0.061007 7 0.000350
6 0.070776 7 0.000350
7 0.080544 9 0.000450
8 0.090312 8 0.000400
9 0.100080 8 0.000400
10 0.109849 14 0.000700
11 0.119617 10 0.000500
12 0.129385 12 0.000600
13 0.139153 11 0.000550
14 0.148922 6 0.000300
15 0.158690 19 0.000950
16 0.168458 18 0.000900
17 0.178226 19 0.000950
18 0.187995 21 0.001050
19 0.197763 25 0.001250
20 0.207531 35 0.001750
21 0.217299 35 0.001750
22 0.227068 29 0.001450
23 0.236836 32 0.001600
24 0.246604 34 0.001700
25 0.256372 39 0.001950
26 0.266141 30 0.001500
27 0.275909 51 0.002550
28 0.285677 62 0.003100
29 0.295445 70 0.003500
30 0.305214 61 0.003050
31 0.314982 79 0.003950
32 0.324750 77 0.003850
33 0.334518 124 0.006200
34 0.344287 86 0.004300
35 0.354055 74 0.003700
36 0.363823 128 0.006400
37 0.373591 126 0.006300
38 0.383360 160 0.008000
39 0.393128 170 0.008500
40 0.402896 220 0.011000
41 0.412665 253 0.012650
42 0.422433 298 0.014900
43 0.432201 387 0.019350
44 0.441969 409 0.020450
45 0.451738 599 0.029950
46 0.461506 720 0.036000
47 0.471274 988 0.049400
48 0.481042 1720 0.086000
49 0.490811 3099 0.154950
50 0.500579 2756 0.137800
51 0.510347 1560 0.078000
52 0.520115 945 0.047250
53 0.529884 665 0.033250
54 0.539652 493 0.024650
55 0.549420 362 0.018100
56 0.559188 395 0.019750
57 0.568957 328 0.016400
58 0.578725 254 0.012700
59 0.588493 195 0.009750
60 0.598261 154 0.007700
61 0.608030 149 0.007450
62 0.617798 137 0.006850
63 0.627566 118 0.005900
64 0.637334 113 0.005650
65 0.647103 105 0.005250
66 0.656871 78 0.003900
67 0.666639 80 0.004000
68 0.676407 84 0.004200
69 0.686176 61 0.003050
70 0.695944 49 0.002450
71 0.705712 42 0.002100
72 0.715480 39 0.001950
73 0.725249 25 0.001250
74 0.735017 25 0.001250
75 0.744785 40 0.002000
76 0.754553 34 0.001700
77 0.764322 35 0.001750
78 0.774090 17 0.000850
79 0.783858 20 0.001000
80 0.793626 15 0.000750
81 0.803395 14 0.000700
82 0.813163 22 0.001100
83 0.822931 21 0.001050
84 0.832700 17 0.000850
85 0.842468 14 0.000700
86 0.852236 17 0.000850
87 0.862004 7 0.000350
88 0.871773 8 0.000400
89 0.881541 7 0.000350
90 0.891309 14 0.000700
91 0.901077 10 0.000500
92 0.910846 10 0.000500
93 0.920614 9 0.000450
94 0.930382 6 0.000300
95 0.940150 9 0.000450
96 0.949919 6 0.000300
97 0.959687 2 0.000100
98 0.969455 5 0.000250
99 0.979223 2 0.000100
