0 0.001363 2 0.000033
1 0.011612 13 0.000217
2 0.021862 10 0.000167
3 0.032111 10 0.000167
4 0.042360 20 0.000333
5 0.052609 8 0.000133
6 0.062858 21 0.000350
7 0.073107 14 0.000233
8 0.083357 13 0.000217
9 0.093606 12 0.000200
10 0.103855 13 0.000217
11 0.114104 22 0.000367
12 0.124353 14 0.000233
13 0.134603 15 0.000250
14 0.144852 18 0.000300
15 0.155101 21 0.000350
16 0.165350 20 0.000333
17 0.175599 25 0.000417
18 0.185849 23 0.000383
19 0.196098 32 0.000533
20 0.206347 39 0.000650
21 0.216596 30 0.000500
22 0.226845 39 0.000650
23 0.237094 34 0.000567
24 0.247344 65 0.001083
25 0.257593 68 0.001133
26 0.267842 57 0.000950
27 0.278091 74 0.001233
28 0.288340 121 0.002017
29 0.298590 106 0.001767
30 0.308839 136 0.002267
31 0.319088 191 0.003183
32 0.329337 293 0.004883
33 0.339586 261 0.004350
34 0.349835 143 0.002383
35 0.360085 94 0.001567
36 0.370334 162 0.002700
37 0.380583 172 0.002867
38 0.390832 186 0.003100
39 0.401081 207 0.003450
40 0.411331 275 0.004583
41 0.421580 272 0.004533
42 0.431829 395 0.006583
43 0.442078 529 0.008817
44 0.452327 647 0.010783
45 0.462577 910 0.015167
46 0.472826 1226 0.020433
47 0.483075 2219 0.036983
48 0.493324 5187 0.086450
49 0.503573 15033 0.250550
50 0.513822 4880 0.081333
51 0.524072 2030 0.033833
52 0.534321 1346 0.022433
53 0.544570 1009 0.016817
54 0.554819 902 0.015033
55 0.565068 911 0.015183
56 0.575318 1118 0.018633
57 0.585567 2069 0.034483
58 0.595816 2777 0.046283
59 0.606065 2220 0.037000
60 0.616314 1234 0.020567
61 0.626564 875 0.014583
62 0.636813 688 0.011467
63 0.647062 468 0.007800
64 0.657311 427 0.007117
65 0.667560 366 0.006100
66 0.677809 306 0.005100
67 0.688059 259 0.004317
68 0.698308 243 0.004050
69 0.708557 220 0.003667
70 0.718806 195 0.003250
71 0.729055 171 0.002850
72 0.739305 164 0.002733
73 0.749554 214 0.003567
74 0.759803 177 0.002950
75 0.770052 206 0.003433
76 0.780301 199 0.003317
77 0.790551 236 0.003933
78 0.800800 245 0.004083
79 0.811049 158 0.002633
80 0.821298 194 0.003233
81 0.831547 242 0.004033
82 0.841796 278 0.004633
83 0.852046 259 0.004317
84 0.862295 313 0.005217
85 0.872544 361 0.006017
86 0.882793 447 0.007450
87 0.893042 403 0.006717
88 0.903292 276 0.004600
89 0.913541 203 0.003383
90 0.923790 288 0.004800
91 0.934039 311 0.005183
92 0.944288 281 0.004683
93 0.954538 161 0.002683
94 0.964787 62 0.001033
95 0.975036 40 0.000667
96 0.985285 32 0.000533
97 0.995534 27 0.000450
98 1.005783 11 0.000183
99 1.016033 1 0.000017
