0 0.005290 1 0.000050
1 0.014326 0 0.000000
2 0.023361 0 0.000000
3 0.032397 0 0.000000
4 0.041433 0 0.000000
5 0.050469 1 0.000050
6 0.059505 0 0.000000
7 0.068540 0 0.000000
8 0.077576 0 0.000000
9 0.086612 0 0.000000
10 0.095648 0 0.000000
11 0.104684 2 0.000100
12 0.113719 1 0.000050
13 0.122755 2 0.000100
14 0.131791 1 0.000050
15 0.140827 0 0.000000
16 0.149863 0 0.000000
17 0.158899 0 0.000000
18 0.167934 0 0.000000
19 0.176970 0 0.000000
20 0.186006 0 0.000000
21 0.195042 1 0.000050
22 0.204078 0 0.000000
23 0.213113 4 0.000200
24 0.222149 9 0.000450
25 0.231185 2 0.000100
26 0.240221 3 0.000150
27 0.249257 0 0.000000
28 0.258292 0 0.000000
29 0.267328 0 0.000000
30 0.276364 2 0.000100
31 0.285400 3 0.000150
32 0.294436 10 0.000500
33 0.303472 13 0.000650
34 0.312507 45 0.002250
35 0.321543 82 0.004100
36 0.330579 76 0.003800
37 0.339615 58 0.002900
38 0.348651 98 0.004900
39 0.357686 148 0.007400
40 0.366722 272 0.013600
41 0.375758 248 0.012400
42 0.384794 218 0.010900
43 0.393830 168 0.008400
44 0.402865 274 0.013700
45 0.411901 386 0.019300
46 0.420937 774 0.038700
47 0.429973 684 0.034200
48 0.439009 391 0.019550
49 0.448045 412 0.020600
50 0.457080 618 0.030900
51 0.466116 898 0.044900
52 0.475152 597 0.029850
53 0.484188 682 0.034100
54 0.493224 1185 0.059250
55 0.502259 4071 0.203550
56 0.511295 771 0.038550
57 0.520331 876 0.043800
58 0.529367 1117 0.055850
59 0.538403 446 0.022300
60 0.547438 518 0.025900
61 0.556474 536 0.026800
62 0.565510 656 0.032800
63 0.574546 451 0.022550
64 0.583582 311 0.015550
65 0.592618 229 0.011450
66 0.601653 276 0.013800
67 0.610689 195 0.009750
68 0.619725 308 0.015400
69 0.628761 322 0.016100
70 0.637797 92 0.004600
71 0.646832 82 0.004100
72 0.655868 106 0.005300
73 0.664904 66 0.003300
74 0.673940 94 0.004700
75 0.682976 33 0.001650
76 0.692011 18 0.000900
77 0.701047 26 0.001300
78 0.710083 9 0.000450
79 0.719119 2 0.000100
80 0.728155 1 0.000050
81 0.737190 0 0.000000
82 0.746226 0 0.000000
83 0.755262 0 0.000000
84 0.764298 1 0.000050
85 0.773334 2 0.000100
86 0.782369 3 0.000150
87 0.791405 6 0.000300
88 0.800441 5 0.000250
89 0.809477 1 0.000050
90 0.818513 0 0.000000
91 0.827549 0 0.000000
92 0.836584 0 0.000000
93 0.845620 0 0.000000
94 0.854656 0 0.000000
95 0.863692 0 0.000000
96 0.872728 0 0.000000
97 0.881763 0 0.000000
98 0.890799 0 0.000000
99 0.899835 1 0.000050
