0 0.015619 12 0.000600
1 0.025724 6 0.000300
2 0.035829 5 0.000250
3 0.045934 5 0.000250
4 0.056040 8 0.000400
5 0.066145 4 0.000200
6 0.076250 5 0.000250
7 0.086355 2 0.000100
8 0.096460 6 0.000300
9 0.106566 4 0.000200
10 0.116671 4 0.000200
11 0.126776 5 0.000250
12 0.136881 4 0.000200
13 0.146986 3 0.000150
14 0.157092 5 0.000250
15 0.167197 6 0.000300
16 0.177302 2 0.000100
17 0.187407 3 0.000150
18 0.197512 0 0.000000
19 0.207617 2 0.000100
20 0.217723 3 0.000150
21 0.227828 6 0.000300
22 0.237933 12 0.000600
23 0.248038 25 0.001250
24 0.258143 37 0.001850
25 0.268249 19 0.000950
26 0.278354 26 0.001300
27 0.288459 39 0.001950
28 0.298564 44 0.002200
29 0.308669 65 0.003250
30 0.318775 105 0.005250
31 0.328880 210 0.010500
32 0.338985 145 0.007250
33 0.349090 50 0.002500
34 0.359195 16 0.000800
35 0.369301 32 0.001600
36 0.379406 20 0.001000
37 0.389511 17 0.000850
38 0.399616 12 0.000600
39 0.409721 24 0.001200
40 0.419826 32 0.001600
41 0.429932 25 0.001250
42 0.440037 39 0.001950
43 0.450142 55 0.002750
44 0.460247 47 0.002350
45 0.470352 65 0.003250
46 0.480458 82 0.004100
47 0.490563 96 0.004800
48 0.500668 131 0.006550
49 0.510773 146 0.007300
50 0.520878 123 0.006150
51 0.530984 220 0.011000
52 0.541089 235 0.011750
53 0.551194 302 0.015100
54 0.561299 432 0.021600
55 0.571404 546 0.027300
56 0.581509 1199 0.059950
57 0.591615 2388 0.119400
58 0.601720 2352 0.117600
59 0.611825 1402 0.070100
60 0.621930 825 0.041250
61 0.632035 684 0.034200
62 0.642141 374 0.018700
63 0.652246 354 0.017700
64 0.662351 294 0.014700
65 0.672456 235 0.011750
66 0.682561 190 0.009500
67 0.692667 193 0.009650
68 0.702772 178 0.008900
69 0.712877 159 0.007950
70 0.722982 149 0.007450
71 0.733087 131 0.006550
72 0.743192 142 0.007100
73 0.753298 162 0.008100
74 0.763403 156 0.007800
75 0.773508 187 0.009350
76 0.783613 182 0.009100
77 0.793718 198 0.009900
78 0.803824 192 0.009600
79 0.813929 152 0.007600
80 0.824034 172 0.008600
81 0.834139 248 0.012400
82 0.844244 247 0.012350
83 0.854350 252 0.012600
84 0.864455 271 0.013550
85 0.874560 407 0.020350
86 0.884665 421 0.021050
87 0.894770 375 0.018750
88 0.904875 230 0.011500
89 0.914981 196 0.009800
90 0.925086 283 0.014150
91 0.935191 310 0.015500
92 0.945296 240 0.012000
93 0.955401 141 0.007050
94 0.965507 54 0.002700
95 0.975612 39 0.001950
96 0.985717 29 0.001450
97 0.995822 22 0.001100
98 1.005927 10 0.000500
99 1.016033 1 0.000050
