0 -0.160769 2 0.000100
1 -0.157031 4 0.000200
2 -0.153294 0 0.000000
3 -0.149557 3 0.000150
4 -0.145820 6 0.000300
5 -0.142082 1 0.000050
6 -0.138345 3 0.000150
7 -0.134608 3 0.000150
8 -0.130871 3 0.000150
9 -0.127134 3 0.000150
10 -0.123396 2 0.000100
11 -0.119659 3 0.000150
12 -0.115922 1 0.000050
13 -0.112185 2 0.000100
14 -0.108448 4 0.000200
15 -0.104710 2 0.000100
16 -0.100973 6 0.000300
17 -0.097236 7 0.000350
18 -0.093499 6 0.000300
19 -0.089762 5 0.000250
20 -0.086024 6 0.000300
21 -0.082287 4 0.000200
22 -0.078550 10 0.000500
23 -0.074813 10 0.000500
24 -0.071075 17 0.000850
25 -0.067338 29 0.001450
26 -0.063601 35 0.001750
27 -0.059864 25 0.001250
28 -0.056127 37 0.001850
29 -0.052389 41 0.002050
30 -0.048652 45 0.002250
31 -0.044915 71 0.003550
32 -0.041178 80 0.004000
33 -0.037441 105 0.005250
34 -0.033703 138 0.006900
35 -0.029966 227 0.011350
36 -0.026229 331 0.016550
37 -0.022492 477 0.023850
38 -0.018754 766 0.038300
39 -0.015017 1165 0.058250
40 -0.011280 1878 0.093900
41 -0.007543 3049 0.152450
42 -0.003806 4723 0.236150
43 -0.000068 2888 0.144400
44 0.003669 1270 0.063500
45 0.007406 654 0.032700
46 0.011143 547 0.027350
47 0.014880 325 0.016250
48 0.018618 206 0.010300
49 0.022355 180 0.009000
50 0.026092 141 0.007050
51 0.029829 87 0.004350
52 0.033566 57 0.002850
53 0.037304 35 0.001750
54 0.041041 53 0.002650
55 0.044778 37 0.001850
56 0.048515 30 0.001500
57 0.052253 41 0.002050
58 0.055990 11 0.000550
59 0.059727 10 0.000500
60 0.063464 10 0.000500
61 0.067201 7 0.000350
62 0.070939 7 0.000350
63 0.074676 17 0.000850
64 0.078413 8 0.000400
65 0.082150 5 0.000250
66 0.085887 1 0.000050
67 0.089625 2 0.000100
68 0.093362 1 0.000050
69 0.097099 4 0.000200
70 0.100836 1 0.000050
71 0.104574 1 0.000050
72 0.108311 1 0.000050
73 0.112048 1 0.000050
74 0.115785 1 0.000050
75 0.119522 1 0.000050
76 0.123260 2 0.000100
77 0.126997 4 0.000200
78 0.130734 0 0.000000
79 0.134471 3 0.000150
80 0.138208 2 0.000100
81 0.141946 0 0.000000
82 0.145683 0 0.000000
83 0.149420 0 0.000000
84 0.153157 0 0.000000
85 0.156894 1 0.000050
86 0.160632 4 0.000200
87 0.164369 2 0.000100
88 0.168106 0 0.000000
89 0.171843 0 0.000000
90 0.175581 0 0.000000
91 0.179318 0 0.000000
92 0.183055 0 0.000000
93 0.186792 2 0.000100
94 0.190529 1 0.000050
95 0.194267 0 0.000000
96 0.198004 0 0.000000
97 0.201741 1 0.000050
98 0.205478 2 0.000100
99 0.209215 1 0.000050
