0 -0.167123 1 0.000050
1 -0.163705 0 0.000000
2 -0.160288 1 0.000050
3 -0.156871 0 0.000000
4 -0.153454 0 0.000000
5 -0.150036 2 0.000100
6 -0.146619 0 0.000000
7 -0.143202 1 0.000050
8 -0.139784 2 0.000100
9 -0.136367 0 0.000000
10 -0.132950 0 0.000000
11 -0.129532 3 0.000150
12 -0.126115 0 0.000000
13 -0.122698 3 0.000150
14 -0.119280 2 0.000100
15 -0.115863 0 0.000000
16 -0.112446 3 0.000150
17 -0.109028 4 0.000200
18 -0.105611 5 0.000250
19 -0.102194 5 0.000250
20 -0.098776 4 0.000200
21 -0.095359 6 0.000300
22 -0.091942 9 0.000450
23 -0.088524 5 0.000250
24 -0.085107 10 0.000500
25 -0.081690 3 0.000150
26 -0.078273 7 0.000350
27 -0.074855 9 0.000450
28 -0.071438 16 0.000800
29 -0.068021 13 0.000650
30 -0.064603 17 0.000850
31 -0.061186 13 0.000650
32 -0.057769 14 0.000700
33 -0.054351 18 0.000900
34 -0.050934 26 0.001300
35 -0.047517 46 0.002300
36 -0.044099 44 0.002200
37 -0.040682 57 0.002850
38 -0.037265 87 0.004350
39 -0.033847 98 0.004900
40 -0.030430 130 0.006500
41 -0.027013 171 0.008550
42 -0.023595 252 0.012600
43 -0.020178 333 0.016650
44 -0.016761 532 0.026600
45 -0.013343 865 0.043250
46 -0.009926 1475 0.073750
47 -0.006509 2783 0.139150
48 -0.003092 4545 0.227250
49 0.000326 3497 0.174850
50 0.003743 1739 0.086950
51 0.007160 1004 0.050200
52 0.010578 659 0.032950
53 0.013995 427 0.021350
54 0.017412 248 0.012400
55 0.020830 174 0.008700
56 0.024247 121 0.006050
57 0.027664 79 0.003950
58 0.031082 74 0.003700
59 0.034499 55 0.002750
60 0.037916 43 0.002150
61 0.041334 34 0.001700
62 0.044751 40 0.002000
63 0.048168 26 0.001300
64 0.051586 18 0.000900
65 0.055003 19 0.000950
66 0.058420 17 0.000850
67 0.061838 20 0.001000
68 0.065255 17 0.000850
69 0.068672 15 0.000750
70 0.072089 10 0.000500
71 0.075507 7 0.000350
72 0.078924 6 0.000300
73 0.082341 8 0.000400
74 0.085759 3 0.000150
75 0.089176 2 0.000100
76 0.092593 4 0.000200
77 0.096011 2 0.000100
78 0.099428 0 0.000000
79 0.102845 2 0.000100
80 0.106263 2 0.000100
81 0.109680 3 0.000150
82 0.113097 0 0.000000
83 0.116515 1 0.000050
84 0.119932 1 0.000050
85 0.123349 2 0.000100
86 0.126767 0 0.000000
87 0.130184 0 0.000000
88 0.133601 0 0.000000
89 0.137019 0 0.000000
90 0.140436 0 0.000000
91 0.143853 0 0.000000
92 0.147271 0 0.000000
93 0.150688 0 0.000000
94 0.154105 0 0.000000
95 0.157522 0 0.000000
96 0.160940 0 0.000000
97 0.164357 0 0.000000
98 0.167774 0 0.000000
99 0.171192 1 0.000050
