0 -0.419676 1 0.000017
1 -0.412085 0 0.000000
2 -0.404494 0 0.000000
3 -0.396903 0 0.000000
4 -0.389313 0 0.000000
5 -0.381722 1 0.000017
6 -0.374131 2 0.000033
7 -0.366540 1 0.000017
8 -0.358949 0 0.000000
9 -0.351358 0 0.000000
10 -0.343767 2 0.000033
11 -0.336176 0 0.000000
12 -0.328586 0 0.000000
13 -0.320995 0 0.000000
14 -0.313404 4 0.000067
15 -0.305813 2 0.000033
16 -0.298222 3 0.000050
17 -0.290631 0 0.000000
18 -0.283040 3 0.000050
19 -0.275450 1 0.000017
20 -0.267859 1 0.000017
21 -0.260268 2 0.000033
22 -0.252677 1 0.000017
23 -0.245086 4 0.000067
24 -0.237495 0 0.000000
25 -0.229904 6 0.000100
26 -0.222313 7 0.000117
27 -0.214723 7 0.000117
28 -0.207132 6 0.000100
29 -0.199541 20 0.000333
30 -0.191950 24 0.000400
31 -0.184359 41 0.000683
32 -0.176768 54 0.000900
33 -0.169177 63 0.001050
34 -0.161586 88 0.001467
35 -0.153996 128 0.002133
36 -0.146405 160 0.002667
37 -0.138814 191 0.003183
38 -0.131223 179 0.002983
39 -0.123632 174 0.002900
40 -0.116041 210 0.003500
41 -0.108450 195 0.003250
42 -0.100859 223 0.003717
43 -0.093269 349 0.005817
44 -0.085678 598 0.009967
45 -0.078087 707 0.011783
46 -0.070496 511 0.008517
47 -0.062905 500 0.008333
48 -0.055314 600 0.010000
49 -0.047723 734 0.012233
50 -0.040132 905 0.015083
51 -0.032542 1240 0.020667
52 -0.024951 2105 0.035083
53 -0.017360 4881 0.081350
54 -0.009769 15150 0.252500
55 -0.002178 15604 0.260067
56 0.005413 4473 0.074550
57 0.013004 2412 0.040200
58 0.020595 1527 0.025450
59 0.028185 901 0.015017
60 0.035776 645 0.010750
61 0.043367 543 0.009050
62 0.050958 521 0.008683
63 0.058549 461 0.007683
64 0.066140 424 0.007067
65 0.073731 334 0.005567
66 0.081321 266 0.004433
67 0.088912 222 0.003700
68 0.096503 186 0.003100
69 0.104094 168 0.002800
70 0.111685 239 0.003983
71 0.119276 279 0.004650
72 0.126867 155 0.002583
73 0.134458 119 0.001983
74 0.142048 95 0.001583
75 0.149639 81 0.001350
76 0.157230 72 0.001200
77 0.164821 43 0.000717
78 0.172412 39 0.000650
79 0.180003 36 0.000600
80 0.187594 26 0.000433
81 0.195185 4 0.000067
82 0.202775 11 0.000183
83 0.210366 2 0.000033
84 0.217957 4 0.000067
85 0.225548 2 0.000033
86 0.233139 2 0.000033
87 0.240730 2 0.000033
88 0.248321 3 0.000050
89 0.255912 1 0.000017
90 0.263502 5 0.000083
91 0.271093 1 0.000017
92 0.278684 0 0.000000
93 0.286275 1 0.000017
94 0.293866 1 0.000017
95 0.301457 1 0.000017
96 0.309048 2 0.000033
97 0.316638 1 0.000017
98 0.324229 1 0.000017
99 0.331820 1 0.000017
