0 0.000000 49949 0.832483
1 0.001779 2656 0.044267
2 0.003558 1731 0.028850
3 0.005337 1477 0.024617
4 0.007116 782 0.013033
5 0.008895 463 0.007717
6 0.010674 408 0.006800
7 0.012453 445 0.007417
8 0.014233 436 0.007267
9 0.016012 316 0.005267
10 0.017791 263 0.004383
11 0.019570 215 0.003583
12 0.021349 155 0.002583
13 0.023128 145 0.002417
14 0.024907 123 0.002050
15 0.026686 68 0.001133
16 0.028465 74 0.001233
17 0.030244 58 0.000967
18 0.032023 48 0.000800
19 0.033802 38 0.000633
20 0.035581 34 0.000567
21 0.037360 16 0.000267
22 0.039140 7 0.000117
23 0.040919 8 0.000133
24 0.042698 8 0.000133
25 0.044477 9 0.000150
26 0.046256 4 0.000067
27 0.048035 8 0.000133
28 0.049814 2 0.000033
29 0.051593 4 0.000067
30 0.053372 2 0.000033
31 0.055151 0 0.000000
32 0.056930 6 0.000100
33 0.058709 0 0.000000
34 0.060488 1 0.000017
35 0.062267 2 0.000033
36 0.064047 2 0.000033
37 0.065826 1 0.000017
38 0.067605 1 0.000017
39 0.069384 2 0.000033
40 0.071163 4 0.000067
41 0.072942 1 0.000017
42 0.074721 2 0.000033
43 0.076500 1 0.000017
44 0.078279 1 0.000017
45 0.080058 0 0.000000
46 0.081837 0 0.000000
47 0.083616 2 0.000033
48 0.085395 1 0.000017
49 0.087174 1 0.000017
50 0.088954 3 0.000050
51 0.090733 0 0.000000
52 0.092512 3 0.000050
53 0.094291 1 0.000017
54 0.096070 3 0.000050
55 0.097849 0 0.000000
56 0.099628 1 0.000017
57 0.101407 0 0.000000
58 0.103186 0 0.000000
59 0.104965 0 0.000000
60 0.106744 1 0.000017
61 0.108523 1 0.000017
62 0.110302 0 0.000000
63 0.112081 0 0.000000
64 0.113861 2 0.000033
65 0.115640 0 0.000000
66 0.117419 0 0.000000
67 0.119198 0 0.000000
68 0.120977 0 0.000000
69 0.122756 0 0.000000
70 0.124535 0 0.000000
71 0.126314 0 0.000000
72 0.128093 0 0.000000
73 0.129872 0 0.000000
74 0.131651 1 0.000017
75 0.133430 0 0.000000
76 0.135209 0 0.000000
77 0.136988 0 0.000000
78 0.138768 2 0.000033
79 0.140547 1 0.000017
80 0.142326 0 0.000000
81 0.144105 0 0.000000
82 0.145884 0 0.000000
83 0.147663 0 0.000000
84 0.149442 0 0.000000
85 0.151221 0 0.000000
86 0.153000 0 0.000000
87 0.154779 0 0.000000
88 0.156558 0 0.000000
89 0.158337 0 0.000000
90 0.160116 0 0.000000
91 0.161895 0 0.000000
92 0.163675 0 0.000000
93 0.165454 0 0.000000
94 0.167233 0 0.000000
95 0.169012 0 0.000000
96 0.170791 0 0.000000
97 0.172570 0 0.000000
98 0.174349 0 0.000000
99 0.176128 1 0.000017
