0 -0.419676 1 0.000050
1 -0.412085 0 0.000000
2 -0.404494 0 0.000000
3 -0.396903 0 0.000000
4 -0.389313 0 0.000000
5 -0.381722 1 0.000050
6 -0.374131 2 0.000100
7 -0.366540 1 0.000050
8 -0.358949 0 0.000000
9 -0.351358 0 0.000000
10 -0.343767 2 0.000100
11 -0.336176 0 0.000000
12 -0.328586 0 0.000000
13 -0.320995 0 0.000000
14 -0.313404 4 0.000200
15 -0.305813 2 0.000100
16 -0.298222 3 0.000150
17 -0.290631 0 0.000000
18 -0.283040 3 0.000150
19 -0.275450 1 0.000050
20 -0.267859 1 0.000050
21 -0.260268 2 0.000100
22 -0.252677 1 0.000050
23 -0.245086 4 0.000200
24 -0.237495 0 0.000000
25 -0.229904 6 0.000300
26 -0.222313 7 0.000350
27 -0.214723 7 0.000350
28 -0.207132 6 0.000300
29 -0.199541 20 0.001000
30 -0.191950 24 0.001200
31 -0.184359 41 0.002050
32 -0.176768 54 0.002700
33 -0.169177 62 0.003100
34 -0.161586 83 0.004150
35 -0.153996 122 0.006100
36 -0.146405 150 0.007500
37 -0.138814 184 0.009200
38 -0.131223 170 0.008500
39 -0.123632 165 0.008250
40 -0.116041 202 0.010100
41 -0.108450 178 0.008900
42 -0.100859 199 0.009950
43 -0.093269 322 0.016100
44 -0.085678 576 0.028800
45 -0.078087 667 0.033350
46 -0.070496 423 0.021150
47 -0.062905 414 0.020700
48 -0.055314 461 0.023050
49 -0.047723 507 0.025350
50 -0.040132 535 0.026750
51 -0.032542 525 0.026250
52 -0.024951 567 0.028350
53 -0.017360 950 0.047500
54 -0.009769 3557 0.177850
55 -0.002178 1424 0.071200
56 0.005413 753 0.037650
57 0.013004 861 0.043050
58 0.020595 869 0.043450
59 0.028185 545 0.027250
60 0.035776 461 0.023050
61 0.043367 400 0.020000
62 0.050958 414 0.020700
63 0.058549 400 0.020000
64 0.066140 371 0.018550
65 0.073731 298 0.014900
66 0.081321 245 0.012250
67 0.088912 212 0.010600
68 0.096503 178 0.008900
69 0.104094 161 0.008050
70 0.111685 236 0.011800
71 0.119276 273 0.013650
72 0.126867 151 0.007550
73 0.134458 114 0.005700
74 0.142048 95 0.004750
75 0.149639 81 0.004050
76 0.157230 67 0.003350
77 0.164821 40 0.002000
78 0.172412 39 0.001950
79 0.180003 36 0.001800
80 0.187594 23 0.001150
81 0.195185 4 0.000200
82 0.202775 7 0.000350
83 0.210366 2 0.000100
84 0.217957 4 0.000200
85 0.225548 2 0.000100
86 0.233139 2 0.000100
87 0.240730 2 0.000100
88 0.248321 3 0.000150
89 0.255912 1 0.000050
90 0.263502 5 0.000250
91 0.271093 1 0.000050
92 0.278684 0 0.000000
93 0.286275 1 0.000050
94 0.293866 1 0.000050
95 0.301457 1 0.000050
96 0.309048 2 0.000100
97 0.316638 1 0.000050
98 0.324229 1 0.000050
99 0.331820 1 0.000050
