0 0.136340 56 0.002800
1 0.145324 0 0.000000
2 0.154307 14 0.000700
3 0.163290 0 0.000000
4 0.172274 18 0.000900
5 0.181257 0 0.000000
6 0.190241 16 0.000800
7 0.199224 0 0.000000
8 0.208207 17 0.000850
9 0.217191 4 0.000200
10 0.226174 7 0.000350
11 0.235157 5 0.000250
12 0.244141 17 0.000850
13 0.253124 8 0.000400
14 0.262107 18 0.000900
15 0.271091 72 0.003600
16 0.280074 41 0.002050
17 0.289057 11 0.000550
18 0.298041 37 0.001850
19 0.307024 39 0.001950
20 0.316007 145 0.007250
21 0.324991 223 0.011150
22 0.333974 89 0.004450
23 0.342958 32 0.001600
24 0.351941 4 0.000200
25 0.360924 14 0.000700
26 0.369908 11 0.000550
27 0.378891 17 0.000850
28 0.387874 7 0.000350
29 0.396858 24 0.001200
30 0.405841 66 0.003300
31 0.414824 18 0.000900
32 0.423808 6 0.000300
33 0.432791 10 0.000500
34 0.441774 28 0.001400
35 0.450758 31 0.001550
36 0.459741 45 0.002250
37 0.468725 74 0.003700
38 0.477708 134 0.006700
39 0.486691 82 0.004100
40 0.495675 137 0.006850
41 0.504658 124 0.006200
42 0.513641 145 0.007250
43 0.522625 129 0.006450
44 0.531608 211 0.010550
45 0.540591 266 0.013300
46 0.549575 278 0.013900
47 0.558558 454 0.022700
48 0.567541 467 0.023350
49 0.576525 1051 0.052550
50 0.585508 2156 0.107800
51 0.594492 2117 0.105850
52 0.603475 1569 0.078450
53 0.612458 850 0.042500
54 0.621442 744 0.037200
55 0.630425 367 0.018350
56 0.639408 344 0.017200
57 0.648392 287 0.014350
58 0.657375 262 0.013100
59 0.666358 234 0.011700
60 0.675342 181 0.009050
61 0.684325 149 0.007450
62 0.693308 178 0.008900
63 0.702292 80 0.004000
64 0.711275 176 0.008800
65 0.720259 122 0.006100
66 0.729242 169 0.008450
67 0.738225 93 0.004650
68 0.747209 128 0.006400
69 0.756192 232 0.011600
70 0.765175 135 0.006750
71 0.774159 138 0.006900
72 0.783142 113 0.005650
73 0.792125 166 0.008300
74 0.801109 132 0.006600
75 0.810092 128 0.006400
76 0.819075 192 0.009600
77 0.828059 198 0.009900
78 0.837042 194 0.009700
79 0.846026 330 0.016500
80 0.855009 265 0.013250
81 0.863992 316 0.015800
82 0.872976 368 0.018400
83 0.881959 324 0.016200
84 0.890942 267 0.013350
85 0.899926 272 0.013600
86 0.908909 260 0.013000
87 0.917892 215 0.010750
88 0.926876 230 0.011500
89 0.935859 243 0.012150
90 0.944842 143 0.007150
91 0.953826 76 0.003800
92 0.962809 69 0.003450
93 0.971792 33 0.001650
94 0.980776 44 0.002200
95 0.989759 4 0.000200
96 0.998743 1 0.000050
97 1.007726 0 0.000000
98 1.016709 4 0.000200
99 1.025693 0 0.000000
