0 0.013721 6 0.000300
1 0.023455 2 0.000100
2 0.033188 7 0.000350
3 0.042922 8 0.000400
4 0.052655 20 0.001000
5 0.062389 9 0.000450
6 0.072122 9 0.000450
7 0.081856 13 0.000650
8 0.091589 9 0.000450
9 0.101323 10 0.000500
10 0.111056 7 0.000350
11 0.120790 16 0.000800
12 0.130523 10 0.000500
13 0.140257 12 0.000600
14 0.149990 12 0.000600
15 0.159723 14 0.000700
16 0.169457 17 0.000850
17 0.179190 23 0.001150
18 0.188924 28 0.001400
19 0.198657 29 0.001450
20 0.208391 37 0.001850
21 0.218124 34 0.001700
22 0.227858 24 0.001200
23 0.237591 29 0.001450
24 0.247325 28 0.001400
25 0.257058 46 0.002300
26 0.266792 39 0.001950
27 0.276525 60 0.003000
28 0.286259 58 0.002900
29 0.295992 55 0.002750
30 0.305725 59 0.002950
31 0.315459 76 0.003800
32 0.325192 74 0.003700
33 0.334926 101 0.005050
34 0.344659 89 0.004450
35 0.354393 72 0.003600
36 0.364126 129 0.006450
37 0.373860 106 0.005300
38 0.383593 158 0.007900
39 0.393327 183 0.009150
40 0.403060 244 0.012200
41 0.412794 235 0.011750
42 0.422527 293 0.014650
43 0.432261 377 0.018850
44 0.441994 392 0.019600
45 0.451727 553 0.027650
46 0.461461 706 0.035300
47 0.471194 971 0.048550
48 0.480928 1720 0.086000
49 0.490661 3145 0.157250
50 0.500395 2828 0.141400
51 0.510128 1500 0.075000
52 0.519862 947 0.047350
53 0.529595 703 0.035150
54 0.539329 475 0.023750
55 0.549062 361 0.018050
56 0.558796 361 0.018050
57 0.568529 312 0.015600
58 0.578263 268 0.013400
59 0.587996 189 0.009450
60 0.597729 178 0.008900
61 0.607463 153 0.007650
62 0.617196 160 0.008000
63 0.626930 114 0.005700
64 0.636663 106 0.005300
65 0.646397 95 0.004750
66 0.656130 83 0.004150
67 0.665864 82 0.004100
68 0.675597 84 0.004200
69 0.685331 59 0.002950
70 0.695064 40 0.002000
71 0.704798 52 0.002600
72 0.714531 42 0.002100
73 0.724265 34 0.001700
74 0.733998 34 0.001700
75 0.743731 32 0.001600
76 0.753465 26 0.001300
77 0.763198 30 0.001500
78 0.772932 37 0.001850
79 0.782665 29 0.001450
80 0.792399 27 0.001350
81 0.802132 12 0.000600
82 0.811866 15 0.000750
83 0.821599 18 0.000900
84 0.831333 10 0.000500
85 0.841066 15 0.000750
86 0.850800 19 0.000950
87 0.860533 7 0.000350
88 0.870267 9 0.000450
89 0.880000 11 0.000550
90 0.889733 7 0.000350
91 0.899467 12 0.000600
92 0.909200 7 0.000350
93 0.918934 12 0.000600
94 0.928667 27 0.001350
95 0.938401 8 0.000400
96 0.948134 2 0.000100
97 0.957868 6 0.000300
98 0.967601 7 0.000350
99 0.977335 1 0.000050
