0 0.050511 11 0.000550
1 0.059818 5 0.000250
2 0.069124 20 0.001000
3 0.078431 3 0.000150
4 0.087737 0 0.000000
5 0.097044 15 0.000750
6 0.106350 0 0.000000
7 0.115657 15 0.000750
8 0.124964 14 0.000700
9 0.134270 4 0.000200
10 0.143577 5 0.000250
11 0.152883 74 0.003700
12 0.162190 29 0.001450
13 0.171496 19 0.000950
14 0.180803 13 0.000650
15 0.190109 25 0.001250
16 0.199416 12 0.000600
17 0.208722 55 0.002750
18 0.218029 26 0.001300
19 0.227335 28 0.001400
20 0.236642 47 0.002350
21 0.245948 16 0.000800
22 0.255255 21 0.001050
23 0.264561 71 0.003550
24 0.273868 29 0.001450
25 0.283175 67 0.003350
26 0.292481 75 0.003750
27 0.301788 55 0.002750
28 0.311094 64 0.003200
29 0.320401 110 0.005500
30 0.329707 63 0.003150
31 0.339014 67 0.003350
32 0.348320 79 0.003950
33 0.357627 96 0.004800
34 0.366933 64 0.003200
35 0.376240 150 0.007500
36 0.385546 203 0.010150
37 0.394853 185 0.009250
38 0.404159 174 0.008700
39 0.413466 197 0.009850
40 0.422772 340 0.017000
41 0.432079 305 0.015250
42 0.441386 417 0.020850
43 0.450692 553 0.027650
44 0.459999 625 0.031250
45 0.469305 811 0.040550
46 0.478612 1321 0.066050
47 0.487918 2323 0.116150
48 0.497225 3232 0.161600
49 0.506531 1781 0.089050
50 0.515838 1085 0.054250
51 0.525144 769 0.038450
52 0.534451 660 0.033000
53 0.543757 432 0.021600
54 0.553064 359 0.017950
55 0.562370 342 0.017100
56 0.571677 266 0.013300
57 0.580983 239 0.011950
58 0.590290 253 0.012650
59 0.599597 132 0.006600
60 0.608903 150 0.007500
61 0.618210 107 0.005350
62 0.627516 131 0.006550
63 0.636823 100 0.005000
64 0.646129 68 0.003400
65 0.655436 67 0.003350
66 0.664742 88 0.004400
67 0.674049 93 0.004650
68 0.683355 99 0.004950
69 0.692662 42 0.002100
70 0.701968 19 0.000950
71 0.711275 45 0.002250
72 0.720581 39 0.001950
73 0.729888 56 0.002800
74 0.739194 50 0.002500
75 0.748501 43 0.002150
76 0.757807 18 0.000900
77 0.767114 48 0.002400
78 0.776421 21 0.001050
79 0.785727 6 0.000300
80 0.795034 32 0.001600
81 0.804340 16 0.000800
82 0.813647 23 0.001150
83 0.822953 20 0.001000
84 0.832260 27 0.001350
85 0.841566 19 0.000950
86 0.850873 2 0.000100
87 0.860179 3 0.000150
88 0.869486 31 0.001550
89 0.878792 1 0.000050
90 0.888099 13 0.000650
91 0.897405 7 0.000350
92 0.906712 10 0.000500
93 0.916018 39 0.001950
94 0.925325 0 0.000000
95 0.934632 5 0.000250
96 0.943938 0 0.000000
97 0.953245 4 0.000200
98 0.962551 4 0.000200
99 0.971858 3 0.000150
