0 0.013721 14 0.000233
1 0.023675 6 0.000100
2 0.033629 12 0.000200
3 0.043583 16 0.000267
4 0.053537 19 0.000317
5 0.063490 13 0.000217
6 0.073444 18 0.000300
7 0.083398 20 0.000333
8 0.093352 15 0.000250
9 0.103306 11 0.000183
10 0.113259 15 0.000250
11 0.123213 23 0.000383
12 0.133167 11 0.000183
13 0.143121 16 0.000267
14 0.153075 18 0.000300
15 0.163028 14 0.000233
16 0.172982 28 0.000467
17 0.182936 30 0.000500
18 0.192890 36 0.000600
19 0.202844 42 0.000700
20 0.212797 44 0.000733
21 0.222751 39 0.000650
22 0.232705 29 0.000483
23 0.242659 44 0.000733
24 0.252612 56 0.000933
25 0.262566 68 0.001133
26 0.272520 86 0.001433
27 0.282474 101 0.001683
28 0.292428 107 0.001783
29 0.302381 111 0.001850
30 0.312335 271 0.004517
31 0.322289 310 0.005167
32 0.332243 326 0.005433
33 0.342197 242 0.004033
34 0.352150 240 0.004000
35 0.362104 328 0.005467
36 0.372058 479 0.007983
37 0.382012 380 0.006333
38 0.391966 400 0.006667
39 0.401919 565 0.009417
40 0.411873 687 0.011450
41 0.421827 1275 0.021250
42 0.431781 1111 0.018517
43 0.441734 820 0.013667
44 0.451688 1197 0.019950
45 0.461642 1534 0.025567
46 0.471596 1984 0.033067
47 0.481550 2660 0.044333
48 0.491503 4464 0.074400
49 0.501457 7186 0.119767
50 0.511411 2406 0.040100
51 0.521365 2162 0.036033
52 0.531319 1802 0.030033
53 0.541272 1272 0.021200
54 0.551226 1286 0.021433
55 0.561180 1451 0.024183
56 0.571134 2061 0.034350
57 0.581088 2554 0.042567
58 0.591041 3207 0.053450
59 0.600995 2010 0.033500
60 0.610949 1353 0.022550
61 0.620903 1384 0.023067
62 0.630857 770 0.012833
63 0.640810 505 0.008417
64 0.650764 491 0.008183
65 0.660718 384 0.006400
66 0.670672 423 0.007050
67 0.680625 269 0.004483
68 0.690579 224 0.003733
69 0.700533 242 0.004033
70 0.710487 224 0.003733
71 0.720441 162 0.002700
72 0.730394 187 0.003117
73 0.740348 213 0.003550
74 0.750302 216 0.003600
75 0.760256 204 0.003400
76 0.770210 232 0.003867
77 0.780163 199 0.003317
78 0.790117 228 0.003800
79 0.800071 188 0.003133
80 0.810025 159 0.002650
81 0.819978 265 0.004417
82 0.829932 227 0.003783
83 0.839886 241 0.004017
84 0.849840 319 0.005317
85 0.859794 449 0.007483
86 0.869748 361 0.006017
87 0.879701 369 0.006150
88 0.889655 275 0.004583
89 0.899609 306 0.005100
90 0.909563 257 0.004283
91 0.919516 322 0.005367
92 0.929470 279 0.004650
93 0.939424 144 0.002400
94 0.949378 70 0.001167
95 0.959332 42 0.000700
96 0.969285 53 0.000883
97 0.979239 18 0.000300
98 0.989193 12 0.000200
99 0.999147 2 0.000033
