0 0.424273 1 0.000050
1 0.426064 0 0.000000
2 0.427854 4 0.000200
3 0.429644 0 0.000000
4 0.431435 0 0.000000
5 0.433225 0 0.000000
6 0.435015 2 0.000100
7 0.436806 0 0.000000
8 0.438596 4 0.000200
9 0.440386 3 0.000150
10 0.442177 0 0.000000
11 0.443967 3 0.000150
12 0.445757 14 0.000700
13 0.447548 3 0.000150
14 0.449338 12 0.000600
15 0.451129 17 0.000850
16 0.452919 3 0.000150
17 0.454709 18 0.000900
18 0.456500 17 0.000850
19 0.458290 24 0.001200
20 0.460080 34 0.001700
21 0.461871 27 0.001350
22 0.463661 21 0.001050
23 0.465451 27 0.001350
24 0.467242 28 0.001400
25 0.469032 55 0.002750
26 0.470823 79 0.003950
27 0.472613 60 0.003000
28 0.474403 33 0.001650
29 0.476194 99 0.004950
30 0.477984 91 0.004550
31 0.479774 114 0.005700
32 0.481565 105 0.005250
33 0.483355 94 0.004700
34 0.485145 242 0.012100
35 0.486936 222 0.011100
36 0.488726 256 0.012800
37 0.490516 236 0.011800
38 0.492307 371 0.018550
39 0.494097 495 0.024750
40 0.495888 544 0.027200
41 0.497678 800 0.040000
42 0.499468 844 0.042200
43 0.501259 1211 0.060550
44 0.503049 1438 0.071900
45 0.504839 1639 0.081950
46 0.506630 1834 0.091700
47 0.508420 1887 0.094350
48 0.510210 1319 0.065950
49 0.512001 1000 0.050000
50 0.513791 748 0.037400
51 0.515581 577 0.028850
52 0.517372 539 0.026950
53 0.519162 440 0.022000
54 0.520953 277 0.013850
55 0.522743 268 0.013400
56 0.524533 304 0.015200
57 0.526324 183 0.009150
58 0.528114 185 0.009250
59 0.529904 142 0.007100
60 0.531695 103 0.005150
61 0.533485 150 0.007500
62 0.535275 75 0.003750
63 0.537066 42 0.002100
64 0.538856 45 0.002250
65 0.540646 98 0.004900
66 0.542437 43 0.002150
67 0.544227 39 0.001950
68 0.546018 40 0.002000
69 0.547808 21 0.001050
70 0.549598 18 0.000900
71 0.551389 41 0.002050
72 0.553179 46 0.002300
73 0.554969 24 0.001200
74 0.556760 37 0.001850
75 0.558550 19 0.000950
76 0.560340 18 0.000900
77 0.562131 13 0.000650
78 0.563921 17 0.000850
79 0.565711 15 0.000750
80 0.567502 7 0.000350
81 0.569292 31 0.001550
82 0.571083 5 0.000250
83 0.572873 2 0.000100
84 0.574663 20 0.001000
85 0.576454 3 0.000150
86 0.578244 4 0.000200
87 0.580034 0 0.000000
88 0.581825 4 0.000200
89 0.583615 0 0.000000
90 0.585405 8 0.000400
91 0.587196 2 0.000100
92 0.588986 0 0.000000
93 0.590777 0 0.000000
94 0.592567 0 0.000000
95 0.594357 11 0.000550
96 0.596148 0 0.000000
97 0.597938 2 0.000100
98 0.599728 3 0.000150
99 0.601519 1 0.000050
