0 0.050511 11 0.000183
1 0.060362 5 0.000083
2 0.070212 20 0.000333
3 0.080062 3 0.000050
4 0.089913 0 0.000000
5 0.099763 15 0.000250
6 0.109613 0 0.000000
7 0.119464 28 0.000467
8 0.129314 42 0.000700
9 0.139164 24 0.000400
10 0.149014 68 0.001133
11 0.158865 41 0.000683
12 0.168715 34 0.000567
13 0.178565 24 0.000400
14 0.188416 41 0.000683
15 0.198266 11 0.000183
16 0.208116 73 0.001217
17 0.217967 30 0.000500
18 0.227817 42 0.000700
19 0.237667 49 0.000817
20 0.247518 34 0.000567
21 0.257368 54 0.000900
22 0.267218 120 0.002000
23 0.277069 87 0.001450
24 0.286919 103 0.001717
25 0.296769 119 0.001983
26 0.306620 75 0.001250
27 0.316470 279 0.004650
28 0.326320 342 0.005700
29 0.336170 121 0.002017
30 0.346021 106 0.001767
31 0.355871 106 0.001767
32 0.365721 83 0.001383
33 0.375572 172 0.002867
34 0.385422 219 0.003650
35 0.395272 224 0.003733
36 0.405123 240 0.004000
37 0.414973 270 0.004500
38 0.424823 333 0.005550
39 0.434674 424 0.007067
40 0.444524 662 0.011033
41 0.454374 655 0.010917
42 0.464225 1037 0.017283
43 0.474075 1765 0.029417
44 0.483925 3396 0.056600
45 0.493776 7850 0.130833
46 0.503626 11020 0.183667
47 0.513476 4290 0.071500
48 0.523326 2005 0.033417
49 0.533177 1379 0.022983
50 0.543027 979 0.016317
51 0.552877 910 0.015167
52 0.562728 957 0.015950
53 0.572578 1188 0.019800
54 0.582428 2138 0.035633
55 0.592279 2774 0.046233
56 0.602129 1892 0.031533
57 0.611979 1097 0.018283
58 0.621830 874 0.014567
59 0.631680 528 0.008800
60 0.641530 459 0.007650
61 0.651381 365 0.006083
62 0.661231 351 0.005850
63 0.671081 314 0.005233
64 0.680932 307 0.005117
65 0.690782 217 0.003617
66 0.700632 140 0.002333
67 0.710482 235 0.003917
68 0.720333 168 0.002800
69 0.730183 252 0.004200
70 0.740033 140 0.002333
71 0.749884 246 0.004100
72 0.759734 233 0.003883
73 0.769584 219 0.003650
74 0.779435 113 0.001883
75 0.789285 178 0.002967
76 0.799135 188 0.003133
77 0.808986 171 0.002850
78 0.818836 220 0.003667
79 0.828686 220 0.003667
80 0.838537 270 0.004500
81 0.848387 358 0.005967
82 0.858237 358 0.005967
83 0.868088 388 0.006467
84 0.877938 336 0.005600
85 0.887788 375 0.006250
86 0.897638 294 0.004900
87 0.907489 294 0.004900
88 0.917339 273 0.004550
89 0.927189 255 0.004250
90 0.937040 230 0.003833
91 0.946890 176 0.002933
92 0.956740 55 0.000917
93 0.966591 70 0.001167
94 0.976441 32 0.000533
95 0.986291 23 0.000383
96 0.996142 5 0.000083
97 1.005992 0 0.000000
98 1.015842 2 0.000033
99 1.025693 2 0.000033
