0 0.122462 3 0.000150
1 0.130051 2 0.000100
2 0.137640 0 0.000000
3 0.145229 0 0.000000
4 0.152818 0 0.000000
5 0.160407 0 0.000000
6 0.167996 0 0.000000
7 0.175586 0 0.000000
8 0.183175 0 0.000000
9 0.190764 2 0.000100
10 0.198353 4 0.000200
11 0.205942 0 0.000000
12 0.213531 3 0.000150
13 0.221120 6 0.000300
14 0.228709 4 0.000200
15 0.236298 1 0.000050
16 0.243888 1 0.000050
17 0.251477 2 0.000100
18 0.259066 0 0.000000
19 0.266655 0 0.000000
20 0.274244 0 0.000000
21 0.281833 3 0.000150
22 0.289422 4 0.000200
23 0.297011 14 0.000700
24 0.304601 19 0.000950
25 0.312190 31 0.001550
26 0.319779 47 0.002350
27 0.327368 78 0.003900
28 0.334957 42 0.002100
29 0.342546 48 0.002400
30 0.350135 74 0.003700
31 0.357724 122 0.006100
32 0.365313 170 0.008500
33 0.372903 298 0.014900
34 0.380492 156 0.007800
35 0.388081 160 0.008000
36 0.395670 160 0.008000
37 0.403259 227 0.011350
38 0.410848 292 0.014600
39 0.418437 415 0.020750
40 0.426026 890 0.044500
41 0.433615 480 0.024000
42 0.441205 282 0.014100
43 0.448794 322 0.016100
44 0.456383 479 0.023950
45 0.463972 626 0.031300
46 0.471561 765 0.038250
47 0.479150 473 0.023650
48 0.486739 583 0.029150
49 0.494328 947 0.047350
50 0.501917 4033 0.201650
51 0.509507 626 0.031300
52 0.517096 625 0.031250
53 0.524685 916 0.045800
54 0.532274 735 0.036750
55 0.539863 424 0.021200
56 0.547452 403 0.020150
57 0.555041 443 0.022150
58 0.562630 422 0.021100
59 0.570220 660 0.033000
60 0.577809 311 0.015550
61 0.585398 269 0.013450
62 0.592987 212 0.010600
63 0.600576 208 0.010400
64 0.608165 212 0.010600
65 0.615754 170 0.008500
66 0.623343 392 0.019600
67 0.630933 170 0.008500
68 0.638522 80 0.004000
69 0.646111 53 0.002650
70 0.653700 97 0.004850
71 0.661289 44 0.002200
72 0.668878 92 0.004600
73 0.676467 68 0.003400
74 0.684056 16 0.000800
75 0.691645 17 0.000850
76 0.699235 16 0.000800
77 0.706824 18 0.000900
78 0.714413 7 0.000350
79 0.722002 0 0.000000
80 0.729591 1 0.000050
81 0.737180 3 0.000150
82 0.744769 0 0.000000
83 0.752358 1 0.000050
84 0.759947 0 0.000000
85 0.767537 0 0.000000
86 0.775126 1 0.000050
87 0.782715 1 0.000050
88 0.790304 2 0.000100
89 0.797893 10 0.000500
90 0.805482 5 0.000250
91 0.813071 0 0.000000
92 0.820660 0 0.000000
93 0.828250 0 0.000000
94 0.835839 0 0.000000
95 0.843428 0 0.000000
96 0.851017 0 0.000000
97 0.858606 0 0.000000
98 0.866195 1 0.000050
99 0.873784 1 0.000050
