0 0.014505 8 0.000400
1 0.024451 5 0.000250
2 0.034397 7 0.000350
3 0.044343 3 0.000150
4 0.054289 1 0.000050
5 0.064235 4 0.000200
6 0.074180 7 0.000350
7 0.084126 9 0.000450
8 0.094072 3 0.000150
9 0.104018 3 0.000150
10 0.113964 2 0.000100
11 0.123910 5 0.000250
12 0.133856 1 0.000050
13 0.143802 6 0.000300
14 0.153747 1 0.000050
15 0.163693 4 0.000200
16 0.173639 5 0.000250
17 0.183585 3 0.000150
18 0.193531 3 0.000150
19 0.203477 4 0.000200
20 0.213423 3 0.000150
21 0.223369 3 0.000150
22 0.233314 2 0.000100
23 0.243260 19 0.000950
24 0.253206 17 0.000850
25 0.263152 21 0.001050
26 0.273098 40 0.002000
27 0.283044 31 0.001550
28 0.292990 38 0.001900
29 0.302936 33 0.001650
30 0.312881 147 0.007350
31 0.322827 155 0.007750
32 0.332773 162 0.008100
33 0.342719 93 0.004650
34 0.352665 25 0.001250
35 0.362611 10 0.000500
36 0.372557 29 0.001450
37 0.382503 9 0.000450
38 0.392448 13 0.000650
39 0.402394 23 0.001150
40 0.412340 30 0.001500
41 0.422286 36 0.001800
42 0.432232 22 0.001100
43 0.442178 45 0.002250
44 0.452124 55 0.002750
45 0.462070 62 0.003100
46 0.472015 84 0.004200
47 0.481961 109 0.005450
48 0.491907 147 0.007350
49 0.501853 107 0.005350
50 0.511799 142 0.007100
51 0.521745 179 0.008950
52 0.531691 220 0.011000
53 0.541637 267 0.013350
54 0.551582 399 0.019950
55 0.561528 520 0.026000
56 0.571474 1003 0.050150
57 0.581420 2024 0.101200
58 0.591366 2740 0.137000
59 0.601312 1460 0.073000
60 0.611258 974 0.048700
61 0.621204 771 0.038550
62 0.631149 452 0.022600
63 0.641095 323 0.016150
64 0.651041 277 0.013850
65 0.660987 235 0.011750
66 0.670933 204 0.010200
67 0.680879 168 0.008400
68 0.690825 161 0.008050
69 0.700770 159 0.007950
70 0.710716 169 0.008450
71 0.720662 123 0.006150
72 0.730608 154 0.007700
73 0.740554 176 0.008800
74 0.750500 179 0.008950
75 0.760446 178 0.008900
76 0.770392 203 0.010150
77 0.780338 155 0.007750
78 0.790283 198 0.009900
79 0.800229 171 0.008550
80 0.810175 134 0.006700
81 0.820121 251 0.012550
82 0.830067 214 0.010700
83 0.840013 223 0.011150
84 0.849959 299 0.014950
85 0.859905 442 0.022100
86 0.869850 350 0.017500
87 0.879796 361 0.018050
88 0.889742 266 0.013300
89 0.899688 293 0.014650
90 0.909634 248 0.012400
91 0.919580 306 0.015300
92 0.929526 256 0.012800
93 0.939472 137 0.006850
94 0.949417 68 0.003400
95 0.959363 35 0.001750
96 0.969309 47 0.002350
97 0.979255 18 0.000900
98 0.989201 12 0.000600
99 0.999147 2 0.000100
