0 -0.137285 3 0.000150
1 -0.134902 0 0.000000
2 -0.132519 0 0.000000
3 -0.130137 0 0.000000
4 -0.127754 0 0.000000
5 -0.125371 0 0.000000
6 -0.122988 0 0.000000
7 -0.120605 0 0.000000
8 -0.118222 0 0.000000
9 -0.115839 0 0.000000
10 -0.113457 0 0.000000
11 -0.111074 0 0.000000
12 -0.108691 1 0.000050
13 -0.106308 0 0.000000
14 -0.103925 1 0.000050
15 -0.101542 0 0.000000
16 -0.099159 0 0.000000
17 -0.096776 1 0.000050
18 -0.094394 1 0.000050
19 -0.092011 1 0.000050
20 -0.089628 2 0.000100
21 -0.087245 2 0.000100
22 -0.084862 0 0.000000
23 -0.082479 5 0.000250
24 -0.080096 1 0.000050
25 -0.077714 4 0.000200
26 -0.075331 3 0.000150
27 -0.072948 4 0.000200
28 -0.070565 3 0.000150
29 -0.068182 4 0.000200
30 -0.065799 3 0.000150
31 -0.063416 6 0.000300
32 -0.061034 6 0.000300
33 -0.058651 9 0.000450
34 -0.056268 7 0.000350
35 -0.053885 6 0.000300
36 -0.051502 6 0.000300
37 -0.049119 9 0.000450
38 -0.046736 13 0.000650
39 -0.044354 18 0.000900
40 -0.041971 24 0.001200
41 -0.039588 29 0.001450
42 -0.037205 50 0.002500
43 -0.034822 45 0.002250
44 -0.032439 76 0.003800
45 -0.030056 78 0.003900
46 -0.027674 94 0.004700
47 -0.025291 162 0.008100
48 -0.022908 180 0.009000
49 -0.020525 321 0.016050
50 -0.018142 484 0.024200
51 -0.015759 788 0.039400
52 -0.013376 1339 0.066950
53 -0.010994 3130 0.156500
54 -0.008611 5387 0.269350
55 -0.006228 3725 0.186250
56 -0.003845 1524 0.076200
57 -0.001462 817 0.040850
58 0.000921 482 0.024100
59 0.003304 329 0.016450
60 0.005686 204 0.010200
61 0.008069 134 0.006700
62 0.010452 98 0.004900
63 0.012835 88 0.004400
64 0.015218 57 0.002850
65 0.017601 41 0.002050
66 0.019984 39 0.001950
67 0.022366 29 0.001450
68 0.024749 22 0.001100
69 0.027132 17 0.000850
70 0.029515 10 0.000500
71 0.031898 9 0.000450
72 0.034281 8 0.000400
73 0.036664 6 0.000300
74 0.039046 7 0.000350
75 0.041429 7 0.000350
76 0.043812 9 0.000450
77 0.046195 2 0.000100
78 0.048578 4 0.000200
79 0.050961 3 0.000150
80 0.053344 4 0.000200
81 0.055726 3 0.000150
82 0.058109 1 0.000050
83 0.060492 4 0.000200
84 0.062875 0 0.000000
85 0.065258 1 0.000050
86 0.067641 0 0.000000
87 0.070024 1 0.000050
88 0.072407 1 0.000050
89 0.074789 2 0.000100
90 0.077172 1 0.000050
91 0.079555 1 0.000050
92 0.081938 0 0.000000
93 0.084321 0 0.000000
94 0.086704 1 0.000050
95 0.089087 1 0.000050
96 0.091469 0 0.000000
97 0.093852 1 0.000050
98 0.096235 0 0.000000
99 0.098618 1 0.000050
