0 0.000000 50803 0.846717
1 0.001549 1991 0.033183
2 0.003099 1422 0.023700
3 0.004648 1316 0.021933
4 0.006198 954 0.015900
5 0.007747 502 0.008367
6 0.009297 326 0.005433
7 0.010846 282 0.004700
8 0.012395 344 0.005733
9 0.013945 346 0.005767
10 0.015494 331 0.005517
11 0.017044 250 0.004167
12 0.018593 195 0.003250
13 0.020143 146 0.002433
14 0.021692 115 0.001917
15 0.023241 108 0.001800
16 0.024791 106 0.001767
17 0.026340 81 0.001350
18 0.027890 87 0.001450
19 0.029439 59 0.000983
20 0.030989 47 0.000783
21 0.032538 42 0.000700
22 0.034087 21 0.000350
23 0.035637 15 0.000250
24 0.037186 17 0.000283
25 0.038736 13 0.000217
26 0.040285 8 0.000133
27 0.041835 5 0.000083
28 0.043384 5 0.000083
29 0.044933 5 0.000083
30 0.046483 3 0.000050
31 0.048032 1 0.000017
32 0.049582 3 0.000050
33 0.051131 3 0.000050
34 0.052681 5 0.000083
35 0.054230 2 0.000033
36 0.055779 1 0.000017
37 0.057329 3 0.000050
38 0.058878 1 0.000017
39 0.060428 0 0.000000
40 0.061977 2 0.000033
41 0.063527 3 0.000050
42 0.065076 3 0.000050
43 0.066625 1 0.000017
44 0.068175 1 0.000017
45 0.069724 1 0.000017
46 0.071274 1 0.000017
47 0.072823 1 0.000017
48 0.074373 0 0.000000
49 0.075922 2 0.000033
50 0.077471 2 0.000033
51 0.079021 3 0.000050
52 0.080570 2 0.000033
53 0.082120 2 0.000033
54 0.083669 0 0.000000
55 0.085219 2 0.000033
56 0.086768 1 0.000017
57 0.088317 1 0.000017
58 0.089867 1 0.000017
59 0.091416 0 0.000000
60 0.092966 0 0.000000
61 0.094515 1 0.000017
62 0.096065 0 0.000000
63 0.097614 2 0.000033
64 0.099163 0 0.000000
65 0.100713 0 0.000000
66 0.102262 1 0.000017
67 0.103812 0 0.000000
68 0.105361 0 0.000000
69 0.106910 0 0.000000
70 0.108460 0 0.000000
71 0.110009 0 0.000000
72 0.111559 0 0.000000
73 0.113108 0 0.000000
74 0.114658 0 0.000000
75 0.116207 0 0.000000
76 0.117756 0 0.000000
77 0.119306 0 0.000000
78 0.120855 0 0.000000
79 0.122405 0 0.000000
80 0.123954 0 0.000000
81 0.125504 0 0.000000
82 0.127053 0 0.000000
83 0.128602 0 0.000000
84 0.130152 0 0.000000
85 0.131701 0 0.000000
86 0.133251 1 0.000017
87 0.134800 0 0.000000
88 0.136350 0 0.000000
89 0.137899 0 0.000000
90 0.139448 1 0.000017
91 0.140998 0 0.000000
92 0.142547 0 0.000000
93 0.144097 0 0.000000
94 0.145646 0 0.000000
95 0.147196 0 0.000000
96 0.148745 0 0.000000
97 0.150294 0 0.000000
98 0.151844 0 0.000000
99 0.153393 1 0.000017
