0 -0.373614 2 0.000033
1 -0.365884 0 0.000000
2 -0.358154 0 0.000000
3 -0.350424 0 0.000000
4 -0.342694 0 0.000000
5 -0.334964 0 0.000000
6 -0.327234 0 0.000000
7 -0.319504 2 0.000033
8 -0.311774 0 0.000000
9 -0.304044 1 0.000017
10 -0.296314 3 0.000050
11 -0.288584 3 0.000050
12 -0.280854 4 0.000067
13 -0.273124 3 0.000050
14 -0.265394 2 0.000033
15 -0.257664 3 0.000050
16 -0.249934 1 0.000017
17 -0.242204 3 0.000050
18 -0.234474 6 0.000100
19 -0.226744 2 0.000033
20 -0.219014 6 0.000100
21 -0.211284 10 0.000167
22 -0.203554 17 0.000283
23 -0.195824 17 0.000283
24 -0.188094 41 0.000683
25 -0.180364 52 0.000867
26 -0.172634 78 0.001300
27 -0.164904 56 0.000933
28 -0.157174 75 0.001250
29 -0.149444 139 0.002317
30 -0.141714 192 0.003200
31 -0.133984 191 0.003183
32 -0.126254 156 0.002600
33 -0.118524 193 0.003217
34 -0.110794 154 0.002567
35 -0.103064 195 0.003250
36 -0.095334 266 0.004433
37 -0.087604 467 0.007783
38 -0.079874 621 0.010350
39 -0.072144 524 0.008733
40 -0.064414 390 0.006500
41 -0.056684 395 0.006583
42 -0.048954 590 0.009833
43 -0.041224 880 0.014667
44 -0.033494 1037 0.017283
45 -0.025764 2093 0.034883
46 -0.018034 8044 0.134067
47 -0.010304 27686 0.461433
48 -0.002574 6528 0.108800
49 0.005156 1738 0.028967
50 0.012886 1113 0.018550
51 0.020615 935 0.015583
52 0.028345 723 0.012050
53 0.036075 438 0.007300
54 0.043805 421 0.007017
55 0.051535 431 0.007183
56 0.059265 522 0.008700
57 0.066995 381 0.006350
58 0.074725 306 0.005100
59 0.082455 264 0.004400
60 0.090185 182 0.003033
61 0.097915 151 0.002517
62 0.105645 154 0.002567
63 0.113375 212 0.003533
64 0.121105 278 0.004633
65 0.128835 152 0.002533
66 0.136565 80 0.001333
67 0.144295 70 0.001167
68 0.152025 93 0.001550
69 0.159755 85 0.001417
70 0.167485 57 0.000950
71 0.175215 32 0.000533
72 0.182945 16 0.000267
73 0.190675 9 0.000150
74 0.198405 6 0.000100
75 0.206135 1 0.000017
76 0.213865 2 0.000033
77 0.221595 5 0.000083
78 0.229325 1 0.000017
79 0.237055 1 0.000017
80 0.244785 3 0.000050
81 0.252515 2 0.000033
82 0.260245 0 0.000000
83 0.267975 0 0.000000
84 0.275705 1 0.000017
85 0.283435 2 0.000033
86 0.291165 1 0.000017
87 0.298895 1 0.000017
88 0.306625 1 0.000017
89 0.314355 1 0.000017
90 0.322085 0 0.000000
91 0.329815 0 0.000000
92 0.337545 0 0.000000
93 0.345275 0 0.000000
94 0.353005 0 0.000000
95 0.360735 0 0.000000
96 0.368465 0 0.000000
97 0.376195 0 0.000000
98 0.383925 1 0.000017
99 0.391655 0 0.000000
