0 -0.373614 2 0.000100
1 -0.365884 0 0.000000
2 -0.358154 0 0.000000
3 -0.350424 0 0.000000
4 -0.342694 0 0.000000
5 -0.334964 0 0.000000
6 -0.327234 0 0.000000
7 -0.319504 2 0.000100
8 -0.311774 0 0.000000
9 -0.304044 1 0.000050
10 -0.296314 3 0.000150
11 -0.288584 3 0.000150
12 -0.280854 4 0.000200
13 -0.273124 3 0.000150
14 -0.265394 2 0.000100
15 -0.257664 3 0.000150
16 -0.249934 1 0.000050
17 -0.242204 3 0.000150
18 -0.234474 6 0.000300
19 -0.226744 2 0.000100
20 -0.219014 6 0.000300
21 -0.211284 10 0.000500
22 -0.203554 17 0.000850
23 -0.195824 17 0.000850
24 -0.188094 41 0.002050
25 -0.180364 52 0.002600
26 -0.172634 78 0.003900
27 -0.164904 56 0.002800
28 -0.157174 75 0.003750
29 -0.149444 139 0.006950
30 -0.141714 189 0.009450
31 -0.133984 191 0.009550
32 -0.126254 156 0.007800
33 -0.118524 192 0.009600
34 -0.110794 153 0.007650
35 -0.103064 192 0.009600
36 -0.095334 261 0.013050
37 -0.087604 459 0.022950
38 -0.079874 605 0.030250
39 -0.072144 508 0.025400
40 -0.064414 350 0.017500
41 -0.056684 339 0.016950
42 -0.048954 478 0.023900
43 -0.041224 660 0.033000
44 -0.033494 559 0.027950
45 -0.025764 514 0.025700
46 -0.018034 1080 0.054000
47 -0.010304 4011 0.200550
48 -0.002574 1612 0.080600
49 0.005156 618 0.030900
50 0.012886 704 0.035200
51 0.020615 744 0.037200
52 0.028345 656 0.032800
53 0.036075 385 0.019250
54 0.043805 390 0.019500
55 0.051535 416 0.020800
56 0.059265 513 0.025650
57 0.066995 377 0.018850
58 0.074725 302 0.015100
59 0.082455 262 0.013100
60 0.090185 181 0.009050
61 0.097915 150 0.007500
62 0.105645 154 0.007700
63 0.113375 212 0.010600
64 0.121105 278 0.013900
65 0.128835 152 0.007600
66 0.136565 80 0.004000
67 0.144295 70 0.003500
68 0.152025 93 0.004650
69 0.159755 85 0.004250
70 0.167485 57 0.002850
71 0.175215 32 0.001600
72 0.182945 16 0.000800
73 0.190675 9 0.000450
74 0.198405 6 0.000300
75 0.206135 1 0.000050
76 0.213865 2 0.000100
77 0.221595 5 0.000250
78 0.229325 1 0.000050
79 0.237055 1 0.000050
80 0.244785 3 0.000150
81 0.252515 2 0.000100
82 0.260245 0 0.000000
83 0.267975 0 0.000000
84 0.275705 1 0.000050
85 0.283435 2 0.000100
86 0.291165 1 0.000050
87 0.298895 1 0.000050
88 0.306625 1 0.000050
89 0.314355 1 0.000050
90 0.322085 0 0.000000
91 0.329815 0 0.000000
92 0.337545 0 0.000000
93 0.345275 0 0.000000
94 0.353005 0 0.000000
95 0.360735 0 0.000000
96 0.368465 0 0.000000
97 0.376195 0 0.000000
98 0.383925 1 0.000050
99 0.391655 0 0.000000
