0 -0.112579 1 0.000050
1 -0.110739 0 0.000000
2 -0.108898 0 0.000000
3 -0.107057 0 0.000000
4 -0.105216 0 0.000000
5 -0.103376 1 0.000050
6 -0.101535 0 0.000000
7 -0.099694 0 0.000000
8 -0.097853 0 0.000000
9 -0.096013 0 0.000000
10 -0.094172 1 0.000050
11 -0.092331 0 0.000000
12 -0.090491 0 0.000000
13 -0.088650 0 0.000000
14 -0.086809 0 0.000000
15 -0.084968 1 0.000050
16 -0.083128 0 0.000000
17 -0.081287 1 0.000050
18 -0.079446 1 0.000050
19 -0.077605 2 0.000100
20 -0.075765 1 0.000050
21 -0.073924 2 0.000100
22 -0.072083 1 0.000050
23 -0.070243 2 0.000100
24 -0.068402 2 0.000100
25 -0.066561 1 0.000050
26 -0.064720 2 0.000100
27 -0.062880 2 0.000100
28 -0.061039 5 0.000250
29 -0.059198 8 0.000400
30 -0.057357 2 0.000100
31 -0.055517 4 0.000200
32 -0.053676 6 0.000300
33 -0.051835 16 0.000800
34 -0.049994 13 0.000650
35 -0.048154 11 0.000550
36 -0.046313 13 0.000650
37 -0.044472 16 0.000800
38 -0.042632 24 0.001200
39 -0.040791 19 0.000950
40 -0.038950 9 0.000450
41 -0.037109 26 0.001300
42 -0.035269 43 0.002150
43 -0.033428 39 0.001950
44 -0.031587 46 0.002300
45 -0.029746 53 0.002650
46 -0.027906 80 0.004000
47 -0.026065 91 0.004550
48 -0.024224 149 0.007450
49 -0.022383 200 0.010000
50 -0.020543 307 0.015350
51 -0.018702 392 0.019600
52 -0.016861 556 0.027800
53 -0.015021 769 0.038450
54 -0.013180 1239 0.061950
55 -0.011339 1845 0.092250
56 -0.009498 2692 0.134600
57 -0.007658 3312 0.165600
58 -0.005817 2783 0.139150
59 -0.003976 1744 0.087200
60 -0.002135 1012 0.050600
61 -0.000295 653 0.032650
62 0.001546 449 0.022450
63 0.003387 324 0.016200
64 0.005228 237 0.011850
65 0.007068 158 0.007900
66 0.008909 119 0.005950
67 0.010750 104 0.005200
68 0.012590 79 0.003950
69 0.014431 42 0.002100
70 0.016272 41 0.002050
71 0.018113 40 0.002000
72 0.019953 40 0.002000
73 0.021794 29 0.001450
74 0.023635 23 0.001150
75 0.025476 22 0.001100
76 0.027316 6 0.000300
77 0.029157 7 0.000350
78 0.030998 10 0.000500
79 0.032839 5 0.000250
80 0.034679 12 0.000600
81 0.036520 9 0.000450
82 0.038361 7 0.000350
83 0.040201 9 0.000450
84 0.042042 4 0.000200
85 0.043883 6 0.000300
86 0.045724 2 0.000100
87 0.047564 6 0.000300
88 0.049405 1 0.000050
89 0.051246 4 0.000200
90 0.053087 1 0.000050
91 0.054927 0 0.000000
92 0.056768 1 0.000050
93 0.058609 0 0.000000
94 0.060449 0 0.000000
95 0.062290 1 0.000050
96 0.064131 1 0.000050
97 0.065972 1 0.000050
98 0.067812 1 0.000050
99 0.069653 1 0.000050
