0 0.011833 2 0.000100
1 0.021544 4 0.000200
2 0.031255 3 0.000150
3 0.040966 3 0.000150
4 0.050677 7 0.000350
5 0.060388 11 0.000550
6 0.070099 8 0.000400
7 0.079810 16 0.000800
8 0.089521 8 0.000400
9 0.099232 12 0.000600
10 0.108943 6 0.000300
11 0.118654 9 0.000450
12 0.128365 14 0.000700
13 0.138076 10 0.000500
14 0.147787 10 0.000500
15 0.157498 20 0.001000
16 0.167209 10 0.000500
17 0.176920 19 0.000950
18 0.186631 26 0.001300
19 0.196342 14 0.000700
20 0.206053 36 0.001800
21 0.215764 25 0.001250
22 0.225475 34 0.001700
23 0.235186 19 0.000950
24 0.244897 30 0.001500
25 0.254608 37 0.001850
26 0.264319 37 0.001850
27 0.274030 51 0.002550
28 0.283741 74 0.003700
29 0.293452 69 0.003450
30 0.303163 57 0.002850
31 0.312874 74 0.003700
32 0.322585 77 0.003850
33 0.332296 100 0.005000
34 0.342007 81 0.004050
35 0.351718 85 0.004250
36 0.361429 126 0.006300
37 0.371140 126 0.006300
38 0.380851 154 0.007700
39 0.390562 161 0.008050
40 0.400274 207 0.010350
41 0.409985 239 0.011950
42 0.419696 270 0.013500
43 0.429407 315 0.015750
44 0.439118 370 0.018500
45 0.448829 531 0.026550
46 0.458540 671 0.033550
47 0.468251 909 0.045450
48 0.477962 1357 0.067850
49 0.487673 2692 0.134600
50 0.497384 3177 0.158850
51 0.507095 1925 0.096250
52 0.516806 1042 0.052100
53 0.526517 746 0.037300
54 0.536228 490 0.024500
55 0.545939 405 0.020250
56 0.555650 398 0.019900
57 0.565361 347 0.017350
58 0.575072 316 0.015800
59 0.584783 205 0.010250
60 0.594494 155 0.007750
61 0.604205 144 0.007200
62 0.613916 171 0.008550
63 0.623627 119 0.005950
64 0.633338 122 0.006100
65 0.643049 91 0.004550
66 0.652760 110 0.005500
67 0.662471 69 0.003450
68 0.672182 94 0.004700
69 0.681893 78 0.003900
70 0.691604 56 0.002800
71 0.701315 33 0.001650
72 0.711026 36 0.001800
73 0.720737 34 0.001700
74 0.730448 24 0.001200
75 0.740159 25 0.001250
76 0.749870 30 0.001500
77 0.759581 23 0.001150
78 0.769292 31 0.001550
79 0.779003 25 0.001250
80 0.788714 30 0.001500
81 0.798425 13 0.000650
82 0.808136 17 0.000850
83 0.817847 19 0.000950
84 0.827558 18 0.000900
85 0.837269 19 0.000950
86 0.846980 14 0.000700
87 0.856691 12 0.000600
88 0.866402 6 0.000300
89 0.876113 8 0.000400
90 0.885825 11 0.000550
91 0.895536 11 0.000550
92 0.905246 10 0.000500
93 0.914958 15 0.000750
94 0.924669 16 0.000800
95 0.934380 14 0.000700
96 0.944091 5 0.000250
97 0.953802 3 0.000150
98 0.963513 11 0.000550
99 0.973224 1 0.000050
