0 -0.000736 1 0.000050
1 0.009306 2 0.000100
2 0.019347 0 0.000000
3 0.029388 2 0.000100
4 0.039430 6 0.000300
5 0.049471 2 0.000100
6 0.059513 6 0.000300
7 0.069554 0 0.000000
8 0.079595 22 0.001100
9 0.089637 0 0.000000
10 0.099678 8 0.000400
11 0.109720 11 0.000550
12 0.119761 19 0.000950
13 0.129802 20 0.001000
14 0.139844 23 0.001150
15 0.149885 7 0.000350
16 0.159927 12 0.000600
17 0.169968 19 0.000950
18 0.180009 14 0.000700
19 0.190051 35 0.001750
20 0.200092 27 0.001350
21 0.210134 25 0.001250
22 0.220175 14 0.000700
23 0.230216 28 0.001400
24 0.240258 15 0.000750
25 0.250299 37 0.001850
26 0.260341 34 0.001700
27 0.270382 53 0.002650
28 0.280423 71 0.003550
29 0.290465 60 0.003000
30 0.300506 71 0.003550
31 0.310548 70 0.003500
32 0.320589 72 0.003600
33 0.330630 68 0.003400
34 0.340672 68 0.003400
35 0.350713 94 0.004700
36 0.360755 149 0.007450
37 0.370796 128 0.006400
38 0.380837 110 0.005500
39 0.390879 146 0.007300
40 0.400920 240 0.012000
41 0.410962 205 0.010250
42 0.421003 249 0.012450
43 0.431044 301 0.015050
44 0.441086 358 0.017900
45 0.451127 484 0.024200
46 0.461169 633 0.031650
47 0.471210 758 0.037900
48 0.481251 1172 0.058600
49 0.491293 2021 0.101050
50 0.501334 3602 0.180100
51 0.511376 2341 0.117050
52 0.521417 1200 0.060000
53 0.531458 783 0.039150
54 0.541500 603 0.030150
55 0.551541 362 0.018100
56 0.561583 414 0.020700
57 0.571624 388 0.019400
58 0.581665 333 0.016650
59 0.591707 248 0.012400
60 0.601748 162 0.008100
61 0.611790 158 0.007900
62 0.621831 165 0.008250
63 0.631872 137 0.006850
64 0.641914 126 0.006300
65 0.651955 108 0.005400
66 0.661997 84 0.004200
67 0.672038 91 0.004550
68 0.682079 83 0.004150
69 0.692121 62 0.003100
70 0.702162 59 0.002950
71 0.712204 35 0.001750
72 0.722245 27 0.001350
73 0.732286 52 0.002600
74 0.742328 12 0.000600
75 0.752369 35 0.001750
76 0.762411 38 0.001900
77 0.772452 25 0.001250
78 0.782493 38 0.001900
79 0.792535 30 0.001500
80 0.802576 10 0.000500
81 0.812618 21 0.001050
82 0.822659 24 0.001200
83 0.832700 26 0.001300
84 0.842742 8 0.000400
85 0.852783 17 0.000850
86 0.862825 8 0.000400
87 0.872866 6 0.000300
88 0.882907 12 0.000600
89 0.892949 23 0.001150
90 0.902990 3 0.000150
91 0.913032 20 0.001000
92 0.923073 7 0.000350
93 0.933114 2 0.000100
94 0.943156 20 0.001000
95 0.953197 18 0.000900
96 0.963239 0 0.000000
97 0.973280 0 0.000000
98 0.983321 3 0.000150
99 0.993363 1 0.000050
