0 -0.000736 1 0.000017
1 0.009429 2 0.000033
2 0.019594 7 0.000117
3 0.029759 6 0.000100
4 0.039923 11 0.000183
5 0.050088 16 0.000267
6 0.060253 8 0.000133
7 0.070418 7 0.000117
8 0.080583 19 0.000317
9 0.090748 1 0.000017
10 0.100912 9 0.000150
11 0.111077 17 0.000283
12 0.121242 31 0.000517
13 0.131407 32 0.000533
14 0.141572 20 0.000333
15 0.151737 16 0.000267
16 0.161901 17 0.000283
17 0.172066 23 0.000383
18 0.182231 14 0.000233
19 0.192396 30 0.000500
20 0.202561 38 0.000633
21 0.212726 25 0.000417
22 0.222890 24 0.000400
23 0.233055 32 0.000533
24 0.243220 30 0.000500
25 0.253385 68 0.001133
26 0.263550 55 0.000917
27 0.273715 89 0.001483
28 0.283879 121 0.002017
29 0.294044 113 0.001883
30 0.304209 99 0.001650
31 0.314374 199 0.003317
32 0.324539 262 0.004367
33 0.334704 175 0.002917
34 0.344868 156 0.002600
35 0.355033 117 0.001950
36 0.365198 164 0.002733
37 0.375363 133 0.002217
38 0.385528 187 0.003117
39 0.395693 161 0.002683
40 0.405857 246 0.004100
41 0.416022 281 0.004683
42 0.426187 344 0.005733
43 0.436352 395 0.006583
44 0.446517 656 0.010933
45 0.456682 760 0.012667
46 0.466846 1096 0.018267
47 0.477011 1646 0.027433
48 0.487176 3557 0.059283
49 0.497341 11718 0.195300
50 0.507506 8773 0.146217
51 0.517671 3179 0.052983
52 0.527835 1538 0.025633
53 0.538000 1179 0.019650
54 0.548165 914 0.015233
55 0.558330 917 0.015283
56 0.568495 990 0.016500
57 0.578660 1415 0.023583
58 0.588824 2551 0.042517
59 0.598989 2763 0.046050
60 0.609154 1590 0.026500
61 0.619319 1108 0.018467
62 0.629484 830 0.013833
63 0.639649 635 0.010583
64 0.649813 452 0.007533
65 0.659978 394 0.006567
66 0.670143 355 0.005917
67 0.680308 232 0.003867
68 0.690473 276 0.004600
69 0.700638 230 0.003833
70 0.710802 159 0.002650
71 0.720967 215 0.003583
72 0.731132 194 0.003233
73 0.741297 168 0.002800
74 0.751462 190 0.003167
75 0.761627 229 0.003817
76 0.771791 181 0.003017
77 0.781956 241 0.004017
78 0.792121 235 0.003917
79 0.802286 135 0.002250
80 0.812451 159 0.002650
81 0.822616 198 0.003300
82 0.832780 228 0.003800
83 0.842945 248 0.004133
84 0.853110 364 0.006067
85 0.863275 377 0.006283
86 0.873440 512 0.008533
87 0.883605 358 0.005967
88 0.893769 335 0.005583
89 0.903934 249 0.004150
90 0.914099 291 0.004850
91 0.924264 369 0.006150
92 0.934429 302 0.005033
93 0.944594 250 0.004167
94 0.954758 139 0.002317
95 0.964923 54 0.000900
96 0.975088 32 0.000533
97 0.985253 17 0.000283
98 0.995418 14 0.000233
99 1.005583 2 0.000033
