0 0.125931 1 0.000050
1 0.133618 0 0.000000
2 0.141304 0 0.000000
3 0.148990 0 0.000000
4 0.156676 0 0.000000
5 0.164362 0 0.000000
6 0.172049 0 0.000000
7 0.179735 0 0.000000
8 0.187421 0 0.000000
9 0.195107 0 0.000000
10 0.202794 1 0.000050
11 0.210480 2 0.000100
12 0.218166 9 0.000450
13 0.225852 6 0.000300
14 0.233538 3 0.000150
15 0.241225 0 0.000000
16 0.248911 2 0.000100
17 0.256597 2 0.000100
18 0.264283 0 0.000000
19 0.271969 1 0.000050
20 0.279656 1 0.000050
21 0.287342 3 0.000150
22 0.295028 13 0.000650
23 0.302714 25 0.001250
24 0.310401 35 0.001750
25 0.318087 55 0.002750
26 0.325773 83 0.004150
27 0.333459 49 0.002450
28 0.341145 47 0.002350
29 0.348832 45 0.002250
30 0.356518 123 0.006150
31 0.364204 133 0.006650
32 0.371890 306 0.015300
33 0.379576 158 0.007900
34 0.387263 157 0.007850
35 0.394949 140 0.007000
36 0.402635 216 0.010800
37 0.410321 299 0.014950
38 0.418007 367 0.018350
39 0.425694 883 0.044150
40 0.433380 457 0.022850
41 0.441066 348 0.017400
42 0.448752 327 0.016350
43 0.456439 524 0.026200
44 0.464125 650 0.032500
45 0.471811 712 0.035600
46 0.479497 506 0.025300
47 0.487183 603 0.030150
48 0.494870 3659 0.182950
49 0.502556 1612 0.080600
50 0.510242 638 0.031900
51 0.517928 612 0.030600
52 0.525615 943 0.047150
53 0.533301 641 0.032050
54 0.540987 417 0.020850
55 0.548673 356 0.017800
56 0.556359 450 0.022500
57 0.564046 434 0.021700
58 0.571732 608 0.030400
59 0.579418 286 0.014300
60 0.587104 288 0.014400
61 0.594790 186 0.009300
62 0.602477 222 0.011100
63 0.610163 180 0.009000
64 0.617849 181 0.009050
65 0.625535 397 0.019850
66 0.633222 127 0.006350
67 0.640908 73 0.003650
68 0.648594 56 0.002800
69 0.656280 88 0.004400
70 0.663966 47 0.002350
71 0.671653 99 0.004950
72 0.679339 33 0.001650
73 0.687025 16 0.000800
74 0.694711 13 0.000650
75 0.702397 21 0.001050
76 0.710084 8 0.000400
77 0.717770 0 0.000000
78 0.725456 0 0.000000
79 0.733142 0 0.000000
80 0.740828 0 0.000000
81 0.748515 0 0.000000
82 0.756201 1 0.000050
83 0.763887 1 0.000050
84 0.771573 1 0.000050
85 0.779260 1 0.000050
86 0.786946 2 0.000100
87 0.794632 6 0.000300
88 0.802318 3 0.000150
89 0.810004 1 0.000050
90 0.817691 0 0.000000
91 0.825377 0 0.000000
92 0.833063 0 0.000000
93 0.840749 0 0.000000
94 0.848435 0 0.000000
95 0.856122 0 0.000000
96 0.863808 0 0.000000
97 0.871494 0 0.000000
98 0.879180 0 0.000000
99 0.886867 1 0.000050
