0 0.014612 7 0.000350
1 0.024562 6 0.000300
2 0.034512 7 0.000350
3 0.044462 3 0.000150
4 0.054413 3 0.000150
5 0.064363 3 0.000150
6 0.074313 3 0.000150
7 0.084263 8 0.000400
8 0.094213 2 0.000100
9 0.104163 7 0.000350
10 0.114114 8 0.000400
11 0.124064 2 0.000100
12 0.134014 0 0.000000
13 0.143964 2 0.000100
14 0.153914 4 0.000200
15 0.163865 8 0.000400
16 0.173815 3 0.000150
17 0.183765 2 0.000100
18 0.193715 1 0.000050
19 0.203665 2 0.000100
20 0.213615 1 0.000050
21 0.223566 3 0.000150
22 0.233516 3 0.000150
23 0.243466 22 0.001100
24 0.253416 23 0.001150
25 0.263366 25 0.001250
26 0.273317 41 0.002050
27 0.283267 28 0.001400
28 0.293217 29 0.001450
29 0.303167 38 0.001900
30 0.313117 132 0.006600
31 0.323068 132 0.006600
32 0.333018 148 0.007400
33 0.342968 83 0.004150
34 0.352918 20 0.001000
35 0.362868 16 0.000800
36 0.372818 22 0.001100
37 0.382769 16 0.000800
38 0.392719 13 0.000650
39 0.402669 33 0.001650
40 0.412619 30 0.001500
41 0.422569 34 0.001700
42 0.432520 24 0.001200
43 0.442470 38 0.001900
44 0.452420 68 0.003400
45 0.462370 51 0.002550
46 0.472320 71 0.003550
47 0.482270 95 0.004750
48 0.492221 120 0.006000
49 0.502171 112 0.005600
50 0.512121 121 0.006050
51 0.522071 165 0.008250
52 0.532021 209 0.010450
53 0.541972 297 0.014850
54 0.551922 411 0.020550
55 0.561872 508 0.025400
56 0.571822 1070 0.053500
57 0.581772 1918 0.095900
58 0.591722 2707 0.135350
59 0.601673 1305 0.065250
60 0.611623 1005 0.050250
61 0.621573 796 0.039800
62 0.631523 494 0.024700
63 0.641473 340 0.017000
64 0.651424 328 0.016400
65 0.661374 253 0.012650
66 0.671324 218 0.010900
67 0.681274 168 0.008400
68 0.691224 181 0.009050
69 0.701174 155 0.007750
70 0.711125 162 0.008100
71 0.721075 130 0.006500
72 0.731025 164 0.008200
73 0.740975 171 0.008550
74 0.750925 161 0.008050
75 0.760876 167 0.008350
76 0.770826 205 0.010250
77 0.780776 159 0.007950
78 0.790726 170 0.008500
79 0.800676 157 0.007850
80 0.810627 171 0.008550
81 0.820577 227 0.011350
82 0.830527 235 0.011750
83 0.840477 274 0.013700
84 0.850427 310 0.015500
85 0.860377 483 0.024150
86 0.870328 364 0.018200
87 0.880278 357 0.017850
88 0.890228 282 0.014100
89 0.900178 277 0.013850
90 0.910128 262 0.013100
91 0.920079 342 0.017100
92 0.930029 234 0.011700
93 0.939979 154 0.007700
94 0.949929 74 0.003700
95 0.959879 39 0.001950
96 0.969829 41 0.002050
97 0.979780 22 0.001100
98 0.989730 4 0.000200
99 0.999680 1 0.000050
