0 0.011833 8 0.000133
1 0.021811 10 0.000167
2 0.031789 7 0.000117
3 0.041767 13 0.000217
4 0.051746 7 0.000117
5 0.061724 14 0.000233
6 0.071702 15 0.000250
7 0.081681 20 0.000333
8 0.091659 15 0.000250
9 0.101637 13 0.000217
10 0.111615 17 0.000283
11 0.121594 13 0.000217
12 0.131572 16 0.000267
13 0.141550 13 0.000217
14 0.151528 11 0.000183
15 0.161507 25 0.000417
16 0.171485 22 0.000367
17 0.181463 22 0.000367
18 0.191441 27 0.000450
19 0.201420 32 0.000533
20 0.211398 31 0.000517
21 0.221376 47 0.000783
22 0.231354 30 0.000500
23 0.241333 37 0.000617
24 0.251311 72 0.001200
25 0.261289 66 0.001100
26 0.271267 88 0.001467
27 0.281246 97 0.001617
28 0.291224 113 0.001883
29 0.301202 117 0.001950
30 0.311180 264 0.004400
31 0.321159 277 0.004617
32 0.331137 330 0.005500
33 0.341115 236 0.003933
34 0.351093 222 0.003700
35 0.361072 316 0.005267
36 0.371050 505 0.008417
37 0.381028 369 0.006150
38 0.391006 378 0.006300
39 0.400985 534 0.008900
40 0.410963 645 0.010750
41 0.420941 1156 0.019267
42 0.430919 1118 0.018633
43 0.440898 896 0.014933
44 0.450876 1173 0.019550
45 0.460854 1541 0.025683
46 0.470832 1999 0.033317
47 0.480811 2472 0.041200
48 0.490789 4298 0.071633
49 0.500767 7640 0.127333
50 0.510746 2504 0.041733
51 0.520724 2096 0.034933
52 0.530702 1789 0.029817
53 0.540680 1261 0.021017
54 0.550659 1282 0.021367
55 0.560637 1450 0.024167
56 0.570615 2000 0.033333
57 0.580593 2568 0.042800
58 0.590572 3137 0.052283
59 0.600550 1877 0.031283
60 0.610528 1377 0.022950
61 0.620506 1416 0.023600
62 0.630485 837 0.013950
63 0.640463 568 0.009467
64 0.650441 524 0.008733
65 0.660419 403 0.006717
66 0.670398 436 0.007267
67 0.680376 300 0.005000
68 0.690354 254 0.004233
69 0.700332 214 0.003567
70 0.710311 200 0.003333
71 0.720289 171 0.002850
72 0.730267 194 0.003233
73 0.740245 195 0.003250
74 0.750224 188 0.003133
75 0.760202 191 0.003183
76 0.770180 233 0.003883
77 0.780158 197 0.003283
78 0.790137 208 0.003467
79 0.800115 167 0.002783
80 0.810093 193 0.003217
81 0.820071 250 0.004167
82 0.830050 258 0.004300
83 0.840028 282 0.004700
84 0.850006 324 0.005400
85 0.859985 483 0.008050
86 0.869963 387 0.006450
87 0.879941 365 0.006083
88 0.889919 297 0.004950
89 0.899898 286 0.004767
90 0.909876 278 0.004633
91 0.919854 361 0.006017
92 0.929832 253 0.004217
93 0.939811 161 0.002683
94 0.949789 78 0.001300
95 0.959767 44 0.000733
96 0.969745 48 0.000800
97 0.979724 23 0.000383
98 0.989702 5 0.000083
99 0.999680 0 0.000000
