0 0.416329 1 0.000050
1 0.418351 0 0.000000
2 0.420372 1 0.000050
3 0.422394 3 0.000150
4 0.424416 4 0.000200
5 0.426438 2 0.000100
6 0.428459 3 0.000150
7 0.430481 0 0.000000
8 0.432503 7 0.000350
9 0.434525 16 0.000800
10 0.436547 12 0.000600
11 0.438568 4 0.000200
12 0.440590 7 0.000350
13 0.442612 30 0.001500
14 0.444634 19 0.000950
15 0.446655 35 0.001750
16 0.448677 5 0.000250
17 0.450699 24 0.001200
18 0.452721 20 0.001000
19 0.454742 49 0.002450
20 0.456764 33 0.001650
21 0.458786 42 0.002100
22 0.460808 44 0.002200
23 0.462830 41 0.002050
24 0.464851 33 0.001650
25 0.466873 23 0.001150
26 0.468895 40 0.002000
27 0.470917 65 0.003250
28 0.472938 64 0.003200
29 0.474960 98 0.004900
30 0.476982 103 0.005150
31 0.479004 94 0.004700
32 0.481025 127 0.006350
33 0.483047 72 0.003600
34 0.485069 206 0.010300
35 0.487091 184 0.009200
36 0.489113 228 0.011400
37 0.491134 425 0.021250
38 0.493156 475 0.023750
39 0.495178 606 0.030300
40 0.497200 839 0.041950
41 0.499221 1235 0.061750
42 0.501243 1573 0.078650
43 0.503265 1902 0.095100
44 0.505287 2382 0.119100
45 0.507308 2321 0.116050
46 0.509330 1439 0.071950
47 0.511352 1023 0.051150
48 0.513374 715 0.035750
49 0.515396 562 0.028100
50 0.517417 437 0.021850
51 0.519439 400 0.020000
52 0.521461 279 0.013950
53 0.523483 208 0.010400
54 0.525504 166 0.008300
55 0.527526 154 0.007700
56 0.529548 114 0.005700
57 0.531570 85 0.004250
58 0.533591 69 0.003450
59 0.535613 74 0.003700
60 0.537635 62 0.003100
61 0.539657 70 0.003500
62 0.541679 61 0.003050
63 0.543700 32 0.001600
64 0.545722 40 0.002000
65 0.547744 51 0.002550
66 0.549766 33 0.001650
67 0.551787 29 0.001450
68 0.553809 54 0.002700
69 0.555831 18 0.000900
70 0.557853 30 0.001500
71 0.559874 27 0.001350
72 0.561896 18 0.000900
73 0.563918 27 0.001350
74 0.565940 22 0.001100
75 0.567962 29 0.001450
76 0.569983 23 0.001150
77 0.572005 14 0.000700
78 0.574027 5 0.000250
79 0.576049 31 0.001550
80 0.578070 14 0.000700
81 0.580092 13 0.000650
82 0.582114 8 0.000400
83 0.584136 7 0.000350
84 0.586157 4 0.000200
85 0.588179 13 0.000650
86 0.590201 10 0.000500
87 0.592223 5 0.000250
88 0.594245 4 0.000200
89 0.596266 2 0.000100
90 0.598288 0 0.000000
91 0.600310 0 0.000000
92 0.602332 5 0.000250
93 0.604353 1 0.000050
94 0.606375 10 0.000500
95 0.608397 0 0.000000
96 0.610419 0 0.000000
97 0.612440 0 0.000000
98 0.614462 2 0.000100
99 0.616484 4 0.000200
