0 0.025510 7 0.000350
1 0.035410 5 0.000250
2 0.045310 15 0.000750
3 0.055209 3 0.000150
4 0.065109 2 0.000100
5 0.075009 1 0.000050
6 0.084909 3 0.000150
7 0.094808 0 0.000000
8 0.104708 5 0.000250
9 0.114608 15 0.000750
10 0.124508 0 0.000000
11 0.134407 2 0.000100
12 0.144307 6 0.000300
13 0.154207 10 0.000500
14 0.164106 4 0.000200
15 0.174006 0 0.000000
16 0.183906 0 0.000000
17 0.193806 0 0.000000
18 0.203705 10 0.000500
19 0.213605 0 0.000000
20 0.223505 0 0.000000
21 0.233404 13 0.000650
22 0.243304 5 0.000250
23 0.253204 28 0.001400
24 0.263104 28 0.001400
25 0.273003 30 0.001500
26 0.282903 39 0.001950
27 0.292803 46 0.002300
28 0.302702 18 0.000900
29 0.312602 101 0.005050
30 0.322502 194 0.009700
31 0.332402 144 0.007200
32 0.342301 64 0.003200
33 0.352201 11 0.000550
34 0.362101 10 0.000500
35 0.372001 33 0.001650
36 0.381900 15 0.000750
37 0.391800 12 0.000600
38 0.401700 12 0.000600
39 0.411599 46 0.002300
40 0.421499 20 0.001000
41 0.431399 24 0.001200
42 0.441299 36 0.001800
43 0.451198 47 0.002350
44 0.461098 70 0.003500
45 0.470998 35 0.001750
46 0.480897 82 0.004100
47 0.490797 120 0.006000
48 0.500697 100 0.005000
49 0.510597 110 0.005500
50 0.520496 126 0.006300
51 0.530396 163 0.008150
52 0.540296 270 0.013500
53 0.550195 309 0.015450
54 0.560095 409 0.020450
55 0.569995 529 0.026450
56 0.579895 1035 0.051750
57 0.589794 2344 0.117200
58 0.599694 2426 0.121300
59 0.609594 1341 0.067050
60 0.619493 913 0.045650
61 0.629393 696 0.034800
62 0.639293 473 0.023650
63 0.649193 351 0.017550
64 0.659092 326 0.016300
65 0.668992 229 0.011450
66 0.678892 164 0.008200
67 0.688792 208 0.010400
68 0.698691 162 0.008100
69 0.708591 144 0.007200
70 0.718491 161 0.008050
71 0.728390 119 0.005950
72 0.738290 182 0.009100
73 0.748190 134 0.006700
74 0.758090 173 0.008650
75 0.767989 157 0.007850
76 0.777889 174 0.008700
77 0.787789 197 0.009850
78 0.797688 133 0.006650
79 0.807588 169 0.008450
80 0.817488 137 0.006850
81 0.827388 204 0.010200
82 0.837287 164 0.008200
83 0.847187 314 0.015700
84 0.857087 323 0.016150
85 0.866986 399 0.019950
86 0.876886 448 0.022400
87 0.886786 322 0.016100
88 0.896686 313 0.015650
89 0.906585 254 0.012700
90 0.916485 260 0.013000
91 0.926385 370 0.018500
92 0.936285 262 0.013100
93 0.946184 216 0.010800
94 0.956084 112 0.005600
95 0.965984 43 0.002150
96 0.975883 32 0.001600
97 0.985783 13 0.000650
98 0.995683 14 0.000700
99 1.005583 2 0.000100
